2020-10-09 22:35:10.730 DEBUG --- [restartedMain] org.apache.ibatis.logging.LogFactory Line:105 - Logging initialized using 'class org.apache.ibatis.logging.slf4j.Slf4jImpl' adapter.
2020-10-09 22:47:02.754 DEBUG --- [restartedMain] org.apache.ibatis.logging.LogFactory Line:105 - Logging initialized using 'class org.apache.ibatis.logging.slf4j.Slf4jImpl' adapter.
2020-10-09 22:54:31.818 DEBUG --- [restartedMain] org.apache.ibatis.logging.LogFactory Line:105 - Logging initialized using 'class org.apache.ibatis.logging.slf4j.Slf4jImpl' adapter.
2020-10-09 22:55:16.721 DEBUG --- [http-nio-8762-exec-1] com.vtu.mapper.CustomerMapper.selectByAuthCode Line:143 - ==>  Preparing: select account_id, account, password, name, phone, id_card, remain, is_vip, is_shoper, email, email_send_time,wxId, qqId,authCode,isAuth, sex,header_image_url,head_portrait_url,id_card_url,passport_url,business_liscence_url,protocol_url,shoper_type,shoper_status from tb_customer where authCode = ? 
2020-10-09 22:55:16.757 DEBUG --- [http-nio-8762-exec-1] com.vtu.mapper.CustomerMapper.selectByAuthCode Line:143 - ==> Parameters: 1234(String)
2020-10-09 22:55:16.840 DEBUG --- [http-nio-8762-exec-1] com.vtu.mapper.CustomerMapper.selectByAuthCode Line:143 - <==      Total: 1
2020-10-09 22:55:16.846 DEBUG --- [http-nio-8762-exec-1] com.vtu.mapper.CustomerVipMapper.selectByAccountId Line:143 - ==>  Preparing: select id, account_id, vip_detail_id, start_time, end_time, is_vip from tb_customer_vip where account_id = ? 
2020-10-09 22:55:16.849 DEBUG --- [http-nio-8762-exec-1] com.vtu.mapper.CustomerVipMapper.selectByAccountId Line:143 - ==> Parameters: 12(Long)
2020-10-09 22:55:16.928 DEBUG --- [http-nio-8762-exec-1] com.vtu.mapper.CustomerVipMapper.selectByAccountId Line:143 - <==      Total: 0
2020-10-09 22:55:16.929 DEBUG --- [http-nio-8762-exec-1] com.vtu.mapper.CustomerMapper.updateByPrimaryKey Line:143 - ==>  Preparing: update tb_customer set account = ?, password = ?, name = ?, sex = ?, phone = ?, id_card = ?, remain = ?, is_vip = ?, is_shoper = ?, email = ?, email_send_time = ?, wxId = ?, qqId = ?, authCode = ?, isAuth = ?, header_image_url = ?, head_portrait_url = ?, id_card_url = ?, passport_url = ?, business_liscence_url = ?, protocol_url = ?, shoper_type = ?, shoper_status = ? where account_id = ? 
2020-10-09 22:55:16.933 DEBUG --- [http-nio-8762-exec-1] com.vtu.mapper.CustomerMapper.updateByPrimaryKey Line:143 - ==> Parameters: VT20191105001621984(String), null, whh(String), 男(String), 1511485465235(String), https://vtuweb.oss-cn-beijing.aliyuncs.com/sign/personalSign/1602169747598/headerImage/星云.jpg(String), 76(BigDecimal), null, null, 35114854657@163.com(String), 2019-11-05 00:16:21:982(String), null, null, 1234(String), true(String), https://vtuweb.oss-cn-beijing.aliyuncs.com/temps/tempOutput/1601754158500/headerImage/科技背景.jpg(String), blog/2020-05-05/cf7d92441aae405e9462d96f88587db8-image_00002.jpg(String), https://vtuweb.oss-cn-beijing.aliyuncs.com/sign/personalSign/1602169988291/headerImage/冰岛.jpg(String), https://vtuweb.oss-cn-beijing.aliyuncs.com/sign/personalSign/1602169227993/headerImage/儿童.jpg(String), null, https://vtuweb.oss-cn-beijing.aliyuncs.com/sign/personalSign/1602169228422/headerImage/美食MG.jpg(String), null, auditing(String), 12(Long)
2020-10-09 22:55:17.016 DEBUG --- [http-nio-8762-exec-1] com.vtu.mapper.CustomerMapper.updateByPrimaryKey Line:143 - <==    Updates: 1
2020-10-09 22:55:19.942 DEBUG --- [http-nio-8762-exec-3] com.vtu.mapper.WorksMapper.getWorksByCondition_COUNT Line:143 - ==>  Preparing: select count(0) from (SELECT w.* FROM tb_works w WHERE w.status LIKE concat('%',?,'%') and w.type LIKE concat('%',?,'%') and (w.is_del IS NULL || length(w.is_del)!=0) ORDER BY w.works_id desc) tmp_count 
2020-10-09 22:55:19.944 DEBUG --- [http-nio-8762-exec-3] com.vtu.mapper.WorksMapper.getWorksByCondition_COUNT Line:143 - ==> Parameters: pass(String), 1(String)
2020-10-09 22:55:19.993 DEBUG --- [http-nio-8762-exec-3] com.vtu.mapper.WorksMapper.getWorksByCondition_COUNT Line:143 - <==      Total: 1
2020-10-09 22:55:20.001 DEBUG --- [http-nio-8762-exec-3] com.vtu.mapper.WorksMapper.getWorksByCondition Line:143 - ==>  Preparing: SELECT w.* FROM tb_works w WHERE w.status LIKE concat('%',?,'%') and w.type LIKE concat('%',?,'%') and (w.is_del IS NULL || length(w.is_del)!=0) ORDER BY w.works_id desc LIMIT ? 
2020-10-09 22:55:20.010 DEBUG --- [http-nio-8762-exec-3] com.vtu.mapper.WorksMapper.getWorksByCondition Line:143 - ==> Parameters: pass(String), 1(String), 4(Integer)
2020-10-09 22:55:20.057 DEBUG --- [http-nio-8762-exec-3] com.vtu.mapper.WorksMapper.getWorksByCondition Line:143 - <==      Total: 1
2020-10-09 22:55:20.058 DEBUG --- [http-nio-8762-exec-4] com.vtu.mapper.WorksMapper.getWorksByCondition_COUNT Line:143 - ==>  Preparing: select count(0) from (SELECT w.* FROM tb_works w WHERE w.status LIKE concat('%',?,'%') and w.type LIKE concat('%',?,'%') and (w.is_del IS NULL || length(w.is_del)!=0) ORDER BY w.works_id desc) tmp_count 
2020-10-09 22:55:20.060 DEBUG --- [http-nio-8762-exec-4] com.vtu.mapper.WorksMapper.getWorksByCondition_COUNT Line:143 - ==> Parameters: pass(String), 3(String)
2020-10-09 22:55:20.101 DEBUG --- [http-nio-8762-exec-4] com.vtu.mapper.WorksMapper.getWorksByCondition_COUNT Line:143 - <==      Total: 1
2020-10-09 22:55:20.101 DEBUG --- [http-nio-8762-exec-2] com.vtu.mapper.WorksMapper.getWorksByCondition_COUNT Line:143 - ==>  Preparing: select count(0) from (SELECT w.* FROM tb_works w WHERE w.status LIKE concat('%',?,'%') and w.type LIKE concat('%',?,'%') and (w.is_del IS NULL || length(w.is_del)!=0) ORDER BY w.works_id desc) tmp_count 
2020-10-09 22:55:20.101 DEBUG --- [http-nio-8762-exec-2] com.vtu.mapper.WorksMapper.getWorksByCondition_COUNT Line:143 - ==> Parameters: pass(String), 2(String)
2020-10-09 22:55:20.147 DEBUG --- [http-nio-8762-exec-2] com.vtu.mapper.WorksMapper.getWorksByCondition_COUNT Line:143 - <==      Total: 1
2020-10-09 22:55:31.509 DEBUG --- [http-nio-8762-exec-8] com.vtu.mapper.WorksMapper.getWorksById Line:143 - ==>  Preparing: SELECT * FROM tb_works WHERE works_id = ? 
2020-10-09 22:55:31.510 DEBUG --- [http-nio-8762-exec-8] com.vtu.mapper.WorksMapper.getWorksById Line:143 - ==> Parameters: 167(String)
2020-10-09 22:55:31.558 DEBUG --- [http-nio-8762-exec-8] com.vtu.mapper.WorksMapper.getWorksById Line:143 - <==      Total: 1
2020-10-09 22:55:33.270 DEBUG --- [http-nio-8762-exec-1] com.vtu.mapper.WorksMapper.getWorksByCondition_COUNT Line:143 - ==>  Preparing: select count(0) from (SELECT w.* FROM tb_works w WHERE w.status LIKE concat('%',?,'%') and w.type LIKE concat('%',?,'%') and (w.is_del IS NULL || length(w.is_del)!=0) ORDER BY w.works_id desc) tmp_count 
2020-10-09 22:55:33.272 DEBUG --- [http-nio-8762-exec-1] com.vtu.mapper.WorksMapper.getWorksByCondition_COUNT Line:143 - ==> Parameters: pass(String), 2(String)
2020-10-09 22:55:33.274 DEBUG --- [http-nio-8762-exec-9] com.vtu.mapper.CommentsMapper.selectByWorkId Line:143 - ==>  Preparing: SELECT cp.comment_id cp_comment_id, cp.father_comment_id cp_father_comment_id, cp.works_id cp_works_id, cp.customer_id cp_customer_id, cp.`comment` cp_comment, cp.comment_time cp_comment_time, cp.account_id cp_account_id, cp.`name` cp_account_name, cp.header_image_url cp_header_image_url, ch.comment_id cm_comment_id, ch.father_comment_id cm_father_comment_id, ch.works_id cm_works_id, ch.customer_id cm_customer_id, ch.`comment` cm_comment, ch.comment_time cm_comment_time, ch.account_id cm_account_id, ch.`name` cm_account_name, ch.header_image_url cm_header_image_url FROM ( SELECT * FROM tb_comments cs, tb_customer cm WHERE works_id = ? AND cs.customer_id = cm.account_id AND father_comment_id = 0 ) cp LEFT JOIN ( SELECT * FROM tb_comments cus, tb_customer cm WHERE cus.customer_id = cm.account_id ) ch ON cp.comment_id = ch.father_comment_id 
2020-10-09 22:55:33.277 DEBUG --- [http-nio-8762-exec-9] com.vtu.mapper.CommentsMapper.selectByWorkId Line:143 - ==> Parameters: 167(Long)
2020-10-09 22:55:33.318 DEBUG --- [http-nio-8762-exec-1] com.vtu.mapper.WorksMapper.getWorksByCondition_COUNT Line:143 - <==      Total: 1
2020-10-09 22:55:33.328 DEBUG --- [http-nio-8762-exec-10] com.vtu.mapper.WorksMapper.getWorksByCondition_COUNT Line:143 - ==>  Preparing: select count(0) from (SELECT w.* FROM tb_works w WHERE w.status LIKE concat('%',?,'%') and w.type LIKE concat('%',?,'%') and (w.is_del IS NULL || length(w.is_del)!=0) ORDER BY w.works_id desc) tmp_count 
2020-10-09 22:55:33.338 DEBUG --- [http-nio-8762-exec-10] com.vtu.mapper.WorksMapper.getWorksByCondition_COUNT Line:143 - ==> Parameters: pass(String), 1(String)
2020-10-09 22:55:33.364 DEBUG --- [http-nio-8762-exec-9] com.vtu.mapper.CommentsMapper.selectByWorkId Line:143 - <==      Total: 2
2020-10-09 22:55:33.368 DEBUG --- [http-nio-8762-exec-3] com.vtu.mapper.WorksMapper.getWorksByCondition_COUNT Line:143 - ==>  Preparing: select count(0) from (SELECT w.* FROM tb_works w WHERE w.status LIKE concat('%',?,'%') and w.type LIKE concat('%',?,'%') and (w.is_del IS NULL || length(w.is_del)!=0) ORDER BY w.works_id desc) tmp_count 
2020-10-09 22:55:33.371 DEBUG --- [http-nio-8762-exec-3] com.vtu.mapper.WorksMapper.getWorksByCondition_COUNT Line:143 - ==> Parameters: pass(String), 3(String)
2020-10-09 22:55:33.383 DEBUG --- [http-nio-8762-exec-10] com.vtu.mapper.WorksMapper.getWorksByCondition_COUNT Line:143 - <==      Total: 1
2020-10-09 22:55:33.384 DEBUG --- [http-nio-8762-exec-10] com.vtu.mapper.WorksMapper.getWorksByCondition Line:143 - ==>  Preparing: SELECT w.* FROM tb_works w WHERE w.status LIKE concat('%',?,'%') and w.type LIKE concat('%',?,'%') and (w.is_del IS NULL || length(w.is_del)!=0) ORDER BY w.works_id desc LIMIT ? 
2020-10-09 22:55:33.385 DEBUG --- [http-nio-8762-exec-10] com.vtu.mapper.WorksMapper.getWorksByCondition Line:143 - ==> Parameters: pass(String), 1(String), 4(Integer)
2020-10-09 22:55:33.419 DEBUG --- [http-nio-8762-exec-3] com.vtu.mapper.WorksMapper.getWorksByCondition_COUNT Line:143 - <==      Total: 1
2020-10-09 22:55:33.431 DEBUG --- [http-nio-8762-exec-10] com.vtu.mapper.WorksMapper.getWorksByCondition Line:143 - <==      Total: 1
2020-10-09 22:55:44.316 DEBUG --- [http-nio-8762-exec-5] com.vtu.mapper.CommentsMapper.insert Line:143 - ==>  Preparing: insert into tb_comments (comment_id, father_comment_id, works_id, customer_id, comment, comment_time ) values (?, ?, ?, ?, ?, ? ) 
2020-10-09 22:55:44.319 DEBUG --- [http-nio-8762-exec-5] com.vtu.mapper.CommentsMapper.insert Line:143 - ==> Parameters: null, 1(Long), 167(Long), 12(Long), 和经济
(String), 2020-10-09 22:55:44.301(Timestamp)
2020-10-09 22:55:44.409 DEBUG --- [http-nio-8762-exec-5] com.vtu.mapper.CommentsMapper.insert Line:143 - <==    Updates: 1
2020-10-09 22:55:44.432 DEBUG --- [http-nio-8762-exec-8] com.vtu.mapper.CommentsMapper.selectByWorkId Line:143 - ==>  Preparing: SELECT cp.comment_id cp_comment_id, cp.father_comment_id cp_father_comment_id, cp.works_id cp_works_id, cp.customer_id cp_customer_id, cp.`comment` cp_comment, cp.comment_time cp_comment_time, cp.account_id cp_account_id, cp.`name` cp_account_name, cp.header_image_url cp_header_image_url, ch.comment_id cm_comment_id, ch.father_comment_id cm_father_comment_id, ch.works_id cm_works_id, ch.customer_id cm_customer_id, ch.`comment` cm_comment, ch.comment_time cm_comment_time, ch.account_id cm_account_id, ch.`name` cm_account_name, ch.header_image_url cm_header_image_url FROM ( SELECT * FROM tb_comments cs, tb_customer cm WHERE works_id = ? AND cs.customer_id = cm.account_id AND father_comment_id = 0 ) cp LEFT JOIN ( SELECT * FROM tb_comments cus, tb_customer cm WHERE cus.customer_id = cm.account_id ) ch ON cp.comment_id = ch.father_comment_id 
2020-10-09 22:55:44.433 DEBUG --- [http-nio-8762-exec-8] com.vtu.mapper.CommentsMapper.selectByWorkId Line:143 - ==> Parameters: 167(Long)
2020-10-09 22:55:44.510 DEBUG --- [http-nio-8762-exec-8] com.vtu.mapper.CommentsMapper.selectByWorkId Line:143 - <==      Total: 2
2020-10-09 23:00:43.058 DEBUG --- [http-nio-8762-exec-9] com.vtu.mapper.WorksMapper.getWorksById Line:143 - ==>  Preparing: SELECT * FROM tb_works WHERE works_id = ? 
2020-10-09 23:00:43.060 DEBUG --- [http-nio-8762-exec-9] com.vtu.mapper.WorksMapper.getWorksById Line:143 - ==> Parameters: 167(String)
2020-10-09 23:00:43.111 DEBUG --- [http-nio-8762-exec-9] com.vtu.mapper.WorksMapper.getWorksById Line:143 - <==      Total: 1
2020-10-09 23:00:43.114 DEBUG --- [http-nio-8762-exec-3] com.vtu.mapper.WorksMapper.getWorksById Line:143 - ==>  Preparing: SELECT * FROM tb_works WHERE works_id = ? 
2020-10-09 23:00:43.121 DEBUG --- [http-nio-8762-exec-3] com.vtu.mapper.WorksMapper.getWorksById Line:143 - ==> Parameters: 167(String)
2020-10-09 23:00:43.172 DEBUG --- [http-nio-8762-exec-3] com.vtu.mapper.WorksMapper.getWorksById Line:143 - <==      Total: 1
2020-10-09 23:00:43.175 DEBUG --- [http-nio-8762-exec-10] com.vtu.mapper.WorksMapper.getWorksByCondition_COUNT Line:143 - ==>  Preparing: select count(0) from (SELECT w.* FROM tb_works w WHERE w.status LIKE concat('%',?,'%') and w.type LIKE concat('%',?,'%') and (w.is_del IS NULL || length(w.is_del)!=0) ORDER BY w.works_id desc) tmp_count 
2020-10-09 23:00:43.176 DEBUG --- [http-nio-8762-exec-10] com.vtu.mapper.WorksMapper.getWorksByCondition_COUNT Line:143 - ==> Parameters: pass(String), 2(String)
2020-10-09 23:00:43.262 DEBUG --- [http-nio-8762-exec-10] com.vtu.mapper.WorksMapper.getWorksByCondition_COUNT Line:143 - <==      Total: 1
2020-10-09 23:00:43.266 DEBUG --- [http-nio-8762-exec-6] com.vtu.mapper.WorksMapper.getWorksByCondition_COUNT Line:143 - ==>  Preparing: select count(0) from (SELECT w.* FROM tb_works w WHERE w.status LIKE concat('%',?,'%') and w.type LIKE concat('%',?,'%') and (w.is_del IS NULL || length(w.is_del)!=0) ORDER BY w.works_id desc) tmp_count 
2020-10-09 23:00:43.268 DEBUG --- [http-nio-8762-exec-6] com.vtu.mapper.WorksMapper.getWorksByCondition_COUNT Line:143 - ==> Parameters: pass(String), 1(String)
2020-10-09 23:00:43.323 DEBUG --- [http-nio-8762-exec-6] com.vtu.mapper.WorksMapper.getWorksByCondition_COUNT Line:143 - <==      Total: 1
2020-10-09 23:00:43.325 DEBUG --- [http-nio-8762-exec-6] com.vtu.mapper.WorksMapper.getWorksByCondition Line:143 - ==>  Preparing: SELECT w.* FROM tb_works w WHERE w.status LIKE concat('%',?,'%') and w.type LIKE concat('%',?,'%') and (w.is_del IS NULL || length(w.is_del)!=0) ORDER BY w.works_id desc LIMIT ? 
2020-10-09 23:00:43.326 DEBUG --- [http-nio-8762-exec-6] com.vtu.mapper.WorksMapper.getWorksByCondition Line:143 - ==> Parameters: pass(String), 1(String), 4(Integer)
2020-10-09 23:00:43.385 DEBUG --- [http-nio-8762-exec-6] com.vtu.mapper.WorksMapper.getWorksByCondition Line:143 - <==      Total: 1
2020-10-09 23:00:43.387 DEBUG --- [http-nio-8762-exec-7] com.vtu.mapper.WorksMapper.getWorksByCondition_COUNT Line:143 - ==>  Preparing: select count(0) from (SELECT w.* FROM tb_works w WHERE w.status LIKE concat('%',?,'%') and w.type LIKE concat('%',?,'%') and (w.is_del IS NULL || length(w.is_del)!=0) ORDER BY w.works_id desc) tmp_count 
2020-10-09 23:00:43.387 DEBUG --- [http-nio-8762-exec-7] com.vtu.mapper.WorksMapper.getWorksByCondition_COUNT Line:143 - ==> Parameters: pass(String), 3(String)
2020-10-09 23:00:43.435 DEBUG --- [http-nio-8762-exec-7] com.vtu.mapper.WorksMapper.getWorksByCondition_COUNT Line:143 - <==      Total: 1
2020-10-09 23:00:43.436 DEBUG --- [http-nio-8762-exec-2] com.vtu.mapper.CustomerMapper.selectByAuthCode Line:143 - ==>  Preparing: select account_id, account, password, name, phone, id_card, remain, is_vip, is_shoper, email, email_send_time,wxId, qqId,authCode,isAuth, sex,header_image_url,head_portrait_url,id_card_url,passport_url,business_liscence_url,protocol_url,shoper_type,shoper_status from tb_customer where authCode = ? 
2020-10-09 23:00:43.437 DEBUG --- [http-nio-8762-exec-2] com.vtu.mapper.CustomerMapper.selectByAuthCode Line:143 - ==> Parameters: 1234(String)
2020-10-09 23:00:43.485 DEBUG --- [http-nio-8762-exec-2] com.vtu.mapper.CustomerMapper.selectByAuthCode Line:143 - <==      Total: 1
2020-10-09 23:00:43.487 DEBUG --- [http-nio-8762-exec-4] com.vtu.mapper.CustomerMapper.selectByAuthCode Line:143 - ==>  Preparing: select account_id, account, password, name, phone, id_card, remain, is_vip, is_shoper, email, email_send_time,wxId, qqId,authCode,isAuth, sex,header_image_url,head_portrait_url,id_card_url,passport_url,business_liscence_url,protocol_url,shoper_type,shoper_status from tb_customer where authCode = ? 
2020-10-09 23:00:43.488 DEBUG --- [http-nio-8762-exec-4] com.vtu.mapper.CustomerMapper.selectByAuthCode Line:143 - ==> Parameters: 1234(String)
2020-10-09 23:00:43.539 DEBUG --- [http-nio-8762-exec-4] com.vtu.mapper.CustomerMapper.selectByAuthCode Line:143 - <==      Total: 1
2020-10-09 23:00:43.541 DEBUG --- [http-nio-8762-exec-5] com.vtu.mapper.CustomerMapper.selectByAuthCode Line:143 - ==>  Preparing: select account_id, account, password, name, phone, id_card, remain, is_vip, is_shoper, email, email_send_time,wxId, qqId,authCode,isAuth, sex,header_image_url,head_portrait_url,id_card_url,passport_url,business_liscence_url,protocol_url,shoper_type,shoper_status from tb_customer where authCode = ? 
2020-10-09 23:00:43.542 DEBUG --- [http-nio-8762-exec-5] com.vtu.mapper.CustomerMapper.selectByAuthCode Line:143 - ==> Parameters: 1234(String)
2020-10-09 23:00:43.586 DEBUG --- [http-nio-8762-exec-5] com.vtu.mapper.CustomerMapper.selectByAuthCode Line:143 - <==      Total: 1
2020-10-09 23:00:43.587 DEBUG --- [http-nio-8762-exec-8] com.vtu.mapper.CustomerMapper.selectByAuthCode Line:143 - ==>  Preparing: select account_id, account, password, name, phone, id_card, remain, is_vip, is_shoper, email, email_send_time,wxId, qqId,authCode,isAuth, sex,header_image_url,head_portrait_url,id_card_url,passport_url,business_liscence_url,protocol_url,shoper_type,shoper_status from tb_customer where authCode = ? 
2020-10-09 23:00:43.588 DEBUG --- [http-nio-8762-exec-8] com.vtu.mapper.CustomerMapper.selectByAuthCode Line:143 - ==> Parameters: 1234(String)
2020-10-09 23:00:43.631 DEBUG --- [http-nio-8762-exec-8] com.vtu.mapper.CustomerMapper.selectByAuthCode Line:143 - <==      Total: 1
2020-10-09 23:00:43.632 DEBUG --- [http-nio-8762-exec-2] com.vtu.mapper.CustomerVipMapper.selectByAccountId Line:143 - ==>  Preparing: select id, account_id, vip_detail_id, start_time, end_time, is_vip from tb_customer_vip where account_id = ? 
2020-10-09 23:00:43.635 DEBUG --- [http-nio-8762-exec-2] com.vtu.mapper.CustomerVipMapper.selectByAccountId Line:143 - ==> Parameters: 12(Long)
2020-10-09 23:00:43.654 DEBUG --- [http-nio-8762-exec-4] com.vtu.mapper.CustomerVipMapper.selectByAccountId Line:143 - ==>  Preparing: select id, account_id, vip_detail_id, start_time, end_time, is_vip from tb_customer_vip where account_id = ? 
2020-10-09 23:00:43.655 DEBUG --- [http-nio-8762-exec-4] com.vtu.mapper.CustomerVipMapper.selectByAccountId Line:143 - ==> Parameters: 12(Long)
2020-10-09 23:00:43.679 DEBUG --- [http-nio-8762-exec-2] com.vtu.mapper.CustomerVipMapper.selectByAccountId Line:143 - <==      Total: 0
2020-10-09 23:00:43.680 DEBUG --- [http-nio-8762-exec-5] com.vtu.mapper.CustomerVipMapper.selectByAccountId Line:143 - ==>  Preparing: select id, account_id, vip_detail_id, start_time, end_time, is_vip from tb_customer_vip where account_id = ? 
2020-10-09 23:00:43.681 DEBUG --- [http-nio-8762-exec-5] com.vtu.mapper.CustomerVipMapper.selectByAccountId Line:143 - ==> Parameters: 12(Long)
2020-10-09 23:00:43.697 DEBUG --- [http-nio-8762-exec-4] com.vtu.mapper.CustomerVipMapper.selectByAccountId Line:143 - <==      Total: 0
2020-10-09 23:00:43.700 DEBUG --- [http-nio-8762-exec-8] com.vtu.mapper.CustomerVipMapper.selectByAccountId Line:143 - ==>  Preparing: select id, account_id, vip_detail_id, start_time, end_time, is_vip from tb_customer_vip where account_id = ? 
2020-10-09 23:00:43.702 DEBUG --- [http-nio-8762-exec-8] com.vtu.mapper.CustomerVipMapper.selectByAccountId Line:143 - ==> Parameters: 12(Long)
2020-10-09 23:00:43.720 DEBUG --- [http-nio-8762-exec-5] com.vtu.mapper.CustomerVipMapper.selectByAccountId Line:143 - <==      Total: 0
2020-10-09 23:00:43.721 DEBUG --- [http-nio-8762-exec-2] com.vtu.mapper.CustomerMapper.updateByPrimaryKey Line:143 - ==>  Preparing: update tb_customer set account = ?, password = ?, name = ?, sex = ?, phone = ?, id_card = ?, remain = ?, is_vip = ?, is_shoper = ?, email = ?, email_send_time = ?, wxId = ?, qqId = ?, authCode = ?, isAuth = ?, header_image_url = ?, head_portrait_url = ?, id_card_url = ?, passport_url = ?, business_liscence_url = ?, protocol_url = ?, shoper_type = ?, shoper_status = ? where account_id = ? 
2020-10-09 23:00:43.722 DEBUG --- [http-nio-8762-exec-2] com.vtu.mapper.CustomerMapper.updateByPrimaryKey Line:143 - ==> Parameters: VT20191105001621984(String), null, whh(String), 男(String), 1511485465235(String), https://vtuweb.oss-cn-beijing.aliyuncs.com/sign/personalSign/1602169747598/headerImage/星云.jpg(String), 76(BigDecimal), null, null, 35114854657@163.com(String), 2019-11-05 00:16:21:982(String), null, null, 1234(String), true(String), https://vtuweb.oss-cn-beijing.aliyuncs.com/temps/tempOutput/1601754158500/headerImage/科技背景.jpg(String), blog/2020-05-05/cf7d92441aae405e9462d96f88587db8-image_00002.jpg(String), https://vtuweb.oss-cn-beijing.aliyuncs.com/sign/personalSign/1602169988291/headerImage/冰岛.jpg(String), https://vtuweb.oss-cn-beijing.aliyuncs.com/sign/personalSign/1602169227993/headerImage/儿童.jpg(String), null, https://vtuweb.oss-cn-beijing.aliyuncs.com/sign/personalSign/1602169228422/headerImage/美食MG.jpg(String), null, auditing(String), 12(Long)
2020-10-09 23:00:43.748 DEBUG --- [http-nio-8762-exec-8] com.vtu.mapper.CustomerVipMapper.selectByAccountId Line:143 - <==      Total: 0
2020-10-09 23:00:43.750 DEBUG --- [http-nio-8762-exec-4] com.vtu.mapper.CustomerMapper.updateByPrimaryKey Line:143 - ==>  Preparing: update tb_customer set account = ?, password = ?, name = ?, sex = ?, phone = ?, id_card = ?, remain = ?, is_vip = ?, is_shoper = ?, email = ?, email_send_time = ?, wxId = ?, qqId = ?, authCode = ?, isAuth = ?, header_image_url = ?, head_portrait_url = ?, id_card_url = ?, passport_url = ?, business_liscence_url = ?, protocol_url = ?, shoper_type = ?, shoper_status = ? where account_id = ? 
2020-10-09 23:00:43.753 DEBUG --- [http-nio-8762-exec-4] com.vtu.mapper.CustomerMapper.updateByPrimaryKey Line:143 - ==> Parameters: VT20191105001621984(String), null, whh(String), 男(String), 1511485465235(String), https://vtuweb.oss-cn-beijing.aliyuncs.com/sign/personalSign/1602169747598/headerImage/星云.jpg(String), 76(BigDecimal), null, null, 35114854657@163.com(String), 2019-11-05 00:16:21:982(String), null, null, 1234(String), true(String), https://vtuweb.oss-cn-beijing.aliyuncs.com/temps/tempOutput/1601754158500/headerImage/科技背景.jpg(String), blog/2020-05-05/cf7d92441aae405e9462d96f88587db8-image_00002.jpg(String), https://vtuweb.oss-cn-beijing.aliyuncs.com/sign/personalSign/1602169988291/headerImage/冰岛.jpg(String), https://vtuweb.oss-cn-beijing.aliyuncs.com/sign/personalSign/1602169227993/headerImage/儿童.jpg(String), null, https://vtuweb.oss-cn-beijing.aliyuncs.com/sign/personalSign/1602169228422/headerImage/美食MG.jpg(String), null, auditing(String), 12(Long)
2020-10-09 23:00:43.809 DEBUG --- [http-nio-8762-exec-2] com.vtu.mapper.CustomerMapper.updateByPrimaryKey Line:143 - <==    Updates: 1
2020-10-09 23:00:43.810 DEBUG --- [http-nio-8762-exec-5] com.vtu.mapper.CustomerMapper.updateByPrimaryKey Line:143 - ==>  Preparing: update tb_customer set account = ?, password = ?, name = ?, sex = ?, phone = ?, id_card = ?, remain = ?, is_vip = ?, is_shoper = ?, email = ?, email_send_time = ?, wxId = ?, qqId = ?, authCode = ?, isAuth = ?, header_image_url = ?, head_portrait_url = ?, id_card_url = ?, passport_url = ?, business_liscence_url = ?, protocol_url = ?, shoper_type = ?, shoper_status = ? where account_id = ? 
2020-10-09 23:00:43.813 DEBUG --- [http-nio-8762-exec-5] com.vtu.mapper.CustomerMapper.updateByPrimaryKey Line:143 - ==> Parameters: VT20191105001621984(String), null, whh(String), 男(String), 1511485465235(String), https://vtuweb.oss-cn-beijing.aliyuncs.com/sign/personalSign/1602169747598/headerImage/星云.jpg(String), 76(BigDecimal), null, null, 35114854657@163.com(String), 2019-11-05 00:16:21:982(String), null, null, 1234(String), true(String), https://vtuweb.oss-cn-beijing.aliyuncs.com/temps/tempOutput/1601754158500/headerImage/科技背景.jpg(String), blog/2020-05-05/cf7d92441aae405e9462d96f88587db8-image_00002.jpg(String), https://vtuweb.oss-cn-beijing.aliyuncs.com/sign/personalSign/1602169988291/headerImage/冰岛.jpg(String), https://vtuweb.oss-cn-beijing.aliyuncs.com/sign/personalSign/1602169227993/headerImage/儿童.jpg(String), null, https://vtuweb.oss-cn-beijing.aliyuncs.com/sign/personalSign/1602169228422/headerImage/美食MG.jpg(String), null, auditing(String), 12(Long)
2020-10-09 23:00:43.839 DEBUG --- [http-nio-8762-exec-4] com.vtu.mapper.CustomerMapper.updateByPrimaryKey Line:143 - <==    Updates: 1
2020-10-09 23:00:43.840 DEBUG --- [http-nio-8762-exec-8] com.vtu.mapper.CustomerMapper.updateByPrimaryKey Line:143 - ==>  Preparing: update tb_customer set account = ?, password = ?, name = ?, sex = ?, phone = ?, id_card = ?, remain = ?, is_vip = ?, is_shoper = ?, email = ?, email_send_time = ?, wxId = ?, qqId = ?, authCode = ?, isAuth = ?, header_image_url = ?, head_portrait_url = ?, id_card_url = ?, passport_url = ?, business_liscence_url = ?, protocol_url = ?, shoper_type = ?, shoper_status = ? where account_id = ? 
2020-10-09 23:00:43.842 DEBUG --- [http-nio-8762-exec-8] com.vtu.mapper.CustomerMapper.updateByPrimaryKey Line:143 - ==> Parameters: VT20191105001621984(String), null, whh(String), 男(String), 1511485465235(String), https://vtuweb.oss-cn-beijing.aliyuncs.com/sign/personalSign/1602169747598/headerImage/星云.jpg(String), 76(BigDecimal), null, null, 35114854657@163.com(String), 2019-11-05 00:16:21:982(String), null, null, 1234(String), true(String), https://vtuweb.oss-cn-beijing.aliyuncs.com/temps/tempOutput/1601754158500/headerImage/科技背景.jpg(String), blog/2020-05-05/cf7d92441aae405e9462d96f88587db8-image_00002.jpg(String), https://vtuweb.oss-cn-beijing.aliyuncs.com/sign/personalSign/1602169988291/headerImage/冰岛.jpg(String), https://vtuweb.oss-cn-beijing.aliyuncs.com/sign/personalSign/1602169227993/headerImage/儿童.jpg(String), null, https://vtuweb.oss-cn-beijing.aliyuncs.com/sign/personalSign/1602169228422/headerImage/美食MG.jpg(String), null, auditing(String), 12(Long)
2020-10-09 23:00:43.934 DEBUG --- [http-nio-8762-exec-5] com.vtu.mapper.CustomerMapper.updateByPrimaryKey Line:143 - <==    Updates: 1
2020-10-09 23:00:43.963 DEBUG --- [http-nio-8762-exec-8] com.vtu.mapper.CustomerMapper.updateByPrimaryKey Line:143 - <==    Updates: 1
2020-10-09 23:00:45.958 DEBUG --- [http-nio-8762-exec-1] com.vtu.mapper.WorksMapper.getWorksByCondition_COUNT Line:143 - ==>  Preparing: select count(0) from (SELECT w.* FROM tb_works w WHERE w.status LIKE concat('%',?,'%') and w.type LIKE concat('%',?,'%') and (w.is_del IS NULL || length(w.is_del)!=0) ORDER BY w.works_id desc) tmp_count 
2020-10-09 23:00:45.959 DEBUG --- [http-nio-8762-exec-1] com.vtu.mapper.WorksMapper.getWorksByCondition_COUNT Line:143 - ==> Parameters: pass(String), 1(String)
2020-10-09 23:00:45.962 DEBUG --- [http-nio-8762-exec-3] com.vtu.mapper.WorksMapper.getWorksByCondition_COUNT Line:143 - ==>  Preparing: select count(0) from (SELECT w.* FROM tb_works w WHERE w.status LIKE concat('%',?,'%') and w.type LIKE concat('%',?,'%') and (w.is_del IS NULL || length(w.is_del)!=0) ORDER BY w.works_id desc) tmp_count 
2020-10-09 23:00:45.962 DEBUG --- [http-nio-8762-exec-9] com.vtu.mapper.WorksMapper.getWorksByCondition_COUNT Line:143 - ==>  Preparing: select count(0) from (SELECT w.* FROM tb_works w WHERE w.status LIKE concat('%',?,'%') and w.type LIKE concat('%',?,'%') and (w.is_del IS NULL || length(w.is_del)!=0) ORDER BY w.works_id desc) tmp_count 
2020-10-09 23:00:45.963 DEBUG --- [http-nio-8762-exec-3] com.vtu.mapper.WorksMapper.getWorksByCondition_COUNT Line:143 - ==> Parameters: pass(String), 3(String)
2020-10-09 23:00:45.963 DEBUG --- [http-nio-8762-exec-9] com.vtu.mapper.WorksMapper.getWorksByCondition_COUNT Line:143 - ==> Parameters: pass(String), 2(String)
2020-10-09 23:00:46.004 DEBUG --- [http-nio-8762-exec-1] com.vtu.mapper.WorksMapper.getWorksByCondition_COUNT Line:143 - <==      Total: 1
2020-10-09 23:00:46.006 DEBUG --- [http-nio-8762-exec-1] com.vtu.mapper.WorksMapper.getWorksByCondition Line:143 - ==>  Preparing: SELECT w.* FROM tb_works w WHERE w.status LIKE concat('%',?,'%') and w.type LIKE concat('%',?,'%') and (w.is_del IS NULL || length(w.is_del)!=0) ORDER BY w.works_id desc LIMIT ? 
2020-10-09 23:00:46.007 DEBUG --- [http-nio-8762-exec-1] com.vtu.mapper.WorksMapper.getWorksByCondition Line:143 - ==> Parameters: pass(String), 1(String), 4(Integer)
2020-10-09 23:00:46.006 DEBUG --- [http-nio-8762-exec-3] com.vtu.mapper.WorksMapper.getWorksByCondition_COUNT Line:143 - <==      Total: 1
2020-10-09 23:00:46.017 DEBUG --- [http-nio-8762-exec-9] com.vtu.mapper.WorksMapper.getWorksByCondition_COUNT Line:143 - <==      Total: 1
2020-10-09 23:00:46.053 DEBUG --- [http-nio-8762-exec-1] com.vtu.mapper.WorksMapper.getWorksByCondition Line:143 - <==      Total: 1
2020-10-09 23:00:47.458 DEBUG --- [http-nio-8762-exec-10] com.vtu.mapper.WorksMapper.getWorksById Line:143 - ==>  Preparing: SELECT * FROM tb_works WHERE works_id = ? 
2020-10-09 23:00:47.459 DEBUG --- [http-nio-8762-exec-10] com.vtu.mapper.WorksMapper.getWorksById Line:143 - ==> Parameters: 167(String)
2020-10-09 23:00:47.508 DEBUG --- [http-nio-8762-exec-10] com.vtu.mapper.WorksMapper.getWorksById Line:143 - <==      Total: 1
2020-10-09 23:00:48.906 DEBUG --- [http-nio-8762-exec-6] com.vtu.mapper.WorksMapper.getWorksByCondition_COUNT Line:143 - ==>  Preparing: select count(0) from (SELECT w.* FROM tb_works w WHERE w.status LIKE concat('%',?,'%') and w.type LIKE concat('%',?,'%') and (w.is_del IS NULL || length(w.is_del)!=0) ORDER BY w.works_id desc) tmp_count 
2020-10-09 23:00:48.908 DEBUG --- [http-nio-8762-exec-7] com.vtu.mapper.WorksMapper.getWorksByCondition_COUNT Line:143 - ==>  Preparing: select count(0) from (SELECT w.* FROM tb_works w WHERE w.status LIKE concat('%',?,'%') and w.type LIKE concat('%',?,'%') and (w.is_del IS NULL || length(w.is_del)!=0) ORDER BY w.works_id desc) tmp_count 
2020-10-09 23:00:48.910 DEBUG --- [http-nio-8762-exec-6] com.vtu.mapper.WorksMapper.getWorksByCondition_COUNT Line:143 - ==> Parameters: pass(String), 1(String)
2020-10-09 23:00:48.910 DEBUG --- [http-nio-8762-exec-4] com.vtu.mapper.CommentsMapper.selectByWorkId Line:143 - ==>  Preparing: SELECT cp.comment_id cp_comment_id, cp.father_comment_id cp_father_comment_id, cp.works_id cp_works_id, cp.customer_id cp_customer_id, cp.`comment` cp_comment, cp.comment_time cp_comment_time, cp.account_id cp_account_id, cp.`name` cp_account_name, cp.header_image_url cp_header_image_url, ch.comment_id cm_comment_id, ch.father_comment_id cm_father_comment_id, ch.works_id cm_works_id, ch.customer_id cm_customer_id, ch.`comment` cm_comment, ch.comment_time cm_comment_time, ch.account_id cm_account_id, ch.`name` cm_account_name, ch.header_image_url cm_header_image_url FROM ( SELECT * FROM tb_comments cs, tb_customer cm WHERE works_id = ? AND cs.customer_id = cm.account_id AND father_comment_id = 0 ) cp LEFT JOIN ( SELECT * FROM tb_comments cus, tb_customer cm WHERE cus.customer_id = cm.account_id ) ch ON cp.comment_id = ch.father_comment_id 
2020-10-09 23:00:48.912 DEBUG --- [http-nio-8762-exec-7] com.vtu.mapper.WorksMapper.getWorksByCondition_COUNT Line:143 - ==> Parameters: pass(String), 2(String)
2020-10-09 23:00:48.912 DEBUG --- [http-nio-8762-exec-4] com.vtu.mapper.CommentsMapper.selectByWorkId Line:143 - ==> Parameters: 167(Long)
2020-10-09 23:00:48.957 DEBUG --- [http-nio-8762-exec-6] com.vtu.mapper.WorksMapper.getWorksByCondition_COUNT Line:143 - <==      Total: 1
2020-10-09 23:00:48.960 DEBUG --- [http-nio-8762-exec-6] com.vtu.mapper.WorksMapper.getWorksByCondition Line:143 - ==>  Preparing: SELECT w.* FROM tb_works w WHERE w.status LIKE concat('%',?,'%') and w.type LIKE concat('%',?,'%') and (w.is_del IS NULL || length(w.is_del)!=0) ORDER BY w.works_id desc LIMIT ? 
2020-10-09 23:00:48.962 DEBUG --- [http-nio-8762-exec-6] com.vtu.mapper.WorksMapper.getWorksByCondition Line:143 - ==> Parameters: pass(String), 1(String), 4(Integer)
2020-10-09 23:00:48.972 DEBUG --- [http-nio-8762-exec-7] com.vtu.mapper.WorksMapper.getWorksByCondition_COUNT Line:143 - <==      Total: 1
2020-10-09 23:00:48.973 DEBUG --- [http-nio-8762-exec-2] com.vtu.mapper.WorksMapper.getWorksByCondition_COUNT Line:143 - ==>  Preparing: select count(0) from (SELECT w.* FROM tb_works w WHERE w.status LIKE concat('%',?,'%') and w.type LIKE concat('%',?,'%') and (w.is_del IS NULL || length(w.is_del)!=0) ORDER BY w.works_id desc) tmp_count 
2020-10-09 23:00:48.975 DEBUG --- [http-nio-8762-exec-2] com.vtu.mapper.WorksMapper.getWorksByCondition_COUNT Line:143 - ==> Parameters: pass(String), 3(String)
2020-10-09 23:00:49.019 DEBUG --- [http-nio-8762-exec-4] com.vtu.mapper.CommentsMapper.selectByWorkId Line:143 - <==      Total: 2
2020-10-09 23:00:49.058 DEBUG --- [http-nio-8762-exec-2] com.vtu.mapper.WorksMapper.getWorksByCondition_COUNT Line:143 - <==      Total: 1
2020-10-09 23:00:49.064 DEBUG --- [http-nio-8762-exec-6] com.vtu.mapper.WorksMapper.getWorksByCondition Line:143 - <==      Total: 1
2020-10-09 23:00:58.907 DEBUG --- [http-nio-8762-exec-9] com.vtu.mapper.WorksMapper.getWorksById Line:143 - ==>  Preparing: SELECT * FROM tb_works WHERE works_id = ? 
2020-10-09 23:00:58.908 DEBUG --- [http-nio-8762-exec-9] com.vtu.mapper.WorksMapper.getWorksById Line:143 - ==> Parameters: 167(String)
2020-10-09 23:00:58.953 DEBUG --- [http-nio-8762-exec-9] com.vtu.mapper.WorksMapper.getWorksById Line:143 - <==      Total: 1
2020-10-09 23:01:00.458 DEBUG --- [http-nio-8762-exec-10] com.vtu.mapper.CommentsMapper.selectByWorkId Line:143 - ==>  Preparing: SELECT cp.comment_id cp_comment_id, cp.father_comment_id cp_father_comment_id, cp.works_id cp_works_id, cp.customer_id cp_customer_id, cp.`comment` cp_comment, cp.comment_time cp_comment_time, cp.account_id cp_account_id, cp.`name` cp_account_name, cp.header_image_url cp_header_image_url, ch.comment_id cm_comment_id, ch.father_comment_id cm_father_comment_id, ch.works_id cm_works_id, ch.customer_id cm_customer_id, ch.`comment` cm_comment, ch.comment_time cm_comment_time, ch.account_id cm_account_id, ch.`name` cm_account_name, ch.header_image_url cm_header_image_url FROM ( SELECT * FROM tb_comments cs, tb_customer cm WHERE works_id = ? AND cs.customer_id = cm.account_id AND father_comment_id = 0 ) cp LEFT JOIN ( SELECT * FROM tb_comments cus, tb_customer cm WHERE cus.customer_id = cm.account_id ) ch ON cp.comment_id = ch.father_comment_id 
2020-10-09 23:01:00.460 DEBUG --- [http-nio-8762-exec-10] com.vtu.mapper.CommentsMapper.selectByWorkId Line:143 - ==> Parameters: 167(Long)
2020-10-09 23:01:00.836 DEBUG --- [http-nio-8762-exec-10] com.vtu.mapper.CommentsMapper.selectByWorkId Line:143 - <==      Total: 2
2020-10-09 23:01:00.837 DEBUG --- [http-nio-8762-exec-4] com.vtu.mapper.WorksMapper.getWorksByCondition_COUNT Line:143 - ==>  Preparing: select count(0) from (SELECT w.* FROM tb_works w WHERE w.status LIKE concat('%',?,'%') and w.type LIKE concat('%',?,'%') and (w.is_del IS NULL || length(w.is_del)!=0) ORDER BY w.works_id desc) tmp_count 
2020-10-09 23:01:00.838 DEBUG --- [http-nio-8762-exec-4] com.vtu.mapper.WorksMapper.getWorksByCondition_COUNT Line:143 - ==> Parameters: pass(String), 3(String)
2020-10-09 23:01:00.838 DEBUG --- [http-nio-8762-exec-2] com.vtu.mapper.WorksMapper.getWorksByCondition_COUNT Line:143 - ==>  Preparing: select count(0) from (SELECT w.* FROM tb_works w WHERE w.status LIKE concat('%',?,'%') and w.type LIKE concat('%',?,'%') and (w.is_del IS NULL || length(w.is_del)!=0) ORDER BY w.works_id desc) tmp_count 
2020-10-09 23:01:00.839 DEBUG --- [http-nio-8762-exec-7] com.vtu.mapper.WorksMapper.getWorksByCondition_COUNT Line:143 - ==>  Preparing: select count(0) from (SELECT w.* FROM tb_works w WHERE w.status LIKE concat('%',?,'%') and w.type LIKE concat('%',?,'%') and (w.is_del IS NULL || length(w.is_del)!=0) ORDER BY w.works_id desc) tmp_count 
2020-10-09 23:01:00.842 DEBUG --- [http-nio-8762-exec-7] com.vtu.mapper.WorksMapper.getWorksByCondition_COUNT Line:143 - ==> Parameters: pass(String), 1(String)
2020-10-09 23:01:00.843 DEBUG --- [http-nio-8762-exec-2] com.vtu.mapper.WorksMapper.getWorksByCondition_COUNT Line:143 - ==> Parameters: pass(String), 2(String)
2020-10-09 23:01:00.882 DEBUG --- [http-nio-8762-exec-4] com.vtu.mapper.WorksMapper.getWorksByCondition_COUNT Line:143 - <==      Total: 1
2020-10-09 23:01:00.885 DEBUG --- [http-nio-8762-exec-7] com.vtu.mapper.WorksMapper.getWorksByCondition_COUNT Line:143 - <==      Total: 1
2020-10-09 23:01:00.887 DEBUG --- [http-nio-8762-exec-7] com.vtu.mapper.WorksMapper.getWorksByCondition Line:143 - ==>  Preparing: SELECT w.* FROM tb_works w WHERE w.status LIKE concat('%',?,'%') and w.type LIKE concat('%',?,'%') and (w.is_del IS NULL || length(w.is_del)!=0) ORDER BY w.works_id desc LIMIT ? 
2020-10-09 23:01:00.888 DEBUG --- [http-nio-8762-exec-7] com.vtu.mapper.WorksMapper.getWorksByCondition Line:143 - ==> Parameters: pass(String), 1(String), 4(Integer)
2020-10-09 23:01:00.892 DEBUG --- [http-nio-8762-exec-2] com.vtu.mapper.WorksMapper.getWorksByCondition_COUNT Line:143 - <==      Total: 1
2020-10-09 23:01:00.939 DEBUG --- [http-nio-8762-exec-7] com.vtu.mapper.WorksMapper.getWorksByCondition Line:143 - <==      Total: 1
2020-10-09 23:01:53.310 DEBUG --- [http-nio-8762-exec-9] com.vtu.mapper.WorksMapper.getWorksById Line:143 - ==>  Preparing: SELECT * FROM tb_works WHERE works_id = ? 
2020-10-09 23:01:53.311 DEBUG --- [http-nio-8762-exec-9] com.vtu.mapper.WorksMapper.getWorksById Line:143 - ==> Parameters: 167(String)
2020-10-09 23:01:53.438 DEBUG --- [http-nio-8762-exec-9] com.vtu.mapper.WorksMapper.getWorksById Line:143 - <==      Total: 1
2020-10-09 23:01:55.037 DEBUG --- [http-nio-8762-exec-1] com.vtu.mapper.WorksMapper.getWorksByCondition_COUNT Line:143 - ==>  Preparing: select count(0) from (SELECT w.* FROM tb_works w WHERE w.status LIKE concat('%',?,'%') and w.type LIKE concat('%',?,'%') and (w.is_del IS NULL || length(w.is_del)!=0) ORDER BY w.works_id desc) tmp_count 
2020-10-09 23:01:55.038 DEBUG --- [http-nio-8762-exec-1] com.vtu.mapper.WorksMapper.getWorksByCondition_COUNT Line:143 - ==> Parameters: pass(String), 1(String)
2020-10-09 23:01:55.041 DEBUG --- [http-nio-8762-exec-10] com.vtu.mapper.WorksMapper.getWorksByCondition_COUNT Line:143 - ==>  Preparing: select count(0) from (SELECT w.* FROM tb_works w WHERE w.status LIKE concat('%',?,'%') and w.type LIKE concat('%',?,'%') and (w.is_del IS NULL || length(w.is_del)!=0) ORDER BY w.works_id desc) tmp_count 
2020-10-09 23:01:55.046 DEBUG --- [http-nio-8762-exec-4] com.vtu.mapper.WorksMapper.getWorksByCondition_COUNT Line:143 - ==>  Preparing: select count(0) from (SELECT w.* FROM tb_works w WHERE w.status LIKE concat('%',?,'%') and w.type LIKE concat('%',?,'%') and (w.is_del IS NULL || length(w.is_del)!=0) ORDER BY w.works_id desc) tmp_count 
2020-10-09 23:01:55.047 DEBUG --- [http-nio-8762-exec-4] com.vtu.mapper.WorksMapper.getWorksByCondition_COUNT Line:143 - ==> Parameters: pass(String), 3(String)
2020-10-09 23:01:55.048 DEBUG --- [http-nio-8762-exec-10] com.vtu.mapper.WorksMapper.getWorksByCondition_COUNT Line:143 - ==> Parameters: pass(String), 2(String)
2020-10-09 23:01:55.085 DEBUG --- [http-nio-8762-exec-1] com.vtu.mapper.WorksMapper.getWorksByCondition_COUNT Line:143 - <==      Total: 1
2020-10-09 23:01:55.087 DEBUG --- [http-nio-8762-exec-1] com.vtu.mapper.WorksMapper.getWorksByCondition Line:143 - ==>  Preparing: SELECT w.* FROM tb_works w WHERE w.status LIKE concat('%',?,'%') and w.type LIKE concat('%',?,'%') and (w.is_del IS NULL || length(w.is_del)!=0) ORDER BY w.works_id desc LIMIT ? 
2020-10-09 23:01:55.088 DEBUG --- [http-nio-8762-exec-1] com.vtu.mapper.WorksMapper.getWorksByCondition Line:143 - ==> Parameters: pass(String), 1(String), 4(Integer)
2020-10-09 23:01:55.122 DEBUG --- [http-nio-8762-exec-4] com.vtu.mapper.WorksMapper.getWorksByCondition_COUNT Line:143 - <==      Total: 1
2020-10-09 23:01:55.128 DEBUG --- [http-nio-8762-exec-10] com.vtu.mapper.WorksMapper.getWorksByCondition_COUNT Line:143 - <==      Total: 1
2020-10-09 23:01:55.148 DEBUG --- [http-nio-8762-exec-2] com.vtu.mapper.CommentsMapper.selectByWorkId Line:143 - ==>  Preparing: SELECT cp.comment_id cp_comment_id, cp.father_comment_id cp_father_comment_id, cp.works_id cp_works_id, cp.customer_id cp_customer_id, cp.`comment` cp_comment, cp.comment_time cp_comment_time, cp.account_id cp_account_id, cp.`name` cp_account_name, cp.header_image_url cp_header_image_url, ch.comment_id cm_comment_id, ch.father_comment_id cm_father_comment_id, ch.works_id cm_works_id, ch.customer_id cm_customer_id, ch.`comment` cm_comment, ch.comment_time cm_comment_time, ch.account_id cm_account_id, ch.`name` cm_account_name, ch.header_image_url cm_header_image_url FROM ( SELECT * FROM tb_comments cs, tb_customer cm WHERE works_id = ? AND cs.customer_id = cm.account_id AND father_comment_id = 0 ) cp LEFT JOIN ( SELECT * FROM tb_comments cus, tb_customer cm WHERE cus.customer_id = cm.account_id ) ch ON cp.comment_id = ch.father_comment_id 
2020-10-09 23:01:55.149 DEBUG --- [http-nio-8762-exec-2] com.vtu.mapper.CommentsMapper.selectByWorkId Line:143 - ==> Parameters: 167(Long)
2020-10-09 23:01:55.160 DEBUG --- [http-nio-8762-exec-1] com.vtu.mapper.WorksMapper.getWorksByCondition Line:143 - <==      Total: 1
2020-10-09 23:01:55.230 DEBUG --- [http-nio-8762-exec-2] com.vtu.mapper.CommentsMapper.selectByWorkId Line:143 - <==      Total: 2
2020-10-09 23:02:04.576 DEBUG --- [http-nio-8762-exec-3] com.vtu.mapper.WorksMapper.getWorksById Line:143 - ==>  Preparing: SELECT * FROM tb_works WHERE works_id = ? 
2020-10-09 23:02:04.577 DEBUG --- [http-nio-8762-exec-3] com.vtu.mapper.WorksMapper.getWorksById Line:143 - ==> Parameters: 167(String)
2020-10-09 23:02:04.624 DEBUG --- [http-nio-8762-exec-3] com.vtu.mapper.WorksMapper.getWorksById Line:143 - <==      Total: 1
2020-10-09 23:02:06.271 DEBUG --- [http-nio-8762-exec-9] com.vtu.mapper.WorksMapper.getWorksByCondition_COUNT Line:143 - ==>  Preparing: select count(0) from (SELECT w.* FROM tb_works w WHERE w.status LIKE concat('%',?,'%') and w.type LIKE concat('%',?,'%') and (w.is_del IS NULL || length(w.is_del)!=0) ORDER BY w.works_id desc) tmp_count 
2020-10-09 23:02:06.272 DEBUG --- [http-nio-8762-exec-9] com.vtu.mapper.WorksMapper.getWorksByCondition_COUNT Line:143 - ==> Parameters: pass(String), 1(String)
2020-10-09 23:02:06.275 DEBUG --- [http-nio-8762-exec-4] com.vtu.mapper.WorksMapper.getWorksByCondition_COUNT Line:143 - ==>  Preparing: select count(0) from (SELECT w.* FROM tb_works w WHERE w.status LIKE concat('%',?,'%') and w.type LIKE concat('%',?,'%') and (w.is_del IS NULL || length(w.is_del)!=0) ORDER BY w.works_id desc) tmp_count 
2020-10-09 23:02:06.276 DEBUG --- [http-nio-8762-exec-4] com.vtu.mapper.WorksMapper.getWorksByCondition_COUNT Line:143 - ==> Parameters: pass(String), 2(String)
2020-10-09 23:02:06.283 DEBUG --- [http-nio-8762-exec-1] com.vtu.mapper.CommentsMapper.selectByWorkId Line:143 - ==>  Preparing: SELECT cp.comment_id cp_comment_id, cp.father_comment_id cp_father_comment_id, cp.works_id cp_works_id, cp.customer_id cp_customer_id, cp.`comment` cp_comment, cp.comment_time cp_comment_time, cp.account_id cp_account_id, cp.`name` cp_account_name, cp.header_image_url cp_header_image_url, ch.comment_id cm_comment_id, ch.father_comment_id cm_father_comment_id, ch.works_id cm_works_id, ch.customer_id cm_customer_id, ch.`comment` cm_comment, ch.comment_time cm_comment_time, ch.account_id cm_account_id, ch.`name` cm_account_name, ch.header_image_url cm_header_image_url FROM ( SELECT * FROM tb_comments cs, tb_customer cm WHERE works_id = ? AND cs.customer_id = cm.account_id AND father_comment_id = 0 ) cp LEFT JOIN ( SELECT * FROM tb_comments cus, tb_customer cm WHERE cus.customer_id = cm.account_id ) ch ON cp.comment_id = ch.father_comment_id 
2020-10-09 23:02:06.288 DEBUG --- [http-nio-8762-exec-10] com.vtu.mapper.WorksMapper.getWorksByCondition_COUNT Line:143 - ==>  Preparing: select count(0) from (SELECT w.* FROM tb_works w WHERE w.status LIKE concat('%',?,'%') and w.type LIKE concat('%',?,'%') and (w.is_del IS NULL || length(w.is_del)!=0) ORDER BY w.works_id desc) tmp_count 
2020-10-09 23:02:06.289 DEBUG --- [http-nio-8762-exec-10] com.vtu.mapper.WorksMapper.getWorksByCondition_COUNT Line:143 - ==> Parameters: pass(String), 3(String)
2020-10-09 23:02:06.286 DEBUG --- [http-nio-8762-exec-1] com.vtu.mapper.CommentsMapper.selectByWorkId Line:143 - ==> Parameters: 167(Long)
2020-10-09 23:02:06.317 DEBUG --- [http-nio-8762-exec-9] com.vtu.mapper.WorksMapper.getWorksByCondition_COUNT Line:143 - <==      Total: 1
2020-10-09 23:02:06.319 DEBUG --- [http-nio-8762-exec-9] com.vtu.mapper.WorksMapper.getWorksByCondition Line:143 - ==>  Preparing: SELECT w.* FROM tb_works w WHERE w.status LIKE concat('%',?,'%') and w.type LIKE concat('%',?,'%') and (w.is_del IS NULL || length(w.is_del)!=0) ORDER BY w.works_id desc LIMIT ? 
2020-10-09 23:02:06.320 DEBUG --- [http-nio-8762-exec-9] com.vtu.mapper.WorksMapper.getWorksByCondition Line:143 - ==> Parameters: pass(String), 1(String), 4(Integer)
2020-10-09 23:02:06.321 DEBUG --- [http-nio-8762-exec-4] com.vtu.mapper.WorksMapper.getWorksByCondition_COUNT Line:143 - <==      Total: 1
2020-10-09 23:02:06.340 DEBUG --- [http-nio-8762-exec-10] com.vtu.mapper.WorksMapper.getWorksByCondition_COUNT Line:143 - <==      Total: 1
2020-10-09 23:02:06.387 DEBUG --- [http-nio-8762-exec-1] com.vtu.mapper.CommentsMapper.selectByWorkId Line:143 - <==      Total: 2
2020-10-09 23:02:06.392 DEBUG --- [http-nio-8762-exec-9] com.vtu.mapper.WorksMapper.getWorksByCondition Line:143 - <==      Total: 1
2020-10-09 23:02:10.103 DEBUG --- [http-nio-8762-exec-2] com.vtu.mapper.CommentsMapper.insert Line:143 - ==>  Preparing: insert into tb_comments (comment_id, father_comment_id, works_id, customer_id, comment, comment_time ) values (?, ?, ?, ?, ?, ? ) 
2020-10-09 23:02:10.104 DEBUG --- [http-nio-8762-exec-2] com.vtu.mapper.CommentsMapper.insert Line:143 - ==> Parameters: null, 1(Long), 167(Long), 12(Long), 的官方的(String), 2020-10-09 23:02:10.096(Timestamp)
2020-10-09 23:02:10.188 DEBUG --- [http-nio-8762-exec-2] com.vtu.mapper.CommentsMapper.insert Line:143 - <==    Updates: 1
2020-10-09 23:02:10.208 DEBUG --- [http-nio-8762-exec-8] com.vtu.mapper.CommentsMapper.selectByWorkId Line:143 - ==>  Preparing: SELECT cp.comment_id cp_comment_id, cp.father_comment_id cp_father_comment_id, cp.works_id cp_works_id, cp.customer_id cp_customer_id, cp.`comment` cp_comment, cp.comment_time cp_comment_time, cp.account_id cp_account_id, cp.`name` cp_account_name, cp.header_image_url cp_header_image_url, ch.comment_id cm_comment_id, ch.father_comment_id cm_father_comment_id, ch.works_id cm_works_id, ch.customer_id cm_customer_id, ch.`comment` cm_comment, ch.comment_time cm_comment_time, ch.account_id cm_account_id, ch.`name` cm_account_name, ch.header_image_url cm_header_image_url FROM ( SELECT * FROM tb_comments cs, tb_customer cm WHERE works_id = ? AND cs.customer_id = cm.account_id AND father_comment_id = 0 ) cp LEFT JOIN ( SELECT * FROM tb_comments cus, tb_customer cm WHERE cus.customer_id = cm.account_id ) ch ON cp.comment_id = ch.father_comment_id 
2020-10-09 23:02:10.209 DEBUG --- [http-nio-8762-exec-8] com.vtu.mapper.CommentsMapper.selectByWorkId Line:143 - ==> Parameters: 167(Long)
2020-10-09 23:02:10.283 DEBUG --- [http-nio-8762-exec-8] com.vtu.mapper.CommentsMapper.selectByWorkId Line:143 - <==      Total: 3
2020-10-09 23:02:58.016 DEBUG --- [http-nio-8762-exec-4] com.vtu.mapper.WorksMapper.getWorksById Line:143 - ==>  Preparing: SELECT * FROM tb_works WHERE works_id = ? 
2020-10-09 23:02:58.017 DEBUG --- [http-nio-8762-exec-4] com.vtu.mapper.WorksMapper.getWorksById Line:143 - ==> Parameters: 167(String)
2020-10-09 23:02:58.069 DEBUG --- [http-nio-8762-exec-4] com.vtu.mapper.WorksMapper.getWorksById Line:143 - <==      Total: 1
2020-10-09 23:02:59.653 DEBUG --- [http-nio-8762-exec-10] com.vtu.mapper.WorksMapper.getWorksByCondition_COUNT Line:143 - ==>  Preparing: select count(0) from (SELECT w.* FROM tb_works w WHERE w.status LIKE concat('%',?,'%') and w.type LIKE concat('%',?,'%') and (w.is_del IS NULL || length(w.is_del)!=0) ORDER BY w.works_id desc) tmp_count 
2020-10-09 23:02:59.654 DEBUG --- [http-nio-8762-exec-10] com.vtu.mapper.WorksMapper.getWorksByCondition_COUNT Line:143 - ==> Parameters: pass(String), 1(String)
2020-10-09 23:02:59.661 DEBUG --- [http-nio-8762-exec-1] com.vtu.mapper.CommentsMapper.selectByWorkId Line:143 - ==>  Preparing: SELECT cp.comment_id cp_comment_id, cp.father_comment_id cp_father_comment_id, cp.works_id cp_works_id, cp.customer_id cp_customer_id, cp.`comment` cp_comment, cp.comment_time cp_comment_time, cp.account_id cp_account_id, cp.`name` cp_account_name, cp.header_image_url cp_header_image_url, ch.comment_id cm_comment_id, ch.father_comment_id cm_father_comment_id, ch.works_id cm_works_id, ch.customer_id cm_customer_id, ch.`comment` cm_comment, ch.comment_time cm_comment_time, ch.account_id cm_account_id, ch.`name` cm_account_name, ch.header_image_url cm_header_image_url FROM ( SELECT * FROM tb_comments cs, tb_customer cm WHERE works_id = ? AND cs.customer_id = cm.account_id AND father_comment_id = 0 ) cp LEFT JOIN ( SELECT * FROM tb_comments cus, tb_customer cm WHERE cus.customer_id = cm.account_id ) ch ON cp.comment_id = ch.father_comment_id 
2020-10-09 23:02:59.662 DEBUG --- [http-nio-8762-exec-1] com.vtu.mapper.CommentsMapper.selectByWorkId Line:143 - ==> Parameters: 167(Long)
2020-10-09 23:02:59.666 DEBUG --- [http-nio-8762-exec-9] com.vtu.mapper.WorksMapper.getWorksByCondition_COUNT Line:143 - ==>  Preparing: select count(0) from (SELECT w.* FROM tb_works w WHERE w.status LIKE concat('%',?,'%') and w.type LIKE concat('%',?,'%') and (w.is_del IS NULL || length(w.is_del)!=0) ORDER BY w.works_id desc) tmp_count 
2020-10-09 23:02:59.667 DEBUG --- [http-nio-8762-exec-9] com.vtu.mapper.WorksMapper.getWorksByCondition_COUNT Line:143 - ==> Parameters: pass(String), 2(String)
2020-10-09 23:02:59.672 DEBUG --- [http-nio-8762-exec-2] com.vtu.mapper.WorksMapper.getWorksByCondition_COUNT Line:143 - ==>  Preparing: select count(0) from (SELECT w.* FROM tb_works w WHERE w.status LIKE concat('%',?,'%') and w.type LIKE concat('%',?,'%') and (w.is_del IS NULL || length(w.is_del)!=0) ORDER BY w.works_id desc) tmp_count 
2020-10-09 23:02:59.673 DEBUG --- [http-nio-8762-exec-2] com.vtu.mapper.WorksMapper.getWorksByCondition_COUNT Line:143 - ==> Parameters: pass(String), 3(String)
2020-10-09 23:02:59.700 DEBUG --- [http-nio-8762-exec-10] com.vtu.mapper.WorksMapper.getWorksByCondition_COUNT Line:143 - <==      Total: 1
2020-10-09 23:02:59.701 DEBUG --- [http-nio-8762-exec-10] com.vtu.mapper.WorksMapper.getWorksByCondition Line:143 - ==>  Preparing: SELECT w.* FROM tb_works w WHERE w.status LIKE concat('%',?,'%') and w.type LIKE concat('%',?,'%') and (w.is_del IS NULL || length(w.is_del)!=0) ORDER BY w.works_id desc LIMIT ? 
2020-10-09 23:02:59.702 DEBUG --- [http-nio-8762-exec-10] com.vtu.mapper.WorksMapper.getWorksByCondition Line:143 - ==> Parameters: pass(String), 1(String), 4(Integer)
2020-10-09 23:02:59.738 DEBUG --- [http-nio-8762-exec-1] com.vtu.mapper.CommentsMapper.selectByWorkId Line:143 - <==      Total: 3
2020-10-09 23:02:59.744 DEBUG --- [http-nio-8762-exec-9] com.vtu.mapper.WorksMapper.getWorksByCondition_COUNT Line:143 - <==      Total: 1
2020-10-09 23:02:59.765 DEBUG --- [http-nio-8762-exec-2] com.vtu.mapper.WorksMapper.getWorksByCondition_COUNT Line:143 - <==      Total: 1
2020-10-09 23:02:59.798 DEBUG --- [http-nio-8762-exec-10] com.vtu.mapper.WorksMapper.getWorksByCondition Line:143 - <==      Total: 1
2020-10-09 23:04:26.042 DEBUG --- [http-nio-8762-exec-3] com.vtu.mapper.WorksMapper.getWorksById Line:143 - ==>  Preparing: SELECT * FROM tb_works WHERE works_id = ? 
2020-10-09 23:04:26.043 DEBUG --- [http-nio-8762-exec-3] com.vtu.mapper.WorksMapper.getWorksById Line:143 - ==> Parameters: 167(String)
2020-10-09 23:04:26.153 DEBUG --- [http-nio-8762-exec-3] com.vtu.mapper.WorksMapper.getWorksById Line:143 - <==      Total: 1
2020-10-09 23:04:27.778 DEBUG --- [http-nio-8762-exec-4] com.vtu.mapper.WorksMapper.getWorksByCondition_COUNT Line:143 - ==>  Preparing: select count(0) from (SELECT w.* FROM tb_works w WHERE w.status LIKE concat('%',?,'%') and w.type LIKE concat('%',?,'%') and (w.is_del IS NULL || length(w.is_del)!=0) ORDER BY w.works_id desc) tmp_count 
2020-10-09 23:04:27.779 DEBUG --- [http-nio-8762-exec-4] com.vtu.mapper.WorksMapper.getWorksByCondition_COUNT Line:143 - ==> Parameters: pass(String), 1(String)
2020-10-09 23:04:27.877 DEBUG --- [http-nio-8762-exec-4] com.vtu.mapper.WorksMapper.getWorksByCondition_COUNT Line:143 - <==      Total: 1
2020-10-09 23:04:27.878 DEBUG --- [http-nio-8762-exec-4] com.vtu.mapper.WorksMapper.getWorksByCondition Line:143 - ==>  Preparing: SELECT w.* FROM tb_works w WHERE w.status LIKE concat('%',?,'%') and w.type LIKE concat('%',?,'%') and (w.is_del IS NULL || length(w.is_del)!=0) ORDER BY w.works_id desc LIMIT ? 
2020-10-09 23:04:27.878 DEBUG --- [http-nio-8762-exec-4] com.vtu.mapper.WorksMapper.getWorksByCondition Line:143 - ==> Parameters: pass(String), 1(String), 4(Integer)
2020-10-09 23:04:27.884 DEBUG --- [http-nio-8762-exec-1] com.vtu.mapper.WorksMapper.getWorksByCondition_COUNT Line:143 - ==>  Preparing: select count(0) from (SELECT w.* FROM tb_works w WHERE w.status LIKE concat('%',?,'%') and w.type LIKE concat('%',?,'%') and (w.is_del IS NULL || length(w.is_del)!=0) ORDER BY w.works_id desc) tmp_count 
2020-10-09 23:04:27.885 DEBUG --- [http-nio-8762-exec-1] com.vtu.mapper.WorksMapper.getWorksByCondition_COUNT Line:143 - ==> Parameters: pass(String), 2(String)
2020-10-09 23:04:27.893 DEBUG --- [http-nio-8762-exec-9] com.vtu.mapper.WorksMapper.getWorksByCondition_COUNT Line:143 - ==>  Preparing: select count(0) from (SELECT w.* FROM tb_works w WHERE w.status LIKE concat('%',?,'%') and w.type LIKE concat('%',?,'%') and (w.is_del IS NULL || length(w.is_del)!=0) ORDER BY w.works_id desc) tmp_count 
2020-10-09 23:04:27.894 DEBUG --- [http-nio-8762-exec-9] com.vtu.mapper.WorksMapper.getWorksByCondition_COUNT Line:143 - ==> Parameters: pass(String), 3(String)
2020-10-09 23:04:27.895 DEBUG --- [http-nio-8762-exec-2] com.vtu.mapper.CommentsMapper.selectByWorkId Line:143 - ==>  Preparing: SELECT cp.comment_id cp_comment_id, cp.father_comment_id cp_father_comment_id, cp.works_id cp_works_id, cp.customer_id cp_customer_id, cp.`comment` cp_comment, cp.comment_time cp_comment_time, cp.account_id cp_account_id, cp.`name` cp_account_name, cp.header_image_url cp_header_image_url, ch.comment_id cm_comment_id, ch.father_comment_id cm_father_comment_id, ch.works_id cm_works_id, ch.customer_id cm_customer_id, ch.`comment` cm_comment, ch.comment_time cm_comment_time, ch.account_id cm_account_id, ch.`name` cm_account_name, ch.header_image_url cm_header_image_url FROM ( SELECT * FROM tb_comments cs, tb_customer cm WHERE works_id = ? AND cs.customer_id = cm.account_id AND father_comment_id = 0 ) cp LEFT JOIN ( SELECT * FROM tb_comments cus, tb_customer cm WHERE cus.customer_id = cm.account_id ) ch ON cp.comment_id = ch.father_comment_id 
2020-10-09 23:04:27.896 DEBUG --- [http-nio-8762-exec-2] com.vtu.mapper.CommentsMapper.selectByWorkId Line:143 - ==> Parameters: 167(Long)
2020-10-09 23:04:27.920 DEBUG --- [http-nio-8762-exec-4] com.vtu.mapper.WorksMapper.getWorksByCondition Line:143 - <==      Total: 1
2020-10-09 23:04:27.934 DEBUG --- [http-nio-8762-exec-1] com.vtu.mapper.WorksMapper.getWorksByCondition_COUNT Line:143 - <==      Total: 1
2020-10-09 23:04:27.942 DEBUG --- [http-nio-8762-exec-9] com.vtu.mapper.WorksMapper.getWorksByCondition_COUNT Line:143 - <==      Total: 1
2020-10-09 23:04:28.004 DEBUG --- [http-nio-8762-exec-2] com.vtu.mapper.CommentsMapper.selectByWorkId Line:143 - <==      Total: 3
2020-10-09 23:06:33.769 DEBUG --- [http-nio-8762-exec-7] com.vtu.mapper.ManageMapper.findMange Line:143 - ==>  Preparing: select manage_id, manage_count, manage_password, manage_name, manage_desc from tb_manage WHERE manage_count = ? 
2020-10-09 23:06:33.769 DEBUG --- [http-nio-8762-exec-7] com.vtu.mapper.ManageMapper.findMange Line:143 - ==> Parameters: abc(String)
2020-10-09 23:06:33.862 DEBUG --- [http-nio-8762-exec-7] com.vtu.mapper.ManageMapper.findMange Line:143 - <==      Total: 1
2020-10-09 23:11:11.260 DEBUG --- [http-nio-8762-exec-4] com.vtu.mapper.WorksMapper.getWorksByCondition_COUNT Line:143 - ==>  Preparing: select count(0) from (SELECT w.* FROM tb_works w WHERE w.status LIKE concat('%',?,'%') and ( w.key_word LIKE concat('%', ?,'%') OR w.desc LIKE concat('%', ?,'%') OR w.title LIKE concat('%', ?,'%') ) and (w.is_del IS NULL || length(w.is_del)!=0) ORDER BY w.works_id desc) tmp_count 
2020-10-09 23:11:11.261 DEBUG --- [http-nio-8762-exec-4] com.vtu.mapper.WorksMapper.getWorksByCondition_COUNT Line:143 - ==> Parameters: auditing(String), (String), (String), (String)
2020-10-09 23:11:11.308 DEBUG --- [http-nio-8762-exec-4] com.vtu.mapper.WorksMapper.getWorksByCondition_COUNT Line:143 - <==      Total: 1
2020-10-09 23:17:17.637 DEBUG --- [http-nio-8762-exec-9] com.vtu.mapper.WorksMapper.getWorksByCondition_COUNT Line:143 - ==>  Preparing: select count(0) from (SELECT w.* FROM tb_works w WHERE w.status LIKE concat('%',?,'%') and ( w.key_word LIKE concat('%', ?,'%') OR w.desc LIKE concat('%', ?,'%') OR w.title LIKE concat('%', ?,'%') ) and (w.is_del IS NULL || length(w.is_del)!=0) ORDER BY w.works_id desc) tmp_count 
2020-10-09 23:17:17.639 DEBUG --- [http-nio-8762-exec-9] com.vtu.mapper.WorksMapper.getWorksByCondition_COUNT Line:143 - ==> Parameters: auditing(String), (String), (String), (String)
2020-10-09 23:17:17.746 DEBUG --- [http-nio-8762-exec-9] com.vtu.mapper.WorksMapper.getWorksByCondition_COUNT Line:143 - <==      Total: 1
2020-10-09 23:22:31.132 DEBUG --- [http-nio-8762-exec-10] com.vtu.mapper.WorksMapper.getWorksByCondition_COUNT Line:143 - ==>  Preparing: select count(0) from (SELECT w.* FROM tb_works w WHERE w.status LIKE concat('%',?,'%') and ( w.key_word LIKE concat('%', ?,'%') OR w.desc LIKE concat('%', ?,'%') OR w.title LIKE concat('%', ?,'%') ) and (w.is_del IS NULL || length(w.is_del)!=0) ORDER BY w.works_id desc) tmp_count 
2020-10-09 23:22:31.133 DEBUG --- [http-nio-8762-exec-10] com.vtu.mapper.WorksMapper.getWorksByCondition_COUNT Line:143 - ==> Parameters: auditing(String), (String), (String), (String)
2020-10-09 23:22:31.176 DEBUG --- [http-nio-8762-exec-10] com.vtu.mapper.WorksMapper.getWorksByCondition_COUNT Line:143 - <==      Total: 1
