2020-03-21 00:01:08.468 DEBUG --- [http-nio-8762-exec-2] com.vtu.mapper.WorksMapper.findAuditingWorks_COUNT Line:143 - ==>  Preparing: SELECT count(0) FROM tb_works w LEFT JOIN tb_works_url u ON w.works_id = u.works_id WHERE w.works_status LIKE concat('%', ?, '%') 
2020-03-21 00:01:08.471 DEBUG --- [http-nio-8762-exec-2] com.vtu.mapper.WorksMapper.findAuditingWorks_COUNT Line:143 - ==> Parameters: pass(String)
2020-03-21 00:01:08.499 DEBUG --- [http-nio-8762-exec-2] com.vtu.mapper.WorksMapper.findAuditingWorks_COUNT Line:143 - <==      Total: 1
2020-03-21 00:01:08.501 DEBUG --- [http-nio-8762-exec-2] com.vtu.mapper.WorksMapper.findAuditingWorks Line:143 - ==>  Preparing: SELECT w.works_id, w.works_title, w.works_desc, w.price,w.key_word, w.types_id,w.works_status,w.colorSytem,w.works_duration,channel,version, u.works_url_id,u.works_id, u.works_url,u.works_md5,u.works_name,u.works_size,u.compress_url,u.preview_url,u.synthesis_url FROM tb_works w LEFT JOIN tb_works_url u ON w.works_id = u.works_id WHERE w.works_status LIKE concat('%',?,'%') ORDER BY w.works_id desc LIMIT ? 
2020-03-21 00:01:08.502 DEBUG --- [http-nio-8762-exec-2] com.vtu.mapper.WorksMapper.findAuditingWorks Line:143 - ==> Parameters: pass(String), 4(Integer)
2020-03-21 00:01:08.535 DEBUG --- [http-nio-8762-exec-2] com.vtu.mapper.WorksMapper.findAuditingWorks Line:143 - <==      Total: 2
2020-03-21 00:02:21.844 DEBUG --- [http-nio-8762-exec-5] com.vtu.mapper.WorksMapper.findAuditingWorks_COUNT Line:143 - ==>  Preparing: SELECT count(0) FROM tb_works w LEFT JOIN tb_works_url u ON w.works_id = u.works_id WHERE w.works_status LIKE concat('%', ?, '%') 
2020-03-21 00:02:21.845 DEBUG --- [http-nio-8762-exec-5] com.vtu.mapper.WorksMapper.findAuditingWorks_COUNT Line:143 - ==> Parameters: pass(String)
2020-03-21 00:02:21.871 DEBUG --- [http-nio-8762-exec-5] com.vtu.mapper.WorksMapper.findAuditingWorks_COUNT Line:143 - <==      Total: 1
2020-03-21 00:02:21.873 DEBUG --- [http-nio-8762-exec-5] com.vtu.mapper.WorksMapper.findAuditingWorks Line:143 - ==>  Preparing: SELECT w.works_id, w.works_title, w.works_desc, w.price,w.key_word, w.types_id,w.works_status,w.colorSytem,w.works_duration,channel,version, u.works_url_id,u.works_id, u.works_url,u.works_md5,u.works_name,u.works_size,u.compress_url,u.preview_url,u.synthesis_url FROM tb_works w LEFT JOIN tb_works_url u ON w.works_id = u.works_id WHERE w.works_status LIKE concat('%',?,'%') ORDER BY w.works_id desc LIMIT ? 
2020-03-21 00:02:21.874 DEBUG --- [http-nio-8762-exec-5] com.vtu.mapper.WorksMapper.findAuditingWorks Line:143 - ==> Parameters: pass(String), 4(Integer)
2020-03-21 00:02:21.902 DEBUG --- [http-nio-8762-exec-5] com.vtu.mapper.WorksMapper.findAuditingWorks Line:143 - <==      Total: 2
2020-03-21 00:09:18.458 DEBUG --- [http-nio-8762-exec-7] com.vtu.mapper.WorksMapper.findAuditingWorks_COUNT Line:143 - ==>  Preparing: SELECT count(0) FROM tb_works w LEFT JOIN tb_works_url u ON w.works_id = u.works_id WHERE w.works_status LIKE concat('%', ?, '%') 
2020-03-21 00:09:18.459 DEBUG --- [http-nio-8762-exec-7] com.vtu.mapper.WorksMapper.findAuditingWorks_COUNT Line:143 - ==> Parameters: pass(String)
2020-03-21 00:09:18.485 DEBUG --- [http-nio-8762-exec-7] com.vtu.mapper.WorksMapper.findAuditingWorks_COUNT Line:143 - <==      Total: 1
2020-03-21 00:09:18.488 DEBUG --- [http-nio-8762-exec-7] com.vtu.mapper.WorksMapper.findAuditingWorks Line:143 - ==>  Preparing: SELECT w.works_id, w.works_title, w.works_desc, w.price,w.key_word, w.types_id,w.works_status,w.colorSytem,w.works_duration,channel,version, u.works_url_id,u.works_id, u.works_url,u.works_md5,u.works_name,u.works_size,u.compress_url,u.preview_url,u.synthesis_url FROM tb_works w LEFT JOIN tb_works_url u ON w.works_id = u.works_id WHERE w.works_status LIKE concat('%',?,'%') ORDER BY w.works_id desc LIMIT ? 
2020-03-21 00:09:18.489 DEBUG --- [http-nio-8762-exec-7] com.vtu.mapper.WorksMapper.findAuditingWorks Line:143 - ==> Parameters: pass(String), 4(Integer)
2020-03-21 00:09:18.516 DEBUG --- [http-nio-8762-exec-7] com.vtu.mapper.WorksMapper.findAuditingWorks Line:143 - <==      Total: 2
2020-03-21 00:10:02.563 DEBUG --- [http-nio-8762-exec-9] com.vtu.mapper.WorksMapper.findAuditingWorks_COUNT Line:143 - ==>  Preparing: SELECT count(0) FROM tb_works w LEFT JOIN tb_works_url u ON w.works_id = u.works_id WHERE w.works_status LIKE concat('%', ?, '%') 
2020-03-21 00:10:02.564 DEBUG --- [http-nio-8762-exec-9] com.vtu.mapper.WorksMapper.findAuditingWorks_COUNT Line:143 - ==> Parameters: pass(String)
2020-03-21 00:10:02.590 DEBUG --- [http-nio-8762-exec-9] com.vtu.mapper.WorksMapper.findAuditingWorks_COUNT Line:143 - <==      Total: 1
2020-03-21 00:10:02.592 DEBUG --- [http-nio-8762-exec-9] com.vtu.mapper.WorksMapper.findAuditingWorks Line:143 - ==>  Preparing: SELECT w.works_id, w.works_title, w.works_desc, w.price,w.key_word, w.types_id,w.works_status,w.colorSytem,w.works_duration,channel,version, u.works_url_id,u.works_id, u.works_url,u.works_md5,u.works_name,u.works_size,u.compress_url,u.preview_url,u.synthesis_url FROM tb_works w LEFT JOIN tb_works_url u ON w.works_id = u.works_id WHERE w.works_status LIKE concat('%',?,'%') ORDER BY w.works_id desc LIMIT ? 
2020-03-21 00:10:02.593 DEBUG --- [http-nio-8762-exec-9] com.vtu.mapper.WorksMapper.findAuditingWorks Line:143 - ==> Parameters: pass(String), 4(Integer)
2020-03-21 00:10:02.621 DEBUG --- [http-nio-8762-exec-9] com.vtu.mapper.WorksMapper.findAuditingWorks Line:143 - <==      Total: 2
2020-03-21 00:14:15.754 DEBUG --- [http-nio-8762-exec-1] com.vtu.mapper.WorksMapper.findAuditingWorks_COUNT Line:143 - ==>  Preparing: SELECT count(0) FROM tb_works w LEFT JOIN tb_works_url u ON w.works_id = u.works_id WHERE w.works_status LIKE concat('%', ?, '%') 
2020-03-21 00:14:15.755 DEBUG --- [http-nio-8762-exec-1] com.vtu.mapper.WorksMapper.findAuditingWorks_COUNT Line:143 - ==> Parameters: pass(String)
2020-03-21 00:14:15.781 DEBUG --- [http-nio-8762-exec-1] com.vtu.mapper.WorksMapper.findAuditingWorks_COUNT Line:143 - <==      Total: 1
2020-03-21 00:14:15.783 DEBUG --- [http-nio-8762-exec-1] com.vtu.mapper.WorksMapper.findAuditingWorks Line:143 - ==>  Preparing: SELECT w.works_id, w.works_title, w.works_desc, w.price,w.key_word, w.types_id,w.works_status,w.colorSytem,w.works_duration,channel,version, u.works_url_id,u.works_id, u.works_url,u.works_md5,u.works_name,u.works_size,u.compress_url,u.preview_url,u.synthesis_url FROM tb_works w LEFT JOIN tb_works_url u ON w.works_id = u.works_id WHERE w.works_status LIKE concat('%',?,'%') ORDER BY w.works_id desc LIMIT ? 
2020-03-21 00:14:15.784 DEBUG --- [http-nio-8762-exec-1] com.vtu.mapper.WorksMapper.findAuditingWorks Line:143 - ==> Parameters: pass(String), 4(Integer)
2020-03-21 00:14:15.811 DEBUG --- [http-nio-8762-exec-1] com.vtu.mapper.WorksMapper.findAuditingWorks Line:143 - <==      Total: 2
2020-03-21 00:14:29.197 DEBUG --- [http-nio-8762-exec-2] com.vtu.mapper.WorksMapper.findAuditingWorks_COUNT Line:143 - ==>  Preparing: SELECT count(0) FROM tb_works w LEFT JOIN tb_works_url u ON w.works_id = u.works_id WHERE w.works_status LIKE concat('%', ?, '%') 
2020-03-21 00:14:29.197 DEBUG --- [http-nio-8762-exec-2] com.vtu.mapper.WorksMapper.findAuditingWorks_COUNT Line:143 - ==> Parameters: pass(String)
2020-03-21 00:14:29.224 DEBUG --- [http-nio-8762-exec-2] com.vtu.mapper.WorksMapper.findAuditingWorks_COUNT Line:143 - <==      Total: 1
2020-03-21 00:14:29.226 DEBUG --- [http-nio-8762-exec-2] com.vtu.mapper.WorksMapper.findAuditingWorks Line:143 - ==>  Preparing: SELECT w.works_id, w.works_title, w.works_desc, w.price,w.key_word, w.types_id,w.works_status,w.colorSytem,w.works_duration,channel,version, u.works_url_id,u.works_id, u.works_url,u.works_md5,u.works_name,u.works_size,u.compress_url,u.preview_url,u.synthesis_url FROM tb_works w LEFT JOIN tb_works_url u ON w.works_id = u.works_id WHERE w.works_status LIKE concat('%',?,'%') ORDER BY w.works_id desc LIMIT ? 
2020-03-21 00:14:29.227 DEBUG --- [http-nio-8762-exec-2] com.vtu.mapper.WorksMapper.findAuditingWorks Line:143 - ==> Parameters: pass(String), 4(Integer)
2020-03-21 00:14:29.264 DEBUG --- [http-nio-8762-exec-2] com.vtu.mapper.WorksMapper.findAuditingWorks Line:143 - <==      Total: 2
2020-03-21 00:15:48.060 DEBUG --- [http-nio-8762-exec-5] com.vtu.mapper.CustomerMapper.selectByAuthCode Line:143 - ==>  Preparing: select account_id, account, password, name, phone, id_card, remain, is_vip, is_shoper, email, email_send_time,wxId, qqId,authCode,isAuth,sex from tb_customer where authCode = ? 
2020-03-21 00:15:48.061 DEBUG --- [http-nio-8762-exec-5] com.vtu.mapper.CustomerMapper.selectByAuthCode Line:143 - ==> Parameters: 1234(String)
2020-03-21 00:15:48.087 DEBUG --- [http-nio-8762-exec-5] com.vtu.mapper.CustomerMapper.selectByAuthCode Line:143 - <==      Total: 1
2020-03-21 00:15:48.089 DEBUG --- [http-nio-8762-exec-5] com.vtu.mapper.CustomerVipMapper.selectByAccountId Line:143 - ==>  Preparing: select id, account_id, vip_detail_id, start_time, end_time, is_vip from tb_customer_vip where account_id = ? 
2020-03-21 00:15:48.089 DEBUG --- [http-nio-8762-exec-5] com.vtu.mapper.CustomerVipMapper.selectByAccountId Line:143 - ==> Parameters: 12(Long)
2020-03-21 00:15:48.115 DEBUG --- [http-nio-8762-exec-5] com.vtu.mapper.CustomerVipMapper.selectByAccountId Line:143 - <==      Total: 0
2020-03-21 00:15:48.116 DEBUG --- [http-nio-8762-exec-5] com.vtu.mapper.CustomerMapper.updateByPrimaryKey Line:143 - ==>  Preparing: update tb_customer set account = ?, password = ?, name = ?, sex = ?, phone = ?, id_card = ?, remain = ?, is_vip = ?, is_shoper = ?, email = ?, email_send_time = ?, wxId = ?, qqId = ?, authCode = ?, isAuth = ? where account_id = ? 
2020-03-21 00:15:48.116 DEBUG --- [http-nio-8762-exec-5] com.vtu.mapper.CustomerMapper.updateByPrimaryKey Line:143 - ==> Parameters: VT20200124153831154(String), null, 视频大师(String), null, null, null, null, null, null, 123213(String), 2020-01-24 15:38:31:154(String), null, null, 1234(String), true(String), 12(Long)
2020-03-21 00:15:48.168 DEBUG --- [http-nio-8762-exec-5] com.vtu.mapper.CustomerMapper.updateByPrimaryKey Line:143 - <==    Updates: 1
2020-03-21 00:15:51.302 DEBUG --- [http-nio-8762-exec-6] com.vtu.mapper.WorksMapper.findAuditingWorks_COUNT Line:143 - ==>  Preparing: SELECT count(0) FROM tb_works w LEFT JOIN tb_works_url u ON w.works_id = u.works_id WHERE w.works_status LIKE concat('%', ?, '%') 
2020-03-21 00:15:51.302 DEBUG --- [http-nio-8762-exec-6] com.vtu.mapper.WorksMapper.findAuditingWorks_COUNT Line:143 - ==> Parameters: pass(String)
2020-03-21 00:15:51.331 DEBUG --- [http-nio-8762-exec-6] com.vtu.mapper.WorksMapper.findAuditingWorks_COUNT Line:143 - <==      Total: 1
2020-03-21 00:15:51.333 DEBUG --- [http-nio-8762-exec-6] com.vtu.mapper.WorksMapper.findAuditingWorks Line:143 - ==>  Preparing: SELECT w.works_id, w.works_title, w.works_desc, w.price,w.key_word, w.types_id,w.works_status,w.colorSytem,w.works_duration,channel,version, u.works_url_id,u.works_id, u.works_url,u.works_md5,u.works_name,u.works_size,u.compress_url,u.preview_url,u.synthesis_url FROM tb_works w LEFT JOIN tb_works_url u ON w.works_id = u.works_id WHERE w.works_status LIKE concat('%',?,'%') ORDER BY w.works_id desc LIMIT ? 
2020-03-21 00:15:51.334 DEBUG --- [http-nio-8762-exec-6] com.vtu.mapper.WorksMapper.findAuditingWorks Line:143 - ==> Parameters: pass(String), 4(Integer)
2020-03-21 00:15:51.373 DEBUG --- [http-nio-8762-exec-6] com.vtu.mapper.WorksMapper.findAuditingWorks Line:143 - <==      Total: 2
2020-03-21 00:16:01.903 DEBUG --- [http-nio-8762-exec-8] com.vtu.mapper.WorksMapper.findAuditingWorks_COUNT Line:143 - ==>  Preparing: SELECT count(0) FROM tb_works w LEFT JOIN tb_works_url u ON w.works_id = u.works_id WHERE w.works_status LIKE concat('%', ?, '%') 
2020-03-21 00:16:01.904 DEBUG --- [http-nio-8762-exec-8] com.vtu.mapper.WorksMapper.findAuditingWorks_COUNT Line:143 - ==> Parameters: pass(String)
2020-03-21 00:16:01.933 DEBUG --- [http-nio-8762-exec-8] com.vtu.mapper.WorksMapper.findAuditingWorks_COUNT Line:143 - <==      Total: 1
2020-03-21 00:16:01.935 DEBUG --- [http-nio-8762-exec-8] com.vtu.mapper.WorksMapper.findAuditingWorks Line:143 - ==>  Preparing: SELECT w.works_id, w.works_title, w.works_desc, w.price,w.key_word, w.types_id,w.works_status,w.colorSytem,w.works_duration,channel,version, u.works_url_id,u.works_id, u.works_url,u.works_md5,u.works_name,u.works_size,u.compress_url,u.preview_url,u.synthesis_url FROM tb_works w LEFT JOIN tb_works_url u ON w.works_id = u.works_id WHERE w.works_status LIKE concat('%',?,'%') ORDER BY w.works_id desc LIMIT ? 
2020-03-21 00:16:01.936 DEBUG --- [http-nio-8762-exec-8] com.vtu.mapper.WorksMapper.findAuditingWorks Line:143 - ==> Parameters: pass(String), 4(Integer)
2020-03-21 00:16:01.968 DEBUG --- [http-nio-8762-exec-8] com.vtu.mapper.WorksMapper.findAuditingWorks Line:143 - <==      Total: 2
2020-03-21 00:16:34.065 DEBUG --- [http-nio-8762-exec-10] com.vtu.mapper.WorksMapper.findAuditingWorks_COUNT Line:143 - ==>  Preparing: SELECT count(0) FROM tb_works w LEFT JOIN tb_works_url u ON w.works_id = u.works_id WHERE w.works_status LIKE concat('%', ?, '%') 
2020-03-21 00:16:34.065 DEBUG --- [http-nio-8762-exec-10] com.vtu.mapper.WorksMapper.findAuditingWorks_COUNT Line:143 - ==> Parameters: pass(String)
2020-03-21 00:16:34.093 DEBUG --- [http-nio-8762-exec-10] com.vtu.mapper.WorksMapper.findAuditingWorks_COUNT Line:143 - <==      Total: 1
2020-03-21 00:16:34.096 DEBUG --- [http-nio-8762-exec-10] com.vtu.mapper.WorksMapper.findAuditingWorks Line:143 - ==>  Preparing: SELECT w.works_id, w.works_title, w.works_desc, w.price,w.key_word, w.types_id,w.works_status,w.colorSytem,w.works_duration,channel,version, u.works_url_id,u.works_id, u.works_url,u.works_md5,u.works_name,u.works_size,u.compress_url,u.preview_url,u.synthesis_url FROM tb_works w LEFT JOIN tb_works_url u ON w.works_id = u.works_id WHERE w.works_status LIKE concat('%',?,'%') ORDER BY w.works_id desc LIMIT ? 
2020-03-21 00:16:34.096 DEBUG --- [http-nio-8762-exec-10] com.vtu.mapper.WorksMapper.findAuditingWorks Line:143 - ==> Parameters: pass(String), 4(Integer)
2020-03-21 00:16:34.125 DEBUG --- [http-nio-8762-exec-10] com.vtu.mapper.WorksMapper.findAuditingWorks Line:143 - <==      Total: 2
2020-03-21 00:18:27.071 DEBUG --- [http-nio-8762-exec-3] com.vtu.mapper.WorksMapper.findAuditingWorks_COUNT Line:143 - ==>  Preparing: SELECT count(0) FROM tb_works w LEFT JOIN tb_works_url u ON w.works_id = u.works_id WHERE w.works_status LIKE concat('%', ?, '%') 
2020-03-21 00:18:27.072 DEBUG --- [http-nio-8762-exec-3] com.vtu.mapper.WorksMapper.findAuditingWorks_COUNT Line:143 - ==> Parameters: pass(String)
2020-03-21 00:18:27.099 DEBUG --- [http-nio-8762-exec-3] com.vtu.mapper.WorksMapper.findAuditingWorks_COUNT Line:143 - <==      Total: 1
2020-03-21 00:18:27.100 DEBUG --- [http-nio-8762-exec-3] com.vtu.mapper.WorksMapper.findAuditingWorks Line:143 - ==>  Preparing: SELECT w.works_id, w.works_title, w.works_desc, w.price,w.key_word, w.types_id,w.works_status,w.colorSytem,w.works_duration,channel,version, u.works_url_id,u.works_id, u.works_url,u.works_md5,u.works_name,u.works_size,u.compress_url,u.preview_url,u.synthesis_url FROM tb_works w LEFT JOIN tb_works_url u ON w.works_id = u.works_id WHERE w.works_status LIKE concat('%',?,'%') ORDER BY w.works_id desc LIMIT ? 
2020-03-21 00:18:27.101 DEBUG --- [http-nio-8762-exec-3] com.vtu.mapper.WorksMapper.findAuditingWorks Line:143 - ==> Parameters: pass(String), 4(Integer)
2020-03-21 00:18:27.129 DEBUG --- [http-nio-8762-exec-3] com.vtu.mapper.WorksMapper.findAuditingWorks Line:143 - <==      Total: 2
2020-03-21 00:19:27.078 DEBUG --- [http-nio-8762-exec-4] com.vtu.mapper.WorksMapper.findAuditingWorks_COUNT Line:143 - ==>  Preparing: SELECT count(0) FROM tb_works w LEFT JOIN tb_works_url u ON w.works_id = u.works_id WHERE w.works_status LIKE concat('%', ?, '%') 
2020-03-21 00:19:27.079 DEBUG --- [http-nio-8762-exec-4] com.vtu.mapper.WorksMapper.findAuditingWorks_COUNT Line:143 - ==> Parameters: pass(String)
2020-03-21 00:19:27.108 DEBUG --- [http-nio-8762-exec-4] com.vtu.mapper.WorksMapper.findAuditingWorks_COUNT Line:143 - <==      Total: 1
2020-03-21 00:19:27.109 DEBUG --- [http-nio-8762-exec-4] com.vtu.mapper.WorksMapper.findAuditingWorks Line:143 - ==>  Preparing: SELECT w.works_id, w.works_title, w.works_desc, w.price,w.key_word, w.types_id,w.works_status,w.colorSytem,w.works_duration,channel,version, u.works_url_id,u.works_id, u.works_url,u.works_md5,u.works_name,u.works_size,u.compress_url,u.preview_url,u.synthesis_url FROM tb_works w LEFT JOIN tb_works_url u ON w.works_id = u.works_id WHERE w.works_status LIKE concat('%',?,'%') ORDER BY w.works_id desc LIMIT ? 
2020-03-21 00:19:27.110 DEBUG --- [http-nio-8762-exec-4] com.vtu.mapper.WorksMapper.findAuditingWorks Line:143 - ==> Parameters: pass(String), 4(Integer)
2020-03-21 00:19:27.141 DEBUG --- [http-nio-8762-exec-4] com.vtu.mapper.WorksMapper.findAuditingWorks Line:143 - <==      Total: 2
2020-03-21 00:19:46.116 DEBUG --- [http-nio-8762-exec-6] com.vtu.mapper.WorksMapper.findAuditingWorks_COUNT Line:143 - ==>  Preparing: SELECT count(0) FROM tb_works w LEFT JOIN tb_works_url u ON w.works_id = u.works_id WHERE w.works_status LIKE concat('%', ?, '%') 
2020-03-21 00:19:46.117 DEBUG --- [http-nio-8762-exec-6] com.vtu.mapper.WorksMapper.findAuditingWorks_COUNT Line:143 - ==> Parameters: pass(String)
2020-03-21 00:19:46.144 DEBUG --- [http-nio-8762-exec-6] com.vtu.mapper.WorksMapper.findAuditingWorks_COUNT Line:143 - <==      Total: 1
2020-03-21 00:19:46.146 DEBUG --- [http-nio-8762-exec-6] com.vtu.mapper.WorksMapper.findAuditingWorks Line:143 - ==>  Preparing: SELECT w.works_id, w.works_title, w.works_desc, w.price,w.key_word, w.types_id,w.works_status,w.colorSytem,w.works_duration,channel,version, u.works_url_id,u.works_id, u.works_url,u.works_md5,u.works_name,u.works_size,u.compress_url,u.preview_url,u.synthesis_url FROM tb_works w LEFT JOIN tb_works_url u ON w.works_id = u.works_id WHERE w.works_status LIKE concat('%',?,'%') ORDER BY w.works_id desc LIMIT ? 
2020-03-21 00:19:46.147 DEBUG --- [http-nio-8762-exec-6] com.vtu.mapper.WorksMapper.findAuditingWorks Line:143 - ==> Parameters: pass(String), 4(Integer)
2020-03-21 00:19:46.175 DEBUG --- [http-nio-8762-exec-6] com.vtu.mapper.WorksMapper.findAuditingWorks Line:143 - <==      Total: 2
2020-03-21 00:19:58.230 DEBUG --- [http-nio-8762-exec-8] com.vtu.mapper.WorksMapper.findAuditingWorks_COUNT Line:143 - ==>  Preparing: SELECT count(0) FROM tb_works w LEFT JOIN tb_works_url u ON w.works_id = u.works_id WHERE w.works_status LIKE concat('%', ?, '%') 
2020-03-21 00:19:58.231 DEBUG --- [http-nio-8762-exec-8] com.vtu.mapper.WorksMapper.findAuditingWorks_COUNT Line:143 - ==> Parameters: pass(String)
2020-03-21 00:19:58.257 DEBUG --- [http-nio-8762-exec-8] com.vtu.mapper.WorksMapper.findAuditingWorks_COUNT Line:143 - <==      Total: 1
2020-03-21 00:19:58.259 DEBUG --- [http-nio-8762-exec-8] com.vtu.mapper.WorksMapper.findAuditingWorks Line:143 - ==>  Preparing: SELECT w.works_id, w.works_title, w.works_desc, w.price,w.key_word, w.types_id,w.works_status,w.colorSytem,w.works_duration,channel,version, u.works_url_id,u.works_id, u.works_url,u.works_md5,u.works_name,u.works_size,u.compress_url,u.preview_url,u.synthesis_url FROM tb_works w LEFT JOIN tb_works_url u ON w.works_id = u.works_id WHERE w.works_status LIKE concat('%',?,'%') ORDER BY w.works_id desc LIMIT ? 
2020-03-21 00:19:58.259 DEBUG --- [http-nio-8762-exec-8] com.vtu.mapper.WorksMapper.findAuditingWorks Line:143 - ==> Parameters: pass(String), 4(Integer)
2020-03-21 00:19:58.288 DEBUG --- [http-nio-8762-exec-8] com.vtu.mapper.WorksMapper.findAuditingWorks Line:143 - <==      Total: 2
2020-03-21 00:27:56.346 DEBUG --- [http-nio-8762-exec-10] com.vtu.mapper.CustomerMapper.selectByAuthCode Line:143 - ==>  Preparing: select account_id, account, password, name, phone, id_card, remain, is_vip, is_shoper, email, email_send_time,wxId, qqId,authCode,isAuth,sex from tb_customer where authCode = ? 
2020-03-21 00:27:56.346 DEBUG --- [http-nio-8762-exec-10] com.vtu.mapper.CustomerMapper.selectByAuthCode Line:143 - ==> Parameters: 1234(String)
2020-03-21 00:27:56.379 DEBUG --- [http-nio-8762-exec-10] com.vtu.mapper.CustomerMapper.selectByAuthCode Line:143 - <==      Total: 1
2020-03-21 00:27:56.382 DEBUG --- [http-nio-8762-exec-10] com.vtu.mapper.CustomerVipMapper.selectByAccountId Line:143 - ==>  Preparing: select id, account_id, vip_detail_id, start_time, end_time, is_vip from tb_customer_vip where account_id = ? 
2020-03-21 00:27:56.382 DEBUG --- [http-nio-8762-exec-10] com.vtu.mapper.CustomerVipMapper.selectByAccountId Line:143 - ==> Parameters: 12(Long)
2020-03-21 00:27:56.414 DEBUG --- [http-nio-8762-exec-10] com.vtu.mapper.CustomerVipMapper.selectByAccountId Line:143 - <==      Total: 0
2020-03-21 00:27:56.416 DEBUG --- [http-nio-8762-exec-10] com.vtu.mapper.CustomerMapper.updateByPrimaryKey Line:143 - ==>  Preparing: update tb_customer set account = ?, password = ?, name = ?, sex = ?, phone = ?, id_card = ?, remain = ?, is_vip = ?, is_shoper = ?, email = ?, email_send_time = ?, wxId = ?, qqId = ?, authCode = ?, isAuth = ? where account_id = ? 
2020-03-21 00:27:56.417 DEBUG --- [http-nio-8762-exec-10] com.vtu.mapper.CustomerMapper.updateByPrimaryKey Line:143 - ==> Parameters: VT20200124153831154(String), null, 视频大师(String), null, null, null, null, null, null, 123213(String), 2020-01-24 15:38:31:154(String), null, null, 1234(String), true(String), 12(Long)
2020-03-21 00:27:56.470 DEBUG --- [http-nio-8762-exec-10] com.vtu.mapper.CustomerMapper.updateByPrimaryKey Line:143 - <==    Updates: 1
2020-03-21 00:27:59.310 DEBUG --- [http-nio-8762-exec-1] com.vtu.mapper.WorksMapper.findAuditingWorks_COUNT Line:143 - ==>  Preparing: SELECT count(0) FROM tb_works w LEFT JOIN tb_works_url u ON w.works_id = u.works_id WHERE w.works_status LIKE concat('%', ?, '%') 
2020-03-21 00:27:59.311 DEBUG --- [http-nio-8762-exec-1] com.vtu.mapper.WorksMapper.findAuditingWorks_COUNT Line:143 - ==> Parameters: pass(String)
2020-03-21 00:27:59.338 DEBUG --- [http-nio-8762-exec-1] com.vtu.mapper.WorksMapper.findAuditingWorks_COUNT Line:143 - <==      Total: 1
2020-03-21 00:27:59.340 DEBUG --- [http-nio-8762-exec-1] com.vtu.mapper.WorksMapper.findAuditingWorks Line:143 - ==>  Preparing: SELECT w.works_id, w.works_title, w.works_desc, w.price,w.key_word, w.types_id,w.works_status,w.colorSytem,w.works_duration,channel,version, u.works_url_id,u.works_id, u.works_url,u.works_md5,u.works_name,u.works_size,u.compress_url,u.preview_url,u.synthesis_url FROM tb_works w LEFT JOIN tb_works_url u ON w.works_id = u.works_id WHERE w.works_status LIKE concat('%',?,'%') ORDER BY w.works_id desc LIMIT ? 
2020-03-21 00:27:59.341 DEBUG --- [http-nio-8762-exec-1] com.vtu.mapper.WorksMapper.findAuditingWorks Line:143 - ==> Parameters: pass(String), 4(Integer)
2020-03-21 00:27:59.370 DEBUG --- [http-nio-8762-exec-1] com.vtu.mapper.WorksMapper.findAuditingWorks Line:143 - <==      Total: 2
2020-03-21 00:28:05.845 DEBUG --- [http-nio-8762-exec-2] com.vtu.mapper.WorksMapper.findAuditingWorks_COUNT Line:143 - ==>  Preparing: SELECT count(0) FROM tb_works w LEFT JOIN tb_works_url u ON w.works_id = u.works_id WHERE w.works_status LIKE concat('%', ?, '%') 
2020-03-21 00:28:05.846 DEBUG --- [http-nio-8762-exec-2] com.vtu.mapper.WorksMapper.findAuditingWorks_COUNT Line:143 - ==> Parameters: pass(String)
2020-03-21 00:28:05.873 DEBUG --- [http-nio-8762-exec-2] com.vtu.mapper.WorksMapper.findAuditingWorks_COUNT Line:143 - <==      Total: 1
2020-03-21 00:28:05.875 DEBUG --- [http-nio-8762-exec-2] com.vtu.mapper.WorksMapper.findAuditingWorks Line:143 - ==>  Preparing: SELECT w.works_id, w.works_title, w.works_desc, w.price,w.key_word, w.types_id,w.works_status,w.colorSytem,w.works_duration,channel,version, u.works_url_id,u.works_id, u.works_url,u.works_md5,u.works_name,u.works_size,u.compress_url,u.preview_url,u.synthesis_url FROM tb_works w LEFT JOIN tb_works_url u ON w.works_id = u.works_id WHERE w.works_status LIKE concat('%',?,'%') ORDER BY w.works_id desc LIMIT ? 
2020-03-21 00:28:05.876 DEBUG --- [http-nio-8762-exec-2] com.vtu.mapper.WorksMapper.findAuditingWorks Line:143 - ==> Parameters: pass(String), 4(Integer)
2020-03-21 00:28:05.904 DEBUG --- [http-nio-8762-exec-2] com.vtu.mapper.WorksMapper.findAuditingWorks Line:143 - <==      Total: 2
2020-03-21 00:28:10.537 DEBUG --- [http-nio-8762-exec-4] com.vtu.mapper.WorksMapper.findAuditingWorks_COUNT Line:143 - ==>  Preparing: SELECT count(0) FROM tb_works w LEFT JOIN tb_works_url u ON w.works_id = u.works_id WHERE w.works_status LIKE concat('%', ?, '%') 
2020-03-21 00:28:10.538 DEBUG --- [http-nio-8762-exec-4] com.vtu.mapper.WorksMapper.findAuditingWorks_COUNT Line:143 - ==> Parameters: pass(String)
2020-03-21 00:28:10.565 DEBUG --- [http-nio-8762-exec-4] com.vtu.mapper.WorksMapper.findAuditingWorks_COUNT Line:143 - <==      Total: 1
2020-03-21 00:28:10.567 DEBUG --- [http-nio-8762-exec-4] com.vtu.mapper.WorksMapper.findAuditingWorks Line:143 - ==>  Preparing: SELECT w.works_id, w.works_title, w.works_desc, w.price,w.key_word, w.types_id,w.works_status,w.colorSytem,w.works_duration,channel,version, u.works_url_id,u.works_id, u.works_url,u.works_md5,u.works_name,u.works_size,u.compress_url,u.preview_url,u.synthesis_url FROM tb_works w LEFT JOIN tb_works_url u ON w.works_id = u.works_id WHERE w.works_status LIKE concat('%',?,'%') ORDER BY w.works_id desc LIMIT ? 
2020-03-21 00:28:10.568 DEBUG --- [http-nio-8762-exec-4] com.vtu.mapper.WorksMapper.findAuditingWorks Line:143 - ==> Parameters: pass(String), 4(Integer)
2020-03-21 00:28:10.595 DEBUG --- [http-nio-8762-exec-4] com.vtu.mapper.WorksMapper.findAuditingWorks Line:143 - <==      Total: 2
2020-03-21 00:30:04.329 DEBUG --- [http-nio-8762-exec-6] com.vtu.mapper.WorksMapper.findAuditingWorks_COUNT Line:143 - ==>  Preparing: SELECT count(0) FROM tb_works w LEFT JOIN tb_works_url u ON w.works_id = u.works_id WHERE w.works_status LIKE concat('%', ?, '%') 
2020-03-21 00:30:04.330 DEBUG --- [http-nio-8762-exec-6] com.vtu.mapper.WorksMapper.findAuditingWorks_COUNT Line:143 - ==> Parameters: pass(String)
2020-03-21 00:30:04.388 DEBUG --- [http-nio-8762-exec-6] com.vtu.mapper.WorksMapper.findAuditingWorks_COUNT Line:143 - <==      Total: 1
2020-03-21 00:30:04.389 DEBUG --- [http-nio-8762-exec-6] com.vtu.mapper.WorksMapper.findAuditingWorks Line:143 - ==>  Preparing: SELECT w.works_id, w.works_title, w.works_desc, w.price,w.key_word, w.types_id,w.works_status,w.colorSytem,w.works_duration,channel,version, u.works_url_id,u.works_id, u.works_url,u.works_md5,u.works_name,u.works_size,u.compress_url,u.preview_url,u.synthesis_url FROM tb_works w LEFT JOIN tb_works_url u ON w.works_id = u.works_id WHERE w.works_status LIKE concat('%',?,'%') ORDER BY w.works_id desc LIMIT ? 
2020-03-21 00:30:04.390 DEBUG --- [http-nio-8762-exec-6] com.vtu.mapper.WorksMapper.findAuditingWorks Line:143 - ==> Parameters: pass(String), 4(Integer)
2020-03-21 00:30:04.419 DEBUG --- [http-nio-8762-exec-6] com.vtu.mapper.WorksMapper.findAuditingWorks Line:143 - <==      Total: 2
2020-03-21 00:34:56.202 DEBUG --- [http-nio-8762-exec-8] com.vtu.mapper.WorksMapper.findAuditingWorks_COUNT Line:143 - ==>  Preparing: SELECT count(0) FROM tb_works w LEFT JOIN tb_works_url u ON w.works_id = u.works_id WHERE w.works_status LIKE concat('%', ?, '%') 
2020-03-21 00:34:56.203 DEBUG --- [http-nio-8762-exec-8] com.vtu.mapper.WorksMapper.findAuditingWorks_COUNT Line:143 - ==> Parameters: pass(String)
2020-03-21 00:34:56.230 DEBUG --- [http-nio-8762-exec-8] com.vtu.mapper.WorksMapper.findAuditingWorks_COUNT Line:143 - <==      Total: 1
2020-03-21 00:34:56.232 DEBUG --- [http-nio-8762-exec-8] com.vtu.mapper.WorksMapper.findAuditingWorks Line:143 - ==>  Preparing: SELECT w.works_id, w.works_title, w.works_desc, w.price,w.key_word, w.types_id,w.works_status,w.colorSytem,w.works_duration,channel,version, u.works_url_id,u.works_id, u.works_url,u.works_md5,u.works_name,u.works_size,u.compress_url,u.preview_url,u.synthesis_url FROM tb_works w LEFT JOIN tb_works_url u ON w.works_id = u.works_id WHERE w.works_status LIKE concat('%',?,'%') ORDER BY w.works_id desc LIMIT ? 
2020-03-21 00:34:56.233 DEBUG --- [http-nio-8762-exec-8] com.vtu.mapper.WorksMapper.findAuditingWorks Line:143 - ==> Parameters: pass(String), 4(Integer)
2020-03-21 00:34:56.260 DEBUG --- [http-nio-8762-exec-8] com.vtu.mapper.WorksMapper.findAuditingWorks Line:143 - <==      Total: 2
2020-03-21 00:37:09.645 DEBUG --- [http-nio-8762-exec-10] com.vtu.mapper.WorksMapper.findAuditingWorks_COUNT Line:143 - ==>  Preparing: SELECT count(0) FROM tb_works w LEFT JOIN tb_works_url u ON w.works_id = u.works_id WHERE w.works_status LIKE concat('%', ?, '%') 
2020-03-21 00:37:09.646 DEBUG --- [http-nio-8762-exec-10] com.vtu.mapper.WorksMapper.findAuditingWorks_COUNT Line:143 - ==> Parameters: pass(String)
2020-03-21 00:37:09.676 DEBUG --- [http-nio-8762-exec-10] com.vtu.mapper.WorksMapper.findAuditingWorks_COUNT Line:143 - <==      Total: 1
2020-03-21 00:37:09.678 DEBUG --- [http-nio-8762-exec-10] com.vtu.mapper.WorksMapper.findAuditingWorks Line:143 - ==>  Preparing: SELECT w.works_id, w.works_title, w.works_desc, w.price,w.key_word, w.types_id,w.works_status,w.colorSytem,w.works_duration,channel,version, u.works_url_id,u.works_id, u.works_url,u.works_md5,u.works_name,u.works_size,u.compress_url,u.preview_url,u.synthesis_url FROM tb_works w LEFT JOIN tb_works_url u ON w.works_id = u.works_id WHERE w.works_status LIKE concat('%',?,'%') ORDER BY w.works_id desc LIMIT ? 
2020-03-21 00:37:09.679 DEBUG --- [http-nio-8762-exec-10] com.vtu.mapper.WorksMapper.findAuditingWorks Line:143 - ==> Parameters: pass(String), 4(Integer)
2020-03-21 00:37:09.707 DEBUG --- [http-nio-8762-exec-10] com.vtu.mapper.WorksMapper.findAuditingWorks Line:143 - <==      Total: 2
2020-03-21 00:37:14.582 DEBUG --- [http-nio-8762-exec-1] com.vtu.mapper.WorksMapper.findAuditingWorks_COUNT Line:143 - ==>  Preparing: SELECT count(0) FROM tb_works w LEFT JOIN tb_works_url u ON w.works_id = u.works_id WHERE w.works_status LIKE concat('%', ?, '%') 
2020-03-21 00:37:14.583 DEBUG --- [http-nio-8762-exec-1] com.vtu.mapper.WorksMapper.findAuditingWorks_COUNT Line:143 - ==> Parameters: pass(String)
2020-03-21 00:37:14.611 DEBUG --- [http-nio-8762-exec-1] com.vtu.mapper.WorksMapper.findAuditingWorks_COUNT Line:143 - <==      Total: 1
2020-03-21 00:37:14.613 DEBUG --- [http-nio-8762-exec-1] com.vtu.mapper.WorksMapper.findAuditingWorks Line:143 - ==>  Preparing: SELECT w.works_id, w.works_title, w.works_desc, w.price,w.key_word, w.types_id,w.works_status,w.colorSytem,w.works_duration,channel,version, u.works_url_id,u.works_id, u.works_url,u.works_md5,u.works_name,u.works_size,u.compress_url,u.preview_url,u.synthesis_url FROM tb_works w LEFT JOIN tb_works_url u ON w.works_id = u.works_id WHERE w.works_status LIKE concat('%',?,'%') ORDER BY w.works_id desc LIMIT ? 
2020-03-21 00:37:14.613 DEBUG --- [http-nio-8762-exec-1] com.vtu.mapper.WorksMapper.findAuditingWorks Line:143 - ==> Parameters: pass(String), 4(Integer)
2020-03-21 00:37:14.641 DEBUG --- [http-nio-8762-exec-1] com.vtu.mapper.WorksMapper.findAuditingWorks Line:143 - <==      Total: 2
2020-03-21 00:38:22.266 DEBUG --- [http-nio-8762-exec-2] com.vtu.mapper.CustomerMapper.selectByAuthCode Line:143 - ==>  Preparing: select account_id, account, password, name, phone, id_card, remain, is_vip, is_shoper, email, email_send_time,wxId, qqId,authCode,isAuth,sex from tb_customer where authCode = ? 
2020-03-21 00:38:22.268 DEBUG --- [http-nio-8762-exec-2] com.vtu.mapper.CustomerMapper.selectByAuthCode Line:143 - ==> Parameters: 1234(String)
2020-03-21 00:38:22.295 DEBUG --- [http-nio-8762-exec-2] com.vtu.mapper.CustomerMapper.selectByAuthCode Line:143 - <==      Total: 1
2020-03-21 00:38:22.298 DEBUG --- [http-nio-8762-exec-2] com.vtu.mapper.CustomerVipMapper.selectByAccountId Line:143 - ==>  Preparing: select id, account_id, vip_detail_id, start_time, end_time, is_vip from tb_customer_vip where account_id = ? 
2020-03-21 00:38:22.299 DEBUG --- [http-nio-8762-exec-2] com.vtu.mapper.CustomerVipMapper.selectByAccountId Line:143 - ==> Parameters: 12(Long)
2020-03-21 00:38:22.326 DEBUG --- [http-nio-8762-exec-2] com.vtu.mapper.CustomerVipMapper.selectByAccountId Line:143 - <==      Total: 0
2020-03-21 00:38:22.328 DEBUG --- [http-nio-8762-exec-2] com.vtu.mapper.CustomerMapper.updateByPrimaryKey Line:143 - ==>  Preparing: update tb_customer set account = ?, password = ?, name = ?, sex = ?, phone = ?, id_card = ?, remain = ?, is_vip = ?, is_shoper = ?, email = ?, email_send_time = ?, wxId = ?, qqId = ?, authCode = ?, isAuth = ? where account_id = ? 
2020-03-21 00:38:22.330 DEBUG --- [http-nio-8762-exec-2] com.vtu.mapper.CustomerMapper.updateByPrimaryKey Line:143 - ==> Parameters: VT20200124153831154(String), null, 视频大师(String), null, null, null, null, null, null, 123213(String), 2020-01-24 15:38:31:154(String), null, null, 1234(String), true(String), 12(Long)
2020-03-21 00:38:22.389 DEBUG --- [http-nio-8762-exec-2] com.vtu.mapper.CustomerMapper.updateByPrimaryKey Line:143 - <==    Updates: 1
2020-03-21 00:38:23.610 DEBUG --- [http-nio-8762-exec-4] com.vtu.mapper.WorksMapper.findAuditingWorks_COUNT Line:143 - ==>  Preparing: SELECT count(0) FROM tb_works w LEFT JOIN tb_works_url u ON w.works_id = u.works_id WHERE w.works_status LIKE concat('%', ?, '%') 
2020-03-21 00:38:23.611 DEBUG --- [http-nio-8762-exec-4] com.vtu.mapper.WorksMapper.findAuditingWorks_COUNT Line:143 - ==> Parameters: pass(String)
2020-03-21 00:38:23.640 DEBUG --- [http-nio-8762-exec-4] com.vtu.mapper.WorksMapper.findAuditingWorks_COUNT Line:143 - <==      Total: 1
2020-03-21 00:38:23.642 DEBUG --- [http-nio-8762-exec-4] com.vtu.mapper.WorksMapper.findAuditingWorks Line:143 - ==>  Preparing: SELECT w.works_id, w.works_title, w.works_desc, w.price,w.key_word, w.types_id,w.works_status,w.colorSytem,w.works_duration,channel,version, u.works_url_id,u.works_id, u.works_url,u.works_md5,u.works_name,u.works_size,u.compress_url,u.preview_url,u.synthesis_url FROM tb_works w LEFT JOIN tb_works_url u ON w.works_id = u.works_id WHERE w.works_status LIKE concat('%',?,'%') ORDER BY w.works_id desc LIMIT ? 
2020-03-21 00:38:23.642 DEBUG --- [http-nio-8762-exec-4] com.vtu.mapper.WorksMapper.findAuditingWorks Line:143 - ==> Parameters: pass(String), 4(Integer)
2020-03-21 00:38:23.676 DEBUG --- [http-nio-8762-exec-4] com.vtu.mapper.WorksMapper.findAuditingWorks Line:143 - <==      Total: 2
2020-03-21 00:41:10.284 DEBUG --- [http-nio-8762-exec-6] com.vtu.mapper.WorksMapper.findAuditingWorks_COUNT Line:143 - ==>  Preparing: SELECT count(0) FROM tb_works w LEFT JOIN tb_works_url u ON w.works_id = u.works_id WHERE w.works_status LIKE concat('%', ?, '%') 
2020-03-21 00:41:10.285 DEBUG --- [http-nio-8762-exec-6] com.vtu.mapper.WorksMapper.findAuditingWorks_COUNT Line:143 - ==> Parameters: pass(String)
2020-03-21 00:41:10.312 DEBUG --- [http-nio-8762-exec-6] com.vtu.mapper.WorksMapper.findAuditingWorks_COUNT Line:143 - <==      Total: 1
2020-03-21 00:41:10.314 DEBUG --- [http-nio-8762-exec-6] com.vtu.mapper.WorksMapper.findAuditingWorks Line:143 - ==>  Preparing: SELECT w.works_id, w.works_title, w.works_desc, w.price,w.key_word, w.types_id,w.works_status,w.colorSytem,w.works_duration,channel,version, u.works_url_id,u.works_id, u.works_url,u.works_md5,u.works_name,u.works_size,u.compress_url,u.preview_url,u.synthesis_url FROM tb_works w LEFT JOIN tb_works_url u ON w.works_id = u.works_id WHERE w.works_status LIKE concat('%',?,'%') ORDER BY w.works_id desc LIMIT ? 
2020-03-21 00:41:10.315 DEBUG --- [http-nio-8762-exec-6] com.vtu.mapper.WorksMapper.findAuditingWorks Line:143 - ==> Parameters: pass(String), 4(Integer)
2020-03-21 00:41:10.344 DEBUG --- [http-nio-8762-exec-6] com.vtu.mapper.WorksMapper.findAuditingWorks Line:143 - <==      Total: 2
2020-03-21 00:43:20.152 DEBUG --- [http-nio-8762-exec-8] com.vtu.mapper.WorksMapper.findAuditingWorks_COUNT Line:143 - ==>  Preparing: SELECT count(0) FROM tb_works w LEFT JOIN tb_works_url u ON w.works_id = u.works_id WHERE w.works_status LIKE concat('%', ?, '%') 
2020-03-21 00:43:20.154 DEBUG --- [http-nio-8762-exec-8] com.vtu.mapper.WorksMapper.findAuditingWorks_COUNT Line:143 - ==> Parameters: pass(String)
2020-03-21 00:43:20.180 DEBUG --- [http-nio-8762-exec-8] com.vtu.mapper.WorksMapper.findAuditingWorks_COUNT Line:143 - <==      Total: 1
2020-03-21 00:43:20.181 DEBUG --- [http-nio-8762-exec-8] com.vtu.mapper.WorksMapper.findAuditingWorks Line:143 - ==>  Preparing: SELECT w.works_id, w.works_title, w.works_desc, w.price,w.key_word, w.types_id,w.works_status,w.colorSytem,w.works_duration,channel,version, u.works_url_id,u.works_id, u.works_url,u.works_md5,u.works_name,u.works_size,u.compress_url,u.preview_url,u.synthesis_url FROM tb_works w LEFT JOIN tb_works_url u ON w.works_id = u.works_id WHERE w.works_status LIKE concat('%',?,'%') ORDER BY w.works_id desc LIMIT ? 
2020-03-21 00:43:20.184 DEBUG --- [http-nio-8762-exec-8] com.vtu.mapper.WorksMapper.findAuditingWorks Line:143 - ==> Parameters: pass(String), 4(Integer)
2020-03-21 00:43:20.215 DEBUG --- [http-nio-8762-exec-8] com.vtu.mapper.WorksMapper.findAuditingWorks Line:143 - <==      Total: 2
2020-03-21 00:44:10.836 DEBUG --- [http-nio-8762-exec-10] com.vtu.mapper.WorksMapper.findAuditingWorks_COUNT Line:143 - ==>  Preparing: SELECT count(0) FROM tb_works w LEFT JOIN tb_works_url u ON w.works_id = u.works_id WHERE w.works_status LIKE concat('%', ?, '%') 
2020-03-21 00:44:10.836 DEBUG --- [http-nio-8762-exec-10] com.vtu.mapper.WorksMapper.findAuditingWorks_COUNT Line:143 - ==> Parameters: pass(String)
2020-03-21 00:44:10.863 DEBUG --- [http-nio-8762-exec-10] com.vtu.mapper.WorksMapper.findAuditingWorks_COUNT Line:143 - <==      Total: 1
2020-03-21 00:44:10.865 DEBUG --- [http-nio-8762-exec-10] com.vtu.mapper.WorksMapper.findAuditingWorks Line:143 - ==>  Preparing: SELECT w.works_id, w.works_title, w.works_desc, w.price,w.key_word, w.types_id,w.works_status,w.colorSytem,w.works_duration,channel,version, u.works_url_id,u.works_id, u.works_url,u.works_md5,u.works_name,u.works_size,u.compress_url,u.preview_url,u.synthesis_url FROM tb_works w LEFT JOIN tb_works_url u ON w.works_id = u.works_id WHERE w.works_status LIKE concat('%',?,'%') ORDER BY w.works_id desc LIMIT ? 
2020-03-21 00:44:10.866 DEBUG --- [http-nio-8762-exec-10] com.vtu.mapper.WorksMapper.findAuditingWorks Line:143 - ==> Parameters: pass(String), 4(Integer)
2020-03-21 00:44:10.894 DEBUG --- [http-nio-8762-exec-10] com.vtu.mapper.WorksMapper.findAuditingWorks Line:143 - <==      Total: 2
2020-03-21 00:44:37.799 DEBUG --- [http-nio-8762-exec-3] com.vtu.mapper.WorksMapper.findAuditingWorks_COUNT Line:143 - ==>  Preparing: SELECT count(0) FROM tb_works w LEFT JOIN tb_works_url u ON w.works_id = u.works_id WHERE w.works_status LIKE concat('%', ?, '%') 
2020-03-21 00:44:37.802 DEBUG --- [http-nio-8762-exec-3] com.vtu.mapper.WorksMapper.findAuditingWorks_COUNT Line:143 - ==> Parameters: pass(String)
2020-03-21 00:44:37.830 DEBUG --- [http-nio-8762-exec-3] com.vtu.mapper.WorksMapper.findAuditingWorks_COUNT Line:143 - <==      Total: 1
2020-03-21 00:44:37.831 DEBUG --- [http-nio-8762-exec-3] com.vtu.mapper.WorksMapper.findAuditingWorks Line:143 - ==>  Preparing: SELECT w.works_id, w.works_title, w.works_desc, w.price,w.key_word, w.types_id,w.works_status,w.colorSytem,w.works_duration,channel,version, u.works_url_id,u.works_id, u.works_url,u.works_md5,u.works_name,u.works_size,u.compress_url,u.preview_url,u.synthesis_url FROM tb_works w LEFT JOIN tb_works_url u ON w.works_id = u.works_id WHERE w.works_status LIKE concat('%',?,'%') ORDER BY w.works_id desc LIMIT ? 
2020-03-21 00:44:37.832 DEBUG --- [http-nio-8762-exec-3] com.vtu.mapper.WorksMapper.findAuditingWorks Line:143 - ==> Parameters: pass(String), 4(Integer)
2020-03-21 00:44:37.866 DEBUG --- [http-nio-8762-exec-3] com.vtu.mapper.WorksMapper.findAuditingWorks Line:143 - <==      Total: 2
2020-03-21 00:45:03.280 DEBUG --- [http-nio-8762-exec-4] com.vtu.mapper.WorksMapper.findAuditingWorks_COUNT Line:143 - ==>  Preparing: SELECT count(0) FROM tb_works w LEFT JOIN tb_works_url u ON w.works_id = u.works_id WHERE w.works_status LIKE concat('%', ?, '%') 
2020-03-21 00:45:03.281 DEBUG --- [http-nio-8762-exec-4] com.vtu.mapper.WorksMapper.findAuditingWorks_COUNT Line:143 - ==> Parameters: pass(String)
2020-03-21 00:45:03.309 DEBUG --- [http-nio-8762-exec-4] com.vtu.mapper.WorksMapper.findAuditingWorks_COUNT Line:143 - <==      Total: 1
2020-03-21 00:45:03.311 DEBUG --- [http-nio-8762-exec-4] com.vtu.mapper.WorksMapper.findAuditingWorks Line:143 - ==>  Preparing: SELECT w.works_id, w.works_title, w.works_desc, w.price,w.key_word, w.types_id,w.works_status,w.colorSytem,w.works_duration,channel,version, u.works_url_id,u.works_id, u.works_url,u.works_md5,u.works_name,u.works_size,u.compress_url,u.preview_url,u.synthesis_url FROM tb_works w LEFT JOIN tb_works_url u ON w.works_id = u.works_id WHERE w.works_status LIKE concat('%',?,'%') ORDER BY w.works_id desc LIMIT ? 
2020-03-21 00:45:03.312 DEBUG --- [http-nio-8762-exec-4] com.vtu.mapper.WorksMapper.findAuditingWorks Line:143 - ==> Parameters: pass(String), 4(Integer)
2020-03-21 00:45:03.341 DEBUG --- [http-nio-8762-exec-4] com.vtu.mapper.WorksMapper.findAuditingWorks Line:143 - <==      Total: 2
2020-03-21 00:46:09.126 DEBUG --- [http-nio-8762-exec-6] com.vtu.mapper.WorksMapper.findAuditingWorks_COUNT Line:143 - ==>  Preparing: SELECT count(0) FROM tb_works w LEFT JOIN tb_works_url u ON w.works_id = u.works_id WHERE w.works_status LIKE concat('%', ?, '%') 
2020-03-21 00:46:09.127 DEBUG --- [http-nio-8762-exec-6] com.vtu.mapper.WorksMapper.findAuditingWorks_COUNT Line:143 - ==> Parameters: pass(String)
2020-03-21 00:46:09.153 DEBUG --- [http-nio-8762-exec-6] com.vtu.mapper.WorksMapper.findAuditingWorks_COUNT Line:143 - <==      Total: 1
2020-03-21 00:46:09.156 DEBUG --- [http-nio-8762-exec-6] com.vtu.mapper.WorksMapper.findAuditingWorks Line:143 - ==>  Preparing: SELECT w.works_id, w.works_title, w.works_desc, w.price,w.key_word, w.types_id,w.works_status,w.colorSytem,w.works_duration,channel,version, u.works_url_id,u.works_id, u.works_url,u.works_md5,u.works_name,u.works_size,u.compress_url,u.preview_url,u.synthesis_url FROM tb_works w LEFT JOIN tb_works_url u ON w.works_id = u.works_id WHERE w.works_status LIKE concat('%',?,'%') ORDER BY w.works_id desc LIMIT ? 
2020-03-21 00:46:09.156 DEBUG --- [http-nio-8762-exec-6] com.vtu.mapper.WorksMapper.findAuditingWorks Line:143 - ==> Parameters: pass(String), 4(Integer)
2020-03-21 00:46:09.205 DEBUG --- [http-nio-8762-exec-6] com.vtu.mapper.WorksMapper.findAuditingWorks Line:143 - <==      Total: 2
2020-03-21 00:47:31.653 DEBUG --- [http-nio-8762-exec-8] com.vtu.mapper.WorksMapper.findAuditingWorks_COUNT Line:143 - ==>  Preparing: SELECT count(0) FROM tb_works w LEFT JOIN tb_works_url u ON w.works_id = u.works_id WHERE w.works_status LIKE concat('%', ?, '%') 
2020-03-21 00:47:31.654 DEBUG --- [http-nio-8762-exec-8] com.vtu.mapper.WorksMapper.findAuditingWorks_COUNT Line:143 - ==> Parameters: pass(String)
2020-03-21 00:47:31.685 DEBUG --- [http-nio-8762-exec-8] com.vtu.mapper.WorksMapper.findAuditingWorks_COUNT Line:143 - <==      Total: 1
2020-03-21 00:47:31.687 DEBUG --- [http-nio-8762-exec-8] com.vtu.mapper.WorksMapper.findAuditingWorks Line:143 - ==>  Preparing: SELECT w.works_id, w.works_title, w.works_desc, w.price,w.key_word, w.types_id,w.works_status,w.colorSytem,w.works_duration,channel,version, u.works_url_id,u.works_id, u.works_url,u.works_md5,u.works_name,u.works_size,u.compress_url,u.preview_url,u.synthesis_url FROM tb_works w LEFT JOIN tb_works_url u ON w.works_id = u.works_id WHERE w.works_status LIKE concat('%',?,'%') ORDER BY w.works_id desc LIMIT ? 
2020-03-21 00:47:31.688 DEBUG --- [http-nio-8762-exec-8] com.vtu.mapper.WorksMapper.findAuditingWorks Line:143 - ==> Parameters: pass(String), 4(Integer)
2020-03-21 00:47:31.716 DEBUG --- [http-nio-8762-exec-8] com.vtu.mapper.WorksMapper.findAuditingWorks Line:143 - <==      Total: 2
2020-03-21 00:47:42.691 DEBUG --- [http-nio-8762-exec-10] com.vtu.mapper.WorksMapper.findAuditingWorks_COUNT Line:143 - ==>  Preparing: SELECT count(0) FROM tb_works w LEFT JOIN tb_works_url u ON w.works_id = u.works_id WHERE w.works_status LIKE concat('%', ?, '%') 
2020-03-21 00:47:42.692 DEBUG --- [http-nio-8762-exec-10] com.vtu.mapper.WorksMapper.findAuditingWorks_COUNT Line:143 - ==> Parameters: pass(String)
2020-03-21 00:47:42.719 DEBUG --- [http-nio-8762-exec-10] com.vtu.mapper.WorksMapper.findAuditingWorks_COUNT Line:143 - <==      Total: 1
2020-03-21 00:47:42.722 DEBUG --- [http-nio-8762-exec-10] com.vtu.mapper.WorksMapper.findAuditingWorks Line:143 - ==>  Preparing: SELECT w.works_id, w.works_title, w.works_desc, w.price,w.key_word, w.types_id,w.works_status,w.colorSytem,w.works_duration,channel,version, u.works_url_id,u.works_id, u.works_url,u.works_md5,u.works_name,u.works_size,u.compress_url,u.preview_url,u.synthesis_url FROM tb_works w LEFT JOIN tb_works_url u ON w.works_id = u.works_id WHERE w.works_status LIKE concat('%',?,'%') ORDER BY w.works_id desc LIMIT ? 
2020-03-21 00:47:42.723 DEBUG --- [http-nio-8762-exec-10] com.vtu.mapper.WorksMapper.findAuditingWorks Line:143 - ==> Parameters: pass(String), 4(Integer)
2020-03-21 00:47:42.751 DEBUG --- [http-nio-8762-exec-10] com.vtu.mapper.WorksMapper.findAuditingWorks Line:143 - <==      Total: 2
2020-03-21 00:47:44.814 DEBUG --- [http-nio-8762-exec-1] com.vtu.mapper.CustomerMapper.selectByAuthCode Line:143 - ==>  Preparing: select account_id, account, password, name, phone, id_card, remain, is_vip, is_shoper, email, email_send_time,wxId, qqId,authCode,isAuth,sex from tb_customer where authCode = ? 
2020-03-21 00:47:44.815 DEBUG --- [http-nio-8762-exec-1] com.vtu.mapper.CustomerMapper.selectByAuthCode Line:143 - ==> Parameters: 1234(String)
2020-03-21 00:47:44.841 DEBUG --- [http-nio-8762-exec-1] com.vtu.mapper.CustomerMapper.selectByAuthCode Line:143 - <==      Total: 1
2020-03-21 00:47:44.843 DEBUG --- [http-nio-8762-exec-1] com.vtu.mapper.CustomerVipMapper.selectByAccountId Line:143 - ==>  Preparing: select id, account_id, vip_detail_id, start_time, end_time, is_vip from tb_customer_vip where account_id = ? 
2020-03-21 00:47:44.844 DEBUG --- [http-nio-8762-exec-1] com.vtu.mapper.CustomerVipMapper.selectByAccountId Line:143 - ==> Parameters: 12(Long)
2020-03-21 00:47:44.870 DEBUG --- [http-nio-8762-exec-1] com.vtu.mapper.CustomerVipMapper.selectByAccountId Line:143 - <==      Total: 0
2020-03-21 00:47:44.871 DEBUG --- [http-nio-8762-exec-1] com.vtu.mapper.CustomerMapper.updateByPrimaryKey Line:143 - ==>  Preparing: update tb_customer set account = ?, password = ?, name = ?, sex = ?, phone = ?, id_card = ?, remain = ?, is_vip = ?, is_shoper = ?, email = ?, email_send_time = ?, wxId = ?, qqId = ?, authCode = ?, isAuth = ? where account_id = ? 
2020-03-21 00:47:44.873 DEBUG --- [http-nio-8762-exec-1] com.vtu.mapper.CustomerMapper.updateByPrimaryKey Line:143 - ==> Parameters: VT20200124153831154(String), null, 视频大师(String), null, null, null, null, null, null, 123213(String), 2020-01-24 15:38:31:154(String), null, null, 1234(String), true(String), 12(Long)
2020-03-21 00:47:44.924 DEBUG --- [http-nio-8762-exec-1] com.vtu.mapper.CustomerMapper.updateByPrimaryKey Line:143 - <==    Updates: 1
2020-03-21 00:47:46.160 DEBUG --- [http-nio-8762-exec-3] com.vtu.mapper.WorksMapper.findAuditingWorks_COUNT Line:143 - ==>  Preparing: SELECT count(0) FROM tb_works w LEFT JOIN tb_works_url u ON w.works_id = u.works_id WHERE w.works_status LIKE concat('%', ?, '%') 
2020-03-21 00:47:46.161 DEBUG --- [http-nio-8762-exec-3] com.vtu.mapper.WorksMapper.findAuditingWorks_COUNT Line:143 - ==> Parameters: pass(String)
2020-03-21 00:47:46.189 DEBUG --- [http-nio-8762-exec-3] com.vtu.mapper.WorksMapper.findAuditingWorks_COUNT Line:143 - <==      Total: 1
2020-03-21 00:47:46.191 DEBUG --- [http-nio-8762-exec-3] com.vtu.mapper.WorksMapper.findAuditingWorks Line:143 - ==>  Preparing: SELECT w.works_id, w.works_title, w.works_desc, w.price,w.key_word, w.types_id,w.works_status,w.colorSytem,w.works_duration,channel,version, u.works_url_id,u.works_id, u.works_url,u.works_md5,u.works_name,u.works_size,u.compress_url,u.preview_url,u.synthesis_url FROM tb_works w LEFT JOIN tb_works_url u ON w.works_id = u.works_id WHERE w.works_status LIKE concat('%',?,'%') ORDER BY w.works_id desc LIMIT ? 
2020-03-21 00:47:46.191 DEBUG --- [http-nio-8762-exec-3] com.vtu.mapper.WorksMapper.findAuditingWorks Line:143 - ==> Parameters: pass(String), 4(Integer)
2020-03-21 00:47:46.231 DEBUG --- [http-nio-8762-exec-3] com.vtu.mapper.WorksMapper.findAuditingWorks Line:143 - <==      Total: 2
2020-03-21 00:47:48.470 DEBUG --- [http-nio-8762-exec-2] com.vtu.mapper.WorksMapper.getWorksById Line:143 - ==>  Preparing: SELECT w.works_id, w.works_title, w.works_desc, w.price, w.key_word, w.types_id, w.channel,w.version, w.works_status, w.colorSytem,w.works_duration, u.works_url_id, u.works_url works_url, u.works_md5, u.works_name, u.works_size, u.compress_url, u.preview_url, u.synthesis_url FROM ( SELECT * FROM tb_works WHERE works_id = ? ) w LEFT JOIN tb_works_url u ON w.works_id = u.works_id 
2020-03-21 00:47:48.471 DEBUG --- [http-nio-8762-exec-2] com.vtu.mapper.WorksMapper.getWorksById Line:143 - ==> Parameters: 73(String)
2020-03-21 00:47:48.501 DEBUG --- [http-nio-8762-exec-2] com.vtu.mapper.WorksMapper.getWorksById Line:143 - <==      Total: 1
2020-03-21 00:47:48.508 DEBUG --- [http-nio-8762-exec-4] com.vtu.mapper.PersonalBalanceMapper.getPersonalBalanceByAccountId Line:143 - ==>  Preparing: select personal_money_id, account_id, balance from tb_personal_balance where account_id = ? 
2020-03-21 00:47:48.508 DEBUG --- [http-nio-8762-exec-4] com.vtu.mapper.PersonalBalanceMapper.getPersonalBalanceByAccountId Line:143 - ==> Parameters: 12(Long)
2020-03-21 00:47:48.535 DEBUG --- [http-nio-8762-exec-4] com.vtu.mapper.PersonalBalanceMapper.getPersonalBalanceByAccountId Line:143 - <==      Total: 1
2020-03-21 00:47:49.832 DEBUG --- [http-nio-8762-exec-5] com.vtu.mapper.WorksMapper.findAuditingWorks_COUNT Line:143 - ==>  Preparing: SELECT count(0) FROM tb_works w LEFT JOIN tb_works_url u ON w.works_id = u.works_id WHERE w.works_status LIKE concat('%', ?, '%') 
2020-03-21 00:47:49.835 DEBUG --- [http-nio-8762-exec-5] com.vtu.mapper.WorksMapper.findAuditingWorks_COUNT Line:143 - ==> Parameters: pass(String)
2020-03-21 00:47:49.863 DEBUG --- [http-nio-8762-exec-5] com.vtu.mapper.WorksMapper.findAuditingWorks_COUNT Line:143 - <==      Total: 1
2020-03-21 00:47:49.865 DEBUG --- [http-nio-8762-exec-5] com.vtu.mapper.WorksMapper.findAuditingWorks Line:143 - ==>  Preparing: SELECT w.works_id, w.works_title, w.works_desc, w.price,w.key_word, w.types_id,w.works_status,w.colorSytem,w.works_duration,channel,version, u.works_url_id,u.works_id, u.works_url,u.works_md5,u.works_name,u.works_size,u.compress_url,u.preview_url,u.synthesis_url FROM tb_works w LEFT JOIN tb_works_url u ON w.works_id = u.works_id WHERE w.works_status LIKE concat('%',?,'%') ORDER BY w.works_id desc LIMIT ? 
2020-03-21 00:47:49.865 DEBUG --- [http-nio-8762-exec-5] com.vtu.mapper.WorksMapper.findAuditingWorks Line:143 - ==> Parameters: pass(String), 4(Integer)
2020-03-21 00:47:49.893 DEBUG --- [http-nio-8762-exec-5] com.vtu.mapper.WorksMapper.findAuditingWorks Line:143 - <==      Total: 2
2020-03-21 00:47:52.928 DEBUG --- [http-nio-8762-exec-6] com.vtu.mapper.WorksMapper.findAuditingWorks_COUNT Line:143 - ==>  Preparing: SELECT count(0) FROM tb_works w LEFT JOIN tb_works_url u ON w.works_id = u.works_id WHERE w.works_status LIKE concat('%', ?, '%') 
2020-03-21 00:47:52.929 DEBUG --- [http-nio-8762-exec-6] com.vtu.mapper.WorksMapper.findAuditingWorks_COUNT Line:143 - ==> Parameters: pass(String)
2020-03-21 00:47:52.960 DEBUG --- [http-nio-8762-exec-6] com.vtu.mapper.WorksMapper.findAuditingWorks_COUNT Line:143 - <==      Total: 1
2020-03-21 00:47:52.962 DEBUG --- [http-nio-8762-exec-6] com.vtu.mapper.WorksMapper.findAuditingWorks Line:143 - ==>  Preparing: SELECT w.works_id, w.works_title, w.works_desc, w.price,w.key_word, w.types_id,w.works_status,w.colorSytem,w.works_duration,channel,version, u.works_url_id,u.works_id, u.works_url,u.works_md5,u.works_name,u.works_size,u.compress_url,u.preview_url,u.synthesis_url FROM tb_works w LEFT JOIN tb_works_url u ON w.works_id = u.works_id WHERE w.works_status LIKE concat('%',?,'%') ORDER BY w.works_id desc LIMIT ? 
2020-03-21 00:47:52.963 DEBUG --- [http-nio-8762-exec-6] com.vtu.mapper.WorksMapper.findAuditingWorks Line:143 - ==> Parameters: pass(String), 4(Integer)
2020-03-21 00:47:52.992 DEBUG --- [http-nio-8762-exec-6] com.vtu.mapper.WorksMapper.findAuditingWorks Line:143 - <==      Total: 2
2020-03-21 00:47:56.790 DEBUG --- [http-nio-8762-exec-7] com.vtu.mapper.WorksMapper.findAuditingWorks_COUNT Line:143 - ==>  Preparing: SELECT count(0) FROM tb_works w LEFT JOIN tb_works_url u ON w.works_id = u.works_id WHERE w.works_status LIKE concat('%', ?, '%') 
2020-03-21 00:47:56.791 DEBUG --- [http-nio-8762-exec-7] com.vtu.mapper.WorksMapper.findAuditingWorks_COUNT Line:143 - ==> Parameters: pass(String)
2020-03-21 00:47:56.817 DEBUG --- [http-nio-8762-exec-7] com.vtu.mapper.WorksMapper.findAuditingWorks_COUNT Line:143 - <==      Total: 1
2020-03-21 00:47:56.819 DEBUG --- [http-nio-8762-exec-7] com.vtu.mapper.WorksMapper.findAuditingWorks Line:143 - ==>  Preparing: SELECT w.works_id, w.works_title, w.works_desc, w.price,w.key_word, w.types_id,w.works_status,w.colorSytem,w.works_duration,channel,version, u.works_url_id,u.works_id, u.works_url,u.works_md5,u.works_name,u.works_size,u.compress_url,u.preview_url,u.synthesis_url FROM tb_works w LEFT JOIN tb_works_url u ON w.works_id = u.works_id WHERE w.works_status LIKE concat('%',?,'%') ORDER BY w.works_id desc LIMIT ? 
2020-03-21 00:47:56.820 DEBUG --- [http-nio-8762-exec-7] com.vtu.mapper.WorksMapper.findAuditingWorks Line:143 - ==> Parameters: pass(String), 4(Integer)
2020-03-21 00:47:56.847 DEBUG --- [http-nio-8762-exec-7] com.vtu.mapper.WorksMapper.findAuditingWorks Line:143 - <==      Total: 2
2020-03-21 00:48:05.712 DEBUG --- [http-nio-8762-exec-9] com.vtu.mapper.WorksMapper.findAuditingWorks_COUNT Line:143 - ==>  Preparing: SELECT count(0) FROM tb_works w LEFT JOIN tb_works_url u ON w.works_id = u.works_id WHERE w.works_status LIKE concat('%', ?, '%') 
2020-03-21 00:48:05.713 DEBUG --- [http-nio-8762-exec-9] com.vtu.mapper.WorksMapper.findAuditingWorks_COUNT Line:143 - ==> Parameters: pass(String)
2020-03-21 00:48:05.744 DEBUG --- [http-nio-8762-exec-9] com.vtu.mapper.WorksMapper.findAuditingWorks_COUNT Line:143 - <==      Total: 1
2020-03-21 00:48:05.746 DEBUG --- [http-nio-8762-exec-9] com.vtu.mapper.WorksMapper.findAuditingWorks Line:143 - ==>  Preparing: SELECT w.works_id, w.works_title, w.works_desc, w.price,w.key_word, w.types_id,w.works_status,w.colorSytem,w.works_duration,channel,version, u.works_url_id,u.works_id, u.works_url,u.works_md5,u.works_name,u.works_size,u.compress_url,u.preview_url,u.synthesis_url FROM tb_works w LEFT JOIN tb_works_url u ON w.works_id = u.works_id WHERE w.works_status LIKE concat('%',?,'%') ORDER BY w.works_id desc LIMIT ? 
2020-03-21 00:48:05.747 DEBUG --- [http-nio-8762-exec-9] com.vtu.mapper.WorksMapper.findAuditingWorks Line:143 - ==> Parameters: pass(String), 4(Integer)
2020-03-21 00:48:05.775 DEBUG --- [http-nio-8762-exec-9] com.vtu.mapper.WorksMapper.findAuditingWorks Line:143 - <==      Total: 2
2020-03-21 00:57:34.316 DEBUG --- [http-nio-8762-exec-1] com.vtu.mapper.WorksMapper.findAuditingWorks_COUNT Line:143 - ==>  Preparing: SELECT count(0) FROM tb_works w LEFT JOIN tb_works_url u ON w.works_id = u.works_id WHERE w.works_status LIKE concat('%', ?, '%') 
2020-03-21 00:57:34.317 DEBUG --- [http-nio-8762-exec-1] com.vtu.mapper.WorksMapper.findAuditingWorks_COUNT Line:143 - ==> Parameters: pass(String)
2020-03-21 00:57:34.345 DEBUG --- [http-nio-8762-exec-1] com.vtu.mapper.WorksMapper.findAuditingWorks_COUNT Line:143 - <==      Total: 1
2020-03-21 00:57:34.347 DEBUG --- [http-nio-8762-exec-1] com.vtu.mapper.WorksMapper.findAuditingWorks Line:143 - ==>  Preparing: SELECT w.works_id, w.works_title, w.works_desc, w.price,w.key_word, w.types_id,w.works_status,w.colorSytem,w.works_duration,channel,version, u.works_url_id,u.works_id, u.works_url,u.works_md5,u.works_name,u.works_size,u.compress_url,u.preview_url,u.synthesis_url FROM tb_works w LEFT JOIN tb_works_url u ON w.works_id = u.works_id WHERE w.works_status LIKE concat('%',?,'%') ORDER BY w.works_id desc LIMIT ? 
2020-03-21 00:57:34.348 DEBUG --- [http-nio-8762-exec-1] com.vtu.mapper.WorksMapper.findAuditingWorks Line:143 - ==> Parameters: pass(String), 4(Integer)
2020-03-21 00:57:34.375 DEBUG --- [http-nio-8762-exec-1] com.vtu.mapper.WorksMapper.findAuditingWorks Line:143 - <==      Total: 2
2020-03-21 00:57:37.701 DEBUG --- [http-nio-8762-exec-3] com.vtu.mapper.WorksMapper.findAuditingWorks_COUNT Line:143 - ==>  Preparing: SELECT count(0) FROM tb_works w LEFT JOIN tb_works_url u ON w.works_id = u.works_id WHERE w.works_status LIKE concat('%', ?, '%') 
2020-03-21 00:57:37.702 DEBUG --- [http-nio-8762-exec-3] com.vtu.mapper.WorksMapper.findAuditingWorks_COUNT Line:143 - ==> Parameters: pass(String)
2020-03-21 00:57:37.730 DEBUG --- [http-nio-8762-exec-3] com.vtu.mapper.WorksMapper.findAuditingWorks_COUNT Line:143 - <==      Total: 1
2020-03-21 00:57:37.732 DEBUG --- [http-nio-8762-exec-3] com.vtu.mapper.WorksMapper.findAuditingWorks Line:143 - ==>  Preparing: SELECT w.works_id, w.works_title, w.works_desc, w.price,w.key_word, w.types_id,w.works_status,w.colorSytem,w.works_duration,channel,version, u.works_url_id,u.works_id, u.works_url,u.works_md5,u.works_name,u.works_size,u.compress_url,u.preview_url,u.synthesis_url FROM tb_works w LEFT JOIN tb_works_url u ON w.works_id = u.works_id WHERE w.works_status LIKE concat('%',?,'%') ORDER BY w.works_id desc LIMIT ? 
2020-03-21 00:57:37.733 DEBUG --- [http-nio-8762-exec-3] com.vtu.mapper.WorksMapper.findAuditingWorks Line:143 - ==> Parameters: pass(String), 4(Integer)
2020-03-21 00:57:37.762 DEBUG --- [http-nio-8762-exec-3] com.vtu.mapper.WorksMapper.findAuditingWorks Line:143 - <==      Total: 2
2020-03-21 00:57:40.014 DEBUG --- [http-nio-8762-exec-2] com.vtu.mapper.WorksMapper.findAuditingWorks_COUNT Line:143 - ==>  Preparing: SELECT count(0) FROM tb_works w LEFT JOIN tb_works_url u ON w.works_id = u.works_id WHERE w.works_status LIKE concat('%', ?, '%') 
2020-03-21 00:57:40.014 DEBUG --- [http-nio-8762-exec-2] com.vtu.mapper.WorksMapper.findAuditingWorks_COUNT Line:143 - ==> Parameters: pass(String)
2020-03-21 00:57:40.041 DEBUG --- [http-nio-8762-exec-2] com.vtu.mapper.WorksMapper.findAuditingWorks_COUNT Line:143 - <==      Total: 1
2020-03-21 00:57:40.043 DEBUG --- [http-nio-8762-exec-2] com.vtu.mapper.WorksMapper.findAuditingWorks Line:143 - ==>  Preparing: SELECT w.works_id, w.works_title, w.works_desc, w.price,w.key_word, w.types_id,w.works_status,w.colorSytem,w.works_duration,channel,version, u.works_url_id,u.works_id, u.works_url,u.works_md5,u.works_name,u.works_size,u.compress_url,u.preview_url,u.synthesis_url FROM tb_works w LEFT JOIN tb_works_url u ON w.works_id = u.works_id WHERE w.works_status LIKE concat('%',?,'%') ORDER BY w.works_id desc LIMIT ? 
2020-03-21 00:57:40.044 DEBUG --- [http-nio-8762-exec-2] com.vtu.mapper.WorksMapper.findAuditingWorks Line:143 - ==> Parameters: pass(String), 4(Integer)
2020-03-21 00:57:40.072 DEBUG --- [http-nio-8762-exec-2] com.vtu.mapper.WorksMapper.findAuditingWorks Line:143 - <==      Total: 2
2020-03-21 00:58:45.255 DEBUG --- [http-nio-8762-exec-5] com.vtu.mapper.WorksMapper.findAuditingWorks_COUNT Line:143 - ==>  Preparing: SELECT count(0) FROM tb_works w LEFT JOIN tb_works_url u ON w.works_id = u.works_id WHERE w.works_status LIKE concat('%', ?, '%') 
2020-03-21 00:58:45.256 DEBUG --- [http-nio-8762-exec-5] com.vtu.mapper.WorksMapper.findAuditingWorks_COUNT Line:143 - ==> Parameters: pass(String)
2020-03-21 00:58:45.283 DEBUG --- [http-nio-8762-exec-5] com.vtu.mapper.WorksMapper.findAuditingWorks_COUNT Line:143 - <==      Total: 1
2020-03-21 00:58:45.285 DEBUG --- [http-nio-8762-exec-5] com.vtu.mapper.WorksMapper.findAuditingWorks Line:143 - ==>  Preparing: SELECT w.works_id, w.works_title, w.works_desc, w.price,w.key_word, w.types_id,w.works_status,w.colorSytem,w.works_duration,channel,version, u.works_url_id,u.works_id, u.works_url,u.works_md5,u.works_name,u.works_size,u.compress_url,u.preview_url,u.synthesis_url FROM tb_works w LEFT JOIN tb_works_url u ON w.works_id = u.works_id WHERE w.works_status LIKE concat('%',?,'%') ORDER BY w.works_id desc LIMIT ? 
2020-03-21 00:58:45.286 DEBUG --- [http-nio-8762-exec-5] com.vtu.mapper.WorksMapper.findAuditingWorks Line:143 - ==> Parameters: pass(String), 4(Integer)
2020-03-21 00:58:45.314 DEBUG --- [http-nio-8762-exec-5] com.vtu.mapper.WorksMapper.findAuditingWorks Line:143 - <==      Total: 2
2020-03-21 01:00:04.620 DEBUG --- [http-nio-8762-exec-7] com.vtu.mapper.WorksMapper.findAuditingWorks_COUNT Line:143 - ==>  Preparing: SELECT count(0) FROM tb_works w LEFT JOIN tb_works_url u ON w.works_id = u.works_id WHERE w.works_status LIKE concat('%', ?, '%') 
2020-03-21 01:00:04.620 DEBUG --- [http-nio-8762-exec-7] com.vtu.mapper.WorksMapper.findAuditingWorks_COUNT Line:143 - ==> Parameters: pass(String)
2020-03-21 01:00:04.650 DEBUG --- [http-nio-8762-exec-7] com.vtu.mapper.WorksMapper.findAuditingWorks_COUNT Line:143 - <==      Total: 1
2020-03-21 01:00:04.652 DEBUG --- [http-nio-8762-exec-7] com.vtu.mapper.WorksMapper.findAuditingWorks Line:143 - ==>  Preparing: SELECT w.works_id, w.works_title, w.works_desc, w.price,w.key_word, w.types_id,w.works_status,w.colorSytem,w.works_duration,channel,version, u.works_url_id,u.works_id, u.works_url,u.works_md5,u.works_name,u.works_size,u.compress_url,u.preview_url,u.synthesis_url FROM tb_works w LEFT JOIN tb_works_url u ON w.works_id = u.works_id WHERE w.works_status LIKE concat('%',?,'%') ORDER BY w.works_id desc LIMIT ? 
2020-03-21 01:00:04.653 DEBUG --- [http-nio-8762-exec-7] com.vtu.mapper.WorksMapper.findAuditingWorks Line:143 - ==> Parameters: pass(String), 4(Integer)
2020-03-21 01:00:04.681 DEBUG --- [http-nio-8762-exec-7] com.vtu.mapper.WorksMapper.findAuditingWorks Line:143 - <==      Total: 2
2020-03-21 01:00:23.862 DEBUG --- [http-nio-8762-exec-9] com.vtu.mapper.WorksMapper.findAuditingWorks_COUNT Line:143 - ==>  Preparing: SELECT count(0) FROM tb_works w LEFT JOIN tb_works_url u ON w.works_id = u.works_id WHERE w.works_status LIKE concat('%', ?, '%') 
2020-03-21 01:00:23.862 DEBUG --- [http-nio-8762-exec-9] com.vtu.mapper.WorksMapper.findAuditingWorks_COUNT Line:143 - ==> Parameters: pass(String)
2020-03-21 01:00:23.888 DEBUG --- [http-nio-8762-exec-9] com.vtu.mapper.WorksMapper.findAuditingWorks_COUNT Line:143 - <==      Total: 1
2020-03-21 01:00:23.890 DEBUG --- [http-nio-8762-exec-9] com.vtu.mapper.WorksMapper.findAuditingWorks Line:143 - ==>  Preparing: SELECT w.works_id, w.works_title, w.works_desc, w.price,w.key_word, w.types_id,w.works_status,w.colorSytem,w.works_duration,channel,version, u.works_url_id,u.works_id, u.works_url,u.works_md5,u.works_name,u.works_size,u.compress_url,u.preview_url,u.synthesis_url FROM tb_works w LEFT JOIN tb_works_url u ON w.works_id = u.works_id WHERE w.works_status LIKE concat('%',?,'%') ORDER BY w.works_id desc LIMIT ? 
2020-03-21 01:00:23.890 DEBUG --- [http-nio-8762-exec-9] com.vtu.mapper.WorksMapper.findAuditingWorks Line:143 - ==> Parameters: pass(String), 4(Integer)
2020-03-21 01:00:23.949 DEBUG --- [http-nio-8762-exec-9] com.vtu.mapper.WorksMapper.findAuditingWorks Line:143 - <==      Total: 2
2020-03-21 01:01:02.623 DEBUG --- [http-nio-8762-exec-1] com.vtu.mapper.WorksMapper.findAuditingWorks_COUNT Line:143 - ==>  Preparing: SELECT count(0) FROM tb_works w LEFT JOIN tb_works_url u ON w.works_id = u.works_id WHERE w.works_status LIKE concat('%', ?, '%') 
2020-03-21 01:01:02.624 DEBUG --- [http-nio-8762-exec-1] com.vtu.mapper.WorksMapper.findAuditingWorks_COUNT Line:143 - ==> Parameters: pass(String)
2020-03-21 01:01:02.651 DEBUG --- [http-nio-8762-exec-1] com.vtu.mapper.WorksMapper.findAuditingWorks_COUNT Line:143 - <==      Total: 1
2020-03-21 01:01:02.653 DEBUG --- [http-nio-8762-exec-1] com.vtu.mapper.WorksMapper.findAuditingWorks Line:143 - ==>  Preparing: SELECT w.works_id, w.works_title, w.works_desc, w.price,w.key_word, w.types_id,w.works_status,w.colorSytem,w.works_duration,channel,version, u.works_url_id,u.works_id, u.works_url,u.works_md5,u.works_name,u.works_size,u.compress_url,u.preview_url,u.synthesis_url FROM tb_works w LEFT JOIN tb_works_url u ON w.works_id = u.works_id WHERE w.works_status LIKE concat('%',?,'%') ORDER BY w.works_id desc LIMIT ? 
2020-03-21 01:01:02.654 DEBUG --- [http-nio-8762-exec-1] com.vtu.mapper.WorksMapper.findAuditingWorks Line:143 - ==> Parameters: pass(String), 4(Integer)
2020-03-21 01:01:02.681 DEBUG --- [http-nio-8762-exec-1] com.vtu.mapper.WorksMapper.findAuditingWorks Line:143 - <==      Total: 2
2020-03-21 01:02:41.271 DEBUG --- [http-nio-8762-exec-2] com.vtu.mapper.WorksMapper.findAuditingWorks_COUNT Line:143 - ==>  Preparing: SELECT count(0) FROM tb_works w LEFT JOIN tb_works_url u ON w.works_id = u.works_id WHERE w.works_status LIKE concat('%', ?, '%') 
2020-03-21 01:02:41.272 DEBUG --- [http-nio-8762-exec-2] com.vtu.mapper.WorksMapper.findAuditingWorks_COUNT Line:143 - ==> Parameters: pass(String)
2020-03-21 01:02:41.298 DEBUG --- [http-nio-8762-exec-2] com.vtu.mapper.WorksMapper.findAuditingWorks_COUNT Line:143 - <==      Total: 1
2020-03-21 01:02:41.300 DEBUG --- [http-nio-8762-exec-2] com.vtu.mapper.WorksMapper.findAuditingWorks Line:143 - ==>  Preparing: SELECT w.works_id, w.works_title, w.works_desc, w.price,w.key_word, w.types_id,w.works_status,w.colorSytem,w.works_duration,channel,version, u.works_url_id,u.works_id, u.works_url,u.works_md5,u.works_name,u.works_size,u.compress_url,u.preview_url,u.synthesis_url FROM tb_works w LEFT JOIN tb_works_url u ON w.works_id = u.works_id WHERE w.works_status LIKE concat('%',?,'%') ORDER BY w.works_id desc LIMIT ? 
2020-03-21 01:02:41.300 DEBUG --- [http-nio-8762-exec-2] com.vtu.mapper.WorksMapper.findAuditingWorks Line:143 - ==> Parameters: pass(String), 4(Integer)
2020-03-21 01:02:41.327 DEBUG --- [http-nio-8762-exec-2] com.vtu.mapper.WorksMapper.findAuditingWorks Line:143 - <==      Total: 2
2020-03-21 01:03:04.187 DEBUG --- [http-nio-8762-exec-5] com.vtu.mapper.WorksMapper.findAuditingWorks_COUNT Line:143 - ==>  Preparing: SELECT count(0) FROM tb_works w LEFT JOIN tb_works_url u ON w.works_id = u.works_id WHERE w.works_status LIKE concat('%', ?, '%') 
2020-03-21 01:03:04.188 DEBUG --- [http-nio-8762-exec-5] com.vtu.mapper.WorksMapper.findAuditingWorks_COUNT Line:143 - ==> Parameters: pass(String)
2020-03-21 01:03:04.215 DEBUG --- [http-nio-8762-exec-5] com.vtu.mapper.WorksMapper.findAuditingWorks_COUNT Line:143 - <==      Total: 1
2020-03-21 01:03:04.216 DEBUG --- [http-nio-8762-exec-5] com.vtu.mapper.WorksMapper.findAuditingWorks Line:143 - ==>  Preparing: SELECT w.works_id, w.works_title, w.works_desc, w.price,w.key_word, w.types_id,w.works_status,w.colorSytem,w.works_duration,channel,version, u.works_url_id,u.works_id, u.works_url,u.works_md5,u.works_name,u.works_size,u.compress_url,u.preview_url,u.synthesis_url FROM tb_works w LEFT JOIN tb_works_url u ON w.works_id = u.works_id WHERE w.works_status LIKE concat('%',?,'%') ORDER BY w.works_id desc LIMIT ? 
2020-03-21 01:03:04.217 DEBUG --- [http-nio-8762-exec-5] com.vtu.mapper.WorksMapper.findAuditingWorks Line:143 - ==> Parameters: pass(String), 4(Integer)
2020-03-21 01:03:04.246 DEBUG --- [http-nio-8762-exec-5] com.vtu.mapper.WorksMapper.findAuditingWorks Line:143 - <==      Total: 2
2020-03-21 01:04:23.497 DEBUG --- [http-nio-8762-exec-7] com.vtu.mapper.WorksMapper.findAuditingWorks_COUNT Line:143 - ==>  Preparing: SELECT count(0) FROM tb_works w LEFT JOIN tb_works_url u ON w.works_id = u.works_id WHERE w.works_status LIKE concat('%', ?, '%') 
2020-03-21 01:04:23.498 DEBUG --- [http-nio-8762-exec-7] com.vtu.mapper.WorksMapper.findAuditingWorks_COUNT Line:143 - ==> Parameters: pass(String)
2020-03-21 01:04:23.524 DEBUG --- [http-nio-8762-exec-7] com.vtu.mapper.WorksMapper.findAuditingWorks_COUNT Line:143 - <==      Total: 1
2020-03-21 01:04:23.526 DEBUG --- [http-nio-8762-exec-7] com.vtu.mapper.WorksMapper.findAuditingWorks Line:143 - ==>  Preparing: SELECT w.works_id, w.works_title, w.works_desc, w.price,w.key_word, w.types_id,w.works_status,w.colorSytem,w.works_duration,channel,version, u.works_url_id,u.works_id, u.works_url,u.works_md5,u.works_name,u.works_size,u.compress_url,u.preview_url,u.synthesis_url FROM tb_works w LEFT JOIN tb_works_url u ON w.works_id = u.works_id WHERE w.works_status LIKE concat('%',?,'%') ORDER BY w.works_id desc LIMIT ? 
2020-03-21 01:04:23.527 DEBUG --- [http-nio-8762-exec-7] com.vtu.mapper.WorksMapper.findAuditingWorks Line:143 - ==> Parameters: pass(String), 4(Integer)
2020-03-21 01:04:23.555 DEBUG --- [http-nio-8762-exec-7] com.vtu.mapper.WorksMapper.findAuditingWorks Line:143 - <==      Total: 2
2020-03-21 01:04:53.522 DEBUG --- [http-nio-8762-exec-9] com.vtu.mapper.WorksMapper.findAuditingWorks_COUNT Line:143 - ==>  Preparing: SELECT count(0) FROM tb_works w LEFT JOIN tb_works_url u ON w.works_id = u.works_id WHERE w.works_status LIKE concat('%', ?, '%') 
2020-03-21 01:04:53.523 DEBUG --- [http-nio-8762-exec-9] com.vtu.mapper.WorksMapper.findAuditingWorks_COUNT Line:143 - ==> Parameters: pass(String)
2020-03-21 01:04:53.549 DEBUG --- [http-nio-8762-exec-9] com.vtu.mapper.WorksMapper.findAuditingWorks_COUNT Line:143 - <==      Total: 1
2020-03-21 01:04:53.552 DEBUG --- [http-nio-8762-exec-9] com.vtu.mapper.WorksMapper.findAuditingWorks Line:143 - ==>  Preparing: SELECT w.works_id, w.works_title, w.works_desc, w.price,w.key_word, w.types_id,w.works_status,w.colorSytem,w.works_duration,channel,version, u.works_url_id,u.works_id, u.works_url,u.works_md5,u.works_name,u.works_size,u.compress_url,u.preview_url,u.synthesis_url FROM tb_works w LEFT JOIN tb_works_url u ON w.works_id = u.works_id WHERE w.works_status LIKE concat('%',?,'%') ORDER BY w.works_id desc LIMIT ? 
2020-03-21 01:04:53.552 DEBUG --- [http-nio-8762-exec-9] com.vtu.mapper.WorksMapper.findAuditingWorks Line:143 - ==> Parameters: pass(String), 4(Integer)
2020-03-21 01:04:53.580 DEBUG --- [http-nio-8762-exec-9] com.vtu.mapper.WorksMapper.findAuditingWorks Line:143 - <==      Total: 2
2020-03-21 01:05:42.141 DEBUG --- [http-nio-8762-exec-1] com.vtu.mapper.WorksMapper.findAuditingWorks_COUNT Line:143 - ==>  Preparing: SELECT count(0) FROM tb_works w LEFT JOIN tb_works_url u ON w.works_id = u.works_id WHERE w.works_status LIKE concat('%', ?, '%') 
2020-03-21 01:05:42.142 DEBUG --- [http-nio-8762-exec-1] com.vtu.mapper.WorksMapper.findAuditingWorks_COUNT Line:143 - ==> Parameters: pass(String)
2020-03-21 01:05:42.171 DEBUG --- [http-nio-8762-exec-1] com.vtu.mapper.WorksMapper.findAuditingWorks_COUNT Line:143 - <==      Total: 1
2020-03-21 01:05:42.174 DEBUG --- [http-nio-8762-exec-1] com.vtu.mapper.WorksMapper.findAuditingWorks Line:143 - ==>  Preparing: SELECT w.works_id, w.works_title, w.works_desc, w.price,w.key_word, w.types_id,w.works_status,w.colorSytem,w.works_duration,channel,version, u.works_url_id,u.works_id, u.works_url,u.works_md5,u.works_name,u.works_size,u.compress_url,u.preview_url,u.synthesis_url FROM tb_works w LEFT JOIN tb_works_url u ON w.works_id = u.works_id WHERE w.works_status LIKE concat('%',?,'%') ORDER BY w.works_id desc LIMIT ? 
2020-03-21 01:05:42.175 DEBUG --- [http-nio-8762-exec-1] com.vtu.mapper.WorksMapper.findAuditingWorks Line:143 - ==> Parameters: pass(String), 4(Integer)
2020-03-21 01:05:42.202 DEBUG --- [http-nio-8762-exec-1] com.vtu.mapper.WorksMapper.findAuditingWorks Line:143 - <==      Total: 2
2020-03-21 01:06:21.102 DEBUG --- [http-nio-8762-exec-2] com.vtu.mapper.WorksMapper.findAuditingWorks_COUNT Line:143 - ==>  Preparing: SELECT count(0) FROM tb_works w LEFT JOIN tb_works_url u ON w.works_id = u.works_id WHERE w.works_status LIKE concat('%', ?, '%') 
2020-03-21 01:06:21.103 DEBUG --- [http-nio-8762-exec-2] com.vtu.mapper.WorksMapper.findAuditingWorks_COUNT Line:143 - ==> Parameters: pass(String)
2020-03-21 01:06:21.130 DEBUG --- [http-nio-8762-exec-2] com.vtu.mapper.WorksMapper.findAuditingWorks_COUNT Line:143 - <==      Total: 1
2020-03-21 01:06:21.131 DEBUG --- [http-nio-8762-exec-2] com.vtu.mapper.WorksMapper.findAuditingWorks Line:143 - ==>  Preparing: SELECT w.works_id, w.works_title, w.works_desc, w.price,w.key_word, w.types_id,w.works_status,w.colorSytem,w.works_duration,channel,version, u.works_url_id,u.works_id, u.works_url,u.works_md5,u.works_name,u.works_size,u.compress_url,u.preview_url,u.synthesis_url FROM tb_works w LEFT JOIN tb_works_url u ON w.works_id = u.works_id WHERE w.works_status LIKE concat('%',?,'%') ORDER BY w.works_id desc LIMIT ? 
2020-03-21 01:06:21.132 DEBUG --- [http-nio-8762-exec-2] com.vtu.mapper.WorksMapper.findAuditingWorks Line:143 - ==> Parameters: pass(String), 4(Integer)
2020-03-21 01:06:21.159 DEBUG --- [http-nio-8762-exec-2] com.vtu.mapper.WorksMapper.findAuditingWorks Line:143 - <==      Total: 2
2020-03-21 01:07:11.686 DEBUG --- [http-nio-8762-exec-5] com.vtu.mapper.WorksMapper.findAuditingWorks_COUNT Line:143 - ==>  Preparing: SELECT count(0) FROM tb_works w LEFT JOIN tb_works_url u ON w.works_id = u.works_id WHERE w.works_status LIKE concat('%', ?, '%') 
2020-03-21 01:07:11.687 DEBUG --- [http-nio-8762-exec-5] com.vtu.mapper.WorksMapper.findAuditingWorks_COUNT Line:143 - ==> Parameters: pass(String)
2020-03-21 01:07:11.714 DEBUG --- [http-nio-8762-exec-5] com.vtu.mapper.WorksMapper.findAuditingWorks_COUNT Line:143 - <==      Total: 1
2020-03-21 01:07:11.715 DEBUG --- [http-nio-8762-exec-5] com.vtu.mapper.WorksMapper.findAuditingWorks Line:143 - ==>  Preparing: SELECT w.works_id, w.works_title, w.works_desc, w.price,w.key_word, w.types_id,w.works_status,w.colorSytem,w.works_duration,channel,version, u.works_url_id,u.works_id, u.works_url,u.works_md5,u.works_name,u.works_size,u.compress_url,u.preview_url,u.synthesis_url FROM tb_works w LEFT JOIN tb_works_url u ON w.works_id = u.works_id WHERE w.works_status LIKE concat('%',?,'%') ORDER BY w.works_id desc LIMIT ? 
2020-03-21 01:07:11.716 DEBUG --- [http-nio-8762-exec-5] com.vtu.mapper.WorksMapper.findAuditingWorks Line:143 - ==> Parameters: pass(String), 4(Integer)
2020-03-21 01:07:11.743 DEBUG --- [http-nio-8762-exec-5] com.vtu.mapper.WorksMapper.findAuditingWorks Line:143 - <==      Total: 2
2020-03-21 01:07:50.895 DEBUG --- [http-nio-8762-exec-7] com.vtu.mapper.WorksMapper.findAuditingWorks_COUNT Line:143 - ==>  Preparing: SELECT count(0) FROM tb_works w LEFT JOIN tb_works_url u ON w.works_id = u.works_id WHERE w.works_status LIKE concat('%', ?, '%') 
2020-03-21 01:07:50.896 DEBUG --- [http-nio-8762-exec-7] com.vtu.mapper.WorksMapper.findAuditingWorks_COUNT Line:143 - ==> Parameters: pass(String)
2020-03-21 01:07:50.924 DEBUG --- [http-nio-8762-exec-7] com.vtu.mapper.WorksMapper.findAuditingWorks_COUNT Line:143 - <==      Total: 1
2020-03-21 01:07:50.926 DEBUG --- [http-nio-8762-exec-7] com.vtu.mapper.WorksMapper.findAuditingWorks Line:143 - ==>  Preparing: SELECT w.works_id, w.works_title, w.works_desc, w.price,w.key_word, w.types_id,w.works_status,w.colorSytem,w.works_duration,channel,version, u.works_url_id,u.works_id, u.works_url,u.works_md5,u.works_name,u.works_size,u.compress_url,u.preview_url,u.synthesis_url FROM tb_works w LEFT JOIN tb_works_url u ON w.works_id = u.works_id WHERE w.works_status LIKE concat('%',?,'%') ORDER BY w.works_id desc LIMIT ? 
2020-03-21 01:07:50.926 DEBUG --- [http-nio-8762-exec-7] com.vtu.mapper.WorksMapper.findAuditingWorks Line:143 - ==> Parameters: pass(String), 4(Integer)
2020-03-21 01:07:50.954 DEBUG --- [http-nio-8762-exec-7] com.vtu.mapper.WorksMapper.findAuditingWorks Line:143 - <==      Total: 2
2020-03-21 01:07:55.157 DEBUG --- [http-nio-8762-exec-8] com.vtu.mapper.WorksMapper.findAuditingWorks_COUNT Line:143 - ==>  Preparing: SELECT count(0) FROM tb_works w LEFT JOIN tb_works_url u ON w.works_id = u.works_id WHERE w.works_status LIKE concat('%', ?, '%') 
2020-03-21 01:07:55.158 DEBUG --- [http-nio-8762-exec-8] com.vtu.mapper.WorksMapper.findAuditingWorks_COUNT Line:143 - ==> Parameters: pass(String)
2020-03-21 01:07:55.186 DEBUG --- [http-nio-8762-exec-8] com.vtu.mapper.WorksMapper.findAuditingWorks_COUNT Line:143 - <==      Total: 1
2020-03-21 01:07:55.188 DEBUG --- [http-nio-8762-exec-8] com.vtu.mapper.WorksMapper.findAuditingWorks Line:143 - ==>  Preparing: SELECT w.works_id, w.works_title, w.works_desc, w.price,w.key_word, w.types_id,w.works_status,w.colorSytem,w.works_duration,channel,version, u.works_url_id,u.works_id, u.works_url,u.works_md5,u.works_name,u.works_size,u.compress_url,u.preview_url,u.synthesis_url FROM tb_works w LEFT JOIN tb_works_url u ON w.works_id = u.works_id WHERE w.works_status LIKE concat('%',?,'%') ORDER BY w.works_id desc LIMIT ? 
2020-03-21 01:07:55.189 DEBUG --- [http-nio-8762-exec-8] com.vtu.mapper.WorksMapper.findAuditingWorks Line:143 - ==> Parameters: pass(String), 4(Integer)
2020-03-21 01:07:55.216 DEBUG --- [http-nio-8762-exec-8] com.vtu.mapper.WorksMapper.findAuditingWorks Line:143 - <==      Total: 2
2020-03-21 01:09:16.765 DEBUG --- [http-nio-8762-exec-10] com.vtu.mapper.WorksMapper.findAuditingWorks_COUNT Line:143 - ==>  Preparing: SELECT count(0) FROM tb_works w LEFT JOIN tb_works_url u ON w.works_id = u.works_id WHERE w.works_status LIKE concat('%', ?, '%') 
2020-03-21 01:09:16.766 DEBUG --- [http-nio-8762-exec-10] com.vtu.mapper.WorksMapper.findAuditingWorks_COUNT Line:143 - ==> Parameters: pass(String)
2020-03-21 01:09:16.792 DEBUG --- [http-nio-8762-exec-10] com.vtu.mapper.WorksMapper.findAuditingWorks_COUNT Line:143 - <==      Total: 1
2020-03-21 01:09:16.794 DEBUG --- [http-nio-8762-exec-10] com.vtu.mapper.WorksMapper.findAuditingWorks Line:143 - ==>  Preparing: SELECT w.works_id, w.works_title, w.works_desc, w.price,w.key_word, w.types_id,w.works_status,w.colorSytem,w.works_duration,channel,version, u.works_url_id,u.works_id, u.works_url,u.works_md5,u.works_name,u.works_size,u.compress_url,u.preview_url,u.synthesis_url FROM tb_works w LEFT JOIN tb_works_url u ON w.works_id = u.works_id WHERE w.works_status LIKE concat('%',?,'%') ORDER BY w.works_id desc LIMIT ? 
2020-03-21 01:09:16.795 DEBUG --- [http-nio-8762-exec-10] com.vtu.mapper.WorksMapper.findAuditingWorks Line:143 - ==> Parameters: pass(String), 4(Integer)
2020-03-21 01:09:16.824 DEBUG --- [http-nio-8762-exec-10] com.vtu.mapper.WorksMapper.findAuditingWorks Line:143 - <==      Total: 2
2020-03-21 01:09:20.739 DEBUG --- [http-nio-8762-exec-1] com.vtu.mapper.WorksMapper.findAuditingWorks_COUNT Line:143 - ==>  Preparing: SELECT count(0) FROM tb_works w LEFT JOIN tb_works_url u ON w.works_id = u.works_id WHERE w.works_status LIKE concat('%', ?, '%') 
2020-03-21 01:09:20.740 DEBUG --- [http-nio-8762-exec-1] com.vtu.mapper.WorksMapper.findAuditingWorks_COUNT Line:143 - ==> Parameters: pass(String)
2020-03-21 01:09:20.768 DEBUG --- [http-nio-8762-exec-1] com.vtu.mapper.WorksMapper.findAuditingWorks_COUNT Line:143 - <==      Total: 1
2020-03-21 01:09:20.770 DEBUG --- [http-nio-8762-exec-1] com.vtu.mapper.WorksMapper.findAuditingWorks Line:143 - ==>  Preparing: SELECT w.works_id, w.works_title, w.works_desc, w.price,w.key_word, w.types_id,w.works_status,w.colorSytem,w.works_duration,channel,version, u.works_url_id,u.works_id, u.works_url,u.works_md5,u.works_name,u.works_size,u.compress_url,u.preview_url,u.synthesis_url FROM tb_works w LEFT JOIN tb_works_url u ON w.works_id = u.works_id WHERE w.works_status LIKE concat('%',?,'%') ORDER BY w.works_id desc LIMIT ? 
2020-03-21 01:09:20.771 DEBUG --- [http-nio-8762-exec-1] com.vtu.mapper.WorksMapper.findAuditingWorks Line:143 - ==> Parameters: pass(String), 4(Integer)
2020-03-21 01:09:20.801 DEBUG --- [http-nio-8762-exec-1] com.vtu.mapper.WorksMapper.findAuditingWorks Line:143 - <==      Total: 2
2020-03-21 01:11:18.910 DEBUG --- [http-nio-8762-exec-2] com.vtu.mapper.WorksMapper.findAuditingWorks_COUNT Line:143 - ==>  Preparing: SELECT count(0) FROM tb_works w LEFT JOIN tb_works_url u ON w.works_id = u.works_id WHERE w.works_status LIKE concat('%', ?, '%') 
2020-03-21 01:11:18.911 DEBUG --- [http-nio-8762-exec-2] com.vtu.mapper.WorksMapper.findAuditingWorks_COUNT Line:143 - ==> Parameters: pass(String)
2020-03-21 01:11:18.938 DEBUG --- [http-nio-8762-exec-2] com.vtu.mapper.WorksMapper.findAuditingWorks_COUNT Line:143 - <==      Total: 1
2020-03-21 01:11:18.940 DEBUG --- [http-nio-8762-exec-2] com.vtu.mapper.WorksMapper.findAuditingWorks Line:143 - ==>  Preparing: SELECT w.works_id, w.works_title, w.works_desc, w.price,w.key_word, w.types_id,w.works_status,w.colorSytem,w.works_duration,channel,version, u.works_url_id,u.works_id, u.works_url,u.works_md5,u.works_name,u.works_size,u.compress_url,u.preview_url,u.synthesis_url FROM tb_works w LEFT JOIN tb_works_url u ON w.works_id = u.works_id WHERE w.works_status LIKE concat('%',?,'%') ORDER BY w.works_id desc LIMIT ? 
2020-03-21 01:11:18.941 DEBUG --- [http-nio-8762-exec-2] com.vtu.mapper.WorksMapper.findAuditingWorks Line:143 - ==> Parameters: pass(String), 4(Integer)
2020-03-21 01:11:18.969 DEBUG --- [http-nio-8762-exec-2] com.vtu.mapper.WorksMapper.findAuditingWorks Line:143 - <==      Total: 2
2020-03-21 01:11:49.201 DEBUG --- [http-nio-8762-exec-5] com.vtu.mapper.WorksMapper.findAuditingWorks_COUNT Line:143 - ==>  Preparing: SELECT count(0) FROM tb_works w LEFT JOIN tb_works_url u ON w.works_id = u.works_id WHERE w.works_status LIKE concat('%', ?, '%') 
2020-03-21 01:11:49.202 DEBUG --- [http-nio-8762-exec-5] com.vtu.mapper.WorksMapper.findAuditingWorks_COUNT Line:143 - ==> Parameters: pass(String)
2020-03-21 01:11:49.229 DEBUG --- [http-nio-8762-exec-5] com.vtu.mapper.WorksMapper.findAuditingWorks_COUNT Line:143 - <==      Total: 1
2020-03-21 01:11:49.231 DEBUG --- [http-nio-8762-exec-5] com.vtu.mapper.WorksMapper.findAuditingWorks Line:143 - ==>  Preparing: SELECT w.works_id, w.works_title, w.works_desc, w.price,w.key_word, w.types_id,w.works_status,w.colorSytem,w.works_duration,channel,version, u.works_url_id,u.works_id, u.works_url,u.works_md5,u.works_name,u.works_size,u.compress_url,u.preview_url,u.synthesis_url FROM tb_works w LEFT JOIN tb_works_url u ON w.works_id = u.works_id WHERE w.works_status LIKE concat('%',?,'%') ORDER BY w.works_id desc LIMIT ? 
2020-03-21 01:11:49.232 DEBUG --- [http-nio-8762-exec-5] com.vtu.mapper.WorksMapper.findAuditingWorks Line:143 - ==> Parameters: pass(String), 4(Integer)
2020-03-21 01:11:49.259 DEBUG --- [http-nio-8762-exec-5] com.vtu.mapper.WorksMapper.findAuditingWorks Line:143 - <==      Total: 2
2020-03-21 01:12:18.672 DEBUG --- [http-nio-8762-exec-7] com.vtu.mapper.WorksMapper.findAuditingWorks_COUNT Line:143 - ==>  Preparing: SELECT count(0) FROM tb_works w LEFT JOIN tb_works_url u ON w.works_id = u.works_id WHERE w.works_status LIKE concat('%', ?, '%') 
2020-03-21 01:12:18.673 DEBUG --- [http-nio-8762-exec-7] com.vtu.mapper.WorksMapper.findAuditingWorks_COUNT Line:143 - ==> Parameters: pass(String)
2020-03-21 01:12:18.703 DEBUG --- [http-nio-8762-exec-7] com.vtu.mapper.WorksMapper.findAuditingWorks_COUNT Line:143 - <==      Total: 1
2020-03-21 01:12:18.705 DEBUG --- [http-nio-8762-exec-7] com.vtu.mapper.WorksMapper.findAuditingWorks Line:143 - ==>  Preparing: SELECT w.works_id, w.works_title, w.works_desc, w.price,w.key_word, w.types_id,w.works_status,w.colorSytem,w.works_duration,channel,version, u.works_url_id,u.works_id, u.works_url,u.works_md5,u.works_name,u.works_size,u.compress_url,u.preview_url,u.synthesis_url FROM tb_works w LEFT JOIN tb_works_url u ON w.works_id = u.works_id WHERE w.works_status LIKE concat('%',?,'%') ORDER BY w.works_id desc LIMIT ? 
2020-03-21 01:12:18.706 DEBUG --- [http-nio-8762-exec-7] com.vtu.mapper.WorksMapper.findAuditingWorks Line:143 - ==> Parameters: pass(String), 4(Integer)
2020-03-21 01:12:18.734 DEBUG --- [http-nio-8762-exec-7] com.vtu.mapper.WorksMapper.findAuditingWorks Line:143 - <==      Total: 2
2020-03-21 01:15:20.836 DEBUG --- [http-nio-8762-exec-9] com.vtu.mapper.WorksMapper.findAuditingWorks_COUNT Line:143 - ==>  Preparing: SELECT count(0) FROM tb_works w LEFT JOIN tb_works_url u ON w.works_id = u.works_id WHERE w.works_status LIKE concat('%', ?, '%') 
2020-03-21 01:15:20.837 DEBUG --- [http-nio-8762-exec-9] com.vtu.mapper.WorksMapper.findAuditingWorks_COUNT Line:143 - ==> Parameters: pass(String)
2020-03-21 01:15:20.864 DEBUG --- [http-nio-8762-exec-9] com.vtu.mapper.WorksMapper.findAuditingWorks_COUNT Line:143 - <==      Total: 1
2020-03-21 01:15:20.866 DEBUG --- [http-nio-8762-exec-9] com.vtu.mapper.WorksMapper.findAuditingWorks Line:143 - ==>  Preparing: SELECT w.works_id, w.works_title, w.works_desc, w.price,w.key_word, w.types_id,w.works_status,w.colorSytem,w.works_duration,channel,version, u.works_url_id,u.works_id, u.works_url,u.works_md5,u.works_name,u.works_size,u.compress_url,u.preview_url,u.synthesis_url FROM tb_works w LEFT JOIN tb_works_url u ON w.works_id = u.works_id WHERE w.works_status LIKE concat('%',?,'%') ORDER BY w.works_id desc LIMIT ? 
2020-03-21 01:15:20.867 DEBUG --- [http-nio-8762-exec-9] com.vtu.mapper.WorksMapper.findAuditingWorks Line:143 - ==> Parameters: pass(String), 4(Integer)
2020-03-21 01:15:20.894 DEBUG --- [http-nio-8762-exec-9] com.vtu.mapper.WorksMapper.findAuditingWorks Line:143 - <==      Total: 2
2020-03-21 01:16:32.149 DEBUG --- [http-nio-8762-exec-1] com.vtu.mapper.WorksMapper.findAuditingWorks_COUNT Line:143 - ==>  Preparing: SELECT count(0) FROM tb_works w LEFT JOIN tb_works_url u ON w.works_id = u.works_id WHERE w.works_status LIKE concat('%', ?, '%') 
2020-03-21 01:16:32.150 DEBUG --- [http-nio-8762-exec-1] com.vtu.mapper.WorksMapper.findAuditingWorks_COUNT Line:143 - ==> Parameters: pass(String)
2020-03-21 01:16:32.178 DEBUG --- [http-nio-8762-exec-1] com.vtu.mapper.WorksMapper.findAuditingWorks_COUNT Line:143 - <==      Total: 1
2020-03-21 01:16:32.179 DEBUG --- [http-nio-8762-exec-1] com.vtu.mapper.WorksMapper.findAuditingWorks Line:143 - ==>  Preparing: SELECT w.works_id, w.works_title, w.works_desc, w.price,w.key_word, w.types_id,w.works_status,w.colorSytem,w.works_duration,channel,version, u.works_url_id,u.works_id, u.works_url,u.works_md5,u.works_name,u.works_size,u.compress_url,u.preview_url,u.synthesis_url FROM tb_works w LEFT JOIN tb_works_url u ON w.works_id = u.works_id WHERE w.works_status LIKE concat('%',?,'%') ORDER BY w.works_id desc LIMIT ? 
2020-03-21 01:16:32.180 DEBUG --- [http-nio-8762-exec-1] com.vtu.mapper.WorksMapper.findAuditingWorks Line:143 - ==> Parameters: pass(String), 4(Integer)
2020-03-21 01:16:32.207 DEBUG --- [http-nio-8762-exec-1] com.vtu.mapper.WorksMapper.findAuditingWorks Line:143 - <==      Total: 2
2020-03-21 01:16:53.055 DEBUG --- [http-nio-8762-exec-2] com.vtu.mapper.WorksMapper.findAuditingWorks_COUNT Line:143 - ==>  Preparing: SELECT count(0) FROM tb_works w LEFT JOIN tb_works_url u ON w.works_id = u.works_id WHERE w.works_status LIKE concat('%', ?, '%') 
2020-03-21 01:16:53.056 DEBUG --- [http-nio-8762-exec-2] com.vtu.mapper.WorksMapper.findAuditingWorks_COUNT Line:143 - ==> Parameters: pass(String)
2020-03-21 01:16:53.100 DEBUG --- [http-nio-8762-exec-2] com.vtu.mapper.WorksMapper.findAuditingWorks_COUNT Line:143 - <==      Total: 1
2020-03-21 01:16:53.102 DEBUG --- [http-nio-8762-exec-2] com.vtu.mapper.WorksMapper.findAuditingWorks Line:143 - ==>  Preparing: SELECT w.works_id, w.works_title, w.works_desc, w.price,w.key_word, w.types_id,w.works_status,w.colorSytem,w.works_duration,channel,version, u.works_url_id,u.works_id, u.works_url,u.works_md5,u.works_name,u.works_size,u.compress_url,u.preview_url,u.synthesis_url FROM tb_works w LEFT JOIN tb_works_url u ON w.works_id = u.works_id WHERE w.works_status LIKE concat('%',?,'%') ORDER BY w.works_id desc LIMIT ? 
2020-03-21 01:16:53.103 DEBUG --- [http-nio-8762-exec-2] com.vtu.mapper.WorksMapper.findAuditingWorks Line:143 - ==> Parameters: pass(String), 4(Integer)
2020-03-21 01:16:53.130 DEBUG --- [http-nio-8762-exec-2] com.vtu.mapper.WorksMapper.findAuditingWorks Line:143 - <==      Total: 2
