2021-01-02 21:11:45.789 DEBUG --- [restartedMain] org.apache.ibatis.logging.LogFactory Line:105 - Logging initialized using 'class org.apache.ibatis.logging.slf4j.Slf4jImpl' adapter.
2021-01-02 21:13:27.420 DEBUG --- [http-nio-8762-exec-1] com.vtu.mapper.CustomerMapper.selectByAuthCode Line:143 - ==>  Preparing: select account_id, account, password, name, phone, id_card, remain, is_vip, is_shoper, email, email_send_time,wxId, qqId,authCode,isAuth, sex,header_image_url,head_portrait_url,id_card_url,passport_url,business_liscence_url,protocol_url,shoper_type,shoper_status from tb_customer where authCode = ? 
2021-01-02 21:13:27.462 DEBUG --- [http-nio-8762-exec-1] com.vtu.mapper.CustomerMapper.selectByAuthCode Line:143 - ==> Parameters: 1234(String)
2021-01-02 21:13:27.523 DEBUG --- [http-nio-8762-exec-1] com.vtu.mapper.CustomerMapper.selectByAuthCode Line:143 - <==      Total: 1
2021-01-02 21:13:27.528 DEBUG --- [http-nio-8762-exec-1] com.vtu.mapper.CustomerVipMapper.selectByAccountId Line:143 - ==>  Preparing: select id, account_id, vip_detail_id, start_time, end_time, is_vip from tb_customer_vip where account_id = ? 
2021-01-02 21:13:27.530 DEBUG --- [http-nio-8762-exec-1] com.vtu.mapper.CustomerVipMapper.selectByAccountId Line:143 - ==> Parameters: 12(Long)
2021-01-02 21:13:27.561 DEBUG --- [http-nio-8762-exec-1] com.vtu.mapper.CustomerVipMapper.selectByAccountId Line:143 - <==      Total: 0
2021-01-02 21:13:27.563 DEBUG --- [http-nio-8762-exec-1] com.vtu.mapper.CustomerMapper.updateByPrimaryKey Line:143 - ==>  Preparing: update tb_customer set account = ?, password = ?, name = ?, sex = ?, phone = ?, id_card = ?, remain = ?, is_vip = ?, is_shoper = ?, email = ?, email_send_time = ?, wxId = ?, qqId = ?, authCode = ?, isAuth = ?, header_image_url = ?, head_portrait_url = ?, id_card_url = ?, passport_url = ?, business_liscence_url = ?, protocol_url = ?, shoper_type = ?, shoper_status = ? where account_id = ? 
2021-01-02 21:13:27.566 DEBUG --- [http-nio-8762-exec-1] com.vtu.mapper.CustomerMapper.updateByPrimaryKey Line:143 - ==> Parameters: VT20191103232122916(String), null, 小星星(String), null, null, null, 10(BigDecimal), null, null, 786107325@qq.com(String), 2019-11-03 23:21:22:915(String), null, null, 1234(String), true(String), https://vtuweb.oss-cn-beijing.aliyuncs.com/temps/tempOutput/1605435370549/headerImage/儿童.jpg(String), null, null, null, null, null, personal(String), (String), 12(Long)
2021-01-02 21:13:27.639 DEBUG --- [http-nio-8762-exec-1] com.vtu.mapper.CustomerMapper.updateByPrimaryKey Line:143 - <==    Updates: 1
2021-01-02 21:13:30.796 DEBUG --- [http-nio-8762-exec-4] com.vtu.mapper.WorksMapper.getWorksByCondition_COUNT Line:143 - ==>  Preparing: select count(0) from (SELECT w.* FROM tb_works w WHERE w.status LIKE concat('%',?,'%') and w.type LIKE concat('%',?,'%') and (w.is_del IS NULL || length(w.is_del)!=0) ORDER BY w.works_id desc) tmp_count 
2021-01-02 21:13:30.797 DEBUG --- [http-nio-8762-exec-4] com.vtu.mapper.WorksMapper.getWorksByCondition_COUNT Line:143 - ==> Parameters: pass(String), 1(String)
2021-01-02 21:13:30.828 DEBUG --- [http-nio-8762-exec-4] com.vtu.mapper.WorksMapper.getWorksByCondition_COUNT Line:143 - <==      Total: 1
2021-01-02 21:13:30.831 DEBUG --- [http-nio-8762-exec-4] com.vtu.mapper.WorksMapper.getWorksByCondition Line:143 - ==>  Preparing: SELECT w.* FROM tb_works w WHERE w.status LIKE concat('%',?,'%') and w.type LIKE concat('%',?,'%') and (w.is_del IS NULL || length(w.is_del)!=0) ORDER BY w.works_id desc LIMIT ? 
2021-01-02 21:13:30.833 DEBUG --- [http-nio-8762-exec-4] com.vtu.mapper.WorksMapper.getWorksByCondition Line:143 - ==> Parameters: pass(String), 1(String), 4(Integer)
2021-01-02 21:13:30.864 DEBUG --- [http-nio-8762-exec-4] com.vtu.mapper.WorksMapper.getWorksByCondition Line:143 - <==      Total: 1
2021-01-02 21:13:30.865 DEBUG --- [http-nio-8762-exec-2] com.vtu.mapper.WorksMapper.getWorksByCondition_COUNT Line:143 - ==>  Preparing: select count(0) from (SELECT w.* FROM tb_works w WHERE w.status LIKE concat('%',?,'%') and w.type LIKE concat('%',?,'%') and (w.is_del IS NULL || length(w.is_del)!=0) ORDER BY w.works_id desc) tmp_count 
2021-01-02 21:13:30.866 DEBUG --- [http-nio-8762-exec-2] com.vtu.mapper.WorksMapper.getWorksByCondition_COUNT Line:143 - ==> Parameters: pass(String), 3(String)
2021-01-02 21:13:30.896 DEBUG --- [http-nio-8762-exec-2] com.vtu.mapper.WorksMapper.getWorksByCondition_COUNT Line:143 - <==      Total: 1
2021-01-02 21:13:30.897 DEBUG --- [http-nio-8762-exec-3] com.vtu.mapper.WorksMapper.getWorksByCondition_COUNT Line:143 - ==>  Preparing: select count(0) from (SELECT w.* FROM tb_works w WHERE w.status LIKE concat('%',?,'%') and w.type LIKE concat('%',?,'%') and (w.is_del IS NULL || length(w.is_del)!=0) ORDER BY w.works_id desc) tmp_count 
2021-01-02 21:13:30.899 DEBUG --- [http-nio-8762-exec-3] com.vtu.mapper.WorksMapper.getWorksByCondition_COUNT Line:143 - ==> Parameters: pass(String), 2(String)
2021-01-02 21:13:30.933 DEBUG --- [http-nio-8762-exec-3] com.vtu.mapper.WorksMapper.getWorksByCondition_COUNT Line:143 - <==      Total: 1
2021-01-02 21:13:44.872 DEBUG --- [http-nio-8762-exec-9] com.vtu.mapper.WorksMapper.getPersonManage_COUNT Line:143 - ==>  Preparing: select count(0) from (SELECT w.* FROM tb_works w WHERE w.account_id=? and (w.is_del IS NULL || length(w.is_del)!=0) ORDER BY w.works_id desc) tmp_count 
2021-01-02 21:13:44.873 DEBUG --- [http-nio-8762-exec-9] com.vtu.mapper.WorksMapper.getPersonManage_COUNT Line:143 - ==> Parameters: 12(Long)
2021-01-02 21:13:44.885 DEBUG --- [http-nio-8762-exec-8] com.vtu.mapper.WorksMapper.selectByAccountId Line:143 - ==>  Preparing: SELECT * FROM tb_works WHERE status LIKE concat('%',?,'%') and account_id LIKE concat('%', ?,'%') and type LIKE concat('%', ?,'%') and (is_del IS NULL || length(is_del)!=0) 
2021-01-02 21:13:44.886 DEBUG --- [http-nio-8762-exec-8] com.vtu.mapper.WorksMapper.selectByAccountId Line:143 - ==> Parameters: refer(String), 12(Long), 3(String)
2021-01-02 21:13:44.900 DEBUG --- [http-nio-8762-exec-9] com.vtu.mapper.WorksMapper.getPersonManage_COUNT Line:143 - <==      Total: 1
2021-01-02 21:13:44.901 DEBUG --- [http-nio-8762-exec-9] com.vtu.mapper.WorksMapper.getPersonManage Line:143 - ==>  Preparing: SELECT w.* FROM tb_works w WHERE w.account_id=? and (w.is_del IS NULL || length(w.is_del)!=0) ORDER BY w.works_id desc LIMIT ? 
2021-01-02 21:13:44.902 DEBUG --- [http-nio-8762-exec-9] com.vtu.mapper.WorksMapper.getPersonManage Line:143 - ==> Parameters: 12(Long), 10(Integer)
2021-01-02 21:13:44.919 DEBUG --- [http-nio-8762-exec-8] com.vtu.mapper.WorksMapper.selectByAccountId Line:143 - <==      Total: 1
2021-01-02 21:13:44.920 DEBUG --- [http-nio-8762-exec-7] com.vtu.mapper.WorksMapper.selectByAccountId Line:143 - ==>  Preparing: SELECT * FROM tb_works WHERE status LIKE concat('%',?,'%') and account_id LIKE concat('%', ?,'%') and type LIKE concat('%', ?,'%') and (is_del IS NULL || length(is_del)!=0) 
2021-01-02 21:13:44.921 DEBUG --- [http-nio-8762-exec-7] com.vtu.mapper.WorksMapper.selectByAccountId Line:143 - ==> Parameters: refer(String), 12(Long), 2(String)
2021-01-02 21:13:44.950 DEBUG --- [http-nio-8762-exec-9] com.vtu.mapper.WorksMapper.getPersonManage Line:143 - <==      Total: 5
2021-01-02 21:13:44.951 DEBUG --- [http-nio-8762-exec-1] com.vtu.mapper.WorksMapper.selectByAccountId Line:143 - ==>  Preparing: SELECT * FROM tb_works WHERE status LIKE concat('%',?,'%') and account_id LIKE concat('%', ?,'%') and type LIKE concat('%', ?,'%') and (is_del IS NULL || length(is_del)!=0) 
2021-01-02 21:13:44.953 DEBUG --- [http-nio-8762-exec-1] com.vtu.mapper.WorksMapper.selectByAccountId Line:143 - ==> Parameters: refer(String), 12(Long), 1(String)
2021-01-02 21:13:44.956 DEBUG --- [http-nio-8762-exec-7] com.vtu.mapper.WorksMapper.selectByAccountId Line:143 - <==      Total: 0
2021-01-02 21:13:44.987 DEBUG --- [http-nio-8762-exec-1] com.vtu.mapper.WorksMapper.selectByAccountId Line:143 - <==      Total: 2
2021-01-02 21:13:53.803 DEBUG --- [http-nio-8762-exec-5] com.vtu.mapper.VipMapper.selectByVipType Line:143 - ==>  Preparing: SELECT id, vip_type, type_name , vip_detail_id,vip_id, vip_name, time_long, time_unit, com_material, material, modial_material, custom_discount,prices, invoice_type,sort_num FROM (SELECT * FROM tb_vip WHERE vip_type=?) a LEFT JOIN tb_vip_detail b ON a.id = b.vip_id ORDER BY sort_num,vip_detail_id 
2021-01-02 21:13:53.803 DEBUG --- [http-nio-8762-exec-6] com.vtu.mapper.VipMapper.selectByVipType Line:143 - ==>  Preparing: SELECT id, vip_type, type_name , vip_detail_id,vip_id, vip_name, time_long, time_unit, com_material, material, modial_material, custom_discount,prices, invoice_type,sort_num FROM (SELECT * FROM tb_vip WHERE vip_type=?) a LEFT JOIN tb_vip_detail b ON a.id = b.vip_id ORDER BY sort_num,vip_detail_id 
2021-01-02 21:13:53.804 DEBUG --- [http-nio-8762-exec-5] com.vtu.mapper.VipMapper.selectByVipType Line:143 - ==> Parameters: 1(Long)
2021-01-02 21:13:53.804 DEBUG --- [http-nio-8762-exec-6] com.vtu.mapper.VipMapper.selectByVipType Line:143 - ==> Parameters: 1(Long)
2021-01-02 21:13:53.818 DEBUG --- [http-nio-8762-exec-8] com.vtu.mapper.WorksDownloadMapper.findAllByAccountId_COUNT Line:143 - ==>  Preparing: SELECT count(0) FROM tb_works t, tb_works_download d WHERE t.works_id = d.works_id AND d.account_id = ? 
2021-01-02 21:13:53.819 DEBUG --- [http-nio-8762-exec-8] com.vtu.mapper.WorksDownloadMapper.findAllByAccountId_COUNT Line:143 - ==> Parameters: 12(Long)
2021-01-02 21:13:53.846 DEBUG --- [http-nio-8762-exec-6] com.vtu.mapper.VipMapper.selectByVipType Line:143 - <==      Total: 12
2021-01-02 21:13:53.846 DEBUG --- [http-nio-8762-exec-5] com.vtu.mapper.VipMapper.selectByVipType Line:143 - <==      Total: 12
2021-01-02 21:13:53.851 DEBUG --- [http-nio-8762-exec-8] com.vtu.mapper.WorksDownloadMapper.findAllByAccountId_COUNT Line:143 - <==      Total: 1
2021-01-02 21:13:53.855 DEBUG --- [http-nio-8762-exec-8] com.vtu.mapper.WorksDownloadMapper.findAllByAccountId Line:143 - ==>  Preparing: SELECT t.*,d.down_time from tb_works t,tb_works_download d WHERE t.works_id=d.works_id AND d.account_id=? ORDER BY d.down_time DESC LIMIT ? 
2021-01-02 21:13:53.857 DEBUG --- [http-nio-8762-exec-8] com.vtu.mapper.WorksDownloadMapper.findAllByAccountId Line:143 - ==> Parameters: 12(Long), 10(Integer)
2021-01-02 21:13:53.893 DEBUG --- [http-nio-8762-exec-8] com.vtu.mapper.WorksDownloadMapper.findAllByAccountId Line:143 - <==      Total: 1
2021-01-02 21:13:53.903 DEBUG --- [http-nio-8762-exec-9] com.vtu.mapper.RechargeRecordMapper.findAllByAccountId_COUNT Line:143 - ==>  Preparing: SELECT count(0) FROM tb_recharge_record WHERE account_id = ? 
2021-01-02 21:13:53.905 DEBUG --- [http-nio-8762-exec-9] com.vtu.mapper.RechargeRecordMapper.findAllByAccountId_COUNT Line:143 - ==> Parameters: 12(Long)
2021-01-02 21:13:53.936 DEBUG --- [http-nio-8762-exec-9] com.vtu.mapper.RechargeRecordMapper.findAllByAccountId_COUNT Line:143 - <==      Total: 1
2021-01-02 21:13:53.940 DEBUG --- [http-nio-8762-exec-9] com.vtu.mapper.RechargeRecordMapper.findAllByAccountId Line:143 - ==>  Preparing: select recharge_id, account_id, recharge_time, recharge_money from tb_recharge_record where account_id = ? LIMIT ? 
2021-01-02 21:13:53.941 DEBUG --- [http-nio-8762-exec-9] com.vtu.mapper.RechargeRecordMapper.findAllByAccountId Line:143 - ==> Parameters: 12(Long), 5(Integer)
2021-01-02 21:13:53.976 DEBUG --- [http-nio-8762-exec-9] com.vtu.mapper.RechargeRecordMapper.findAllByAccountId Line:143 - <==      Total: 3
2021-01-02 21:13:56.979 DEBUG --- [http-nio-8762-exec-7] com.vtu.mapper.CustomerMapper.selectByPrimaryKey Line:143 - ==>  Preparing: select account_id, account, password, name, phone, id_card, remain, is_vip, is_shoper, email, email_send_time,wxId, qqId,authCode,isAuth, sex,header_image_url,head_portrait_url,id_card_url,passport_url,business_liscence_url,protocol_url,shoper_type,shoper_status from tb_customer where account_id = ? 
2021-01-02 21:13:56.979 DEBUG --- [http-nio-8762-exec-1] com.vtu.mapper.VipMapper.selectByPrimaryKey Line:143 - ==>  Preparing: select vip_detail_id,vip_id, vip_name, time_long, time_unit, com_material, material, modial_material, custom_discount,prices, invoice_type,sort_num from tb_vip_detail where vip_detail_id = ? 
2021-01-02 21:13:56.981 DEBUG --- [http-nio-8762-exec-1] com.vtu.mapper.VipMapper.selectByPrimaryKey Line:143 - ==> Parameters: 1(Long)
2021-01-02 21:13:56.981 DEBUG --- [http-nio-8762-exec-7] com.vtu.mapper.CustomerMapper.selectByPrimaryKey Line:143 - ==> Parameters: 12(Long)
2021-01-02 21:13:57.023 DEBUG --- [http-nio-8762-exec-1] com.vtu.mapper.VipMapper.selectByPrimaryKey Line:143 - <==      Total: 1
2021-01-02 21:13:57.024 DEBUG --- [http-nio-8762-exec-7] com.vtu.mapper.CustomerMapper.selectByPrimaryKey Line:143 - <==      Total: 1
2021-01-02 21:14:04.903 DEBUG --- [http-nio-8762-exec-3] com.vtu.mapper.CustomerMapper.selectByPrimaryKey Line:143 - ==>  Preparing: select account_id, account, password, name, phone, id_card, remain, is_vip, is_shoper, email, email_send_time,wxId, qqId,authCode,isAuth, sex,header_image_url,head_portrait_url,id_card_url,passport_url,business_liscence_url,protocol_url,shoper_type,shoper_status from tb_customer where account_id = ? 
2021-01-02 21:14:04.905 DEBUG --- [http-nio-8762-exec-3] com.vtu.mapper.CustomerMapper.selectByPrimaryKey Line:143 - ==> Parameters: 12(Long)
2021-01-02 21:14:04.931 DEBUG --- [http-nio-8762-exec-3] com.vtu.mapper.CustomerMapper.selectByPrimaryKey Line:143 - <==      Total: 1
2021-01-02 21:14:04.933 DEBUG --- [http-nio-8762-exec-3] com.vtu.mapper.VipMapper.selectByPrimaryKey Line:143 - ==>  Preparing: select vip_detail_id,vip_id, vip_name, time_long, time_unit, com_material, material, modial_material, custom_discount,prices, invoice_type,sort_num from tb_vip_detail where vip_detail_id = ? 
2021-01-02 21:14:04.934 DEBUG --- [http-nio-8762-exec-3] com.vtu.mapper.VipMapper.selectByPrimaryKey Line:143 - ==> Parameters: 1(Long)
2021-01-02 21:14:04.959 DEBUG --- [http-nio-8762-exec-3] com.vtu.mapper.VipMapper.selectByPrimaryKey Line:143 - <==      Total: 1
2021-01-02 22:36:41.267 DEBUG --- [http-nio-8762-exec-9] com.vtu.mapper.CustomerMapper.selectByAuthCode Line:143 - ==>  Preparing: select account_id, account, password, name, phone, id_card, remain, is_vip, is_shoper, email, email_send_time,wxId, qqId,authCode,isAuth, sex,header_image_url,head_portrait_url,id_card_url,passport_url,business_liscence_url,protocol_url,shoper_type,shoper_status from tb_customer where authCode = ? 
2021-01-02 22:36:41.268 DEBUG --- [http-nio-8762-exec-9] com.vtu.mapper.CustomerMapper.selectByAuthCode Line:143 - ==> Parameters: 1234(String)
2021-01-02 22:36:41.298 DEBUG --- [http-nio-8762-exec-9] com.vtu.mapper.CustomerMapper.selectByAuthCode Line:143 - <==      Total: 1
2021-01-02 22:36:41.300 DEBUG --- [http-nio-8762-exec-9] com.vtu.mapper.CustomerVipMapper.selectByAccountId Line:143 - ==>  Preparing: select id, account_id, vip_detail_id, start_time, end_time, is_vip from tb_customer_vip where account_id = ? 
2021-01-02 22:36:41.301 DEBUG --- [http-nio-8762-exec-9] com.vtu.mapper.CustomerVipMapper.selectByAccountId Line:143 - ==> Parameters: 12(Long)
2021-01-02 22:36:41.329 DEBUG --- [http-nio-8762-exec-9] com.vtu.mapper.CustomerVipMapper.selectByAccountId Line:143 - <==      Total: 0
2021-01-02 22:36:41.330 DEBUG --- [http-nio-8762-exec-9] com.vtu.mapper.CustomerMapper.updateByPrimaryKey Line:143 - ==>  Preparing: update tb_customer set account = ?, password = ?, name = ?, sex = ?, phone = ?, id_card = ?, remain = ?, is_vip = ?, is_shoper = ?, email = ?, email_send_time = ?, wxId = ?, qqId = ?, authCode = ?, isAuth = ?, header_image_url = ?, head_portrait_url = ?, id_card_url = ?, passport_url = ?, business_liscence_url = ?, protocol_url = ?, shoper_type = ?, shoper_status = ? where account_id = ? 
2021-01-02 22:36:41.332 DEBUG --- [http-nio-8762-exec-9] com.vtu.mapper.CustomerMapper.updateByPrimaryKey Line:143 - ==> Parameters: VT20191103232122916(String), null, 小星星(String), null, null, null, 10(BigDecimal), null, null, 786107325@qq.com(String), 2019-11-03 23:21:22:915(String), null, null, 1234(String), true(String), https://vtuweb.oss-cn-beijing.aliyuncs.com/temps/tempOutput/1605435370549/headerImage/儿童.jpg(String), null, null, null, null, null, personal(String), (String), 12(Long)
2021-01-02 22:36:41.386 DEBUG --- [http-nio-8762-exec-9] com.vtu.mapper.CustomerMapper.updateByPrimaryKey Line:143 - <==    Updates: 1
2021-01-02 22:36:43.006 DEBUG --- [http-nio-8762-exec-1] com.vtu.mapper.WorksMapper.getWorksByCondition_COUNT Line:143 - ==>  Preparing: select count(0) from (SELECT w.* FROM tb_works w WHERE w.status LIKE concat('%',?,'%') and w.type LIKE concat('%',?,'%') and (w.is_del IS NULL || length(w.is_del)!=0) ORDER BY w.works_id desc) tmp_count 
2021-01-02 22:36:43.017 DEBUG --- [http-nio-8762-exec-1] com.vtu.mapper.WorksMapper.getWorksByCondition_COUNT Line:143 - ==> Parameters: pass(String), 3(String)
2021-01-02 22:36:43.049 DEBUG --- [http-nio-8762-exec-1] com.vtu.mapper.WorksMapper.getWorksByCondition_COUNT Line:143 - <==      Total: 1
2021-01-02 22:36:43.050 DEBUG --- [http-nio-8762-exec-3] com.vtu.mapper.WorksMapper.getWorksByCondition_COUNT Line:143 - ==>  Preparing: select count(0) from (SELECT w.* FROM tb_works w WHERE w.status LIKE concat('%',?,'%') and w.type LIKE concat('%',?,'%') and (w.is_del IS NULL || length(w.is_del)!=0) ORDER BY w.works_id desc) tmp_count 
2021-01-02 22:36:43.060 DEBUG --- [http-nio-8762-exec-3] com.vtu.mapper.WorksMapper.getWorksByCondition_COUNT Line:143 - ==> Parameters: pass(String), 2(String)
2021-01-02 22:36:43.097 DEBUG --- [http-nio-8762-exec-3] com.vtu.mapper.WorksMapper.getWorksByCondition_COUNT Line:143 - <==      Total: 1
2021-01-02 22:36:43.102 DEBUG --- [http-nio-8762-exec-2] com.vtu.mapper.WorksMapper.getWorksByCondition_COUNT Line:143 - ==>  Preparing: select count(0) from (SELECT w.* FROM tb_works w WHERE w.status LIKE concat('%',?,'%') and w.type LIKE concat('%',?,'%') and (w.is_del IS NULL || length(w.is_del)!=0) ORDER BY w.works_id desc) tmp_count 
2021-01-02 22:36:43.104 DEBUG --- [http-nio-8762-exec-2] com.vtu.mapper.WorksMapper.getWorksByCondition_COUNT Line:143 - ==> Parameters: pass(String), 1(String)
2021-01-02 22:36:43.135 DEBUG --- [http-nio-8762-exec-2] com.vtu.mapper.WorksMapper.getWorksByCondition_COUNT Line:143 - <==      Total: 1
2021-01-02 22:36:43.137 DEBUG --- [http-nio-8762-exec-2] com.vtu.mapper.WorksMapper.getWorksByCondition Line:143 - ==>  Preparing: SELECT w.* FROM tb_works w WHERE w.status LIKE concat('%',?,'%') and w.type LIKE concat('%',?,'%') and (w.is_del IS NULL || length(w.is_del)!=0) ORDER BY w.works_id desc LIMIT ? 
2021-01-02 22:36:43.138 DEBUG --- [http-nio-8762-exec-2] com.vtu.mapper.WorksMapper.getWorksByCondition Line:143 - ==> Parameters: pass(String), 1(String), 4(Integer)
2021-01-02 22:36:43.177 DEBUG --- [http-nio-8762-exec-2] com.vtu.mapper.WorksMapper.getWorksByCondition Line:143 - <==      Total: 1
2021-01-02 22:36:54.784 DEBUG --- [http-nio-8762-exec-8] com.vtu.mapper.VipMapper.selectByVipType Line:143 - ==>  Preparing: SELECT id, vip_type, type_name , vip_detail_id,vip_id, vip_name, time_long, time_unit, com_material, material, modial_material, custom_discount,prices, invoice_type,sort_num FROM (SELECT * FROM tb_vip WHERE vip_type=?) a LEFT JOIN tb_vip_detail b ON a.id = b.vip_id ORDER BY sort_num,vip_detail_id 
2021-01-02 22:36:54.786 DEBUG --- [http-nio-8762-exec-8] com.vtu.mapper.VipMapper.selectByVipType Line:143 - ==> Parameters: 1(Long)
2021-01-02 22:36:54.796 DEBUG --- [http-nio-8762-exec-7] com.vtu.mapper.VipMapper.selectByVipType Line:143 - ==>  Preparing: SELECT id, vip_type, type_name , vip_detail_id,vip_id, vip_name, time_long, time_unit, com_material, material, modial_material, custom_discount,prices, invoice_type,sort_num FROM (SELECT * FROM tb_vip WHERE vip_type=?) a LEFT JOIN tb_vip_detail b ON a.id = b.vip_id ORDER BY sort_num,vip_detail_id 
2021-01-02 22:36:54.797 DEBUG --- [http-nio-8762-exec-7] com.vtu.mapper.VipMapper.selectByVipType Line:143 - ==> Parameters: 1(Long)
2021-01-02 22:36:54.825 DEBUG --- [http-nio-8762-exec-8] com.vtu.mapper.VipMapper.selectByVipType Line:143 - <==      Total: 12
2021-01-02 22:36:54.828 DEBUG --- [http-nio-8762-exec-5] com.vtu.mapper.WorksDownloadMapper.findAllByAccountId_COUNT Line:143 - ==>  Preparing: SELECT count(0) FROM tb_works t, tb_works_download d WHERE t.works_id = d.works_id AND d.account_id = ? 
2021-01-02 22:36:54.829 DEBUG --- [http-nio-8762-exec-5] com.vtu.mapper.WorksDownloadMapper.findAllByAccountId_COUNT Line:143 - ==> Parameters: 12(Long)
2021-01-02 22:36:54.845 DEBUG --- [http-nio-8762-exec-7] com.vtu.mapper.VipMapper.selectByVipType Line:143 - <==      Total: 12
2021-01-02 22:36:54.860 DEBUG --- [http-nio-8762-exec-5] com.vtu.mapper.WorksDownloadMapper.findAllByAccountId_COUNT Line:143 - <==      Total: 1
2021-01-02 22:36:54.862 DEBUG --- [http-nio-8762-exec-5] com.vtu.mapper.WorksDownloadMapper.findAllByAccountId Line:143 - ==>  Preparing: SELECT t.*,d.down_time from tb_works t,tb_works_download d WHERE t.works_id=d.works_id AND d.account_id=? ORDER BY d.down_time DESC LIMIT ? 
2021-01-02 22:36:54.863 DEBUG --- [http-nio-8762-exec-5] com.vtu.mapper.WorksDownloadMapper.findAllByAccountId Line:143 - ==> Parameters: 12(Long), 10(Integer)
2021-01-02 22:36:54.894 DEBUG --- [http-nio-8762-exec-5] com.vtu.mapper.WorksDownloadMapper.findAllByAccountId Line:143 - <==      Total: 1
2021-01-02 22:36:54.910 DEBUG --- [http-nio-8762-exec-9] com.vtu.mapper.RechargeRecordMapper.findAllByAccountId_COUNT Line:143 - ==>  Preparing: SELECT count(0) FROM tb_recharge_record WHERE account_id = ? 
2021-01-02 22:36:54.912 DEBUG --- [http-nio-8762-exec-9] com.vtu.mapper.RechargeRecordMapper.findAllByAccountId_COUNT Line:143 - ==> Parameters: 12(Long)
2021-01-02 22:36:54.942 DEBUG --- [http-nio-8762-exec-9] com.vtu.mapper.RechargeRecordMapper.findAllByAccountId_COUNT Line:143 - <==      Total: 1
2021-01-02 22:36:54.944 DEBUG --- [http-nio-8762-exec-9] com.vtu.mapper.RechargeRecordMapper.findAllByAccountId Line:143 - ==>  Preparing: select recharge_id, account_id, recharge_time, recharge_money from tb_recharge_record where account_id = ? LIMIT ? 
2021-01-02 22:36:54.945 DEBUG --- [http-nio-8762-exec-9] com.vtu.mapper.RechargeRecordMapper.findAllByAccountId Line:143 - ==> Parameters: 12(Long), 5(Integer)
2021-01-02 22:36:54.976 DEBUG --- [http-nio-8762-exec-9] com.vtu.mapper.RechargeRecordMapper.findAllByAccountId Line:143 - <==      Total: 3
2021-01-02 22:36:57.938 DEBUG --- [http-nio-8762-exec-1] com.vtu.mapper.VipMapper.selectByPrimaryKey Line:143 - ==>  Preparing: select vip_detail_id,vip_id, vip_name, time_long, time_unit, com_material, material, modial_material, custom_discount,prices, invoice_type,sort_num from tb_vip_detail where vip_detail_id = ? 
2021-01-02 22:36:57.939 DEBUG --- [http-nio-8762-exec-1] com.vtu.mapper.VipMapper.selectByPrimaryKey Line:143 - ==> Parameters: 1(Long)
2021-01-02 22:36:57.943 DEBUG --- [http-nio-8762-exec-3] com.vtu.mapper.CustomerMapper.selectByPrimaryKey Line:143 - ==>  Preparing: select account_id, account, password, name, phone, id_card, remain, is_vip, is_shoper, email, email_send_time,wxId, qqId,authCode,isAuth, sex,header_image_url,head_portrait_url,id_card_url,passport_url,business_liscence_url,protocol_url,shoper_type,shoper_status from tb_customer where account_id = ? 
2021-01-02 22:36:57.945 DEBUG --- [http-nio-8762-exec-3] com.vtu.mapper.CustomerMapper.selectByPrimaryKey Line:143 - ==> Parameters: 12(Long)
2021-01-02 22:36:57.980 DEBUG --- [http-nio-8762-exec-1] com.vtu.mapper.VipMapper.selectByPrimaryKey Line:143 - <==      Total: 1
2021-01-02 22:36:57.984 DEBUG --- [http-nio-8762-exec-3] com.vtu.mapper.CustomerMapper.selectByPrimaryKey Line:143 - <==      Total: 1
2021-01-02 22:37:02.285 DEBUG --- [http-nio-8762-exec-4] com.vtu.mapper.CustomerMapper.selectByPrimaryKey Line:143 - ==>  Preparing: select account_id, account, password, name, phone, id_card, remain, is_vip, is_shoper, email, email_send_time,wxId, qqId,authCode,isAuth, sex,header_image_url,head_portrait_url,id_card_url,passport_url,business_liscence_url,protocol_url,shoper_type,shoper_status from tb_customer where account_id = ? 
2021-01-02 22:37:02.287 DEBUG --- [http-nio-8762-exec-4] com.vtu.mapper.CustomerMapper.selectByPrimaryKey Line:143 - ==> Parameters: 12(Long)
2021-01-02 22:37:02.317 DEBUG --- [http-nio-8762-exec-4] com.vtu.mapper.CustomerMapper.selectByPrimaryKey Line:143 - <==      Total: 1
2021-01-02 22:37:02.318 DEBUG --- [http-nio-8762-exec-4] com.vtu.mapper.VipMapper.selectByPrimaryKey Line:143 - ==>  Preparing: select vip_detail_id,vip_id, vip_name, time_long, time_unit, com_material, material, modial_material, custom_discount,prices, invoice_type,sort_num from tb_vip_detail where vip_detail_id = ? 
2021-01-02 22:37:02.319 DEBUG --- [http-nio-8762-exec-4] com.vtu.mapper.VipMapper.selectByPrimaryKey Line:143 - ==> Parameters: 1(Long)
2021-01-02 22:37:02.349 DEBUG --- [http-nio-8762-exec-4] com.vtu.mapper.VipMapper.selectByPrimaryKey Line:143 - <==      Total: 1
2021-01-02 22:37:02.352 DEBUG --- [http-nio-8762-exec-4] com.vtu.mapper.VipOrderMapper.insert Line:143 - ==>  Preparing: insert into tb_alipay_order (out_trade_no, total_amount, subject, app_id, account_id, status, vip_detail_id) values (?, ?, ?, ?, ?, ?, ?) 
2021-01-02 22:37:02.353 DEBUG --- [http-nio-8762-exec-4] com.vtu.mapper.VipOrderMapper.insert Line:143 - ==> Parameters: 875786b0913a4eb4b0ebf7b6c60cbc3a(String), 10(BigDecimal), sellVip(String), 2021000116660863(String), 12(Long), process(String), null
2021-01-02 22:37:02.412 DEBUG --- [http-nio-8762-exec-4] com.vtu.mapper.VipOrderMapper.insert Line:143 - <==    Updates: 1
