2020-05-31 11:10:20.480 DEBUG --- [restartedMain] org.apache.ibatis.logging.LogFactory Line:105 - Logging initialized using 'class org.apache.ibatis.logging.slf4j.Slf4jImpl' adapter.
2020-05-31 11:13:43.933 DEBUG --- [http-nio-8762-exec-10] com.vtu.mapper.CustomerMapper.selectByAuthCode Line:143 - ==>  Preparing: select account_id, account, password, name, phone, id_card, remain, is_vip, is_shoper, email, email_send_time,wxId, qqId,authCode,isAuth,sex,head_portrait_url from tb_customer where authCode = ? 
2020-05-31 11:13:43.976 DEBUG --- [http-nio-8762-exec-10] com.vtu.mapper.CustomerMapper.selectByAuthCode Line:143 - ==> Parameters: 1234(String)
2020-05-31 11:13:44.048 DEBUG --- [http-nio-8762-exec-10] com.vtu.mapper.CustomerMapper.selectByAuthCode Line:143 - <==      Total: 1
2020-05-31 11:13:44.055 DEBUG --- [http-nio-8762-exec-10] com.vtu.mapper.CustomerVipMapper.selectByAccountId Line:143 - ==>  Preparing: select id, account_id, vip_detail_id, start_time, end_time, is_vip from tb_customer_vip where account_id = ? 
2020-05-31 11:13:44.058 DEBUG --- [http-nio-8762-exec-10] com.vtu.mapper.CustomerVipMapper.selectByAccountId Line:143 - ==> Parameters: 12(Long)
2020-05-31 11:13:44.096 DEBUG --- [http-nio-8762-exec-10] com.vtu.mapper.CustomerVipMapper.selectByAccountId Line:143 - <==      Total: 0
2020-05-31 11:13:44.097 DEBUG --- [http-nio-8762-exec-10] com.vtu.mapper.CustomerMapper.updateByPrimaryKey Line:143 - ==>  Preparing: update tb_customer set account = ?, password = ?, name = ?, sex = ?, phone = ?, id_card = ?, remain = ?, is_vip = ?, is_shoper = ?, email = ?, email_send_time = ?, wxId = ?, qqId = ?, authCode = ?, isAuth = ?, head_portrait_url = ? where account_id = ? 
2020-05-31 11:13:44.100 DEBUG --- [http-nio-8762-exec-10] com.vtu.mapper.CustomerMapper.updateByPrimaryKey Line:143 - ==> Parameters: VT20191105001621984(String), null, whh(String), 男(String), 1511485465235(String), null, null, null, null, 35114854657@163.com(String), 2019-11-05 00:16:21:982(String), null, null, 1234(String), true(String), blog/2020-05-05/cf7d92441aae405e9462d96f88587db8-image_00002.jpg(String), 12(Long)
2020-05-31 11:13:44.177 DEBUG --- [http-nio-8762-exec-10] com.vtu.mapper.CustomerMapper.updateByPrimaryKey Line:143 - <==    Updates: 1
2020-05-31 11:13:47.461 DEBUG --- [http-nio-8762-exec-8] com.vtu.mapper.WorksMapper.getWorksByCondition_COUNT Line:143 - ==>  Preparing: SELECT count(0) FROM tb_works w WHERE w.status LIKE concat('%', ?, '%') AND w.type LIKE concat('%', ?, '%') 
2020-05-31 11:13:47.463 DEBUG --- [http-nio-8762-exec-8] com.vtu.mapper.WorksMapper.getWorksByCondition_COUNT Line:143 - ==> Parameters: pass(String), 1(String)
2020-05-31 11:13:47.502 DEBUG --- [http-nio-8762-exec-8] com.vtu.mapper.WorksMapper.getWorksByCondition_COUNT Line:143 - <==      Total: 1
2020-05-31 11:13:47.505 DEBUG --- [http-nio-8762-exec-8] com.vtu.mapper.WorksMapper.getWorksByCondition Line:143 - ==>  Preparing: SELECT w.* FROM tb_works w WHERE w.status LIKE concat('%',?,'%') and w.type LIKE concat('%',?,'%') ORDER BY w.works_id desc LIMIT ? 
2020-05-31 11:13:47.509 DEBUG --- [http-nio-8762-exec-8] com.vtu.mapper.WorksMapper.getWorksByCondition Line:143 - ==> Parameters: pass(String), 1(String), 4(Integer)
2020-05-31 11:13:47.552 DEBUG --- [http-nio-8762-exec-8] com.vtu.mapper.WorksMapper.getWorksByCondition Line:143 - <==      Total: 4
2020-05-31 11:13:52.327 DEBUG --- [http-nio-8762-exec-9] com.vtu.mapper.WorksMapper.selectByAccountId Line:143 - ==>  Preparing: SELECT * FROM tb_works WHERE status LIKE concat('%',?,'%') and account_id LIKE concat('%', ?,'%') and type LIKE concat('%', ?,'%') 
2020-05-31 11:13:52.329 DEBUG --- [http-nio-8762-exec-9] com.vtu.mapper.WorksMapper.selectByAccountId Line:143 - ==> Parameters: refer(String), 12(Long), 3(String)
2020-05-31 11:13:52.371 DEBUG --- [http-nio-8762-exec-9] com.vtu.mapper.WorksMapper.selectByAccountId Line:143 - <==      Total: 2
2020-05-31 11:13:52.373 DEBUG --- [http-nio-8762-exec-7] com.vtu.mapper.WorksMapper.selectByAccountId Line:143 - ==>  Preparing: SELECT * FROM tb_works WHERE status LIKE concat('%',?,'%') and account_id LIKE concat('%', ?,'%') and type LIKE concat('%', ?,'%') 
2020-05-31 11:13:52.375 DEBUG --- [http-nio-8762-exec-7] com.vtu.mapper.WorksMapper.selectByAccountId Line:143 - ==> Parameters: refer(String), 12(Long), 2(String)
2020-05-31 11:13:52.415 DEBUG --- [http-nio-8762-exec-7] com.vtu.mapper.WorksMapper.selectByAccountId Line:143 - <==      Total: 1
2020-05-31 11:13:52.417 DEBUG --- [http-nio-8762-exec-6] com.vtu.mapper.WorksMapper.selectByAccountId Line:143 - ==>  Preparing: SELECT * FROM tb_works WHERE status LIKE concat('%',?,'%') and account_id LIKE concat('%', ?,'%') and type LIKE concat('%', ?,'%') 
2020-05-31 11:13:52.419 DEBUG --- [http-nio-8762-exec-6] com.vtu.mapper.WorksMapper.selectByAccountId Line:143 - ==> Parameters: refer(String), 12(Long), 1(String)
2020-05-31 11:13:52.459 DEBUG --- [http-nio-8762-exec-6] com.vtu.mapper.WorksMapper.selectByAccountId Line:143 - <==      Total: 0
2020-05-31 11:14:00.549 DEBUG --- [http-nio-8762-exec-2] com.vtu.mapper.WorksMapper.getWorksById Line:143 - ==>  Preparing: SELECT * FROM tb_works WHERE works_id = ? 
2020-05-31 11:14:00.550 DEBUG --- [http-nio-8762-exec-2] com.vtu.mapper.WorksMapper.getWorksById Line:143 - ==> Parameters: 163(String)
2020-05-31 11:14:00.587 DEBUG --- [http-nio-8762-exec-2] com.vtu.mapper.WorksMapper.getWorksById Line:143 - <==      Total: 1
2020-05-31 11:41:34.699 DEBUG --- [http-nio-8762-exec-8] com.vtu.mapper.WorksMapper.selectByAccountId Line:143 - ==>  Preparing: SELECT * FROM tb_works WHERE status LIKE concat('%',?,'%') and account_id LIKE concat('%', ?,'%') and type LIKE concat('%', ?,'%') 
2020-05-31 11:41:34.701 DEBUG --- [http-nio-8762-exec-8] com.vtu.mapper.WorksMapper.selectByAccountId Line:143 - ==> Parameters: refer(String), 12(Long), 1(String)
2020-05-31 11:41:34.738 DEBUG --- [http-nio-8762-exec-8] com.vtu.mapper.WorksMapper.selectByAccountId Line:143 - <==      Total: 0
2020-05-31 11:41:34.739 DEBUG --- [http-nio-8762-exec-9] com.vtu.mapper.WorksMapper.selectByAccountId Line:143 - ==>  Preparing: SELECT * FROM tb_works WHERE status LIKE concat('%',?,'%') and account_id LIKE concat('%', ?,'%') and type LIKE concat('%', ?,'%') 
2020-05-31 11:41:34.739 DEBUG --- [http-nio-8762-exec-9] com.vtu.mapper.WorksMapper.selectByAccountId Line:143 - ==> Parameters: refer(String), 12(Long), 2(String)
2020-05-31 11:41:34.776 DEBUG --- [http-nio-8762-exec-9] com.vtu.mapper.WorksMapper.selectByAccountId Line:143 - <==      Total: 1
2020-05-31 11:41:34.777 DEBUG --- [http-nio-8762-exec-10] com.vtu.mapper.WorksMapper.selectByAccountId Line:143 - ==>  Preparing: SELECT * FROM tb_works WHERE status LIKE concat('%',?,'%') and account_id LIKE concat('%', ?,'%') and type LIKE concat('%', ?,'%') 
2020-05-31 11:41:34.777 DEBUG --- [http-nio-8762-exec-10] com.vtu.mapper.WorksMapper.selectByAccountId Line:143 - ==> Parameters: refer(String), 12(Long), 3(String)
2020-05-31 11:41:34.826 DEBUG --- [http-nio-8762-exec-10] com.vtu.mapper.WorksMapper.selectByAccountId Line:143 - <==      Total: 2
2020-05-31 11:42:37.041 DEBUG --- [http-nio-8762-exec-4] com.vtu.mapper.WorksMapper.selectByAccountId Line:143 - ==>  Preparing: SELECT * FROM tb_works WHERE status LIKE concat('%',?,'%') and account_id LIKE concat('%', ?,'%') and type LIKE concat('%', ?,'%') 
2020-05-31 11:42:37.043 DEBUG --- [http-nio-8762-exec-4] com.vtu.mapper.WorksMapper.selectByAccountId Line:143 - ==> Parameters: refer(String), 12(Long), 3(String)
2020-05-31 11:42:37.046 DEBUG --- [http-nio-8762-exec-5] com.vtu.mapper.WorksMapper.selectByAccountId Line:143 - ==>  Preparing: SELECT * FROM tb_works WHERE status LIKE concat('%',?,'%') and account_id LIKE concat('%', ?,'%') and type LIKE concat('%', ?,'%') 
2020-05-31 11:42:37.047 DEBUG --- [http-nio-8762-exec-5] com.vtu.mapper.WorksMapper.selectByAccountId Line:143 - ==> Parameters: refer(String), 12(Long), 2(String)
2020-05-31 11:42:37.083 DEBUG --- [http-nio-8762-exec-4] com.vtu.mapper.WorksMapper.selectByAccountId Line:143 - <==      Total: 2
2020-05-31 11:42:37.089 DEBUG --- [http-nio-8762-exec-2] com.vtu.mapper.WorksMapper.selectByAccountId Line:143 - ==>  Preparing: SELECT * FROM tb_works WHERE status LIKE concat('%',?,'%') and account_id LIKE concat('%', ?,'%') and type LIKE concat('%', ?,'%') 
2020-05-31 11:42:37.090 DEBUG --- [http-nio-8762-exec-2] com.vtu.mapper.WorksMapper.selectByAccountId Line:143 - ==> Parameters: refer(String), 12(Long), 1(String)
2020-05-31 11:42:37.095 DEBUG --- [http-nio-8762-exec-5] com.vtu.mapper.WorksMapper.selectByAccountId Line:143 - <==      Total: 1
2020-05-31 11:42:37.128 DEBUG --- [http-nio-8762-exec-2] com.vtu.mapper.WorksMapper.selectByAccountId Line:143 - <==      Total: 0
2020-05-31 11:42:43.260 DEBUG --- [http-nio-8762-exec-10] com.vtu.mapper.WorksMapper.getWorksById Line:143 - ==>  Preparing: SELECT * FROM tb_works WHERE works_id = ? 
2020-05-31 11:42:43.263 DEBUG --- [http-nio-8762-exec-10] com.vtu.mapper.WorksMapper.getWorksById Line:143 - ==> Parameters: 163(String)
2020-05-31 11:42:43.305 DEBUG --- [http-nio-8762-exec-10] com.vtu.mapper.WorksMapper.getWorksById Line:143 - <==      Total: 1
2020-05-31 11:44:27.417 DEBUG --- [http-nio-8762-exec-6] com.vtu.mapper.WorksMapper.selectByAccountId Line:143 - ==>  Preparing: SELECT * FROM tb_works WHERE status LIKE concat('%',?,'%') and account_id LIKE concat('%', ?,'%') and type LIKE concat('%', ?,'%') 
2020-05-31 11:44:27.418 DEBUG --- [http-nio-8762-exec-6] com.vtu.mapper.WorksMapper.selectByAccountId Line:143 - ==> Parameters: refer(String), 12(Long), 1(String)
2020-05-31 11:44:27.421 DEBUG --- [http-nio-8762-exec-4] com.vtu.mapper.WorksMapper.selectByAccountId Line:143 - ==>  Preparing: SELECT * FROM tb_works WHERE status LIKE concat('%',?,'%') and account_id LIKE concat('%', ?,'%') and type LIKE concat('%', ?,'%') 
2020-05-31 11:44:27.422 DEBUG --- [http-nio-8762-exec-4] com.vtu.mapper.WorksMapper.selectByAccountId Line:143 - ==> Parameters: refer(String), 12(Long), 2(String)
2020-05-31 11:44:27.425 DEBUG --- [http-nio-8762-exec-1] com.vtu.mapper.WorksMapper.selectByAccountId Line:143 - ==>  Preparing: SELECT * FROM tb_works WHERE status LIKE concat('%',?,'%') and account_id LIKE concat('%', ?,'%') and type LIKE concat('%', ?,'%') 
2020-05-31 11:44:27.427 DEBUG --- [http-nio-8762-exec-1] com.vtu.mapper.WorksMapper.selectByAccountId Line:143 - ==> Parameters: refer(String), 12(Long), 3(String)
2020-05-31 11:44:27.457 DEBUG --- [http-nio-8762-exec-6] com.vtu.mapper.WorksMapper.selectByAccountId Line:143 - <==      Total: 0
2020-05-31 11:44:27.460 DEBUG --- [http-nio-8762-exec-4] com.vtu.mapper.WorksMapper.selectByAccountId Line:143 - <==      Total: 1
2020-05-31 11:44:27.464 DEBUG --- [http-nio-8762-exec-1] com.vtu.mapper.WorksMapper.selectByAccountId Line:143 - <==      Total: 2
2020-05-31 11:44:29.615 DEBUG --- [http-nio-8762-exec-5] com.vtu.mapper.WorksMapper.getWorksById Line:143 - ==>  Preparing: SELECT * FROM tb_works WHERE works_id = ? 
2020-05-31 11:44:29.616 DEBUG --- [http-nio-8762-exec-5] com.vtu.mapper.WorksMapper.getWorksById Line:143 - ==> Parameters: 163(String)
2020-05-31 11:44:29.655 DEBUG --- [http-nio-8762-exec-5] com.vtu.mapper.WorksMapper.getWorksById Line:143 - <==      Total: 1
2020-05-31 11:53:02.584 DEBUG --- [http-nio-8762-exec-9] com.vtu.mapper.WorksMapper.selectByAccountId Line:143 - ==>  Preparing: SELECT * FROM tb_works WHERE status LIKE concat('%',?,'%') and account_id LIKE concat('%', ?,'%') and type LIKE concat('%', ?,'%') 
2020-05-31 11:53:02.585 DEBUG --- [http-nio-8762-exec-9] com.vtu.mapper.WorksMapper.selectByAccountId Line:143 - ==> Parameters: refer(String), 12(Long), 3(String)
2020-05-31 11:53:02.624 DEBUG --- [http-nio-8762-exec-9] com.vtu.mapper.WorksMapper.selectByAccountId Line:143 - <==      Total: 2
2020-05-31 11:53:02.627 DEBUG --- [http-nio-8762-exec-10] com.vtu.mapper.WorksMapper.selectByAccountId Line:143 - ==>  Preparing: SELECT * FROM tb_works WHERE status LIKE concat('%',?,'%') and account_id LIKE concat('%', ?,'%') and type LIKE concat('%', ?,'%') 
2020-05-31 11:53:02.629 DEBUG --- [http-nio-8762-exec-10] com.vtu.mapper.WorksMapper.selectByAccountId Line:143 - ==> Parameters: refer(String), 12(Long), 2(String)
2020-05-31 11:53:02.670 DEBUG --- [http-nio-8762-exec-10] com.vtu.mapper.WorksMapper.selectByAccountId Line:143 - <==      Total: 1
2020-05-31 11:53:02.677 DEBUG --- [http-nio-8762-exec-7] com.vtu.mapper.WorksMapper.selectByAccountId Line:143 - ==>  Preparing: SELECT * FROM tb_works WHERE status LIKE concat('%',?,'%') and account_id LIKE concat('%', ?,'%') and type LIKE concat('%', ?,'%') 
2020-05-31 11:53:02.680 DEBUG --- [http-nio-8762-exec-7] com.vtu.mapper.WorksMapper.selectByAccountId Line:143 - ==> Parameters: refer(String), 12(Long), 1(String)
2020-05-31 11:53:02.717 DEBUG --- [http-nio-8762-exec-7] com.vtu.mapper.WorksMapper.selectByAccountId Line:143 - <==      Total: 0
2020-05-31 11:53:32.044 DEBUG --- [http-nio-8762-exec-5] com.vtu.mapper.WorksMapper.getWorksById Line:143 - ==>  Preparing: SELECT * FROM tb_works WHERE works_id = ? 
2020-05-31 11:53:32.045 DEBUG --- [http-nio-8762-exec-5] com.vtu.mapper.WorksMapper.getWorksById Line:143 - ==> Parameters: 163(String)
2020-05-31 11:53:32.085 DEBUG --- [http-nio-8762-exec-5] com.vtu.mapper.WorksMapper.getWorksById Line:143 - <==      Total: 1
2020-05-31 11:59:08.096 DEBUG --- [http-nio-8762-exec-2] com.vtu.mapper.WorksMapper.selectByAccountId Line:143 - ==>  Preparing: SELECT * FROM tb_works WHERE status LIKE concat('%',?,'%') and account_id LIKE concat('%', ?,'%') and type LIKE concat('%', ?,'%') 
2020-05-31 11:59:08.097 DEBUG --- [http-nio-8762-exec-2] com.vtu.mapper.WorksMapper.selectByAccountId Line:143 - ==> Parameters: refer(String), 12(Long), 3(String)
2020-05-31 11:59:08.137 DEBUG --- [http-nio-8762-exec-2] com.vtu.mapper.WorksMapper.selectByAccountId Line:143 - <==      Total: 2
2020-05-31 11:59:08.142 DEBUG --- [http-nio-8762-exec-9] com.vtu.mapper.WorksMapper.selectByAccountId Line:143 - ==>  Preparing: SELECT * FROM tb_works WHERE status LIKE concat('%',?,'%') and account_id LIKE concat('%', ?,'%') and type LIKE concat('%', ?,'%') 
2020-05-31 11:59:08.143 DEBUG --- [http-nio-8762-exec-9] com.vtu.mapper.WorksMapper.selectByAccountId Line:143 - ==> Parameters: refer(String), 12(Long), 1(String)
2020-05-31 11:59:08.185 DEBUG --- [http-nio-8762-exec-9] com.vtu.mapper.WorksMapper.selectByAccountId Line:143 - <==      Total: 0
2020-05-31 11:59:08.186 DEBUG --- [http-nio-8762-exec-8] com.vtu.mapper.WorksMapper.selectByAccountId Line:143 - ==>  Preparing: SELECT * FROM tb_works WHERE status LIKE concat('%',?,'%') and account_id LIKE concat('%', ?,'%') and type LIKE concat('%', ?,'%') 
2020-05-31 11:59:08.186 DEBUG --- [http-nio-8762-exec-8] com.vtu.mapper.WorksMapper.selectByAccountId Line:143 - ==> Parameters: refer(String), 12(Long), 2(String)
2020-05-31 11:59:08.225 DEBUG --- [http-nio-8762-exec-8] com.vtu.mapper.WorksMapper.selectByAccountId Line:143 - <==      Total: 1
2020-05-31 11:59:10.733 DEBUG --- [http-nio-8762-exec-10] com.vtu.mapper.WorksMapper.getWorksById Line:143 - ==>  Preparing: SELECT * FROM tb_works WHERE works_id = ? 
2020-05-31 11:59:10.734 DEBUG --- [http-nio-8762-exec-10] com.vtu.mapper.WorksMapper.getWorksById Line:143 - ==> Parameters: 163(String)
2020-05-31 11:59:10.775 DEBUG --- [http-nio-8762-exec-10] com.vtu.mapper.WorksMapper.getWorksById Line:143 - <==      Total: 1
2020-05-31 12:02:03.991 DEBUG --- [http-nio-8762-exec-1] com.vtu.mapper.WorksMapper.selectByAccountId Line:143 - ==>  Preparing: SELECT * FROM tb_works WHERE status LIKE concat('%',?,'%') and account_id LIKE concat('%', ?,'%') and type LIKE concat('%', ?,'%') 
2020-05-31 12:02:03.993 DEBUG --- [http-nio-8762-exec-1] com.vtu.mapper.WorksMapper.selectByAccountId Line:143 - ==> Parameters: refer(String), 12(Long), 1(String)
2020-05-31 12:02:04.000 DEBUG --- [http-nio-8762-exec-3] com.vtu.mapper.WorksMapper.selectByAccountId Line:143 - ==>  Preparing: SELECT * FROM tb_works WHERE status LIKE concat('%',?,'%') and account_id LIKE concat('%', ?,'%') and type LIKE concat('%', ?,'%') 
2020-05-31 12:02:04.000 DEBUG --- [http-nio-8762-exec-3] com.vtu.mapper.WorksMapper.selectByAccountId Line:143 - ==> Parameters: refer(String), 12(Long), 2(String)
2020-05-31 12:02:04.031 DEBUG --- [http-nio-8762-exec-1] com.vtu.mapper.WorksMapper.selectByAccountId Line:143 - <==      Total: 0
2020-05-31 12:02:04.032 DEBUG --- [http-nio-8762-exec-5] com.vtu.mapper.WorksMapper.selectByAccountId Line:143 - ==>  Preparing: SELECT * FROM tb_works WHERE status LIKE concat('%',?,'%') and account_id LIKE concat('%', ?,'%') and type LIKE concat('%', ?,'%') 
2020-05-31 12:02:04.034 DEBUG --- [http-nio-8762-exec-5] com.vtu.mapper.WorksMapper.selectByAccountId Line:143 - ==> Parameters: refer(String), 12(Long), 3(String)
2020-05-31 12:02:04.038 DEBUG --- [http-nio-8762-exec-3] com.vtu.mapper.WorksMapper.selectByAccountId Line:143 - <==      Total: 1
2020-05-31 12:02:04.072 DEBUG --- [http-nio-8762-exec-5] com.vtu.mapper.WorksMapper.selectByAccountId Line:143 - <==      Total: 2
2020-05-31 12:02:06.386 DEBUG --- [http-nio-8762-exec-2] com.vtu.mapper.WorksMapper.getWorksById Line:143 - ==>  Preparing: SELECT * FROM tb_works WHERE works_id = ? 
2020-05-31 12:02:06.388 DEBUG --- [http-nio-8762-exec-2] com.vtu.mapper.WorksMapper.getWorksById Line:143 - ==> Parameters: 163(String)
2020-05-31 12:02:06.426 DEBUG --- [http-nio-8762-exec-2] com.vtu.mapper.WorksMapper.getWorksById Line:143 - <==      Total: 1
2020-05-31 12:02:49.845 DEBUG --- [http-nio-8762-exec-7] com.vtu.mapper.WorksMapper.selectByAccountId Line:143 - ==>  Preparing: SELECT * FROM tb_works WHERE status LIKE concat('%',?,'%') and account_id LIKE concat('%', ?,'%') and type LIKE concat('%', ?,'%') 
2020-05-31 12:02:49.846 DEBUG --- [http-nio-8762-exec-7] com.vtu.mapper.WorksMapper.selectByAccountId Line:143 - ==> Parameters: refer(String), 12(Long), 1(String)
2020-05-31 12:02:49.855 DEBUG --- [http-nio-8762-exec-4] com.vtu.mapper.WorksMapper.selectByAccountId Line:143 - ==>  Preparing: SELECT * FROM tb_works WHERE status LIKE concat('%',?,'%') and account_id LIKE concat('%', ?,'%') and type LIKE concat('%', ?,'%') 
2020-05-31 12:02:49.856 DEBUG --- [http-nio-8762-exec-4] com.vtu.mapper.WorksMapper.selectByAccountId Line:143 - ==> Parameters: refer(String), 12(Long), 2(String)
2020-05-31 12:02:49.859 DEBUG --- [http-nio-8762-exec-6] com.vtu.mapper.WorksMapper.selectByAccountId Line:143 - ==>  Preparing: SELECT * FROM tb_works WHERE status LIKE concat('%',?,'%') and account_id LIKE concat('%', ?,'%') and type LIKE concat('%', ?,'%') 
2020-05-31 12:02:49.860 DEBUG --- [http-nio-8762-exec-6] com.vtu.mapper.WorksMapper.selectByAccountId Line:143 - ==> Parameters: refer(String), 12(Long), 3(String)
2020-05-31 12:02:49.889 DEBUG --- [http-nio-8762-exec-7] com.vtu.mapper.WorksMapper.selectByAccountId Line:143 - <==      Total: 0
2020-05-31 12:02:49.896 DEBUG --- [http-nio-8762-exec-4] com.vtu.mapper.WorksMapper.selectByAccountId Line:143 - <==      Total: 1
2020-05-31 12:02:49.899 DEBUG --- [http-nio-8762-exec-6] com.vtu.mapper.WorksMapper.selectByAccountId Line:143 - <==      Total: 2
2020-05-31 12:02:53.483 DEBUG --- [http-nio-8762-exec-1] com.vtu.mapper.WorksMapper.getWorksById Line:143 - ==>  Preparing: SELECT * FROM tb_works WHERE works_id = ? 
2020-05-31 12:02:53.484 DEBUG --- [http-nio-8762-exec-1] com.vtu.mapper.WorksMapper.getWorksById Line:143 - ==> Parameters: 163(String)
2020-05-31 12:02:53.522 DEBUG --- [http-nio-8762-exec-1] com.vtu.mapper.WorksMapper.getWorksById Line:143 - <==      Total: 1
2020-05-31 12:04:29.589 DEBUG --- [http-nio-8762-exec-8] com.vtu.mapper.WorksMapper.selectByAccountId Line:143 - ==>  Preparing: SELECT * FROM tb_works WHERE status LIKE concat('%',?,'%') and account_id LIKE concat('%', ?,'%') and type LIKE concat('%', ?,'%') 
2020-05-31 12:04:29.590 DEBUG --- [http-nio-8762-exec-8] com.vtu.mapper.WorksMapper.selectByAccountId Line:143 - ==> Parameters: refer(String), 12(Long), 1(String)
2020-05-31 12:04:29.598 DEBUG --- [http-nio-8762-exec-9] com.vtu.mapper.WorksMapper.selectByAccountId Line:143 - ==>  Preparing: SELECT * FROM tb_works WHERE status LIKE concat('%',?,'%') and account_id LIKE concat('%', ?,'%') and type LIKE concat('%', ?,'%') 
2020-05-31 12:04:29.601 DEBUG --- [http-nio-8762-exec-9] com.vtu.mapper.WorksMapper.selectByAccountId Line:143 - ==> Parameters: refer(String), 12(Long), 3(String)
2020-05-31 12:04:29.612 DEBUG --- [http-nio-8762-exec-10] com.vtu.mapper.WorksMapper.selectByAccountId Line:143 - ==>  Preparing: SELECT * FROM tb_works WHERE status LIKE concat('%',?,'%') and account_id LIKE concat('%', ?,'%') and type LIKE concat('%', ?,'%') 
2020-05-31 12:04:29.614 DEBUG --- [http-nio-8762-exec-10] com.vtu.mapper.WorksMapper.selectByAccountId Line:143 - ==> Parameters: refer(String), 12(Long), 2(String)
2020-05-31 12:04:29.633 DEBUG --- [http-nio-8762-exec-8] com.vtu.mapper.WorksMapper.selectByAccountId Line:143 - <==      Total: 0
2020-05-31 12:04:29.646 DEBUG --- [http-nio-8762-exec-9] com.vtu.mapper.WorksMapper.selectByAccountId Line:143 - <==      Total: 2
2020-05-31 12:04:29.652 DEBUG --- [http-nio-8762-exec-10] com.vtu.mapper.WorksMapper.selectByAccountId Line:143 - <==      Total: 1
2020-05-31 12:04:31.799 DEBUG --- [http-nio-8762-exec-7] com.vtu.mapper.WorksMapper.getWorksById Line:143 - ==>  Preparing: SELECT * FROM tb_works WHERE works_id = ? 
2020-05-31 12:04:31.800 DEBUG --- [http-nio-8762-exec-7] com.vtu.mapper.WorksMapper.getWorksById Line:143 - ==> Parameters: 163(String)
2020-05-31 12:04:31.837 DEBUG --- [http-nio-8762-exec-7] com.vtu.mapper.WorksMapper.getWorksById Line:143 - <==      Total: 1
2020-05-31 12:05:17.261 DEBUG --- [http-nio-8762-exec-1] com.vtu.mapper.WorksMapper.selectByAccountId Line:143 - ==>  Preparing: SELECT * FROM tb_works WHERE status LIKE concat('%',?,'%') and account_id LIKE concat('%', ?,'%') and type LIKE concat('%', ?,'%') 
2020-05-31 12:05:17.262 DEBUG --- [http-nio-8762-exec-1] com.vtu.mapper.WorksMapper.selectByAccountId Line:143 - ==> Parameters: refer(String), 12(Long), 1(String)
2020-05-31 12:05:17.264 DEBUG --- [http-nio-8762-exec-5] com.vtu.mapper.WorksMapper.selectByAccountId Line:143 - ==>  Preparing: SELECT * FROM tb_works WHERE status LIKE concat('%',?,'%') and account_id LIKE concat('%', ?,'%') and type LIKE concat('%', ?,'%') 
2020-05-31 12:05:17.261 DEBUG --- [http-nio-8762-exec-3] com.vtu.mapper.WorksMapper.selectByAccountId Line:143 - ==>  Preparing: SELECT * FROM tb_works WHERE status LIKE concat('%',?,'%') and account_id LIKE concat('%', ?,'%') and type LIKE concat('%', ?,'%') 
2020-05-31 12:05:17.266 DEBUG --- [http-nio-8762-exec-5] com.vtu.mapper.WorksMapper.selectByAccountId Line:143 - ==> Parameters: refer(String), 12(Long), 2(String)
2020-05-31 12:05:17.266 DEBUG --- [http-nio-8762-exec-3] com.vtu.mapper.WorksMapper.selectByAccountId Line:143 - ==> Parameters: refer(String), 12(Long), 3(String)
2020-05-31 12:05:17.302 DEBUG --- [http-nio-8762-exec-1] com.vtu.mapper.WorksMapper.selectByAccountId Line:143 - <==      Total: 0
2020-05-31 12:05:17.305 DEBUG --- [http-nio-8762-exec-5] com.vtu.mapper.WorksMapper.selectByAccountId Line:143 - <==      Total: 1
2020-05-31 12:05:17.309 DEBUG --- [http-nio-8762-exec-3] com.vtu.mapper.WorksMapper.selectByAccountId Line:143 - <==      Total: 2
2020-05-31 12:05:29.831 DEBUG --- [http-nio-8762-exec-10] com.vtu.mapper.WorksMapper.getWorksById Line:143 - ==>  Preparing: SELECT * FROM tb_works WHERE works_id = ? 
2020-05-31 12:05:29.832 DEBUG --- [http-nio-8762-exec-10] com.vtu.mapper.WorksMapper.getWorksById Line:143 - ==> Parameters: 163(String)
2020-05-31 12:05:30.065 DEBUG --- [http-nio-8762-exec-10] com.vtu.mapper.WorksMapper.getWorksById Line:143 - <==      Total: 1
2020-05-31 12:09:25.420 DEBUG --- [http-nio-8762-exec-6] com.vtu.mapper.WorksMapper.selectByAccountId Line:143 - ==>  Preparing: SELECT * FROM tb_works WHERE status LIKE concat('%',?,'%') and account_id LIKE concat('%', ?,'%') and type LIKE concat('%', ?,'%') 
2020-05-31 12:09:25.425 DEBUG --- [http-nio-8762-exec-6] com.vtu.mapper.WorksMapper.selectByAccountId Line:143 - ==> Parameters: refer(String), 12(Long), 1(String)
2020-05-31 12:09:25.444 DEBUG --- [http-nio-8762-exec-4] com.vtu.mapper.WorksMapper.selectByAccountId Line:143 - ==>  Preparing: SELECT * FROM tb_works WHERE status LIKE concat('%',?,'%') and account_id LIKE concat('%', ?,'%') and type LIKE concat('%', ?,'%') 
2020-05-31 12:09:25.445 DEBUG --- [http-nio-8762-exec-4] com.vtu.mapper.WorksMapper.selectByAccountId Line:143 - ==> Parameters: refer(String), 12(Long), 3(String)
2020-05-31 12:09:25.448 DEBUG --- [http-nio-8762-exec-1] com.vtu.mapper.WorksMapper.selectByAccountId Line:143 - ==>  Preparing: SELECT * FROM tb_works WHERE status LIKE concat('%',?,'%') and account_id LIKE concat('%', ?,'%') and type LIKE concat('%', ?,'%') 
2020-05-31 12:09:25.450 DEBUG --- [http-nio-8762-exec-1] com.vtu.mapper.WorksMapper.selectByAccountId Line:143 - ==> Parameters: refer(String), 12(Long), 2(String)
2020-05-31 12:09:25.464 DEBUG --- [http-nio-8762-exec-6] com.vtu.mapper.WorksMapper.selectByAccountId Line:143 - <==      Total: 0
2020-05-31 12:09:25.486 DEBUG --- [http-nio-8762-exec-4] com.vtu.mapper.WorksMapper.selectByAccountId Line:143 - <==      Total: 2
2020-05-31 12:09:25.491 DEBUG --- [http-nio-8762-exec-1] com.vtu.mapper.WorksMapper.selectByAccountId Line:143 - <==      Total: 1
2020-05-31 12:09:29.204 DEBUG --- [http-nio-8762-exec-5] com.vtu.mapper.WorksMapper.getWorksById Line:143 - ==>  Preparing: SELECT * FROM tb_works WHERE works_id = ? 
2020-05-31 12:09:29.205 DEBUG --- [http-nio-8762-exec-5] com.vtu.mapper.WorksMapper.getWorksById Line:143 - ==> Parameters: 163(String)
2020-05-31 12:09:29.247 DEBUG --- [http-nio-8762-exec-5] com.vtu.mapper.WorksMapper.getWorksById Line:143 - <==      Total: 1
2020-05-31 12:28:41.839 DEBUG --- [http-nio-8762-exec-9] com.vtu.mapper.WorksMapper.getWorksById Line:143 - ==>  Preparing: SELECT * FROM tb_works WHERE works_id = ? 
2020-05-31 12:28:41.847 DEBUG --- [http-nio-8762-exec-9] com.vtu.mapper.WorksMapper.getWorksById Line:143 - ==> Parameters: 163(String)
2020-05-31 12:28:41.892 DEBUG --- [http-nio-8762-exec-9] com.vtu.mapper.WorksMapper.getWorksById Line:143 - <==      Total: 1
2020-05-31 12:28:48.366 DEBUG --- [http-nio-8762-exec-7] com.vtu.mapper.CustomerMapper.selectByAuthCode Line:143 - ==>  Preparing: select account_id, account, password, name, phone, id_card, remain, is_vip, is_shoper, email, email_send_time,wxId, qqId,authCode,isAuth,sex,head_portrait_url from tb_customer where authCode = ? 
2020-05-31 12:28:48.371 DEBUG --- [http-nio-8762-exec-7] com.vtu.mapper.CustomerMapper.selectByAuthCode Line:143 - ==> Parameters: 1234(String)
2020-05-31 12:28:48.422 DEBUG --- [http-nio-8762-exec-7] com.vtu.mapper.CustomerMapper.selectByAuthCode Line:143 - <==      Total: 1
2020-05-31 12:28:48.443 DEBUG --- [http-nio-8762-exec-7] com.vtu.mapper.CustomerVipMapper.selectByAccountId Line:143 - ==>  Preparing: select id, account_id, vip_detail_id, start_time, end_time, is_vip from tb_customer_vip where account_id = ? 
2020-05-31 12:28:48.451 DEBUG --- [http-nio-8762-exec-7] com.vtu.mapper.CustomerVipMapper.selectByAccountId Line:143 - ==> Parameters: 12(Long)
2020-05-31 12:28:48.499 DEBUG --- [http-nio-8762-exec-7] com.vtu.mapper.CustomerVipMapper.selectByAccountId Line:143 - <==      Total: 0
2020-05-31 12:28:48.508 DEBUG --- [http-nio-8762-exec-7] com.vtu.mapper.CustomerMapper.updateByPrimaryKey Line:143 - ==>  Preparing: update tb_customer set account = ?, password = ?, name = ?, sex = ?, phone = ?, id_card = ?, remain = ?, is_vip = ?, is_shoper = ?, email = ?, email_send_time = ?, wxId = ?, qqId = ?, authCode = ?, isAuth = ?, head_portrait_url = ? where account_id = ? 
2020-05-31 12:28:48.517 DEBUG --- [http-nio-8762-exec-7] com.vtu.mapper.CustomerMapper.updateByPrimaryKey Line:143 - ==> Parameters: VT20191105001621984(String), null, whh(String), 男(String), 1511485465235(String), null, null, null, null, 35114854657@163.com(String), 2019-11-05 00:16:21:982(String), null, null, 1234(String), true(String), blog/2020-05-05/cf7d92441aae405e9462d96f88587db8-image_00002.jpg(String), 12(Long)
2020-05-31 12:28:48.602 DEBUG --- [http-nio-8762-exec-7] com.vtu.mapper.CustomerMapper.updateByPrimaryKey Line:143 - <==    Updates: 1
