2020-07-08 23:10:36.819 DEBUG --- [restartedMain] org.apache.ibatis.logging.LogFactory Line:105 - Logging initialized using 'class org.apache.ibatis.logging.slf4j.Slf4jImpl' adapter.
2020-07-08 23:13:05.539 DEBUG --- [http-nio-8762-exec-7] com.vtu.mapper.CustomerMapper.selectByAuthCode Line:143 - ==>  Preparing: select account_id, account, password, name, phone, id_card, remain, is_vip, is_shoper, email, email_send_time,wxId, qqId,authCode,isAuth,sex,head_portrait_url from tb_customer where authCode = ? 
2020-07-08 23:13:05.635 DEBUG --- [http-nio-8762-exec-7] com.vtu.mapper.CustomerMapper.selectByAuthCode Line:143 - ==> Parameters: 1234(String)
2020-07-08 23:13:05.715 DEBUG --- [http-nio-8762-exec-7] com.vtu.mapper.CustomerMapper.selectByAuthCode Line:143 - <==      Total: 1
2020-07-08 23:13:05.722 DEBUG --- [http-nio-8762-exec-7] com.vtu.mapper.CustomerVipMapper.selectByAccountId Line:143 - ==>  Preparing: select id, account_id, vip_detail_id, start_time, end_time, is_vip from tb_customer_vip where account_id = ? 
2020-07-08 23:13:05.725 DEBUG --- [http-nio-8762-exec-7] com.vtu.mapper.CustomerVipMapper.selectByAccountId Line:143 - ==> Parameters: 12(Long)
2020-07-08 23:13:05.767 DEBUG --- [http-nio-8762-exec-7] com.vtu.mapper.CustomerVipMapper.selectByAccountId Line:143 - <==      Total: 0
2020-07-08 23:13:05.770 DEBUG --- [http-nio-8762-exec-7] com.vtu.mapper.CustomerMapper.updateByPrimaryKey Line:143 - ==>  Preparing: update tb_customer set account = ?, password = ?, name = ?, sex = ?, phone = ?, id_card = ?, remain = ?, is_vip = ?, is_shoper = ?, email = ?, email_send_time = ?, wxId = ?, qqId = ?, authCode = ?, isAuth = ?, head_portrait_url = ? where account_id = ? 
2020-07-08 23:13:05.780 DEBUG --- [http-nio-8762-exec-7] com.vtu.mapper.CustomerMapper.updateByPrimaryKey Line:143 - ==> Parameters: VT20191105001621984(String), null, whh(String), 男(String), 1511485465235(String), null, null, null, null, 35114854657@163.com(String), 2019-11-05 00:16:21:982(String), null, null, 1234(String), true(String), blog/2020-05-05/cf7d92441aae405e9462d96f88587db8-image_00002.jpg(String), 12(Long)
2020-07-08 23:13:05.860 DEBUG --- [http-nio-8762-exec-7] com.vtu.mapper.CustomerMapper.updateByPrimaryKey Line:143 - <==    Updates: 1
2020-07-08 23:13:08.634 DEBUG --- [http-nio-8762-exec-8] com.vtu.mapper.WorksMapper.getWorksByCondition_COUNT Line:143 - ==>  Preparing: SELECT count(0) FROM tb_works w WHERE w.status LIKE concat('%', ?, '%') AND w.type LIKE concat('%', ?, '%') 
2020-07-08 23:13:08.636 DEBUG --- [http-nio-8762-exec-8] com.vtu.mapper.WorksMapper.getWorksByCondition_COUNT Line:143 - ==> Parameters: pass(String), 2(String)
2020-07-08 23:13:08.674 DEBUG --- [http-nio-8762-exec-8] com.vtu.mapper.WorksMapper.getWorksByCondition_COUNT Line:143 - <==      Total: 1
2020-07-08 23:13:08.676 DEBUG --- [http-nio-8762-exec-4] com.vtu.mapper.WorksMapper.getWorksByCondition_COUNT Line:143 - ==>  Preparing: SELECT count(0) FROM tb_works w WHERE w.status LIKE concat('%', ?, '%') AND w.type LIKE concat('%', ?, '%') 
2020-07-08 23:13:08.678 DEBUG --- [http-nio-8762-exec-4] com.vtu.mapper.WorksMapper.getWorksByCondition_COUNT Line:143 - ==> Parameters: pass(String), 1(String)
2020-07-08 23:13:08.717 DEBUG --- [http-nio-8762-exec-4] com.vtu.mapper.WorksMapper.getWorksByCondition_COUNT Line:143 - <==      Total: 1
2020-07-08 23:13:08.720 DEBUG --- [http-nio-8762-exec-4] com.vtu.mapper.WorksMapper.getWorksByCondition Line:143 - ==>  Preparing: SELECT w.* FROM tb_works w WHERE w.status LIKE concat('%',?,'%') and w.type LIKE concat('%',?,'%') ORDER BY w.works_id desc LIMIT ? 
2020-07-08 23:13:08.724 DEBUG --- [http-nio-8762-exec-4] com.vtu.mapper.WorksMapper.getWorksByCondition Line:143 - ==> Parameters: pass(String), 1(String), 4(Integer)
2020-07-08 23:13:08.766 DEBUG --- [http-nio-8762-exec-4] com.vtu.mapper.WorksMapper.getWorksByCondition Line:143 - <==      Total: 1
2020-07-08 23:13:15.761 DEBUG --- [http-nio-8762-exec-5] com.vtu.mapper.WorksMapper.selectByAccountId Line:143 - ==>  Preparing: SELECT * FROM tb_works WHERE status LIKE concat('%',?,'%') and account_id LIKE concat('%', ?,'%') and type LIKE concat('%', ?,'%') 
2020-07-08 23:13:15.764 DEBUG --- [http-nio-8762-exec-10] com.vtu.mapper.WorksMapper.selectByAccountId Line:143 - ==>  Preparing: SELECT * FROM tb_works WHERE status LIKE concat('%',?,'%') and account_id LIKE concat('%', ?,'%') and type LIKE concat('%', ?,'%') 
2020-07-08 23:13:15.765 DEBUG --- [http-nio-8762-exec-10] com.vtu.mapper.WorksMapper.selectByAccountId Line:143 - ==> Parameters: refer(String), 12(Long), 1(String)
2020-07-08 23:13:15.765 DEBUG --- [http-nio-8762-exec-5] com.vtu.mapper.WorksMapper.selectByAccountId Line:143 - ==> Parameters: refer(String), 12(Long), 2(String)
2020-07-08 23:13:15.803 DEBUG --- [http-nio-8762-exec-10] com.vtu.mapper.WorksMapper.selectByAccountId Line:143 - <==      Total: 0
2020-07-08 23:13:15.805 DEBUG --- [http-nio-8762-exec-5] com.vtu.mapper.WorksMapper.selectByAccountId Line:143 - <==      Total: 2
2020-07-08 23:13:15.805 DEBUG --- [http-nio-8762-exec-3] com.vtu.mapper.WorksMapper.selectByAccountId Line:143 - ==>  Preparing: SELECT * FROM tb_works WHERE status LIKE concat('%',?,'%') and account_id LIKE concat('%', ?,'%') and type LIKE concat('%', ?,'%') 
2020-07-08 23:13:15.807 DEBUG --- [http-nio-8762-exec-3] com.vtu.mapper.WorksMapper.selectByAccountId Line:143 - ==> Parameters: refer(String), 12(Long), 3(String)
2020-07-08 23:13:15.855 DEBUG --- [http-nio-8762-exec-3] com.vtu.mapper.WorksMapper.selectByAccountId Line:143 - <==      Total: 1
2020-07-08 23:14:56.465 DEBUG --- [http-nio-8762-exec-8] com.vtu.mapper.WorksMapper.insert Line:143 - ==>  Preparing: insert into tb_works (works_id, account_id, title, `desc`, `type`, price, key_word, types_id, status, channel, colorSytem, duration, version, resolution, works_url, md5, `name`, `size`, compress_url, preview_url, synthesis_url, zip_url ) values (?, ?, ?, ?, ?, ?, ?, ?, ?, ?, ?, ?, ?, ?, ?, ?, ?, ?, ?, ?, ?, ? ) 
2020-07-08 23:14:56.472 DEBUG --- [http-nio-8762-exec-8] com.vtu.mapper.WorksMapper.insert Line:143 - ==> Parameters: null, 12(Long), 动作2.gif(String), null, 3(String), null, null, null, refer(String), null, null, null, null, null, https://vtuweb.oss-cn-beijing.aliyuncs.com/temps/tempImport/1594221293814/ec3f117b5094422fa01f62d52e7a47a2.gif(String), 9379aae2c763165c96c4908584d83975(String), 动作2.gif(String), 745464.0(Double), null, https://vtuweb.oss-cn-beijing.aliyuncs.com/temps/tempOutput/1594221293814/synthesis/动作2.jpg(String), null, null
2020-07-08 23:14:56.566 DEBUG --- [http-nio-8762-exec-8] com.vtu.mapper.WorksMapper.insert Line:143 - <==    Updates: 1
2020-07-08 23:14:56.567 DEBUG --- [http-nio-8762-exec-8] com.vtu.mapper.WorksMapper.insert!selectKey Line:143 - ==>  Preparing: SELECT LAST_INSERT_ID() 
2020-07-08 23:14:56.568 DEBUG --- [http-nio-8762-exec-8] com.vtu.mapper.WorksMapper.insert!selectKey Line:143 - ==> Parameters: 
2020-07-08 23:14:56.618 DEBUG --- [http-nio-8762-exec-8] com.vtu.mapper.WorksMapper.insert!selectKey Line:143 - <==      Total: 1
2020-07-08 23:14:56.666 DEBUG --- [http-nio-8762-exec-4] com.vtu.mapper.WorksMapper.selectByAccountId Line:143 - ==>  Preparing: SELECT * FROM tb_works WHERE status LIKE concat('%',?,'%') and account_id LIKE concat('%', ?,'%') and type LIKE concat('%', ?,'%') 
2020-07-08 23:14:56.670 DEBUG --- [http-nio-8762-exec-4] com.vtu.mapper.WorksMapper.selectByAccountId Line:143 - ==> Parameters: refer(String), 12(Long), 3(String)
2020-07-08 23:14:56.719 DEBUG --- [http-nio-8762-exec-4] com.vtu.mapper.WorksMapper.selectByAccountId Line:143 - <==      Total: 2
2020-07-08 23:15:10.266 DEBUG --- [http-nio-8762-exec-6] com.vtu.mapper.WorksMapper.getWorksById Line:143 - ==>  Preparing: SELECT * FROM tb_works WHERE works_id = ? 
2020-07-08 23:15:10.267 DEBUG --- [http-nio-8762-exec-6] com.vtu.mapper.WorksMapper.getWorksById Line:143 - ==> Parameters: 182(String)
2020-07-08 23:15:10.302 DEBUG --- [http-nio-8762-exec-6] com.vtu.mapper.WorksMapper.getWorksById Line:143 - <==      Total: 1
2020-07-08 23:16:10.740 DEBUG --- [http-nio-8762-exec-10] com.vtu.mapper.WorksMapper.getWorksById Line:143 - ==>  Preparing: SELECT * FROM tb_works WHERE works_id = ? 
2020-07-08 23:16:10.741 DEBUG --- [http-nio-8762-exec-10] com.vtu.mapper.WorksMapper.getWorksById Line:143 - ==> Parameters: 182(String)
2020-07-08 23:16:10.778 DEBUG --- [http-nio-8762-exec-10] com.vtu.mapper.WorksMapper.getWorksById Line:143 - <==      Total: 1
2020-07-08 23:16:29.815 DEBUG --- [http-nio-8762-exec-1] com.vtu.mapper.CustomerMapper.selectByAuthCode Line:143 - ==>  Preparing: select account_id, account, password, name, phone, id_card, remain, is_vip, is_shoper, email, email_send_time,wxId, qqId,authCode,isAuth,sex,head_portrait_url from tb_customer where authCode = ? 
2020-07-08 23:16:29.817 DEBUG --- [http-nio-8762-exec-1] com.vtu.mapper.CustomerMapper.selectByAuthCode Line:143 - ==> Parameters: 1234(String)
2020-07-08 23:16:29.853 DEBUG --- [http-nio-8762-exec-1] com.vtu.mapper.CustomerMapper.selectByAuthCode Line:143 - <==      Total: 1
2020-07-08 23:16:29.856 DEBUG --- [http-nio-8762-exec-1] com.vtu.mapper.CustomerVipMapper.selectByAccountId Line:143 - ==>  Preparing: select id, account_id, vip_detail_id, start_time, end_time, is_vip from tb_customer_vip where account_id = ? 
2020-07-08 23:16:29.858 DEBUG --- [http-nio-8762-exec-1] com.vtu.mapper.CustomerVipMapper.selectByAccountId Line:143 - ==> Parameters: 12(Long)
2020-07-08 23:16:29.893 DEBUG --- [http-nio-8762-exec-1] com.vtu.mapper.CustomerVipMapper.selectByAccountId Line:143 - <==      Total: 0
2020-07-08 23:16:29.895 DEBUG --- [http-nio-8762-exec-1] com.vtu.mapper.CustomerMapper.updateByPrimaryKey Line:143 - ==>  Preparing: update tb_customer set account = ?, password = ?, name = ?, sex = ?, phone = ?, id_card = ?, remain = ?, is_vip = ?, is_shoper = ?, email = ?, email_send_time = ?, wxId = ?, qqId = ?, authCode = ?, isAuth = ?, head_portrait_url = ? where account_id = ? 
2020-07-08 23:16:29.897 DEBUG --- [http-nio-8762-exec-1] com.vtu.mapper.CustomerMapper.updateByPrimaryKey Line:143 - ==> Parameters: VT20191105001621984(String), null, whh(String), 男(String), 1511485465235(String), null, null, null, null, 35114854657@163.com(String), 2019-11-05 00:16:21:982(String), null, null, 1234(String), true(String), blog/2020-05-05/cf7d92441aae405e9462d96f88587db8-image_00002.jpg(String), 12(Long)
2020-07-08 23:16:29.967 DEBUG --- [http-nio-8762-exec-1] com.vtu.mapper.CustomerMapper.updateByPrimaryKey Line:143 - <==    Updates: 1
2020-07-08 23:16:33.078 DEBUG --- [http-nio-8762-exec-2] com.vtu.mapper.WorksMapper.getWorksByCondition_COUNT Line:143 - ==>  Preparing: SELECT count(0) FROM tb_works w WHERE w.status LIKE concat('%', ?, '%') AND w.type LIKE concat('%', ?, '%') 
2020-07-08 23:16:33.079 DEBUG --- [http-nio-8762-exec-2] com.vtu.mapper.WorksMapper.getWorksByCondition_COUNT Line:143 - ==> Parameters: pass(String), 1(String)
2020-07-08 23:16:33.115 DEBUG --- [http-nio-8762-exec-2] com.vtu.mapper.WorksMapper.getWorksByCondition_COUNT Line:143 - <==      Total: 1
2020-07-08 23:16:33.117 DEBUG --- [http-nio-8762-exec-2] com.vtu.mapper.WorksMapper.getWorksByCondition Line:143 - ==>  Preparing: SELECT w.* FROM tb_works w WHERE w.status LIKE concat('%',?,'%') and w.type LIKE concat('%',?,'%') ORDER BY w.works_id desc LIMIT ? 
2020-07-08 23:16:33.119 DEBUG --- [http-nio-8762-exec-2] com.vtu.mapper.WorksMapper.getWorksByCondition Line:143 - ==> Parameters: pass(String), 1(String), 4(Integer)
2020-07-08 23:16:33.160 DEBUG --- [http-nio-8762-exec-2] com.vtu.mapper.WorksMapper.getWorksByCondition Line:143 - <==      Total: 1
2020-07-08 23:16:33.167 DEBUG --- [http-nio-8762-exec-7] com.vtu.mapper.WorksMapper.getWorksByCondition_COUNT Line:143 - ==>  Preparing: SELECT count(0) FROM tb_works w WHERE w.status LIKE concat('%', ?, '%') AND w.type LIKE concat('%', ?, '%') 
2020-07-08 23:16:33.168 DEBUG --- [http-nio-8762-exec-7] com.vtu.mapper.WorksMapper.getWorksByCondition_COUNT Line:143 - ==> Parameters: pass(String), 2(String)
2020-07-08 23:16:33.207 DEBUG --- [http-nio-8762-exec-7] com.vtu.mapper.WorksMapper.getWorksByCondition_COUNT Line:143 - <==      Total: 1
