2020-03-05 21:59:08.552 DEBUG --- [restartedMain] org.apache.ibatis.logging.LogFactory Line:105 - Logging initialized using 'class org.apache.ibatis.logging.slf4j.Slf4jImpl' adapter.
2020-03-05 22:00:47.254 DEBUG --- [restartedMain] org.apache.ibatis.logging.LogFactory Line:105 - Logging initialized using 'class org.apache.ibatis.logging.slf4j.Slf4jImpl' adapter.
2020-03-05 22:02:25.577 DEBUG --- [http-nio-8762-exec-1] com.vtu.mapper.CustomerMapper.selectByAuthCode Line:143 - ==>  Preparing: select account_id, account, password, name, phone, id_card, remain, is_vip, is_shoper, email, email_send_time,wxId, qqId,authCode,isAuth,sex from tb_customer where authCode = ? 
2020-03-05 22:02:25.619 DEBUG --- [http-nio-8762-exec-1] com.vtu.mapper.CustomerMapper.selectByAuthCode Line:143 - ==> Parameters: 1234(String)
2020-03-05 22:02:25.684 DEBUG --- [http-nio-8762-exec-1] com.vtu.mapper.CustomerMapper.selectByAuthCode Line:143 - <==      Total: 1
2020-03-05 22:02:25.689 DEBUG --- [http-nio-8762-exec-1] com.vtu.mapper.CustomerVipMapper.selectByAccountId Line:143 - ==>  Preparing: select id, account_id, vip_detail_id, start_time, end_time, is_vip from tb_customer_vip where account_id = ? 
2020-03-05 22:02:25.692 DEBUG --- [http-nio-8762-exec-1] com.vtu.mapper.CustomerVipMapper.selectByAccountId Line:143 - ==> Parameters: 12(Long)
2020-03-05 22:02:25.722 DEBUG --- [http-nio-8762-exec-1] com.vtu.mapper.CustomerVipMapper.selectByAccountId Line:143 - <==      Total: 0
2020-03-05 22:02:25.724 DEBUG --- [http-nio-8762-exec-1] com.vtu.mapper.CustomerMapper.updateByPrimaryKey Line:143 - ==>  Preparing: update tb_customer set account = ?, password = ?, name = ?, sex = ?, phone = ?, id_card = ?, remain = ?, is_vip = ?, is_shoper = ?, email = ?, email_send_time = ?, wxId = ?, qqId = ?, authCode = ?, isAuth = ? where account_id = ? 
2020-03-05 22:02:25.726 DEBUG --- [http-nio-8762-exec-1] com.vtu.mapper.CustomerMapper.updateByPrimaryKey Line:143 - ==> Parameters: VT20200124153831154(String), null, 视频大师(String), null, null, null, null, null, null, 123213(String), 2020-01-24 15:38:31:154(String), null, null, 1234(String), true(String), 12(Long)
2020-03-05 22:02:25.785 DEBUG --- [http-nio-8762-exec-1] com.vtu.mapper.CustomerMapper.updateByPrimaryKey Line:143 - <==    Updates: 1
2020-03-05 22:02:25.895 DEBUG --- [http-nio-8762-exec-2] com.vtu.mapper.PersonalBalanceMapper.getPersonalBalanceByAccountId Line:143 - ==>  Preparing: select personal_money_id, account_id, balance from tb_personal_balance where account_id = ? 
2020-03-05 22:02:25.896 DEBUG --- [http-nio-8762-exec-2] com.vtu.mapper.PersonalBalanceMapper.getPersonalBalanceByAccountId Line:143 - ==> Parameters: 12(Long)
2020-03-05 22:02:25.924 DEBUG --- [http-nio-8762-exec-2] com.vtu.mapper.PersonalBalanceMapper.getPersonalBalanceByAccountId Line:143 - <==      Total: 1
2020-03-05 22:02:28.860 DEBUG --- [http-nio-8762-exec-3] com.vtu.mapper.WorksMapper.findAuditingWorks_COUNT Line:143 - ==>  Preparing: SELECT count(0) FROM tb_works w LEFT JOIN tb_works_url u ON w.works_id = u.works_id WHERE w.works_status LIKE concat('%', ?, '%') 
2020-03-05 22:02:28.861 DEBUG --- [http-nio-8762-exec-3] com.vtu.mapper.WorksMapper.findAuditingWorks_COUNT Line:143 - ==> Parameters: pass(String)
2020-03-05 22:02:28.889 DEBUG --- [http-nio-8762-exec-3] com.vtu.mapper.WorksMapper.findAuditingWorks_COUNT Line:143 - <==      Total: 1
2020-03-05 22:02:28.891 DEBUG --- [http-nio-8762-exec-3] com.vtu.mapper.WorksMapper.findAuditingWorks Line:143 - ==>  Preparing: SELECT w.works_id, w.works_title, w.works_desc, w.price,w.key_word, w.types_id,w.works_status,w.colorSytem,w.works_duration,channel,version, u.works_url_id,u.works_id, u.works_url,u.works_md5,u.works_name,u.works_size,u.compress_url,u.preview_url,u.synthesis_url FROM tb_works w LEFT JOIN tb_works_url u ON w.works_id = u.works_id WHERE w.works_status LIKE concat('%',?,'%') ORDER BY w.works_id desc LIMIT ? 
2020-03-05 22:02:28.893 DEBUG --- [http-nio-8762-exec-3] com.vtu.mapper.WorksMapper.findAuditingWorks Line:143 - ==> Parameters: pass(String), 4(Integer)
2020-03-05 22:02:28.926 DEBUG --- [http-nio-8762-exec-3] com.vtu.mapper.WorksMapper.findAuditingWorks Line:143 - <==      Total: 2
2020-03-05 22:02:31.013 DEBUG --- [http-nio-8762-exec-6] com.vtu.mapper.WorksMapper.getWorksById Line:143 - ==>  Preparing: SELECT w.works_id, w.works_title, w.works_desc, w.price, w.key_word, w.types_id, w.channel,w.version, w.works_status, w.colorSytem,w.works_duration, u.works_url_id, u.works_url works_url, u.works_md5, u.works_name, u.works_size, u.compress_url, u.preview_url, u.synthesis_url FROM ( SELECT * FROM tb_works WHERE works_id = ? ) w LEFT JOIN tb_works_url u ON w.works_id = u.works_id 
2020-03-05 22:02:31.017 DEBUG --- [http-nio-8762-exec-6] com.vtu.mapper.WorksMapper.getWorksById Line:143 - ==> Parameters: 73(String)
2020-03-05 22:02:31.049 DEBUG --- [http-nio-8762-exec-6] com.vtu.mapper.WorksMapper.getWorksById Line:143 - <==      Total: 1
2020-03-05 22:02:32.905 DEBUG --- [http-nio-8762-exec-5] com.vtu.mapper.WorksMapper.findAuditingWorks_COUNT Line:143 - ==>  Preparing: SELECT count(0) FROM tb_works w LEFT JOIN tb_works_url u ON w.works_id = u.works_id WHERE w.works_status LIKE concat('%', ?, '%') 
2020-03-05 22:02:32.909 DEBUG --- [http-nio-8762-exec-5] com.vtu.mapper.WorksMapper.findAuditingWorks_COUNT Line:143 - ==> Parameters: pass(String)
2020-03-05 22:02:32.939 DEBUG --- [http-nio-8762-exec-5] com.vtu.mapper.WorksMapper.findAuditingWorks_COUNT Line:143 - <==      Total: 1
2020-03-05 22:02:32.942 DEBUG --- [http-nio-8762-exec-5] com.vtu.mapper.WorksMapper.findAuditingWorks Line:143 - ==>  Preparing: SELECT w.works_id, w.works_title, w.works_desc, w.price,w.key_word, w.types_id,w.works_status,w.colorSytem,w.works_duration,channel,version, u.works_url_id,u.works_id, u.works_url,u.works_md5,u.works_name,u.works_size,u.compress_url,u.preview_url,u.synthesis_url FROM tb_works w LEFT JOIN tb_works_url u ON w.works_id = u.works_id WHERE w.works_status LIKE concat('%',?,'%') ORDER BY w.works_id desc LIMIT ? 
2020-03-05 22:02:32.943 DEBUG --- [http-nio-8762-exec-5] com.vtu.mapper.WorksMapper.findAuditingWorks Line:143 - ==> Parameters: pass(String), 4(Integer)
2020-03-05 22:02:32.989 DEBUG --- [http-nio-8762-exec-5] com.vtu.mapper.WorksMapper.findAuditingWorks Line:143 - <==      Total: 2
2020-03-05 22:02:36.739 DEBUG --- [http-nio-8762-exec-4] com.vtu.mapper.WorksMapper.findAuditingWorks_COUNT Line:143 - ==>  Preparing: SELECT count(0) FROM tb_works w LEFT JOIN tb_works_url u ON w.works_id = u.works_id WHERE w.works_status LIKE concat('%', ?, '%') 
2020-03-05 22:02:36.754 DEBUG --- [http-nio-8762-exec-4] com.vtu.mapper.WorksMapper.findAuditingWorks_COUNT Line:143 - ==> Parameters: pass(String)
2020-03-05 22:02:36.784 DEBUG --- [http-nio-8762-exec-4] com.vtu.mapper.WorksMapper.findAuditingWorks_COUNT Line:143 - <==      Total: 1
2020-03-05 22:02:36.786 DEBUG --- [http-nio-8762-exec-4] com.vtu.mapper.WorksMapper.findAuditingWorks Line:143 - ==>  Preparing: SELECT w.works_id, w.works_title, w.works_desc, w.price,w.key_word, w.types_id,w.works_status,w.colorSytem,w.works_duration,channel,version, u.works_url_id,u.works_id, u.works_url,u.works_md5,u.works_name,u.works_size,u.compress_url,u.preview_url,u.synthesis_url FROM tb_works w LEFT JOIN tb_works_url u ON w.works_id = u.works_id WHERE w.works_status LIKE concat('%',?,'%') ORDER BY w.works_id desc LIMIT ? 
2020-03-05 22:02:36.787 DEBUG --- [http-nio-8762-exec-4] com.vtu.mapper.WorksMapper.findAuditingWorks Line:143 - ==> Parameters: pass(String), 4(Integer)
2020-03-05 22:02:36.823 DEBUG --- [http-nio-8762-exec-4] com.vtu.mapper.WorksMapper.findAuditingWorks Line:143 - <==      Total: 2
2020-03-05 22:02:37.620 DEBUG --- [http-nio-8762-exec-7] com.vtu.mapper.WorksMapper.getWorksById Line:143 - ==>  Preparing: SELECT w.works_id, w.works_title, w.works_desc, w.price, w.key_word, w.types_id, w.channel,w.version, w.works_status, w.colorSytem,w.works_duration, u.works_url_id, u.works_url works_url, u.works_md5, u.works_name, u.works_size, u.compress_url, u.preview_url, u.synthesis_url FROM ( SELECT * FROM tb_works WHERE works_id = ? ) w LEFT JOIN tb_works_url u ON w.works_id = u.works_id 
2020-03-05 22:02:37.621 DEBUG --- [http-nio-8762-exec-7] com.vtu.mapper.WorksMapper.getWorksById Line:143 - ==> Parameters: 53(String)
2020-03-05 22:02:37.651 DEBUG --- [http-nio-8762-exec-7] com.vtu.mapper.WorksMapper.getWorksById Line:143 - <==      Total: 1
2020-03-05 22:02:39.031 DEBUG --- [http-nio-8762-exec-8] com.vtu.mapper.WorksMapper.findAuditingWorks_COUNT Line:143 - ==>  Preparing: SELECT count(0) FROM tb_works w LEFT JOIN tb_works_url u ON w.works_id = u.works_id WHERE w.works_status LIKE concat('%', ?, '%') 
2020-03-05 22:02:39.032 DEBUG --- [http-nio-8762-exec-8] com.vtu.mapper.WorksMapper.findAuditingWorks_COUNT Line:143 - ==> Parameters: pass(String)
2020-03-05 22:02:39.073 DEBUG --- [http-nio-8762-exec-8] com.vtu.mapper.WorksMapper.findAuditingWorks_COUNT Line:143 - <==      Total: 1
2020-03-05 22:02:39.075 DEBUG --- [http-nio-8762-exec-8] com.vtu.mapper.WorksMapper.findAuditingWorks Line:143 - ==>  Preparing: SELECT w.works_id, w.works_title, w.works_desc, w.price,w.key_word, w.types_id,w.works_status,w.colorSytem,w.works_duration,channel,version, u.works_url_id,u.works_id, u.works_url,u.works_md5,u.works_name,u.works_size,u.compress_url,u.preview_url,u.synthesis_url FROM tb_works w LEFT JOIN tb_works_url u ON w.works_id = u.works_id WHERE w.works_status LIKE concat('%',?,'%') ORDER BY w.works_id desc LIMIT ? 
2020-03-05 22:02:39.076 DEBUG --- [http-nio-8762-exec-8] com.vtu.mapper.WorksMapper.findAuditingWorks Line:143 - ==> Parameters: pass(String), 4(Integer)
2020-03-05 22:02:39.109 DEBUG --- [http-nio-8762-exec-8] com.vtu.mapper.WorksMapper.findAuditingWorks Line:143 - <==      Total: 2
2020-03-05 22:05:29.423 DEBUG --- [restartedMain] org.apache.ibatis.logging.LogFactory Line:105 - Logging initialized using 'class org.apache.ibatis.logging.slf4j.Slf4jImpl' adapter.
2020-03-05 22:07:33.736 DEBUG --- [http-nio-8762-exec-1] com.vtu.mapper.CustomerMapper.selectByAuthCode Line:143 - ==>  Preparing: select account_id, account, password, name, phone, id_card, remain, is_vip, is_shoper, email, email_send_time,wxId, qqId,authCode,isAuth,sex from tb_customer where authCode = ? 
2020-03-05 22:07:33.772 DEBUG --- [http-nio-8762-exec-1] com.vtu.mapper.CustomerMapper.selectByAuthCode Line:143 - ==> Parameters: 1234(String)
2020-03-05 22:07:33.839 DEBUG --- [http-nio-8762-exec-1] com.vtu.mapper.CustomerMapper.selectByAuthCode Line:143 - <==      Total: 1
2020-03-05 22:07:33.844 DEBUG --- [http-nio-8762-exec-1] com.vtu.mapper.CustomerVipMapper.selectByAccountId Line:143 - ==>  Preparing: select id, account_id, vip_detail_id, start_time, end_time, is_vip from tb_customer_vip where account_id = ? 
2020-03-05 22:07:33.848 DEBUG --- [http-nio-8762-exec-1] com.vtu.mapper.CustomerVipMapper.selectByAccountId Line:143 - ==> Parameters: 12(Long)
2020-03-05 22:07:33.880 DEBUG --- [http-nio-8762-exec-1] com.vtu.mapper.CustomerVipMapper.selectByAccountId Line:143 - <==      Total: 0
2020-03-05 22:07:33.881 DEBUG --- [http-nio-8762-exec-1] com.vtu.mapper.CustomerMapper.updateByPrimaryKey Line:143 - ==>  Preparing: update tb_customer set account = ?, password = ?, name = ?, sex = ?, phone = ?, id_card = ?, remain = ?, is_vip = ?, is_shoper = ?, email = ?, email_send_time = ?, wxId = ?, qqId = ?, authCode = ?, isAuth = ? where account_id = ? 
2020-03-05 22:07:33.884 DEBUG --- [http-nio-8762-exec-1] com.vtu.mapper.CustomerMapper.updateByPrimaryKey Line:143 - ==> Parameters: VT20200124153831154(String), null, 视频大师(String), null, null, null, null, null, null, 123213(String), 2020-01-24 15:38:31:154(String), null, null, 1234(String), true(String), 12(Long)
2020-03-05 22:07:33.942 DEBUG --- [http-nio-8762-exec-1] com.vtu.mapper.CustomerMapper.updateByPrimaryKey Line:143 - <==    Updates: 1
2020-03-05 22:07:34.024 DEBUG --- [http-nio-8762-exec-3] com.vtu.mapper.PersonalBalanceMapper.getPersonalBalanceByAccountId Line:143 - ==>  Preparing: select personal_money_id, account_id, balance from tb_personal_balance where account_id = ? 
2020-03-05 22:07:34.025 DEBUG --- [http-nio-8762-exec-3] com.vtu.mapper.PersonalBalanceMapper.getPersonalBalanceByAccountId Line:143 - ==> Parameters: 12(Long)
2020-03-05 22:07:34.056 DEBUG --- [http-nio-8762-exec-3] com.vtu.mapper.PersonalBalanceMapper.getPersonalBalanceByAccountId Line:143 - <==      Total: 1
2020-03-05 22:07:36.429 DEBUG --- [http-nio-8762-exec-2] com.vtu.mapper.WorksMapper.findAuditingWorks_COUNT Line:143 - ==>  Preparing: SELECT count(0) FROM tb_works w LEFT JOIN tb_works_url u ON w.works_id = u.works_id WHERE w.works_status LIKE concat('%', ?, '%') 
2020-03-05 22:07:36.430 DEBUG --- [http-nio-8762-exec-2] com.vtu.mapper.WorksMapper.findAuditingWorks_COUNT Line:143 - ==> Parameters: pass(String)
2020-03-05 22:07:36.998 DEBUG --- [http-nio-8762-exec-2] com.vtu.mapper.WorksMapper.findAuditingWorks_COUNT Line:143 - <==      Total: 1
2020-03-05 22:07:37.007 DEBUG --- [http-nio-8762-exec-2] com.vtu.mapper.WorksMapper.findAuditingWorks Line:143 - ==>  Preparing: SELECT w.works_id, w.works_title, w.works_desc, w.price,w.key_word, w.types_id,w.works_status,w.colorSytem,w.works_duration,channel,version, u.works_url_id,u.works_id, u.works_url,u.works_md5,u.works_name,u.works_size,u.compress_url,u.preview_url,u.synthesis_url FROM tb_works w LEFT JOIN tb_works_url u ON w.works_id = u.works_id WHERE w.works_status LIKE concat('%',?,'%') ORDER BY w.works_id desc LIMIT ? 
2020-03-05 22:07:37.015 DEBUG --- [http-nio-8762-exec-2] com.vtu.mapper.WorksMapper.findAuditingWorks Line:143 - ==> Parameters: pass(String), 4(Integer)
2020-03-05 22:07:37.094 DEBUG --- [http-nio-8762-exec-2] com.vtu.mapper.WorksMapper.findAuditingWorks Line:143 - <==      Total: 2
2020-03-05 22:07:59.606 DEBUG --- [http-nio-8762-exec-5] com.vtu.mapper.WorksMapper.selectByPrimaryKey Line:143 - ==>  Preparing: select works_id, account_id, works_title, works_desc, price, key_word,types_id, works_status,works_url_id,works_url,works_md5, works_name,works_size,compress_url,synthesis_url from tb_works where works_id = ? 
2020-03-05 22:07:59.608 DEBUG --- [http-nio-8762-exec-5] com.vtu.mapper.WorksMapper.selectByPrimaryKey Line:143 - ==> Parameters: 53(Long)
2020-03-05 22:09:36.843 DEBUG --- [http-nio-8762-exec-8] com.vtu.mapper.CustomerMapper.selectByAuthCode Line:143 - ==>  Preparing: select account_id, account, password, name, phone, id_card, remain, is_vip, is_shoper, email, email_send_time,wxId, qqId,authCode,isAuth,sex from tb_customer where authCode = ? 
2020-03-05 22:09:36.844 DEBUG --- [http-nio-8762-exec-8] com.vtu.mapper.CustomerMapper.selectByAuthCode Line:143 - ==> Parameters: 1234(String)
2020-03-05 22:09:36.882 DEBUG --- [http-nio-8762-exec-8] com.vtu.mapper.CustomerMapper.selectByAuthCode Line:143 - <==      Total: 1
2020-03-05 22:09:36.884 DEBUG --- [http-nio-8762-exec-8] com.vtu.mapper.CustomerVipMapper.selectByAccountId Line:143 - ==>  Preparing: select id, account_id, vip_detail_id, start_time, end_time, is_vip from tb_customer_vip where account_id = ? 
2020-03-05 22:09:36.885 DEBUG --- [http-nio-8762-exec-8] com.vtu.mapper.CustomerVipMapper.selectByAccountId Line:143 - ==> Parameters: 12(Long)
2020-03-05 22:09:36.916 DEBUG --- [http-nio-8762-exec-8] com.vtu.mapper.CustomerVipMapper.selectByAccountId Line:143 - <==      Total: 0
2020-03-05 22:09:36.918 DEBUG --- [http-nio-8762-exec-8] com.vtu.mapper.CustomerMapper.updateByPrimaryKey Line:143 - ==>  Preparing: update tb_customer set account = ?, password = ?, name = ?, sex = ?, phone = ?, id_card = ?, remain = ?, is_vip = ?, is_shoper = ?, email = ?, email_send_time = ?, wxId = ?, qqId = ?, authCode = ?, isAuth = ? where account_id = ? 
2020-03-05 22:09:36.922 DEBUG --- [http-nio-8762-exec-8] com.vtu.mapper.CustomerMapper.updateByPrimaryKey Line:143 - ==> Parameters: VT20200124153831154(String), null, 视频大师(String), null, null, null, null, null, null, 123213(String), 2020-01-24 15:38:31:154(String), null, null, 1234(String), true(String), 12(Long)
2020-03-05 22:09:36.993 DEBUG --- [http-nio-8762-exec-8] com.vtu.mapper.CustomerMapper.updateByPrimaryKey Line:143 - <==    Updates: 1
2020-03-05 22:09:37.052 DEBUG --- [http-nio-8762-exec-6] com.vtu.mapper.PersonalBalanceMapper.getPersonalBalanceByAccountId Line:143 - ==>  Preparing: select personal_money_id, account_id, balance from tb_personal_balance where account_id = ? 
2020-03-05 22:09:37.053 DEBUG --- [http-nio-8762-exec-6] com.vtu.mapper.PersonalBalanceMapper.getPersonalBalanceByAccountId Line:143 - ==> Parameters: 12(Long)
2020-03-05 22:09:37.103 DEBUG --- [http-nio-8762-exec-6] com.vtu.mapper.PersonalBalanceMapper.getPersonalBalanceByAccountId Line:143 - <==      Total: 1
2020-03-05 22:09:49.746 DEBUG --- [http-nio-8762-exec-7] com.vtu.mapper.WorksMapper.selectByPrimaryKey Line:143 - ==>  Preparing: select works_id, account_id, works_title, works_desc, price, key_word,types_id, works_status,works_url_id,works_url,works_md5, works_name,works_size,compress_url,synthesis_url from tb_works where works_id = ? 
2020-03-05 22:09:49.749 DEBUG --- [http-nio-8762-exec-7] com.vtu.mapper.WorksMapper.selectByPrimaryKey Line:143 - ==> Parameters: 53(Long)
2020-03-05 22:09:49.780 DEBUG --- [http-nio-8762-exec-9] com.vtu.mapper.WorksMapper.findAuditingWorks_COUNT Line:143 - ==>  Preparing: SELECT count(0) FROM tb_works w LEFT JOIN tb_works_url u ON w.works_id = u.works_id WHERE w.works_status LIKE concat('%', ?, '%') 
2020-03-05 22:09:49.785 DEBUG --- [http-nio-8762-exec-9] com.vtu.mapper.WorksMapper.findAuditingWorks_COUNT Line:143 - ==> Parameters: pass(String)
2020-03-05 22:09:49.819 DEBUG --- [http-nio-8762-exec-9] com.vtu.mapper.WorksMapper.findAuditingWorks_COUNT Line:143 - <==      Total: 1
2020-03-05 22:09:49.821 DEBUG --- [http-nio-8762-exec-9] com.vtu.mapper.WorksMapper.findAuditingWorks Line:143 - ==>  Preparing: SELECT w.works_id, w.works_title, w.works_desc, w.price,w.key_word, w.types_id,w.works_status,w.colorSytem,w.works_duration,channel,version, u.works_url_id,u.works_id, u.works_url,u.works_md5,u.works_name,u.works_size,u.compress_url,u.preview_url,u.synthesis_url FROM tb_works w LEFT JOIN tb_works_url u ON w.works_id = u.works_id WHERE w.works_status LIKE concat('%',?,'%') ORDER BY w.works_id desc LIMIT ? 
2020-03-05 22:09:49.823 DEBUG --- [http-nio-8762-exec-9] com.vtu.mapper.WorksMapper.findAuditingWorks Line:143 - ==> Parameters: pass(String), 4(Integer)
2020-03-05 22:09:49.857 DEBUG --- [http-nio-8762-exec-9] com.vtu.mapper.WorksMapper.findAuditingWorks Line:143 - <==      Total: 2
2020-03-05 22:16:12.162 DEBUG --- [http-nio-8762-exec-4] com.vtu.mapper.WorksMapper.selectByPrimaryKey Line:143 - ==>  Preparing: select works_id, account_id, works_title, works_desc, price, key_word,types_id, works_status,works_url_id,works_url,works_md5, works_name,works_size,compress_url,synthesis_url from tb_works where works_id = ? 
2020-03-05 22:16:12.163 DEBUG --- [http-nio-8762-exec-4] com.vtu.mapper.WorksMapper.selectByPrimaryKey Line:143 - ==> Parameters: 53(Long)
2020-03-05 22:16:12.193 DEBUG --- [http-nio-8762-exec-2] com.vtu.mapper.WorksMapper.selectByPrimaryKey Line:143 - ==>  Preparing: select works_id, account_id, works_title, works_desc, price, key_word,types_id, works_status,works_url_id,works_url,works_md5, works_name,works_size,compress_url,synthesis_url from tb_works where works_id = ? 
2020-03-05 22:16:12.195 DEBUG --- [http-nio-8762-exec-2] com.vtu.mapper.WorksMapper.selectByPrimaryKey Line:143 - ==> Parameters: 53(Long)
2020-03-05 22:16:12.225 DEBUG --- [http-nio-8762-exec-3] com.vtu.mapper.WorksMapper.selectByPrimaryKey Line:143 - ==>  Preparing: select works_id, account_id, works_title, works_desc, price, key_word,types_id, works_status,works_url_id,works_url,works_md5, works_name,works_size,compress_url,synthesis_url from tb_works where works_id = ? 
2020-03-05 22:16:12.228 DEBUG --- [http-nio-8762-exec-3] com.vtu.mapper.WorksMapper.selectByPrimaryKey Line:143 - ==> Parameters: 53(Long)
2020-03-05 22:20:25.627 DEBUG --- [restartedMain] org.apache.ibatis.logging.LogFactory Line:105 - Logging initialized using 'class org.apache.ibatis.logging.slf4j.Slf4jImpl' adapter.
2020-03-05 22:22:18.074 DEBUG --- [http-nio-8762-exec-1] com.vtu.mapper.CustomerMapper.selectByAuthCode Line:143 - ==>  Preparing: select account_id, account, password, name, phone, id_card, remain, is_vip, is_shoper, email, email_send_time,wxId, qqId,authCode,isAuth,sex from tb_customer where authCode = ? 
2020-03-05 22:22:18.112 DEBUG --- [http-nio-8762-exec-1] com.vtu.mapper.CustomerMapper.selectByAuthCode Line:143 - ==> Parameters: 1234(String)
2020-03-05 22:22:18.179 DEBUG --- [http-nio-8762-exec-1] com.vtu.mapper.CustomerMapper.selectByAuthCode Line:143 - <==      Total: 1
2020-03-05 22:22:18.185 DEBUG --- [http-nio-8762-exec-1] com.vtu.mapper.CustomerVipMapper.selectByAccountId Line:143 - ==>  Preparing: select id, account_id, vip_detail_id, start_time, end_time, is_vip from tb_customer_vip where account_id = ? 
2020-03-05 22:22:18.188 DEBUG --- [http-nio-8762-exec-1] com.vtu.mapper.CustomerVipMapper.selectByAccountId Line:143 - ==> Parameters: 12(Long)
2020-03-05 22:22:18.223 DEBUG --- [http-nio-8762-exec-1] com.vtu.mapper.CustomerVipMapper.selectByAccountId Line:143 - <==      Total: 0
2020-03-05 22:22:18.225 DEBUG --- [http-nio-8762-exec-1] com.vtu.mapper.CustomerMapper.updateByPrimaryKey Line:143 - ==>  Preparing: update tb_customer set account = ?, password = ?, name = ?, sex = ?, phone = ?, id_card = ?, remain = ?, is_vip = ?, is_shoper = ?, email = ?, email_send_time = ?, wxId = ?, qqId = ?, authCode = ?, isAuth = ? where account_id = ? 
2020-03-05 22:22:18.228 DEBUG --- [http-nio-8762-exec-1] com.vtu.mapper.CustomerMapper.updateByPrimaryKey Line:143 - ==> Parameters: VT20200124153831154(String), null, 视频大师(String), null, null, null, null, null, null, 123213(String), 2020-01-24 15:38:31:154(String), null, null, 1234(String), true(String), 12(Long)
2020-03-05 22:22:18.289 DEBUG --- [http-nio-8762-exec-1] com.vtu.mapper.CustomerMapper.updateByPrimaryKey Line:143 - <==    Updates: 1
2020-03-05 22:22:18.397 DEBUG --- [http-nio-8762-exec-2] com.vtu.mapper.PersonalBalanceMapper.getPersonalBalanceByAccountId Line:143 - ==>  Preparing: select personal_money_id, account_id, balance from tb_personal_balance where account_id = ? 
2020-03-05 22:22:18.399 DEBUG --- [http-nio-8762-exec-2] com.vtu.mapper.PersonalBalanceMapper.getPersonalBalanceByAccountId Line:143 - ==> Parameters: 12(Long)
2020-03-05 22:22:18.430 DEBUG --- [http-nio-8762-exec-2] com.vtu.mapper.PersonalBalanceMapper.getPersonalBalanceByAccountId Line:143 - <==      Total: 1
2020-03-05 22:22:21.014 DEBUG --- [http-nio-8762-exec-3] com.vtu.mapper.WorksMapper.findAuditingWorks_COUNT Line:143 - ==>  Preparing: SELECT count(0) FROM tb_works w LEFT JOIN tb_works_url u ON w.works_id = u.works_id WHERE w.works_status LIKE concat('%', ?, '%') 
2020-03-05 22:22:21.015 DEBUG --- [http-nio-8762-exec-3] com.vtu.mapper.WorksMapper.findAuditingWorks_COUNT Line:143 - ==> Parameters: pass(String)
2020-03-05 22:22:21.047 DEBUG --- [http-nio-8762-exec-3] com.vtu.mapper.WorksMapper.findAuditingWorks_COUNT Line:143 - <==      Total: 1
2020-03-05 22:22:21.050 DEBUG --- [http-nio-8762-exec-3] com.vtu.mapper.WorksMapper.findAuditingWorks Line:143 - ==>  Preparing: SELECT w.works_id, w.works_title, w.works_desc, w.price,w.key_word, w.types_id,w.works_status,w.colorSytem,w.works_duration,channel,version, u.works_url_id,u.works_id, u.works_url,u.works_md5,u.works_name,u.works_size,u.compress_url,u.preview_url,u.synthesis_url FROM tb_works w LEFT JOIN tb_works_url u ON w.works_id = u.works_id WHERE w.works_status LIKE concat('%',?,'%') ORDER BY w.works_id desc LIMIT ? 
2020-03-05 22:22:21.052 DEBUG --- [http-nio-8762-exec-3] com.vtu.mapper.WorksMapper.findAuditingWorks Line:143 - ==> Parameters: pass(String), 4(Integer)
2020-03-05 22:22:21.086 DEBUG --- [http-nio-8762-exec-3] com.vtu.mapper.WorksMapper.findAuditingWorks Line:143 - <==      Total: 2
2020-03-05 22:23:49.390 DEBUG --- [http-nio-8762-exec-5] com.vtu.mapper.WorksMapper.selectByPrimaryKey Line:143 - ==>  Preparing: select works_id, account_id, works_title, works_desc, price, key_word,types_id, works_status,works_url,works_md5, works_name,works_size,compress_url,synthesis_url from tb_works where works_id = ? 
2020-03-05 22:23:49.393 DEBUG --- [http-nio-8762-exec-5] com.vtu.mapper.WorksMapper.selectByPrimaryKey Line:143 - ==> Parameters: 53(Long)
2020-03-05 22:25:06.307 DEBUG --- [restartedMain] org.apache.ibatis.logging.LogFactory Line:105 - Logging initialized using 'class org.apache.ibatis.logging.slf4j.Slf4jImpl' adapter.
2020-03-05 22:25:57.917 DEBUG --- [http-nio-8762-exec-2] com.vtu.mapper.CustomerMapper.selectByAuthCode Line:143 - ==>  Preparing: select account_id, account, password, name, phone, id_card, remain, is_vip, is_shoper, email, email_send_time,wxId, qqId,authCode,isAuth,sex from tb_customer where authCode = ? 
2020-03-05 22:25:57.954 DEBUG --- [http-nio-8762-exec-2] com.vtu.mapper.CustomerMapper.selectByAuthCode Line:143 - ==> Parameters: 1234(String)
2020-03-05 22:25:58.019 DEBUG --- [http-nio-8762-exec-2] com.vtu.mapper.CustomerMapper.selectByAuthCode Line:143 - <==      Total: 1
2020-03-05 22:25:58.024 DEBUG --- [http-nio-8762-exec-2] com.vtu.mapper.CustomerVipMapper.selectByAccountId Line:143 - ==>  Preparing: select id, account_id, vip_detail_id, start_time, end_time, is_vip from tb_customer_vip where account_id = ? 
2020-03-05 22:25:58.026 DEBUG --- [http-nio-8762-exec-2] com.vtu.mapper.CustomerVipMapper.selectByAccountId Line:143 - ==> Parameters: 12(Long)
2020-03-05 22:25:58.057 DEBUG --- [http-nio-8762-exec-2] com.vtu.mapper.CustomerVipMapper.selectByAccountId Line:143 - <==      Total: 0
2020-03-05 22:25:58.059 DEBUG --- [http-nio-8762-exec-2] com.vtu.mapper.CustomerMapper.updateByPrimaryKey Line:143 - ==>  Preparing: update tb_customer set account = ?, password = ?, name = ?, sex = ?, phone = ?, id_card = ?, remain = ?, is_vip = ?, is_shoper = ?, email = ?, email_send_time = ?, wxId = ?, qqId = ?, authCode = ?, isAuth = ? where account_id = ? 
2020-03-05 22:25:58.061 DEBUG --- [http-nio-8762-exec-2] com.vtu.mapper.CustomerMapper.updateByPrimaryKey Line:143 - ==> Parameters: VT20200124153831154(String), null, 视频大师(String), null, null, null, null, null, null, 123213(String), 2020-01-24 15:38:31:154(String), null, null, 1234(String), true(String), 12(Long)
2020-03-05 22:25:58.121 DEBUG --- [http-nio-8762-exec-2] com.vtu.mapper.CustomerMapper.updateByPrimaryKey Line:143 - <==    Updates: 1
2020-03-05 22:25:58.208 DEBUG --- [http-nio-8762-exec-1] com.vtu.mapper.PersonalBalanceMapper.getPersonalBalanceByAccountId Line:143 - ==>  Preparing: select personal_money_id, account_id, balance from tb_personal_balance where account_id = ? 
2020-03-05 22:25:58.209 DEBUG --- [http-nio-8762-exec-1] com.vtu.mapper.PersonalBalanceMapper.getPersonalBalanceByAccountId Line:143 - ==> Parameters: 12(Long)
2020-03-05 22:25:58.240 DEBUG --- [http-nio-8762-exec-1] com.vtu.mapper.PersonalBalanceMapper.getPersonalBalanceByAccountId Line:143 - <==      Total: 1
2020-03-05 22:26:01.012 DEBUG --- [http-nio-8762-exec-4] com.vtu.mapper.WorksMapper.findAuditingWorks_COUNT Line:143 - ==>  Preparing: SELECT count(0) FROM tb_works w LEFT JOIN tb_works_url u ON w.works_id = u.works_id WHERE w.works_status LIKE concat('%', ?, '%') 
2020-03-05 22:26:01.013 DEBUG --- [http-nio-8762-exec-4] com.vtu.mapper.WorksMapper.findAuditingWorks_COUNT Line:143 - ==> Parameters: pass(String)
2020-03-05 22:26:01.046 DEBUG --- [http-nio-8762-exec-4] com.vtu.mapper.WorksMapper.findAuditingWorks_COUNT Line:143 - <==      Total: 1
2020-03-05 22:26:01.049 DEBUG --- [http-nio-8762-exec-4] com.vtu.mapper.WorksMapper.findAuditingWorks Line:143 - ==>  Preparing: SELECT w.works_id, w.works_title, w.works_desc, w.price,w.key_word, w.types_id,w.works_status,w.colorSytem,w.works_duration,channel,version, u.works_url_id,u.works_id, u.works_url,u.works_md5,u.works_name,u.works_size,u.compress_url,u.preview_url,u.synthesis_url FROM tb_works w LEFT JOIN tb_works_url u ON w.works_id = u.works_id WHERE w.works_status LIKE concat('%',?,'%') ORDER BY w.works_id desc LIMIT ? 
2020-03-05 22:26:01.051 DEBUG --- [http-nio-8762-exec-4] com.vtu.mapper.WorksMapper.findAuditingWorks Line:143 - ==> Parameters: pass(String), 4(Integer)
2020-03-05 22:26:01.088 DEBUG --- [http-nio-8762-exec-4] com.vtu.mapper.WorksMapper.findAuditingWorks Line:143 - <==      Total: 2
2020-03-05 22:26:56.440 DEBUG --- [http-nio-8762-exec-5] com.vtu.mapper.WorksMapper.selectByPrimaryKey Line:143 - ==>  Preparing: select works_id, account_id, works_title, works_desc, price, key_word,types_id, works_status,works_md5, works_name,works_size,compress_url,synthesis_url from tb_works where works_id = ? 
2020-03-05 22:26:56.444 DEBUG --- [http-nio-8762-exec-5] com.vtu.mapper.WorksMapper.selectByPrimaryKey Line:143 - ==> Parameters: 53(Long)
2020-03-05 22:30:48.527 DEBUG --- [http-nio-8762-exec-7] com.vtu.mapper.WorksMapper.selectByPrimaryKey Line:143 - ==>  Preparing: select works_id, account_id, works_title, works_desc, price, key_word,types_id, works_status,works_md5, works_name,works_size,compress_url,synthesis_url from tb_works where works_id = ? 
2020-03-05 22:30:48.528 DEBUG --- [http-nio-8762-exec-7] com.vtu.mapper.WorksMapper.selectByPrimaryKey Line:143 - ==> Parameters: 53(Long)
2020-03-05 22:31:01.692 DEBUG --- [restartedMain] org.apache.ibatis.logging.LogFactory Line:105 - Logging initialized using 'class org.apache.ibatis.logging.slf4j.Slf4jImpl' adapter.
2020-03-05 22:32:04.913 DEBUG --- [http-nio-8762-exec-2] com.vtu.mapper.CustomerMapper.selectByAuthCode Line:143 - ==>  Preparing: select account_id, account, password, name, phone, id_card, remain, is_vip, is_shoper, email, email_send_time,wxId, qqId,authCode,isAuth,sex from tb_customer where authCode = ? 
2020-03-05 22:32:04.954 DEBUG --- [http-nio-8762-exec-2] com.vtu.mapper.CustomerMapper.selectByAuthCode Line:143 - ==> Parameters: 1234(String)
2020-03-05 22:32:05.017 DEBUG --- [http-nio-8762-exec-2] com.vtu.mapper.CustomerMapper.selectByAuthCode Line:143 - <==      Total: 1
2020-03-05 22:32:05.023 DEBUG --- [http-nio-8762-exec-2] com.vtu.mapper.CustomerVipMapper.selectByAccountId Line:143 - ==>  Preparing: select id, account_id, vip_detail_id, start_time, end_time, is_vip from tb_customer_vip where account_id = ? 
2020-03-05 22:32:05.026 DEBUG --- [http-nio-8762-exec-2] com.vtu.mapper.CustomerVipMapper.selectByAccountId Line:143 - ==> Parameters: 12(Long)
2020-03-05 22:32:05.055 DEBUG --- [http-nio-8762-exec-2] com.vtu.mapper.CustomerVipMapper.selectByAccountId Line:143 - <==      Total: 0
2020-03-05 22:32:05.056 DEBUG --- [http-nio-8762-exec-2] com.vtu.mapper.CustomerMapper.updateByPrimaryKey Line:143 - ==>  Preparing: update tb_customer set account = ?, password = ?, name = ?, sex = ?, phone = ?, id_card = ?, remain = ?, is_vip = ?, is_shoper = ?, email = ?, email_send_time = ?, wxId = ?, qqId = ?, authCode = ?, isAuth = ? where account_id = ? 
2020-03-05 22:32:05.059 DEBUG --- [http-nio-8762-exec-2] com.vtu.mapper.CustomerMapper.updateByPrimaryKey Line:143 - ==> Parameters: VT20200124153831154(String), null, 视频大师(String), null, null, null, null, null, null, 123213(String), 2020-01-24 15:38:31:154(String), null, null, 1234(String), true(String), 12(Long)
2020-03-05 22:32:05.112 DEBUG --- [http-nio-8762-exec-2] com.vtu.mapper.CustomerMapper.updateByPrimaryKey Line:143 - <==    Updates: 1
2020-03-05 22:32:05.212 DEBUG --- [http-nio-8762-exec-1] com.vtu.mapper.PersonalBalanceMapper.getPersonalBalanceByAccountId Line:143 - ==>  Preparing: select personal_money_id, account_id, balance from tb_personal_balance where account_id = ? 
2020-03-05 22:32:05.213 DEBUG --- [http-nio-8762-exec-1] com.vtu.mapper.PersonalBalanceMapper.getPersonalBalanceByAccountId Line:143 - ==> Parameters: 12(Long)
2020-03-05 22:32:05.241 DEBUG --- [http-nio-8762-exec-1] com.vtu.mapper.PersonalBalanceMapper.getPersonalBalanceByAccountId Line:143 - <==      Total: 1
2020-03-05 22:32:07.478 DEBUG --- [http-nio-8762-exec-3] com.vtu.mapper.WorksMapper.findAuditingWorks_COUNT Line:143 - ==>  Preparing: SELECT count(0) FROM tb_works w LEFT JOIN tb_works_url u ON w.works_id = u.works_id WHERE w.works_status LIKE concat('%', ?, '%') 
2020-03-05 22:32:07.480 DEBUG --- [http-nio-8762-exec-3] com.vtu.mapper.WorksMapper.findAuditingWorks_COUNT Line:143 - ==> Parameters: pass(String)
2020-03-05 22:32:07.507 DEBUG --- [http-nio-8762-exec-3] com.vtu.mapper.WorksMapper.findAuditingWorks_COUNT Line:143 - <==      Total: 1
2020-03-05 22:32:07.510 DEBUG --- [http-nio-8762-exec-3] com.vtu.mapper.WorksMapper.findAuditingWorks Line:143 - ==>  Preparing: SELECT w.works_id, w.works_title, w.works_desc, w.price,w.key_word, w.types_id,w.works_status,w.colorSytem,w.works_duration,channel,version, u.works_url_id,u.works_id, u.works_url,u.works_md5,u.works_name,u.works_size,u.compress_url,u.preview_url,u.synthesis_url FROM tb_works w LEFT JOIN tb_works_url u ON w.works_id = u.works_id WHERE w.works_status LIKE concat('%',?,'%') ORDER BY w.works_id desc LIMIT ? 
2020-03-05 22:32:07.512 DEBUG --- [http-nio-8762-exec-3] com.vtu.mapper.WorksMapper.findAuditingWorks Line:143 - ==> Parameters: pass(String), 4(Integer)
2020-03-05 22:32:07.543 DEBUG --- [http-nio-8762-exec-3] com.vtu.mapper.WorksMapper.findAuditingWorks Line:143 - <==      Total: 2
2020-03-05 22:32:28.441 DEBUG --- [http-nio-8762-exec-4] com.vtu.mapper.WorksMapper.selectByPrimaryKey Line:143 - ==>  Preparing: select works_id, account_id, works_title, works_desc, price, key_word,types_id, works_status,works_md5, works_name,works_size,compress_url,synthesis_url from tb_works where works_id = ? 
2020-03-05 22:32:28.444 DEBUG --- [http-nio-8762-exec-4] com.vtu.mapper.WorksMapper.selectByPrimaryKey Line:143 - ==> Parameters: 53(Long)
2020-03-05 22:33:49.454 DEBUG --- [restartedMain] org.apache.ibatis.logging.LogFactory Line:105 - Logging initialized using 'class org.apache.ibatis.logging.slf4j.Slf4jImpl' adapter.
2020-03-05 22:38:59.636 DEBUG --- [http-nio-8762-exec-1] com.vtu.mapper.CustomerMapper.selectByAuthCode Line:143 - ==>  Preparing: select account_id, account, password, name, phone, id_card, remain, is_vip, is_shoper, email, email_send_time,wxId, qqId,authCode,isAuth,sex from tb_customer where authCode = ? 
2020-03-05 22:38:59.673 DEBUG --- [http-nio-8762-exec-1] com.vtu.mapper.CustomerMapper.selectByAuthCode Line:143 - ==> Parameters: 1234(String)
2020-03-05 22:38:59.753 DEBUG --- [http-nio-8762-exec-1] com.vtu.mapper.CustomerMapper.selectByAuthCode Line:143 - <==      Total: 1
2020-03-05 22:38:59.757 DEBUG --- [http-nio-8762-exec-1] com.vtu.mapper.CustomerVipMapper.selectByAccountId Line:143 - ==>  Preparing: select id, account_id, vip_detail_id, start_time, end_time, is_vip from tb_customer_vip where account_id = ? 
2020-03-05 22:38:59.759 DEBUG --- [http-nio-8762-exec-1] com.vtu.mapper.CustomerVipMapper.selectByAccountId Line:143 - ==> Parameters: 12(Long)
2020-03-05 22:38:59.787 DEBUG --- [http-nio-8762-exec-1] com.vtu.mapper.CustomerVipMapper.selectByAccountId Line:143 - <==      Total: 0
2020-03-05 22:38:59.788 DEBUG --- [http-nio-8762-exec-1] com.vtu.mapper.CustomerMapper.updateByPrimaryKey Line:143 - ==>  Preparing: update tb_customer set account = ?, password = ?, name = ?, sex = ?, phone = ?, id_card = ?, remain = ?, is_vip = ?, is_shoper = ?, email = ?, email_send_time = ?, wxId = ?, qqId = ?, authCode = ?, isAuth = ? where account_id = ? 
2020-03-05 22:38:59.791 DEBUG --- [http-nio-8762-exec-1] com.vtu.mapper.CustomerMapper.updateByPrimaryKey Line:143 - ==> Parameters: VT20200124153831154(String), null, 视频大师(String), null, null, null, null, null, null, 123213(String), 2020-01-24 15:38:31:154(String), null, null, 1234(String), true(String), 12(Long)
2020-03-05 22:38:59.846 DEBUG --- [http-nio-8762-exec-1] com.vtu.mapper.CustomerMapper.updateByPrimaryKey Line:143 - <==    Updates: 1
2020-03-05 22:38:59.951 DEBUG --- [http-nio-8762-exec-2] com.vtu.mapper.PersonalBalanceMapper.getPersonalBalanceByAccountId Line:143 - ==>  Preparing: select personal_money_id, account_id, balance from tb_personal_balance where account_id = ? 
2020-03-05 22:38:59.953 DEBUG --- [http-nio-8762-exec-2] com.vtu.mapper.PersonalBalanceMapper.getPersonalBalanceByAccountId Line:143 - ==> Parameters: 12(Long)
2020-03-05 22:38:59.982 DEBUG --- [http-nio-8762-exec-2] com.vtu.mapper.PersonalBalanceMapper.getPersonalBalanceByAccountId Line:143 - <==      Total: 1
2020-03-05 22:39:07.132 DEBUG --- [http-nio-8762-exec-4] com.vtu.mapper.WorksMapper.selectByPrimaryKey Line:143 - ==>  Preparing: select works_id, account_id, works_title, works_desc, price, key_word,types_id, works_status,works_md5, works_name,works_size,compress_url,synthesis_url from tb_works where works_id = ? 
2020-03-05 22:39:07.134 DEBUG --- [http-nio-8762-exec-4] com.vtu.mapper.WorksMapper.selectByPrimaryKey Line:143 - ==> Parameters: 53(Long)
2020-03-05 22:43:17.772 DEBUG --- [restartedMain] org.apache.ibatis.logging.LogFactory Line:105 - Logging initialized using 'class org.apache.ibatis.logging.slf4j.Slf4jImpl' adapter.
2020-03-05 22:45:19.036 DEBUG --- [http-nio-8762-exec-1] com.vtu.mapper.CustomerMapper.selectByAuthCode Line:143 - ==>  Preparing: select account_id, account, password, name, phone, id_card, remain, is_vip, is_shoper, email, email_send_time,wxId, qqId,authCode,isAuth,sex from tb_customer where authCode = ? 
2020-03-05 22:45:19.089 DEBUG --- [http-nio-8762-exec-1] com.vtu.mapper.CustomerMapper.selectByAuthCode Line:143 - ==> Parameters: 1234(String)
2020-03-05 22:45:19.224 DEBUG --- [http-nio-8762-exec-1] com.vtu.mapper.CustomerMapper.selectByAuthCode Line:143 - <==      Total: 1
2020-03-05 22:45:19.230 DEBUG --- [http-nio-8762-exec-1] com.vtu.mapper.CustomerVipMapper.selectByAccountId Line:143 - ==>  Preparing: select id, account_id, vip_detail_id, start_time, end_time, is_vip from tb_customer_vip where account_id = ? 
2020-03-05 22:45:19.241 DEBUG --- [http-nio-8762-exec-1] com.vtu.mapper.CustomerVipMapper.selectByAccountId Line:143 - ==> Parameters: 12(Long)
2020-03-05 22:45:19.269 DEBUG --- [http-nio-8762-exec-1] com.vtu.mapper.CustomerVipMapper.selectByAccountId Line:143 - <==      Total: 0
2020-03-05 22:45:19.271 DEBUG --- [http-nio-8762-exec-1] com.vtu.mapper.CustomerMapper.updateByPrimaryKey Line:143 - ==>  Preparing: update tb_customer set account = ?, password = ?, name = ?, sex = ?, phone = ?, id_card = ?, remain = ?, is_vip = ?, is_shoper = ?, email = ?, email_send_time = ?, wxId = ?, qqId = ?, authCode = ?, isAuth = ? where account_id = ? 
2020-03-05 22:45:19.275 DEBUG --- [http-nio-8762-exec-1] com.vtu.mapper.CustomerMapper.updateByPrimaryKey Line:143 - ==> Parameters: VT20200124153831154(String), null, 视频大师(String), null, null, null, null, null, null, 123213(String), 2020-01-24 15:38:31:154(String), null, null, 1234(String), true(String), 12(Long)
2020-03-05 22:45:19.335 DEBUG --- [http-nio-8762-exec-1] com.vtu.mapper.CustomerMapper.updateByPrimaryKey Line:143 - <==    Updates: 1
2020-03-05 22:45:25.475 DEBUG --- [http-nio-8762-exec-2] com.vtu.mapper.PersonalBalanceMapper.getPersonalBalanceByAccountId Line:143 - ==>  Preparing: select personal_money_id, account_id, balance from tb_personal_balance where account_id = ? 
2020-03-05 22:45:25.477 DEBUG --- [http-nio-8762-exec-2] com.vtu.mapper.PersonalBalanceMapper.getPersonalBalanceByAccountId Line:143 - ==> Parameters: 12(Long)
2020-03-05 22:45:25.513 DEBUG --- [http-nio-8762-exec-2] com.vtu.mapper.PersonalBalanceMapper.getPersonalBalanceByAccountId Line:143 - <==      Total: 1
2020-03-05 22:45:27.978 DEBUG --- [http-nio-8762-exec-3] com.vtu.mapper.WorksMapper.findAuditingWorks_COUNT Line:143 - ==>  Preparing: SELECT count(0) FROM tb_works w LEFT JOIN tb_works_url u ON w.works_id = u.works_id WHERE w.works_status LIKE concat('%', ?, '%') 
2020-03-05 22:45:27.981 DEBUG --- [http-nio-8762-exec-3] com.vtu.mapper.WorksMapper.findAuditingWorks_COUNT Line:143 - ==> Parameters: pass(String)
2020-03-05 22:45:28.009 DEBUG --- [http-nio-8762-exec-3] com.vtu.mapper.WorksMapper.findAuditingWorks_COUNT Line:143 - <==      Total: 1
2020-03-05 22:45:28.012 DEBUG --- [http-nio-8762-exec-3] com.vtu.mapper.WorksMapper.findAuditingWorks Line:143 - ==>  Preparing: SELECT w.works_id, w.works_title, w.works_desc, w.price,w.key_word, w.types_id,w.works_status,w.colorSytem,w.works_duration,channel,version, u.works_url_id,u.works_id, u.works_url,u.works_md5,u.works_name,u.works_size,u.compress_url,u.preview_url,u.synthesis_url FROM tb_works w LEFT JOIN tb_works_url u ON w.works_id = u.works_id WHERE w.works_status LIKE concat('%',?,'%') ORDER BY w.works_id desc LIMIT ? 
2020-03-05 22:45:28.015 DEBUG --- [http-nio-8762-exec-3] com.vtu.mapper.WorksMapper.findAuditingWorks Line:143 - ==> Parameters: pass(String), 4(Integer)
2020-03-05 22:45:28.246 DEBUG --- [http-nio-8762-exec-3] com.vtu.mapper.WorksMapper.findAuditingWorks Line:143 - <==      Total: 2
2020-03-05 22:45:43.273 DEBUG --- [http-nio-8762-exec-5] com.vtu.mapper.CustomerMapper.selectByAuthCode Line:143 - ==>  Preparing: select account_id, account, password, name, phone, id_card, remain, is_vip, is_shoper, email, email_send_time,wxId, qqId,authCode,isAuth,sex from tb_customer where authCode = ? 
2020-03-05 22:45:43.277 DEBUG --- [http-nio-8762-exec-5] com.vtu.mapper.CustomerMapper.selectByAuthCode Line:143 - ==> Parameters: 1234(String)
2020-03-05 22:45:43.407 DEBUG --- [http-nio-8762-exec-5] com.vtu.mapper.CustomerMapper.selectByAuthCode Line:143 - <==      Total: 1
2020-03-05 22:45:43.411 DEBUG --- [http-nio-8762-exec-5] com.vtu.mapper.CustomerVipMapper.selectByAccountId Line:143 - ==>  Preparing: select id, account_id, vip_detail_id, start_time, end_time, is_vip from tb_customer_vip where account_id = ? 
2020-03-05 22:45:43.413 DEBUG --- [http-nio-8762-exec-5] com.vtu.mapper.CustomerVipMapper.selectByAccountId Line:143 - ==> Parameters: 12(Long)
2020-03-05 22:45:43.477 DEBUG --- [http-nio-8762-exec-5] com.vtu.mapper.CustomerVipMapper.selectByAccountId Line:143 - <==      Total: 0
2020-03-05 22:45:43.480 DEBUG --- [http-nio-8762-exec-5] com.vtu.mapper.CustomerMapper.updateByPrimaryKey Line:143 - ==>  Preparing: update tb_customer set account = ?, password = ?, name = ?, sex = ?, phone = ?, id_card = ?, remain = ?, is_vip = ?, is_shoper = ?, email = ?, email_send_time = ?, wxId = ?, qqId = ?, authCode = ?, isAuth = ? where account_id = ? 
2020-03-05 22:45:43.484 DEBUG --- [http-nio-8762-exec-5] com.vtu.mapper.CustomerMapper.updateByPrimaryKey Line:143 - ==> Parameters: VT20200124153831154(String), null, 视频大师(String), null, null, null, null, null, null, 123213(String), 2020-01-24 15:38:31:154(String), null, null, 1234(String), true(String), 12(Long)
2020-03-05 22:45:43.540 DEBUG --- [http-nio-8762-exec-5] com.vtu.mapper.CustomerMapper.updateByPrimaryKey Line:143 - <==    Updates: 1
2020-03-05 22:45:43.554 DEBUG --- [http-nio-8762-exec-6] com.vtu.mapper.PersonalBalanceMapper.getPersonalBalanceByAccountId Line:143 - ==>  Preparing: select personal_money_id, account_id, balance from tb_personal_balance where account_id = ? 
2020-03-05 22:45:43.555 DEBUG --- [http-nio-8762-exec-6] com.vtu.mapper.PersonalBalanceMapper.getPersonalBalanceByAccountId Line:143 - ==> Parameters: 12(Long)
2020-03-05 22:45:43.621 DEBUG --- [http-nio-8762-exec-6] com.vtu.mapper.PersonalBalanceMapper.getPersonalBalanceByAccountId Line:143 - <==      Total: 1
2020-03-05 22:45:45.129 DEBUG --- [http-nio-8762-exec-7] com.vtu.mapper.WorksMapper.findAuditingWorks_COUNT Line:143 - ==>  Preparing: SELECT count(0) FROM tb_works w LEFT JOIN tb_works_url u ON w.works_id = u.works_id WHERE w.works_status LIKE concat('%', ?, '%') 
2020-03-05 22:45:45.131 DEBUG --- [http-nio-8762-exec-7] com.vtu.mapper.WorksMapper.findAuditingWorks_COUNT Line:143 - ==> Parameters: pass(String)
2020-03-05 22:45:45.161 DEBUG --- [http-nio-8762-exec-7] com.vtu.mapper.WorksMapper.findAuditingWorks_COUNT Line:143 - <==      Total: 1
2020-03-05 22:45:45.162 DEBUG --- [http-nio-8762-exec-7] com.vtu.mapper.WorksMapper.findAuditingWorks Line:143 - ==>  Preparing: SELECT w.works_id, w.works_title, w.works_desc, w.price,w.key_word, w.types_id,w.works_status,w.colorSytem,w.works_duration,channel,version, u.works_url_id,u.works_id, u.works_url,u.works_md5,u.works_name,u.works_size,u.compress_url,u.preview_url,u.synthesis_url FROM tb_works w LEFT JOIN tb_works_url u ON w.works_id = u.works_id WHERE w.works_status LIKE concat('%',?,'%') ORDER BY w.works_id desc LIMIT ? 
2020-03-05 22:45:45.163 DEBUG --- [http-nio-8762-exec-7] com.vtu.mapper.WorksMapper.findAuditingWorks Line:143 - ==> Parameters: pass(String), 4(Integer)
2020-03-05 22:45:45.198 DEBUG --- [http-nio-8762-exec-7] com.vtu.mapper.WorksMapper.findAuditingWorks Line:143 - <==      Total: 2
2020-03-05 22:45:49.178 DEBUG --- [http-nio-8762-exec-8] com.vtu.mapper.WorksMapper.selectByPrimaryKey Line:143 - ==>  Preparing: select works_id, account_id, works_title, works_desc, price, key_word,types_id, works_status, channel,colorSytem,works_duration,version /*works_name,works_size,compress_url,synthesis_url*/ from tb_works where works_id = ? 
2020-03-05 22:45:49.179 DEBUG --- [http-nio-8762-exec-8] com.vtu.mapper.WorksMapper.selectByPrimaryKey Line:143 - ==> Parameters: 53(Long)
2020-03-05 22:45:49.208 DEBUG --- [http-nio-8762-exec-8] com.vtu.mapper.WorksMapper.selectByPrimaryKey Line:143 - <==      Total: 1
2020-03-05 22:45:49.210 DEBUG --- [http-nio-8762-exec-8] com.vtu.mapper.WorksDiscountMapper.selectByWorksId Line:143 - ==>  Preparing: select id, discount_id, works_id, bgin_time, end_time from tb_works_discount where works_id = ? 
2020-03-05 22:45:49.211 DEBUG --- [http-nio-8762-exec-8] com.vtu.mapper.WorksDiscountMapper.selectByWorksId Line:143 - ==> Parameters: 53(Long)
2020-03-05 22:45:49.243 DEBUG --- [http-nio-8762-exec-8] com.vtu.mapper.WorksDiscountMapper.selectByWorksId Line:143 - <==      Total: 0
2020-03-05 22:46:14.084 DEBUG --- [http-nio-8762-exec-9] com.vtu.mapper.WorksMapper.selectByPrimaryKey Line:143 - ==>  Preparing: select works_id, account_id, works_title, works_desc, price, key_word,types_id, works_status, channel,colorSytem,works_duration,version /*works_name,works_size,compress_url,synthesis_url*/ from tb_works where works_id = ? 
2020-03-05 22:46:14.085 DEBUG --- [http-nio-8762-exec-9] com.vtu.mapper.WorksMapper.selectByPrimaryKey Line:143 - ==> Parameters: 53(Long)
2020-03-05 22:46:14.125 DEBUG --- [http-nio-8762-exec-9] com.vtu.mapper.WorksMapper.selectByPrimaryKey Line:143 - <==      Total: 1
2020-03-05 22:46:14.127 DEBUG --- [http-nio-8762-exec-9] com.vtu.mapper.WorksDiscountMapper.selectByWorksId Line:143 - ==>  Preparing: select id, discount_id, works_id, bgin_time, end_time from tb_works_discount where works_id = ? 
2020-03-05 22:46:14.128 DEBUG --- [http-nio-8762-exec-9] com.vtu.mapper.WorksDiscountMapper.selectByWorksId Line:143 - ==> Parameters: 53(Long)
2020-03-05 22:46:14.157 DEBUG --- [http-nio-8762-exec-9] com.vtu.mapper.WorksDiscountMapper.selectByWorksId Line:143 - <==      Total: 0
2020-03-05 22:50:51.944 DEBUG --- [restartedMain] org.apache.ibatis.logging.LogFactory Line:105 - Logging initialized using 'class org.apache.ibatis.logging.slf4j.Slf4jImpl' adapter.
2020-03-05 22:51:50.156 DEBUG --- [http-nio-8762-exec-2] com.vtu.mapper.CustomerMapper.selectByAuthCode Line:143 - ==>  Preparing: select account_id, account, password, name, phone, id_card, remain, is_vip, is_shoper, email, email_send_time,wxId, qqId,authCode,isAuth,sex from tb_customer where authCode = ? 
2020-03-05 22:51:50.193 DEBUG --- [http-nio-8762-exec-2] com.vtu.mapper.CustomerMapper.selectByAuthCode Line:143 - ==> Parameters: 1234(String)
2020-03-05 22:51:50.307 DEBUG --- [http-nio-8762-exec-2] com.vtu.mapper.CustomerMapper.selectByAuthCode Line:143 - <==      Total: 1
2020-03-05 22:51:50.313 DEBUG --- [http-nio-8762-exec-2] com.vtu.mapper.CustomerVipMapper.selectByAccountId Line:143 - ==>  Preparing: select id, account_id, vip_detail_id, start_time, end_time, is_vip from tb_customer_vip where account_id = ? 
2020-03-05 22:51:50.316 DEBUG --- [http-nio-8762-exec-2] com.vtu.mapper.CustomerVipMapper.selectByAccountId Line:143 - ==> Parameters: 12(Long)
2020-03-05 22:51:50.346 DEBUG --- [http-nio-8762-exec-2] com.vtu.mapper.CustomerVipMapper.selectByAccountId Line:143 - <==      Total: 0
2020-03-05 22:51:50.347 DEBUG --- [http-nio-8762-exec-2] com.vtu.mapper.CustomerMapper.updateByPrimaryKey Line:143 - ==>  Preparing: update tb_customer set account = ?, password = ?, name = ?, sex = ?, phone = ?, id_card = ?, remain = ?, is_vip = ?, is_shoper = ?, email = ?, email_send_time = ?, wxId = ?, qqId = ?, authCode = ?, isAuth = ? where account_id = ? 
2020-03-05 22:51:50.349 DEBUG --- [http-nio-8762-exec-2] com.vtu.mapper.CustomerMapper.updateByPrimaryKey Line:143 - ==> Parameters: VT20200124153831154(String), null, 视频大师(String), null, null, null, null, null, null, 123213(String), 2020-01-24 15:38:31:154(String), null, null, 1234(String), true(String), 12(Long)
2020-03-05 22:51:50.408 DEBUG --- [http-nio-8762-exec-2] com.vtu.mapper.CustomerMapper.updateByPrimaryKey Line:143 - <==    Updates: 1
2020-03-05 22:51:50.498 DEBUG --- [http-nio-8762-exec-1] com.vtu.mapper.PersonalBalanceMapper.getPersonalBalanceByAccountId Line:143 - ==>  Preparing: select personal_money_id, account_id, balance from tb_personal_balance where account_id = ? 
2020-03-05 22:51:50.499 DEBUG --- [http-nio-8762-exec-1] com.vtu.mapper.PersonalBalanceMapper.getPersonalBalanceByAccountId Line:143 - ==> Parameters: 12(Long)
2020-03-05 22:51:50.530 DEBUG --- [http-nio-8762-exec-1] com.vtu.mapper.PersonalBalanceMapper.getPersonalBalanceByAccountId Line:143 - <==      Total: 1
2020-03-05 22:51:52.987 DEBUG --- [http-nio-8762-exec-3] com.vtu.mapper.WorksMapper.findAuditingWorks_COUNT Line:143 - ==>  Preparing: SELECT count(0) FROM tb_works w LEFT JOIN tb_works_url u ON w.works_id = u.works_id WHERE w.works_status LIKE concat('%', ?, '%') 
2020-03-05 22:51:52.988 DEBUG --- [http-nio-8762-exec-3] com.vtu.mapper.WorksMapper.findAuditingWorks_COUNT Line:143 - ==> Parameters: pass(String)
2020-03-05 22:51:53.019 DEBUG --- [http-nio-8762-exec-3] com.vtu.mapper.WorksMapper.findAuditingWorks_COUNT Line:143 - <==      Total: 1
2020-03-05 22:51:53.021 DEBUG --- [http-nio-8762-exec-3] com.vtu.mapper.WorksMapper.findAuditingWorks Line:143 - ==>  Preparing: SELECT w.works_id, w.works_title, w.works_desc, w.price,w.key_word, w.types_id,w.works_status,w.colorSytem,w.works_duration,channel,version, u.works_url_id,u.works_id, u.works_url,u.works_md5,u.works_name,u.works_size,u.compress_url,u.preview_url,u.synthesis_url FROM tb_works w LEFT JOIN tb_works_url u ON w.works_id = u.works_id WHERE w.works_status LIKE concat('%',?,'%') ORDER BY w.works_id desc LIMIT ? 
2020-03-05 22:51:53.023 DEBUG --- [http-nio-8762-exec-3] com.vtu.mapper.WorksMapper.findAuditingWorks Line:143 - ==> Parameters: pass(String), 4(Integer)
2020-03-05 22:51:53.066 DEBUG --- [http-nio-8762-exec-3] com.vtu.mapper.WorksMapper.findAuditingWorks Line:143 - <==      Total: 2
2020-03-05 22:52:02.622 DEBUG --- [http-nio-8762-exec-5] com.vtu.mapper.WorksMapper.selectByPrimaryKey Line:143 - ==>  Preparing: select works_id, account_id, works_title, works_desc, price, key_word,types_id, works_status, channel,colorSytem,works_duration,version /*works_name,works_size,compress_url,synthesis_url*/ from tb_works where works_id = ? 
2020-03-05 22:52:02.624 DEBUG --- [http-nio-8762-exec-5] com.vtu.mapper.WorksMapper.selectByPrimaryKey Line:143 - ==> Parameters: 53(Long)
2020-03-05 22:52:02.656 DEBUG --- [http-nio-8762-exec-5] com.vtu.mapper.WorksMapper.selectByPrimaryKey Line:143 - <==      Total: 1
2020-03-05 22:52:02.657 DEBUG --- [http-nio-8762-exec-5] com.vtu.mapper.WorksDiscountMapper.selectByWorksId Line:143 - ==>  Preparing: select id, discount_id, works_id, bgin_time, end_time from tb_works_discount where works_id = ? 
2020-03-05 22:52:02.658 DEBUG --- [http-nio-8762-exec-5] com.vtu.mapper.WorksDiscountMapper.selectByWorksId Line:143 - ==> Parameters: 53(Long)
2020-03-05 22:52:02.687 DEBUG --- [http-nio-8762-exec-5] com.vtu.mapper.WorksDiscountMapper.selectByWorksId Line:143 - <==      Total: 0
2020-03-05 22:54:39.881 DEBUG --- [http-nio-8762-exec-1] com.vtu.mapper.CustomerMapper.selectByAuthCode Line:143 - ==>  Preparing: select account_id, account, password, name, phone, id_card, remain, is_vip, is_shoper, email, email_send_time,wxId, qqId,authCode,isAuth,sex from tb_customer where authCode = ? 
2020-03-05 22:54:39.882 DEBUG --- [http-nio-8762-exec-1] com.vtu.mapper.CustomerMapper.selectByAuthCode Line:143 - ==> Parameters: 1234(String)
2020-03-05 22:54:39.914 DEBUG --- [http-nio-8762-exec-1] com.vtu.mapper.CustomerMapper.selectByAuthCode Line:143 - <==      Total: 1
2020-03-05 22:54:39.917 DEBUG --- [http-nio-8762-exec-1] com.vtu.mapper.CustomerVipMapper.selectByAccountId Line:143 - ==>  Preparing: select id, account_id, vip_detail_id, start_time, end_time, is_vip from tb_customer_vip where account_id = ? 
2020-03-05 22:54:39.918 DEBUG --- [http-nio-8762-exec-1] com.vtu.mapper.CustomerVipMapper.selectByAccountId Line:143 - ==> Parameters: 12(Long)
2020-03-05 22:54:39.948 DEBUG --- [http-nio-8762-exec-1] com.vtu.mapper.CustomerVipMapper.selectByAccountId Line:143 - <==      Total: 0
2020-03-05 22:54:39.950 DEBUG --- [http-nio-8762-exec-1] com.vtu.mapper.CustomerMapper.updateByPrimaryKey Line:143 - ==>  Preparing: update tb_customer set account = ?, password = ?, name = ?, sex = ?, phone = ?, id_card = ?, remain = ?, is_vip = ?, is_shoper = ?, email = ?, email_send_time = ?, wxId = ?, qqId = ?, authCode = ?, isAuth = ? where account_id = ? 
2020-03-05 22:54:39.952 DEBUG --- [http-nio-8762-exec-1] com.vtu.mapper.CustomerMapper.updateByPrimaryKey Line:143 - ==> Parameters: VT20200124153831154(String), null, 视频大师(String), null, null, null, null, null, null, 123213(String), 2020-01-24 15:38:31:154(String), null, null, 1234(String), true(String), 12(Long)
2020-03-05 22:54:40.010 DEBUG --- [http-nio-8762-exec-1] com.vtu.mapper.CustomerMapper.updateByPrimaryKey Line:143 - <==    Updates: 1
2020-03-05 22:54:40.025 DEBUG --- [http-nio-8762-exec-10] com.vtu.mapper.PersonalBalanceMapper.getPersonalBalanceByAccountId Line:143 - ==>  Preparing: select personal_money_id, account_id, balance from tb_personal_balance where account_id = ? 
2020-03-05 22:54:40.027 DEBUG --- [http-nio-8762-exec-10] com.vtu.mapper.PersonalBalanceMapper.getPersonalBalanceByAccountId Line:143 - ==> Parameters: 12(Long)
2020-03-05 22:54:40.056 DEBUG --- [http-nio-8762-exec-10] com.vtu.mapper.PersonalBalanceMapper.getPersonalBalanceByAccountId Line:143 - <==      Total: 1
2020-03-05 22:54:41.594 DEBUG --- [http-nio-8762-exec-9] com.vtu.mapper.WorksMapper.findAuditingWorks_COUNT Line:143 - ==>  Preparing: SELECT count(0) FROM tb_works w LEFT JOIN tb_works_url u ON w.works_id = u.works_id WHERE w.works_status LIKE concat('%', ?, '%') 
2020-03-05 22:54:41.596 DEBUG --- [http-nio-8762-exec-9] com.vtu.mapper.WorksMapper.findAuditingWorks_COUNT Line:143 - ==> Parameters: pass(String)
2020-03-05 22:54:41.627 DEBUG --- [http-nio-8762-exec-9] com.vtu.mapper.WorksMapper.findAuditingWorks_COUNT Line:143 - <==      Total: 1
2020-03-05 22:54:41.629 DEBUG --- [http-nio-8762-exec-9] com.vtu.mapper.WorksMapper.findAuditingWorks Line:143 - ==>  Preparing: SELECT w.works_id, w.works_title, w.works_desc, w.price,w.key_word, w.types_id,w.works_status,w.colorSytem,w.works_duration,channel,version, u.works_url_id,u.works_id, u.works_url,u.works_md5,u.works_name,u.works_size,u.compress_url,u.preview_url,u.synthesis_url FROM tb_works w LEFT JOIN tb_works_url u ON w.works_id = u.works_id WHERE w.works_status LIKE concat('%',?,'%') ORDER BY w.works_id desc LIMIT ? 
2020-03-05 22:54:41.631 DEBUG --- [http-nio-8762-exec-9] com.vtu.mapper.WorksMapper.findAuditingWorks Line:143 - ==> Parameters: pass(String), 4(Integer)
2020-03-05 22:54:41.667 DEBUG --- [http-nio-8762-exec-9] com.vtu.mapper.WorksMapper.findAuditingWorks Line:143 - <==      Total: 2
2020-03-05 22:54:46.859 DEBUG --- [http-nio-8762-exec-6] com.vtu.mapper.CustomerMapper.selectByAuthCode Line:143 - ==>  Preparing: select account_id, account, password, name, phone, id_card, remain, is_vip, is_shoper, email, email_send_time,wxId, qqId,authCode,isAuth,sex from tb_customer where authCode = ? 
2020-03-05 22:54:46.861 DEBUG --- [http-nio-8762-exec-6] com.vtu.mapper.CustomerMapper.selectByAuthCode Line:143 - ==> Parameters: 1234(String)
2020-03-05 22:54:46.891 DEBUG --- [http-nio-8762-exec-6] com.vtu.mapper.CustomerMapper.selectByAuthCode Line:143 - <==      Total: 1
2020-03-05 22:54:46.893 DEBUG --- [http-nio-8762-exec-6] com.vtu.mapper.CustomerVipMapper.selectByAccountId Line:143 - ==>  Preparing: select id, account_id, vip_detail_id, start_time, end_time, is_vip from tb_customer_vip where account_id = ? 
2020-03-05 22:54:46.895 DEBUG --- [http-nio-8762-exec-6] com.vtu.mapper.CustomerVipMapper.selectByAccountId Line:143 - ==> Parameters: 12(Long)
2020-03-05 22:54:46.925 DEBUG --- [http-nio-8762-exec-6] com.vtu.mapper.CustomerVipMapper.selectByAccountId Line:143 - <==      Total: 0
2020-03-05 22:54:46.926 DEBUG --- [http-nio-8762-exec-6] com.vtu.mapper.CustomerMapper.updateByPrimaryKey Line:143 - ==>  Preparing: update tb_customer set account = ?, password = ?, name = ?, sex = ?, phone = ?, id_card = ?, remain = ?, is_vip = ?, is_shoper = ?, email = ?, email_send_time = ?, wxId = ?, qqId = ?, authCode = ?, isAuth = ? where account_id = ? 
2020-03-05 22:54:46.927 DEBUG --- [http-nio-8762-exec-6] com.vtu.mapper.CustomerMapper.updateByPrimaryKey Line:143 - ==> Parameters: VT20200124153831154(String), null, 视频大师(String), null, null, null, null, null, null, 123213(String), 2020-01-24 15:38:31:154(String), null, null, 1234(String), true(String), 12(Long)
2020-03-05 22:54:46.987 DEBUG --- [http-nio-8762-exec-6] com.vtu.mapper.CustomerMapper.updateByPrimaryKey Line:143 - <==    Updates: 1
2020-03-05 22:54:46.995 DEBUG --- [http-nio-8762-exec-7] com.vtu.mapper.PersonalBalanceMapper.getPersonalBalanceByAccountId Line:143 - ==>  Preparing: select personal_money_id, account_id, balance from tb_personal_balance where account_id = ? 
2020-03-05 22:54:46.996 DEBUG --- [http-nio-8762-exec-7] com.vtu.mapper.PersonalBalanceMapper.getPersonalBalanceByAccountId Line:143 - ==> Parameters: 12(Long)
2020-03-05 22:54:47.026 DEBUG --- [http-nio-8762-exec-7] com.vtu.mapper.PersonalBalanceMapper.getPersonalBalanceByAccountId Line:143 - <==      Total: 1
2020-03-05 22:54:48.478 DEBUG --- [http-nio-8762-exec-5] com.vtu.mapper.WorksMapper.findAuditingWorks_COUNT Line:143 - ==>  Preparing: SELECT count(0) FROM tb_works w LEFT JOIN tb_works_url u ON w.works_id = u.works_id WHERE w.works_status LIKE concat('%', ?, '%') 
2020-03-05 22:54:48.481 DEBUG --- [http-nio-8762-exec-5] com.vtu.mapper.WorksMapper.findAuditingWorks_COUNT Line:143 - ==> Parameters: pass(String)
2020-03-05 22:54:48.513 DEBUG --- [http-nio-8762-exec-5] com.vtu.mapper.WorksMapper.findAuditingWorks_COUNT Line:143 - <==      Total: 1
2020-03-05 22:54:48.516 DEBUG --- [http-nio-8762-exec-5] com.vtu.mapper.WorksMapper.findAuditingWorks Line:143 - ==>  Preparing: SELECT w.works_id, w.works_title, w.works_desc, w.price,w.key_word, w.types_id,w.works_status,w.colorSytem,w.works_duration,channel,version, u.works_url_id,u.works_id, u.works_url,u.works_md5,u.works_name,u.works_size,u.compress_url,u.preview_url,u.synthesis_url FROM tb_works w LEFT JOIN tb_works_url u ON w.works_id = u.works_id WHERE w.works_status LIKE concat('%',?,'%') ORDER BY w.works_id desc LIMIT ? 
2020-03-05 22:54:48.517 DEBUG --- [http-nio-8762-exec-5] com.vtu.mapper.WorksMapper.findAuditingWorks Line:143 - ==> Parameters: pass(String), 4(Integer)
2020-03-05 22:54:48.549 DEBUG --- [http-nio-8762-exec-5] com.vtu.mapper.WorksMapper.findAuditingWorks Line:143 - <==      Total: 2
2020-03-05 22:54:51.062 DEBUG --- [http-nio-8762-exec-4] com.vtu.mapper.WorksMapper.selectByPrimaryKey Line:143 - ==>  Preparing: select works_id, account_id, works_title, works_desc, price, key_word,types_id, works_status, channel,colorSytem,works_duration,version /*works_name,works_size,compress_url,synthesis_url*/ from tb_works where works_id = ? 
2020-03-05 22:54:51.064 DEBUG --- [http-nio-8762-exec-4] com.vtu.mapper.WorksMapper.selectByPrimaryKey Line:143 - ==> Parameters: 53(Long)
2020-03-05 22:54:51.095 DEBUG --- [http-nio-8762-exec-4] com.vtu.mapper.WorksMapper.selectByPrimaryKey Line:143 - <==      Total: 1
2020-03-05 22:54:51.098 DEBUG --- [http-nio-8762-exec-4] com.vtu.mapper.WorksDiscountMapper.selectByWorksId Line:143 - ==>  Preparing: select id, discount_id, works_id, bgin_time, end_time from tb_works_discount where works_id = ? 
2020-03-05 22:54:51.099 DEBUG --- [http-nio-8762-exec-4] com.vtu.mapper.WorksDiscountMapper.selectByWorksId Line:143 - ==> Parameters: 53(Long)
2020-03-05 22:54:51.128 DEBUG --- [http-nio-8762-exec-4] com.vtu.mapper.WorksDiscountMapper.selectByWorksId Line:143 - <==      Total: 0
2020-03-05 22:54:51.130 DEBUG --- [http-nio-8762-exec-4] com.vtu.mapper.PersonalBalanceMapper.getPersonalBalanceByAccountId Line:143 - ==>  Preparing: select personal_money_id, account_id, balance from tb_personal_balance where account_id = ? 
2020-03-05 22:54:51.130 DEBUG --- [http-nio-8762-exec-4] com.vtu.mapper.PersonalBalanceMapper.getPersonalBalanceByAccountId Line:143 - ==> Parameters: 12(Long)
2020-03-05 22:54:51.159 DEBUG --- [http-nio-8762-exec-4] com.vtu.mapper.PersonalBalanceMapper.getPersonalBalanceByAccountId Line:143 - <==      Total: 1
2020-03-05 22:54:51.161 DEBUG --- [http-nio-8762-exec-4] com.vtu.mapper.PersonalBalanceMapper.updateByPrimaryKey Line:143 - ==>  Preparing: update tb_personal_balance set account_id = ?, balance = ? where personal_money_id = ? 
2020-03-05 22:54:51.163 DEBUG --- [http-nio-8762-exec-4] com.vtu.mapper.PersonalBalanceMapper.updateByPrimaryKey Line:143 - ==> Parameters: 12(Long), 12.00(BigDecimal), 3(Long)
2020-03-05 22:54:51.222 DEBUG --- [http-nio-8762-exec-4] com.vtu.mapper.PersonalBalanceMapper.updateByPrimaryKey Line:143 - <==    Updates: 1
2020-03-05 22:54:51.223 DEBUG --- [http-nio-8762-exec-4] com.vtu.mapper.WorksDownloadMapper.insert Line:143 - ==>  Preparing: insert into tb_works_download (down_id, account_id, works_id, down_time) values (?, ?, ?, ?) 
2020-03-05 22:54:51.224 DEBUG --- [http-nio-8762-exec-4] com.vtu.mapper.WorksDownloadMapper.insert Line:143 - ==> Parameters: null, 12(Long), 53(Long), null
2020-03-05 22:54:51.282 DEBUG --- [http-nio-8762-exec-4] com.vtu.mapper.WorksDownloadMapper.insert Line:143 - <==    Updates: 1
2020-03-05 22:55:07.225 DEBUG --- [http-nio-8762-exec-3] com.vtu.mapper.CustomerMapper.selectByAuthCode Line:143 - ==>  Preparing: select account_id, account, password, name, phone, id_card, remain, is_vip, is_shoper, email, email_send_time,wxId, qqId,authCode,isAuth,sex from tb_customer where authCode = ? 
2020-03-05 22:55:07.228 DEBUG --- [http-nio-8762-exec-3] com.vtu.mapper.CustomerMapper.selectByAuthCode Line:143 - ==> Parameters: 1234(String)
2020-03-05 22:55:07.263 DEBUG --- [http-nio-8762-exec-3] com.vtu.mapper.CustomerMapper.selectByAuthCode Line:143 - <==      Total: 1
2020-03-05 22:55:07.265 DEBUG --- [http-nio-8762-exec-3] com.vtu.mapper.CustomerVipMapper.selectByAccountId Line:143 - ==>  Preparing: select id, account_id, vip_detail_id, start_time, end_time, is_vip from tb_customer_vip where account_id = ? 
2020-03-05 22:55:07.266 DEBUG --- [http-nio-8762-exec-3] com.vtu.mapper.CustomerVipMapper.selectByAccountId Line:143 - ==> Parameters: 12(Long)
2020-03-05 22:55:07.298 DEBUG --- [http-nio-8762-exec-3] com.vtu.mapper.CustomerVipMapper.selectByAccountId Line:143 - <==      Total: 0
2020-03-05 22:55:07.299 DEBUG --- [http-nio-8762-exec-3] com.vtu.mapper.CustomerMapper.updateByPrimaryKey Line:143 - ==>  Preparing: update tb_customer set account = ?, password = ?, name = ?, sex = ?, phone = ?, id_card = ?, remain = ?, is_vip = ?, is_shoper = ?, email = ?, email_send_time = ?, wxId = ?, qqId = ?, authCode = ?, isAuth = ? where account_id = ? 
2020-03-05 22:55:07.300 DEBUG --- [http-nio-8762-exec-3] com.vtu.mapper.CustomerMapper.updateByPrimaryKey Line:143 - ==> Parameters: VT20200124153831154(String), null, 视频大师(String), null, null, null, null, null, null, 123213(String), 2020-01-24 15:38:31:154(String), null, null, 1234(String), true(String), 12(Long)
2020-03-05 22:55:07.358 DEBUG --- [http-nio-8762-exec-3] com.vtu.mapper.CustomerMapper.updateByPrimaryKey Line:143 - <==    Updates: 1
2020-03-05 22:55:07.367 DEBUG --- [http-nio-8762-exec-1] com.vtu.mapper.PersonalBalanceMapper.getPersonalBalanceByAccountId Line:143 - ==>  Preparing: select personal_money_id, account_id, balance from tb_personal_balance where account_id = ? 
2020-03-05 22:55:07.368 DEBUG --- [http-nio-8762-exec-1] com.vtu.mapper.PersonalBalanceMapper.getPersonalBalanceByAccountId Line:143 - ==> Parameters: 12(Long)
2020-03-05 22:55:07.397 DEBUG --- [http-nio-8762-exec-1] com.vtu.mapper.PersonalBalanceMapper.getPersonalBalanceByAccountId Line:143 - <==      Total: 1
2020-03-05 22:55:08.720 DEBUG --- [http-nio-8762-exec-10] com.vtu.mapper.WorksMapper.findAuditingWorks_COUNT Line:143 - ==>  Preparing: SELECT count(0) FROM tb_works w LEFT JOIN tb_works_url u ON w.works_id = u.works_id WHERE w.works_status LIKE concat('%', ?, '%') 
2020-03-05 22:55:08.722 DEBUG --- [http-nio-8762-exec-10] com.vtu.mapper.WorksMapper.findAuditingWorks_COUNT Line:143 - ==> Parameters: pass(String)
2020-03-05 22:55:08.755 DEBUG --- [http-nio-8762-exec-10] com.vtu.mapper.WorksMapper.findAuditingWorks_COUNT Line:143 - <==      Total: 1
2020-03-05 22:55:08.761 DEBUG --- [http-nio-8762-exec-10] com.vtu.mapper.WorksMapper.findAuditingWorks Line:143 - ==>  Preparing: SELECT w.works_id, w.works_title, w.works_desc, w.price,w.key_word, w.types_id,w.works_status,w.colorSytem,w.works_duration,channel,version, u.works_url_id,u.works_id, u.works_url,u.works_md5,u.works_name,u.works_size,u.compress_url,u.preview_url,u.synthesis_url FROM tb_works w LEFT JOIN tb_works_url u ON w.works_id = u.works_id WHERE w.works_status LIKE concat('%',?,'%') ORDER BY w.works_id desc LIMIT ? 
2020-03-05 22:55:08.762 DEBUG --- [http-nio-8762-exec-10] com.vtu.mapper.WorksMapper.findAuditingWorks Line:143 - ==> Parameters: pass(String), 4(Integer)
2020-03-05 22:55:08.796 DEBUG --- [http-nio-8762-exec-10] com.vtu.mapper.WorksMapper.findAuditingWorks Line:143 - <==      Total: 2
2020-03-05 22:55:10.195 DEBUG --- [http-nio-8762-exec-9] com.vtu.mapper.WorksMapper.getWorksById Line:143 - ==>  Preparing: SELECT w.works_id, w.works_title, w.works_desc, w.price, w.key_word, w.types_id, w.channel,w.version, w.works_status, w.colorSytem,w.works_duration, u.works_url_id, u.works_url works_url, u.works_md5, u.works_name, u.works_size, u.compress_url, u.preview_url, u.synthesis_url FROM ( SELECT * FROM tb_works WHERE works_id = ? ) w LEFT JOIN tb_works_url u ON w.works_id = u.works_id 
2020-03-05 22:55:10.196 DEBUG --- [http-nio-8762-exec-9] com.vtu.mapper.WorksMapper.getWorksById Line:143 - ==> Parameters: 53(String)
2020-03-05 22:55:10.228 DEBUG --- [http-nio-8762-exec-9] com.vtu.mapper.WorksMapper.getWorksById Line:143 - <==      Total: 1
2020-03-05 22:55:11.643 DEBUG --- [http-nio-8762-exec-8] com.vtu.mapper.WorksMapper.findAuditingWorks_COUNT Line:143 - ==>  Preparing: SELECT count(0) FROM tb_works w LEFT JOIN tb_works_url u ON w.works_id = u.works_id WHERE w.works_status LIKE concat('%', ?, '%') 
2020-03-05 22:55:11.644 DEBUG --- [http-nio-8762-exec-8] com.vtu.mapper.WorksMapper.findAuditingWorks_COUNT Line:143 - ==> Parameters: pass(String)
2020-03-05 22:55:11.674 DEBUG --- [http-nio-8762-exec-8] com.vtu.mapper.WorksMapper.findAuditingWorks_COUNT Line:143 - <==      Total: 1
2020-03-05 22:55:11.676 DEBUG --- [http-nio-8762-exec-8] com.vtu.mapper.WorksMapper.findAuditingWorks Line:143 - ==>  Preparing: SELECT w.works_id, w.works_title, w.works_desc, w.price,w.key_word, w.types_id,w.works_status,w.colorSytem,w.works_duration,channel,version, u.works_url_id,u.works_id, u.works_url,u.works_md5,u.works_name,u.works_size,u.compress_url,u.preview_url,u.synthesis_url FROM tb_works w LEFT JOIN tb_works_url u ON w.works_id = u.works_id WHERE w.works_status LIKE concat('%',?,'%') ORDER BY w.works_id desc LIMIT ? 
2020-03-05 22:55:11.677 DEBUG --- [http-nio-8762-exec-8] com.vtu.mapper.WorksMapper.findAuditingWorks Line:143 - ==> Parameters: pass(String), 4(Integer)
2020-03-05 22:55:11.712 DEBUG --- [http-nio-8762-exec-8] com.vtu.mapper.WorksMapper.findAuditingWorks Line:143 - <==      Total: 2
2020-03-05 23:04:15.914 DEBUG --- [http-nio-8762-exec-7] com.vtu.mapper.WorksMapper.selectByPrimaryKey Line:143 - ==>  Preparing: select works_id, account_id, works_title, works_desc, price, key_word,types_id, works_status, channel,colorSytem,works_duration,version /*works_name,works_size,compress_url,synthesis_url*/ from tb_works where works_id = ? 
2020-03-05 23:04:15.916 DEBUG --- [http-nio-8762-exec-7] com.vtu.mapper.WorksMapper.selectByPrimaryKey Line:143 - ==> Parameters: 53(Long)
2020-03-05 23:04:15.947 DEBUG --- [http-nio-8762-exec-7] com.vtu.mapper.WorksMapper.selectByPrimaryKey Line:143 - <==      Total: 1
2020-03-05 23:04:15.948 DEBUG --- [http-nio-8762-exec-7] com.vtu.mapper.WorksDiscountMapper.selectByWorksId Line:143 - ==>  Preparing: select id, discount_id, works_id, bgin_time, end_time from tb_works_discount where works_id = ? 
2020-03-05 23:04:15.949 DEBUG --- [http-nio-8762-exec-7] com.vtu.mapper.WorksDiscountMapper.selectByWorksId Line:143 - ==> Parameters: 53(Long)
2020-03-05 23:04:15.978 DEBUG --- [http-nio-8762-exec-7] com.vtu.mapper.WorksDiscountMapper.selectByWorksId Line:143 - <==      Total: 0
2020-03-05 23:04:15.980 DEBUG --- [http-nio-8762-exec-7] com.vtu.mapper.PersonalBalanceMapper.getPersonalBalanceByAccountId Line:143 - ==>  Preparing: select personal_money_id, account_id, balance from tb_personal_balance where account_id = ? 
2020-03-05 23:04:15.980 DEBUG --- [http-nio-8762-exec-7] com.vtu.mapper.PersonalBalanceMapper.getPersonalBalanceByAccountId Line:143 - ==> Parameters: 12(Long)
2020-03-05 23:04:16.010 DEBUG --- [http-nio-8762-exec-7] com.vtu.mapper.PersonalBalanceMapper.getPersonalBalanceByAccountId Line:143 - <==      Total: 1
2020-03-05 23:04:16.012 DEBUG --- [http-nio-8762-exec-7] com.vtu.mapper.AlipayOrderMapper.insert Line:143 - ==>  Preparing: insert into tb_alipay_order (out_trade_no, total_amount, subject, app_id, account_id, status, works_id, vip_detail_id) values (?, ?, ?, ?, ?, ?, ?, ?) 
2020-03-05 23:04:16.013 DEBUG --- [http-nio-8762-exec-7] com.vtu.mapper.AlipayOrderMapper.insert Line:143 - ==> Parameters: tradeprecreate158342065601112(String), 76.00(BigDecimal), shopping(String), 2016101500695775(String), 12(Long), process(String), 53(Long), null
2020-03-05 23:04:16.071 DEBUG --- [http-nio-8762-exec-7] com.vtu.mapper.AlipayOrderMapper.insert Line:143 - <==    Updates: 1
2020-03-05 23:04:26.736 DEBUG --- [http-nio-8762-exec-4] com.vtu.mapper.WorksMapper.selectByPrimaryKey Line:143 - ==>  Preparing: select works_id, account_id, works_title, works_desc, price, key_word,types_id, works_status, channel,colorSytem,works_duration,version /*works_name,works_size,compress_url,synthesis_url*/ from tb_works where works_id = ? 
2020-03-05 23:04:26.737 DEBUG --- [http-nio-8762-exec-4] com.vtu.mapper.WorksMapper.selectByPrimaryKey Line:143 - ==> Parameters: 53(Long)
2020-03-05 23:04:26.770 DEBUG --- [http-nio-8762-exec-4] com.vtu.mapper.WorksMapper.selectByPrimaryKey Line:143 - <==      Total: 1
2020-03-05 23:04:26.771 DEBUG --- [http-nio-8762-exec-4] com.vtu.mapper.WorksDiscountMapper.selectByWorksId Line:143 - ==>  Preparing: select id, discount_id, works_id, bgin_time, end_time from tb_works_discount where works_id = ? 
2020-03-05 23:04:26.772 DEBUG --- [http-nio-8762-exec-4] com.vtu.mapper.WorksDiscountMapper.selectByWorksId Line:143 - ==> Parameters: 53(Long)
2020-03-05 23:04:26.808 DEBUG --- [http-nio-8762-exec-4] com.vtu.mapper.WorksDiscountMapper.selectByWorksId Line:143 - <==      Total: 0
2020-03-05 23:04:26.810 DEBUG --- [http-nio-8762-exec-4] com.vtu.mapper.PersonalBalanceMapper.getPersonalBalanceByAccountId Line:143 - ==>  Preparing: select personal_money_id, account_id, balance from tb_personal_balance where account_id = ? 
2020-03-05 23:04:26.810 DEBUG --- [http-nio-8762-exec-4] com.vtu.mapper.PersonalBalanceMapper.getPersonalBalanceByAccountId Line:143 - ==> Parameters: 12(Long)
2020-03-05 23:04:26.841 DEBUG --- [http-nio-8762-exec-4] com.vtu.mapper.PersonalBalanceMapper.getPersonalBalanceByAccountId Line:143 - <==      Total: 1
2020-03-05 23:04:26.842 DEBUG --- [http-nio-8762-exec-4] com.vtu.mapper.AlipayOrderMapper.insert Line:143 - ==>  Preparing: insert into tb_alipay_order (out_trade_no, total_amount, subject, app_id, account_id, status, works_id, vip_detail_id) values (?, ?, ?, ?, ?, ?, ?, ?) 
2020-03-05 23:04:26.844 DEBUG --- [http-nio-8762-exec-4] com.vtu.mapper.AlipayOrderMapper.insert Line:143 - ==> Parameters: tradeprecreate158342066684212(String), 76.00(BigDecimal), shopping(String), 2016101500695775(String), 12(Long), process(String), 53(Long), null
2020-03-05 23:04:26.901 DEBUG --- [http-nio-8762-exec-4] com.vtu.mapper.AlipayOrderMapper.insert Line:143 - <==    Updates: 1
