2020-06-19 22:56:54.024 DEBUG --- [restartedMain] org.apache.ibatis.logging.LogFactory Line:105 - Logging initialized using 'class org.apache.ibatis.logging.slf4j.Slf4jImpl' adapter.
2020-06-19 23:00:13.903 DEBUG --- [http-nio-8762-exec-6] com.vtu.mapper.CustomerMapper.selectByAuthCode Line:143 - ==>  Preparing: select account_id, account, password, name, phone, id_card, remain, is_vip, is_shoper, email, email_send_time,wxId, qqId,authCode,isAuth,sex,head_portrait_url from tb_customer where authCode = ? 
2020-06-19 23:00:13.959 DEBUG --- [http-nio-8762-exec-6] com.vtu.mapper.CustomerMapper.selectByAuthCode Line:143 - ==> Parameters: 1234(String)
2020-06-19 23:00:14.040 DEBUG --- [http-nio-8762-exec-6] com.vtu.mapper.CustomerMapper.selectByAuthCode Line:143 - <==      Total: 1
2020-06-19 23:00:14.047 DEBUG --- [http-nio-8762-exec-6] com.vtu.mapper.CustomerVipMapper.selectByAccountId Line:143 - ==>  Preparing: select id, account_id, vip_detail_id, start_time, end_time, is_vip from tb_customer_vip where account_id = ? 
2020-06-19 23:00:14.051 DEBUG --- [http-nio-8762-exec-6] com.vtu.mapper.CustomerVipMapper.selectByAccountId Line:143 - ==> Parameters: 12(Long)
2020-06-19 23:00:14.092 DEBUG --- [http-nio-8762-exec-6] com.vtu.mapper.CustomerVipMapper.selectByAccountId Line:143 - <==      Total: 0
2020-06-19 23:00:14.093 DEBUG --- [http-nio-8762-exec-6] com.vtu.mapper.CustomerMapper.updateByPrimaryKey Line:143 - ==>  Preparing: update tb_customer set account = ?, password = ?, name = ?, sex = ?, phone = ?, id_card = ?, remain = ?, is_vip = ?, is_shoper = ?, email = ?, email_send_time = ?, wxId = ?, qqId = ?, authCode = ?, isAuth = ?, head_portrait_url = ? where account_id = ? 
2020-06-19 23:00:14.096 DEBUG --- [http-nio-8762-exec-6] com.vtu.mapper.CustomerMapper.updateByPrimaryKey Line:143 - ==> Parameters: VT20191105001621984(String), null, whh(String), 男(String), 1511485465235(String), null, null, null, null, 35114854657@163.com(String), 2019-11-05 00:16:21:982(String), null, null, 1234(String), true(String), blog/2020-05-05/cf7d92441aae405e9462d96f88587db8-image_00002.jpg(String), 12(Long)
2020-06-19 23:00:14.177 DEBUG --- [http-nio-8762-exec-6] com.vtu.mapper.CustomerMapper.updateByPrimaryKey Line:143 - <==    Updates: 1
2020-06-19 23:00:17.284 DEBUG --- [http-nio-8762-exec-2] com.vtu.mapper.WorksMapper.getWorksByCondition_COUNT Line:143 - ==>  Preparing: SELECT count(0) FROM tb_works w WHERE w.status LIKE concat('%', ?, '%') AND w.type LIKE concat('%', ?, '%') 
2020-06-19 23:00:17.285 DEBUG --- [http-nio-8762-exec-2] com.vtu.mapper.WorksMapper.getWorksByCondition_COUNT Line:143 - ==> Parameters: pass(String), 2(String)
2020-06-19 23:00:17.326 DEBUG --- [http-nio-8762-exec-2] com.vtu.mapper.WorksMapper.getWorksByCondition_COUNT Line:143 - <==      Total: 1
2020-06-19 23:00:17.328 DEBUG --- [http-nio-8762-exec-2] com.vtu.mapper.WorksMapper.getWorksByCondition Line:143 - ==>  Preparing: SELECT w.* FROM tb_works w WHERE w.status LIKE concat('%',?,'%') and w.type LIKE concat('%',?,'%') ORDER BY w.works_id desc LIMIT ? 
2020-06-19 23:00:17.331 DEBUG --- [http-nio-8762-exec-2] com.vtu.mapper.WorksMapper.getWorksByCondition Line:143 - ==> Parameters: pass(String), 2(String), 4(Integer)
2020-06-19 23:00:17.374 DEBUG --- [http-nio-8762-exec-2] com.vtu.mapper.WorksMapper.getWorksByCondition Line:143 - <==      Total: 1
2020-06-19 23:00:17.375 DEBUG --- [http-nio-8762-exec-1] com.vtu.mapper.WorksMapper.getWorksByCondition_COUNT Line:143 - ==>  Preparing: SELECT count(0) FROM tb_works w WHERE w.status LIKE concat('%', ?, '%') AND w.type LIKE concat('%', ?, '%') 
2020-06-19 23:00:17.377 DEBUG --- [http-nio-8762-exec-1] com.vtu.mapper.WorksMapper.getWorksByCondition_COUNT Line:143 - ==> Parameters: pass(String), 1(String)
2020-06-19 23:00:17.418 DEBUG --- [http-nio-8762-exec-1] com.vtu.mapper.WorksMapper.getWorksByCondition_COUNT Line:143 - <==      Total: 1
2020-06-19 23:00:17.419 DEBUG --- [http-nio-8762-exec-1] com.vtu.mapper.WorksMapper.getWorksByCondition Line:143 - ==>  Preparing: SELECT w.* FROM tb_works w WHERE w.status LIKE concat('%',?,'%') and w.type LIKE concat('%',?,'%') ORDER BY w.works_id desc LIMIT ? 
2020-06-19 23:00:17.421 DEBUG --- [http-nio-8762-exec-1] com.vtu.mapper.WorksMapper.getWorksByCondition Line:143 - ==> Parameters: pass(String), 1(String), 4(Integer)
2020-06-19 23:00:17.465 DEBUG --- [http-nio-8762-exec-1] com.vtu.mapper.WorksMapper.getWorksByCondition Line:143 - <==      Total: 4
2020-06-19 23:00:28.643 DEBUG --- [http-nio-8762-exec-4] com.vtu.mapper.WorksMapper.selectByAccountId Line:143 - ==>  Preparing: SELECT * FROM tb_works WHERE status LIKE concat('%',?,'%') and account_id LIKE concat('%', ?,'%') and type LIKE concat('%', ?,'%') 
2020-06-19 23:00:28.644 DEBUG --- [http-nio-8762-exec-10] com.vtu.mapper.WorksMapper.selectByAccountId Line:143 - ==>  Preparing: SELECT * FROM tb_works WHERE status LIKE concat('%',?,'%') and account_id LIKE concat('%', ?,'%') and type LIKE concat('%', ?,'%') 
2020-06-19 23:00:28.645 DEBUG --- [http-nio-8762-exec-4] com.vtu.mapper.WorksMapper.selectByAccountId Line:143 - ==> Parameters: refer(String), 12(Long), 1(String)
2020-06-19 23:00:28.646 DEBUG --- [http-nio-8762-exec-10] com.vtu.mapper.WorksMapper.selectByAccountId Line:143 - ==> Parameters: refer(String), 12(Long), 2(String)
2020-06-19 23:00:28.686 DEBUG --- [http-nio-8762-exec-4] com.vtu.mapper.WorksMapper.selectByAccountId Line:143 - <==      Total: 0
2020-06-19 23:00:28.687 DEBUG --- [http-nio-8762-exec-10] com.vtu.mapper.WorksMapper.selectByAccountId Line:143 - <==      Total: 0
2020-06-19 23:00:28.689 DEBUG --- [http-nio-8762-exec-9] com.vtu.mapper.WorksMapper.selectByAccountId Line:143 - ==>  Preparing: SELECT * FROM tb_works WHERE status LIKE concat('%',?,'%') and account_id LIKE concat('%', ?,'%') and type LIKE concat('%', ?,'%') 
2020-06-19 23:00:28.693 DEBUG --- [http-nio-8762-exec-9] com.vtu.mapper.WorksMapper.selectByAccountId Line:143 - ==> Parameters: refer(String), 12(Long), 3(String)
2020-06-19 23:00:28.739 DEBUG --- [http-nio-8762-exec-9] com.vtu.mapper.WorksMapper.selectByAccountId Line:143 - <==      Total: 2
2020-06-19 23:01:15.651 DEBUG --- [http-nio-8762-exec-2] com.vtu.mapper.WorksMapper.insert Line:143 - ==>  Preparing: insert into tb_works (works_id, account_id, title, `desc`, `type`, price, key_word, types_id, status, channel, colorSytem, duration, version, resolution, works_url, md5, `name`, `size`, compress_url, preview_url, synthesis_url, zip_url ) values (?, ?, ?, ?, ?, ?, ?, ?, ?, ?, ?, ?, ?, ?, ?, ?, ?, ?, ?, ?, ?, ? ) 
2020-06-19 23:01:15.657 DEBUG --- [http-nio-8762-exec-2] com.vtu.mapper.WorksMapper.insert Line:143 - ==> Parameters: null, 12(Long), 惊悚骷髅.mp4(String), null, 1(String), null, null, null, refer(String), null, null, 00:00:10.09(String), null, null, https://vtuweb.oss-cn-beijing.aliyuncs.com/video/videoImport/1592578851516/fd31ce8959e7405584ffc86829e9646b.mp4(String), 660046a3c4daf204a799c72f4ca14f3f(String), null, 2.5510762E7(Double), https://vtuweb.oss-cn-beijing.aliyuncs.com/video/videoOutput/1592578851516/compress/惊悚骷髅.mp4(String), https://vtuweb.oss-cn-beijing.aliyuncs.com/video/videoOutput/1592578851516/preview/image_00005.jpg(String), https://vtuweb.oss-cn-beijing.aliyuncs.com/video/videoOutput/1592578851516/synthesis/惊悚骷髅.jpg(String), null
2020-06-19 23:01:15.723 DEBUG --- [http-nio-8762-exec-2] com.vtu.mapper.WorksMapper.insert Line:143 - <==    Updates: 1
2020-06-19 23:01:15.725 DEBUG --- [http-nio-8762-exec-2] com.vtu.mapper.WorksMapper.insert!selectKey Line:143 - ==>  Preparing: SELECT LAST_INSERT_ID() 
2020-06-19 23:01:15.726 DEBUG --- [http-nio-8762-exec-2] com.vtu.mapper.WorksMapper.insert!selectKey Line:143 - ==> Parameters: 
2020-06-19 23:01:15.759 DEBUG --- [http-nio-8762-exec-2] com.vtu.mapper.WorksMapper.insert!selectKey Line:143 - <==      Total: 1
2020-06-19 23:01:15.797 DEBUG --- [http-nio-8762-exec-1] com.vtu.mapper.WorksMapper.selectByAccountId Line:143 - ==>  Preparing: SELECT * FROM tb_works WHERE status LIKE concat('%',?,'%') and account_id LIKE concat('%', ?,'%') and type LIKE concat('%', ?,'%') 
2020-06-19 23:01:15.798 DEBUG --- [http-nio-8762-exec-1] com.vtu.mapper.WorksMapper.selectByAccountId Line:143 - ==> Parameters: refer(String), 12(Long), 1(String)
2020-06-19 23:01:15.833 DEBUG --- [http-nio-8762-exec-1] com.vtu.mapper.WorksMapper.selectByAccountId Line:143 - <==      Total: 1
2020-06-19 23:03:39.284 DEBUG --- [http-nio-8762-exec-3] com.vtu.mapper.WorksMapper.getWorksById Line:143 - ==>  Preparing: SELECT * FROM tb_works WHERE works_id = ? 
2020-06-19 23:03:39.285 DEBUG --- [http-nio-8762-exec-3] com.vtu.mapper.WorksMapper.getWorksById Line:143 - ==> Parameters: 164(String)
2020-06-19 23:03:39.320 DEBUG --- [http-nio-8762-exec-3] com.vtu.mapper.WorksMapper.getWorksById Line:143 - <==      Total: 1
2020-06-19 23:04:01.521 DEBUG --- [http-nio-8762-exec-10] com.vtu.mapper.WorksMapper.getWorksById Line:143 - ==>  Preparing: SELECT * FROM tb_works WHERE works_id = ? 
2020-06-19 23:04:01.522 DEBUG --- [http-nio-8762-exec-10] com.vtu.mapper.WorksMapper.getWorksById Line:143 - ==> Parameters: 164(String)
2020-06-19 23:04:01.558 DEBUG --- [http-nio-8762-exec-10] com.vtu.mapper.WorksMapper.getWorksById Line:143 - <==      Total: 1
2020-06-19 23:04:02.447 DEBUG --- [http-nio-8762-exec-9] com.vtu.mapper.WorksMapper.updateByPrimaryKeySelective Line:143 - ==>  Preparing: update tb_works SET account_id = ?, type = ?, key_word = ?, status = ?, channel = ?, colorSytem = ?, duration = ?, version = ?, resolution = ?, works_url = ?, md5 = ?, size = ?, compress_url = ?, preview_url = ?, synthesis_url = ? where works_id = ? 
2020-06-19 23:04:02.463 DEBUG --- [http-nio-8762-exec-9] com.vtu.mapper.WorksMapper.updateByPrimaryKeySelective Line:143 - ==> Parameters: 12(Long), 1(String), (String), auditing(String), (String), (String), 00:00:10.09(String), mp4(String), 1920×1080(String), https://vtuweb.oss-cn-beijing.aliyuncs.com/video/videoImport/1592578851516/fd31ce8959e7405584ffc86829e9646b.mp4(String), 660046a3c4daf204a799c72f4ca14f3f(String), 2.5510762E7(Double), https://vtuweb.oss-cn-beijing.aliyuncs.com/video/videoOutput/1592578851516/compress/惊悚骷髅.mp4(String), https://vtuweb.oss-cn-beijing.aliyuncs.com/video/videoOutput/1592578851516/preview/image_00005.jpg(String), https://vtuweb.oss-cn-beijing.aliyuncs.com/video/videoOutput/1592578851516/synthesis/惊悚骷髅.jpg(String), 164(Long)
2020-06-19 23:04:03.155 DEBUG --- [http-nio-8762-exec-9] com.vtu.mapper.WorksMapper.updateByPrimaryKeySelective Line:143 - <==    Updates: 1
2020-06-19 23:04:03.205 DEBUG --- [http-nio-8762-exec-8] com.vtu.mapper.WorksMapper.selectByAccountId Line:143 - ==>  Preparing: SELECT * FROM tb_works WHERE status LIKE concat('%',?,'%') and account_id LIKE concat('%', ?,'%') and type LIKE concat('%', ?,'%') 
2020-06-19 23:04:03.207 DEBUG --- [http-nio-8762-exec-8] com.vtu.mapper.WorksMapper.selectByAccountId Line:143 - ==> Parameters: refer(String), 12(Long), 1(String)
2020-06-19 23:04:03.840 DEBUG --- [http-nio-8762-exec-8] com.vtu.mapper.WorksMapper.selectByAccountId Line:143 - <==      Total: 0
2020-06-19 23:07:03.158 DEBUG --- [http-nio-8762-exec-6] com.vtu.mapper.WorksMapper.selectByAccountId Line:143 - ==>  Preparing: SELECT * FROM tb_works WHERE status LIKE concat('%',?,'%') and account_id LIKE concat('%', ?,'%') and type LIKE concat('%', ?,'%') 
2020-06-19 23:07:03.159 DEBUG --- [http-nio-8762-exec-6] com.vtu.mapper.WorksMapper.selectByAccountId Line:143 - ==> Parameters: refer(String), 12(Long), 1(String)
2020-06-19 23:07:03.196 DEBUG --- [http-nio-8762-exec-6] com.vtu.mapper.WorksMapper.selectByAccountId Line:143 - <==      Total: 1
2020-06-19 23:07:03.196 DEBUG --- [http-nio-8762-exec-1] com.vtu.mapper.WorksMapper.selectByAccountId Line:143 - ==>  Preparing: SELECT * FROM tb_works WHERE status LIKE concat('%',?,'%') and account_id LIKE concat('%', ?,'%') and type LIKE concat('%', ?,'%') 
2020-06-19 23:07:03.197 DEBUG --- [http-nio-8762-exec-1] com.vtu.mapper.WorksMapper.selectByAccountId Line:143 - ==> Parameters: refer(String), 12(Long), 2(String)
2020-06-19 23:07:03.233 DEBUG --- [http-nio-8762-exec-1] com.vtu.mapper.WorksMapper.selectByAccountId Line:143 - <==      Total: 0
2020-06-19 23:07:03.240 DEBUG --- [http-nio-8762-exec-2] com.vtu.mapper.WorksMapper.selectByAccountId Line:143 - ==>  Preparing: SELECT * FROM tb_works WHERE status LIKE concat('%',?,'%') and account_id LIKE concat('%', ?,'%') and type LIKE concat('%', ?,'%') 
2020-06-19 23:07:03.242 DEBUG --- [http-nio-8762-exec-2] com.vtu.mapper.WorksMapper.selectByAccountId Line:143 - ==> Parameters: refer(String), 12(Long), 3(String)
2020-06-19 23:07:03.279 DEBUG --- [http-nio-8762-exec-2] com.vtu.mapper.WorksMapper.selectByAccountId Line:143 - <==      Total: 2
2020-06-19 23:07:04.722 DEBUG --- [http-nio-8762-exec-5] com.vtu.mapper.WorksMapper.getWorksById Line:143 - ==>  Preparing: SELECT * FROM tb_works WHERE works_id = ? 
2020-06-19 23:07:04.723 DEBUG --- [http-nio-8762-exec-5] com.vtu.mapper.WorksMapper.getWorksById Line:143 - ==> Parameters: 164(String)
2020-06-19 23:07:04.757 DEBUG --- [http-nio-8762-exec-5] com.vtu.mapper.WorksMapper.getWorksById Line:143 - <==      Total: 1
2020-06-19 23:07:10.976 DEBUG --- [http-nio-8762-exec-9] com.vtu.mapper.WorksMapper.getWorksById Line:143 - ==>  Preparing: SELECT * FROM tb_works WHERE works_id = ? 
2020-06-19 23:07:10.977 DEBUG --- [http-nio-8762-exec-9] com.vtu.mapper.WorksMapper.getWorksById Line:143 - ==> Parameters: 164(String)
2020-06-19 23:07:11.018 DEBUG --- [http-nio-8762-exec-9] com.vtu.mapper.WorksMapper.getWorksById Line:143 - <==      Total: 1
2020-06-19 23:08:01.899 DEBUG --- [http-nio-8762-exec-7] com.vtu.mapper.WorksMapper.updateByPrimaryKeySelective Line:143 - ==>  Preparing: update tb_works SET account_id = ?, type = ?, key_word = ?, status = ?, channel = ?, colorSytem = ?, duration = ?, version = ?, resolution = ?, works_url = ?, md5 = ?, size = ?, compress_url = ?, preview_url = ?, synthesis_url = ? where works_id = ? 
2020-06-19 23:08:01.900 DEBUG --- [http-nio-8762-exec-7] com.vtu.mapper.WorksMapper.updateByPrimaryKeySelective Line:143 - ==> Parameters: 12(Long), 1(String), (String), auditing(String), (String), (String), 00:00:10.09(String), mp4(String), 1920×1080(String), https://vtuweb.oss-cn-beijing.aliyuncs.com/video/videoImport/1592578851516/fd31ce8959e7405584ffc86829e9646b.mp4(String), 660046a3c4daf204a799c72f4ca14f3f(String), 2.5510762E7(Double), https://vtuweb.oss-cn-beijing.aliyuncs.com/video/videoOutput/1592578851516/compress/惊悚骷髅.mp4(String), https://vtuweb.oss-cn-beijing.aliyuncs.com/video/videoOutput/1592578851516/preview/image_00005.jpg(String), https://vtuweb.oss-cn-beijing.aliyuncs.com/video/videoOutput/1592578851516/synthesis/惊悚骷髅.jpg(String), 164(Long)
2020-06-19 23:08:01.966 DEBUG --- [http-nio-8762-exec-7] com.vtu.mapper.WorksMapper.updateByPrimaryKeySelective Line:143 - <==    Updates: 1
2020-06-19 23:08:01.990 DEBUG --- [http-nio-8762-exec-6] com.vtu.mapper.WorksMapper.selectByAccountId Line:143 - ==>  Preparing: SELECT * FROM tb_works WHERE status LIKE concat('%',?,'%') and account_id LIKE concat('%', ?,'%') and type LIKE concat('%', ?,'%') 
2020-06-19 23:08:01.992 DEBUG --- [http-nio-8762-exec-6] com.vtu.mapper.WorksMapper.selectByAccountId Line:143 - ==> Parameters: refer(String), 12(Long), 1(String)
2020-06-19 23:08:02.025 DEBUG --- [http-nio-8762-exec-6] com.vtu.mapper.WorksMapper.selectByAccountId Line:143 - <==      Total: 0
2020-06-19 23:08:22.356 DEBUG --- [http-nio-8762-exec-5] com.vtu.mapper.WorksMapper.selectByAccountId Line:143 - ==>  Preparing: SELECT * FROM tb_works WHERE status LIKE concat('%',?,'%') and account_id LIKE concat('%', ?,'%') and type LIKE concat('%', ?,'%') 
2020-06-19 23:08:22.358 DEBUG --- [http-nio-8762-exec-5] com.vtu.mapper.WorksMapper.selectByAccountId Line:143 - ==> Parameters: refer(String), 12(Long), 1(String)
2020-06-19 23:08:22.396 DEBUG --- [http-nio-8762-exec-5] com.vtu.mapper.WorksMapper.selectByAccountId Line:143 - <==      Total: 1
2020-06-19 23:08:22.403 DEBUG --- [http-nio-8762-exec-3] com.vtu.mapper.WorksMapper.selectByAccountId Line:143 - ==>  Preparing: SELECT * FROM tb_works WHERE status LIKE concat('%',?,'%') and account_id LIKE concat('%', ?,'%') and type LIKE concat('%', ?,'%') 
2020-06-19 23:08:22.403 DEBUG --- [http-nio-8762-exec-2] com.vtu.mapper.WorksMapper.selectByAccountId Line:143 - ==>  Preparing: SELECT * FROM tb_works WHERE status LIKE concat('%',?,'%') and account_id LIKE concat('%', ?,'%') and type LIKE concat('%', ?,'%') 
2020-06-19 23:08:22.422 DEBUG --- [http-nio-8762-exec-2] com.vtu.mapper.WorksMapper.selectByAccountId Line:143 - ==> Parameters: refer(String), 12(Long), 2(String)
2020-06-19 23:08:22.423 DEBUG --- [http-nio-8762-exec-3] com.vtu.mapper.WorksMapper.selectByAccountId Line:143 - ==> Parameters: refer(String), 12(Long), 3(String)
2020-06-19 23:08:22.459 DEBUG --- [http-nio-8762-exec-2] com.vtu.mapper.WorksMapper.selectByAccountId Line:143 - <==      Total: 0
2020-06-19 23:08:22.460 DEBUG --- [http-nio-8762-exec-3] com.vtu.mapper.WorksMapper.selectByAccountId Line:143 - <==      Total: 2
2020-06-19 23:08:28.608 DEBUG --- [http-nio-8762-exec-8] com.vtu.mapper.WorksMapper.getWorksById Line:143 - ==>  Preparing: SELECT * FROM tb_works WHERE works_id = ? 
2020-06-19 23:08:28.609 DEBUG --- [http-nio-8762-exec-8] com.vtu.mapper.WorksMapper.getWorksById Line:143 - ==> Parameters: 164(String)
2020-06-19 23:08:28.644 DEBUG --- [http-nio-8762-exec-8] com.vtu.mapper.WorksMapper.getWorksById Line:143 - <==      Total: 1
2020-06-19 23:08:48.897 DEBUG --- [http-nio-8762-exec-6] com.vtu.mapper.WorksMapper.getWorksById Line:143 - ==>  Preparing: SELECT * FROM tb_works WHERE works_id = ? 
2020-06-19 23:08:48.898 DEBUG --- [http-nio-8762-exec-6] com.vtu.mapper.WorksMapper.getWorksById Line:143 - ==> Parameters: 164(String)
2020-06-19 23:08:48.933 DEBUG --- [http-nio-8762-exec-6] com.vtu.mapper.WorksMapper.getWorksById Line:143 - <==      Total: 1
2020-06-19 23:09:27.518 DEBUG --- [http-nio-8762-exec-5] com.vtu.mapper.WorksMapper.updateByPrimaryKeySelective Line:143 - ==>  Preparing: update tb_works SET account_id = ?, type = ?, key_word = ?, status = ?, channel = ?, colorSytem = ?, duration = ?, version = ?, resolution = ?, works_url = ?, md5 = ?, size = ?, compress_url = ?, preview_url = ?, synthesis_url = ? where works_id = ? 
2020-06-19 23:09:27.521 DEBUG --- [http-nio-8762-exec-5] com.vtu.mapper.WorksMapper.updateByPrimaryKeySelective Line:143 - ==> Parameters: 12(Long), 1(String), (String), auditing(String), (String), (String), 00:00:10.09(String), mp4(String), 1920×1080(String), https://vtuweb.oss-cn-beijing.aliyuncs.com/video/videoImport/1592578851516/fd31ce8959e7405584ffc86829e9646b.mp4(String), 660046a3c4daf204a799c72f4ca14f3f(String), 2.5510762E7(Double), https://vtuweb.oss-cn-beijing.aliyuncs.com/video/videoOutput/1592578851516/compress/惊悚骷髅.mp4(String), https://vtuweb.oss-cn-beijing.aliyuncs.com/video/videoOutput/1592578851516/preview/image_00005.jpg(String), https://vtuweb.oss-cn-beijing.aliyuncs.com/video/videoOutput/1592578851516/synthesis/惊悚骷髅.jpg(String), 164(Long)
2020-06-19 23:09:27.590 DEBUG --- [http-nio-8762-exec-5] com.vtu.mapper.WorksMapper.updateByPrimaryKeySelective Line:143 - <==    Updates: 1
2020-06-19 23:09:27.632 DEBUG --- [http-nio-8762-exec-2] com.vtu.mapper.WorksMapper.selectByAccountId Line:143 - ==>  Preparing: SELECT * FROM tb_works WHERE status LIKE concat('%',?,'%') and account_id LIKE concat('%', ?,'%') and type LIKE concat('%', ?,'%') 
2020-06-19 23:09:27.633 DEBUG --- [http-nio-8762-exec-2] com.vtu.mapper.WorksMapper.selectByAccountId Line:143 - ==> Parameters: refer(String), 12(Long), 1(String)
2020-06-19 23:09:27.668 DEBUG --- [http-nio-8762-exec-2] com.vtu.mapper.WorksMapper.selectByAccountId Line:143 - <==      Total: 0
2020-06-19 23:14:14.800 DEBUG --- [http-nio-8762-exec-4] com.vtu.mapper.CustomerMapper.selectByAuthCode Line:143 - ==>  Preparing: select account_id, account, password, name, phone, id_card, remain, is_vip, is_shoper, email, email_send_time,wxId, qqId,authCode,isAuth,sex,head_portrait_url from tb_customer where authCode = ? 
2020-06-19 23:14:14.801 DEBUG --- [http-nio-8762-exec-4] com.vtu.mapper.CustomerMapper.selectByAuthCode Line:143 - ==> Parameters: 1234(String)
2020-06-19 23:14:14.836 DEBUG --- [http-nio-8762-exec-4] com.vtu.mapper.CustomerMapper.selectByAuthCode Line:143 - <==      Total: 1
2020-06-19 23:14:14.838 DEBUG --- [http-nio-8762-exec-4] com.vtu.mapper.CustomerVipMapper.selectByAccountId Line:143 - ==>  Preparing: select id, account_id, vip_detail_id, start_time, end_time, is_vip from tb_customer_vip where account_id = ? 
2020-06-19 23:14:14.838 DEBUG --- [http-nio-8762-exec-4] com.vtu.mapper.CustomerVipMapper.selectByAccountId Line:143 - ==> Parameters: 12(Long)
2020-06-19 23:14:14.878 DEBUG --- [http-nio-8762-exec-4] com.vtu.mapper.CustomerVipMapper.selectByAccountId Line:143 - <==      Total: 0
2020-06-19 23:14:14.882 DEBUG --- [http-nio-8762-exec-4] com.vtu.mapper.CustomerMapper.updateByPrimaryKey Line:143 - ==>  Preparing: update tb_customer set account = ?, password = ?, name = ?, sex = ?, phone = ?, id_card = ?, remain = ?, is_vip = ?, is_shoper = ?, email = ?, email_send_time = ?, wxId = ?, qqId = ?, authCode = ?, isAuth = ?, head_portrait_url = ? where account_id = ? 
2020-06-19 23:14:14.888 DEBUG --- [http-nio-8762-exec-4] com.vtu.mapper.CustomerMapper.updateByPrimaryKey Line:143 - ==> Parameters: VT20191105001621984(String), null, whh(String), 男(String), 1511485465235(String), null, null, null, null, 35114854657@163.com(String), 2019-11-05 00:16:21:982(String), null, null, 1234(String), true(String), blog/2020-05-05/cf7d92441aae405e9462d96f88587db8-image_00002.jpg(String), 12(Long)
2020-06-19 23:14:14.960 DEBUG --- [http-nio-8762-exec-4] com.vtu.mapper.CustomerMapper.updateByPrimaryKey Line:143 - <==    Updates: 1
2020-06-19 23:14:17.065 DEBUG --- [http-nio-8762-exec-9] com.vtu.mapper.WorksMapper.getWorksByCondition_COUNT Line:143 - ==>  Preparing: SELECT count(0) FROM tb_works w WHERE w.status LIKE concat('%', ?, '%') AND w.type LIKE concat('%', ?, '%') 
2020-06-19 23:14:17.065 DEBUG --- [http-nio-8762-exec-9] com.vtu.mapper.WorksMapper.getWorksByCondition_COUNT Line:143 - ==> Parameters: pass(String), 1(String)
2020-06-19 23:14:17.100 DEBUG --- [http-nio-8762-exec-9] com.vtu.mapper.WorksMapper.getWorksByCondition_COUNT Line:143 - <==      Total: 1
2020-06-19 23:14:17.102 DEBUG --- [http-nio-8762-exec-10] com.vtu.mapper.WorksMapper.getWorksByCondition_COUNT Line:143 - ==>  Preparing: SELECT count(0) FROM tb_works w WHERE w.status LIKE concat('%', ?, '%') AND w.type LIKE concat('%', ?, '%') 
2020-06-19 23:14:17.109 DEBUG --- [http-nio-8762-exec-10] com.vtu.mapper.WorksMapper.getWorksByCondition_COUNT Line:143 - ==> Parameters: pass(String), 2(String)
2020-06-19 23:14:17.145 DEBUG --- [http-nio-8762-exec-10] com.vtu.mapper.WorksMapper.getWorksByCondition_COUNT Line:143 - <==      Total: 1
2020-06-19 23:14:17.147 DEBUG --- [http-nio-8762-exec-10] com.vtu.mapper.WorksMapper.getWorksByCondition Line:143 - ==>  Preparing: SELECT w.* FROM tb_works w WHERE w.status LIKE concat('%',?,'%') and w.type LIKE concat('%',?,'%') ORDER BY w.works_id desc LIMIT ? 
2020-06-19 23:14:17.149 DEBUG --- [http-nio-8762-exec-10] com.vtu.mapper.WorksMapper.getWorksByCondition Line:143 - ==> Parameters: pass(String), 2(String), 4(Integer)
2020-06-19 23:14:17.185 DEBUG --- [http-nio-8762-exec-10] com.vtu.mapper.WorksMapper.getWorksByCondition Line:143 - <==      Total: 1
2020-06-19 23:14:21.953 DEBUG --- [http-nio-8762-exec-7] com.vtu.mapper.WorksMapper.selectByAccountId Line:143 - ==>  Preparing: SELECT * FROM tb_works WHERE status LIKE concat('%',?,'%') and account_id LIKE concat('%', ?,'%') and type LIKE concat('%', ?,'%') 
2020-06-19 23:14:21.953 DEBUG --- [http-nio-8762-exec-8] com.vtu.mapper.WorksMapper.selectByAccountId Line:143 - ==>  Preparing: SELECT * FROM tb_works WHERE status LIKE concat('%',?,'%') and account_id LIKE concat('%', ?,'%') and type LIKE concat('%', ?,'%') 
2020-06-19 23:14:21.954 DEBUG --- [http-nio-8762-exec-7] com.vtu.mapper.WorksMapper.selectByAccountId Line:143 - ==> Parameters: refer(String), 12(Long), 1(String)
2020-06-19 23:14:21.955 DEBUG --- [http-nio-8762-exec-8] com.vtu.mapper.WorksMapper.selectByAccountId Line:143 - ==> Parameters: refer(String), 12(Long), 3(String)
2020-06-19 23:14:21.991 DEBUG --- [http-nio-8762-exec-7] com.vtu.mapper.WorksMapper.selectByAccountId Line:143 - <==      Total: 0
2020-06-19 23:14:21.994 DEBUG --- [http-nio-8762-exec-8] com.vtu.mapper.WorksMapper.selectByAccountId Line:143 - <==      Total: 2
2020-06-19 23:14:21.995 DEBUG --- [http-nio-8762-exec-6] com.vtu.mapper.WorksMapper.selectByAccountId Line:143 - ==>  Preparing: SELECT * FROM tb_works WHERE status LIKE concat('%',?,'%') and account_id LIKE concat('%', ?,'%') and type LIKE concat('%', ?,'%') 
2020-06-19 23:14:21.998 DEBUG --- [http-nio-8762-exec-6] com.vtu.mapper.WorksMapper.selectByAccountId Line:143 - ==> Parameters: refer(String), 12(Long), 2(String)
2020-06-19 23:14:22.034 DEBUG --- [http-nio-8762-exec-6] com.vtu.mapper.WorksMapper.selectByAccountId Line:143 - <==      Total: 0
2020-06-19 23:14:38.310 DEBUG --- [http-nio-8762-exec-4] com.vtu.mapper.WorksMapper.selectByAccountId Line:143 - ==>  Preparing: SELECT * FROM tb_works WHERE status LIKE concat('%',?,'%') and account_id LIKE concat('%', ?,'%') and type LIKE concat('%', ?,'%') 
2020-06-19 23:14:38.310 DEBUG --- [http-nio-8762-exec-3] com.vtu.mapper.WorksMapper.selectByAccountId Line:143 - ==>  Preparing: SELECT * FROM tb_works WHERE status LIKE concat('%',?,'%') and account_id LIKE concat('%', ?,'%') and type LIKE concat('%', ?,'%') 
2020-06-19 23:14:38.312 DEBUG --- [http-nio-8762-exec-3] com.vtu.mapper.WorksMapper.selectByAccountId Line:143 - ==> Parameters: refer(String), 12(Long), 1(String)
2020-06-19 23:14:38.314 DEBUG --- [http-nio-8762-exec-4] com.vtu.mapper.WorksMapper.selectByAccountId Line:143 - ==> Parameters: refer(String), 12(Long), 3(String)
2020-06-19 23:14:38.319 DEBUG --- [http-nio-8762-exec-9] com.vtu.mapper.WorksMapper.selectByAccountId Line:143 - ==>  Preparing: SELECT * FROM tb_works WHERE status LIKE concat('%',?,'%') and account_id LIKE concat('%', ?,'%') and type LIKE concat('%', ?,'%') 
2020-06-19 23:14:38.321 DEBUG --- [http-nio-8762-exec-9] com.vtu.mapper.WorksMapper.selectByAccountId Line:143 - ==> Parameters: refer(String), 12(Long), 2(String)
2020-06-19 23:14:38.348 DEBUG --- [http-nio-8762-exec-3] com.vtu.mapper.WorksMapper.selectByAccountId Line:143 - <==      Total: 1
2020-06-19 23:14:38.355 DEBUG --- [http-nio-8762-exec-4] com.vtu.mapper.WorksMapper.selectByAccountId Line:143 - <==      Total: 2
2020-06-19 23:14:38.365 DEBUG --- [http-nio-8762-exec-9] com.vtu.mapper.WorksMapper.selectByAccountId Line:143 - <==      Total: 0
2020-06-19 23:14:40.285 DEBUG --- [http-nio-8762-exec-10] com.vtu.mapper.WorksMapper.getWorksById Line:143 - ==>  Preparing: SELECT * FROM tb_works WHERE works_id = ? 
2020-06-19 23:14:40.286 DEBUG --- [http-nio-8762-exec-10] com.vtu.mapper.WorksMapper.getWorksById Line:143 - ==> Parameters: 164(String)
2020-06-19 23:14:40.326 DEBUG --- [http-nio-8762-exec-10] com.vtu.mapper.WorksMapper.getWorksById Line:143 - <==      Total: 1
2020-06-19 23:14:46.213 DEBUG --- [http-nio-8762-exec-2] com.vtu.mapper.WorksMapper.getWorksById Line:143 - ==>  Preparing: SELECT * FROM tb_works WHERE works_id = ? 
2020-06-19 23:14:46.216 DEBUG --- [http-nio-8762-exec-2] com.vtu.mapper.WorksMapper.getWorksById Line:143 - ==> Parameters: 164(String)
2020-06-19 23:14:46.257 DEBUG --- [http-nio-8762-exec-2] com.vtu.mapper.WorksMapper.getWorksById Line:143 - <==      Total: 1
2020-06-19 23:15:01.481 DEBUG --- [http-nio-8762-exec-5] com.vtu.mapper.WorksMapper.updateByPrimaryKeySelective Line:143 - ==>  Preparing: update tb_works SET account_id = ?, title = ?, type = ?, key_word = ?, status = ?, channel = ?, colorSytem = ?, duration = ?, version = ?, resolution = ?, works_url = ?, md5 = ?, size = ?, compress_url = ?, preview_url = ?, synthesis_url = ? where works_id = ? 
2020-06-19 23:15:01.483 DEBUG --- [http-nio-8762-exec-5] com.vtu.mapper.WorksMapper.updateByPrimaryKeySelective Line:143 - ==> Parameters: 12(Long), 法大师傅大师傅(String), 1(String), (String), auditing(String), (String), (String), 00:00:10.09(String), mp4(String), 1920×1080(String), https://vtuweb.oss-cn-beijing.aliyuncs.com/video/videoImport/1592578851516/fd31ce8959e7405584ffc86829e9646b.mp4(String), 660046a3c4daf204a799c72f4ca14f3f(String), 2.5510762E7(Double), https://vtuweb.oss-cn-beijing.aliyuncs.com/video/videoOutput/1592578851516/compress/惊悚骷髅.mp4(String), https://vtuweb.oss-cn-beijing.aliyuncs.com/video/videoOutput/1592578851516/preview/image_00005.jpg(String), https://vtuweb.oss-cn-beijing.aliyuncs.com/video/videoOutput/1592578851516/synthesis/惊悚骷髅.jpg(String), 164(Long)
2020-06-19 23:15:01.560 DEBUG --- [http-nio-8762-exec-5] com.vtu.mapper.WorksMapper.updateByPrimaryKeySelective Line:143 - <==    Updates: 1
2020-06-19 23:15:01.614 DEBUG --- [http-nio-8762-exec-3] com.vtu.mapper.WorksMapper.selectByAccountId Line:143 - ==>  Preparing: SELECT * FROM tb_works WHERE status LIKE concat('%',?,'%') and account_id LIKE concat('%', ?,'%') and type LIKE concat('%', ?,'%') 
2020-06-19 23:15:01.615 DEBUG --- [http-nio-8762-exec-3] com.vtu.mapper.WorksMapper.selectByAccountId Line:143 - ==> Parameters: refer(String), 12(Long), 1(String)
2020-06-19 23:15:01.654 DEBUG --- [http-nio-8762-exec-3] com.vtu.mapper.WorksMapper.selectByAccountId Line:143 - <==      Total: 0
2020-06-19 23:15:24.514 DEBUG --- [http-nio-8762-exec-9] com.vtu.mapper.WorksMapper.selectByAccountId Line:143 - ==>  Preparing: SELECT * FROM tb_works WHERE status LIKE concat('%',?,'%') and account_id LIKE concat('%', ?,'%') and type LIKE concat('%', ?,'%') 
2020-06-19 23:15:24.514 DEBUG --- [http-nio-8762-exec-10] com.vtu.mapper.WorksMapper.selectByAccountId Line:143 - ==>  Preparing: SELECT * FROM tb_works WHERE status LIKE concat('%',?,'%') and account_id LIKE concat('%', ?,'%') and type LIKE concat('%', ?,'%') 
2020-06-19 23:15:24.514 DEBUG --- [http-nio-8762-exec-7] com.vtu.mapper.WorksMapper.selectByAccountId Line:143 - ==>  Preparing: SELECT * FROM tb_works WHERE status LIKE concat('%',?,'%') and account_id LIKE concat('%', ?,'%') and type LIKE concat('%', ?,'%') 
2020-06-19 23:15:24.515 DEBUG --- [http-nio-8762-exec-10] com.vtu.mapper.WorksMapper.selectByAccountId Line:143 - ==> Parameters: refer(String), 12(Long), 3(String)
2020-06-19 23:15:24.516 DEBUG --- [http-nio-8762-exec-7] com.vtu.mapper.WorksMapper.selectByAccountId Line:143 - ==> Parameters: refer(String), 12(Long), 1(String)
2020-06-19 23:15:24.515 DEBUG --- [http-nio-8762-exec-9] com.vtu.mapper.WorksMapper.selectByAccountId Line:143 - ==> Parameters: refer(String), 12(Long), 2(String)
2020-06-19 23:15:24.551 DEBUG --- [http-nio-8762-exec-10] com.vtu.mapper.WorksMapper.selectByAccountId Line:143 - <==      Total: 2
2020-06-19 23:15:24.553 DEBUG --- [http-nio-8762-exec-7] com.vtu.mapper.WorksMapper.selectByAccountId Line:143 - <==      Total: 0
2020-06-19 23:15:24.553 DEBUG --- [http-nio-8762-exec-9] com.vtu.mapper.WorksMapper.selectByAccountId Line:143 - <==      Total: 0
2020-06-19 23:15:57.964 DEBUG --- [http-nio-8762-exec-5] com.vtu.mapper.WorksMapper.selectByAccountId Line:143 - ==>  Preparing: SELECT * FROM tb_works WHERE status LIKE concat('%',?,'%') and account_id LIKE concat('%', ?,'%') and type LIKE concat('%', ?,'%') 
2020-06-19 23:15:57.965 DEBUG --- [http-nio-8762-exec-5] com.vtu.mapper.WorksMapper.selectByAccountId Line:143 - ==> Parameters: refer(String), 12(Long), 3(String)
2020-06-19 23:15:57.966 DEBUG --- [http-nio-8762-exec-1] com.vtu.mapper.WorksMapper.selectByAccountId Line:143 - ==>  Preparing: SELECT * FROM tb_works WHERE status LIKE concat('%',?,'%') and account_id LIKE concat('%', ?,'%') and type LIKE concat('%', ?,'%') 
2020-06-19 23:15:57.967 DEBUG --- [http-nio-8762-exec-1] com.vtu.mapper.WorksMapper.selectByAccountId Line:143 - ==> Parameters: refer(String), 12(Long), 1(String)
2020-06-19 23:15:57.972 DEBUG --- [http-nio-8762-exec-3] com.vtu.mapper.WorksMapper.selectByAccountId Line:143 - ==>  Preparing: SELECT * FROM tb_works WHERE status LIKE concat('%',?,'%') and account_id LIKE concat('%', ?,'%') and type LIKE concat('%', ?,'%') 
2020-06-19 23:15:57.974 DEBUG --- [http-nio-8762-exec-3] com.vtu.mapper.WorksMapper.selectByAccountId Line:143 - ==> Parameters: refer(String), 12(Long), 2(String)
2020-06-19 23:15:58.003 DEBUG --- [http-nio-8762-exec-5] com.vtu.mapper.WorksMapper.selectByAccountId Line:143 - <==      Total: 2
2020-06-19 23:15:58.007 DEBUG --- [http-nio-8762-exec-1] com.vtu.mapper.WorksMapper.selectByAccountId Line:143 - <==      Total: 1
2020-06-19 23:15:58.024 DEBUG --- [http-nio-8762-exec-3] com.vtu.mapper.WorksMapper.selectByAccountId Line:143 - <==      Total: 0
2020-06-19 23:16:00.203 DEBUG --- [http-nio-8762-exec-4] com.vtu.mapper.WorksMapper.getWorksById Line:143 - ==>  Preparing: SELECT * FROM tb_works WHERE works_id = ? 
2020-06-19 23:16:00.204 DEBUG --- [http-nio-8762-exec-4] com.vtu.mapper.WorksMapper.getWorksById Line:143 - ==> Parameters: 164(String)
2020-06-19 23:16:00.239 DEBUG --- [http-nio-8762-exec-4] com.vtu.mapper.WorksMapper.getWorksById Line:143 - <==      Total: 1
2020-06-19 23:17:29.964 DEBUG --- [http-nio-8762-exec-8] com.vtu.mapper.CustomerMapper.selectByAuthCode Line:143 - ==>  Preparing: select account_id, account, password, name, phone, id_card, remain, is_vip, is_shoper, email, email_send_time,wxId, qqId,authCode,isAuth,sex,head_portrait_url from tb_customer where authCode = ? 
2020-06-19 23:17:29.964 DEBUG --- [http-nio-8762-exec-8] com.vtu.mapper.CustomerMapper.selectByAuthCode Line:143 - ==> Parameters: 1234(String)
2020-06-19 23:17:30.001 DEBUG --- [http-nio-8762-exec-8] com.vtu.mapper.CustomerMapper.selectByAuthCode Line:143 - <==      Total: 1
2020-06-19 23:17:30.003 DEBUG --- [http-nio-8762-exec-8] com.vtu.mapper.CustomerVipMapper.selectByAccountId Line:143 - ==>  Preparing: select id, account_id, vip_detail_id, start_time, end_time, is_vip from tb_customer_vip where account_id = ? 
2020-06-19 23:17:30.004 DEBUG --- [http-nio-8762-exec-8] com.vtu.mapper.CustomerVipMapper.selectByAccountId Line:143 - ==> Parameters: 12(Long)
2020-06-19 23:17:30.039 DEBUG --- [http-nio-8762-exec-8] com.vtu.mapper.CustomerVipMapper.selectByAccountId Line:143 - <==      Total: 0
2020-06-19 23:17:30.043 DEBUG --- [http-nio-8762-exec-8] com.vtu.mapper.CustomerMapper.updateByPrimaryKey Line:143 - ==>  Preparing: update tb_customer set account = ?, password = ?, name = ?, sex = ?, phone = ?, id_card = ?, remain = ?, is_vip = ?, is_shoper = ?, email = ?, email_send_time = ?, wxId = ?, qqId = ?, authCode = ?, isAuth = ?, head_portrait_url = ? where account_id = ? 
2020-06-19 23:17:30.046 DEBUG --- [http-nio-8762-exec-8] com.vtu.mapper.CustomerMapper.updateByPrimaryKey Line:143 - ==> Parameters: VT20191105001621984(String), null, whh(String), 男(String), 1511485465235(String), null, null, null, null, 35114854657@163.com(String), 2019-11-05 00:16:21:982(String), null, null, 1234(String), true(String), blog/2020-05-05/cf7d92441aae405e9462d96f88587db8-image_00002.jpg(String), 12(Long)
2020-06-19 23:17:30.119 DEBUG --- [http-nio-8762-exec-8] com.vtu.mapper.CustomerMapper.updateByPrimaryKey Line:143 - <==    Updates: 1
2020-06-19 23:17:31.546 DEBUG --- [http-nio-8762-exec-6] com.vtu.mapper.WorksMapper.getWorksByCondition_COUNT Line:143 - ==>  Preparing: SELECT count(0) FROM tb_works w WHERE w.status LIKE concat('%', ?, '%') AND w.type LIKE concat('%', ?, '%') 
2020-06-19 23:17:31.547 DEBUG --- [http-nio-8762-exec-6] com.vtu.mapper.WorksMapper.getWorksByCondition_COUNT Line:143 - ==> Parameters: pass(String), 1(String)
2020-06-19 23:17:31.897 DEBUG --- [http-nio-8762-exec-6] com.vtu.mapper.WorksMapper.getWorksByCondition_COUNT Line:143 - <==      Total: 1
2020-06-19 23:17:32.006 DEBUG --- [http-nio-8762-exec-2] com.vtu.mapper.WorksMapper.getWorksByCondition_COUNT Line:143 - ==>  Preparing: SELECT count(0) FROM tb_works w WHERE w.status LIKE concat('%', ?, '%') AND w.type LIKE concat('%', ?, '%') 
2020-06-19 23:17:32.007 DEBUG --- [http-nio-8762-exec-2] com.vtu.mapper.WorksMapper.getWorksByCondition_COUNT Line:143 - ==> Parameters: pass(String), 2(String)
2020-06-19 23:17:32.044 DEBUG --- [http-nio-8762-exec-2] com.vtu.mapper.WorksMapper.getWorksByCondition_COUNT Line:143 - <==      Total: 1
2020-06-19 23:17:32.046 DEBUG --- [http-nio-8762-exec-2] com.vtu.mapper.WorksMapper.getWorksByCondition Line:143 - ==>  Preparing: SELECT w.* FROM tb_works w WHERE w.status LIKE concat('%',?,'%') and w.type LIKE concat('%',?,'%') ORDER BY w.works_id desc LIMIT ? 
2020-06-19 23:17:32.048 DEBUG --- [http-nio-8762-exec-2] com.vtu.mapper.WorksMapper.getWorksByCondition Line:143 - ==> Parameters: pass(String), 2(String), 4(Integer)
2020-06-19 23:17:32.088 DEBUG --- [http-nio-8762-exec-2] com.vtu.mapper.WorksMapper.getWorksByCondition Line:143 - <==      Total: 1
2020-06-19 23:18:58.333 DEBUG --- [http-nio-8762-exec-3] com.vtu.mapper.CustomerMapper.selectByAuthCode Line:143 - ==>  Preparing: select account_id, account, password, name, phone, id_card, remain, is_vip, is_shoper, email, email_send_time,wxId, qqId,authCode,isAuth,sex,head_portrait_url from tb_customer where authCode = ? 
2020-06-19 23:18:58.334 DEBUG --- [http-nio-8762-exec-3] com.vtu.mapper.CustomerMapper.selectByAuthCode Line:143 - ==> Parameters: 1234(String)
2020-06-19 23:18:58.375 DEBUG --- [http-nio-8762-exec-3] com.vtu.mapper.CustomerMapper.selectByAuthCode Line:143 - <==      Total: 1
2020-06-19 23:18:58.378 DEBUG --- [http-nio-8762-exec-3] com.vtu.mapper.CustomerVipMapper.selectByAccountId Line:143 - ==>  Preparing: select id, account_id, vip_detail_id, start_time, end_time, is_vip from tb_customer_vip where account_id = ? 
2020-06-19 23:18:58.379 DEBUG --- [http-nio-8762-exec-3] com.vtu.mapper.CustomerVipMapper.selectByAccountId Line:143 - ==> Parameters: 12(Long)
2020-06-19 23:18:58.417 DEBUG --- [http-nio-8762-exec-3] com.vtu.mapper.CustomerVipMapper.selectByAccountId Line:143 - <==      Total: 0
2020-06-19 23:18:58.418 DEBUG --- [http-nio-8762-exec-3] com.vtu.mapper.CustomerMapper.updateByPrimaryKey Line:143 - ==>  Preparing: update tb_customer set account = ?, password = ?, name = ?, sex = ?, phone = ?, id_card = ?, remain = ?, is_vip = ?, is_shoper = ?, email = ?, email_send_time = ?, wxId = ?, qqId = ?, authCode = ?, isAuth = ?, head_portrait_url = ? where account_id = ? 
2020-06-19 23:18:58.420 DEBUG --- [http-nio-8762-exec-3] com.vtu.mapper.CustomerMapper.updateByPrimaryKey Line:143 - ==> Parameters: VT20191105001621984(String), null, whh(String), 男(String), 1511485465235(String), null, null, null, null, 35114854657@163.com(String), 2019-11-05 00:16:21:982(String), null, null, 1234(String), true(String), blog/2020-05-05/cf7d92441aae405e9462d96f88587db8-image_00002.jpg(String), 12(Long)
2020-06-19 23:18:58.494 DEBUG --- [http-nio-8762-exec-3] com.vtu.mapper.CustomerMapper.updateByPrimaryKey Line:143 - <==    Updates: 1
2020-06-19 23:18:59.743 DEBUG --- [http-nio-8762-exec-10] com.vtu.mapper.WorksMapper.getWorksByCondition_COUNT Line:143 - ==>  Preparing: SELECT count(0) FROM tb_works w WHERE w.status LIKE concat('%', ?, '%') AND w.type LIKE concat('%', ?, '%') 
2020-06-19 23:18:59.745 DEBUG --- [http-nio-8762-exec-10] com.vtu.mapper.WorksMapper.getWorksByCondition_COUNT Line:143 - ==> Parameters: pass(String), 2(String)
2020-06-19 23:18:59.793 DEBUG --- [http-nio-8762-exec-10] com.vtu.mapper.WorksMapper.getWorksByCondition_COUNT Line:143 - <==      Total: 1
2020-06-19 23:18:59.795 DEBUG --- [http-nio-8762-exec-10] com.vtu.mapper.WorksMapper.getWorksByCondition Line:143 - ==>  Preparing: SELECT w.* FROM tb_works w WHERE w.status LIKE concat('%',?,'%') and w.type LIKE concat('%',?,'%') ORDER BY w.works_id desc LIMIT ? 
2020-06-19 23:18:59.796 DEBUG --- [http-nio-8762-exec-10] com.vtu.mapper.WorksMapper.getWorksByCondition Line:143 - ==> Parameters: pass(String), 2(String), 4(Integer)
2020-06-19 23:18:59.800 DEBUG --- [http-nio-8762-exec-4] com.vtu.mapper.WorksMapper.getWorksByCondition_COUNT Line:143 - ==>  Preparing: SELECT count(0) FROM tb_works w WHERE w.status LIKE concat('%', ?, '%') AND w.type LIKE concat('%', ?, '%') 
2020-06-19 23:18:59.800 DEBUG --- [http-nio-8762-exec-4] com.vtu.mapper.WorksMapper.getWorksByCondition_COUNT Line:143 - ==> Parameters: pass(String), 1(String)
2020-06-19 23:18:59.834 DEBUG --- [http-nio-8762-exec-10] com.vtu.mapper.WorksMapper.getWorksByCondition Line:143 - <==      Total: 1
2020-06-19 23:18:59.841 DEBUG --- [http-nio-8762-exec-4] com.vtu.mapper.WorksMapper.getWorksByCondition_COUNT Line:143 - <==      Total: 1
2020-06-19 23:18:59.843 DEBUG --- [http-nio-8762-exec-4] com.vtu.mapper.WorksMapper.getWorksByCondition Line:143 - ==>  Preparing: SELECT w.* FROM tb_works w WHERE w.status LIKE concat('%',?,'%') and w.type LIKE concat('%',?,'%') ORDER BY w.works_id desc LIMIT ? 
2020-06-19 23:18:59.844 DEBUG --- [http-nio-8762-exec-4] com.vtu.mapper.WorksMapper.getWorksByCondition Line:143 - ==> Parameters: pass(String), 1(String), 4(Integer)
2020-06-19 23:18:59.882 DEBUG --- [http-nio-8762-exec-4] com.vtu.mapper.WorksMapper.getWorksByCondition Line:143 - <==      Total: 1
2020-06-19 23:20:23.015 DEBUG --- [http-nio-8762-exec-8] com.vtu.mapper.CustomerMapper.selectByAuthCode Line:143 - ==>  Preparing: select account_id, account, password, name, phone, id_card, remain, is_vip, is_shoper, email, email_send_time,wxId, qqId,authCode,isAuth,sex,head_portrait_url from tb_customer where authCode = ? 
2020-06-19 23:20:23.017 DEBUG --- [http-nio-8762-exec-8] com.vtu.mapper.CustomerMapper.selectByAuthCode Line:143 - ==> Parameters: 1234(String)
2020-06-19 23:20:23.082 DEBUG --- [http-nio-8762-exec-8] com.vtu.mapper.CustomerMapper.selectByAuthCode Line:143 - <==      Total: 1
2020-06-19 23:20:23.088 DEBUG --- [http-nio-8762-exec-8] com.vtu.mapper.CustomerVipMapper.selectByAccountId Line:143 - ==>  Preparing: select id, account_id, vip_detail_id, start_time, end_time, is_vip from tb_customer_vip where account_id = ? 
2020-06-19 23:20:23.090 DEBUG --- [http-nio-8762-exec-8] com.vtu.mapper.CustomerVipMapper.selectByAccountId Line:143 - ==> Parameters: 12(Long)
2020-06-19 23:20:23.142 DEBUG --- [http-nio-8762-exec-8] com.vtu.mapper.CustomerVipMapper.selectByAccountId Line:143 - <==      Total: 0
2020-06-19 23:20:23.144 DEBUG --- [http-nio-8762-exec-8] com.vtu.mapper.CustomerMapper.updateByPrimaryKey Line:143 - ==>  Preparing: update tb_customer set account = ?, password = ?, name = ?, sex = ?, phone = ?, id_card = ?, remain = ?, is_vip = ?, is_shoper = ?, email = ?, email_send_time = ?, wxId = ?, qqId = ?, authCode = ?, isAuth = ?, head_portrait_url = ? where account_id = ? 
2020-06-19 23:20:23.147 DEBUG --- [http-nio-8762-exec-8] com.vtu.mapper.CustomerMapper.updateByPrimaryKey Line:143 - ==> Parameters: VT20191105001621984(String), null, whh(String), 男(String), 1511485465235(String), null, null, null, null, 35114854657@163.com(String), 2019-11-05 00:16:21:982(String), null, null, 1234(String), true(String), blog/2020-05-05/cf7d92441aae405e9462d96f88587db8-image_00002.jpg(String), 12(Long)
2020-06-19 23:20:23.240 DEBUG --- [http-nio-8762-exec-8] com.vtu.mapper.CustomerMapper.updateByPrimaryKey Line:143 - <==    Updates: 1
2020-06-19 23:20:24.538 DEBUG --- [http-nio-8762-exec-6] com.vtu.mapper.WorksMapper.getWorksByCondition_COUNT Line:143 - ==>  Preparing: SELECT count(0) FROM tb_works w WHERE w.status LIKE concat('%', ?, '%') AND w.type LIKE concat('%', ?, '%') 
2020-06-19 23:20:24.539 DEBUG --- [http-nio-8762-exec-6] com.vtu.mapper.WorksMapper.getWorksByCondition_COUNT Line:143 - ==> Parameters: pass(String), 1(String)
2020-06-19 23:20:24.575 DEBUG --- [http-nio-8762-exec-6] com.vtu.mapper.WorksMapper.getWorksByCondition_COUNT Line:143 - <==      Total: 1
2020-06-19 23:20:24.577 DEBUG --- [http-nio-8762-exec-6] com.vtu.mapper.WorksMapper.getWorksByCondition Line:143 - ==>  Preparing: SELECT w.* FROM tb_works w WHERE w.status LIKE concat('%',?,'%') and w.type LIKE concat('%',?,'%') ORDER BY w.works_id desc LIMIT ? 
2020-06-19 23:20:24.578 DEBUG --- [http-nio-8762-exec-6] com.vtu.mapper.WorksMapper.getWorksByCondition Line:143 - ==> Parameters: pass(String), 1(String), 4(Integer)
2020-06-19 23:20:24.587 DEBUG --- [http-nio-8762-exec-2] com.vtu.mapper.WorksMapper.getWorksByCondition_COUNT Line:143 - ==>  Preparing: SELECT count(0) FROM tb_works w WHERE w.status LIKE concat('%', ?, '%') AND w.type LIKE concat('%', ?, '%') 
2020-06-19 23:20:24.588 DEBUG --- [http-nio-8762-exec-2] com.vtu.mapper.WorksMapper.getWorksByCondition_COUNT Line:143 - ==> Parameters: pass(String), 2(String)
2020-06-19 23:20:24.616 DEBUG --- [http-nio-8762-exec-6] com.vtu.mapper.WorksMapper.getWorksByCondition Line:143 - <==      Total: 1
2020-06-19 23:20:24.635 DEBUG --- [http-nio-8762-exec-2] com.vtu.mapper.WorksMapper.getWorksByCondition_COUNT Line:143 - <==      Total: 1
2020-06-19 23:20:30.791 DEBUG --- [http-nio-8762-exec-10] com.vtu.mapper.WorksMapper.selectByAccountId Line:143 - ==>  Preparing: SELECT * FROM tb_works WHERE status LIKE concat('%',?,'%') and account_id LIKE concat('%', ?,'%') and type LIKE concat('%', ?,'%') 
2020-06-19 23:20:30.791 DEBUG --- [http-nio-8762-exec-1] com.vtu.mapper.WorksMapper.selectByAccountId Line:143 - ==>  Preparing: SELECT * FROM tb_works WHERE status LIKE concat('%',?,'%') and account_id LIKE concat('%', ?,'%') and type LIKE concat('%', ?,'%') 
2020-06-19 23:20:30.793 DEBUG --- [http-nio-8762-exec-1] com.vtu.mapper.WorksMapper.selectByAccountId Line:143 - ==> Parameters: refer(String), 12(Long), 3(String)
2020-06-19 23:20:30.793 DEBUG --- [http-nio-8762-exec-10] com.vtu.mapper.WorksMapper.selectByAccountId Line:143 - ==> Parameters: refer(String), 12(Long), 2(String)
2020-06-19 23:20:30.829 DEBUG --- [http-nio-8762-exec-10] com.vtu.mapper.WorksMapper.selectByAccountId Line:143 - <==      Total: 0
2020-06-19 23:20:30.830 DEBUG --- [http-nio-8762-exec-1] com.vtu.mapper.WorksMapper.selectByAccountId Line:143 - <==      Total: 0
2020-06-19 23:20:30.838 DEBUG --- [http-nio-8762-exec-3] com.vtu.mapper.WorksMapper.selectByAccountId Line:143 - ==>  Preparing: SELECT * FROM tb_works WHERE status LIKE concat('%',?,'%') and account_id LIKE concat('%', ?,'%') and type LIKE concat('%', ?,'%') 
2020-06-19 23:20:30.839 DEBUG --- [http-nio-8762-exec-3] com.vtu.mapper.WorksMapper.selectByAccountId Line:143 - ==> Parameters: refer(String), 12(Long), 1(String)
2020-06-19 23:20:30.877 DEBUG --- [http-nio-8762-exec-3] com.vtu.mapper.WorksMapper.selectByAccountId Line:143 - <==      Total: 0
2020-06-19 23:22:49.665 DEBUG --- [http-nio-8762-exec-6] com.vtu.mapper.WorksMapper.insert Line:143 - ==>  Preparing: insert into tb_works (works_id, account_id, title, `desc`, `type`, price, key_word, types_id, status, channel, colorSytem, duration, version, resolution, works_url, md5, `name`, `size`, compress_url, preview_url, synthesis_url, zip_url ) values (?, ?, ?, ?, ?, ?, ?, ?, ?, ?, ?, ?, ?, ?, ?, ?, ?, ?, ?, ?, ?, ? ) 
2020-06-19 23:22:49.666 DEBUG --- [http-nio-8762-exec-6] com.vtu.mapper.WorksMapper.insert Line:143 - ==> Parameters: null, 12(Long), 惊悚骷髅.mp4(String), null, 2(String), null, null, null, refer(String), null, null, 00:00:10.09(String), null, null, https://vtuweb.oss-cn-beijing.aliyuncs.com/temps/tempImport/1592580143889/ef9b3f4953cc4fb2b287552e15d5bfa4.mp4(String), 660046a3c4daf204a799c72f4ca14f3f(String), 惊悚骷髅.mp4(String), 2.5510762E7(Double), https://vtuweb.oss-cn-beijing.aliyuncs.com/temps/tempOutput/1592580143889/compress/惊悚骷髅.mp4(String), https://vtuweb.oss-cn-beijing.aliyuncs.com/temps/tempOutput/1592580143889/preview/image_00005.jpg(String), https://vtuweb.oss-cn-beijing.aliyuncs.com/temps/tempOutput/1592580143889/synthesis/惊悚骷髅.jpg(String), https://vtuweb.oss-cn-beijing.aliyuncs.com/temps/tempImport/1592580143889/ef9b3f4953cc4fb2b287552e15d5bfa4.mp4(String)
2020-06-19 23:22:49.738 DEBUG --- [http-nio-8762-exec-6] com.vtu.mapper.WorksMapper.insert Line:143 - <==    Updates: 1
2020-06-19 23:22:49.741 DEBUG --- [http-nio-8762-exec-6] com.vtu.mapper.WorksMapper.insert!selectKey Line:143 - ==>  Preparing: SELECT LAST_INSERT_ID() 
2020-06-19 23:22:49.742 DEBUG --- [http-nio-8762-exec-6] com.vtu.mapper.WorksMapper.insert!selectKey Line:143 - ==> Parameters: 
2020-06-19 23:22:49.778 DEBUG --- [http-nio-8762-exec-6] com.vtu.mapper.WorksMapper.insert!selectKey Line:143 - <==      Total: 1
2020-06-19 23:22:49.819 DEBUG --- [http-nio-8762-exec-2] com.vtu.mapper.WorksMapper.selectByAccountId Line:143 - ==>  Preparing: SELECT * FROM tb_works WHERE status LIKE concat('%',?,'%') and account_id LIKE concat('%', ?,'%') and type LIKE concat('%', ?,'%') 
2020-06-19 23:22:49.820 DEBUG --- [http-nio-8762-exec-2] com.vtu.mapper.WorksMapper.selectByAccountId Line:143 - ==> Parameters: refer(String), 12(Long), 2(String)
2020-06-19 23:22:49.864 DEBUG --- [http-nio-8762-exec-2] com.vtu.mapper.WorksMapper.selectByAccountId Line:143 - <==      Total: 1
2020-06-19 23:22:55.770 DEBUG --- [http-nio-8762-exec-4] com.vtu.mapper.WorksMapper.getWorksById Line:143 - ==>  Preparing: SELECT * FROM tb_works WHERE works_id = ? 
2020-06-19 23:22:55.771 DEBUG --- [http-nio-8762-exec-4] com.vtu.mapper.WorksMapper.getWorksById Line:143 - ==> Parameters: 165(String)
2020-06-19 23:22:55.806 DEBUG --- [http-nio-8762-exec-4] com.vtu.mapper.WorksMapper.getWorksById Line:143 - <==      Total: 1
2020-06-19 23:24:40.651 DEBUG --- [http-nio-8762-exec-1] com.vtu.mapper.WorksMapper.getWorksById Line:143 - ==>  Preparing: SELECT * FROM tb_works WHERE works_id = ? 
2020-06-19 23:24:40.653 DEBUG --- [http-nio-8762-exec-1] com.vtu.mapper.WorksMapper.getWorksById Line:143 - ==> Parameters: 165(String)
2020-06-19 23:24:40.689 DEBUG --- [http-nio-8762-exec-1] com.vtu.mapper.WorksMapper.getWorksById Line:143 - <==      Total: 1
2020-06-19 23:35:28.855 DEBUG --- [http-nio-8762-exec-7] com.vtu.mapper.WorksMapper.getWorksById Line:143 - ==>  Preparing: SELECT * FROM tb_works WHERE works_id = ? 
2020-06-19 23:35:28.857 DEBUG --- [http-nio-8762-exec-7] com.vtu.mapper.WorksMapper.getWorksById Line:143 - ==> Parameters: 165(String)
2020-06-19 23:35:28.895 DEBUG --- [http-nio-8762-exec-7] com.vtu.mapper.WorksMapper.getWorksById Line:143 - <==      Total: 1
2020-06-19 23:35:48.654 DEBUG --- [http-nio-8762-exec-8] com.vtu.mapper.WorksMapper.getWorksById Line:143 - ==>  Preparing: SELECT * FROM tb_works WHERE works_id = ? 
2020-06-19 23:35:48.655 DEBUG --- [http-nio-8762-exec-8] com.vtu.mapper.WorksMapper.getWorksById Line:143 - ==> Parameters: 165(String)
2020-06-19 23:35:48.691 DEBUG --- [http-nio-8762-exec-8] com.vtu.mapper.WorksMapper.getWorksById Line:143 - <==      Total: 1
2020-06-19 23:37:50.023 DEBUG --- [http-nio-8762-exec-2] com.vtu.mapper.WorksMapper.getWorksById Line:143 - ==>  Preparing: SELECT * FROM tb_works WHERE works_id = ? 
2020-06-19 23:37:50.024 DEBUG --- [http-nio-8762-exec-2] com.vtu.mapper.WorksMapper.getWorksById Line:143 - ==> Parameters: 165(String)
2020-06-19 23:37:50.060 DEBUG --- [http-nio-8762-exec-2] com.vtu.mapper.WorksMapper.getWorksById Line:143 - <==      Total: 1
2020-06-19 23:51:26.741 DEBUG --- [http-nio-8762-exec-4] com.vtu.mapper.WorksMapper.getWorksById Line:143 - ==>  Preparing: SELECT * FROM tb_works WHERE works_id = ? 
2020-06-19 23:51:26.741 DEBUG --- [http-nio-8762-exec-4] com.vtu.mapper.WorksMapper.getWorksById Line:143 - ==> Parameters: 165(String)
2020-06-19 23:51:26.780 DEBUG --- [http-nio-8762-exec-4] com.vtu.mapper.WorksMapper.getWorksById Line:143 - <==      Total: 1
2020-06-19 23:53:04.996 DEBUG --- [http-nio-8762-exec-1] com.vtu.mapper.WorksMapper.updateByPrimaryKeySelective Line:143 - ==>  Preparing: update tb_works SET account_id = ?, title = ?, type = ?, key_word = ?, status = ?, channel = ?, colorSytem = ?, duration = ?, resolution = ?, works_url = ?, md5 = ?, name = ?, size = ?, compress_url = ?, preview_url = ?, synthesis_url = ?, zip_url = ?, zip_url = ?, material = ? where works_id = ? 
2020-06-19 23:53:04.998 DEBUG --- [http-nio-8762-exec-1] com.vtu.mapper.WorksMapper.updateByPrimaryKeySelective Line:143 - ==> Parameters: 12(Long), MSFFSF(String), 2(String), KEY FSDFDSF(String), auditing(String), (String), (String), 00:00:10.09(String), (String), https://vtuweb.oss-cn-beijing.aliyuncs.com/temps/tempImport/1592580143889/ef9b3f4953cc4fb2b287552e15d5bfa4.mp4(String), 660046a3c4daf204a799c72f4ca14f3f(String), 惊悚骷髅.mp4(String), 2.5510762E7(Double), https://vtuweb.oss-cn-beijing.aliyuncs.com/temps/tempOutput/1592580143889/compress/惊悚骷髅.mp4(String), https://vtuweb.oss-cn-beijing.aliyuncs.com/temps/tempOutput/1592580143889/preview/image_00005.jpg(String), https://vtuweb.oss-cn-beijing.aliyuncs.com/temps/tempOutput/1592580143889/synthesis/惊悚骷髅.jpg(String), https://vtuweb.oss-cn-beijing.aliyuncs.com/temps/tempImport/1592580143889/ef9b3f4953cc4fb2b287552e15d5bfa4.mp4(String), mp4(String), 视频素材(String), 165(Long)
2020-06-19 23:53:05.077 DEBUG --- [http-nio-8762-exec-1] com.vtu.mapper.WorksMapper.updateByPrimaryKeySelective Line:143 - <==    Updates: 1
