2020-04-21 00:25:41.485 DEBUG --- [restartedMain] org.apache.ibatis.logging.LogFactory Line:105 - Logging initialized using 'class org.apache.ibatis.logging.slf4j.Slf4jImpl' adapter.
2020-04-21 00:27:03.625 DEBUG --- [http-nio-8762-exec-1] com.vtu.mapper.CustomerMapper.selectByAuthCode Line:143 - ==>  Preparing: select account_id, account, password, name, phone, id_card, remain, is_vip, is_shoper, email, email_send_time,wxId, qqId,authCode,isAuth,sex from tb_customer where authCode = ? 
2020-04-21 00:27:03.656 DEBUG --- [http-nio-8762-exec-1] com.vtu.mapper.CustomerMapper.selectByAuthCode Line:143 - ==> Parameters: Geess5TEJA8bYEgd2218mrpNecfAjdEv(String)
2020-04-21 00:27:03.729 DEBUG --- [http-nio-8762-exec-1] com.vtu.mapper.CustomerMapper.selectByAuthCode Line:143 - <==      Total: 1
2020-04-21 00:27:03.735 DEBUG --- [http-nio-8762-exec-1] com.vtu.mapper.CustomerVipMapper.selectByAccountId Line:143 - ==>  Preparing: select id, account_id, vip_detail_id, start_time, end_time, is_vip from tb_customer_vip where account_id = ? 
2020-04-21 00:27:03.739 DEBUG --- [http-nio-8762-exec-1] com.vtu.mapper.CustomerVipMapper.selectByAccountId Line:143 - ==> Parameters: 11(Long)
2020-04-21 00:27:03.777 DEBUG --- [http-nio-8762-exec-1] com.vtu.mapper.CustomerVipMapper.selectByAccountId Line:143 - <==      Total: 0
2020-04-21 00:27:03.779 DEBUG --- [http-nio-8762-exec-1] com.vtu.mapper.CustomerMapper.updateByPrimaryKey Line:143 - ==>  Preparing: update tb_customer set account = ?, password = ?, name = ?, sex = ?, phone = ?, id_card = ?, remain = ?, is_vip = ?, is_shoper = ?, email = ?, email_send_time = ?, wxId = ?, qqId = ?, authCode = ?, isAuth = ? where account_id = ? 
2020-04-21 00:27:03.780 DEBUG --- [http-nio-8762-exec-1] com.vtu.mapper.CustomerMapper.updateByPrimaryKey Line:143 - ==> Parameters: VT20200124124105425(String), null, null, null, null, null, null, null, null, 1248882527@qq.com(String), 2020-04-20 00:48:27:087(String), null, null, Geess5TEJA8bYEgd2218mrpNecfAjdEv(String), true(String), 11(Long)
2020-04-21 00:27:03.855 DEBUG --- [http-nio-8762-exec-1] com.vtu.mapper.CustomerMapper.updateByPrimaryKey Line:143 - <==    Updates: 1
2020-04-21 00:27:06.712 DEBUG --- [http-nio-8762-exec-2] com.vtu.mapper.WorksMapper.findAuditingWorks_COUNT Line:143 - ==>  Preparing: SELECT count(0) FROM tb_works w LEFT JOIN tb_works_url u ON w.works_id = u.works_id WHERE w.works_status LIKE concat('%', ?, '%') 
2020-04-21 00:27:06.713 DEBUG --- [http-nio-8762-exec-2] com.vtu.mapper.WorksMapper.findAuditingWorks_COUNT Line:143 - ==> Parameters: pass(String)
2020-04-21 00:27:06.751 DEBUG --- [http-nio-8762-exec-2] com.vtu.mapper.WorksMapper.findAuditingWorks_COUNT Line:143 - <==      Total: 1
2020-04-21 00:27:06.753 DEBUG --- [http-nio-8762-exec-2] com.vtu.mapper.WorksMapper.findAuditingWorks Line:143 - ==>  Preparing: SELECT w.works_id, w.works_title, w.works_desc, w.price,w.key_word, w.types_id,w.works_status,w.colorSytem,w.works_duration,channel,version, u.works_url_id,u.works_id, u.works_url,u.works_md5,u.works_name,u.works_size,u.compress_url,u.preview_url,u.synthesis_url FROM tb_works w LEFT JOIN tb_works_url u ON w.works_id = u.works_id WHERE w.works_status LIKE concat('%',?,'%') ORDER BY w.works_id desc LIMIT ? 
2020-04-21 00:27:06.755 DEBUG --- [http-nio-8762-exec-2] com.vtu.mapper.WorksMapper.findAuditingWorks Line:143 - ==> Parameters: pass(String), 4(Integer)
2020-04-21 00:27:06.794 DEBUG --- [http-nio-8762-exec-2] com.vtu.mapper.WorksMapper.findAuditingWorks Line:143 - <==      Total: 2
2020-04-21 00:27:08.189 DEBUG --- [http-nio-8762-exec-3] com.vtu.mapper.WorksMapper.getWorksById Line:143 - ==>  Preparing: SELECT w.works_id, w.works_title, w.works_desc, w.price, w.key_word, w.types_id, w.channel,w.version, w.works_status, w.colorSytem,w.works_duration, u.works_url_id, u.works_url works_url, u.works_md5, u.works_name, u.works_size, u.compress_url, u.preview_url, u.synthesis_url FROM ( SELECT * FROM tb_works WHERE works_id = ? ) w LEFT JOIN tb_works_url u ON w.works_id = u.works_id 
2020-04-21 00:27:08.191 DEBUG --- [http-nio-8762-exec-3] com.vtu.mapper.WorksMapper.getWorksById Line:143 - ==> Parameters: 72(String)
2020-04-21 00:27:08.232 DEBUG --- [http-nio-8762-exec-3] com.vtu.mapper.WorksMapper.getWorksById Line:143 - <==      Total: 1
2020-04-21 00:27:08.266 DEBUG --- [http-nio-8762-exec-4] com.vtu.mapper.PersonalBalanceMapper.getPersonalBalanceByAccountId Line:143 - ==>  Preparing: select personal_money_id, account_id, balance from tb_personal_balance where account_id = ? 
2020-04-21 00:27:08.266 DEBUG --- [http-nio-8762-exec-4] com.vtu.mapper.PersonalBalanceMapper.getPersonalBalanceByAccountId Line:143 - ==> Parameters: 11(Long)
2020-04-21 00:27:08.305 DEBUG --- [http-nio-8762-exec-4] com.vtu.mapper.PersonalBalanceMapper.getPersonalBalanceByAccountId Line:143 - <==      Total: 0
2020-04-21 00:27:09.781 DEBUG --- [http-nio-8762-exec-5] com.vtu.mapper.WorksMapper.findAuditingWorks_COUNT Line:143 - ==>  Preparing: SELECT count(0) FROM tb_works w LEFT JOIN tb_works_url u ON w.works_id = u.works_id WHERE w.works_status LIKE concat('%', ?, '%') 
2020-04-21 00:27:09.782 DEBUG --- [http-nio-8762-exec-5] com.vtu.mapper.WorksMapper.findAuditingWorks_COUNT Line:143 - ==> Parameters: pass(String)
2020-04-21 00:27:09.821 DEBUG --- [http-nio-8762-exec-5] com.vtu.mapper.WorksMapper.findAuditingWorks_COUNT Line:143 - <==      Total: 1
2020-04-21 00:27:09.824 DEBUG --- [http-nio-8762-exec-5] com.vtu.mapper.WorksMapper.findAuditingWorks Line:143 - ==>  Preparing: SELECT w.works_id, w.works_title, w.works_desc, w.price,w.key_word, w.types_id,w.works_status,w.colorSytem,w.works_duration,channel,version, u.works_url_id,u.works_id, u.works_url,u.works_md5,u.works_name,u.works_size,u.compress_url,u.preview_url,u.synthesis_url FROM tb_works w LEFT JOIN tb_works_url u ON w.works_id = u.works_id WHERE w.works_status LIKE concat('%',?,'%') ORDER BY w.works_id desc LIMIT ? 
2020-04-21 00:27:09.825 DEBUG --- [http-nio-8762-exec-5] com.vtu.mapper.WorksMapper.findAuditingWorks Line:143 - ==> Parameters: pass(String), 4(Integer)
2020-04-21 00:27:09.868 DEBUG --- [http-nio-8762-exec-5] com.vtu.mapper.WorksMapper.findAuditingWorks Line:143 - <==      Total: 2
2020-04-21 00:29:50.975 DEBUG --- [http-nio-8762-exec-7] com.vtu.mapper.WorksMapper.getWorksById Line:143 - ==>  Preparing: SELECT w.works_id, w.works_title, w.works_desc, w.price, w.key_word, w.types_id, w.channel,w.version, w.works_status, w.colorSytem,w.works_duration, u.works_url_id, u.works_url works_url, u.works_md5, u.works_name, u.works_size, u.compress_url, u.preview_url, u.synthesis_url FROM ( SELECT * FROM tb_works WHERE works_id = ? ) w LEFT JOIN tb_works_url u ON w.works_id = u.works_id 
2020-04-21 00:29:50.977 DEBUG --- [http-nio-8762-exec-7] com.vtu.mapper.WorksMapper.getWorksById Line:143 - ==> Parameters: 72(String)
2020-04-21 00:29:51.016 DEBUG --- [http-nio-8762-exec-7] com.vtu.mapper.WorksMapper.getWorksById Line:143 - <==      Total: 1
2020-04-21 00:29:51.028 DEBUG --- [http-nio-8762-exec-8] com.vtu.mapper.PersonalBalanceMapper.getPersonalBalanceByAccountId Line:143 - ==>  Preparing: select personal_money_id, account_id, balance from tb_personal_balance where account_id = ? 
2020-04-21 00:29:51.029 DEBUG --- [http-nio-8762-exec-8] com.vtu.mapper.PersonalBalanceMapper.getPersonalBalanceByAccountId Line:143 - ==> Parameters: 11(Long)
2020-04-21 00:29:51.064 DEBUG --- [http-nio-8762-exec-8] com.vtu.mapper.PersonalBalanceMapper.getPersonalBalanceByAccountId Line:143 - <==      Total: 0
2020-04-21 00:29:53.443 DEBUG --- [http-nio-8762-exec-9] com.vtu.mapper.WorksMapper.findAuditingWorks_COUNT Line:143 - ==>  Preparing: SELECT count(0) FROM tb_works w LEFT JOIN tb_works_url u ON w.works_id = u.works_id WHERE w.works_status LIKE concat('%', ?, '%') 
2020-04-21 00:29:53.446 DEBUG --- [http-nio-8762-exec-9] com.vtu.mapper.WorksMapper.findAuditingWorks_COUNT Line:143 - ==> Parameters: pass(String)
2020-04-21 00:29:53.483 DEBUG --- [http-nio-8762-exec-9] com.vtu.mapper.WorksMapper.findAuditingWorks_COUNT Line:143 - <==      Total: 1
2020-04-21 00:29:53.485 DEBUG --- [http-nio-8762-exec-9] com.vtu.mapper.WorksMapper.findAuditingWorks Line:143 - ==>  Preparing: SELECT w.works_id, w.works_title, w.works_desc, w.price,w.key_word, w.types_id,w.works_status,w.colorSytem,w.works_duration,channel,version, u.works_url_id,u.works_id, u.works_url,u.works_md5,u.works_name,u.works_size,u.compress_url,u.preview_url,u.synthesis_url FROM tb_works w LEFT JOIN tb_works_url u ON w.works_id = u.works_id WHERE w.works_status LIKE concat('%',?,'%') ORDER BY w.works_id desc LIMIT ? 
2020-04-21 00:29:53.487 DEBUG --- [http-nio-8762-exec-9] com.vtu.mapper.WorksMapper.findAuditingWorks Line:143 - ==> Parameters: pass(String), 4(Integer)
2020-04-21 00:29:53.528 DEBUG --- [http-nio-8762-exec-9] com.vtu.mapper.WorksMapper.findAuditingWorks Line:143 - <==      Total: 2
2020-04-21 00:31:04.822 DEBUG --- [http-nio-8762-exec-1] com.vtu.mapper.WorksMapper.getWorksById Line:143 - ==>  Preparing: SELECT w.works_id, w.works_title, w.works_desc, w.price, w.key_word, w.types_id, w.channel,w.version, w.works_status, w.colorSytem,w.works_duration, u.works_url_id, u.works_url works_url, u.works_md5, u.works_name, u.works_size, u.compress_url, u.preview_url, u.synthesis_url FROM ( SELECT * FROM tb_works WHERE works_id = ? ) w LEFT JOIN tb_works_url u ON w.works_id = u.works_id 
2020-04-21 00:31:04.823 DEBUG --- [http-nio-8762-exec-1] com.vtu.mapper.WorksMapper.getWorksById Line:143 - ==> Parameters: 72(String)
2020-04-21 00:31:04.860 DEBUG --- [http-nio-8762-exec-1] com.vtu.mapper.WorksMapper.getWorksById Line:143 - <==      Total: 1
2020-04-21 00:31:04.870 DEBUG --- [http-nio-8762-exec-2] com.vtu.mapper.PersonalBalanceMapper.getPersonalBalanceByAccountId Line:143 - ==>  Preparing: select personal_money_id, account_id, balance from tb_personal_balance where account_id = ? 
2020-04-21 00:31:04.871 DEBUG --- [http-nio-8762-exec-2] com.vtu.mapper.PersonalBalanceMapper.getPersonalBalanceByAccountId Line:143 - ==> Parameters: 11(Long)
2020-04-21 00:31:04.907 DEBUG --- [http-nio-8762-exec-2] com.vtu.mapper.PersonalBalanceMapper.getPersonalBalanceByAccountId Line:143 - <==      Total: 0
2020-04-21 00:31:07.025 DEBUG --- [http-nio-8762-exec-3] com.vtu.mapper.WorksMapper.findAuditingWorks_COUNT Line:143 - ==>  Preparing: SELECT count(0) FROM tb_works w LEFT JOIN tb_works_url u ON w.works_id = u.works_id WHERE w.works_status LIKE concat('%', ?, '%') 
2020-04-21 00:31:07.027 DEBUG --- [http-nio-8762-exec-3] com.vtu.mapper.WorksMapper.findAuditingWorks_COUNT Line:143 - ==> Parameters: pass(String)
2020-04-21 00:31:07.064 DEBUG --- [http-nio-8762-exec-3] com.vtu.mapper.WorksMapper.findAuditingWorks_COUNT Line:143 - <==      Total: 1
2020-04-21 00:31:07.067 DEBUG --- [http-nio-8762-exec-3] com.vtu.mapper.WorksMapper.findAuditingWorks Line:143 - ==>  Preparing: SELECT w.works_id, w.works_title, w.works_desc, w.price,w.key_word, w.types_id,w.works_status,w.colorSytem,w.works_duration,channel,version, u.works_url_id,u.works_id, u.works_url,u.works_md5,u.works_name,u.works_size,u.compress_url,u.preview_url,u.synthesis_url FROM tb_works w LEFT JOIN tb_works_url u ON w.works_id = u.works_id WHERE w.works_status LIKE concat('%',?,'%') ORDER BY w.works_id desc LIMIT ? 
2020-04-21 00:31:07.068 DEBUG --- [http-nio-8762-exec-3] com.vtu.mapper.WorksMapper.findAuditingWorks Line:143 - ==> Parameters: pass(String), 4(Integer)
2020-04-21 00:31:07.112 DEBUG --- [http-nio-8762-exec-3] com.vtu.mapper.WorksMapper.findAuditingWorks Line:143 - <==      Total: 2
2020-04-21 00:31:25.225 DEBUG --- [http-nio-8762-exec-5] com.vtu.mapper.WorksMapper.getWorksById Line:143 - ==>  Preparing: SELECT w.works_id, w.works_title, w.works_desc, w.price, w.key_word, w.types_id, w.channel,w.version, w.works_status, w.colorSytem,w.works_duration, u.works_url_id, u.works_url works_url, u.works_md5, u.works_name, u.works_size, u.compress_url, u.preview_url, u.synthesis_url FROM ( SELECT * FROM tb_works WHERE works_id = ? ) w LEFT JOIN tb_works_url u ON w.works_id = u.works_id 
2020-04-21 00:31:25.226 DEBUG --- [http-nio-8762-exec-5] com.vtu.mapper.WorksMapper.getWorksById Line:143 - ==> Parameters: 72(String)
2020-04-21 00:31:25.268 DEBUG --- [http-nio-8762-exec-5] com.vtu.mapper.WorksMapper.getWorksById Line:143 - <==      Total: 1
2020-04-21 00:31:25.280 DEBUG --- [http-nio-8762-exec-6] com.vtu.mapper.PersonalBalanceMapper.getPersonalBalanceByAccountId Line:143 - ==>  Preparing: select personal_money_id, account_id, balance from tb_personal_balance where account_id = ? 
2020-04-21 00:31:25.281 DEBUG --- [http-nio-8762-exec-6] com.vtu.mapper.PersonalBalanceMapper.getPersonalBalanceByAccountId Line:143 - ==> Parameters: 11(Long)
2020-04-21 00:31:25.316 DEBUG --- [http-nio-8762-exec-6] com.vtu.mapper.PersonalBalanceMapper.getPersonalBalanceByAccountId Line:143 - <==      Total: 0
2020-04-21 00:31:26.877 DEBUG --- [http-nio-8762-exec-7] com.vtu.mapper.WorksMapper.findAuditingWorks_COUNT Line:143 - ==>  Preparing: SELECT count(0) FROM tb_works w LEFT JOIN tb_works_url u ON w.works_id = u.works_id WHERE w.works_status LIKE concat('%', ?, '%') 
2020-04-21 00:31:26.878 DEBUG --- [http-nio-8762-exec-7] com.vtu.mapper.WorksMapper.findAuditingWorks_COUNT Line:143 - ==> Parameters: pass(String)
2020-04-21 00:31:26.923 DEBUG --- [http-nio-8762-exec-7] com.vtu.mapper.WorksMapper.findAuditingWorks_COUNT Line:143 - <==      Total: 1
2020-04-21 00:31:26.924 DEBUG --- [http-nio-8762-exec-7] com.vtu.mapper.WorksMapper.findAuditingWorks Line:143 - ==>  Preparing: SELECT w.works_id, w.works_title, w.works_desc, w.price,w.key_word, w.types_id,w.works_status,w.colorSytem,w.works_duration,channel,version, u.works_url_id,u.works_id, u.works_url,u.works_md5,u.works_name,u.works_size,u.compress_url,u.preview_url,u.synthesis_url FROM tb_works w LEFT JOIN tb_works_url u ON w.works_id = u.works_id WHERE w.works_status LIKE concat('%',?,'%') ORDER BY w.works_id desc LIMIT ? 
2020-04-21 00:31:26.925 DEBUG --- [http-nio-8762-exec-7] com.vtu.mapper.WorksMapper.findAuditingWorks Line:143 - ==> Parameters: pass(String), 4(Integer)
2020-04-21 00:31:26.964 DEBUG --- [http-nio-8762-exec-7] com.vtu.mapper.WorksMapper.findAuditingWorks Line:143 - <==      Total: 2
2020-04-21 00:32:40.123 DEBUG --- [http-nio-8762-exec-9] com.vtu.mapper.WorksMapper.findAuditingWorks_COUNT Line:143 - ==>  Preparing: SELECT count(0) FROM tb_works w LEFT JOIN tb_works_url u ON w.works_id = u.works_id WHERE w.works_status LIKE concat('%', ?, '%') 
2020-04-21 00:32:40.125 DEBUG --- [http-nio-8762-exec-9] com.vtu.mapper.WorksMapper.findAuditingWorks_COUNT Line:143 - ==> Parameters: pass(String)
2020-04-21 00:32:40.160 DEBUG --- [http-nio-8762-exec-9] com.vtu.mapper.WorksMapper.findAuditingWorks_COUNT Line:143 - <==      Total: 1
2020-04-21 00:32:40.162 DEBUG --- [http-nio-8762-exec-9] com.vtu.mapper.WorksMapper.findAuditingWorks Line:143 - ==>  Preparing: SELECT w.works_id, w.works_title, w.works_desc, w.price,w.key_word, w.types_id,w.works_status,w.colorSytem,w.works_duration,channel,version, u.works_url_id,u.works_id, u.works_url,u.works_md5,u.works_name,u.works_size,u.compress_url,u.preview_url,u.synthesis_url FROM tb_works w LEFT JOIN tb_works_url u ON w.works_id = u.works_id WHERE w.works_status LIKE concat('%',?,'%') ORDER BY w.works_id desc LIMIT ? 
2020-04-21 00:32:40.162 DEBUG --- [http-nio-8762-exec-9] com.vtu.mapper.WorksMapper.findAuditingWorks Line:143 - ==> Parameters: pass(String), 4(Integer)
2020-04-21 00:32:40.209 DEBUG --- [http-nio-8762-exec-9] com.vtu.mapper.WorksMapper.findAuditingWorks Line:143 - <==      Total: 2
2020-04-21 00:32:42.354 DEBUG --- [http-nio-8762-exec-10] com.vtu.mapper.WorksMapper.getWorksById Line:143 - ==>  Preparing: SELECT w.works_id, w.works_title, w.works_desc, w.price, w.key_word, w.types_id, w.channel,w.version, w.works_status, w.colorSytem,w.works_duration, u.works_url_id, u.works_url works_url, u.works_md5, u.works_name, u.works_size, u.compress_url, u.preview_url, u.synthesis_url FROM ( SELECT * FROM tb_works WHERE works_id = ? ) w LEFT JOIN tb_works_url u ON w.works_id = u.works_id 
2020-04-21 00:32:42.355 DEBUG --- [http-nio-8762-exec-10] com.vtu.mapper.WorksMapper.getWorksById Line:143 - ==> Parameters: 72(String)
2020-04-21 00:32:42.392 DEBUG --- [http-nio-8762-exec-10] com.vtu.mapper.WorksMapper.getWorksById Line:143 - <==      Total: 1
2020-04-21 00:32:42.401 DEBUG --- [http-nio-8762-exec-1] com.vtu.mapper.PersonalBalanceMapper.getPersonalBalanceByAccountId Line:143 - ==>  Preparing: select personal_money_id, account_id, balance from tb_personal_balance where account_id = ? 
2020-04-21 00:32:42.401 DEBUG --- [http-nio-8762-exec-1] com.vtu.mapper.PersonalBalanceMapper.getPersonalBalanceByAccountId Line:143 - ==> Parameters: 11(Long)
2020-04-21 00:32:42.437 DEBUG --- [http-nio-8762-exec-1] com.vtu.mapper.PersonalBalanceMapper.getPersonalBalanceByAccountId Line:143 - <==      Total: 0
2020-04-21 00:32:43.665 DEBUG --- [http-nio-8762-exec-2] com.vtu.mapper.WorksMapper.findAuditingWorks_COUNT Line:143 - ==>  Preparing: SELECT count(0) FROM tb_works w LEFT JOIN tb_works_url u ON w.works_id = u.works_id WHERE w.works_status LIKE concat('%', ?, '%') 
2020-04-21 00:32:43.666 DEBUG --- [http-nio-8762-exec-2] com.vtu.mapper.WorksMapper.findAuditingWorks_COUNT Line:143 - ==> Parameters: pass(String)
2020-04-21 00:32:43.704 DEBUG --- [http-nio-8762-exec-2] com.vtu.mapper.WorksMapper.findAuditingWorks_COUNT Line:143 - <==      Total: 1
2020-04-21 00:32:43.706 DEBUG --- [http-nio-8762-exec-2] com.vtu.mapper.WorksMapper.findAuditingWorks Line:143 - ==>  Preparing: SELECT w.works_id, w.works_title, w.works_desc, w.price,w.key_word, w.types_id,w.works_status,w.colorSytem,w.works_duration,channel,version, u.works_url_id,u.works_id, u.works_url,u.works_md5,u.works_name,u.works_size,u.compress_url,u.preview_url,u.synthesis_url FROM tb_works w LEFT JOIN tb_works_url u ON w.works_id = u.works_id WHERE w.works_status LIKE concat('%',?,'%') ORDER BY w.works_id desc LIMIT ? 
2020-04-21 00:32:43.707 DEBUG --- [http-nio-8762-exec-2] com.vtu.mapper.WorksMapper.findAuditingWorks Line:143 - ==> Parameters: pass(String), 4(Integer)
2020-04-21 00:32:43.746 DEBUG --- [http-nio-8762-exec-2] com.vtu.mapper.WorksMapper.findAuditingWorks Line:143 - <==      Total: 2
