2021-01-09 19:34:14.734 DEBUG --- [restartedMain] org.apache.ibatis.logging.LogFactory Line:105 - Logging initialized using 'class org.apache.ibatis.logging.slf4j.Slf4jImpl' adapter.
2021-01-09 19:35:04.363 DEBUG --- [http-nio-8762-exec-10] com.vtu.mapper.CustomerMapper.selectByAuthCode Line:143 - ==>  Preparing: select account_id, account, password, name, phone, id_card, remain, is_vip, is_shoper, email, email_send_time,wxId, qqId,authCode,isAuth, sex,header_image_url,head_portrait_url,id_card_url,passport_url,business_liscence_url,protocol_url,shoper_type,shoper_status from tb_customer where authCode = ? 
2021-01-09 19:35:04.401 DEBUG --- [http-nio-8762-exec-10] com.vtu.mapper.CustomerMapper.selectByAuthCode Line:143 - ==> Parameters: 1234(String)
2021-01-09 19:35:04.472 DEBUG --- [http-nio-8762-exec-10] com.vtu.mapper.CustomerMapper.selectByAuthCode Line:143 - <==      Total: 1
2021-01-09 19:35:04.479 DEBUG --- [http-nio-8762-exec-10] com.vtu.mapper.CustomerVipMapper.selectByAccountId Line:143 - ==>  Preparing: select id, account_id, vip_detail_id, start_time, end_time, is_vip from tb_customer_vip where account_id = ? 
2021-01-09 19:35:04.483 DEBUG --- [http-nio-8762-exec-10] com.vtu.mapper.CustomerVipMapper.selectByAccountId Line:143 - ==> Parameters: 12(Long)
2021-01-09 19:35:04.514 DEBUG --- [http-nio-8762-exec-10] com.vtu.mapper.CustomerVipMapper.selectByAccountId Line:143 - <==      Total: 0
2021-01-09 19:35:04.516 DEBUG --- [http-nio-8762-exec-10] com.vtu.mapper.CustomerMapper.updateByPrimaryKey Line:143 - ==>  Preparing: update tb_customer set account = ?, password = ?, name = ?, sex = ?, phone = ?, id_card = ?, remain = ?, is_vip = ?, is_shoper = ?, email = ?, email_send_time = ?, wxId = ?, qqId = ?, authCode = ?, isAuth = ?, header_image_url = ?, head_portrait_url = ?, id_card_url = ?, passport_url = ?, business_liscence_url = ?, protocol_url = ?, shoper_type = ?, shoper_status = ? where account_id = ? 
2021-01-09 19:35:04.521 DEBUG --- [http-nio-8762-exec-10] com.vtu.mapper.CustomerMapper.updateByPrimaryKey Line:143 - ==> Parameters: VT20191103232122916(String), null, 小星星(String), null, null, null, 10(BigDecimal), null, null, 786107325@qq.com(String), 2019-11-03 23:21:22:915(String), null, null, 1234(String), true(String), https://vtuweb.oss-cn-beijing.aliyuncs.com/temps/tempOutput/1605435370549/headerImage/儿童.jpg(String), null, null, null, null, null, personal(String), (String), 12(Long)
2021-01-09 19:35:04.580 DEBUG --- [http-nio-8762-exec-10] com.vtu.mapper.CustomerMapper.updateByPrimaryKey Line:143 - <==    Updates: 1
2021-01-09 19:35:07.736 DEBUG --- [http-nio-8762-exec-8] com.vtu.mapper.WorksMapper.getWorksByCondition_COUNT Line:143 - ==>  Preparing: select count(0) from (SELECT w.* FROM tb_works w WHERE w.status LIKE concat('%',?,'%') and w.type LIKE concat('%',?,'%') and (w.is_del IS NULL || length(w.is_del)!=0) ORDER BY w.works_id desc) tmp_count 
2021-01-09 19:35:07.736 DEBUG --- [http-nio-8762-exec-8] com.vtu.mapper.WorksMapper.getWorksByCondition_COUNT Line:143 - ==> Parameters: pass(String), 3(String)
2021-01-09 19:35:07.783 DEBUG --- [http-nio-8762-exec-8] com.vtu.mapper.WorksMapper.getWorksByCondition_COUNT Line:143 - <==      Total: 1
2021-01-09 19:35:07.783 DEBUG --- [http-nio-8762-exec-9] com.vtu.mapper.WorksMapper.getWorksByCondition_COUNT Line:143 - ==>  Preparing: select count(0) from (SELECT w.* FROM tb_works w WHERE w.status LIKE concat('%',?,'%') and w.type LIKE concat('%',?,'%') and (w.is_del IS NULL || length(w.is_del)!=0) ORDER BY w.works_id desc) tmp_count 
2021-01-09 19:35:07.783 DEBUG --- [http-nio-8762-exec-9] com.vtu.mapper.WorksMapper.getWorksByCondition_COUNT Line:143 - ==> Parameters: pass(String), 2(String)
2021-01-09 19:35:07.829 DEBUG --- [http-nio-8762-exec-9] com.vtu.mapper.WorksMapper.getWorksByCondition_COUNT Line:143 - <==      Total: 1
2021-01-09 19:35:07.829 DEBUG --- [http-nio-8762-exec-7] com.vtu.mapper.WorksMapper.getWorksByCondition_COUNT Line:143 - ==>  Preparing: select count(0) from (SELECT w.* FROM tb_works w WHERE w.status LIKE concat('%',?,'%') and w.type LIKE concat('%',?,'%') and (w.is_del IS NULL || length(w.is_del)!=0) ORDER BY w.works_id desc) tmp_count 
2021-01-09 19:35:07.829 DEBUG --- [http-nio-8762-exec-7] com.vtu.mapper.WorksMapper.getWorksByCondition_COUNT Line:143 - ==> Parameters: pass(String), 1(String)
2021-01-09 19:35:07.861 DEBUG --- [http-nio-8762-exec-7] com.vtu.mapper.WorksMapper.getWorksByCondition_COUNT Line:143 - <==      Total: 1
2021-01-09 19:35:07.861 DEBUG --- [http-nio-8762-exec-7] com.vtu.mapper.WorksMapper.getWorksByCondition Line:143 - ==>  Preparing: SELECT w.* FROM tb_works w WHERE w.status LIKE concat('%',?,'%') and w.type LIKE concat('%',?,'%') and (w.is_del IS NULL || length(w.is_del)!=0) ORDER BY w.works_id desc LIMIT ? 
2021-01-09 19:35:07.861 DEBUG --- [http-nio-8762-exec-7] com.vtu.mapper.WorksMapper.getWorksByCondition Line:143 - ==> Parameters: pass(String), 1(String), 4(Integer)
2021-01-09 19:35:07.892 DEBUG --- [http-nio-8762-exec-7] com.vtu.mapper.WorksMapper.getWorksByCondition Line:143 - <==      Total: 1
2021-01-09 19:35:20.588 DEBUG --- [http-nio-8762-exec-3] com.vtu.mapper.VipMapper.selectByVipType Line:143 - ==>  Preparing: SELECT id, vip_type, type_name , vip_detail_id,vip_id, vip_name, time_long, time_unit, com_material, material, modial_material, custom_discount,prices, invoice_type,sort_num FROM (SELECT * FROM tb_vip WHERE vip_type=?) a LEFT JOIN tb_vip_detail b ON a.id = b.vip_id ORDER BY sort_num,vip_detail_id 
2021-01-09 19:35:20.588 DEBUG --- [http-nio-8762-exec-2] com.vtu.mapper.VipMapper.selectByVipType Line:143 - ==>  Preparing: SELECT id, vip_type, type_name , vip_detail_id,vip_id, vip_name, time_long, time_unit, com_material, material, modial_material, custom_discount,prices, invoice_type,sort_num FROM (SELECT * FROM tb_vip WHERE vip_type=?) a LEFT JOIN tb_vip_detail b ON a.id = b.vip_id ORDER BY sort_num,vip_detail_id 
2021-01-09 19:35:20.589 DEBUG --- [http-nio-8762-exec-2] com.vtu.mapper.VipMapper.selectByVipType Line:143 - ==> Parameters: 1(Long)
2021-01-09 19:35:20.590 DEBUG --- [http-nio-8762-exec-3] com.vtu.mapper.VipMapper.selectByVipType Line:143 - ==> Parameters: 1(Long)
2021-01-09 19:35:20.649 DEBUG --- [http-nio-8762-exec-2] com.vtu.mapper.VipMapper.selectByVipType Line:143 - <==      Total: 12
2021-01-09 19:35:20.649 DEBUG --- [http-nio-8762-exec-3] com.vtu.mapper.VipMapper.selectByVipType Line:143 - <==      Total: 12
2021-01-09 19:35:20.651 DEBUG --- [http-nio-8762-exec-1] com.vtu.mapper.WorksDownloadMapper.findAllByAccountId_COUNT Line:143 - ==>  Preparing: SELECT count(0) FROM tb_works t, tb_works_download d WHERE t.works_id = d.works_id AND d.account_id = ? 
2021-01-09 19:35:20.655 DEBUG --- [http-nio-8762-exec-1] com.vtu.mapper.WorksDownloadMapper.findAllByAccountId_COUNT Line:143 - ==> Parameters: 12(Long)
2021-01-09 19:35:20.690 DEBUG --- [http-nio-8762-exec-1] com.vtu.mapper.WorksDownloadMapper.findAllByAccountId_COUNT Line:143 - <==      Total: 1
2021-01-09 19:35:20.693 DEBUG --- [http-nio-8762-exec-1] com.vtu.mapper.WorksDownloadMapper.findAllByAccountId Line:143 - ==>  Preparing: SELECT t.*,d.down_time from tb_works t,tb_works_download d WHERE t.works_id=d.works_id AND d.account_id=? ORDER BY d.down_time DESC LIMIT ? 
2021-01-09 19:35:20.694 DEBUG --- [http-nio-8762-exec-1] com.vtu.mapper.WorksDownloadMapper.findAllByAccountId Line:143 - ==> Parameters: 12(Long), 10(Integer)
2021-01-09 19:35:20.729 DEBUG --- [http-nio-8762-exec-1] com.vtu.mapper.WorksDownloadMapper.findAllByAccountId Line:143 - <==      Total: 1
2021-01-09 19:35:20.755 DEBUG --- [http-nio-8762-exec-10] com.vtu.mapper.RechargeRecordMapper.findAllByAccountId_COUNT Line:143 - ==>  Preparing: SELECT count(0) FROM tb_recharge_record WHERE account_id = ? 
2021-01-09 19:35:20.759 DEBUG --- [http-nio-8762-exec-10] com.vtu.mapper.RechargeRecordMapper.findAllByAccountId_COUNT Line:143 - ==> Parameters: 12(Long)
2021-01-09 19:35:20.788 DEBUG --- [http-nio-8762-exec-10] com.vtu.mapper.RechargeRecordMapper.findAllByAccountId_COUNT Line:143 - <==      Total: 1
2021-01-09 19:35:20.789 DEBUG --- [http-nio-8762-exec-10] com.vtu.mapper.RechargeRecordMapper.findAllByAccountId Line:143 - ==>  Preparing: select recharge_id, account_id, recharge_time, recharge_money from tb_recharge_record where account_id = ? LIMIT ? 
2021-01-09 19:35:20.797 DEBUG --- [http-nio-8762-exec-10] com.vtu.mapper.RechargeRecordMapper.findAllByAccountId Line:143 - ==> Parameters: 12(Long), 5(Integer)
2021-01-09 19:35:20.829 DEBUG --- [http-nio-8762-exec-10] com.vtu.mapper.RechargeRecordMapper.findAllByAccountId Line:143 - <==      Total: 3
2021-01-09 19:35:22.647 DEBUG --- [http-nio-8762-exec-9] com.vtu.mapper.VipMapper.selectByVipType Line:143 - ==>  Preparing: SELECT id, vip_type, type_name , vip_detail_id,vip_id, vip_name, time_long, time_unit, com_material, material, modial_material, custom_discount,prices, invoice_type,sort_num FROM (SELECT * FROM tb_vip WHERE vip_type=?) a LEFT JOIN tb_vip_detail b ON a.id = b.vip_id ORDER BY sort_num,vip_detail_id 
2021-01-09 19:35:22.648 DEBUG --- [http-nio-8762-exec-9] com.vtu.mapper.VipMapper.selectByVipType Line:143 - ==> Parameters: 1(Long)
2021-01-09 19:35:22.681 DEBUG --- [http-nio-8762-exec-9] com.vtu.mapper.VipMapper.selectByVipType Line:143 - <==      Total: 12
2021-01-09 19:36:15.971 DEBUG --- [http-nio-8762-exec-4] com.vtu.mapper.VipMapper.selectByPrimaryKey Line:143 - ==>  Preparing: select vip_detail_id,vip_id, vip_name, time_long, time_unit, com_material, material, modial_material, custom_discount,prices, invoice_type,sort_num from tb_vip_detail where vip_detail_id = ? 
2021-01-09 19:36:15.973 DEBUG --- [http-nio-8762-exec-4] com.vtu.mapper.VipMapper.selectByPrimaryKey Line:143 - ==> Parameters: 1(Long)
2021-01-09 19:36:15.974 DEBUG --- [http-nio-8762-exec-5] com.vtu.mapper.CustomerMapper.selectByPrimaryKey Line:143 - ==>  Preparing: select account_id, account, password, name, phone, id_card, remain, is_vip, is_shoper, email, email_send_time,wxId, qqId,authCode,isAuth, sex,header_image_url,head_portrait_url,id_card_url,passport_url,business_liscence_url,protocol_url,shoper_type,shoper_status from tb_customer where account_id = ? 
2021-01-09 19:36:15.976 DEBUG --- [http-nio-8762-exec-5] com.vtu.mapper.CustomerMapper.selectByPrimaryKey Line:143 - ==> Parameters: 12(Long)
2021-01-09 19:36:16.008 DEBUG --- [http-nio-8762-exec-4] com.vtu.mapper.VipMapper.selectByPrimaryKey Line:143 - <==      Total: 1
2021-01-09 19:36:16.011 DEBUG --- [http-nio-8762-exec-5] com.vtu.mapper.CustomerMapper.selectByPrimaryKey Line:143 - <==      Total: 1
2021-01-09 22:00:14.812 DEBUG --- [restartedMain] org.apache.ibatis.logging.LogFactory Line:105 - Logging initialized using 'class org.apache.ibatis.logging.slf4j.Slf4jImpl' adapter.
2021-01-09 22:00:32.044 DEBUG --- [http-nio-8762-exec-1] com.vtu.mapper.CustomerMapper.selectByPrimaryKey Line:143 - ==>  Preparing: select account_id, account, password, name, phone, id_card, remain, is_vip, is_shoper, email, email_send_time,wxId, qqId,authCode,isAuth, sex,header_image_url,head_portrait_url,id_card_url,passport_url,business_liscence_url,protocol_url,shoper_type,shoper_status from tb_customer where account_id = ? 
2021-01-09 22:00:32.076 DEBUG --- [http-nio-8762-exec-1] com.vtu.mapper.CustomerMapper.selectByPrimaryKey Line:143 - ==> Parameters: 12(Long)
2021-01-09 22:00:32.141 DEBUG --- [http-nio-8762-exec-1] com.vtu.mapper.CustomerMapper.selectByPrimaryKey Line:143 - <==      Total: 1
2021-01-09 22:00:32.148 DEBUG --- [http-nio-8762-exec-1] com.vtu.mapper.VipMapper.selectByPrimaryKey Line:143 - ==>  Preparing: select vip_detail_id,vip_id, vip_name, time_long, time_unit, com_material, material, modial_material, custom_discount,prices, invoice_type,sort_num from tb_vip_detail where vip_detail_id = ? 
2021-01-09 22:00:32.150 DEBUG --- [http-nio-8762-exec-1] com.vtu.mapper.VipMapper.selectByPrimaryKey Line:143 - ==> Parameters: 1(Long)
2021-01-09 22:00:32.185 DEBUG --- [http-nio-8762-exec-1] com.vtu.mapper.VipMapper.selectByPrimaryKey Line:143 - <==      Total: 1
2021-01-09 22:00:32.211 DEBUG --- [http-nio-8762-exec-1] com.vtu.mapper.VipOrderMapper.insert Line:143 - ==>  Preparing: insert into tb_vip_order (out_trade_no, total_amount, subject, app_id, account_id, status, vip_detail_id) values (?, ?, ?, ?, ?, ?, ?) 
2021-01-09 22:00:32.215 DEBUG --- [http-nio-8762-exec-1] com.vtu.mapper.VipOrderMapper.insert Line:143 - ==> Parameters: bbc300f6a76341d18b12eae0844a9d32(String), 10(BigDecimal), sellVip(String), 2021000116660863(String), 12(Long), process(String), 1(Long)
2021-01-09 22:00:32.270 DEBUG --- [http-nio-8762-exec-1] com.vtu.mapper.VipOrderMapper.insert Line:143 - <==    Updates: 1
2021-01-09 22:09:49.321 DEBUG --- [restartedMain] org.apache.ibatis.logging.LogFactory Line:105 - Logging initialized using 'class org.apache.ibatis.logging.slf4j.Slf4jImpl' adapter.
2021-01-09 22:11:19.965 DEBUG --- [http-nio-8762-exec-2] com.vtu.mapper.CustomerMapper.selectByAuthCode Line:143 - ==>  Preparing: select account_id, account, password, name, phone, id_card, remain, is_vip, is_shoper, email, email_send_time,wxId, qqId,authCode,isAuth, sex,header_image_url,head_portrait_url,id_card_url,passport_url,business_liscence_url,protocol_url,shoper_type,shoper_status from tb_customer where authCode = ? 
2021-01-09 22:11:19.997 DEBUG --- [http-nio-8762-exec-2] com.vtu.mapper.CustomerMapper.selectByAuthCode Line:143 - ==> Parameters: 1234(String)
2021-01-09 22:11:20.059 DEBUG --- [http-nio-8762-exec-2] com.vtu.mapper.CustomerMapper.selectByAuthCode Line:143 - <==      Total: 1
2021-01-09 22:11:20.064 DEBUG --- [http-nio-8762-exec-2] com.vtu.mapper.CustomerVipMapper.selectByAccountId Line:143 - ==>  Preparing: select id, account_id, vip_detail_id, start_time, end_time, is_vip from tb_customer_vip where account_id = ? 
2021-01-09 22:11:20.066 DEBUG --- [http-nio-8762-exec-2] com.vtu.mapper.CustomerVipMapper.selectByAccountId Line:143 - ==> Parameters: 12(Long)
2021-01-09 22:11:20.093 DEBUG --- [http-nio-8762-exec-2] com.vtu.mapper.CustomerVipMapper.selectByAccountId Line:143 - <==      Total: 0
2021-01-09 22:11:20.094 DEBUG --- [http-nio-8762-exec-2] com.vtu.mapper.CustomerMapper.updateByPrimaryKey Line:143 - ==>  Preparing: update tb_customer set account = ?, password = ?, name = ?, sex = ?, phone = ?, id_card = ?, remain = ?, is_vip = ?, is_shoper = ?, email = ?, email_send_time = ?, wxId = ?, qqId = ?, authCode = ?, isAuth = ?, header_image_url = ?, head_portrait_url = ?, id_card_url = ?, passport_url = ?, business_liscence_url = ?, protocol_url = ?, shoper_type = ?, shoper_status = ? where account_id = ? 
2021-01-09 22:11:20.098 DEBUG --- [http-nio-8762-exec-2] com.vtu.mapper.CustomerMapper.updateByPrimaryKey Line:143 - ==> Parameters: VT20191103232122916(String), null, 小星星(String), null, null, null, 10(BigDecimal), null, null, 786107325@qq.com(String), 2019-11-03 23:21:22:915(String), null, null, 1234(String), true(String), https://vtuweb.oss-cn-beijing.aliyuncs.com/temps/tempOutput/1605435370549/headerImage/儿童.jpg(String), null, null, null, null, null, personal(String), (String), 12(Long)
2021-01-09 22:11:20.158 DEBUG --- [http-nio-8762-exec-2] com.vtu.mapper.CustomerMapper.updateByPrimaryKey Line:143 - <==    Updates: 1
2021-01-09 22:11:22.747 DEBUG --- [http-nio-8762-exec-1] com.vtu.mapper.WorksMapper.getWorksByCondition_COUNT Line:143 - ==>  Preparing: select count(0) from (SELECT w.* FROM tb_works w WHERE w.status LIKE concat('%',?,'%') and w.type LIKE concat('%',?,'%') and (w.is_del IS NULL || length(w.is_del)!=0) ORDER BY w.works_id desc) tmp_count 
2021-01-09 22:11:22.747 DEBUG --- [http-nio-8762-exec-1] com.vtu.mapper.WorksMapper.getWorksByCondition_COUNT Line:143 - ==> Parameters: pass(String), 2(String)
2021-01-09 22:11:22.778 DEBUG --- [http-nio-8762-exec-1] com.vtu.mapper.WorksMapper.getWorksByCondition_COUNT Line:143 - <==      Total: 1
2021-01-09 22:11:22.778 DEBUG --- [http-nio-8762-exec-5] com.vtu.mapper.WorksMapper.getWorksByCondition_COUNT Line:143 - ==>  Preparing: select count(0) from (SELECT w.* FROM tb_works w WHERE w.status LIKE concat('%',?,'%') and w.type LIKE concat('%',?,'%') and (w.is_del IS NULL || length(w.is_del)!=0) ORDER BY w.works_id desc) tmp_count 
2021-01-09 22:11:22.778 DEBUG --- [http-nio-8762-exec-5] com.vtu.mapper.WorksMapper.getWorksByCondition_COUNT Line:143 - ==> Parameters: pass(String), 3(String)
2021-01-09 22:11:22.809 DEBUG --- [http-nio-8762-exec-5] com.vtu.mapper.WorksMapper.getWorksByCondition_COUNT Line:143 - <==      Total: 1
2021-01-09 22:11:22.809 DEBUG --- [http-nio-8762-exec-3] com.vtu.mapper.WorksMapper.getWorksByCondition_COUNT Line:143 - ==>  Preparing: select count(0) from (SELECT w.* FROM tb_works w WHERE w.status LIKE concat('%',?,'%') and w.type LIKE concat('%',?,'%') and (w.is_del IS NULL || length(w.is_del)!=0) ORDER BY w.works_id desc) tmp_count 
2021-01-09 22:11:22.809 DEBUG --- [http-nio-8762-exec-3] com.vtu.mapper.WorksMapper.getWorksByCondition_COUNT Line:143 - ==> Parameters: pass(String), 1(String)
2021-01-09 22:11:22.840 DEBUG --- [http-nio-8762-exec-3] com.vtu.mapper.WorksMapper.getWorksByCondition_COUNT Line:143 - <==      Total: 1
2021-01-09 22:11:22.840 DEBUG --- [http-nio-8762-exec-3] com.vtu.mapper.WorksMapper.getWorksByCondition Line:143 - ==>  Preparing: SELECT w.* FROM tb_works w WHERE w.status LIKE concat('%',?,'%') and w.type LIKE concat('%',?,'%') and (w.is_del IS NULL || length(w.is_del)!=0) ORDER BY w.works_id desc LIMIT ? 
2021-01-09 22:11:22.840 DEBUG --- [http-nio-8762-exec-3] com.vtu.mapper.WorksMapper.getWorksByCondition Line:143 - ==> Parameters: pass(String), 1(String), 4(Integer)
2021-01-09 22:11:22.884 DEBUG --- [http-nio-8762-exec-3] com.vtu.mapper.WorksMapper.getWorksByCondition Line:143 - <==      Total: 1
