2020-11-16 00:27:39.755 DEBUG --- [restartedMain] org.apache.ibatis.logging.LogFactory Line:105 - Logging initialized using 'class org.apache.ibatis.logging.slf4j.Slf4jImpl' adapter.
2020-11-16 19:37:04.913 DEBUG --- [restartedMain] org.apache.ibatis.logging.LogFactory Line:105 - Logging initialized using 'class org.apache.ibatis.logging.slf4j.Slf4jImpl' adapter.
2020-11-16 19:38:22.564 DEBUG --- [http-nio-8762-exec-2] com.vtu.mapper.WorksMapper.getWorksByCondition_COUNT Line:143 - ==>  Preparing: select count(0) from (SELECT w.* FROM tb_works w WHERE w.status LIKE concat('%',?,'%') and w.type LIKE concat('%',?,'%') and (w.is_del IS NULL || length(w.is_del)!=0) ORDER BY w.works_id desc) tmp_count 
2020-11-16 19:38:22.598 DEBUG --- [http-nio-8762-exec-2] com.vtu.mapper.WorksMapper.getWorksByCondition_COUNT Line:143 - ==> Parameters: pass(String), 1(String)
2020-11-16 19:38:22.676 DEBUG --- [http-nio-8762-exec-2] com.vtu.mapper.WorksMapper.getWorksByCondition_COUNT Line:143 - <==      Total: 1
2020-11-16 19:38:22.682 DEBUG --- [http-nio-8762-exec-2] com.vtu.mapper.WorksMapper.getWorksByCondition Line:143 - ==>  Preparing: SELECT w.* FROM tb_works w WHERE w.status LIKE concat('%',?,'%') and w.type LIKE concat('%',?,'%') and (w.is_del IS NULL || length(w.is_del)!=0) ORDER BY w.works_id desc LIMIT ? 
2020-11-16 19:38:22.684 DEBUG --- [http-nio-8762-exec-2] com.vtu.mapper.WorksMapper.getWorksByCondition Line:143 - ==> Parameters: pass(String), 1(String), 4(Integer)
2020-11-16 19:38:22.741 DEBUG --- [http-nio-8762-exec-2] com.vtu.mapper.WorksMapper.getWorksByCondition Line:143 - <==      Total: 4
2020-11-16 19:38:22.744 DEBUG --- [http-nio-8762-exec-3] com.vtu.mapper.WorksMapper.getWorksByCondition_COUNT Line:143 - ==>  Preparing: select count(0) from (SELECT w.* FROM tb_works w WHERE w.status LIKE concat('%',?,'%') and w.type LIKE concat('%',?,'%') and (w.is_del IS NULL || length(w.is_del)!=0) ORDER BY w.works_id desc) tmp_count 
2020-11-16 19:38:22.748 DEBUG --- [http-nio-8762-exec-3] com.vtu.mapper.WorksMapper.getWorksByCondition_COUNT Line:143 - ==> Parameters: pass(String), 3(String)
2020-11-16 19:38:22.782 DEBUG --- [http-nio-8762-exec-3] com.vtu.mapper.WorksMapper.getWorksByCondition_COUNT Line:143 - <==      Total: 1
2020-11-16 19:38:22.785 DEBUG --- [http-nio-8762-exec-3] com.vtu.mapper.WorksMapper.getWorksByCondition Line:143 - ==>  Preparing: SELECT w.* FROM tb_works w WHERE w.status LIKE concat('%',?,'%') and w.type LIKE concat('%',?,'%') and (w.is_del IS NULL || length(w.is_del)!=0) ORDER BY w.works_id desc LIMIT ? 
2020-11-16 19:38:22.786 DEBUG --- [http-nio-8762-exec-3] com.vtu.mapper.WorksMapper.getWorksByCondition Line:143 - ==> Parameters: pass(String), 3(String), 4(Integer)
2020-11-16 19:38:22.835 DEBUG --- [http-nio-8762-exec-3] com.vtu.mapper.WorksMapper.getWorksByCondition Line:143 - <==      Total: 4
2020-11-16 19:38:22.836 DEBUG --- [http-nio-8762-exec-1] com.vtu.mapper.WorksMapper.getWorksByCondition_COUNT Line:143 - ==>  Preparing: select count(0) from (SELECT w.* FROM tb_works w WHERE w.status LIKE concat('%',?,'%') and w.type LIKE concat('%',?,'%') and (w.is_del IS NULL || length(w.is_del)!=0) ORDER BY w.works_id desc) tmp_count 
2020-11-16 19:38:22.837 DEBUG --- [http-nio-8762-exec-1] com.vtu.mapper.WorksMapper.getWorksByCondition_COUNT Line:143 - ==> Parameters: pass(String), 2(String)
2020-11-16 19:38:22.871 DEBUG --- [http-nio-8762-exec-1] com.vtu.mapper.WorksMapper.getWorksByCondition_COUNT Line:143 - <==      Total: 1
2020-11-16 19:38:22.872 DEBUG --- [http-nio-8762-exec-1] com.vtu.mapper.WorksMapper.getWorksByCondition Line:143 - ==>  Preparing: SELECT w.* FROM tb_works w WHERE w.status LIKE concat('%',?,'%') and w.type LIKE concat('%',?,'%') and (w.is_del IS NULL || length(w.is_del)!=0) ORDER BY w.works_id desc LIMIT ? 
2020-11-16 19:38:22.873 DEBUG --- [http-nio-8762-exec-1] com.vtu.mapper.WorksMapper.getWorksByCondition Line:143 - ==> Parameters: pass(String), 2(String), 4(Integer)
2020-11-16 19:38:22.927 DEBUG --- [http-nio-8762-exec-1] com.vtu.mapper.WorksMapper.getWorksByCondition Line:143 - <==      Total: 4
2020-11-16 19:40:15.331 DEBUG --- [http-nio-8762-exec-7] com.vtu.mapper.CustomerMapper.selectByAuthCode Line:143 - ==>  Preparing: select account_id, account, password, name, phone, id_card, remain, is_vip, is_shoper, email, email_send_time,wxId, qqId,authCode,isAuth, sex,header_image_url,head_portrait_url,id_card_url,passport_url,business_liscence_url,protocol_url,shoper_type,shoper_status from tb_customer where authCode = ? 
2020-11-16 19:40:15.332 DEBUG --- [http-nio-8762-exec-7] com.vtu.mapper.CustomerMapper.selectByAuthCode Line:143 - ==> Parameters: 1234(String)
2020-11-16 19:40:15.374 DEBUG --- [http-nio-8762-exec-7] com.vtu.mapper.CustomerMapper.selectByAuthCode Line:143 - <==      Total: 0
2020-11-16 19:40:23.239 DEBUG --- [http-nio-8762-exec-8] com.vtu.mapper.CustomerMapper.selectByAuthCode Line:143 - ==>  Preparing: select account_id, account, password, name, phone, id_card, remain, is_vip, is_shoper, email, email_send_time,wxId, qqId,authCode,isAuth, sex,header_image_url,head_portrait_url,id_card_url,passport_url,business_liscence_url,protocol_url,shoper_type,shoper_status from tb_customer where authCode = ? 
2020-11-16 19:40:23.240 DEBUG --- [http-nio-8762-exec-8] com.vtu.mapper.CustomerMapper.selectByAuthCode Line:143 - ==> Parameters: 1234(String)
2020-11-16 19:40:23.282 DEBUG --- [http-nio-8762-exec-8] com.vtu.mapper.CustomerMapper.selectByAuthCode Line:143 - <==      Total: 0
2020-11-16 19:40:23.853 DEBUG --- [http-nio-8762-exec-9] com.vtu.mapper.CustomerMapper.selectByAuthCode Line:143 - ==>  Preparing: select account_id, account, password, name, phone, id_card, remain, is_vip, is_shoper, email, email_send_time,wxId, qqId,authCode,isAuth, sex,header_image_url,head_portrait_url,id_card_url,passport_url,business_liscence_url,protocol_url,shoper_type,shoper_status from tb_customer where authCode = ? 
2020-11-16 19:40:23.854 DEBUG --- [http-nio-8762-exec-9] com.vtu.mapper.CustomerMapper.selectByAuthCode Line:143 - ==> Parameters: 1234(String)
2020-11-16 19:40:23.889 DEBUG --- [http-nio-8762-exec-9] com.vtu.mapper.CustomerMapper.selectByAuthCode Line:143 - <==      Total: 0
2020-11-16 19:40:24.171 DEBUG --- [http-nio-8762-exec-2] com.vtu.mapper.CustomerMapper.selectByAuthCode Line:143 - ==>  Preparing: select account_id, account, password, name, phone, id_card, remain, is_vip, is_shoper, email, email_send_time,wxId, qqId,authCode,isAuth, sex,header_image_url,head_portrait_url,id_card_url,passport_url,business_liscence_url,protocol_url,shoper_type,shoper_status from tb_customer where authCode = ? 
2020-11-16 19:40:24.172 DEBUG --- [http-nio-8762-exec-2] com.vtu.mapper.CustomerMapper.selectByAuthCode Line:143 - ==> Parameters: 1234(String)
2020-11-16 19:40:24.207 DEBUG --- [http-nio-8762-exec-2] com.vtu.mapper.CustomerMapper.selectByAuthCode Line:143 - <==      Total: 0
2020-11-16 19:40:24.408 DEBUG --- [http-nio-8762-exec-3] com.vtu.mapper.CustomerMapper.selectByAuthCode Line:143 - ==>  Preparing: select account_id, account, password, name, phone, id_card, remain, is_vip, is_shoper, email, email_send_time,wxId, qqId,authCode,isAuth, sex,header_image_url,head_portrait_url,id_card_url,passport_url,business_liscence_url,protocol_url,shoper_type,shoper_status from tb_customer where authCode = ? 
2020-11-16 19:40:24.409 DEBUG --- [http-nio-8762-exec-3] com.vtu.mapper.CustomerMapper.selectByAuthCode Line:143 - ==> Parameters: 1234(String)
2020-11-16 19:40:24.444 DEBUG --- [http-nio-8762-exec-3] com.vtu.mapper.CustomerMapper.selectByAuthCode Line:143 - <==      Total: 0
2020-11-16 19:40:24.627 DEBUG --- [http-nio-8762-exec-1] com.vtu.mapper.CustomerMapper.selectByAuthCode Line:143 - ==>  Preparing: select account_id, account, password, name, phone, id_card, remain, is_vip, is_shoper, email, email_send_time,wxId, qqId,authCode,isAuth, sex,header_image_url,head_portrait_url,id_card_url,passport_url,business_liscence_url,protocol_url,shoper_type,shoper_status from tb_customer where authCode = ? 
2020-11-16 19:40:24.628 DEBUG --- [http-nio-8762-exec-1] com.vtu.mapper.CustomerMapper.selectByAuthCode Line:143 - ==> Parameters: 1234(String)
2020-11-16 19:40:24.663 DEBUG --- [http-nio-8762-exec-1] com.vtu.mapper.CustomerMapper.selectByAuthCode Line:143 - <==      Total: 0
2020-11-16 19:40:24.831 DEBUG --- [http-nio-8762-exec-4] com.vtu.mapper.CustomerMapper.selectByAuthCode Line:143 - ==>  Preparing: select account_id, account, password, name, phone, id_card, remain, is_vip, is_shoper, email, email_send_time,wxId, qqId,authCode,isAuth, sex,header_image_url,head_portrait_url,id_card_url,passport_url,business_liscence_url,protocol_url,shoper_type,shoper_status from tb_customer where authCode = ? 
2020-11-16 19:40:24.832 DEBUG --- [http-nio-8762-exec-4] com.vtu.mapper.CustomerMapper.selectByAuthCode Line:143 - ==> Parameters: 1234(String)
2020-11-16 19:40:24.866 DEBUG --- [http-nio-8762-exec-4] com.vtu.mapper.CustomerMapper.selectByAuthCode Line:143 - <==      Total: 0
2020-11-16 19:40:25.045 DEBUG --- [http-nio-8762-exec-5] com.vtu.mapper.CustomerMapper.selectByAuthCode Line:143 - ==>  Preparing: select account_id, account, password, name, phone, id_card, remain, is_vip, is_shoper, email, email_send_time,wxId, qqId,authCode,isAuth, sex,header_image_url,head_portrait_url,id_card_url,passport_url,business_liscence_url,protocol_url,shoper_type,shoper_status from tb_customer where authCode = ? 
2020-11-16 19:40:25.047 DEBUG --- [http-nio-8762-exec-5] com.vtu.mapper.CustomerMapper.selectByAuthCode Line:143 - ==> Parameters: 1234(String)
2020-11-16 19:40:25.133 DEBUG --- [http-nio-8762-exec-5] com.vtu.mapper.CustomerMapper.selectByAuthCode Line:143 - <==      Total: 0
2020-11-16 19:40:25.252 DEBUG --- [http-nio-8762-exec-6] com.vtu.mapper.CustomerMapper.selectByAuthCode Line:143 - ==>  Preparing: select account_id, account, password, name, phone, id_card, remain, is_vip, is_shoper, email, email_send_time,wxId, qqId,authCode,isAuth, sex,header_image_url,head_portrait_url,id_card_url,passport_url,business_liscence_url,protocol_url,shoper_type,shoper_status from tb_customer where authCode = ? 
2020-11-16 19:40:25.253 DEBUG --- [http-nio-8762-exec-6] com.vtu.mapper.CustomerMapper.selectByAuthCode Line:143 - ==> Parameters: 1234(String)
2020-11-16 19:40:25.290 DEBUG --- [http-nio-8762-exec-6] com.vtu.mapper.CustomerMapper.selectByAuthCode Line:143 - <==      Total: 0
2020-11-16 19:40:25.460 DEBUG --- [http-nio-8762-exec-7] com.vtu.mapper.CustomerMapper.selectByAuthCode Line:143 - ==>  Preparing: select account_id, account, password, name, phone, id_card, remain, is_vip, is_shoper, email, email_send_time,wxId, qqId,authCode,isAuth, sex,header_image_url,head_portrait_url,id_card_url,passport_url,business_liscence_url,protocol_url,shoper_type,shoper_status from tb_customer where authCode = ? 
2020-11-16 19:40:25.462 DEBUG --- [http-nio-8762-exec-7] com.vtu.mapper.CustomerMapper.selectByAuthCode Line:143 - ==> Parameters: 1234(String)
2020-11-16 19:40:25.500 DEBUG --- [http-nio-8762-exec-7] com.vtu.mapper.CustomerMapper.selectByAuthCode Line:143 - <==      Total: 0
2020-11-16 19:40:25.673 DEBUG --- [http-nio-8762-exec-10] com.vtu.mapper.CustomerMapper.selectByAuthCode Line:143 - ==>  Preparing: select account_id, account, password, name, phone, id_card, remain, is_vip, is_shoper, email, email_send_time,wxId, qqId,authCode,isAuth, sex,header_image_url,head_portrait_url,id_card_url,passport_url,business_liscence_url,protocol_url,shoper_type,shoper_status from tb_customer where authCode = ? 
2020-11-16 19:40:25.674 DEBUG --- [http-nio-8762-exec-10] com.vtu.mapper.CustomerMapper.selectByAuthCode Line:143 - ==> Parameters: 1234(String)
2020-11-16 19:40:25.715 DEBUG --- [http-nio-8762-exec-10] com.vtu.mapper.CustomerMapper.selectByAuthCode Line:143 - <==      Total: 0
2020-11-16 19:40:25.871 DEBUG --- [http-nio-8762-exec-8] com.vtu.mapper.CustomerMapper.selectByAuthCode Line:143 - ==>  Preparing: select account_id, account, password, name, phone, id_card, remain, is_vip, is_shoper, email, email_send_time,wxId, qqId,authCode,isAuth, sex,header_image_url,head_portrait_url,id_card_url,passport_url,business_liscence_url,protocol_url,shoper_type,shoper_status from tb_customer where authCode = ? 
2020-11-16 19:40:25.871 DEBUG --- [http-nio-8762-exec-8] com.vtu.mapper.CustomerMapper.selectByAuthCode Line:143 - ==> Parameters: 1234(String)
2020-11-16 19:40:25.908 DEBUG --- [http-nio-8762-exec-8] com.vtu.mapper.CustomerMapper.selectByAuthCode Line:143 - <==      Total: 0
2020-11-16 19:40:26.087 DEBUG --- [http-nio-8762-exec-9] com.vtu.mapper.CustomerMapper.selectByAuthCode Line:143 - ==>  Preparing: select account_id, account, password, name, phone, id_card, remain, is_vip, is_shoper, email, email_send_time,wxId, qqId,authCode,isAuth, sex,header_image_url,head_portrait_url,id_card_url,passport_url,business_liscence_url,protocol_url,shoper_type,shoper_status from tb_customer where authCode = ? 
2020-11-16 19:40:26.088 DEBUG --- [http-nio-8762-exec-9] com.vtu.mapper.CustomerMapper.selectByAuthCode Line:143 - ==> Parameters: 1234(String)
2020-11-16 19:40:26.129 DEBUG --- [http-nio-8762-exec-9] com.vtu.mapper.CustomerMapper.selectByAuthCode Line:143 - <==      Total: 0
2020-11-16 19:40:26.310 DEBUG --- [http-nio-8762-exec-2] com.vtu.mapper.CustomerMapper.selectByAuthCode Line:143 - ==>  Preparing: select account_id, account, password, name, phone, id_card, remain, is_vip, is_shoper, email, email_send_time,wxId, qqId,authCode,isAuth, sex,header_image_url,head_portrait_url,id_card_url,passport_url,business_liscence_url,protocol_url,shoper_type,shoper_status from tb_customer where authCode = ? 
2020-11-16 19:40:26.311 DEBUG --- [http-nio-8762-exec-2] com.vtu.mapper.CustomerMapper.selectByAuthCode Line:143 - ==> Parameters: 1234(String)
2020-11-16 19:40:26.356 DEBUG --- [http-nio-8762-exec-2] com.vtu.mapper.CustomerMapper.selectByAuthCode Line:143 - <==      Total: 0
2020-11-16 19:40:26.520 DEBUG --- [http-nio-8762-exec-3] com.vtu.mapper.CustomerMapper.selectByAuthCode Line:143 - ==>  Preparing: select account_id, account, password, name, phone, id_card, remain, is_vip, is_shoper, email, email_send_time,wxId, qqId,authCode,isAuth, sex,header_image_url,head_portrait_url,id_card_url,passport_url,business_liscence_url,protocol_url,shoper_type,shoper_status from tb_customer where authCode = ? 
2020-11-16 19:40:26.521 DEBUG --- [http-nio-8762-exec-3] com.vtu.mapper.CustomerMapper.selectByAuthCode Line:143 - ==> Parameters: 1234(String)
2020-11-16 19:40:26.556 DEBUG --- [http-nio-8762-exec-3] com.vtu.mapper.CustomerMapper.selectByAuthCode Line:143 - <==      Total: 0
2020-11-16 19:40:26.731 DEBUG --- [http-nio-8762-exec-1] com.vtu.mapper.CustomerMapper.selectByAuthCode Line:143 - ==>  Preparing: select account_id, account, password, name, phone, id_card, remain, is_vip, is_shoper, email, email_send_time,wxId, qqId,authCode,isAuth, sex,header_image_url,head_portrait_url,id_card_url,passport_url,business_liscence_url,protocol_url,shoper_type,shoper_status from tb_customer where authCode = ? 
2020-11-16 19:40:26.732 DEBUG --- [http-nio-8762-exec-1] com.vtu.mapper.CustomerMapper.selectByAuthCode Line:143 - ==> Parameters: 1234(String)
2020-11-16 19:40:26.769 DEBUG --- [http-nio-8762-exec-1] com.vtu.mapper.CustomerMapper.selectByAuthCode Line:143 - <==      Total: 0
2020-11-16 19:40:26.938 DEBUG --- [http-nio-8762-exec-4] com.vtu.mapper.CustomerMapper.selectByAuthCode Line:143 - ==>  Preparing: select account_id, account, password, name, phone, id_card, remain, is_vip, is_shoper, email, email_send_time,wxId, qqId,authCode,isAuth, sex,header_image_url,head_portrait_url,id_card_url,passport_url,business_liscence_url,protocol_url,shoper_type,shoper_status from tb_customer where authCode = ? 
2020-11-16 19:40:26.939 DEBUG --- [http-nio-8762-exec-4] com.vtu.mapper.CustomerMapper.selectByAuthCode Line:143 - ==> Parameters: 1234(String)
2020-11-16 19:40:26.976 DEBUG --- [http-nio-8762-exec-4] com.vtu.mapper.CustomerMapper.selectByAuthCode Line:143 - <==      Total: 0
2020-11-16 19:40:51.936 DEBUG --- [http-nio-8762-exec-6] com.vtu.mapper.CustomerMapper.selectByAuthCode Line:143 - ==>  Preparing: select account_id, account, password, name, phone, id_card, remain, is_vip, is_shoper, email, email_send_time,wxId, qqId,authCode,isAuth, sex,header_image_url,head_portrait_url,id_card_url,passport_url,business_liscence_url,protocol_url,shoper_type,shoper_status from tb_customer where authCode = ? 
2020-11-16 19:40:51.937 DEBUG --- [http-nio-8762-exec-6] com.vtu.mapper.CustomerMapper.selectByAuthCode Line:143 - ==> Parameters: 1234(String)
2020-11-16 19:40:51.978 DEBUG --- [http-nio-8762-exec-6] com.vtu.mapper.CustomerMapper.selectByAuthCode Line:143 - <==      Total: 0
2020-11-16 19:40:52.990 DEBUG --- [http-nio-8762-exec-7] com.vtu.mapper.CustomerMapper.selectByAuthCode Line:143 - ==>  Preparing: select account_id, account, password, name, phone, id_card, remain, is_vip, is_shoper, email, email_send_time,wxId, qqId,authCode,isAuth, sex,header_image_url,head_portrait_url,id_card_url,passport_url,business_liscence_url,protocol_url,shoper_type,shoper_status from tb_customer where authCode = ? 
2020-11-16 19:40:52.991 DEBUG --- [http-nio-8762-exec-7] com.vtu.mapper.CustomerMapper.selectByAuthCode Line:143 - ==> Parameters: 1234(String)
2020-11-16 19:40:53.026 DEBUG --- [http-nio-8762-exec-7] com.vtu.mapper.CustomerMapper.selectByAuthCode Line:143 - <==      Total: 0
2020-11-16 19:40:53.231 DEBUG --- [http-nio-8762-exec-10] com.vtu.mapper.CustomerMapper.selectByAuthCode Line:143 - ==>  Preparing: select account_id, account, password, name, phone, id_card, remain, is_vip, is_shoper, email, email_send_time,wxId, qqId,authCode,isAuth, sex,header_image_url,head_portrait_url,id_card_url,passport_url,business_liscence_url,protocol_url,shoper_type,shoper_status from tb_customer where authCode = ? 
2020-11-16 19:40:53.232 DEBUG --- [http-nio-8762-exec-10] com.vtu.mapper.CustomerMapper.selectByAuthCode Line:143 - ==> Parameters: 1234(String)
2020-11-16 19:40:53.269 DEBUG --- [http-nio-8762-exec-10] com.vtu.mapper.CustomerMapper.selectByAuthCode Line:143 - <==      Total: 0
2020-11-16 19:40:53.473 DEBUG --- [http-nio-8762-exec-8] com.vtu.mapper.CustomerMapper.selectByAuthCode Line:143 - ==>  Preparing: select account_id, account, password, name, phone, id_card, remain, is_vip, is_shoper, email, email_send_time,wxId, qqId,authCode,isAuth, sex,header_image_url,head_portrait_url,id_card_url,passport_url,business_liscence_url,protocol_url,shoper_type,shoper_status from tb_customer where authCode = ? 
2020-11-16 19:40:53.474 DEBUG --- [http-nio-8762-exec-8] com.vtu.mapper.CustomerMapper.selectByAuthCode Line:143 - ==> Parameters: 1234(String)
2020-11-16 19:40:53.508 DEBUG --- [http-nio-8762-exec-8] com.vtu.mapper.CustomerMapper.selectByAuthCode Line:143 - <==      Total: 0
2020-11-16 19:40:53.684 DEBUG --- [http-nio-8762-exec-9] com.vtu.mapper.CustomerMapper.selectByAuthCode Line:143 - ==>  Preparing: select account_id, account, password, name, phone, id_card, remain, is_vip, is_shoper, email, email_send_time,wxId, qqId,authCode,isAuth, sex,header_image_url,head_portrait_url,id_card_url,passport_url,business_liscence_url,protocol_url,shoper_type,shoper_status from tb_customer where authCode = ? 
2020-11-16 19:40:53.686 DEBUG --- [http-nio-8762-exec-9] com.vtu.mapper.CustomerMapper.selectByAuthCode Line:143 - ==> Parameters: 1234(String)
2020-11-16 19:40:53.724 DEBUG --- [http-nio-8762-exec-9] com.vtu.mapper.CustomerMapper.selectByAuthCode Line:143 - <==      Total: 0
2020-11-16 19:40:53.853 DEBUG --- [http-nio-8762-exec-2] com.vtu.mapper.CustomerMapper.selectByAuthCode Line:143 - ==>  Preparing: select account_id, account, password, name, phone, id_card, remain, is_vip, is_shoper, email, email_send_time,wxId, qqId,authCode,isAuth, sex,header_image_url,head_portrait_url,id_card_url,passport_url,business_liscence_url,protocol_url,shoper_type,shoper_status from tb_customer where authCode = ? 
2020-11-16 19:40:53.853 DEBUG --- [http-nio-8762-exec-2] com.vtu.mapper.CustomerMapper.selectByAuthCode Line:143 - ==> Parameters: 1234(String)
2020-11-16 19:40:53.900 DEBUG --- [http-nio-8762-exec-2] com.vtu.mapper.CustomerMapper.selectByAuthCode Line:143 - <==      Total: 0
2020-11-16 19:40:54.051 DEBUG --- [http-nio-8762-exec-3] com.vtu.mapper.CustomerMapper.selectByAuthCode Line:143 - ==>  Preparing: select account_id, account, password, name, phone, id_card, remain, is_vip, is_shoper, email, email_send_time,wxId, qqId,authCode,isAuth, sex,header_image_url,head_portrait_url,id_card_url,passport_url,business_liscence_url,protocol_url,shoper_type,shoper_status from tb_customer where authCode = ? 
2020-11-16 19:40:54.051 DEBUG --- [http-nio-8762-exec-3] com.vtu.mapper.CustomerMapper.selectByAuthCode Line:143 - ==> Parameters: 1234(String)
2020-11-16 19:40:54.094 DEBUG --- [http-nio-8762-exec-3] com.vtu.mapper.CustomerMapper.selectByAuthCode Line:143 - <==      Total: 0
2020-11-16 19:40:54.253 DEBUG --- [http-nio-8762-exec-1] com.vtu.mapper.CustomerMapper.selectByAuthCode Line:143 - ==>  Preparing: select account_id, account, password, name, phone, id_card, remain, is_vip, is_shoper, email, email_send_time,wxId, qqId,authCode,isAuth, sex,header_image_url,head_portrait_url,id_card_url,passport_url,business_liscence_url,protocol_url,shoper_type,shoper_status from tb_customer where authCode = ? 
2020-11-16 19:40:54.254 DEBUG --- [http-nio-8762-exec-1] com.vtu.mapper.CustomerMapper.selectByAuthCode Line:143 - ==> Parameters: 1234(String)
2020-11-16 19:40:54.292 DEBUG --- [http-nio-8762-exec-1] com.vtu.mapper.CustomerMapper.selectByAuthCode Line:143 - <==      Total: 0
2020-11-16 19:40:54.487 DEBUG --- [http-nio-8762-exec-4] com.vtu.mapper.CustomerMapper.selectByAuthCode Line:143 - ==>  Preparing: select account_id, account, password, name, phone, id_card, remain, is_vip, is_shoper, email, email_send_time,wxId, qqId,authCode,isAuth, sex,header_image_url,head_portrait_url,id_card_url,passport_url,business_liscence_url,protocol_url,shoper_type,shoper_status from tb_customer where authCode = ? 
2020-11-16 19:40:54.487 DEBUG --- [http-nio-8762-exec-4] com.vtu.mapper.CustomerMapper.selectByAuthCode Line:143 - ==> Parameters: 1234(String)
2020-11-16 19:40:54.541 DEBUG --- [http-nio-8762-exec-4] com.vtu.mapper.CustomerMapper.selectByAuthCode Line:143 - <==      Total: 0
2020-11-16 19:40:54.636 DEBUG --- [http-nio-8762-exec-5] com.vtu.mapper.CustomerMapper.selectByAuthCode Line:143 - ==>  Preparing: select account_id, account, password, name, phone, id_card, remain, is_vip, is_shoper, email, email_send_time,wxId, qqId,authCode,isAuth, sex,header_image_url,head_portrait_url,id_card_url,passport_url,business_liscence_url,protocol_url,shoper_type,shoper_status from tb_customer where authCode = ? 
2020-11-16 19:40:54.637 DEBUG --- [http-nio-8762-exec-5] com.vtu.mapper.CustomerMapper.selectByAuthCode Line:143 - ==> Parameters: 1234(String)
2020-11-16 19:40:54.672 DEBUG --- [http-nio-8762-exec-5] com.vtu.mapper.CustomerMapper.selectByAuthCode Line:143 - <==      Total: 0
2020-11-16 19:40:54.837 DEBUG --- [http-nio-8762-exec-6] com.vtu.mapper.CustomerMapper.selectByAuthCode Line:143 - ==>  Preparing: select account_id, account, password, name, phone, id_card, remain, is_vip, is_shoper, email, email_send_time,wxId, qqId,authCode,isAuth, sex,header_image_url,head_portrait_url,id_card_url,passport_url,business_liscence_url,protocol_url,shoper_type,shoper_status from tb_customer where authCode = ? 
2020-11-16 19:40:54.838 DEBUG --- [http-nio-8762-exec-6] com.vtu.mapper.CustomerMapper.selectByAuthCode Line:143 - ==> Parameters: 1234(String)
2020-11-16 19:40:54.878 DEBUG --- [http-nio-8762-exec-6] com.vtu.mapper.CustomerMapper.selectByAuthCode Line:143 - <==      Total: 0
2020-11-16 19:40:55.019 DEBUG --- [http-nio-8762-exec-7] com.vtu.mapper.CustomerMapper.selectByAuthCode Line:143 - ==>  Preparing: select account_id, account, password, name, phone, id_card, remain, is_vip, is_shoper, email, email_send_time,wxId, qqId,authCode,isAuth, sex,header_image_url,head_portrait_url,id_card_url,passport_url,business_liscence_url,protocol_url,shoper_type,shoper_status from tb_customer where authCode = ? 
2020-11-16 19:40:55.021 DEBUG --- [http-nio-8762-exec-7] com.vtu.mapper.CustomerMapper.selectByAuthCode Line:143 - ==> Parameters: 1234(String)
2020-11-16 19:40:55.081 DEBUG --- [http-nio-8762-exec-7] com.vtu.mapper.CustomerMapper.selectByAuthCode Line:143 - <==      Total: 0
2020-11-16 19:40:55.221 DEBUG --- [http-nio-8762-exec-10] com.vtu.mapper.CustomerMapper.selectByAuthCode Line:143 - ==>  Preparing: select account_id, account, password, name, phone, id_card, remain, is_vip, is_shoper, email, email_send_time,wxId, qqId,authCode,isAuth, sex,header_image_url,head_portrait_url,id_card_url,passport_url,business_liscence_url,protocol_url,shoper_type,shoper_status from tb_customer where authCode = ? 
2020-11-16 19:40:55.221 DEBUG --- [http-nio-8762-exec-10] com.vtu.mapper.CustomerMapper.selectByAuthCode Line:143 - ==> Parameters: 1234(String)
2020-11-16 19:40:55.254 DEBUG --- [http-nio-8762-exec-10] com.vtu.mapper.CustomerMapper.selectByAuthCode Line:143 - <==      Total: 0
2020-11-16 19:40:55.400 DEBUG --- [http-nio-8762-exec-8] com.vtu.mapper.CustomerMapper.selectByAuthCode Line:143 - ==>  Preparing: select account_id, account, password, name, phone, id_card, remain, is_vip, is_shoper, email, email_send_time,wxId, qqId,authCode,isAuth, sex,header_image_url,head_portrait_url,id_card_url,passport_url,business_liscence_url,protocol_url,shoper_type,shoper_status from tb_customer where authCode = ? 
2020-11-16 19:40:55.401 DEBUG --- [http-nio-8762-exec-8] com.vtu.mapper.CustomerMapper.selectByAuthCode Line:143 - ==> Parameters: 1234(String)
2020-11-16 19:40:55.443 DEBUG --- [http-nio-8762-exec-8] com.vtu.mapper.CustomerMapper.selectByAuthCode Line:143 - <==      Total: 0
2020-11-16 19:40:55.699 DEBUG --- [http-nio-8762-exec-9] com.vtu.mapper.CustomerMapper.selectByAuthCode Line:143 - ==>  Preparing: select account_id, account, password, name, phone, id_card, remain, is_vip, is_shoper, email, email_send_time,wxId, qqId,authCode,isAuth, sex,header_image_url,head_portrait_url,id_card_url,passport_url,business_liscence_url,protocol_url,shoper_type,shoper_status from tb_customer where authCode = ? 
2020-11-16 19:40:55.700 DEBUG --- [http-nio-8762-exec-9] com.vtu.mapper.CustomerMapper.selectByAuthCode Line:143 - ==> Parameters: 1234(String)
2020-11-16 19:40:55.741 DEBUG --- [http-nio-8762-exec-9] com.vtu.mapper.CustomerMapper.selectByAuthCode Line:143 - <==      Total: 0
2020-11-16 19:41:40.235 DEBUG --- [http-nio-8762-exec-3] com.vtu.mapper.CustomerMapper.selectByAuthCode Line:143 - ==>  Preparing: select account_id, account, password, name, phone, id_card, remain, is_vip, is_shoper, email, email_send_time,wxId, qqId,authCode,isAuth, sex,header_image_url,head_portrait_url,id_card_url,passport_url,business_liscence_url,protocol_url,shoper_type,shoper_status from tb_customer where authCode = ? 
2020-11-16 19:41:40.236 DEBUG --- [http-nio-8762-exec-3] com.vtu.mapper.CustomerMapper.selectByAuthCode Line:143 - ==> Parameters: 1234(String)
2020-11-16 19:41:40.273 DEBUG --- [http-nio-8762-exec-3] com.vtu.mapper.CustomerMapper.selectByAuthCode Line:143 - <==      Total: 0
2020-11-16 19:42:46.992 DEBUG --- [http-nio-8762-exec-4] com.vtu.mapper.CustomerMapper.selectByAuthCode Line:143 - ==>  Preparing: select account_id, account, password, name, phone, id_card, remain, is_vip, is_shoper, email, email_send_time,wxId, qqId,authCode,isAuth, sex,header_image_url,head_portrait_url,id_card_url,passport_url,business_liscence_url,protocol_url,shoper_type,shoper_status from tb_customer where authCode = ? 
2020-11-16 19:42:46.994 DEBUG --- [http-nio-8762-exec-4] com.vtu.mapper.CustomerMapper.selectByAuthCode Line:143 - ==> Parameters: 1234(String)
2020-11-16 19:42:47.037 DEBUG --- [http-nio-8762-exec-4] com.vtu.mapper.CustomerMapper.selectByAuthCode Line:143 - <==      Total: 0
2020-11-16 19:44:41.965 DEBUG --- [restartedMain] org.apache.ibatis.logging.LogFactory Line:105 - Logging initialized using 'class org.apache.ibatis.logging.slf4j.Slf4jImpl' adapter.
2020-11-16 19:45:49.993 DEBUG --- [http-nio-8762-exec-1] com.vtu.mapper.CustomerMapper.selectByAuthCode Line:143 - ==>  Preparing: select account_id, account, password, name, phone, id_card, remain, is_vip, is_shoper, email, email_send_time,wxId, qqId,authCode,isAuth, sex,header_image_url,head_portrait_url,id_card_url,passport_url,business_liscence_url,protocol_url,shoper_type,shoper_status from tb_customer where authCode = ? 
2020-11-16 19:45:50.034 DEBUG --- [http-nio-8762-exec-1] com.vtu.mapper.CustomerMapper.selectByAuthCode Line:143 - ==> Parameters: 1234(String)
2020-11-16 19:45:50.116 DEBUG --- [http-nio-8762-exec-1] com.vtu.mapper.CustomerMapper.selectByAuthCode Line:143 - <==      Total: 1
2020-11-16 19:45:50.122 DEBUG --- [http-nio-8762-exec-1] com.vtu.mapper.CustomerVipMapper.selectByAccountId Line:143 - ==>  Preparing: select id, account_id, vip_detail_id, start_time, end_time, is_vip from tb_customer_vip where account_id = ? 
2020-11-16 19:45:50.125 DEBUG --- [http-nio-8762-exec-1] com.vtu.mapper.CustomerVipMapper.selectByAccountId Line:143 - ==> Parameters: 12(Long)
2020-11-16 19:45:50.162 DEBUG --- [http-nio-8762-exec-1] com.vtu.mapper.CustomerVipMapper.selectByAccountId Line:143 - <==      Total: 0
2020-11-16 19:45:50.164 DEBUG --- [http-nio-8762-exec-1] com.vtu.mapper.CustomerMapper.updateByPrimaryKey Line:143 - ==>  Preparing: update tb_customer set account = ?, password = ?, name = ?, sex = ?, phone = ?, id_card = ?, remain = ?, is_vip = ?, is_shoper = ?, email = ?, email_send_time = ?, wxId = ?, qqId = ?, authCode = ?, isAuth = ?, header_image_url = ?, head_portrait_url = ?, id_card_url = ?, passport_url = ?, business_liscence_url = ?, protocol_url = ?, shoper_type = ?, shoper_status = ? where account_id = ? 
2020-11-16 19:45:50.167 DEBUG --- [http-nio-8762-exec-1] com.vtu.mapper.CustomerMapper.updateByPrimaryKey Line:143 - ==> Parameters: VT20191103232122916(String), null, 小星星(String), null, null, null, null, null, null, 786107325@qq.com(String), 2019-11-03 23:21:22:915(String), null, null, 1234(String), true(String), https://vtuweb.oss-cn-beijing.aliyuncs.com/temps/tempOutput/1605435370549/headerImage/儿童.jpg(String), null, null, null, null, null, personal(String), pass(String), 12(Long)
2020-11-16 19:45:50.233 DEBUG --- [http-nio-8762-exec-1] com.vtu.mapper.CustomerMapper.updateByPrimaryKey Line:143 - <==    Updates: 1
2020-11-16 19:45:53.179 DEBUG --- [http-nio-8762-exec-3] com.vtu.mapper.WorksMapper.getWorksByCondition_COUNT Line:143 - ==>  Preparing: select count(0) from (SELECT w.* FROM tb_works w WHERE w.status LIKE concat('%',?,'%') and w.type LIKE concat('%',?,'%') and (w.is_del IS NULL || length(w.is_del)!=0) ORDER BY w.works_id desc) tmp_count 
2020-11-16 19:45:53.180 DEBUG --- [http-nio-8762-exec-3] com.vtu.mapper.WorksMapper.getWorksByCondition_COUNT Line:143 - ==> Parameters: pass(String), 3(String)
2020-11-16 19:45:53.212 DEBUG --- [http-nio-8762-exec-3] com.vtu.mapper.WorksMapper.getWorksByCondition_COUNT Line:143 - <==      Total: 1
2020-11-16 19:45:53.214 DEBUG --- [http-nio-8762-exec-2] com.vtu.mapper.WorksMapper.getWorksByCondition_COUNT Line:143 - ==>  Preparing: select count(0) from (SELECT w.* FROM tb_works w WHERE w.status LIKE concat('%',?,'%') and w.type LIKE concat('%',?,'%') and (w.is_del IS NULL || length(w.is_del)!=0) ORDER BY w.works_id desc) tmp_count 
2020-11-16 19:45:53.215 DEBUG --- [http-nio-8762-exec-2] com.vtu.mapper.WorksMapper.getWorksByCondition_COUNT Line:143 - ==> Parameters: pass(String), 1(String)
2020-11-16 19:45:53.251 DEBUG --- [http-nio-8762-exec-2] com.vtu.mapper.WorksMapper.getWorksByCondition_COUNT Line:143 - <==      Total: 1
2020-11-16 19:45:53.253 DEBUG --- [http-nio-8762-exec-2] com.vtu.mapper.WorksMapper.getWorksByCondition Line:143 - ==>  Preparing: SELECT w.* FROM tb_works w WHERE w.status LIKE concat('%',?,'%') and w.type LIKE concat('%',?,'%') and (w.is_del IS NULL || length(w.is_del)!=0) ORDER BY w.works_id desc LIMIT ? 
2020-11-16 19:45:53.256 DEBUG --- [http-nio-8762-exec-2] com.vtu.mapper.WorksMapper.getWorksByCondition Line:143 - ==> Parameters: pass(String), 1(String), 4(Integer)
2020-11-16 19:45:53.293 DEBUG --- [http-nio-8762-exec-2] com.vtu.mapper.WorksMapper.getWorksByCondition Line:143 - <==      Total: 1
2020-11-16 19:45:53.294 DEBUG --- [http-nio-8762-exec-4] com.vtu.mapper.WorksMapper.getWorksByCondition_COUNT Line:143 - ==>  Preparing: select count(0) from (SELECT w.* FROM tb_works w WHERE w.status LIKE concat('%',?,'%') and w.type LIKE concat('%',?,'%') and (w.is_del IS NULL || length(w.is_del)!=0) ORDER BY w.works_id desc) tmp_count 
2020-11-16 19:45:53.295 DEBUG --- [http-nio-8762-exec-4] com.vtu.mapper.WorksMapper.getWorksByCondition_COUNT Line:143 - ==> Parameters: pass(String), 2(String)
2020-11-16 19:45:53.328 DEBUG --- [http-nio-8762-exec-4] com.vtu.mapper.WorksMapper.getWorksByCondition_COUNT Line:143 - <==      Total: 1
2020-11-16 19:46:54.368 DEBUG --- [http-nio-8762-exec-8] com.vtu.mapper.CustomerMapper.selectByAuthCode Line:143 - ==>  Preparing: select account_id, account, password, name, phone, id_card, remain, is_vip, is_shoper, email, email_send_time,wxId, qqId,authCode,isAuth, sex,header_image_url,head_portrait_url,id_card_url,passport_url,business_liscence_url,protocol_url,shoper_type,shoper_status from tb_customer where authCode = ? 
2020-11-16 19:46:54.369 DEBUG --- [http-nio-8762-exec-8] com.vtu.mapper.CustomerMapper.selectByAuthCode Line:143 - ==> Parameters: 1234(String)
2020-11-16 19:46:54.403 DEBUG --- [http-nio-8762-exec-8] com.vtu.mapper.CustomerMapper.selectByAuthCode Line:143 - <==      Total: 1
2020-11-16 19:46:54.405 DEBUG --- [http-nio-8762-exec-8] com.vtu.mapper.CustomerVipMapper.selectByAccountId Line:143 - ==>  Preparing: select id, account_id, vip_detail_id, start_time, end_time, is_vip from tb_customer_vip where account_id = ? 
2020-11-16 19:46:54.407 DEBUG --- [http-nio-8762-exec-8] com.vtu.mapper.CustomerVipMapper.selectByAccountId Line:143 - ==> Parameters: 12(Long)
2020-11-16 19:46:54.436 DEBUG --- [http-nio-8762-exec-8] com.vtu.mapper.CustomerVipMapper.selectByAccountId Line:143 - <==      Total: 0
2020-11-16 19:46:54.438 DEBUG --- [http-nio-8762-exec-8] com.vtu.mapper.CustomerMapper.updateByPrimaryKey Line:143 - ==>  Preparing: update tb_customer set account = ?, password = ?, name = ?, sex = ?, phone = ?, id_card = ?, remain = ?, is_vip = ?, is_shoper = ?, email = ?, email_send_time = ?, wxId = ?, qqId = ?, authCode = ?, isAuth = ?, header_image_url = ?, head_portrait_url = ?, id_card_url = ?, passport_url = ?, business_liscence_url = ?, protocol_url = ?, shoper_type = ?, shoper_status = ? where account_id = ? 
2020-11-16 19:46:54.440 DEBUG --- [http-nio-8762-exec-8] com.vtu.mapper.CustomerMapper.updateByPrimaryKey Line:143 - ==> Parameters: VT20191103232122916(String), null, 小星星(String), null, null, null, null, null, null, 786107325@qq.com(String), 2019-11-03 23:21:22:915(String), null, null, 1234(String), true(String), https://vtuweb.oss-cn-beijing.aliyuncs.com/temps/tempOutput/1605435370549/headerImage/儿童.jpg(String), null, null, null, null, null, personal(String), pass(String), 12(Long)
2020-11-16 19:46:54.516 DEBUG --- [http-nio-8762-exec-8] com.vtu.mapper.CustomerMapper.updateByPrimaryKey Line:143 - <==    Updates: 1
2020-11-16 19:46:56.885 DEBUG --- [http-nio-8762-exec-1] com.vtu.mapper.WorksMapper.getWorksByCondition_COUNT Line:143 - ==>  Preparing: select count(0) from (SELECT w.* FROM tb_works w WHERE w.status LIKE concat('%',?,'%') and w.type LIKE concat('%',?,'%') and (w.is_del IS NULL || length(w.is_del)!=0) ORDER BY w.works_id desc) tmp_count 
2020-11-16 19:46:56.886 DEBUG --- [http-nio-8762-exec-1] com.vtu.mapper.WorksMapper.getWorksByCondition_COUNT Line:143 - ==> Parameters: pass(String), 1(String)
2020-11-16 19:46:56.918 DEBUG --- [http-nio-8762-exec-1] com.vtu.mapper.WorksMapper.getWorksByCondition_COUNT Line:143 - <==      Total: 1
2020-11-16 19:46:56.920 DEBUG --- [http-nio-8762-exec-1] com.vtu.mapper.WorksMapper.getWorksByCondition Line:143 - ==>  Preparing: SELECT w.* FROM tb_works w WHERE w.status LIKE concat('%',?,'%') and w.type LIKE concat('%',?,'%') and (w.is_del IS NULL || length(w.is_del)!=0) ORDER BY w.works_id desc LIMIT ? 
2020-11-16 19:46:56.922 DEBUG --- [http-nio-8762-exec-1] com.vtu.mapper.WorksMapper.getWorksByCondition Line:143 - ==> Parameters: pass(String), 1(String), 4(Integer)
2020-11-16 19:46:56.925 DEBUG --- [http-nio-8762-exec-9] com.vtu.mapper.WorksMapper.getWorksByCondition_COUNT Line:143 - ==>  Preparing: select count(0) from (SELECT w.* FROM tb_works w WHERE w.status LIKE concat('%',?,'%') and w.type LIKE concat('%',?,'%') and (w.is_del IS NULL || length(w.is_del)!=0) ORDER BY w.works_id desc) tmp_count 
2020-11-16 19:46:56.926 DEBUG --- [http-nio-8762-exec-9] com.vtu.mapper.WorksMapper.getWorksByCondition_COUNT Line:143 - ==> Parameters: pass(String), 3(String)
2020-11-16 19:46:56.972 DEBUG --- [http-nio-8762-exec-9] com.vtu.mapper.WorksMapper.getWorksByCondition_COUNT Line:143 - <==      Total: 1
2020-11-16 19:46:56.973 DEBUG --- [http-nio-8762-exec-10] com.vtu.mapper.WorksMapper.getWorksByCondition_COUNT Line:143 - ==>  Preparing: select count(0) from (SELECT w.* FROM tb_works w WHERE w.status LIKE concat('%',?,'%') and w.type LIKE concat('%',?,'%') and (w.is_del IS NULL || length(w.is_del)!=0) ORDER BY w.works_id desc) tmp_count 
2020-11-16 19:46:56.974 DEBUG --- [http-nio-8762-exec-10] com.vtu.mapper.WorksMapper.getWorksByCondition_COUNT Line:143 - ==> Parameters: pass(String), 2(String)
2020-11-16 19:46:56.976 DEBUG --- [http-nio-8762-exec-1] com.vtu.mapper.WorksMapper.getWorksByCondition Line:143 - <==      Total: 1
2020-11-16 19:46:57.006 DEBUG --- [http-nio-8762-exec-10] com.vtu.mapper.WorksMapper.getWorksByCondition_COUNT Line:143 - <==      Total: 1
2020-11-16 19:47:28.231 DEBUG --- [http-nio-8762-exec-6] com.vtu.mapper.WorksMapper.getPersonManage_COUNT Line:143 - ==>  Preparing: select count(0) from (SELECT w.* FROM tb_works w WHERE w.account_id=? and (w.is_del IS NULL || length(w.is_del)!=0) ORDER BY w.works_id desc) tmp_count 
2020-11-16 19:47:28.232 DEBUG --- [http-nio-8762-exec-6] com.vtu.mapper.WorksMapper.getPersonManage_COUNT Line:143 - ==> Parameters: 12(Long)
2020-11-16 19:47:28.249 DEBUG --- [http-nio-8762-exec-8] com.vtu.mapper.WorksMapper.selectByAccountId Line:143 - ==>  Preparing: SELECT * FROM tb_works WHERE status LIKE concat('%',?,'%') and account_id LIKE concat('%', ?,'%') and type LIKE concat('%', ?,'%') and (is_del IS NULL || length(is_del)!=0) 
2020-11-16 19:47:28.249 DEBUG --- [http-nio-8762-exec-7] com.vtu.mapper.WorksMapper.selectByAccountId Line:143 - ==>  Preparing: SELECT * FROM tb_works WHERE status LIKE concat('%',?,'%') and account_id LIKE concat('%', ?,'%') and type LIKE concat('%', ?,'%') and (is_del IS NULL || length(is_del)!=0) 
2020-11-16 19:47:28.250 DEBUG --- [http-nio-8762-exec-8] com.vtu.mapper.WorksMapper.selectByAccountId Line:143 - ==> Parameters: refer(String), 12(Long), 3(String)
2020-11-16 19:47:28.250 DEBUG --- [http-nio-8762-exec-7] com.vtu.mapper.WorksMapper.selectByAccountId Line:143 - ==> Parameters: refer(String), 12(Long), 2(String)
2020-11-16 19:47:28.272 DEBUG --- [http-nio-8762-exec-6] com.vtu.mapper.WorksMapper.getPersonManage_COUNT Line:143 - <==      Total: 1
2020-11-16 19:47:28.273 DEBUG --- [http-nio-8762-exec-6] com.vtu.mapper.WorksMapper.getPersonManage Line:143 - ==>  Preparing: SELECT w.* FROM tb_works w WHERE w.account_id=? and (w.is_del IS NULL || length(w.is_del)!=0) ORDER BY w.works_id desc LIMIT ? 
2020-11-16 19:47:28.274 DEBUG --- [http-nio-8762-exec-6] com.vtu.mapper.WorksMapper.getPersonManage Line:143 - ==> Parameters: 12(Long), 10(Integer)
2020-11-16 19:47:28.285 DEBUG --- [http-nio-8762-exec-8] com.vtu.mapper.WorksMapper.selectByAccountId Line:143 - <==      Total: 1
2020-11-16 19:47:28.287 DEBUG --- [http-nio-8762-exec-5] com.vtu.mapper.WorksMapper.selectByAccountId Line:143 - ==>  Preparing: SELECT * FROM tb_works WHERE status LIKE concat('%',?,'%') and account_id LIKE concat('%', ?,'%') and type LIKE concat('%', ?,'%') and (is_del IS NULL || length(is_del)!=0) 
2020-11-16 19:47:28.288 DEBUG --- [http-nio-8762-exec-7] com.vtu.mapper.WorksMapper.selectByAccountId Line:143 - <==      Total: 0
2020-11-16 19:47:28.296 DEBUG --- [http-nio-8762-exec-5] com.vtu.mapper.WorksMapper.selectByAccountId Line:143 - ==> Parameters: refer(String), 12(Long), 1(String)
2020-11-16 19:47:28.319 DEBUG --- [http-nio-8762-exec-6] com.vtu.mapper.WorksMapper.getPersonManage Line:143 - <==      Total: 2
2020-11-16 19:47:28.327 DEBUG --- [http-nio-8762-exec-5] com.vtu.mapper.WorksMapper.selectByAccountId Line:143 - <==      Total: 0
2020-11-16 19:47:49.383 DEBUG --- [http-nio-8762-exec-3] com.vtu.mapper.VipMapper.selectByVipType Line:143 - ==>  Preparing: SELECT id, vip_type, type_name , vip_detail_id,vip_id, vip_name, time_long, time_unit, com_material, material, modial_material, custom_discount,prices, invoice_type,sort_num FROM tb_vip LEFT JOIN tb_vip_detail ON id = vip_id AND vip_type = ? ORDER BY vip_detail_id 
2020-11-16 19:47:49.383 DEBUG --- [http-nio-8762-exec-4] com.vtu.mapper.VipMapper.selectByVipType Line:143 - ==>  Preparing: SELECT id, vip_type, type_name , vip_detail_id,vip_id, vip_name, time_long, time_unit, com_material, material, modial_material, custom_discount,prices, invoice_type,sort_num FROM tb_vip LEFT JOIN tb_vip_detail ON id = vip_id AND vip_type = ? ORDER BY vip_detail_id 
2020-11-16 19:47:49.384 DEBUG --- [http-nio-8762-exec-4] com.vtu.mapper.VipMapper.selectByVipType Line:143 - ==> Parameters: 1(Long)
2020-11-16 19:47:49.384 DEBUG --- [http-nio-8762-exec-3] com.vtu.mapper.VipMapper.selectByVipType Line:143 - ==> Parameters: 1(Long)
2020-11-16 19:47:49.397 DEBUG --- [http-nio-8762-exec-7] com.vtu.mapper.WorksDownloadMapper.findAllByAccountId_COUNT Line:143 - ==>  Preparing: SELECT count(0) FROM tb_works t, tb_works_download d WHERE t.works_id = d.works_id AND d.account_id = ? 
2020-11-16 19:47:49.399 DEBUG --- [http-nio-8762-exec-7] com.vtu.mapper.WorksDownloadMapper.findAllByAccountId_COUNT Line:143 - ==> Parameters: 12(Long)
2020-11-16 19:47:49.433 DEBUG --- [http-nio-8762-exec-7] com.vtu.mapper.WorksDownloadMapper.findAllByAccountId_COUNT Line:143 - <==      Total: 1
2020-11-16 19:47:49.436 DEBUG --- [http-nio-8762-exec-7] com.vtu.mapper.WorksDownloadMapper.findAllByAccountId Line:143 - ==>  Preparing: SELECT t.*,d.down_time from tb_works t,tb_works_download d WHERE t.works_id=d.works_id AND d.account_id=? ORDER BY d.down_time DESC LIMIT ? 
2020-11-16 19:47:49.437 DEBUG --- [http-nio-8762-exec-7] com.vtu.mapper.WorksDownloadMapper.findAllByAccountId Line:143 - ==> Parameters: 12(Long), 10(Integer)
2020-11-16 19:47:49.440 DEBUG --- [http-nio-8762-exec-3] com.vtu.mapper.VipMapper.selectByVipType Line:143 - <==      Total: 13
2020-11-16 19:47:49.440 DEBUG --- [http-nio-8762-exec-4] com.vtu.mapper.VipMapper.selectByVipType Line:143 - <==      Total: 13
2020-11-16 19:47:49.480 DEBUG --- [http-nio-8762-exec-7] com.vtu.mapper.WorksDownloadMapper.findAllByAccountId Line:143 - <==      Total: 1
2020-11-16 19:47:49.514 DEBUG --- [http-nio-8762-exec-8] com.vtu.mapper.RechargeRecordMapper.findAllByAccountId_COUNT Line:143 - ==>  Preparing: SELECT count(0) FROM tb_recharge_record WHERE account_id = ? 
2020-11-16 19:47:49.515 DEBUG --- [http-nio-8762-exec-8] com.vtu.mapper.RechargeRecordMapper.findAllByAccountId_COUNT Line:143 - ==> Parameters: 12(Long)
2020-11-16 19:47:49.611 DEBUG --- [http-nio-8762-exec-8] com.vtu.mapper.RechargeRecordMapper.findAllByAccountId_COUNT Line:143 - <==      Total: 1
2020-11-16 19:47:49.613 DEBUG --- [http-nio-8762-exec-8] com.vtu.mapper.RechargeRecordMapper.findAllByAccountId Line:143 - ==>  Preparing: select recharge_id, account_id, recharge_time, recharge_money from tb_recharge_record where account_id = ? LIMIT ? 
2020-11-16 19:47:49.614 DEBUG --- [http-nio-8762-exec-8] com.vtu.mapper.RechargeRecordMapper.findAllByAccountId Line:143 - ==> Parameters: 12(Long), 5(Integer)
2020-11-16 19:47:49.653 DEBUG --- [http-nio-8762-exec-8] com.vtu.mapper.RechargeRecordMapper.findAllByAccountId Line:143 - <==      Total: 3
2020-11-16 19:47:50.678 DEBUG --- [http-nio-8762-exec-6] com.vtu.mapper.VipMapper.selectByVipType Line:143 - ==>  Preparing: SELECT id, vip_type, type_name , vip_detail_id,vip_id, vip_name, time_long, time_unit, com_material, material, modial_material, custom_discount,prices, invoice_type,sort_num FROM tb_vip LEFT JOIN tb_vip_detail ON id = vip_id AND vip_type = ? ORDER BY vip_detail_id 
2020-11-16 19:47:50.679 DEBUG --- [http-nio-8762-exec-6] com.vtu.mapper.VipMapper.selectByVipType Line:143 - ==> Parameters: 1(Long)
2020-11-16 19:47:50.715 DEBUG --- [http-nio-8762-exec-6] com.vtu.mapper.VipMapper.selectByVipType Line:143 - <==      Total: 13
2020-11-16 19:47:58.036 DEBUG --- [http-nio-8762-exec-2] com.vtu.mapper.VipMapper.selectByVipType Line:143 - ==>  Preparing: SELECT id, vip_type, type_name , vip_detail_id,vip_id, vip_name, time_long, time_unit, com_material, material, modial_material, custom_discount,prices, invoice_type,sort_num FROM tb_vip LEFT JOIN tb_vip_detail ON id = vip_id AND vip_type = ? ORDER BY vip_detail_id 
2020-11-16 19:47:58.038 DEBUG --- [http-nio-8762-exec-2] com.vtu.mapper.VipMapper.selectByVipType Line:143 - ==> Parameters: 0(Long)
2020-11-16 19:47:58.080 DEBUG --- [http-nio-8762-exec-2] com.vtu.mapper.VipMapper.selectByVipType Line:143 - <==      Total: 4
2020-11-16 19:48:02.246 DEBUG --- [http-nio-8762-exec-10] com.vtu.mapper.VipMapper.selectByVipType Line:143 - ==>  Preparing: SELECT id, vip_type, type_name , vip_detail_id,vip_id, vip_name, time_long, time_unit, com_material, material, modial_material, custom_discount,prices, invoice_type,sort_num FROM tb_vip LEFT JOIN tb_vip_detail ON id = vip_id AND vip_type = ? ORDER BY vip_detail_id 
2020-11-16 19:48:02.247 DEBUG --- [http-nio-8762-exec-10] com.vtu.mapper.VipMapper.selectByVipType Line:143 - ==> Parameters: 0(Long)
2020-11-16 19:48:02.280 DEBUG --- [http-nio-8762-exec-10] com.vtu.mapper.VipMapper.selectByVipType Line:143 - <==      Total: 4
2020-11-16 19:48:03.761 DEBUG --- [http-nio-8762-exec-4] com.vtu.mapper.VipMapper.selectByVipType Line:143 - ==>  Preparing: SELECT id, vip_type, type_name , vip_detail_id,vip_id, vip_name, time_long, time_unit, com_material, material, modial_material, custom_discount,prices, invoice_type,sort_num FROM tb_vip LEFT JOIN tb_vip_detail ON id = vip_id AND vip_type = ? ORDER BY vip_detail_id 
2020-11-16 19:48:03.761 DEBUG --- [http-nio-8762-exec-4] com.vtu.mapper.VipMapper.selectByVipType Line:143 - ==> Parameters: 1(Long)
2020-11-16 19:48:03.816 DEBUG --- [http-nio-8762-exec-4] com.vtu.mapper.VipMapper.selectByVipType Line:143 - <==      Total: 13
2020-11-16 19:48:06.225 DEBUG --- [http-nio-8762-exec-3] com.vtu.mapper.VipMapper.selectByVipType Line:143 - ==>  Preparing: SELECT id, vip_type, type_name , vip_detail_id,vip_id, vip_name, time_long, time_unit, com_material, material, modial_material, custom_discount,prices, invoice_type,sort_num FROM tb_vip LEFT JOIN tb_vip_detail ON id = vip_id AND vip_type = ? ORDER BY vip_detail_id 
2020-11-16 19:48:06.226 DEBUG --- [http-nio-8762-exec-3] com.vtu.mapper.VipMapper.selectByVipType Line:143 - ==> Parameters: 0(Long)
2020-11-16 19:48:06.264 DEBUG --- [http-nio-8762-exec-3] com.vtu.mapper.VipMapper.selectByVipType Line:143 - <==      Total: 4
2020-11-16 19:48:07.126 DEBUG --- [http-nio-8762-exec-7] com.vtu.mapper.VipMapper.selectByVipType Line:143 - ==>  Preparing: SELECT id, vip_type, type_name , vip_detail_id,vip_id, vip_name, time_long, time_unit, com_material, material, modial_material, custom_discount,prices, invoice_type,sort_num FROM tb_vip LEFT JOIN tb_vip_detail ON id = vip_id AND vip_type = ? ORDER BY vip_detail_id 
2020-11-16 19:48:07.126 DEBUG --- [http-nio-8762-exec-7] com.vtu.mapper.VipMapper.selectByVipType Line:143 - ==> Parameters: 1(Long)
2020-11-16 19:48:07.168 DEBUG --- [http-nio-8762-exec-7] com.vtu.mapper.VipMapper.selectByVipType Line:143 - <==      Total: 13
2020-11-16 19:48:29.282 DEBUG --- [http-nio-8762-exec-6] com.vtu.mapper.VipMapper.selectByVipType Line:143 - ==>  Preparing: SELECT id, vip_type, type_name , vip_detail_id,vip_id, vip_name, time_long, time_unit, com_material, material, modial_material, custom_discount,prices, invoice_type,sort_num FROM tb_vip LEFT JOIN tb_vip_detail ON id = vip_id AND vip_type = ? ORDER BY vip_detail_id 
2020-11-16 19:48:29.283 DEBUG --- [http-nio-8762-exec-6] com.vtu.mapper.VipMapper.selectByVipType Line:143 - ==> Parameters: 1(Long)
2020-11-16 19:48:29.323 DEBUG --- [http-nio-8762-exec-6] com.vtu.mapper.VipMapper.selectByVipType Line:143 - <==      Total: 13
2020-11-16 20:19:22.178 DEBUG --- [http-nio-8762-exec-9] com.vtu.mapper.VipMapper.selectByVipType Line:143 - ==>  Preparing: SELECT id, vip_type, type_name , vip_detail_id,vip_id, vip_name, time_long, time_unit, com_material, material, modial_material, custom_discount,prices, invoice_type,sort_num FROM tb_vip LEFT JOIN tb_vip_detail ON id = vip_id AND vip_type = ? ORDER BY vip_detail_id 
2020-11-16 20:19:22.179 DEBUG --- [http-nio-8762-exec-9] com.vtu.mapper.VipMapper.selectByVipType Line:143 - ==> Parameters: 0(Long)
2020-11-16 20:19:22.223 DEBUG --- [http-nio-8762-exec-9] com.vtu.mapper.VipMapper.selectByVipType Line:143 - <==      Total: 4
2020-11-16 20:19:22.226 DEBUG --- [http-nio-8762-exec-1] com.vtu.mapper.VipMapper.selectByVipType Line:143 - ==>  Preparing: SELECT id, vip_type, type_name , vip_detail_id,vip_id, vip_name, time_long, time_unit, com_material, material, modial_material, custom_discount,prices, invoice_type,sort_num FROM tb_vip LEFT JOIN tb_vip_detail ON id = vip_id AND vip_type = ? ORDER BY vip_detail_id 
2020-11-16 20:19:22.228 DEBUG --- [http-nio-8762-exec-1] com.vtu.mapper.VipMapper.selectByVipType Line:143 - ==> Parameters: 0(Long)
2020-11-16 20:19:22.273 DEBUG --- [http-nio-8762-exec-1] com.vtu.mapper.VipMapper.selectByVipType Line:143 - <==      Total: 4
2020-11-16 20:19:22.710 DEBUG --- [http-nio-8762-exec-2] com.vtu.mapper.VipMapper.selectByVipType Line:143 - ==>  Preparing: SELECT id, vip_type, type_name , vip_detail_id,vip_id, vip_name, time_long, time_unit, com_material, material, modial_material, custom_discount,prices, invoice_type,sort_num FROM tb_vip LEFT JOIN tb_vip_detail ON id = vip_id AND vip_type = ? ORDER BY vip_detail_id 
2020-11-16 20:19:22.711 DEBUG --- [http-nio-8762-exec-2] com.vtu.mapper.VipMapper.selectByVipType Line:143 - ==> Parameters: 1(Long)
2020-11-16 20:19:22.753 DEBUG --- [http-nio-8762-exec-2] com.vtu.mapper.VipMapper.selectByVipType Line:143 - <==      Total: 13
2020-11-16 20:19:23.132 DEBUG --- [http-nio-8762-exec-10] com.vtu.mapper.VipMapper.selectByVipType Line:143 - ==>  Preparing: SELECT id, vip_type, type_name , vip_detail_id,vip_id, vip_name, time_long, time_unit, com_material, material, modial_material, custom_discount,prices, invoice_type,sort_num FROM tb_vip LEFT JOIN tb_vip_detail ON id = vip_id AND vip_type = ? ORDER BY vip_detail_id 
2020-11-16 20:19:23.133 DEBUG --- [http-nio-8762-exec-10] com.vtu.mapper.VipMapper.selectByVipType Line:143 - ==> Parameters: 0(Long)
2020-11-16 20:19:23.175 DEBUG --- [http-nio-8762-exec-10] com.vtu.mapper.VipMapper.selectByVipType Line:143 - <==      Total: 4
2020-11-16 20:19:23.465 DEBUG --- [http-nio-8762-exec-4] com.vtu.mapper.VipMapper.selectByVipType Line:143 - ==>  Preparing: SELECT id, vip_type, type_name , vip_detail_id,vip_id, vip_name, time_long, time_unit, com_material, material, modial_material, custom_discount,prices, invoice_type,sort_num FROM tb_vip LEFT JOIN tb_vip_detail ON id = vip_id AND vip_type = ? ORDER BY vip_detail_id 
2020-11-16 20:19:23.466 DEBUG --- [http-nio-8762-exec-4] com.vtu.mapper.VipMapper.selectByVipType Line:143 - ==> Parameters: 1(Long)
2020-11-16 20:19:23.505 DEBUG --- [http-nio-8762-exec-4] com.vtu.mapper.VipMapper.selectByVipType Line:143 - <==      Total: 13
2020-11-16 20:19:23.888 DEBUG --- [http-nio-8762-exec-3] com.vtu.mapper.VipMapper.selectByVipType Line:143 - ==>  Preparing: SELECT id, vip_type, type_name , vip_detail_id,vip_id, vip_name, time_long, time_unit, com_material, material, modial_material, custom_discount,prices, invoice_type,sort_num FROM tb_vip LEFT JOIN tb_vip_detail ON id = vip_id AND vip_type = ? ORDER BY vip_detail_id 
2020-11-16 20:19:23.889 DEBUG --- [http-nio-8762-exec-3] com.vtu.mapper.VipMapper.selectByVipType Line:143 - ==> Parameters: 0(Long)
2020-11-16 20:19:23.921 DEBUG --- [http-nio-8762-exec-3] com.vtu.mapper.VipMapper.selectByVipType Line:143 - <==      Total: 4
2020-11-16 20:19:25.143 DEBUG --- [http-nio-8762-exec-7] com.vtu.mapper.VipMapper.selectByVipType Line:143 - ==>  Preparing: SELECT id, vip_type, type_name , vip_detail_id,vip_id, vip_name, time_long, time_unit, com_material, material, modial_material, custom_discount,prices, invoice_type,sort_num FROM tb_vip LEFT JOIN tb_vip_detail ON id = vip_id AND vip_type = ? ORDER BY vip_detail_id 
2020-11-16 20:19:25.143 DEBUG --- [http-nio-8762-exec-7] com.vtu.mapper.VipMapper.selectByVipType Line:143 - ==> Parameters: 1(Long)
2020-11-16 20:19:25.181 DEBUG --- [http-nio-8762-exec-7] com.vtu.mapper.VipMapper.selectByVipType Line:143 - <==      Total: 13
2020-11-16 20:19:25.624 DEBUG --- [http-nio-8762-exec-8] com.vtu.mapper.VipMapper.selectByVipType Line:143 - ==>  Preparing: SELECT id, vip_type, type_name , vip_detail_id,vip_id, vip_name, time_long, time_unit, com_material, material, modial_material, custom_discount,prices, invoice_type,sort_num FROM tb_vip LEFT JOIN tb_vip_detail ON id = vip_id AND vip_type = ? ORDER BY vip_detail_id 
2020-11-16 20:19:25.624 DEBUG --- [http-nio-8762-exec-8] com.vtu.mapper.VipMapper.selectByVipType Line:143 - ==> Parameters: 0(Long)
2020-11-16 20:19:25.669 DEBUG --- [http-nio-8762-exec-8] com.vtu.mapper.VipMapper.selectByVipType Line:143 - <==      Total: 4
2020-11-16 20:20:16.140 DEBUG --- [http-nio-8762-exec-9] com.vtu.mapper.VipMapper.selectByVipType Line:143 - ==>  Preparing: SELECT id, vip_type, type_name , vip_detail_id,vip_id, vip_name, time_long, time_unit, com_material, material, modial_material, custom_discount,prices, invoice_type,sort_num FROM tb_vip LEFT JOIN tb_vip_detail ON id = vip_id AND vip_type = ? ORDER BY vip_detail_id 
2020-11-16 20:20:16.141 DEBUG --- [http-nio-8762-exec-9] com.vtu.mapper.VipMapper.selectByVipType Line:143 - ==> Parameters: 1(Long)
2020-11-16 20:20:16.411 DEBUG --- [http-nio-8762-exec-9] com.vtu.mapper.VipMapper.selectByVipType Line:143 - <==      Total: 13
2020-11-16 20:26:16.449 DEBUG --- [http-nio-8762-exec-2] com.vtu.mapper.VipMapper.selectByVipType Line:143 - ==>  Preparing: SELECT id, vip_type, type_name , vip_detail_id,vip_id, vip_name, time_long, time_unit, com_material, material, modial_material, custom_discount,prices, invoice_type,sort_num FROM tb_vip LEFT JOIN tb_vip_detail ON id = vip_id AND vip_type = ? ORDER BY vip_detail_id 
2020-11-16 20:26:16.454 DEBUG --- [http-nio-8762-exec-2] com.vtu.mapper.VipMapper.selectByVipType Line:143 - ==> Parameters: 1(Long)
2020-11-16 20:26:16.513 DEBUG --- [http-nio-8762-exec-2] com.vtu.mapper.VipMapper.selectByVipType Line:143 - <==      Total: 13
2020-11-16 20:26:22.476 DEBUG --- [http-nio-8762-exec-4] com.vtu.mapper.WorksMapper.getWorksByCondition_COUNT Line:143 - ==>  Preparing: select count(0) from (SELECT w.* FROM tb_works w WHERE w.status LIKE concat('%',?,'%') and w.type LIKE concat('%',?,'%') and ( w.key_word LIKE concat('%', ?,'%') OR w.desc LIKE concat('%', ?,'%') OR w.title LIKE concat('%', ?,'%') ) and w.version LIKE concat('%', ?,'%') and (w.is_del IS NULL || length(w.is_del)!=0) ORDER BY w.works_id desc) tmp_count 
2020-11-16 20:26:22.479 DEBUG --- [http-nio-8762-exec-4] com.vtu.mapper.WorksMapper.getWorksByCondition_COUNT Line:143 - ==> Parameters: pass(String), (String), 动感光效(String), 动感光效(String), 动感光效(String), (String)
2020-11-16 20:26:22.512 DEBUG --- [http-nio-8762-exec-4] com.vtu.mapper.WorksMapper.getWorksByCondition_COUNT Line:143 - <==      Total: 1
2020-11-16 20:26:25.538 DEBUG --- [http-nio-8762-exec-3] com.vtu.mapper.VipMapper.selectByVipType Line:143 - ==>  Preparing: SELECT id, vip_type, type_name , vip_detail_id,vip_id, vip_name, time_long, time_unit, com_material, material, modial_material, custom_discount,prices, invoice_type,sort_num FROM tb_vip LEFT JOIN tb_vip_detail ON id = vip_id AND vip_type = ? ORDER BY vip_detail_id 
2020-11-16 20:26:25.539 DEBUG --- [http-nio-8762-exec-3] com.vtu.mapper.VipMapper.selectByVipType Line:143 - ==> Parameters: 1(Long)
2020-11-16 20:26:25.580 DEBUG --- [http-nio-8762-exec-3] com.vtu.mapper.VipMapper.selectByVipType Line:143 - <==      Total: 13
2020-11-16 20:26:25.581 DEBUG --- [http-nio-8762-exec-7] com.vtu.mapper.VipMapper.selectByVipType Line:143 - ==>  Preparing: SELECT id, vip_type, type_name , vip_detail_id,vip_id, vip_name, time_long, time_unit, com_material, material, modial_material, custom_discount,prices, invoice_type,sort_num FROM tb_vip LEFT JOIN tb_vip_detail ON id = vip_id AND vip_type = ? ORDER BY vip_detail_id 
2020-11-16 20:26:25.582 DEBUG --- [http-nio-8762-exec-7] com.vtu.mapper.VipMapper.selectByVipType Line:143 - ==> Parameters: 1(Long)
2020-11-16 20:26:25.623 DEBUG --- [http-nio-8762-exec-7] com.vtu.mapper.VipMapper.selectByVipType Line:143 - <==      Total: 13
2020-11-16 20:26:25.628 DEBUG --- [http-nio-8762-exec-8] com.vtu.mapper.WorksDownloadMapper.findAllByAccountId_COUNT Line:143 - ==>  Preparing: SELECT count(0) FROM tb_works t, tb_works_download d WHERE t.works_id = d.works_id AND d.account_id = ? 
2020-11-16 20:26:25.629 DEBUG --- [http-nio-8762-exec-8] com.vtu.mapper.WorksDownloadMapper.findAllByAccountId_COUNT Line:143 - ==> Parameters: 12(Long)
2020-11-16 20:26:25.658 DEBUG --- [http-nio-8762-exec-8] com.vtu.mapper.WorksDownloadMapper.findAllByAccountId_COUNT Line:143 - <==      Total: 1
2020-11-16 20:26:25.660 DEBUG --- [http-nio-8762-exec-8] com.vtu.mapper.WorksDownloadMapper.findAllByAccountId Line:143 - ==>  Preparing: SELECT t.*,d.down_time from tb_works t,tb_works_download d WHERE t.works_id=d.works_id AND d.account_id=? ORDER BY d.down_time DESC LIMIT ? 
2020-11-16 20:26:25.661 DEBUG --- [http-nio-8762-exec-8] com.vtu.mapper.WorksDownloadMapper.findAllByAccountId Line:143 - ==> Parameters: 12(Long), 10(Integer)
2020-11-16 20:26:25.714 DEBUG --- [http-nio-8762-exec-8] com.vtu.mapper.WorksDownloadMapper.findAllByAccountId Line:143 - <==      Total: 1
2020-11-16 20:26:25.717 DEBUG --- [http-nio-8762-exec-6] com.vtu.mapper.RechargeRecordMapper.findAllByAccountId_COUNT Line:143 - ==>  Preparing: SELECT count(0) FROM tb_recharge_record WHERE account_id = ? 
2020-11-16 20:26:25.719 DEBUG --- [http-nio-8762-exec-6] com.vtu.mapper.RechargeRecordMapper.findAllByAccountId_COUNT Line:143 - ==> Parameters: 12(Long)
2020-11-16 20:26:25.750 DEBUG --- [http-nio-8762-exec-6] com.vtu.mapper.RechargeRecordMapper.findAllByAccountId_COUNT Line:143 - <==      Total: 1
2020-11-16 20:26:25.756 DEBUG --- [http-nio-8762-exec-6] com.vtu.mapper.RechargeRecordMapper.findAllByAccountId Line:143 - ==>  Preparing: select recharge_id, account_id, recharge_time, recharge_money from tb_recharge_record where account_id = ? LIMIT ? 
2020-11-16 20:26:25.758 DEBUG --- [http-nio-8762-exec-6] com.vtu.mapper.RechargeRecordMapper.findAllByAccountId Line:143 - ==> Parameters: 12(Long), 5(Integer)
2020-11-16 20:26:25.794 DEBUG --- [http-nio-8762-exec-6] com.vtu.mapper.RechargeRecordMapper.findAllByAccountId Line:143 - <==      Total: 3
2020-11-16 20:26:33.529 DEBUG --- [http-nio-8762-exec-2] com.vtu.mapper.VipMapper.selectByVipType Line:143 - ==>  Preparing: SELECT id, vip_type, type_name , vip_detail_id,vip_id, vip_name, time_long, time_unit, com_material, material, modial_material, custom_discount,prices, invoice_type,sort_num FROM tb_vip LEFT JOIN tb_vip_detail ON id = vip_id AND vip_type = ? ORDER BY vip_detail_id 
2020-11-16 20:26:33.530 DEBUG --- [http-nio-8762-exec-2] com.vtu.mapper.VipMapper.selectByVipType Line:143 - ==> Parameters: 0(Long)
2020-11-16 20:26:33.565 DEBUG --- [http-nio-8762-exec-2] com.vtu.mapper.VipMapper.selectByVipType Line:143 - <==      Total: 4
2020-11-16 20:26:34.238 DEBUG --- [http-nio-8762-exec-10] com.vtu.mapper.VipMapper.selectByVipType Line:143 - ==>  Preparing: SELECT id, vip_type, type_name , vip_detail_id,vip_id, vip_name, time_long, time_unit, com_material, material, modial_material, custom_discount,prices, invoice_type,sort_num FROM tb_vip LEFT JOIN tb_vip_detail ON id = vip_id AND vip_type = ? ORDER BY vip_detail_id 
2020-11-16 20:26:34.239 DEBUG --- [http-nio-8762-exec-10] com.vtu.mapper.VipMapper.selectByVipType Line:143 - ==> Parameters: 1(Long)
2020-11-16 20:26:34.326 DEBUG --- [http-nio-8762-exec-10] com.vtu.mapper.VipMapper.selectByVipType Line:143 - <==      Total: 13
2020-11-16 20:26:34.571 DEBUG --- [http-nio-8762-exec-4] com.vtu.mapper.VipMapper.selectByVipType Line:143 - ==>  Preparing: SELECT id, vip_type, type_name , vip_detail_id,vip_id, vip_name, time_long, time_unit, com_material, material, modial_material, custom_discount,prices, invoice_type,sort_num FROM tb_vip LEFT JOIN tb_vip_detail ON id = vip_id AND vip_type = ? ORDER BY vip_detail_id 
2020-11-16 20:26:34.572 DEBUG --- [http-nio-8762-exec-4] com.vtu.mapper.VipMapper.selectByVipType Line:143 - ==> Parameters: 0(Long)
2020-11-16 20:26:34.829 DEBUG --- [http-nio-8762-exec-4] com.vtu.mapper.VipMapper.selectByVipType Line:143 - <==      Total: 4
2020-11-16 20:26:35.227 DEBUG --- [http-nio-8762-exec-3] com.vtu.mapper.VipMapper.selectByVipType Line:143 - ==>  Preparing: SELECT id, vip_type, type_name , vip_detail_id,vip_id, vip_name, time_long, time_unit, com_material, material, modial_material, custom_discount,prices, invoice_type,sort_num FROM tb_vip LEFT JOIN tb_vip_detail ON id = vip_id AND vip_type = ? ORDER BY vip_detail_id 
2020-11-16 20:26:35.227 DEBUG --- [http-nio-8762-exec-3] com.vtu.mapper.VipMapper.selectByVipType Line:143 - ==> Parameters: 1(Long)
2020-11-16 20:26:35.266 DEBUG --- [http-nio-8762-exec-3] com.vtu.mapper.VipMapper.selectByVipType Line:143 - <==      Total: 13
2020-11-16 20:26:35.673 DEBUG --- [http-nio-8762-exec-7] com.vtu.mapper.VipMapper.selectByVipType Line:143 - ==>  Preparing: SELECT id, vip_type, type_name , vip_detail_id,vip_id, vip_name, time_long, time_unit, com_material, material, modial_material, custom_discount,prices, invoice_type,sort_num FROM tb_vip LEFT JOIN tb_vip_detail ON id = vip_id AND vip_type = ? ORDER BY vip_detail_id 
2020-11-16 20:26:35.674 DEBUG --- [http-nio-8762-exec-7] com.vtu.mapper.VipMapper.selectByVipType Line:143 - ==> Parameters: 0(Long)
2020-11-16 20:26:35.713 DEBUG --- [http-nio-8762-exec-7] com.vtu.mapper.VipMapper.selectByVipType Line:143 - <==      Total: 4
2020-11-16 20:26:36.795 DEBUG --- [http-nio-8762-exec-8] com.vtu.mapper.VipMapper.selectByVipType Line:143 - ==>  Preparing: SELECT id, vip_type, type_name , vip_detail_id,vip_id, vip_name, time_long, time_unit, com_material, material, modial_material, custom_discount,prices, invoice_type,sort_num FROM tb_vip LEFT JOIN tb_vip_detail ON id = vip_id AND vip_type = ? ORDER BY vip_detail_id 
2020-11-16 20:26:36.796 DEBUG --- [http-nio-8762-exec-8] com.vtu.mapper.VipMapper.selectByVipType Line:143 - ==> Parameters: 1(Long)
2020-11-16 20:26:36.832 DEBUG --- [http-nio-8762-exec-8] com.vtu.mapper.VipMapper.selectByVipType Line:143 - <==      Total: 13
2020-11-16 20:46:04.430 DEBUG --- [http-nio-8762-exec-5] com.vtu.mapper.VipMapper.selectByVipType Line:143 - ==>  Preparing: SELECT id, vip_type, type_name , vip_detail_id,vip_id, vip_name, time_long, time_unit, com_material, material, modial_material, custom_discount,prices, invoice_type,sort_num FROM tb_vip LEFT JOIN tb_vip_detail ON id = vip_id AND vip_type = ? ORDER BY vip_detail_id 
2020-11-16 20:46:04.435 DEBUG --- [http-nio-8762-exec-5] com.vtu.mapper.VipMapper.selectByVipType Line:143 - ==> Parameters: 0(Long)
2020-11-16 20:46:04.485 DEBUG --- [http-nio-8762-exec-5] com.vtu.mapper.VipMapper.selectByVipType Line:143 - <==      Total: 4
2020-11-16 20:46:04.487 DEBUG --- [http-nio-8762-exec-9] com.vtu.mapper.VipMapper.selectByVipType Line:143 - ==>  Preparing: SELECT id, vip_type, type_name , vip_detail_id,vip_id, vip_name, time_long, time_unit, com_material, material, modial_material, custom_discount,prices, invoice_type,sort_num FROM tb_vip LEFT JOIN tb_vip_detail ON id = vip_id AND vip_type = ? ORDER BY vip_detail_id 
2020-11-16 20:46:04.491 DEBUG --- [http-nio-8762-exec-9] com.vtu.mapper.VipMapper.selectByVipType Line:143 - ==> Parameters: 0(Long)
2020-11-16 20:46:04.539 DEBUG --- [http-nio-8762-exec-9] com.vtu.mapper.VipMapper.selectByVipType Line:143 - <==      Total: 4
2020-11-16 22:18:32.275 DEBUG --- [restartedMain] org.apache.ibatis.logging.LogFactory Line:105 - Logging initialized using 'class org.apache.ibatis.logging.slf4j.Slf4jImpl' adapter.
2020-11-16 22:19:12.308 DEBUG --- [http-nio-8762-exec-2] com.vtu.mapper.VipMapper.selectByVipType Line:143 - ==>  Preparing: SELECT id, vip_type, type_name , vip_detail_id,vip_id, vip_name, time_long, time_unit, com_material, material, modial_material, custom_discount,prices, invoice_type,sort_num FROM (SELECT * FROM tb_vip WHERE vip_type=0) a LEFT JOIN tb_vip_detail b ON a.id = b.vip_id ORDER BY sort_num,vip_detail_id 
2020-11-16 22:19:12.341 DEBUG --- [http-nio-8762-exec-2] com.vtu.mapper.VipMapper.selectByVipType Line:143 - ==> Parameters: 
2020-11-16 22:19:12.408 DEBUG --- [http-nio-8762-exec-2] com.vtu.mapper.VipMapper.selectByVipType Line:143 - <==      Total: 1
2020-11-16 22:19:13.937 DEBUG --- [http-nio-8762-exec-1] com.vtu.mapper.VipMapper.selectByVipType Line:143 - ==>  Preparing: SELECT id, vip_type, type_name , vip_detail_id,vip_id, vip_name, time_long, time_unit, com_material, material, modial_material, custom_discount,prices, invoice_type,sort_num FROM (SELECT * FROM tb_vip WHERE vip_type=0) a LEFT JOIN tb_vip_detail b ON a.id = b.vip_id ORDER BY sort_num,vip_detail_id 
2020-11-16 22:19:13.938 DEBUG --- [http-nio-8762-exec-1] com.vtu.mapper.VipMapper.selectByVipType Line:143 - ==> Parameters: 
2020-11-16 22:19:13.995 DEBUG --- [http-nio-8762-exec-1] com.vtu.mapper.VipMapper.selectByVipType Line:143 - <==      Total: 1
2020-11-16 22:19:15.121 DEBUG --- [http-nio-8762-exec-3] com.vtu.mapper.VipMapper.selectByVipType Line:143 - ==>  Preparing: SELECT id, vip_type, type_name , vip_detail_id,vip_id, vip_name, time_long, time_unit, com_material, material, modial_material, custom_discount,prices, invoice_type,sort_num FROM (SELECT * FROM tb_vip WHERE vip_type=0) a LEFT JOIN tb_vip_detail b ON a.id = b.vip_id ORDER BY sort_num,vip_detail_id 
2020-11-16 22:19:15.121 DEBUG --- [http-nio-8762-exec-3] com.vtu.mapper.VipMapper.selectByVipType Line:143 - ==> Parameters: 
2020-11-16 22:19:15.155 DEBUG --- [http-nio-8762-exec-3] com.vtu.mapper.VipMapper.selectByVipType Line:143 - <==      Total: 1
2020-11-16 22:20:02.815 DEBUG --- [http-nio-8762-exec-6] com.vtu.mapper.VipMapper.selectByVipType Line:143 - ==>  Preparing: SELECT id, vip_type, type_name , vip_detail_id,vip_id, vip_name, time_long, time_unit, com_material, material, modial_material, custom_discount,prices, invoice_type,sort_num FROM (SELECT * FROM tb_vip WHERE vip_type=0) a LEFT JOIN tb_vip_detail b ON a.id = b.vip_id ORDER BY sort_num,vip_detail_id 
2020-11-16 22:20:02.815 DEBUG --- [http-nio-8762-exec-6] com.vtu.mapper.VipMapper.selectByVipType Line:143 - ==> Parameters: 
2020-11-16 22:20:02.858 DEBUG --- [http-nio-8762-exec-6] com.vtu.mapper.VipMapper.selectByVipType Line:143 - <==      Total: 1
2020-11-16 22:20:04.003 DEBUG --- [http-nio-8762-exec-5] com.vtu.mapper.VipMapper.selectByVipType Line:143 - ==>  Preparing: SELECT id, vip_type, type_name , vip_detail_id,vip_id, vip_name, time_long, time_unit, com_material, material, modial_material, custom_discount,prices, invoice_type,sort_num FROM (SELECT * FROM tb_vip WHERE vip_type=0) a LEFT JOIN tb_vip_detail b ON a.id = b.vip_id ORDER BY sort_num,vip_detail_id 
2020-11-16 22:20:04.004 DEBUG --- [http-nio-8762-exec-5] com.vtu.mapper.VipMapper.selectByVipType Line:143 - ==> Parameters: 
2020-11-16 22:20:04.047 DEBUG --- [http-nio-8762-exec-5] com.vtu.mapper.VipMapper.selectByVipType Line:143 - <==      Total: 1
2020-11-16 22:21:23.341 DEBUG --- [restartedMain] org.apache.ibatis.logging.LogFactory Line:105 - Logging initialized using 'class org.apache.ibatis.logging.slf4j.Slf4jImpl' adapter.
2020-11-16 22:23:38.855 DEBUG --- [http-nio-8762-exec-1] com.vtu.mapper.VipMapper.selectByVipType Line:143 - ==>  Preparing: SELECT id, vip_type, type_name , vip_detail_id,vip_id, vip_name, time_long, time_unit, com_material, material, modial_material, custom_discount,prices, invoice_type,sort_num FROM (SELECT * FROM tb_vip WHERE vip_type=?) a LEFT JOIN tb_vip_detail b ON a.id = b.vip_id ORDER BY sort_num,vip_detail_id 
2020-11-16 22:23:38.889 DEBUG --- [http-nio-8762-exec-1] com.vtu.mapper.VipMapper.selectByVipType Line:143 - ==> Parameters: 0(Long)
2020-11-16 22:23:38.956 DEBUG --- [http-nio-8762-exec-1] com.vtu.mapper.VipMapper.selectByVipType Line:143 - <==      Total: 1
2020-11-16 22:23:39.903 DEBUG --- [http-nio-8762-exec-2] com.vtu.mapper.VipMapper.selectByVipType Line:143 - ==>  Preparing: SELECT id, vip_type, type_name , vip_detail_id,vip_id, vip_name, time_long, time_unit, com_material, material, modial_material, custom_discount,prices, invoice_type,sort_num FROM (SELECT * FROM tb_vip WHERE vip_type=?) a LEFT JOIN tb_vip_detail b ON a.id = b.vip_id ORDER BY sort_num,vip_detail_id 
2020-11-16 22:23:39.904 DEBUG --- [http-nio-8762-exec-2] com.vtu.mapper.VipMapper.selectByVipType Line:143 - ==> Parameters: 1(Long)
2020-11-16 22:23:39.952 DEBUG --- [http-nio-8762-exec-2] com.vtu.mapper.VipMapper.selectByVipType Line:143 - <==      Total: 12
2020-11-16 22:32:07.862 DEBUG --- [http-nio-8762-exec-7] com.vtu.mapper.WorksMapper.selectByAccountId Line:143 - ==>  Preparing: SELECT * FROM tb_works WHERE status LIKE concat('%',?,'%') and account_id LIKE concat('%', ?,'%') and type LIKE concat('%', ?,'%') and (is_del IS NULL || length(is_del)!=0) 
2020-11-16 22:32:07.865 DEBUG --- [http-nio-8762-exec-7] com.vtu.mapper.WorksMapper.selectByAccountId Line:143 - ==> Parameters: refer(String), 12(Long), 3(String)
2020-11-16 22:32:08.628 DEBUG --- [http-nio-8762-exec-7] com.vtu.mapper.WorksMapper.selectByAccountId Line:143 - <==      Total: 1
2020-11-16 22:32:08.629 DEBUG --- [http-nio-8762-exec-4] com.vtu.mapper.WorksMapper.selectByAccountId Line:143 - ==>  Preparing: SELECT * FROM tb_works WHERE status LIKE concat('%',?,'%') and account_id LIKE concat('%', ?,'%') and type LIKE concat('%', ?,'%') and (is_del IS NULL || length(is_del)!=0) 
2020-11-16 22:32:08.630 DEBUG --- [http-nio-8762-exec-4] com.vtu.mapper.WorksMapper.selectByAccountId Line:143 - ==> Parameters: refer(String), 12(Long), 2(String)
2020-11-16 22:32:09.599 DEBUG --- [http-nio-8762-exec-4] com.vtu.mapper.WorksMapper.selectByAccountId Line:143 - <==      Total: 0
2020-11-16 22:32:09.601 DEBUG --- [http-nio-8762-exec-6] com.vtu.mapper.WorksMapper.getPersonManage_COUNT Line:143 - ==>  Preparing: select count(0) from (SELECT w.* FROM tb_works w WHERE w.account_id=? and (w.is_del IS NULL || length(w.is_del)!=0) ORDER BY w.works_id desc) tmp_count 
2020-11-16 22:32:09.604 DEBUG --- [http-nio-8762-exec-6] com.vtu.mapper.WorksMapper.getPersonManage_COUNT Line:143 - ==> Parameters: 12(Long)
2020-11-16 22:32:10.191 DEBUG --- [http-nio-8762-exec-6] com.vtu.mapper.WorksMapper.getPersonManage_COUNT Line:143 - <==      Total: 1
2020-11-16 22:32:10.201 DEBUG --- [http-nio-8762-exec-6] com.vtu.mapper.WorksMapper.getPersonManage Line:143 - ==>  Preparing: SELECT w.* FROM tb_works w WHERE w.account_id=? and (w.is_del IS NULL || length(w.is_del)!=0) ORDER BY w.works_id desc LIMIT ? 
2020-11-16 22:32:10.209 DEBUG --- [http-nio-8762-exec-6] com.vtu.mapper.WorksMapper.getPersonManage Line:143 - ==> Parameters: 12(Long), 10(Integer)
2020-11-16 22:32:10.638 DEBUG --- [http-nio-8762-exec-6] com.vtu.mapper.WorksMapper.getPersonManage Line:143 - <==      Total: 2
2020-11-16 22:32:10.639 DEBUG --- [http-nio-8762-exec-5] com.vtu.mapper.WorksMapper.selectByAccountId Line:143 - ==>  Preparing: SELECT * FROM tb_works WHERE status LIKE concat('%',?,'%') and account_id LIKE concat('%', ?,'%') and type LIKE concat('%', ?,'%') and (is_del IS NULL || length(is_del)!=0) 
2020-11-16 22:32:10.642 DEBUG --- [http-nio-8762-exec-5] com.vtu.mapper.WorksMapper.selectByAccountId Line:143 - ==> Parameters: refer(String), 12(Long), 1(String)
2020-11-16 22:32:11.501 DEBUG --- [http-nio-8762-exec-5] com.vtu.mapper.WorksMapper.selectByAccountId Line:143 - <==      Total: 0
2020-11-16 22:32:15.698 DEBUG --- [http-nio-8762-exec-8] com.vtu.mapper.CustomerMapper.selectByAuthCode Line:143 - ==>  Preparing: select account_id, account, password, name, phone, id_card, remain, is_vip, is_shoper, email, email_send_time,wxId, qqId,authCode,isAuth, sex,header_image_url,head_portrait_url,id_card_url,passport_url,business_liscence_url,protocol_url,shoper_type,shoper_status from tb_customer where authCode = ? 
2020-11-16 22:32:15.699 DEBUG --- [http-nio-8762-exec-8] com.vtu.mapper.CustomerMapper.selectByAuthCode Line:143 - ==> Parameters: 1234(String)
2020-11-16 22:32:16.127 DEBUG --- [http-nio-8762-exec-8] com.vtu.mapper.CustomerMapper.selectByAuthCode Line:143 - <==      Total: 1
2020-11-16 22:32:16.130 DEBUG --- [http-nio-8762-exec-8] com.vtu.mapper.CustomerVipMapper.selectByAccountId Line:143 - ==>  Preparing: select id, account_id, vip_detail_id, start_time, end_time, is_vip from tb_customer_vip where account_id = ? 
2020-11-16 22:32:16.131 DEBUG --- [http-nio-8762-exec-8] com.vtu.mapper.CustomerVipMapper.selectByAccountId Line:143 - ==> Parameters: 12(Long)
2020-11-16 22:32:16.571 DEBUG --- [http-nio-8762-exec-8] com.vtu.mapper.CustomerVipMapper.selectByAccountId Line:143 - <==      Total: 0
2020-11-16 22:32:16.573 DEBUG --- [http-nio-8762-exec-8] com.vtu.mapper.CustomerMapper.updateByPrimaryKey Line:143 - ==>  Preparing: update tb_customer set account = ?, password = ?, name = ?, sex = ?, phone = ?, id_card = ?, remain = ?, is_vip = ?, is_shoper = ?, email = ?, email_send_time = ?, wxId = ?, qqId = ?, authCode = ?, isAuth = ?, header_image_url = ?, head_portrait_url = ?, id_card_url = ?, passport_url = ?, business_liscence_url = ?, protocol_url = ?, shoper_type = ?, shoper_status = ? where account_id = ? 
2020-11-16 22:32:16.578 DEBUG --- [http-nio-8762-exec-8] com.vtu.mapper.CustomerMapper.updateByPrimaryKey Line:143 - ==> Parameters: VT20191103232122916(String), null, 小星星(String), null, null, null, null, null, null, 786107325@qq.com(String), 2019-11-03 23:21:22:915(String), null, null, 1234(String), true(String), https://vtuweb.oss-cn-beijing.aliyuncs.com/temps/tempOutput/1605435370549/headerImage/儿童.jpg(String), null, null, null, null, null, personal(String), pass(String), 12(Long)
2020-11-16 22:32:17.183 DEBUG --- [http-nio-8762-exec-8] com.vtu.mapper.CustomerMapper.updateByPrimaryKey Line:143 - <==    Updates: 1
2020-11-16 22:32:19.337 DEBUG --- [http-nio-8762-exec-1] com.vtu.mapper.WorksMapper.getWorksByCondition_COUNT Line:143 - ==>  Preparing: select count(0) from (SELECT w.* FROM tb_works w WHERE w.status LIKE concat('%',?,'%') and w.type LIKE concat('%',?,'%') and (w.is_del IS NULL || length(w.is_del)!=0) ORDER BY w.works_id desc) tmp_count 
2020-11-16 22:32:19.338 DEBUG --- [http-nio-8762-exec-10] com.vtu.mapper.WorksMapper.getWorksByCondition_COUNT Line:143 - ==>  Preparing: select count(0) from (SELECT w.* FROM tb_works w WHERE w.status LIKE concat('%',?,'%') and w.type LIKE concat('%',?,'%') and (w.is_del IS NULL || length(w.is_del)!=0) ORDER BY w.works_id desc) tmp_count 
2020-11-16 22:32:19.339 DEBUG --- [http-nio-8762-exec-1] com.vtu.mapper.WorksMapper.getWorksByCondition_COUNT Line:143 - ==> Parameters: pass(String), 3(String)
2020-11-16 22:32:19.340 DEBUG --- [http-nio-8762-exec-10] com.vtu.mapper.WorksMapper.getWorksByCondition_COUNT Line:143 - ==> Parameters: pass(String), 2(String)
2020-11-16 22:32:19.615 DEBUG --- [http-nio-8762-exec-1] com.vtu.mapper.WorksMapper.getWorksByCondition_COUNT Line:143 - <==      Total: 1
2020-11-16 22:32:19.616 DEBUG --- [http-nio-8762-exec-10] com.vtu.mapper.WorksMapper.getWorksByCondition_COUNT Line:143 - <==      Total: 1
2020-11-16 22:32:19.650 DEBUG --- [http-nio-8762-exec-9] com.vtu.mapper.WorksMapper.getWorksByCondition_COUNT Line:143 - ==>  Preparing: select count(0) from (SELECT w.* FROM tb_works w WHERE w.status LIKE concat('%',?,'%') and w.type LIKE concat('%',?,'%') and (w.is_del IS NULL || length(w.is_del)!=0) ORDER BY w.works_id desc) tmp_count 
2020-11-16 22:32:19.669 DEBUG --- [http-nio-8762-exec-9] com.vtu.mapper.WorksMapper.getWorksByCondition_COUNT Line:143 - ==> Parameters: pass(String), 1(String)
2020-11-16 22:32:19.906 DEBUG --- [http-nio-8762-exec-9] com.vtu.mapper.WorksMapper.getWorksByCondition_COUNT Line:143 - <==      Total: 1
2020-11-16 22:32:19.909 DEBUG --- [http-nio-8762-exec-9] com.vtu.mapper.WorksMapper.getWorksByCondition Line:143 - ==>  Preparing: SELECT w.* FROM tb_works w WHERE w.status LIKE concat('%',?,'%') and w.type LIKE concat('%',?,'%') and (w.is_del IS NULL || length(w.is_del)!=0) ORDER BY w.works_id desc LIMIT ? 
2020-11-16 22:32:19.910 DEBUG --- [http-nio-8762-exec-9] com.vtu.mapper.WorksMapper.getWorksByCondition Line:143 - ==> Parameters: pass(String), 1(String), 4(Integer)
2020-11-16 22:32:20.391 DEBUG --- [http-nio-8762-exec-9] com.vtu.mapper.WorksMapper.getWorksByCondition Line:143 - <==      Total: 1
2020-11-16 22:33:40.453 DEBUG --- [http-nio-8762-exec-4] com.vtu.mapper.CustomerMapper.selectByAuthCode Line:143 - ==>  Preparing: select account_id, account, password, name, phone, id_card, remain, is_vip, is_shoper, email, email_send_time,wxId, qqId,authCode,isAuth, sex,header_image_url,head_portrait_url,id_card_url,passport_url,business_liscence_url,protocol_url,shoper_type,shoper_status from tb_customer where authCode = ? 
2020-11-16 22:33:40.455 DEBUG --- [http-nio-8762-exec-4] com.vtu.mapper.CustomerMapper.selectByAuthCode Line:143 - ==> Parameters: 1234(String)
2020-11-16 22:33:40.913 DEBUG --- [http-nio-8762-exec-4] com.vtu.mapper.CustomerMapper.selectByAuthCode Line:143 - <==      Total: 1
2020-11-16 22:33:40.917 DEBUG --- [http-nio-8762-exec-6] com.vtu.mapper.CustomerMapper.selectByAuthCode Line:143 - ==>  Preparing: select account_id, account, password, name, phone, id_card, remain, is_vip, is_shoper, email, email_send_time,wxId, qqId,authCode,isAuth, sex,header_image_url,head_portrait_url,id_card_url,passport_url,business_liscence_url,protocol_url,shoper_type,shoper_status from tb_customer where authCode = ? 
2020-11-16 22:33:40.923 DEBUG --- [http-nio-8762-exec-6] com.vtu.mapper.CustomerMapper.selectByAuthCode Line:143 - ==> Parameters: 1234(String)
2020-11-16 22:33:41.566 DEBUG --- [http-nio-8762-exec-6] com.vtu.mapper.CustomerMapper.selectByAuthCode Line:143 - <==      Total: 1
2020-11-16 22:33:41.569 DEBUG --- [http-nio-8762-exec-4] com.vtu.mapper.CustomerVipMapper.selectByAccountId Line:143 - ==>  Preparing: select id, account_id, vip_detail_id, start_time, end_time, is_vip from tb_customer_vip where account_id = ? 
2020-11-16 22:33:41.570 DEBUG --- [http-nio-8762-exec-4] com.vtu.mapper.CustomerVipMapper.selectByAccountId Line:143 - ==> Parameters: 12(Long)
2020-11-16 22:33:43.806 DEBUG --- [http-nio-8762-exec-4] com.vtu.mapper.CustomerVipMapper.selectByAccountId Line:143 - <==      Total: 0
2020-11-16 22:33:43.809 DEBUG --- [http-nio-8762-exec-6] com.vtu.mapper.CustomerVipMapper.selectByAccountId Line:143 - ==>  Preparing: select id, account_id, vip_detail_id, start_time, end_time, is_vip from tb_customer_vip where account_id = ? 
2020-11-16 22:33:43.810 DEBUG --- [http-nio-8762-exec-6] com.vtu.mapper.CustomerVipMapper.selectByAccountId Line:143 - ==> Parameters: 12(Long)
2020-11-16 22:33:47.231 DEBUG --- [http-nio-8762-exec-6] com.vtu.mapper.CustomerVipMapper.selectByAccountId Line:143 - <==      Total: 0
2020-11-16 22:33:47.233 DEBUG --- [http-nio-8762-exec-4] com.vtu.mapper.CustomerMapper.updateByPrimaryKey Line:143 - ==>  Preparing: update tb_customer set account = ?, password = ?, name = ?, sex = ?, phone = ?, id_card = ?, remain = ?, is_vip = ?, is_shoper = ?, email = ?, email_send_time = ?, wxId = ?, qqId = ?, authCode = ?, isAuth = ?, header_image_url = ?, head_portrait_url = ?, id_card_url = ?, passport_url = ?, business_liscence_url = ?, protocol_url = ?, shoper_type = ?, shoper_status = ? where account_id = ? 
2020-11-16 22:33:47.236 DEBUG --- [http-nio-8762-exec-4] com.vtu.mapper.CustomerMapper.updateByPrimaryKey Line:143 - ==> Parameters: VT20191103232122916(String), null, 小星星(String), null, null, null, null, null, null, 786107325@qq.com(String), 2019-11-03 23:21:22:915(String), null, null, 1234(String), true(String), https://vtuweb.oss-cn-beijing.aliyuncs.com/temps/tempOutput/1605435370549/headerImage/儿童.jpg(String), null, null, null, null, null, personal(String), (String), 12(Long)
2020-11-16 22:33:51.604 DEBUG --- [http-nio-8762-exec-4] com.vtu.mapper.CustomerMapper.updateByPrimaryKey Line:143 - <==    Updates: 1
2020-11-16 22:33:51.605 DEBUG --- [http-nio-8762-exec-5] com.vtu.mapper.CustomerMapper.selectByAuthCode Line:143 - ==>  Preparing: select account_id, account, password, name, phone, id_card, remain, is_vip, is_shoper, email, email_send_time,wxId, qqId,authCode,isAuth, sex,header_image_url,head_portrait_url,id_card_url,passport_url,business_liscence_url,protocol_url,shoper_type,shoper_status from tb_customer where authCode = ? 
2020-11-16 22:33:51.606 DEBUG --- [http-nio-8762-exec-5] com.vtu.mapper.CustomerMapper.selectByAuthCode Line:143 - ==> Parameters: 1234(String)
2020-11-16 22:33:52.793 DEBUG --- [http-nio-8762-exec-5] com.vtu.mapper.CustomerMapper.selectByAuthCode Line:143 - <==      Total: 1
2020-11-16 22:33:52.795 DEBUG --- [http-nio-8762-exec-6] com.vtu.mapper.CustomerMapper.updateByPrimaryKey Line:143 - ==>  Preparing: update tb_customer set account = ?, password = ?, name = ?, sex = ?, phone = ?, id_card = ?, remain = ?, is_vip = ?, is_shoper = ?, email = ?, email_send_time = ?, wxId = ?, qqId = ?, authCode = ?, isAuth = ?, header_image_url = ?, head_portrait_url = ?, id_card_url = ?, passport_url = ?, business_liscence_url = ?, protocol_url = ?, shoper_type = ?, shoper_status = ? where account_id = ? 
2020-11-16 22:33:52.797 DEBUG --- [http-nio-8762-exec-6] com.vtu.mapper.CustomerMapper.updateByPrimaryKey Line:143 - ==> Parameters: VT20191103232122916(String), null, 小星星(String), null, null, null, null, null, null, 786107325@qq.com(String), 2019-11-03 23:21:22:915(String), null, null, 1234(String), true(String), https://vtuweb.oss-cn-beijing.aliyuncs.com/temps/tempOutput/1605435370549/headerImage/儿童.jpg(String), null, null, null, null, null, personal(String), (String), 12(Long)
2020-11-16 22:33:57.862 DEBUG --- [http-nio-8762-exec-6] com.vtu.mapper.CustomerMapper.updateByPrimaryKey Line:143 - <==    Updates: 1
2020-11-16 22:33:57.862 DEBUG --- [http-nio-8762-exec-8] com.vtu.mapper.CustomerMapper.selectByAuthCode Line:143 - ==>  Preparing: select account_id, account, password, name, phone, id_card, remain, is_vip, is_shoper, email, email_send_time,wxId, qqId,authCode,isAuth, sex,header_image_url,head_portrait_url,id_card_url,passport_url,business_liscence_url,protocol_url,shoper_type,shoper_status from tb_customer where authCode = ? 
2020-11-16 22:33:57.863 DEBUG --- [http-nio-8762-exec-8] com.vtu.mapper.CustomerMapper.selectByAuthCode Line:143 - ==> Parameters: 1234(String)
2020-11-16 22:34:00.845 DEBUG --- [http-nio-8762-exec-8] com.vtu.mapper.CustomerMapper.selectByAuthCode Line:143 - <==      Total: 1
2020-11-16 22:34:00.846 DEBUG --- [http-nio-8762-exec-5] com.vtu.mapper.CustomerVipMapper.selectByAccountId Line:143 - ==>  Preparing: select id, account_id, vip_detail_id, start_time, end_time, is_vip from tb_customer_vip where account_id = ? 
2020-11-16 22:34:00.847 DEBUG --- [http-nio-8762-exec-5] com.vtu.mapper.CustomerVipMapper.selectByAccountId Line:143 - ==> Parameters: 12(Long)
2020-11-16 22:34:04.113 DEBUG --- [http-nio-8762-exec-5] com.vtu.mapper.CustomerVipMapper.selectByAccountId Line:143 - <==      Total: 0
2020-11-16 22:34:04.115 DEBUG --- [http-nio-8762-exec-8] com.vtu.mapper.CustomerVipMapper.selectByAccountId Line:143 - ==>  Preparing: select id, account_id, vip_detail_id, start_time, end_time, is_vip from tb_customer_vip where account_id = ? 
2020-11-16 22:34:04.116 DEBUG --- [http-nio-8762-exec-8] com.vtu.mapper.CustomerVipMapper.selectByAccountId Line:143 - ==> Parameters: 12(Long)
2020-11-16 22:34:07.650 DEBUG --- [http-nio-8762-exec-8] com.vtu.mapper.CustomerVipMapper.selectByAccountId Line:143 - <==      Total: 0
2020-11-16 22:34:25.806 DEBUG --- [restartedMain] org.apache.ibatis.logging.LogFactory Line:105 - Logging initialized using 'class org.apache.ibatis.logging.slf4j.Slf4jImpl' adapter.
