2020-07-25 23:07:19.630 DEBUG --- [restartedMain] org.apache.ibatis.logging.LogFactory Line:105 - Logging initialized using 'class org.apache.ibatis.logging.slf4j.Slf4jImpl' adapter.
2020-07-25 23:10:33.112 DEBUG --- [http-nio-8762-exec-1] com.vtu.mapper.CustomerMapper.selectByAuthCode Line:143 - ==>  Preparing: select account_id, account, password, name, phone, id_card, remain, is_vip, is_shoper, email, email_send_time,wxId, qqId,authCode,isAuth,sex,head_portrait_url from tb_customer where authCode = ? 
2020-07-25 23:10:33.159 DEBUG --- [http-nio-8762-exec-1] com.vtu.mapper.CustomerMapper.selectByAuthCode Line:143 - ==> Parameters: 1234(String)
2020-07-25 23:10:33.331 DEBUG --- [http-nio-8762-exec-1] com.vtu.mapper.CustomerMapper.selectByAuthCode Line:143 - <==      Total: 1
2020-07-25 23:10:33.331 DEBUG --- [http-nio-8762-exec-2] com.vtu.mapper.CustomerMapper.selectByAuthCode Line:143 - ==>  Preparing: select account_id, account, password, name, phone, id_card, remain, is_vip, is_shoper, email, email_send_time,wxId, qqId,authCode,isAuth,sex,head_portrait_url from tb_customer where authCode = ? 
2020-07-25 23:10:33.331 DEBUG --- [http-nio-8762-exec-2] com.vtu.mapper.CustomerMapper.selectByAuthCode Line:143 - ==> Parameters: 1234(String)
2020-07-25 23:10:33.409 DEBUG --- [http-nio-8762-exec-2] com.vtu.mapper.CustomerMapper.selectByAuthCode Line:143 - <==      Total: 1
2020-07-25 23:10:33.409 DEBUG --- [http-nio-8762-exec-1] com.vtu.mapper.CustomerVipMapper.selectByAccountId Line:143 - ==>  Preparing: select id, account_id, vip_detail_id, start_time, end_time, is_vip from tb_customer_vip where account_id = ? 
2020-07-25 23:10:33.409 DEBUG --- [http-nio-8762-exec-1] com.vtu.mapper.CustomerVipMapper.selectByAccountId Line:143 - ==> Parameters: 12(Long)
2020-07-25 23:10:33.518 DEBUG --- [http-nio-8762-exec-1] com.vtu.mapper.CustomerVipMapper.selectByAccountId Line:143 - <==      Total: 0
2020-07-25 23:10:33.518 DEBUG --- [http-nio-8762-exec-2] com.vtu.mapper.CustomerVipMapper.selectByAccountId Line:143 - ==>  Preparing: select id, account_id, vip_detail_id, start_time, end_time, is_vip from tb_customer_vip where account_id = ? 
2020-07-25 23:10:33.518 DEBUG --- [http-nio-8762-exec-2] com.vtu.mapper.CustomerVipMapper.selectByAccountId Line:143 - ==> Parameters: 12(Long)
2020-07-25 23:10:33.643 DEBUG --- [http-nio-8762-exec-2] com.vtu.mapper.CustomerVipMapper.selectByAccountId Line:143 - <==      Total: 0
2020-07-25 23:10:33.643 DEBUG --- [http-nio-8762-exec-1] com.vtu.mapper.CustomerMapper.updateByPrimaryKey Line:143 - ==>  Preparing: update tb_customer set account = ?, password = ?, name = ?, sex = ?, phone = ?, id_card = ?, remain = ?, is_vip = ?, is_shoper = ?, email = ?, email_send_time = ?, wxId = ?, qqId = ?, authCode = ?, isAuth = ?, head_portrait_url = ? where account_id = ? 
2020-07-25 23:10:33.643 DEBUG --- [http-nio-8762-exec-1] com.vtu.mapper.CustomerMapper.updateByPrimaryKey Line:143 - ==> Parameters: VT20191105001621984(String), null, whh(String), 男(String), 1511485465235(String), null, null, null, null, 35114854657@163.com(String), 2019-11-05 00:16:21:982(String), null, null, 1234(String), true(String), blog/2020-05-05/cf7d92441aae405e9462d96f88587db8-image_00002.jpg(String), 12(Long)
2020-07-25 23:10:34.518 DEBUG --- [http-nio-8762-exec-1] com.vtu.mapper.CustomerMapper.updateByPrimaryKey Line:143 - <==    Updates: 1
2020-07-25 23:10:34.518 DEBUG --- [http-nio-8762-exec-2] com.vtu.mapper.CustomerMapper.updateByPrimaryKey Line:143 - ==>  Preparing: update tb_customer set account = ?, password = ?, name = ?, sex = ?, phone = ?, id_card = ?, remain = ?, is_vip = ?, is_shoper = ?, email = ?, email_send_time = ?, wxId = ?, qqId = ?, authCode = ?, isAuth = ?, head_portrait_url = ? where account_id = ? 
2020-07-25 23:10:34.518 DEBUG --- [http-nio-8762-exec-2] com.vtu.mapper.CustomerMapper.updateByPrimaryKey Line:143 - ==> Parameters: VT20191105001621984(String), null, whh(String), 男(String), 1511485465235(String), null, null, null, null, 35114854657@163.com(String), 2019-11-05 00:16:21:982(String), null, null, 1234(String), true(String), blog/2020-05-05/cf7d92441aae405e9462d96f88587db8-image_00002.jpg(String), 12(Long)
2020-07-25 23:10:43.478 DEBUG --- [http-nio-8762-exec-2] com.vtu.mapper.CustomerMapper.updateByPrimaryKey Line:143 - <==    Updates: 1
2020-07-25 23:10:46.607 DEBUG --- [http-nio-8762-exec-3] com.vtu.mapper.CustomerMapper.selectByAuthCode Line:143 - ==>  Preparing: select account_id, account, password, name, phone, id_card, remain, is_vip, is_shoper, email, email_send_time,wxId, qqId,authCode,isAuth,sex,head_portrait_url from tb_customer where authCode = ? 
2020-07-25 23:10:46.609 DEBUG --- [http-nio-8762-exec-3] com.vtu.mapper.CustomerMapper.selectByAuthCode Line:143 - ==> Parameters: 1234(String)
2020-07-25 23:10:46.657 DEBUG --- [http-nio-8762-exec-3] com.vtu.mapper.CustomerMapper.selectByAuthCode Line:143 - <==      Total: 1
2020-07-25 23:10:46.664 DEBUG --- [http-nio-8762-exec-3] com.vtu.mapper.CustomerVipMapper.selectByAccountId Line:143 - ==>  Preparing: select id, account_id, vip_detail_id, start_time, end_time, is_vip from tb_customer_vip where account_id = ? 
2020-07-25 23:10:46.666 DEBUG --- [http-nio-8762-exec-3] com.vtu.mapper.CustomerVipMapper.selectByAccountId Line:143 - ==> Parameters: 12(Long)
2020-07-25 23:10:46.704 DEBUG --- [http-nio-8762-exec-3] com.vtu.mapper.CustomerVipMapper.selectByAccountId Line:143 - <==      Total: 0
2020-07-25 23:10:46.706 DEBUG --- [http-nio-8762-exec-3] com.vtu.mapper.CustomerMapper.updateByPrimaryKey Line:143 - ==>  Preparing: update tb_customer set account = ?, password = ?, name = ?, sex = ?, phone = ?, id_card = ?, remain = ?, is_vip = ?, is_shoper = ?, email = ?, email_send_time = ?, wxId = ?, qqId = ?, authCode = ?, isAuth = ?, head_portrait_url = ? where account_id = ? 
2020-07-25 23:10:46.710 DEBUG --- [http-nio-8762-exec-3] com.vtu.mapper.CustomerMapper.updateByPrimaryKey Line:143 - ==> Parameters: VT20191105001621984(String), null, whh(String), 男(String), 1511485465235(String), null, null, null, null, 35114854657@163.com(String), 2019-11-05 00:16:21:982(String), null, null, 1234(String), true(String), blog/2020-05-05/cf7d92441aae405e9462d96f88587db8-image_00002.jpg(String), 12(Long)
2020-07-25 23:10:46.787 DEBUG --- [http-nio-8762-exec-3] com.vtu.mapper.CustomerMapper.updateByPrimaryKey Line:143 - <==    Updates: 1
2020-07-25 23:10:48.615 DEBUG --- [http-nio-8762-exec-4] com.vtu.mapper.WorksMapper.getWorksByCondition_COUNT Line:143 - ==>  Preparing: SELECT count(0) FROM tb_works w WHERE w.status LIKE concat('%', ?, '%') AND w.type LIKE concat('%', ?, '%') 
2020-07-25 23:10:48.616 DEBUG --- [http-nio-8762-exec-4] com.vtu.mapper.WorksMapper.getWorksByCondition_COUNT Line:143 - ==> Parameters: pass(String), 2(String)
2020-07-25 23:10:53.923 DEBUG --- [http-nio-8762-exec-4] com.vtu.mapper.WorksMapper.getWorksByCondition_COUNT Line:143 - <==      Total: 1
2020-07-25 23:10:53.926 DEBUG --- [http-nio-8762-exec-4] com.vtu.mapper.WorksMapper.getWorksByCondition Line:143 - ==>  Preparing: SELECT w.* FROM tb_works w WHERE w.status LIKE concat('%',?,'%') and w.type LIKE concat('%',?,'%') ORDER BY w.works_id desc LIMIT ? 
2020-07-25 23:10:53.928 DEBUG --- [http-nio-8762-exec-4] com.vtu.mapper.WorksMapper.getWorksByCondition Line:143 - ==> Parameters: pass(String), 2(String), 4(Integer)
2020-07-25 23:11:09.200 DEBUG --- [http-nio-8762-exec-4] com.vtu.mapper.WorksMapper.getWorksByCondition Line:143 - <==      Total: 2
2020-07-25 23:11:09.201 DEBUG --- [http-nio-8762-exec-6] com.vtu.mapper.WorksMapper.getWorksByCondition_COUNT Line:143 - ==>  Preparing: SELECT count(0) FROM tb_works w WHERE w.status LIKE concat('%', ?, '%') AND w.type LIKE concat('%', ?, '%') 
2020-07-25 23:11:09.203 DEBUG --- [http-nio-8762-exec-6] com.vtu.mapper.WorksMapper.getWorksByCondition_COUNT Line:143 - ==> Parameters: pass(String), 3(String)
2020-07-25 23:11:09.319 DEBUG --- [http-nio-8762-exec-6] com.vtu.mapper.WorksMapper.getWorksByCondition_COUNT Line:143 - <==      Total: 1
2020-07-25 23:11:09.319 DEBUG --- [http-nio-8762-exec-6] com.vtu.mapper.WorksMapper.getWorksByCondition Line:143 - ==>  Preparing: SELECT w.* FROM tb_works w WHERE w.status LIKE concat('%',?,'%') and w.type LIKE concat('%',?,'%') ORDER BY w.works_id desc LIMIT ? 
2020-07-25 23:11:09.336 DEBUG --- [http-nio-8762-exec-6] com.vtu.mapper.WorksMapper.getWorksByCondition Line:143 - ==> Parameters: pass(String), 3(String), 4(Integer)
2020-07-25 23:11:09.438 DEBUG --- [http-nio-8762-exec-6] com.vtu.mapper.WorksMapper.getWorksByCondition Line:143 - <==      Total: 2
2020-07-25 23:11:09.438 DEBUG --- [http-nio-8762-exec-5] com.vtu.mapper.WorksMapper.getWorksByCondition_COUNT Line:143 - ==>  Preparing: SELECT count(0) FROM tb_works w WHERE w.status LIKE concat('%', ?, '%') AND w.type LIKE concat('%', ?, '%') 
2020-07-25 23:11:09.438 DEBUG --- [http-nio-8762-exec-5] com.vtu.mapper.WorksMapper.getWorksByCondition_COUNT Line:143 - ==> Parameters: pass(String), 1(String)
2020-07-25 23:11:09.716 DEBUG --- [http-nio-8762-exec-5] com.vtu.mapper.WorksMapper.getWorksByCondition_COUNT Line:143 - <==      Total: 1
2020-07-25 23:11:09.716 DEBUG --- [http-nio-8762-exec-5] com.vtu.mapper.WorksMapper.getWorksByCondition Line:143 - ==>  Preparing: SELECT w.* FROM tb_works w WHERE w.status LIKE concat('%',?,'%') and w.type LIKE concat('%',?,'%') ORDER BY w.works_id desc LIMIT ? 
2020-07-25 23:11:09.732 DEBUG --- [http-nio-8762-exec-5] com.vtu.mapper.WorksMapper.getWorksByCondition Line:143 - ==> Parameters: pass(String), 1(String), 4(Integer)
2020-07-25 23:11:09.794 DEBUG --- [http-nio-8762-exec-5] com.vtu.mapper.WorksMapper.getWorksByCondition Line:143 - <==      Total: 1
2020-07-25 23:11:25.908 DEBUG --- [http-nio-8762-exec-8] com.vtu.mapper.WorksMapper.selectByAccountId Line:143 - ==>  Preparing: SELECT * FROM tb_works WHERE status LIKE concat('%',?,'%') and account_id LIKE concat('%', ?,'%') and type LIKE concat('%', ?,'%') 
2020-07-25 23:11:25.908 DEBUG --- [http-nio-8762-exec-9] com.vtu.mapper.WorksMapper.selectByAccountId Line:143 - ==>  Preparing: SELECT * FROM tb_works WHERE status LIKE concat('%',?,'%') and account_id LIKE concat('%', ?,'%') and type LIKE concat('%', ?,'%') 
2020-07-25 23:11:25.908 DEBUG --- [http-nio-8762-exec-9] com.vtu.mapper.WorksMapper.selectByAccountId Line:143 - ==> Parameters: refer(String), 12(Long), 3(String)
2020-07-25 23:11:25.908 DEBUG --- [http-nio-8762-exec-8] com.vtu.mapper.WorksMapper.selectByAccountId Line:143 - ==> Parameters: refer(String), 12(Long), 2(String)
2020-07-25 23:11:25.955 DEBUG --- [http-nio-8762-exec-8] com.vtu.mapper.WorksMapper.selectByAccountId Line:143 - <==      Total: 1
2020-07-25 23:11:25.955 DEBUG --- [http-nio-8762-exec-7] com.vtu.mapper.WorksMapper.selectByAccountId Line:143 - ==>  Preparing: SELECT * FROM tb_works WHERE status LIKE concat('%',?,'%') and account_id LIKE concat('%', ?,'%') and type LIKE concat('%', ?,'%') 
2020-07-25 23:11:25.955 DEBUG --- [http-nio-8762-exec-7] com.vtu.mapper.WorksMapper.selectByAccountId Line:143 - ==> Parameters: refer(String), 12(Long), 1(String)
2020-07-25 23:11:26.033 DEBUG --- [http-nio-8762-exec-7] com.vtu.mapper.WorksMapper.selectByAccountId Line:143 - <==      Total: 0
2020-07-25 23:11:26.158 DEBUG --- [http-nio-8762-exec-9] com.vtu.mapper.WorksMapper.selectByAccountId Line:143 - <==      Total: 1
2020-07-25 23:11:28.623 DEBUG --- [http-nio-8762-exec-10] com.vtu.mapper.WorksMapper.getWorksById Line:143 - ==>  Preparing: SELECT * FROM tb_works WHERE works_id = ? 
2020-07-25 23:11:28.624 DEBUG --- [http-nio-8762-exec-10] com.vtu.mapper.WorksMapper.getWorksById Line:143 - ==> Parameters: 223(String)
2020-07-25 23:11:29.553 DEBUG --- [http-nio-8762-exec-10] com.vtu.mapper.WorksMapper.getWorksById Line:143 - <==      Total: 1
2020-07-25 23:14:50.169 DEBUG --- [http-nio-8762-exec-4] com.vtu.mapper.CustomerMapper.selectByAuthCode Line:143 - ==>  Preparing: select account_id, account, password, name, phone, id_card, remain, is_vip, is_shoper, email, email_send_time,wxId, qqId,authCode,isAuth,sex,head_portrait_url from tb_customer where authCode = ? 
2020-07-25 23:14:50.169 DEBUG --- [http-nio-8762-exec-4] com.vtu.mapper.CustomerMapper.selectByAuthCode Line:143 - ==> Parameters: 1234(String)
2020-07-25 23:14:50.325 DEBUG --- [http-nio-8762-exec-4] com.vtu.mapper.CustomerMapper.selectByAuthCode Line:143 - <==      Total: 1
2020-07-25 23:14:50.325 DEBUG --- [http-nio-8762-exec-6] com.vtu.mapper.CustomerMapper.selectByAuthCode Line:143 - ==>  Preparing: select account_id, account, password, name, phone, id_card, remain, is_vip, is_shoper, email, email_send_time,wxId, qqId,authCode,isAuth,sex,head_portrait_url from tb_customer where authCode = ? 
2020-07-25 23:14:50.325 DEBUG --- [http-nio-8762-exec-6] com.vtu.mapper.CustomerMapper.selectByAuthCode Line:143 - ==> Parameters: 1234(String)
2020-07-25 23:14:51.858 DEBUG --- [http-nio-8762-exec-6] com.vtu.mapper.CustomerMapper.selectByAuthCode Line:143 - <==      Total: 1
2020-07-25 23:14:51.858 DEBUG --- [http-nio-8762-exec-5] com.vtu.mapper.CustomerMapper.selectByAuthCode Line:143 - ==>  Preparing: select account_id, account, password, name, phone, id_card, remain, is_vip, is_shoper, email, email_send_time,wxId, qqId,authCode,isAuth,sex,head_portrait_url from tb_customer where authCode = ? 
2020-07-25 23:14:51.858 DEBUG --- [http-nio-8762-exec-5] com.vtu.mapper.CustomerMapper.selectByAuthCode Line:143 - ==> Parameters: 1234(String)
2020-07-25 23:14:55.976 DEBUG --- [http-nio-8762-exec-5] com.vtu.mapper.CustomerMapper.selectByAuthCode Line:143 - <==      Total: 1
2020-07-25 23:14:55.976 DEBUG --- [http-nio-8762-exec-8] com.vtu.mapper.CustomerMapper.selectByAuthCode Line:143 - ==>  Preparing: select account_id, account, password, name, phone, id_card, remain, is_vip, is_shoper, email, email_send_time,wxId, qqId,authCode,isAuth,sex,head_portrait_url from tb_customer where authCode = ? 
2020-07-25 23:14:55.976 DEBUG --- [http-nio-8762-exec-8] com.vtu.mapper.CustomerMapper.selectByAuthCode Line:143 - ==> Parameters: 1234(String)
2020-07-25 23:14:59.007 DEBUG --- [http-nio-8762-exec-4] com.vtu.mapper.CustomerVipMapper.selectByAccountId Line:143 - ==>  Preparing: select id, account_id, vip_detail_id, start_time, end_time, is_vip from tb_customer_vip where account_id = ? 
2020-07-25 23:14:59.022 DEBUG --- [http-nio-8762-exec-4] com.vtu.mapper.CustomerVipMapper.selectByAccountId Line:143 - ==> Parameters: 12(Long)
2020-07-25 23:14:59.163 DEBUG --- [http-nio-8762-exec-8] com.vtu.mapper.CustomerMapper.selectByAuthCode Line:143 - <==      Total: 1
2020-07-25 23:14:59.163 DEBUG --- [http-nio-8762-exec-6] com.vtu.mapper.CustomerVipMapper.selectByAccountId Line:143 - ==>  Preparing: select id, account_id, vip_detail_id, start_time, end_time, is_vip from tb_customer_vip where account_id = ? 
2020-07-25 23:14:59.163 DEBUG --- [http-nio-8762-exec-6] com.vtu.mapper.CustomerVipMapper.selectByAccountId Line:143 - ==> Parameters: 12(Long)
2020-07-25 23:15:03.319 DEBUG --- [http-nio-8762-exec-4] com.vtu.mapper.CustomerVipMapper.selectByAccountId Line:143 - <==      Total: 0
2020-07-25 23:15:03.319 DEBUG --- [http-nio-8762-exec-6] com.vtu.mapper.CustomerVipMapper.selectByAccountId Line:143 - <==      Total: 0
2020-07-25 23:15:03.319 DEBUG --- [http-nio-8762-exec-8] com.vtu.mapper.CustomerVipMapper.selectByAccountId Line:143 - ==>  Preparing: select id, account_id, vip_detail_id, start_time, end_time, is_vip from tb_customer_vip where account_id = ? 
2020-07-25 23:15:03.319 DEBUG --- [http-nio-8762-exec-5] com.vtu.mapper.CustomerVipMapper.selectByAccountId Line:143 - ==>  Preparing: select id, account_id, vip_detail_id, start_time, end_time, is_vip from tb_customer_vip where account_id = ? 
2020-07-25 23:15:03.319 DEBUG --- [http-nio-8762-exec-8] com.vtu.mapper.CustomerVipMapper.selectByAccountId Line:143 - ==> Parameters: 12(Long)
2020-07-25 23:15:03.319 DEBUG --- [http-nio-8762-exec-5] com.vtu.mapper.CustomerVipMapper.selectByAccountId Line:143 - ==> Parameters: 12(Long)
2020-07-25 23:15:09.697 DEBUG --- [http-nio-8762-exec-5] com.vtu.mapper.CustomerVipMapper.selectByAccountId Line:143 - <==      Total: 0
2020-07-25 23:15:09.697 DEBUG --- [http-nio-8762-exec-8] com.vtu.mapper.CustomerVipMapper.selectByAccountId Line:143 - <==      Total: 0
2020-07-25 23:15:09.697 DEBUG --- [http-nio-8762-exec-4] com.vtu.mapper.CustomerMapper.updateByPrimaryKey Line:143 - ==>  Preparing: update tb_customer set account = ?, password = ?, name = ?, sex = ?, phone = ?, id_card = ?, remain = ?, is_vip = ?, is_shoper = ?, email = ?, email_send_time = ?, wxId = ?, qqId = ?, authCode = ?, isAuth = ?, head_portrait_url = ? where account_id = ? 
2020-07-25 23:15:09.697 DEBUG --- [http-nio-8762-exec-6] com.vtu.mapper.CustomerMapper.updateByPrimaryKey Line:143 - ==>  Preparing: update tb_customer set account = ?, password = ?, name = ?, sex = ?, phone = ?, id_card = ?, remain = ?, is_vip = ?, is_shoper = ?, email = ?, email_send_time = ?, wxId = ?, qqId = ?, authCode = ?, isAuth = ?, head_portrait_url = ? where account_id = ? 
2020-07-25 23:15:09.713 DEBUG --- [http-nio-8762-exec-4] com.vtu.mapper.CustomerMapper.updateByPrimaryKey Line:143 - ==> Parameters: VT20191105001621984(String), null, whh(String), 男(String), 1511485465235(String), null, null, null, null, 35114854657@163.com(String), 2019-11-05 00:16:21:982(String), null, null, 1234(String), true(String), blog/2020-05-05/cf7d92441aae405e9462d96f88587db8-image_00002.jpg(String), 12(Long)
2020-07-25 23:15:09.713 DEBUG --- [http-nio-8762-exec-6] com.vtu.mapper.CustomerMapper.updateByPrimaryKey Line:143 - ==> Parameters: VT20191105001621984(String), null, whh(String), 男(String), 1511485465235(String), null, null, null, null, 35114854657@163.com(String), 2019-11-05 00:16:21:982(String), null, null, 1234(String), true(String), blog/2020-05-05/cf7d92441aae405e9462d96f88587db8-image_00002.jpg(String), 12(Long)
2020-07-25 23:15:18.174 DEBUG --- [http-nio-8762-exec-4] com.vtu.mapper.CustomerMapper.updateByPrimaryKey Line:143 - <==    Updates: 1
2020-07-25 23:15:18.175 DEBUG --- [http-nio-8762-exec-8] com.vtu.mapper.CustomerMapper.updateByPrimaryKey Line:143 - ==>  Preparing: update tb_customer set account = ?, password = ?, name = ?, sex = ?, phone = ?, id_card = ?, remain = ?, is_vip = ?, is_shoper = ?, email = ?, email_send_time = ?, wxId = ?, qqId = ?, authCode = ?, isAuth = ?, head_portrait_url = ? where account_id = ? 
2020-07-25 23:15:18.177 DEBUG --- [http-nio-8762-exec-8] com.vtu.mapper.CustomerMapper.updateByPrimaryKey Line:143 - ==> Parameters: VT20191105001621984(String), null, whh(String), 男(String), 1511485465235(String), null, null, null, null, 35114854657@163.com(String), 2019-11-05 00:16:21:982(String), null, null, 1234(String), true(String), blog/2020-05-05/cf7d92441aae405e9462d96f88587db8-image_00002.jpg(String), 12(Long)
2020-07-25 23:15:18.180 DEBUG --- [http-nio-8762-exec-6] com.vtu.mapper.CustomerMapper.updateByPrimaryKey Line:143 - <==    Updates: 1
2020-07-25 23:15:18.181 DEBUG --- [http-nio-8762-exec-5] com.vtu.mapper.CustomerMapper.updateByPrimaryKey Line:143 - ==>  Preparing: update tb_customer set account = ?, password = ?, name = ?, sex = ?, phone = ?, id_card = ?, remain = ?, is_vip = ?, is_shoper = ?, email = ?, email_send_time = ?, wxId = ?, qqId = ?, authCode = ?, isAuth = ?, head_portrait_url = ? where account_id = ? 
2020-07-25 23:15:18.183 DEBUG --- [http-nio-8762-exec-5] com.vtu.mapper.CustomerMapper.updateByPrimaryKey Line:143 - ==> Parameters: VT20191105001621984(String), null, whh(String), 男(String), 1511485465235(String), null, null, null, null, 35114854657@163.com(String), 2019-11-05 00:16:21:982(String), null, null, 1234(String), true(String), blog/2020-05-05/cf7d92441aae405e9462d96f88587db8-image_00002.jpg(String), 12(Long)
2020-07-25 23:15:22.805 DEBUG --- [http-nio-8762-exec-8] com.vtu.mapper.CustomerMapper.updateByPrimaryKey Line:143 - <==    Updates: 1
2020-07-25 23:15:22.808 DEBUG --- [http-nio-8762-exec-7] com.vtu.mapper.CustomerMapper.selectByAuthCode Line:143 - ==>  Preparing: select account_id, account, password, name, phone, id_card, remain, is_vip, is_shoper, email, email_send_time,wxId, qqId,authCode,isAuth,sex,head_portrait_url from tb_customer where authCode = ? 
2020-07-25 23:15:22.810 DEBUG --- [http-nio-8762-exec-5] com.vtu.mapper.CustomerMapper.updateByPrimaryKey Line:143 - <==    Updates: 1
2020-07-25 23:15:22.813 DEBUG --- [http-nio-8762-exec-7] com.vtu.mapper.CustomerMapper.selectByAuthCode Line:143 - ==> Parameters: 1234(String)
2020-07-25 23:15:22.912 DEBUG --- [http-nio-8762-exec-7] com.vtu.mapper.CustomerMapper.selectByAuthCode Line:143 - <==      Total: 1
2020-07-25 23:15:22.918 DEBUG --- [http-nio-8762-exec-7] com.vtu.mapper.CustomerVipMapper.selectByAccountId Line:143 - ==>  Preparing: select id, account_id, vip_detail_id, start_time, end_time, is_vip from tb_customer_vip where account_id = ? 
2020-07-25 23:15:22.919 DEBUG --- [http-nio-8762-exec-7] com.vtu.mapper.CustomerVipMapper.selectByAccountId Line:143 - ==> Parameters: 12(Long)
2020-07-25 23:15:23.168 DEBUG --- [http-nio-8762-exec-9] com.vtu.mapper.CustomerMapper.selectByAuthCode Line:143 - ==>  Preparing: select account_id, account, password, name, phone, id_card, remain, is_vip, is_shoper, email, email_send_time,wxId, qqId,authCode,isAuth,sex,head_portrait_url from tb_customer where authCode = ? 
2020-07-25 23:15:23.170 DEBUG --- [http-nio-8762-exec-9] com.vtu.mapper.CustomerMapper.selectByAuthCode Line:143 - ==> Parameters: 1234(String)
2020-07-25 23:15:27.135 DEBUG --- [http-nio-8762-exec-7] com.vtu.mapper.CustomerVipMapper.selectByAccountId Line:143 - <==      Total: 0
2020-07-25 23:15:27.150 DEBUG --- [http-nio-8762-exec-7] com.vtu.mapper.CustomerMapper.updateByPrimaryKey Line:143 - ==>  Preparing: update tb_customer set account = ?, password = ?, name = ?, sex = ?, phone = ?, id_card = ?, remain = ?, is_vip = ?, is_shoper = ?, email = ?, email_send_time = ?, wxId = ?, qqId = ?, authCode = ?, isAuth = ?, head_portrait_url = ? where account_id = ? 
2020-07-25 23:15:27.150 DEBUG --- [http-nio-8762-exec-7] com.vtu.mapper.CustomerMapper.updateByPrimaryKey Line:143 - ==> Parameters: VT20191105001621984(String), null, whh(String), 男(String), 1511485465235(String), null, null, null, null, 35114854657@163.com(String), 2019-11-05 00:16:21:982(String), null, null, 1234(String), true(String), blog/2020-05-05/cf7d92441aae405e9462d96f88587db8-image_00002.jpg(String), 12(Long)
2020-07-25 23:15:27.181 DEBUG --- [http-nio-8762-exec-9] com.vtu.mapper.CustomerMapper.selectByAuthCode Line:143 - <==      Total: 1
2020-07-25 23:15:27.197 DEBUG --- [http-nio-8762-exec-9] com.vtu.mapper.CustomerVipMapper.selectByAccountId Line:143 - ==>  Preparing: select id, account_id, vip_detail_id, start_time, end_time, is_vip from tb_customer_vip where account_id = ? 
2020-07-25 23:15:27.197 DEBUG --- [http-nio-8762-exec-9] com.vtu.mapper.CustomerVipMapper.selectByAccountId Line:143 - ==> Parameters: 12(Long)
2020-07-25 23:15:28.219 DEBUG --- [http-nio-8762-exec-9] com.vtu.mapper.CustomerVipMapper.selectByAccountId Line:143 - <==      Total: 0
2020-07-25 23:15:28.219 DEBUG --- [http-nio-8762-exec-9] com.vtu.mapper.CustomerMapper.updateByPrimaryKey Line:143 - ==>  Preparing: update tb_customer set account = ?, password = ?, name = ?, sex = ?, phone = ?, id_card = ?, remain = ?, is_vip = ?, is_shoper = ?, email = ?, email_send_time = ?, wxId = ?, qqId = ?, authCode = ?, isAuth = ?, head_portrait_url = ? where account_id = ? 
2020-07-25 23:15:28.234 DEBUG --- [http-nio-8762-exec-9] com.vtu.mapper.CustomerMapper.updateByPrimaryKey Line:143 - ==> Parameters: VT20191105001621984(String), null, whh(String), 男(String), 1511485465235(String), null, null, null, null, 35114854657@163.com(String), 2019-11-05 00:16:21:982(String), null, null, 1234(String), true(String), blog/2020-05-05/cf7d92441aae405e9462d96f88587db8-image_00002.jpg(String), 12(Long)
2020-07-25 23:15:28.452 DEBUG --- [http-nio-8762-exec-7] com.vtu.mapper.CustomerMapper.updateByPrimaryKey Line:143 - <==    Updates: 1
2020-07-25 23:15:30.140 DEBUG --- [http-nio-8762-exec-9] com.vtu.mapper.CustomerMapper.updateByPrimaryKey Line:143 - <==    Updates: 1
2020-07-25 23:16:19.587 DEBUG --- [http-nio-8762-exec-10] com.vtu.mapper.CustomerMapper.selectByAuthCode Line:143 - ==>  Preparing: select account_id, account, password, name, phone, id_card, remain, is_vip, is_shoper, email, email_send_time,wxId, qqId,authCode,isAuth,sex,head_portrait_url from tb_customer where authCode = ? 
2020-07-25 23:16:19.589 DEBUG --- [http-nio-8762-exec-10] com.vtu.mapper.CustomerMapper.selectByAuthCode Line:143 - ==> Parameters: 1234(String)
2020-07-25 23:16:21.901 DEBUG --- [http-nio-8762-exec-10] com.vtu.mapper.CustomerMapper.selectByAuthCode Line:143 - <==      Total: 1
2020-07-25 23:16:21.908 DEBUG --- [http-nio-8762-exec-10] com.vtu.mapper.CustomerVipMapper.selectByAccountId Line:143 - ==>  Preparing: select id, account_id, vip_detail_id, start_time, end_time, is_vip from tb_customer_vip where account_id = ? 
2020-07-25 23:16:21.910 DEBUG --- [http-nio-8762-exec-10] com.vtu.mapper.CustomerVipMapper.selectByAccountId Line:143 - ==> Parameters: 12(Long)
2020-07-25 23:16:24.453 DEBUG --- [http-nio-8762-exec-10] com.vtu.mapper.CustomerVipMapper.selectByAccountId Line:143 - <==      Total: 0
2020-07-25 23:16:24.456 DEBUG --- [http-nio-8762-exec-10] com.vtu.mapper.CustomerMapper.updateByPrimaryKey Line:143 - ==>  Preparing: update tb_customer set account = ?, password = ?, name = ?, sex = ?, phone = ?, id_card = ?, remain = ?, is_vip = ?, is_shoper = ?, email = ?, email_send_time = ?, wxId = ?, qqId = ?, authCode = ?, isAuth = ?, head_portrait_url = ? where account_id = ? 
2020-07-25 23:16:24.462 DEBUG --- [http-nio-8762-exec-10] com.vtu.mapper.CustomerMapper.updateByPrimaryKey Line:143 - ==> Parameters: VT20191105001621984(String), null, whh(String), 男(String), 1511485465235(String), null, null, null, null, 35114854657@163.com(String), 2019-11-05 00:16:21:982(String), null, null, 1234(String), true(String), blog/2020-05-05/cf7d92441aae405e9462d96f88587db8-image_00002.jpg(String), 12(Long)
2020-07-25 23:16:24.595 DEBUG --- [http-nio-8762-exec-1] com.vtu.mapper.CustomerMapper.selectByAuthCode Line:143 - ==>  Preparing: select account_id, account, password, name, phone, id_card, remain, is_vip, is_shoper, email, email_send_time,wxId, qqId,authCode,isAuth,sex,head_portrait_url from tb_customer where authCode = ? 
2020-07-25 23:16:24.596 DEBUG --- [http-nio-8762-exec-1] com.vtu.mapper.CustomerMapper.selectByAuthCode Line:143 - ==> Parameters: 1234(String)
2020-07-25 23:16:31.338 DEBUG --- [http-nio-8762-exec-1] com.vtu.mapper.CustomerMapper.selectByAuthCode Line:143 - <==      Total: 1
2020-07-25 23:16:31.338 DEBUG --- [http-nio-8762-exec-1] com.vtu.mapper.CustomerVipMapper.selectByAccountId Line:143 - ==>  Preparing: select id, account_id, vip_detail_id, start_time, end_time, is_vip from tb_customer_vip where account_id = ? 
2020-07-25 23:16:31.338 DEBUG --- [http-nio-8762-exec-1] com.vtu.mapper.CustomerVipMapper.selectByAccountId Line:143 - ==> Parameters: 12(Long)
2020-07-25 23:16:39.379 DEBUG --- [http-nio-8762-exec-1] com.vtu.mapper.CustomerVipMapper.selectByAccountId Line:143 - <==      Total: 0
2020-07-25 23:16:39.379 DEBUG --- [http-nio-8762-exec-1] com.vtu.mapper.CustomerMapper.updateByPrimaryKey Line:143 - ==>  Preparing: update tb_customer set account = ?, password = ?, name = ?, sex = ?, phone = ?, id_card = ?, remain = ?, is_vip = ?, is_shoper = ?, email = ?, email_send_time = ?, wxId = ?, qqId = ?, authCode = ?, isAuth = ?, head_portrait_url = ? where account_id = ? 
2020-07-25 23:16:39.379 DEBUG --- [http-nio-8762-exec-1] com.vtu.mapper.CustomerMapper.updateByPrimaryKey Line:143 - ==> Parameters: VT20191105001621984(String), null, whh(String), 男(String), 1511485465235(String), null, null, null, null, 35114854657@163.com(String), 2019-11-05 00:16:21:982(String), null, null, 1234(String), true(String), blog/2020-05-05/cf7d92441aae405e9462d96f88587db8-image_00002.jpg(String), 12(Long)
2020-07-25 23:16:39.410 DEBUG --- [http-nio-8762-exec-10] com.vtu.mapper.CustomerMapper.updateByPrimaryKey Line:143 - <==    Updates: 1
2020-07-25 23:16:44.707 DEBUG --- [http-nio-8762-exec-1] com.vtu.mapper.CustomerMapper.updateByPrimaryKey Line:143 - <==    Updates: 1
2020-07-25 23:17:17.080 DEBUG --- [http-nio-8762-exec-2] com.vtu.mapper.CustomerMapper.selectByAuthCode Line:143 - ==>  Preparing: select account_id, account, password, name, phone, id_card, remain, is_vip, is_shoper, email, email_send_time,wxId, qqId,authCode,isAuth,sex,head_portrait_url from tb_customer where authCode = ? 
2020-07-25 23:17:17.081 DEBUG --- [http-nio-8762-exec-2] com.vtu.mapper.CustomerMapper.selectByAuthCode Line:143 - ==> Parameters: 1234(String)
2020-07-25 23:17:18.784 DEBUG --- [http-nio-8762-exec-2] com.vtu.mapper.CustomerMapper.selectByAuthCode Line:143 - <==      Total: 1
2020-07-25 23:17:18.788 DEBUG --- [http-nio-8762-exec-2] com.vtu.mapper.CustomerVipMapper.selectByAccountId Line:143 - ==>  Preparing: select id, account_id, vip_detail_id, start_time, end_time, is_vip from tb_customer_vip where account_id = ? 
2020-07-25 23:17:18.789 DEBUG --- [http-nio-8762-exec-2] com.vtu.mapper.CustomerVipMapper.selectByAccountId Line:143 - ==> Parameters: 12(Long)
2020-07-25 23:17:19.937 DEBUG --- [http-nio-8762-exec-2] com.vtu.mapper.CustomerVipMapper.selectByAccountId Line:143 - <==      Total: 0
2020-07-25 23:17:19.937 DEBUG --- [http-nio-8762-exec-2] com.vtu.mapper.CustomerMapper.updateByPrimaryKey Line:143 - ==>  Preparing: update tb_customer set account = ?, password = ?, name = ?, sex = ?, phone = ?, id_card = ?, remain = ?, is_vip = ?, is_shoper = ?, email = ?, email_send_time = ?, wxId = ?, qqId = ?, authCode = ?, isAuth = ?, head_portrait_url = ? where account_id = ? 
2020-07-25 23:17:19.938 DEBUG --- [http-nio-8762-exec-2] com.vtu.mapper.CustomerMapper.updateByPrimaryKey Line:143 - ==> Parameters: VT20191105001621984(String), null, whh(String), 男(String), 1511485465235(String), null, null, null, null, 35114854657@163.com(String), 2019-11-05 00:16:21:982(String), null, null, 1234(String), true(String), blog/2020-05-05/cf7d92441aae405e9462d96f88587db8-image_00002.jpg(String), 12(Long)
2020-07-25 23:17:22.080 DEBUG --- [http-nio-8762-exec-3] com.vtu.mapper.CustomerMapper.selectByAuthCode Line:143 - ==>  Preparing: select account_id, account, password, name, phone, id_card, remain, is_vip, is_shoper, email, email_send_time,wxId, qqId,authCode,isAuth,sex,head_portrait_url from tb_customer where authCode = ? 
2020-07-25 23:17:22.082 DEBUG --- [http-nio-8762-exec-3] com.vtu.mapper.CustomerMapper.selectByAuthCode Line:143 - ==> Parameters: 1234(String)
2020-07-25 23:17:22.432 DEBUG --- [http-nio-8762-exec-3] com.vtu.mapper.CustomerMapper.selectByAuthCode Line:143 - <==      Total: 1
2020-07-25 23:17:22.436 DEBUG --- [http-nio-8762-exec-3] com.vtu.mapper.CustomerVipMapper.selectByAccountId Line:143 - ==>  Preparing: select id, account_id, vip_detail_id, start_time, end_time, is_vip from tb_customer_vip where account_id = ? 
2020-07-25 23:17:22.438 DEBUG --- [http-nio-8762-exec-3] com.vtu.mapper.CustomerVipMapper.selectByAccountId Line:143 - ==> Parameters: 12(Long)
2020-07-25 23:17:22.534 DEBUG --- [http-nio-8762-exec-3] com.vtu.mapper.CustomerVipMapper.selectByAccountId Line:143 - <==      Total: 0
2020-07-25 23:17:22.535 DEBUG --- [http-nio-8762-exec-3] com.vtu.mapper.CustomerMapper.updateByPrimaryKey Line:143 - ==>  Preparing: update tb_customer set account = ?, password = ?, name = ?, sex = ?, phone = ?, id_card = ?, remain = ?, is_vip = ?, is_shoper = ?, email = ?, email_send_time = ?, wxId = ?, qqId = ?, authCode = ?, isAuth = ?, head_portrait_url = ? where account_id = ? 
2020-07-25 23:17:22.536 DEBUG --- [http-nio-8762-exec-3] com.vtu.mapper.CustomerMapper.updateByPrimaryKey Line:143 - ==> Parameters: VT20191105001621984(String), null, whh(String), 男(String), 1511485465235(String), null, null, null, null, 35114854657@163.com(String), 2019-11-05 00:16:21:982(String), null, null, 1234(String), true(String), blog/2020-05-05/cf7d92441aae405e9462d96f88587db8-image_00002.jpg(String), 12(Long)
2020-07-25 23:17:23.126 DEBUG --- [http-nio-8762-exec-3] com.vtu.mapper.CustomerMapper.updateByPrimaryKey Line:143 - <==    Updates: 1
2020-07-25 23:17:24.663 DEBUG --- [http-nio-8762-exec-4] com.vtu.mapper.WorksMapper.getWorksByCondition_COUNT Line:143 - ==>  Preparing: SELECT count(0) FROM tb_works w WHERE w.status LIKE concat('%', ?, '%') AND w.type LIKE concat('%', ?, '%') 
2020-07-25 23:17:24.665 DEBUG --- [http-nio-8762-exec-4] com.vtu.mapper.WorksMapper.getWorksByCondition_COUNT Line:143 - ==> Parameters: pass(String), 3(String)
2020-07-25 23:17:31.665 DEBUG --- [http-nio-8762-exec-8] com.vtu.mapper.WorksMapper.getWorksByCondition_COUNT Line:143 - ==>  Preparing: SELECT count(0) FROM tb_works w WHERE w.status LIKE concat('%', ?, '%') AND w.type LIKE concat('%', ?, '%') 
2020-07-25 23:17:31.665 DEBUG --- [http-nio-8762-exec-8] com.vtu.mapper.WorksMapper.getWorksByCondition_COUNT Line:143 - ==> Parameters: pass(String), 2(String)
2020-07-25 23:17:31.712 DEBUG --- [http-nio-8762-exec-8] com.vtu.mapper.WorksMapper.getWorksByCondition_COUNT Line:143 - <==      Total: 1
2020-07-25 23:17:31.729 DEBUG --- [http-nio-8762-exec-8] com.vtu.mapper.WorksMapper.getWorksByCondition Line:143 - ==>  Preparing: SELECT w.* FROM tb_works w WHERE w.status LIKE concat('%',?,'%') and w.type LIKE concat('%',?,'%') ORDER BY w.works_id desc LIMIT ? 
2020-07-25 23:17:31.733 DEBUG --- [http-nio-8762-exec-8] com.vtu.mapper.WorksMapper.getWorksByCondition Line:143 - ==> Parameters: pass(String), 2(String), 4(Integer)
2020-07-25 23:17:31.892 DEBUG --- [http-nio-8762-exec-8] com.vtu.mapper.WorksMapper.getWorksByCondition Line:143 - <==      Total: 2
2020-07-25 23:17:31.892 DEBUG --- [http-nio-8762-exec-6] com.vtu.mapper.WorksMapper.getWorksByCondition_COUNT Line:143 - ==>  Preparing: SELECT count(0) FROM tb_works w WHERE w.status LIKE concat('%', ?, '%') AND w.type LIKE concat('%', ?, '%') 
2020-07-25 23:17:31.892 DEBUG --- [http-nio-8762-exec-6] com.vtu.mapper.WorksMapper.getWorksByCondition_COUNT Line:143 - ==> Parameters: pass(String), 1(String)
2020-07-25 23:17:32.189 DEBUG --- [http-nio-8762-exec-6] com.vtu.mapper.WorksMapper.getWorksByCondition_COUNT Line:143 - <==      Total: 1
2020-07-25 23:17:32.189 DEBUG --- [http-nio-8762-exec-6] com.vtu.mapper.WorksMapper.getWorksByCondition Line:143 - ==>  Preparing: SELECT w.* FROM tb_works w WHERE w.status LIKE concat('%',?,'%') and w.type LIKE concat('%',?,'%') ORDER BY w.works_id desc LIMIT ? 
2020-07-25 23:17:32.189 DEBUG --- [http-nio-8762-exec-6] com.vtu.mapper.WorksMapper.getWorksByCondition Line:143 - ==> Parameters: pass(String), 1(String), 4(Integer)
2020-07-25 23:17:32.205 DEBUG --- [http-nio-8762-exec-2] com.vtu.mapper.CustomerMapper.updateByPrimaryKey Line:143 - <==    Updates: 1
2020-07-25 23:17:32.252 DEBUG --- [http-nio-8762-exec-6] com.vtu.mapper.WorksMapper.getWorksByCondition Line:143 - <==      Total: 1
2020-07-25 23:17:35.771 DEBUG --- [http-nio-8762-exec-4] com.vtu.mapper.WorksMapper.getWorksByCondition_COUNT Line:143 - <==      Total: 1
2020-07-25 23:17:35.781 DEBUG --- [http-nio-8762-exec-4] com.vtu.mapper.WorksMapper.getWorksByCondition Line:143 - ==>  Preparing: SELECT w.* FROM tb_works w WHERE w.status LIKE concat('%',?,'%') and w.type LIKE concat('%',?,'%') ORDER BY w.works_id desc LIMIT ? 
2020-07-25 23:17:35.784 DEBUG --- [http-nio-8762-exec-4] com.vtu.mapper.WorksMapper.getWorksByCondition Line:143 - ==> Parameters: pass(String), 3(String), 4(Integer)
2020-07-25 23:17:35.837 DEBUG --- [http-nio-8762-exec-5] com.vtu.mapper.CustomerMapper.selectByAuthCode Line:143 - ==>  Preparing: select account_id, account, password, name, phone, id_card, remain, is_vip, is_shoper, email, email_send_time,wxId, qqId,authCode,isAuth,sex,head_portrait_url from tb_customer where authCode = ? 
2020-07-25 23:17:35.838 DEBUG --- [http-nio-8762-exec-5] com.vtu.mapper.CustomerMapper.selectByAuthCode Line:143 - ==> Parameters: 1234(String)
2020-07-25 23:17:36.164 DEBUG --- [http-nio-8762-exec-5] com.vtu.mapper.CustomerMapper.selectByAuthCode Line:143 - <==      Total: 1
2020-07-25 23:17:36.167 DEBUG --- [http-nio-8762-exec-5] com.vtu.mapper.CustomerVipMapper.selectByAccountId Line:143 - ==>  Preparing: select id, account_id, vip_detail_id, start_time, end_time, is_vip from tb_customer_vip where account_id = ? 
2020-07-25 23:17:36.168 DEBUG --- [http-nio-8762-exec-5] com.vtu.mapper.CustomerVipMapper.selectByAccountId Line:143 - ==> Parameters: 12(Long)
2020-07-25 23:17:36.174 DEBUG --- [http-nio-8762-exec-4] com.vtu.mapper.WorksMapper.getWorksByCondition Line:143 - <==      Total: 2
2020-07-25 23:17:36.218 DEBUG --- [http-nio-8762-exec-5] com.vtu.mapper.CustomerVipMapper.selectByAccountId Line:143 - <==      Total: 0
2020-07-25 23:17:36.219 DEBUG --- [http-nio-8762-exec-5] com.vtu.mapper.CustomerMapper.updateByPrimaryKey Line:143 - ==>  Preparing: update tb_customer set account = ?, password = ?, name = ?, sex = ?, phone = ?, id_card = ?, remain = ?, is_vip = ?, is_shoper = ?, email = ?, email_send_time = ?, wxId = ?, qqId = ?, authCode = ?, isAuth = ?, head_portrait_url = ? where account_id = ? 
2020-07-25 23:17:36.220 DEBUG --- [http-nio-8762-exec-5] com.vtu.mapper.CustomerMapper.updateByPrimaryKey Line:143 - ==> Parameters: VT20191105001621984(String), null, whh(String), 男(String), 1511485465235(String), null, null, null, null, 35114854657@163.com(String), 2019-11-05 00:16:21:982(String), null, null, 1234(String), true(String), blog/2020-05-05/cf7d92441aae405e9462d96f88587db8-image_00002.jpg(String), 12(Long)
2020-07-25 23:17:36.404 DEBUG --- [http-nio-8762-exec-5] com.vtu.mapper.CustomerMapper.updateByPrimaryKey Line:143 - <==    Updates: 1
2020-07-25 23:17:37.871 DEBUG --- [http-nio-8762-exec-7] com.vtu.mapper.WorksMapper.getWorksByCondition_COUNT Line:143 - ==>  Preparing: SELECT count(0) FROM tb_works w WHERE w.status LIKE concat('%', ?, '%') AND w.type LIKE concat('%', ?, '%') 
2020-07-25 23:17:37.872 DEBUG --- [http-nio-8762-exec-7] com.vtu.mapper.WorksMapper.getWorksByCondition_COUNT Line:143 - ==> Parameters: pass(String), 1(String)
2020-07-25 23:17:37.878 DEBUG --- [http-nio-8762-exec-9] com.vtu.mapper.WorksMapper.getWorksByCondition_COUNT Line:143 - ==>  Preparing: SELECT count(0) FROM tb_works w WHERE w.status LIKE concat('%', ?, '%') AND w.type LIKE concat('%', ?, '%') 
2020-07-25 23:17:37.882 DEBUG --- [http-nio-8762-exec-9] com.vtu.mapper.WorksMapper.getWorksByCondition_COUNT Line:143 - ==> Parameters: pass(String), 2(String)
2020-07-25 23:17:37.888 DEBUG --- [http-nio-8762-exec-10] com.vtu.mapper.WorksMapper.getWorksByCondition_COUNT Line:143 - ==>  Preparing: SELECT count(0) FROM tb_works w WHERE w.status LIKE concat('%', ?, '%') AND w.type LIKE concat('%', ?, '%') 
2020-07-25 23:17:37.888 DEBUG --- [http-nio-8762-exec-10] com.vtu.mapper.WorksMapper.getWorksByCondition_COUNT Line:143 - ==> Parameters: pass(String), 3(String)
2020-07-25 23:17:40.193 DEBUG --- [http-nio-8762-exec-9] com.vtu.mapper.WorksMapper.getWorksByCondition_COUNT Line:143 - <==      Total: 1
2020-07-25 23:17:40.193 DEBUG --- [http-nio-8762-exec-10] com.vtu.mapper.WorksMapper.getWorksByCondition_COUNT Line:143 - <==      Total: 1
2020-07-25 23:17:40.195 DEBUG --- [http-nio-8762-exec-7] com.vtu.mapper.WorksMapper.getWorksByCondition_COUNT Line:143 - <==      Total: 1
2020-07-25 23:17:40.196 DEBUG --- [http-nio-8762-exec-10] com.vtu.mapper.WorksMapper.getWorksByCondition Line:143 - ==>  Preparing: SELECT w.* FROM tb_works w WHERE w.status LIKE concat('%',?,'%') and w.type LIKE concat('%',?,'%') ORDER BY w.works_id desc LIMIT ? 
2020-07-25 23:17:40.196 DEBUG --- [http-nio-8762-exec-9] com.vtu.mapper.WorksMapper.getWorksByCondition Line:143 - ==>  Preparing: SELECT w.* FROM tb_works w WHERE w.status LIKE concat('%',?,'%') and w.type LIKE concat('%',?,'%') ORDER BY w.works_id desc LIMIT ? 
2020-07-25 23:17:40.197 DEBUG --- [http-nio-8762-exec-9] com.vtu.mapper.WorksMapper.getWorksByCondition Line:143 - ==> Parameters: pass(String), 2(String), 4(Integer)
2020-07-25 23:17:40.197 DEBUG --- [http-nio-8762-exec-10] com.vtu.mapper.WorksMapper.getWorksByCondition Line:143 - ==> Parameters: pass(String), 3(String), 4(Integer)
2020-07-25 23:17:40.197 DEBUG --- [http-nio-8762-exec-7] com.vtu.mapper.WorksMapper.getWorksByCondition Line:143 - ==>  Preparing: SELECT w.* FROM tb_works w WHERE w.status LIKE concat('%',?,'%') and w.type LIKE concat('%',?,'%') ORDER BY w.works_id desc LIMIT ? 
2020-07-25 23:17:40.198 DEBUG --- [http-nio-8762-exec-7] com.vtu.mapper.WorksMapper.getWorksByCondition Line:143 - ==> Parameters: pass(String), 1(String), 4(Integer)
2020-07-25 23:17:40.353 DEBUG --- [http-nio-8762-exec-10] com.vtu.mapper.WorksMapper.getWorksByCondition Line:143 - <==      Total: 2
2020-07-25 23:17:40.405 DEBUG --- [http-nio-8762-exec-9] com.vtu.mapper.WorksMapper.getWorksByCondition Line:143 - <==      Total: 2
2020-07-25 23:17:40.434 DEBUG --- [http-nio-8762-exec-7] com.vtu.mapper.WorksMapper.getWorksByCondition Line:143 - <==      Total: 1
2020-07-25 23:17:41.455 DEBUG --- [http-nio-8762-exec-1] com.vtu.mapper.WorksMapper.selectByAccountId Line:143 - ==>  Preparing: SELECT * FROM tb_works WHERE status LIKE concat('%',?,'%') and account_id LIKE concat('%', ?,'%') and type LIKE concat('%', ?,'%') 
2020-07-25 23:17:41.455 DEBUG --- [http-nio-8762-exec-3] com.vtu.mapper.WorksMapper.selectByAccountId Line:143 - ==>  Preparing: SELECT * FROM tb_works WHERE status LIKE concat('%',?,'%') and account_id LIKE concat('%', ?,'%') and type LIKE concat('%', ?,'%') 
2020-07-25 23:17:41.456 DEBUG --- [http-nio-8762-exec-1] com.vtu.mapper.WorksMapper.selectByAccountId Line:143 - ==> Parameters: refer(String), 12(Long), 1(String)
2020-07-25 23:17:41.456 DEBUG --- [http-nio-8762-exec-3] com.vtu.mapper.WorksMapper.selectByAccountId Line:143 - ==> Parameters: refer(String), 12(Long), 2(String)
2020-07-25 23:17:41.463 DEBUG --- [http-nio-8762-exec-8] com.vtu.mapper.WorksMapper.selectByAccountId Line:143 - ==>  Preparing: SELECT * FROM tb_works WHERE status LIKE concat('%',?,'%') and account_id LIKE concat('%', ?,'%') and type LIKE concat('%', ?,'%') 
2020-07-25 23:17:41.464 DEBUG --- [http-nio-8762-exec-8] com.vtu.mapper.WorksMapper.selectByAccountId Line:143 - ==> Parameters: refer(String), 12(Long), 3(String)
2020-07-25 23:17:41.565 DEBUG --- [http-nio-8762-exec-1] com.vtu.mapper.WorksMapper.selectByAccountId Line:143 - <==      Total: 0
2020-07-25 23:17:41.580 DEBUG --- [http-nio-8762-exec-8] com.vtu.mapper.WorksMapper.selectByAccountId Line:143 - <==      Total: 1
2020-07-25 23:17:41.606 DEBUG --- [http-nio-8762-exec-3] com.vtu.mapper.WorksMapper.selectByAccountId Line:143 - <==      Total: 1
2020-07-25 23:17:46.088 DEBUG --- [http-nio-8762-exec-2] com.vtu.mapper.WorksMapper.getWorksById Line:143 - ==>  Preparing: SELECT * FROM tb_works WHERE works_id = ? 
2020-07-25 23:17:46.089 DEBUG --- [http-nio-8762-exec-2] com.vtu.mapper.WorksMapper.getWorksById Line:143 - ==> Parameters: 223(String)
2020-07-25 23:17:53.831 DEBUG --- [http-nio-8762-exec-2] com.vtu.mapper.WorksMapper.getWorksById Line:143 - <==      Total: 1
2020-07-25 23:18:06.061 DEBUG --- [http-nio-8762-exec-10] com.vtu.mapper.WorksMapper.selectByAccountId Line:143 - ==>  Preparing: SELECT * FROM tb_works WHERE status LIKE concat('%',?,'%') and account_id LIKE concat('%', ?,'%') and type LIKE concat('%', ?,'%') 
2020-07-25 23:18:06.061 DEBUG --- [http-nio-8762-exec-5] com.vtu.mapper.WorksMapper.selectByAccountId Line:143 - ==>  Preparing: SELECT * FROM tb_works WHERE status LIKE concat('%',?,'%') and account_id LIKE concat('%', ?,'%') and type LIKE concat('%', ?,'%') 
2020-07-25 23:18:06.061 DEBUG --- [http-nio-8762-exec-9] com.vtu.mapper.WorksMapper.selectByAccountId Line:143 - ==>  Preparing: SELECT * FROM tb_works WHERE status LIKE concat('%',?,'%') and account_id LIKE concat('%', ?,'%') and type LIKE concat('%', ?,'%') 
2020-07-25 23:18:06.064 DEBUG --- [http-nio-8762-exec-9] com.vtu.mapper.WorksMapper.selectByAccountId Line:143 - ==> Parameters: refer(String), 12(Long), 3(String)
2020-07-25 23:18:06.063 DEBUG --- [http-nio-8762-exec-5] com.vtu.mapper.WorksMapper.selectByAccountId Line:143 - ==> Parameters: refer(String), 12(Long), 1(String)
2020-07-25 23:18:06.064 DEBUG --- [http-nio-8762-exec-10] com.vtu.mapper.WorksMapper.selectByAccountId Line:143 - ==> Parameters: refer(String), 12(Long), 2(String)
2020-07-25 23:18:07.114 DEBUG --- [http-nio-8762-exec-7] com.vtu.mapper.CustomerMapper.selectByAuthCode Line:143 - ==>  Preparing: select account_id, account, password, name, phone, id_card, remain, is_vip, is_shoper, email, email_send_time,wxId, qqId,authCode,isAuth,sex,head_portrait_url from tb_customer where authCode = ? 
2020-07-25 23:18:07.115 DEBUG --- [http-nio-8762-exec-7] com.vtu.mapper.CustomerMapper.selectByAuthCode Line:143 - ==> Parameters: 1234(String)
2020-07-25 23:18:10.896 DEBUG --- [http-nio-8762-exec-5] com.vtu.mapper.WorksMapper.selectByAccountId Line:143 - <==      Total: 0
2020-07-25 23:18:10.905 DEBUG --- [http-nio-8762-exec-9] com.vtu.mapper.WorksMapper.selectByAccountId Line:143 - <==      Total: 1
2020-07-25 23:18:12.130 DEBUG --- [http-nio-8762-exec-1] com.vtu.mapper.CustomerMapper.selectByAuthCode Line:143 - ==>  Preparing: select account_id, account, password, name, phone, id_card, remain, is_vip, is_shoper, email, email_send_time,wxId, qqId,authCode,isAuth,sex,head_portrait_url from tb_customer where authCode = ? 
2020-07-25 23:18:12.133 DEBUG --- [http-nio-8762-exec-1] com.vtu.mapper.CustomerMapper.selectByAuthCode Line:143 - ==> Parameters: 1234(String)
2020-07-25 23:18:12.682 DEBUG --- [http-nio-8762-exec-10] com.vtu.mapper.WorksMapper.selectByAccountId Line:143 - <==      Total: 1
2020-07-25 23:18:12.977 DEBUG --- [http-nio-8762-exec-7] com.vtu.mapper.CustomerMapper.selectByAuthCode Line:143 - <==      Total: 1
2020-07-25 23:18:12.979 DEBUG --- [http-nio-8762-exec-7] com.vtu.mapper.CustomerVipMapper.selectByAccountId Line:143 - ==>  Preparing: select id, account_id, vip_detail_id, start_time, end_time, is_vip from tb_customer_vip where account_id = ? 
2020-07-25 23:18:12.979 DEBUG --- [http-nio-8762-exec-7] com.vtu.mapper.CustomerVipMapper.selectByAccountId Line:143 - ==> Parameters: 12(Long)
2020-07-25 23:18:13.824 DEBUG --- [http-nio-8762-exec-7] com.vtu.mapper.CustomerVipMapper.selectByAccountId Line:143 - <==      Total: 0
2020-07-25 23:18:13.825 DEBUG --- [http-nio-8762-exec-7] com.vtu.mapper.CustomerMapper.updateByPrimaryKey Line:143 - ==>  Preparing: update tb_customer set account = ?, password = ?, name = ?, sex = ?, phone = ?, id_card = ?, remain = ?, is_vip = ?, is_shoper = ?, email = ?, email_send_time = ?, wxId = ?, qqId = ?, authCode = ?, isAuth = ?, head_portrait_url = ? where account_id = ? 
2020-07-25 23:18:13.826 DEBUG --- [http-nio-8762-exec-7] com.vtu.mapper.CustomerMapper.updateByPrimaryKey Line:143 - ==> Parameters: VT20191105001621984(String), null, whh(String), 男(String), 1511485465235(String), null, null, null, null, 35114854657@163.com(String), 2019-11-05 00:16:21:982(String), null, null, 1234(String), true(String), blog/2020-05-05/cf7d92441aae405e9462d96f88587db8-image_00002.jpg(String), 12(Long)
2020-07-25 23:18:14.120 DEBUG --- [http-nio-8762-exec-7] com.vtu.mapper.CustomerMapper.updateByPrimaryKey Line:143 - <==    Updates: 1
2020-07-25 23:18:22.423 DEBUG --- [http-nio-8762-exec-1] com.vtu.mapper.CustomerMapper.selectByAuthCode Line:143 - <==      Total: 1
2020-07-25 23:18:22.426 DEBUG --- [http-nio-8762-exec-1] com.vtu.mapper.CustomerVipMapper.selectByAccountId Line:143 - ==>  Preparing: select id, account_id, vip_detail_id, start_time, end_time, is_vip from tb_customer_vip where account_id = ? 
2020-07-25 23:18:22.428 DEBUG --- [http-nio-8762-exec-1] com.vtu.mapper.CustomerVipMapper.selectByAccountId Line:143 - ==> Parameters: 12(Long)
2020-07-25 23:18:22.556 DEBUG --- [http-nio-8762-exec-1] com.vtu.mapper.CustomerVipMapper.selectByAccountId Line:143 - <==      Total: 0
2020-07-25 23:18:22.571 DEBUG --- [http-nio-8762-exec-1] com.vtu.mapper.CustomerMapper.updateByPrimaryKey Line:143 - ==>  Preparing: update tb_customer set account = ?, password = ?, name = ?, sex = ?, phone = ?, id_card = ?, remain = ?, is_vip = ?, is_shoper = ?, email = ?, email_send_time = ?, wxId = ?, qqId = ?, authCode = ?, isAuth = ?, head_portrait_url = ? where account_id = ? 
2020-07-25 23:18:22.571 DEBUG --- [http-nio-8762-exec-1] com.vtu.mapper.CustomerMapper.updateByPrimaryKey Line:143 - ==> Parameters: VT20191105001621984(String), null, whh(String), 男(String), 1511485465235(String), null, null, null, null, 35114854657@163.com(String), 2019-11-05 00:16:21:982(String), null, null, 1234(String), true(String), blog/2020-05-05/cf7d92441aae405e9462d96f88587db8-image_00002.jpg(String), 12(Long)
2020-07-25 23:18:22.665 DEBUG --- [http-nio-8762-exec-1] com.vtu.mapper.CustomerMapper.updateByPrimaryKey Line:143 - <==    Updates: 1
2020-07-25 23:18:38.107 DEBUG --- [http-nio-8762-exec-3] com.vtu.mapper.CustomerMapper.selectByAuthCode Line:143 - ==>  Preparing: select account_id, account, password, name, phone, id_card, remain, is_vip, is_shoper, email, email_send_time,wxId, qqId,authCode,isAuth,sex,head_portrait_url from tb_customer where authCode = ? 
2020-07-25 23:18:38.110 DEBUG --- [http-nio-8762-exec-3] com.vtu.mapper.CustomerMapper.selectByAuthCode Line:143 - ==> Parameters: 1234(String)
2020-07-25 23:18:38.183 DEBUG --- [http-nio-8762-exec-3] com.vtu.mapper.CustomerMapper.selectByAuthCode Line:143 - <==      Total: 1
2020-07-25 23:18:38.188 DEBUG --- [http-nio-8762-exec-3] com.vtu.mapper.CustomerVipMapper.selectByAccountId Line:143 - ==>  Preparing: select id, account_id, vip_detail_id, start_time, end_time, is_vip from tb_customer_vip where account_id = ? 
2020-07-25 23:18:38.190 DEBUG --- [http-nio-8762-exec-3] com.vtu.mapper.CustomerVipMapper.selectByAccountId Line:143 - ==> Parameters: 12(Long)
2020-07-25 23:18:38.249 DEBUG --- [http-nio-8762-exec-3] com.vtu.mapper.CustomerVipMapper.selectByAccountId Line:143 - <==      Total: 0
2020-07-25 23:18:38.250 DEBUG --- [http-nio-8762-exec-3] com.vtu.mapper.CustomerMapper.updateByPrimaryKey Line:143 - ==>  Preparing: update tb_customer set account = ?, password = ?, name = ?, sex = ?, phone = ?, id_card = ?, remain = ?, is_vip = ?, is_shoper = ?, email = ?, email_send_time = ?, wxId = ?, qqId = ?, authCode = ?, isAuth = ?, head_portrait_url = ? where account_id = ? 
2020-07-25 23:18:38.251 DEBUG --- [http-nio-8762-exec-3] com.vtu.mapper.CustomerMapper.updateByPrimaryKey Line:143 - ==> Parameters: VT20191105001621984(String), null, whh(String), 男(String), 1511485465235(String), null, null, null, null, 35114854657@163.com(String), 2019-11-05 00:16:21:982(String), null, null, 1234(String), true(String), blog/2020-05-05/cf7d92441aae405e9462d96f88587db8-image_00002.jpg(String), 12(Long)
2020-07-25 23:18:38.411 DEBUG --- [http-nio-8762-exec-3] com.vtu.mapper.CustomerMapper.updateByPrimaryKey Line:143 - <==    Updates: 1
2020-07-25 23:18:39.905 DEBUG --- [http-nio-8762-exec-4] com.vtu.mapper.WorksMapper.getWorksByCondition_COUNT Line:143 - ==>  Preparing: SELECT count(0) FROM tb_works w WHERE w.status LIKE concat('%', ?, '%') AND w.type LIKE concat('%', ?, '%') 
2020-07-25 23:18:39.906 DEBUG --- [http-nio-8762-exec-4] com.vtu.mapper.WorksMapper.getWorksByCondition_COUNT Line:143 - ==> Parameters: pass(String), 1(String)
2020-07-25 23:18:39.909 DEBUG --- [http-nio-8762-exec-6] com.vtu.mapper.WorksMapper.getWorksByCondition_COUNT Line:143 - ==>  Preparing: SELECT count(0) FROM tb_works w WHERE w.status LIKE concat('%', ?, '%') AND w.type LIKE concat('%', ?, '%') 
2020-07-25 23:18:39.910 DEBUG --- [http-nio-8762-exec-6] com.vtu.mapper.WorksMapper.getWorksByCondition_COUNT Line:143 - ==> Parameters: pass(String), 2(String)
2020-07-25 23:18:39.911 DEBUG --- [http-nio-8762-exec-2] com.vtu.mapper.WorksMapper.getWorksByCondition_COUNT Line:143 - ==>  Preparing: SELECT count(0) FROM tb_works w WHERE w.status LIKE concat('%', ?, '%') AND w.type LIKE concat('%', ?, '%') 
2020-07-25 23:18:39.912 DEBUG --- [http-nio-8762-exec-2] com.vtu.mapper.WorksMapper.getWorksByCondition_COUNT Line:143 - ==> Parameters: pass(String), 3(String)
2020-07-25 23:18:39.943 DEBUG --- [http-nio-8762-exec-4] com.vtu.mapper.WorksMapper.getWorksByCondition_COUNT Line:143 - <==      Total: 1
2020-07-25 23:18:39.945 DEBUG --- [http-nio-8762-exec-4] com.vtu.mapper.WorksMapper.getWorksByCondition Line:143 - ==>  Preparing: SELECT w.* FROM tb_works w WHERE w.status LIKE concat('%',?,'%') and w.type LIKE concat('%',?,'%') ORDER BY w.works_id desc LIMIT ? 
2020-07-25 23:18:39.946 DEBUG --- [http-nio-8762-exec-4] com.vtu.mapper.WorksMapper.getWorksByCondition Line:143 - ==> Parameters: pass(String), 1(String), 4(Integer)
2020-07-25 23:18:40.106 DEBUG --- [http-nio-8762-exec-2] com.vtu.mapper.WorksMapper.getWorksByCondition_COUNT Line:143 - <==      Total: 1
2020-07-25 23:18:40.107 DEBUG --- [http-nio-8762-exec-2] com.vtu.mapper.WorksMapper.getWorksByCondition Line:143 - ==>  Preparing: SELECT w.* FROM tb_works w WHERE w.status LIKE concat('%',?,'%') and w.type LIKE concat('%',?,'%') ORDER BY w.works_id desc LIMIT ? 
2020-07-25 23:18:40.108 DEBUG --- [http-nio-8762-exec-2] com.vtu.mapper.WorksMapper.getWorksByCondition Line:143 - ==> Parameters: pass(String), 3(String), 4(Integer)
2020-07-25 23:18:41.614 DEBUG --- [http-nio-8762-exec-2] com.vtu.mapper.WorksMapper.getWorksByCondition Line:143 - <==      Total: 2
2020-07-25 23:18:41.614 DEBUG --- [http-nio-8762-exec-4] com.vtu.mapper.WorksMapper.getWorksByCondition Line:143 - <==      Total: 1
2020-07-25 23:18:44.803 DEBUG --- [http-nio-8762-exec-6] com.vtu.mapper.WorksMapper.getWorksByCondition_COUNT Line:143 - <==      Total: 1
2020-07-25 23:18:44.807 DEBUG --- [http-nio-8762-exec-6] com.vtu.mapper.WorksMapper.getWorksByCondition Line:143 - ==>  Preparing: SELECT w.* FROM tb_works w WHERE w.status LIKE concat('%',?,'%') and w.type LIKE concat('%',?,'%') ORDER BY w.works_id desc LIMIT ? 
2020-07-25 23:18:44.812 DEBUG --- [http-nio-8762-exec-6] com.vtu.mapper.WorksMapper.getWorksByCondition Line:143 - ==> Parameters: pass(String), 2(String), 4(Integer)
2020-07-25 23:18:44.904 DEBUG --- [http-nio-8762-exec-6] com.vtu.mapper.WorksMapper.getWorksByCondition Line:143 - <==      Total: 2
2020-07-25 23:18:47.142 DEBUG --- [http-nio-8762-exec-10] com.vtu.mapper.WorksMapper.selectByAccountId Line:143 - ==>  Preparing: SELECT * FROM tb_works WHERE status LIKE concat('%',?,'%') and account_id LIKE concat('%', ?,'%') and type LIKE concat('%', ?,'%') 
2020-07-25 23:18:47.144 DEBUG --- [http-nio-8762-exec-10] com.vtu.mapper.WorksMapper.selectByAccountId Line:143 - ==> Parameters: refer(String), 12(Long), 1(String)
2020-07-25 23:18:47.153 DEBUG --- [http-nio-8762-exec-7] com.vtu.mapper.WorksMapper.selectByAccountId Line:143 - ==>  Preparing: SELECT * FROM tb_works WHERE status LIKE concat('%',?,'%') and account_id LIKE concat('%', ?,'%') and type LIKE concat('%', ?,'%') 
2020-07-25 23:18:47.155 DEBUG --- [http-nio-8762-exec-7] com.vtu.mapper.WorksMapper.selectByAccountId Line:143 - ==> Parameters: refer(String), 12(Long), 3(String)
2020-07-25 23:18:47.160 DEBUG --- [http-nio-8762-exec-8] com.vtu.mapper.WorksMapper.selectByAccountId Line:143 - ==>  Preparing: SELECT * FROM tb_works WHERE status LIKE concat('%',?,'%') and account_id LIKE concat('%', ?,'%') and type LIKE concat('%', ?,'%') 
2020-07-25 23:18:47.160 DEBUG --- [http-nio-8762-exec-8] com.vtu.mapper.WorksMapper.selectByAccountId Line:143 - ==> Parameters: refer(String), 12(Long), 2(String)
2020-07-25 23:18:47.181 DEBUG --- [http-nio-8762-exec-10] com.vtu.mapper.WorksMapper.selectByAccountId Line:143 - <==      Total: 0
2020-07-25 23:18:47.189 DEBUG --- [http-nio-8762-exec-7] com.vtu.mapper.WorksMapper.selectByAccountId Line:143 - <==      Total: 1
2020-07-25 23:18:47.199 DEBUG --- [http-nio-8762-exec-8] com.vtu.mapper.WorksMapper.selectByAccountId Line:143 - <==      Total: 1
2020-07-25 23:18:49.532 DEBUG --- [http-nio-8762-exec-1] com.vtu.mapper.WorksMapper.getWorksById Line:143 - ==>  Preparing: SELECT * FROM tb_works WHERE works_id = ? 
2020-07-25 23:18:49.533 DEBUG --- [http-nio-8762-exec-1] com.vtu.mapper.WorksMapper.getWorksById Line:143 - ==> Parameters: 223(String)
2020-07-25 23:18:49.953 DEBUG --- [http-nio-8762-exec-1] com.vtu.mapper.WorksMapper.getWorksById Line:143 - <==      Total: 1
2020-07-25 23:19:26.864 DEBUG --- [http-nio-8762-exec-6] com.vtu.mapper.WorksMapper.insert Line:143 - ==>  Preparing: insert into tb_works (works_id, account_id, title, `desc`, `type`, price, key_word, types_id, status, channel, colorSytem, duration, version, resolution, works_url, md5, `name`, `size`, compress_url, preview_url, synthesis_url, zip_url ) values (?, ?, ?, ?, ?, ?, ?, ?, ?, ?, ?, ?, ?, ?, ?, ?, ?, ?, ?, ?, ?, ? ) 
2020-07-25 23:19:26.867 DEBUG --- [http-nio-8762-exec-6] com.vtu.mapper.WorksMapper.insert Line:143 - ==> Parameters: null, 12(Long), d2f42068.ini(String), null, 3(String), null, null, null, refer(String), null, null, null, null, null, https://vtuweb.oss-cn-beijing.aliyuncs.com/temps/tempImport/1595690366591/ca5616c3eb6c49418ae3e16a8ec1a83d.ini(String), d191f5270a21543b52a849e3eed6c764(String), d2f42068.ini(String), 217.0(Double), null, null, null, null
2020-07-25 23:19:26.942 DEBUG --- [http-nio-8762-exec-6] com.vtu.mapper.WorksMapper.insert Line:143 - <==    Updates: 1
2020-07-25 23:19:26.944 DEBUG --- [http-nio-8762-exec-6] com.vtu.mapper.WorksMapper.insert!selectKey Line:143 - ==>  Preparing: SELECT LAST_INSERT_ID() 
2020-07-25 23:19:26.944 DEBUG --- [http-nio-8762-exec-6] com.vtu.mapper.WorksMapper.insert!selectKey Line:143 - ==> Parameters: 
2020-07-25 23:19:26.981 DEBUG --- [http-nio-8762-exec-6] com.vtu.mapper.WorksMapper.insert!selectKey Line:143 - <==      Total: 1
2020-07-25 23:19:27.017 DEBUG --- [http-nio-8762-exec-5] com.vtu.mapper.WorksMapper.selectByAccountId Line:143 - ==>  Preparing: SELECT * FROM tb_works WHERE status LIKE concat('%',?,'%') and account_id LIKE concat('%', ?,'%') and type LIKE concat('%', ?,'%') 
2020-07-25 23:19:27.018 DEBUG --- [http-nio-8762-exec-5] com.vtu.mapper.WorksMapper.selectByAccountId Line:143 - ==> Parameters: refer(String), 12(Long), 3(String)
2020-07-25 23:19:27.058 DEBUG --- [http-nio-8762-exec-5] com.vtu.mapper.WorksMapper.selectByAccountId Line:143 - <==      Total: 2
2020-07-25 23:19:28.404 DEBUG --- [http-nio-8762-exec-9] com.vtu.mapper.WorksMapper.getWorksById Line:143 - ==>  Preparing: SELECT * FROM tb_works WHERE works_id = ? 
2020-07-25 23:19:28.405 DEBUG --- [http-nio-8762-exec-9] com.vtu.mapper.WorksMapper.getWorksById Line:143 - ==> Parameters: 229(String)
2020-07-25 23:19:28.443 DEBUG --- [http-nio-8762-exec-9] com.vtu.mapper.WorksMapper.getWorksById Line:143 - <==      Total: 1
2020-07-25 23:19:43.057 DEBUG --- [http-nio-8762-exec-7] com.vtu.mapper.WorksMapper.getWorksById Line:143 - ==>  Preparing: SELECT * FROM tb_works WHERE works_id = ? 
2020-07-25 23:19:43.058 DEBUG --- [http-nio-8762-exec-7] com.vtu.mapper.WorksMapper.getWorksById Line:143 - ==> Parameters: 229(String)
2020-07-25 23:19:44.056 DEBUG --- [http-nio-8762-exec-7] com.vtu.mapper.WorksMapper.getWorksById Line:143 - <==      Total: 1
2020-07-25 23:19:51.026 DEBUG --- [http-nio-8762-exec-1] com.vtu.mapper.WorksMapper.updateByPrimaryKeySelective Line:143 - ==>  Preparing: update tb_works SET account_id = ?, title = ?, type = ?, key_word = ?, status = ?, channel = ?, colorSytem = ?, resolution = ?, works_url = ?, md5 = ?, name = ?, size = ?, material_type = ?, material = ? where works_id = ? 
2020-07-25 23:19:51.026 DEBUG --- [http-nio-8762-exec-1] com.vtu.mapper.WorksMapper.updateByPrimaryKeySelective Line:143 - ==> Parameters: 12(Long), d2f42068.ini(String), 3(String), (String), auditing(String), alpha(String), #000000(String), 1920×1080(String), https://vtuweb.oss-cn-beijing.aliyuncs.com/temps/tempImport/1595690366591/ca5616c3eb6c49418ae3e16a8ec1a83d.ini(String), d191f5270a21543b52a849e3eed6c764(String), d2f42068.ini(String), 217.0(Double), CC2019(String), AI(String), 229(Long)
2020-07-25 23:19:51.104 DEBUG --- [http-nio-8762-exec-1] com.vtu.mapper.WorksMapper.updateByPrimaryKeySelective Line:143 - <==    Updates: 1
2020-07-25 23:19:51.137 DEBUG --- [http-nio-8762-exec-3] com.vtu.mapper.WorksMapper.selectByAccountId Line:143 - ==>  Preparing: SELECT * FROM tb_works WHERE status LIKE concat('%',?,'%') and account_id LIKE concat('%', ?,'%') and type LIKE concat('%', ?,'%') 
2020-07-25 23:19:51.139 DEBUG --- [http-nio-8762-exec-3] com.vtu.mapper.WorksMapper.selectByAccountId Line:143 - ==> Parameters: refer(String), 12(Long), 3(String)
2020-07-25 23:19:51.247 DEBUG --- [http-nio-8762-exec-3] com.vtu.mapper.WorksMapper.selectByAccountId Line:143 - <==      Total: 1
2020-07-25 23:25:02.995 DEBUG --- [http-nio-8762-exec-4] com.vtu.mapper.WorksMapper.getWorksById Line:143 - ==>  Preparing: SELECT * FROM tb_works WHERE works_id = ? 
2020-07-25 23:25:02.996 DEBUG --- [http-nio-8762-exec-4] com.vtu.mapper.WorksMapper.getWorksById Line:143 - ==> Parameters: 223(String)
2020-07-25 23:25:03.034 DEBUG --- [http-nio-8762-exec-4] com.vtu.mapper.WorksMapper.getWorksById Line:143 - <==      Total: 1
2020-07-25 23:25:37.516 DEBUG --- [http-nio-8762-exec-5] com.vtu.mapper.WorksMapper.getWorksById Line:143 - ==>  Preparing: SELECT * FROM tb_works WHERE works_id = ? 
2020-07-25 23:25:37.516 DEBUG --- [http-nio-8762-exec-5] com.vtu.mapper.WorksMapper.getWorksById Line:143 - ==> Parameters: 223(String)
2020-07-25 23:25:37.555 DEBUG --- [http-nio-8762-exec-5] com.vtu.mapper.WorksMapper.getWorksById Line:143 - <==      Total: 1
2020-07-25 23:25:42.353 DEBUG --- [http-nio-8762-exec-9] com.vtu.mapper.WorksMapper.getWorksById Line:143 - ==>  Preparing: SELECT * FROM tb_works WHERE works_id = ? 
2020-07-25 23:25:42.353 DEBUG --- [http-nio-8762-exec-9] com.vtu.mapper.WorksMapper.getWorksById Line:143 - ==> Parameters: 223(String)
2020-07-25 23:25:42.391 DEBUG --- [http-nio-8762-exec-9] com.vtu.mapper.WorksMapper.getWorksById Line:143 - <==      Total: 1
