2020-04-12 17:50:56.205 DEBUG --- [restartedMain] org.apache.ibatis.logging.LogFactory Line:105 - Logging initialized using 'class org.apache.ibatis.logging.slf4j.Slf4jImpl' adapter.
2020-04-12 17:51:56.522 DEBUG --- [http-nio-8762-exec-1] com.vtu.mapper.WorksMapper.findAuditingWorks_COUNT Line:143 - ==>  Preparing: SELECT count(0) FROM tb_works w LEFT JOIN tb_works_url u ON w.works_id = u.works_id WHERE w.works_status LIKE concat('%', ?, '%') 
2020-04-12 17:51:56.553 DEBUG --- [http-nio-8762-exec-1] com.vtu.mapper.WorksMapper.findAuditingWorks_COUNT Line:143 - ==> Parameters: pass(String)
2020-04-12 17:51:56.653 DEBUG --- [http-nio-8762-exec-1] com.vtu.mapper.WorksMapper.findAuditingWorks_COUNT Line:143 - <==      Total: 1
2020-04-12 17:51:56.666 DEBUG --- [http-nio-8762-exec-1] com.vtu.mapper.WorksMapper.findAuditingWorks Line:143 - ==>  Preparing: SELECT w.works_id, w.works_title, w.works_desc, w.price,w.key_word, w.types_id,w.works_status,w.colorSytem,w.works_duration,channel,version, u.works_url_id,u.works_id, u.works_url,u.works_md5,u.works_name,u.works_size,u.compress_url,u.preview_url,u.synthesis_url FROM tb_works w LEFT JOIN tb_works_url u ON w.works_id = u.works_id WHERE w.works_status LIKE concat('%',?,'%') ORDER BY w.works_id desc LIMIT ? 
2020-04-12 17:51:56.670 DEBUG --- [http-nio-8762-exec-1] com.vtu.mapper.WorksMapper.findAuditingWorks Line:143 - ==> Parameters: pass(String), 4(Integer)
2020-04-12 17:51:56.733 DEBUG --- [http-nio-8762-exec-1] com.vtu.mapper.WorksMapper.findAuditingWorks Line:143 - <==      Total: 3
2020-04-12 17:52:15.500 DEBUG --- [http-nio-8762-exec-3] com.vtu.mapper.WorksMapper.findAuditingWorks_COUNT Line:143 - ==>  Preparing: SELECT count(0) FROM tb_works w LEFT JOIN tb_works_url u ON w.works_id = u.works_id WHERE w.works_status LIKE concat('%', ?, '%') 
2020-04-12 17:52:15.502 DEBUG --- [http-nio-8762-exec-3] com.vtu.mapper.WorksMapper.findAuditingWorks_COUNT Line:143 - ==> Parameters: pass(String)
2020-04-12 17:52:15.542 DEBUG --- [http-nio-8762-exec-3] com.vtu.mapper.WorksMapper.findAuditingWorks_COUNT Line:143 - <==      Total: 1
2020-04-12 17:52:15.544 DEBUG --- [http-nio-8762-exec-3] com.vtu.mapper.WorksMapper.findAuditingWorks Line:143 - ==>  Preparing: SELECT w.works_id, w.works_title, w.works_desc, w.price,w.key_word, w.types_id,w.works_status,w.colorSytem,w.works_duration,channel,version, u.works_url_id,u.works_id, u.works_url,u.works_md5,u.works_name,u.works_size,u.compress_url,u.preview_url,u.synthesis_url FROM tb_works w LEFT JOIN tb_works_url u ON w.works_id = u.works_id WHERE w.works_status LIKE concat('%',?,'%') ORDER BY w.works_id desc LIMIT ? 
2020-04-12 17:52:15.546 DEBUG --- [http-nio-8762-exec-3] com.vtu.mapper.WorksMapper.findAuditingWorks Line:143 - ==> Parameters: pass(String), 4(Integer)
2020-04-12 17:52:15.587 DEBUG --- [http-nio-8762-exec-3] com.vtu.mapper.WorksMapper.findAuditingWorks Line:143 - <==      Total: 3
2020-04-12 17:53:29.980 DEBUG --- [http-nio-8762-exec-5] com.vtu.mapper.CustomerMapper.selectByEmail Line:143 - ==>  Preparing: select account_id, account, password, name, phone, id_card, remain, is_vip, is_shoper, email, email_send_time,wxId, qqId,authCode,isAuth,sex from tb_customer where email = ? 
2020-04-12 17:53:29.981 DEBUG --- [http-nio-8762-exec-5] com.vtu.mapper.CustomerMapper.selectByEmail Line:143 - ==> Parameters: 1248882527@qq.com(String)
2020-04-12 17:53:30.021 DEBUG --- [http-nio-8762-exec-5] com.vtu.mapper.CustomerMapper.selectByEmail Line:143 - <==      Total: 1
2020-04-12 17:53:30.024 DEBUG --- [http-nio-8762-exec-5] com.vtu.mapper.CustomerMapper.selectByAuthCode Line:143 - ==>  Preparing: select account_id, account, password, name, phone, id_card, remain, is_vip, is_shoper, email, email_send_time,wxId, qqId,authCode,isAuth,sex from tb_customer where authCode = ? 
2020-04-12 17:53:30.024 DEBUG --- [http-nio-8762-exec-5] com.vtu.mapper.CustomerMapper.selectByAuthCode Line:143 - ==> Parameters: OBNYZOs1cb5IKoZ6UdZQPJetJXJkCfUL(String)
2020-04-12 17:53:30.063 DEBUG --- [http-nio-8762-exec-5] com.vtu.mapper.CustomerMapper.selectByAuthCode Line:143 - <==      Total: 0
2020-04-12 17:53:30.065 DEBUG --- [http-nio-8762-exec-5] com.vtu.mapper.CustomerMapper.updateByPrimaryKey Line:143 - ==>  Preparing: update tb_customer set account = ?, password = ?, name = ?, sex = ?, phone = ?, id_card = ?, remain = ?, is_vip = ?, is_shoper = ?, email = ?, email_send_time = ?, wxId = ?, qqId = ?, authCode = ?, isAuth = ? where account_id = ? 
2020-04-12 17:53:30.071 DEBUG --- [http-nio-8762-exec-5] com.vtu.mapper.CustomerMapper.updateByPrimaryKey Line:143 - ==> Parameters: VT20200124124105425(String), null, null, null, null, null, null, null, null, 1248882527@qq.com(String), 2020-04-12 17:53:30:064(String), null, null, OBNYZOs1cb5IKoZ6UdZQPJetJXJkCfUL(String), true(String), 11(Long)
2020-04-12 17:53:30.151 DEBUG --- [http-nio-8762-exec-5] com.vtu.mapper.CustomerMapper.updateByPrimaryKey Line:143 - <==    Updates: 1
2020-04-12 17:57:03.731 DEBUG --- [http-nio-8762-exec-7] com.vtu.mapper.CustomerMapper.selectByAuthCode Line:143 - ==>  Preparing: select account_id, account, password, name, phone, id_card, remain, is_vip, is_shoper, email, email_send_time,wxId, qqId,authCode,isAuth,sex from tb_customer where authCode = ? 
2020-04-12 17:57:03.732 DEBUG --- [http-nio-8762-exec-7] com.vtu.mapper.CustomerMapper.selectByAuthCode Line:143 - ==> Parameters: OBNYZOs1cb5IKoZ6UdZQPJetJXJkCfUL(String)
2020-04-12 17:57:03.774 DEBUG --- [http-nio-8762-exec-7] com.vtu.mapper.CustomerMapper.selectByAuthCode Line:143 - <==      Total: 1
2020-04-12 17:57:03.776 DEBUG --- [http-nio-8762-exec-7] com.vtu.mapper.CustomerVipMapper.selectByAccountId Line:143 - ==>  Preparing: select id, account_id, vip_detail_id, start_time, end_time, is_vip from tb_customer_vip where account_id = ? 
2020-04-12 17:57:03.777 DEBUG --- [http-nio-8762-exec-7] com.vtu.mapper.CustomerVipMapper.selectByAccountId Line:143 - ==> Parameters: 11(Long)
2020-04-12 17:57:03.815 DEBUG --- [http-nio-8762-exec-7] com.vtu.mapper.CustomerVipMapper.selectByAccountId Line:143 - <==      Total: 0
2020-04-12 17:57:03.817 DEBUG --- [http-nio-8762-exec-7] com.vtu.mapper.CustomerMapper.updateByPrimaryKey Line:143 - ==>  Preparing: update tb_customer set account = ?, password = ?, name = ?, sex = ?, phone = ?, id_card = ?, remain = ?, is_vip = ?, is_shoper = ?, email = ?, email_send_time = ?, wxId = ?, qqId = ?, authCode = ?, isAuth = ? where account_id = ? 
2020-04-12 17:57:03.821 DEBUG --- [http-nio-8762-exec-7] com.vtu.mapper.CustomerMapper.updateByPrimaryKey Line:143 - ==> Parameters: VT20200124124105425(String), null, null, null, null, null, null, null, null, 1248882527@qq.com(String), 2020-04-12 17:53:30:064(String), null, null, OBNYZOs1cb5IKoZ6UdZQPJetJXJkCfUL(String), true(String), 11(Long)
2020-04-12 17:57:03.897 DEBUG --- [http-nio-8762-exec-7] com.vtu.mapper.CustomerMapper.updateByPrimaryKey Line:143 - <==    Updates: 1
2020-04-12 17:57:05.363 DEBUG --- [http-nio-8762-exec-8] com.vtu.mapper.WorksMapper.findAuditingWorks_COUNT Line:143 - ==>  Preparing: SELECT count(0) FROM tb_works w LEFT JOIN tb_works_url u ON w.works_id = u.works_id WHERE w.works_status LIKE concat('%', ?, '%') 
2020-04-12 17:57:05.364 DEBUG --- [http-nio-8762-exec-8] com.vtu.mapper.WorksMapper.findAuditingWorks_COUNT Line:143 - ==> Parameters: pass(String)
2020-04-12 17:57:05.403 DEBUG --- [http-nio-8762-exec-8] com.vtu.mapper.WorksMapper.findAuditingWorks_COUNT Line:143 - <==      Total: 1
2020-04-12 17:57:05.405 DEBUG --- [http-nio-8762-exec-8] com.vtu.mapper.WorksMapper.findAuditingWorks Line:143 - ==>  Preparing: SELECT w.works_id, w.works_title, w.works_desc, w.price,w.key_word, w.types_id,w.works_status,w.colorSytem,w.works_duration,channel,version, u.works_url_id,u.works_id, u.works_url,u.works_md5,u.works_name,u.works_size,u.compress_url,u.preview_url,u.synthesis_url FROM tb_works w LEFT JOIN tb_works_url u ON w.works_id = u.works_id WHERE w.works_status LIKE concat('%',?,'%') ORDER BY w.works_id desc LIMIT ? 
2020-04-12 17:57:05.407 DEBUG --- [http-nio-8762-exec-8] com.vtu.mapper.WorksMapper.findAuditingWorks Line:143 - ==> Parameters: pass(String), 4(Integer)
2020-04-12 17:57:05.451 DEBUG --- [http-nio-8762-exec-8] com.vtu.mapper.WorksMapper.findAuditingWorks Line:143 - <==      Total: 3
2020-04-12 17:57:11.427 DEBUG --- [http-nio-8762-exec-9] com.vtu.mapper.WorksMapper.selectByAccountId Line:143 - ==>  Preparing: SELECT w.works_id, w.works_title, w.works_desc, w.price, w.key_word, w.types_id, w.works_status,w.colorSytem,w.works_duration,channel,version, u.works_url_id, u.works_url works_url, u.works_md5, u.works_name, u.works_size, u.compress_url, u.preview_url, u.synthesis_url FROM ( SELECT works_id, works_title, works_desc, price, key_word, types_id, works_status, colorSytem, channel,version, works_duration FROM tb_works WHERE account_id = ? and works_status = ? ) w LEFT JOIN tb_works_url u ON w.works_id = u.works_id 
2020-04-12 17:57:11.431 DEBUG --- [http-nio-8762-exec-9] com.vtu.mapper.WorksMapper.selectByAccountId Line:143 - ==> Parameters: 11(Long), refer(String)
2020-04-12 17:57:11.472 DEBUG --- [http-nio-8762-exec-9] com.vtu.mapper.WorksMapper.selectByAccountId Line:143 - <==      Total: 0
2020-04-12 17:57:27.992 DEBUG --- [http-nio-8762-exec-2] com.vtu.mapper.WorksMapper.selectByAccountId Line:143 - ==>  Preparing: SELECT w.works_id, w.works_title, w.works_desc, w.price, w.key_word, w.types_id, w.works_status,w.colorSytem,w.works_duration,channel,version, u.works_url_id, u.works_url works_url, u.works_md5, u.works_name, u.works_size, u.compress_url, u.preview_url, u.synthesis_url FROM ( SELECT works_id, works_title, works_desc, price, key_word, types_id, works_status, colorSytem, channel,version, works_duration FROM tb_works WHERE account_id = ? and works_status = ? ) w LEFT JOIN tb_works_url u ON w.works_id = u.works_id 
2020-04-12 17:57:27.994 DEBUG --- [http-nio-8762-exec-2] com.vtu.mapper.WorksMapper.selectByAccountId Line:143 - ==> Parameters: 11(Long), refer(String)
2020-04-12 17:57:28.041 DEBUG --- [http-nio-8762-exec-2] com.vtu.mapper.WorksMapper.selectByAccountId Line:143 - <==      Total: 0
2020-04-12 17:57:42.731 DEBUG --- [http-nio-8762-exec-4] com.vtu.mapper.WorksMapper.findAuditingWorks_COUNT Line:143 - ==>  Preparing: SELECT count(0) FROM tb_works w LEFT JOIN tb_works_url u ON w.works_id = u.works_id WHERE w.works_status LIKE concat('%', ?, '%') 
2020-04-12 17:57:42.733 DEBUG --- [http-nio-8762-exec-4] com.vtu.mapper.WorksMapper.findAuditingWorks_COUNT Line:143 - ==> Parameters: pass(String)
2020-04-12 17:57:42.771 DEBUG --- [http-nio-8762-exec-4] com.vtu.mapper.WorksMapper.findAuditingWorks_COUNT Line:143 - <==      Total: 1
2020-04-12 17:57:42.772 DEBUG --- [http-nio-8762-exec-4] com.vtu.mapper.WorksMapper.findAuditingWorks Line:143 - ==>  Preparing: SELECT w.works_id, w.works_title, w.works_desc, w.price,w.key_word, w.types_id,w.works_status,w.colorSytem,w.works_duration,channel,version, u.works_url_id,u.works_id, u.works_url,u.works_md5,u.works_name,u.works_size,u.compress_url,u.preview_url,u.synthesis_url FROM tb_works w LEFT JOIN tb_works_url u ON w.works_id = u.works_id WHERE w.works_status LIKE concat('%',?,'%') ORDER BY w.works_id desc LIMIT ? 
2020-04-12 17:57:42.773 DEBUG --- [http-nio-8762-exec-4] com.vtu.mapper.WorksMapper.findAuditingWorks Line:143 - ==> Parameters: pass(String), 4(Integer)
2020-04-12 17:57:42.815 DEBUG --- [http-nio-8762-exec-4] com.vtu.mapper.WorksMapper.findAuditingWorks Line:143 - <==      Total: 3
2020-04-12 17:58:40.887 DEBUG --- [http-nio-8762-exec-6] com.vtu.mapper.WorksMapper.getWorksById Line:143 - ==>  Preparing: SELECT w.works_id, w.works_title, w.works_desc, w.price, w.key_word, w.types_id, w.channel,w.version, w.works_status, w.colorSytem,w.works_duration, u.works_url_id, u.works_url works_url, u.works_md5, u.works_name, u.works_size, u.compress_url, u.preview_url, u.synthesis_url FROM ( SELECT * FROM tb_works WHERE works_id = ? ) w LEFT JOIN tb_works_url u ON w.works_id = u.works_id 
2020-04-12 17:58:40.888 DEBUG --- [http-nio-8762-exec-6] com.vtu.mapper.WorksMapper.getWorksById Line:143 - ==> Parameters: 73(String)
2020-04-12 17:58:40.932 DEBUG --- [http-nio-8762-exec-6] com.vtu.mapper.WorksMapper.getWorksById Line:143 - <==      Total: 1
2020-04-12 17:58:40.953 DEBUG --- [http-nio-8762-exec-7] com.vtu.mapper.PersonalBalanceMapper.getPersonalBalanceByAccountId Line:143 - ==>  Preparing: select personal_money_id, account_id, balance from tb_personal_balance where account_id = ? 
2020-04-12 17:58:40.953 DEBUG --- [http-nio-8762-exec-7] com.vtu.mapper.PersonalBalanceMapper.getPersonalBalanceByAccountId Line:143 - ==> Parameters: 11(Long)
2020-04-12 17:58:40.996 DEBUG --- [http-nio-8762-exec-7] com.vtu.mapper.PersonalBalanceMapper.getPersonalBalanceByAccountId Line:143 - <==      Total: 0
2020-04-12 17:58:42.610 DEBUG --- [http-nio-8762-exec-8] com.vtu.mapper.WorksMapper.findAuditingWorks_COUNT Line:143 - ==>  Preparing: SELECT count(0) FROM tb_works w LEFT JOIN tb_works_url u ON w.works_id = u.works_id WHERE w.works_status LIKE concat('%', ?, '%') 
2020-04-12 17:58:42.611 DEBUG --- [http-nio-8762-exec-8] com.vtu.mapper.WorksMapper.findAuditingWorks_COUNT Line:143 - ==> Parameters: pass(String)
2020-04-12 17:58:42.650 DEBUG --- [http-nio-8762-exec-8] com.vtu.mapper.WorksMapper.findAuditingWorks_COUNT Line:143 - <==      Total: 1
2020-04-12 17:58:42.652 DEBUG --- [http-nio-8762-exec-8] com.vtu.mapper.WorksMapper.findAuditingWorks Line:143 - ==>  Preparing: SELECT w.works_id, w.works_title, w.works_desc, w.price,w.key_word, w.types_id,w.works_status,w.colorSytem,w.works_duration,channel,version, u.works_url_id,u.works_id, u.works_url,u.works_md5,u.works_name,u.works_size,u.compress_url,u.preview_url,u.synthesis_url FROM tb_works w LEFT JOIN tb_works_url u ON w.works_id = u.works_id WHERE w.works_status LIKE concat('%',?,'%') ORDER BY w.works_id desc LIMIT ? 
2020-04-12 17:58:42.653 DEBUG --- [http-nio-8762-exec-8] com.vtu.mapper.WorksMapper.findAuditingWorks Line:143 - ==> Parameters: pass(String), 4(Integer)
2020-04-12 17:58:42.709 DEBUG --- [http-nio-8762-exec-8] com.vtu.mapper.WorksMapper.findAuditingWorks Line:143 - <==      Total: 3
2020-04-12 18:00:51.648 DEBUG --- [http-nio-8762-exec-9] com.vtu.mapper.WorksMapper.getWorksById Line:143 - ==>  Preparing: SELECT w.works_id, w.works_title, w.works_desc, w.price, w.key_word, w.types_id, w.channel,w.version, w.works_status, w.colorSytem,w.works_duration, u.works_url_id, u.works_url works_url, u.works_md5, u.works_name, u.works_size, u.compress_url, u.preview_url, u.synthesis_url FROM ( SELECT * FROM tb_works WHERE works_id = ? ) w LEFT JOIN tb_works_url u ON w.works_id = u.works_id 
2020-04-12 18:00:51.650 DEBUG --- [http-nio-8762-exec-9] com.vtu.mapper.WorksMapper.getWorksById Line:143 - ==> Parameters: 73(String)
2020-04-12 18:00:51.692 DEBUG --- [http-nio-8762-exec-9] com.vtu.mapper.WorksMapper.getWorksById Line:143 - <==      Total: 1
2020-04-12 18:00:51.721 DEBUG --- [http-nio-8762-exec-1] com.vtu.mapper.PersonalBalanceMapper.getPersonalBalanceByAccountId Line:143 - ==>  Preparing: select personal_money_id, account_id, balance from tb_personal_balance where account_id = ? 
2020-04-12 18:00:51.722 DEBUG --- [http-nio-8762-exec-1] com.vtu.mapper.PersonalBalanceMapper.getPersonalBalanceByAccountId Line:143 - ==> Parameters: 11(Long)
2020-04-12 18:00:51.761 DEBUG --- [http-nio-8762-exec-1] com.vtu.mapper.PersonalBalanceMapper.getPersonalBalanceByAccountId Line:143 - <==      Total: 0
2020-04-12 18:00:54.715 DEBUG --- [http-nio-8762-exec-2] com.vtu.mapper.WorksMapper.findAuditingWorks_COUNT Line:143 - ==>  Preparing: SELECT count(0) FROM tb_works w LEFT JOIN tb_works_url u ON w.works_id = u.works_id WHERE w.works_status LIKE concat('%', ?, '%') 
2020-04-12 18:00:54.716 DEBUG --- [http-nio-8762-exec-2] com.vtu.mapper.WorksMapper.findAuditingWorks_COUNT Line:143 - ==> Parameters: pass(String)
2020-04-12 18:00:54.754 DEBUG --- [http-nio-8762-exec-2] com.vtu.mapper.WorksMapper.findAuditingWorks_COUNT Line:143 - <==      Total: 1
2020-04-12 18:00:54.756 DEBUG --- [http-nio-8762-exec-2] com.vtu.mapper.WorksMapper.findAuditingWorks Line:143 - ==>  Preparing: SELECT w.works_id, w.works_title, w.works_desc, w.price,w.key_word, w.types_id,w.works_status,w.colorSytem,w.works_duration,channel,version, u.works_url_id,u.works_id, u.works_url,u.works_md5,u.works_name,u.works_size,u.compress_url,u.preview_url,u.synthesis_url FROM tb_works w LEFT JOIN tb_works_url u ON w.works_id = u.works_id WHERE w.works_status LIKE concat('%',?,'%') ORDER BY w.works_id desc LIMIT ? 
2020-04-12 18:00:54.758 DEBUG --- [http-nio-8762-exec-2] com.vtu.mapper.WorksMapper.findAuditingWorks Line:143 - ==> Parameters: pass(String), 4(Integer)
2020-04-12 18:00:54.801 DEBUG --- [http-nio-8762-exec-2] com.vtu.mapper.WorksMapper.findAuditingWorks Line:143 - <==      Total: 3
2020-04-12 18:03:54.580 DEBUG --- [http-nio-8762-exec-4] com.vtu.mapper.WorksMapper.getWorksById Line:143 - ==>  Preparing: SELECT w.works_id, w.works_title, w.works_desc, w.price, w.key_word, w.types_id, w.channel,w.version, w.works_status, w.colorSytem,w.works_duration, u.works_url_id, u.works_url works_url, u.works_md5, u.works_name, u.works_size, u.compress_url, u.preview_url, u.synthesis_url FROM ( SELECT * FROM tb_works WHERE works_id = ? ) w LEFT JOIN tb_works_url u ON w.works_id = u.works_id 
2020-04-12 18:03:54.583 DEBUG --- [http-nio-8762-exec-4] com.vtu.mapper.WorksMapper.getWorksById Line:143 - ==> Parameters: 73(String)
2020-04-12 18:03:54.625 DEBUG --- [http-nio-8762-exec-4] com.vtu.mapper.WorksMapper.getWorksById Line:143 - <==      Total: 1
2020-04-12 18:03:54.663 DEBUG --- [http-nio-8762-exec-5] com.vtu.mapper.PersonalBalanceMapper.getPersonalBalanceByAccountId Line:143 - ==>  Preparing: select personal_money_id, account_id, balance from tb_personal_balance where account_id = ? 
2020-04-12 18:03:54.664 DEBUG --- [http-nio-8762-exec-5] com.vtu.mapper.PersonalBalanceMapper.getPersonalBalanceByAccountId Line:143 - ==> Parameters: 11(Long)
2020-04-12 18:03:54.704 DEBUG --- [http-nio-8762-exec-5] com.vtu.mapper.PersonalBalanceMapper.getPersonalBalanceByAccountId Line:143 - <==      Total: 0
2020-04-12 18:03:59.023 DEBUG --- [http-nio-8762-exec-6] com.vtu.mapper.WorksMapper.findAuditingWorks_COUNT Line:143 - ==>  Preparing: SELECT count(0) FROM tb_works w LEFT JOIN tb_works_url u ON w.works_id = u.works_id WHERE w.works_status LIKE concat('%', ?, '%') 
2020-04-12 18:03:59.024 DEBUG --- [http-nio-8762-exec-6] com.vtu.mapper.WorksMapper.findAuditingWorks_COUNT Line:143 - ==> Parameters: pass(String)
2020-04-12 18:03:59.066 DEBUG --- [http-nio-8762-exec-6] com.vtu.mapper.WorksMapper.findAuditingWorks_COUNT Line:143 - <==      Total: 1
2020-04-12 18:03:59.068 DEBUG --- [http-nio-8762-exec-6] com.vtu.mapper.WorksMapper.findAuditingWorks Line:143 - ==>  Preparing: SELECT w.works_id, w.works_title, w.works_desc, w.price,w.key_word, w.types_id,w.works_status,w.colorSytem,w.works_duration,channel,version, u.works_url_id,u.works_id, u.works_url,u.works_md5,u.works_name,u.works_size,u.compress_url,u.preview_url,u.synthesis_url FROM tb_works w LEFT JOIN tb_works_url u ON w.works_id = u.works_id WHERE w.works_status LIKE concat('%',?,'%') ORDER BY w.works_id desc LIMIT ? 
2020-04-12 18:03:59.068 DEBUG --- [http-nio-8762-exec-6] com.vtu.mapper.WorksMapper.findAuditingWorks Line:143 - ==> Parameters: pass(String), 4(Integer)
2020-04-12 18:03:59.110 DEBUG --- [http-nio-8762-exec-6] com.vtu.mapper.WorksMapper.findAuditingWorks Line:143 - <==      Total: 3
2020-04-12 18:04:03.674 DEBUG --- [http-nio-8762-exec-7] com.vtu.mapper.WorksMapper.getWorksById Line:143 - ==>  Preparing: SELECT w.works_id, w.works_title, w.works_desc, w.price, w.key_word, w.types_id, w.channel,w.version, w.works_status, w.colorSytem,w.works_duration, u.works_url_id, u.works_url works_url, u.works_md5, u.works_name, u.works_size, u.compress_url, u.preview_url, u.synthesis_url FROM ( SELECT * FROM tb_works WHERE works_id = ? ) w LEFT JOIN tb_works_url u ON w.works_id = u.works_id 
2020-04-12 18:04:03.676 DEBUG --- [http-nio-8762-exec-7] com.vtu.mapper.WorksMapper.getWorksById Line:143 - ==> Parameters: 73(String)
2020-04-12 18:04:03.717 DEBUG --- [http-nio-8762-exec-7] com.vtu.mapper.WorksMapper.getWorksById Line:143 - <==      Total: 1
2020-04-12 18:04:03.724 DEBUG --- [http-nio-8762-exec-8] com.vtu.mapper.PersonalBalanceMapper.getPersonalBalanceByAccountId Line:143 - ==>  Preparing: select personal_money_id, account_id, balance from tb_personal_balance where account_id = ? 
2020-04-12 18:04:03.725 DEBUG --- [http-nio-8762-exec-8] com.vtu.mapper.PersonalBalanceMapper.getPersonalBalanceByAccountId Line:143 - ==> Parameters: 11(Long)
2020-04-12 18:04:03.763 DEBUG --- [http-nio-8762-exec-8] com.vtu.mapper.PersonalBalanceMapper.getPersonalBalanceByAccountId Line:143 - <==      Total: 0
2020-04-12 18:04:05.817 DEBUG --- [http-nio-8762-exec-10] com.vtu.mapper.WorksMapper.findAuditingWorks_COUNT Line:143 - ==>  Preparing: SELECT count(0) FROM tb_works w LEFT JOIN tb_works_url u ON w.works_id = u.works_id WHERE w.works_status LIKE concat('%', ?, '%') 
2020-04-12 18:04:05.820 DEBUG --- [http-nio-8762-exec-10] com.vtu.mapper.WorksMapper.findAuditingWorks_COUNT Line:143 - ==> Parameters: pass(String)
2020-04-12 18:04:05.860 DEBUG --- [http-nio-8762-exec-10] com.vtu.mapper.WorksMapper.findAuditingWorks_COUNT Line:143 - <==      Total: 1
2020-04-12 18:04:05.862 DEBUG --- [http-nio-8762-exec-10] com.vtu.mapper.WorksMapper.findAuditingWorks Line:143 - ==>  Preparing: SELECT w.works_id, w.works_title, w.works_desc, w.price,w.key_word, w.types_id,w.works_status,w.colorSytem,w.works_duration,channel,version, u.works_url_id,u.works_id, u.works_url,u.works_md5,u.works_name,u.works_size,u.compress_url,u.preview_url,u.synthesis_url FROM tb_works w LEFT JOIN tb_works_url u ON w.works_id = u.works_id WHERE w.works_status LIKE concat('%',?,'%') ORDER BY w.works_id desc LIMIT ? 
2020-04-12 18:04:05.863 DEBUG --- [http-nio-8762-exec-10] com.vtu.mapper.WorksMapper.findAuditingWorks Line:143 - ==> Parameters: pass(String), 4(Integer)
2020-04-12 18:04:05.906 DEBUG --- [http-nio-8762-exec-10] com.vtu.mapper.WorksMapper.findAuditingWorks Line:143 - <==      Total: 3
2020-04-12 18:05:47.887 DEBUG --- [http-nio-8762-exec-1] com.vtu.mapper.WorksMapper.getWorksById Line:143 - ==>  Preparing: SELECT w.works_id, w.works_title, w.works_desc, w.price, w.key_word, w.types_id, w.channel,w.version, w.works_status, w.colorSytem,w.works_duration, u.works_url_id, u.works_url works_url, u.works_md5, u.works_name, u.works_size, u.compress_url, u.preview_url, u.synthesis_url FROM ( SELECT * FROM tb_works WHERE works_id = ? ) w LEFT JOIN tb_works_url u ON w.works_id = u.works_id 
2020-04-12 18:05:47.888 DEBUG --- [http-nio-8762-exec-1] com.vtu.mapper.WorksMapper.getWorksById Line:143 - ==> Parameters: 73(String)
2020-04-12 18:05:47.927 DEBUG --- [http-nio-8762-exec-1] com.vtu.mapper.WorksMapper.getWorksById Line:143 - <==      Total: 1
2020-04-12 18:05:50.066 DEBUG --- [http-nio-8762-exec-2] com.vtu.mapper.WorksMapper.getWorksById Line:143 - ==>  Preparing: SELECT w.works_id, w.works_title, w.works_desc, w.price, w.key_word, w.types_id, w.channel,w.version, w.works_status, w.colorSytem,w.works_duration, u.works_url_id, u.works_url works_url, u.works_md5, u.works_name, u.works_size, u.compress_url, u.preview_url, u.synthesis_url FROM ( SELECT * FROM tb_works WHERE works_id = ? ) w LEFT JOIN tb_works_url u ON w.works_id = u.works_id 
2020-04-12 18:05:50.068 DEBUG --- [http-nio-8762-exec-2] com.vtu.mapper.WorksMapper.getWorksById Line:143 - ==> Parameters: 73(String)
2020-04-12 18:05:50.111 DEBUG --- [http-nio-8762-exec-2] com.vtu.mapper.WorksMapper.getWorksById Line:143 - <==      Total: 1
2020-04-12 18:05:56.299 DEBUG --- [http-nio-8762-exec-4] com.vtu.mapper.CustomerMapper.selectByAuthCode Line:143 - ==>  Preparing: select account_id, account, password, name, phone, id_card, remain, is_vip, is_shoper, email, email_send_time,wxId, qqId,authCode,isAuth,sex from tb_customer where authCode = ? 
2020-04-12 18:05:56.300 DEBUG --- [http-nio-8762-exec-4] com.vtu.mapper.CustomerMapper.selectByAuthCode Line:143 - ==> Parameters: OBNYZOs1cb5IKoZ6UdZQPJetJXJkCfUL(String)
2020-04-12 18:05:56.339 DEBUG --- [http-nio-8762-exec-4] com.vtu.mapper.CustomerMapper.selectByAuthCode Line:143 - <==      Total: 1
2020-04-12 18:05:56.341 DEBUG --- [http-nio-8762-exec-4] com.vtu.mapper.CustomerVipMapper.selectByAccountId Line:143 - ==>  Preparing: select id, account_id, vip_detail_id, start_time, end_time, is_vip from tb_customer_vip where account_id = ? 
2020-04-12 18:05:56.342 DEBUG --- [http-nio-8762-exec-4] com.vtu.mapper.CustomerVipMapper.selectByAccountId Line:143 - ==> Parameters: 11(Long)
2020-04-12 18:05:56.382 DEBUG --- [http-nio-8762-exec-4] com.vtu.mapper.CustomerVipMapper.selectByAccountId Line:143 - <==      Total: 0
2020-04-12 18:05:56.387 DEBUG --- [http-nio-8762-exec-4] com.vtu.mapper.CustomerMapper.updateByPrimaryKey Line:143 - ==>  Preparing: update tb_customer set account = ?, password = ?, name = ?, sex = ?, phone = ?, id_card = ?, remain = ?, is_vip = ?, is_shoper = ?, email = ?, email_send_time = ?, wxId = ?, qqId = ?, authCode = ?, isAuth = ? where account_id = ? 
2020-04-12 18:05:56.393 DEBUG --- [http-nio-8762-exec-4] com.vtu.mapper.CustomerMapper.updateByPrimaryKey Line:143 - ==> Parameters: VT20200124124105425(String), null, null, null, null, null, null, null, null, 1248882527@qq.com(String), 2020-04-12 17:53:30:064(String), null, null, OBNYZOs1cb5IKoZ6UdZQPJetJXJkCfUL(String), true(String), 11(Long)
2020-04-12 18:05:56.471 DEBUG --- [http-nio-8762-exec-4] com.vtu.mapper.CustomerMapper.updateByPrimaryKey Line:143 - <==    Updates: 1
2020-04-12 18:05:58.989 DEBUG --- [http-nio-8762-exec-5] com.vtu.mapper.WorksMapper.findAuditingWorks_COUNT Line:143 - ==>  Preparing: SELECT count(0) FROM tb_works w LEFT JOIN tb_works_url u ON w.works_id = u.works_id WHERE w.works_status LIKE concat('%', ?, '%') 
2020-04-12 18:05:58.990 DEBUG --- [http-nio-8762-exec-5] com.vtu.mapper.WorksMapper.findAuditingWorks_COUNT Line:143 - ==> Parameters: pass(String)
2020-04-12 18:05:59.031 DEBUG --- [http-nio-8762-exec-5] com.vtu.mapper.WorksMapper.findAuditingWorks_COUNT Line:143 - <==      Total: 1
2020-04-12 18:05:59.033 DEBUG --- [http-nio-8762-exec-5] com.vtu.mapper.WorksMapper.findAuditingWorks Line:143 - ==>  Preparing: SELECT w.works_id, w.works_title, w.works_desc, w.price,w.key_word, w.types_id,w.works_status,w.colorSytem,w.works_duration,channel,version, u.works_url_id,u.works_id, u.works_url,u.works_md5,u.works_name,u.works_size,u.compress_url,u.preview_url,u.synthesis_url FROM tb_works w LEFT JOIN tb_works_url u ON w.works_id = u.works_id WHERE w.works_status LIKE concat('%',?,'%') ORDER BY w.works_id desc LIMIT ? 
2020-04-12 18:05:59.034 DEBUG --- [http-nio-8762-exec-5] com.vtu.mapper.WorksMapper.findAuditingWorks Line:143 - ==> Parameters: pass(String), 4(Integer)
2020-04-12 18:05:59.074 DEBUG --- [http-nio-8762-exec-5] com.vtu.mapper.WorksMapper.findAuditingWorks Line:143 - <==      Total: 3
2020-04-12 18:06:03.201 DEBUG --- [http-nio-8762-exec-6] com.vtu.mapper.WorksMapper.selectByAccountId Line:143 - ==>  Preparing: SELECT w.works_id, w.works_title, w.works_desc, w.price, w.key_word, w.types_id, w.works_status,w.colorSytem,w.works_duration,channel,version, u.works_url_id, u.works_url works_url, u.works_md5, u.works_name, u.works_size, u.compress_url, u.preview_url, u.synthesis_url FROM ( SELECT works_id, works_title, works_desc, price, key_word, types_id, works_status, colorSytem, channel,version, works_duration FROM tb_works WHERE account_id = ? and works_status = ? ) w LEFT JOIN tb_works_url u ON w.works_id = u.works_id 
2020-04-12 18:06:03.202 DEBUG --- [http-nio-8762-exec-6] com.vtu.mapper.WorksMapper.selectByAccountId Line:143 - ==> Parameters: 11(Long), refer(String)
2020-04-12 18:06:03.242 DEBUG --- [http-nio-8762-exec-6] com.vtu.mapper.WorksMapper.selectByAccountId Line:143 - <==      Total: 0
2020-04-12 18:06:05.775 DEBUG --- [http-nio-8762-exec-7] com.vtu.mapper.WorksMapper.findAuditingWorks_COUNT Line:143 - ==>  Preparing: SELECT count(0) FROM tb_works w LEFT JOIN tb_works_url u ON w.works_id = u.works_id WHERE w.works_status LIKE concat('%', ?, '%') 
2020-04-12 18:06:05.777 DEBUG --- [http-nio-8762-exec-7] com.vtu.mapper.WorksMapper.findAuditingWorks_COUNT Line:143 - ==> Parameters: pass(String)
2020-04-12 18:06:05.815 DEBUG --- [http-nio-8762-exec-7] com.vtu.mapper.WorksMapper.findAuditingWorks_COUNT Line:143 - <==      Total: 1
2020-04-12 18:06:05.817 DEBUG --- [http-nio-8762-exec-7] com.vtu.mapper.WorksMapper.findAuditingWorks Line:143 - ==>  Preparing: SELECT w.works_id, w.works_title, w.works_desc, w.price,w.key_word, w.types_id,w.works_status,w.colorSytem,w.works_duration,channel,version, u.works_url_id,u.works_id, u.works_url,u.works_md5,u.works_name,u.works_size,u.compress_url,u.preview_url,u.synthesis_url FROM tb_works w LEFT JOIN tb_works_url u ON w.works_id = u.works_id WHERE w.works_status LIKE concat('%',?,'%') ORDER BY w.works_id desc LIMIT ? 
2020-04-12 18:06:05.818 DEBUG --- [http-nio-8762-exec-7] com.vtu.mapper.WorksMapper.findAuditingWorks Line:143 - ==> Parameters: pass(String), 4(Integer)
2020-04-12 18:06:05.860 DEBUG --- [http-nio-8762-exec-7] com.vtu.mapper.WorksMapper.findAuditingWorks Line:143 - <==      Total: 3
2020-04-12 18:06:06.792 DEBUG --- [http-nio-8762-exec-8] com.vtu.mapper.WorksMapper.getWorksById Line:143 - ==>  Preparing: SELECT w.works_id, w.works_title, w.works_desc, w.price, w.key_word, w.types_id, w.channel,w.version, w.works_status, w.colorSytem,w.works_duration, u.works_url_id, u.works_url works_url, u.works_md5, u.works_name, u.works_size, u.compress_url, u.preview_url, u.synthesis_url FROM ( SELECT * FROM tb_works WHERE works_id = ? ) w LEFT JOIN tb_works_url u ON w.works_id = u.works_id 
2020-04-12 18:06:06.794 DEBUG --- [http-nio-8762-exec-8] com.vtu.mapper.WorksMapper.getWorksById Line:143 - ==> Parameters: 73(String)
2020-04-12 18:06:06.837 DEBUG --- [http-nio-8762-exec-8] com.vtu.mapper.WorksMapper.getWorksById Line:143 - <==      Total: 1
2020-04-12 18:06:06.850 DEBUG --- [http-nio-8762-exec-10] com.vtu.mapper.PersonalBalanceMapper.getPersonalBalanceByAccountId Line:143 - ==>  Preparing: select personal_money_id, account_id, balance from tb_personal_balance where account_id = ? 
2020-04-12 18:06:06.853 DEBUG --- [http-nio-8762-exec-10] com.vtu.mapper.PersonalBalanceMapper.getPersonalBalanceByAccountId Line:143 - ==> Parameters: 11(Long)
2020-04-12 18:06:06.894 DEBUG --- [http-nio-8762-exec-10] com.vtu.mapper.PersonalBalanceMapper.getPersonalBalanceByAccountId Line:143 - <==      Total: 0
2020-04-12 18:06:08.311 DEBUG --- [http-nio-8762-exec-9] com.vtu.mapper.WorksMapper.findAuditingWorks_COUNT Line:143 - ==>  Preparing: SELECT count(0) FROM tb_works w LEFT JOIN tb_works_url u ON w.works_id = u.works_id WHERE w.works_status LIKE concat('%', ?, '%') 
2020-04-12 18:06:08.312 DEBUG --- [http-nio-8762-exec-9] com.vtu.mapper.WorksMapper.findAuditingWorks_COUNT Line:143 - ==> Parameters: pass(String)
2020-04-12 18:06:08.351 DEBUG --- [http-nio-8762-exec-9] com.vtu.mapper.WorksMapper.findAuditingWorks_COUNT Line:143 - <==      Total: 1
2020-04-12 18:06:08.354 DEBUG --- [http-nio-8762-exec-9] com.vtu.mapper.WorksMapper.findAuditingWorks Line:143 - ==>  Preparing: SELECT w.works_id, w.works_title, w.works_desc, w.price,w.key_word, w.types_id,w.works_status,w.colorSytem,w.works_duration,channel,version, u.works_url_id,u.works_id, u.works_url,u.works_md5,u.works_name,u.works_size,u.compress_url,u.preview_url,u.synthesis_url FROM tb_works w LEFT JOIN tb_works_url u ON w.works_id = u.works_id WHERE w.works_status LIKE concat('%',?,'%') ORDER BY w.works_id desc LIMIT ? 
2020-04-12 18:06:08.355 DEBUG --- [http-nio-8762-exec-9] com.vtu.mapper.WorksMapper.findAuditingWorks Line:143 - ==> Parameters: pass(String), 4(Integer)
2020-04-12 18:06:08.398 DEBUG --- [http-nio-8762-exec-9] com.vtu.mapper.WorksMapper.findAuditingWorks Line:143 - <==      Total: 3
2020-04-12 18:07:01.422 DEBUG --- [http-nio-8762-exec-2] com.vtu.mapper.WorksMapper.selectByAccountId Line:143 - ==>  Preparing: SELECT w.works_id, w.works_title, w.works_desc, w.price, w.key_word, w.types_id, w.works_status,w.colorSytem,w.works_duration,channel,version, u.works_url_id, u.works_url works_url, u.works_md5, u.works_name, u.works_size, u.compress_url, u.preview_url, u.synthesis_url FROM ( SELECT works_id, works_title, works_desc, price, key_word, types_id, works_status, colorSytem, channel,version, works_duration FROM tb_works WHERE account_id = ? and works_status = ? ) w LEFT JOIN tb_works_url u ON w.works_id = u.works_id 
2020-04-12 18:07:01.424 DEBUG --- [http-nio-8762-exec-2] com.vtu.mapper.WorksMapper.selectByAccountId Line:143 - ==> Parameters: 11(Long), refer(String)
2020-04-12 18:07:01.464 DEBUG --- [http-nio-8762-exec-2] com.vtu.mapper.WorksMapper.selectByAccountId Line:143 - <==      Total: 0
2020-04-12 18:08:29.150 DEBUG --- [http-nio-8762-exec-4] com.vtu.mapper.WorksMapper.selectByAccountId Line:143 - ==>  Preparing: SELECT w.works_id, w.works_title, w.works_desc, w.price, w.key_word, w.types_id, w.works_status,w.colorSytem,w.works_duration,channel,version, u.works_url_id, u.works_url works_url, u.works_md5, u.works_name, u.works_size, u.compress_url, u.preview_url, u.synthesis_url FROM ( SELECT works_id, works_title, works_desc, price, key_word, types_id, works_status, colorSytem, channel,version, works_duration FROM tb_works WHERE account_id = ? and works_status = ? ) w LEFT JOIN tb_works_url u ON w.works_id = u.works_id 
2020-04-12 18:08:29.151 DEBUG --- [http-nio-8762-exec-4] com.vtu.mapper.WorksMapper.selectByAccountId Line:143 - ==> Parameters: 11(Long), refer(String)
2020-04-12 18:08:29.190 DEBUG --- [http-nio-8762-exec-4] com.vtu.mapper.WorksMapper.selectByAccountId Line:143 - <==      Total: 0
2020-04-12 18:09:29.856 DEBUG --- [http-nio-8762-exec-6] com.vtu.mapper.WorksMapper.selectByAccountId Line:143 - ==>  Preparing: SELECT w.works_id, w.works_title, w.works_desc, w.price, w.key_word, w.types_id, w.works_status,w.colorSytem,w.works_duration,channel,version, u.works_url_id, u.works_url works_url, u.works_md5, u.works_name, u.works_size, u.compress_url, u.preview_url, u.synthesis_url FROM ( SELECT works_id, works_title, works_desc, price, key_word, types_id, works_status, colorSytem, channel,version, works_duration FROM tb_works WHERE account_id = ? and works_status = ? ) w LEFT JOIN tb_works_url u ON w.works_id = u.works_id 
2020-04-12 18:09:29.858 DEBUG --- [http-nio-8762-exec-6] com.vtu.mapper.WorksMapper.selectByAccountId Line:143 - ==> Parameters: 11(Long), refer(String)
2020-04-12 18:09:29.897 DEBUG --- [http-nio-8762-exec-6] com.vtu.mapper.WorksMapper.selectByAccountId Line:143 - <==      Total: 0
2020-04-12 18:09:32.878 DEBUG --- [http-nio-8762-exec-7] com.vtu.mapper.WorksMapper.selectByAccountId Line:143 - ==>  Preparing: SELECT w.works_id, w.works_title, w.works_desc, w.price, w.key_word, w.types_id, w.works_status,w.colorSytem,w.works_duration,channel,version, u.works_url_id, u.works_url works_url, u.works_md5, u.works_name, u.works_size, u.compress_url, u.preview_url, u.synthesis_url FROM ( SELECT works_id, works_title, works_desc, price, key_word, types_id, works_status, colorSytem, channel,version, works_duration FROM tb_works WHERE account_id = ? and works_status = ? ) w LEFT JOIN tb_works_url u ON w.works_id = u.works_id 
2020-04-12 18:09:32.880 DEBUG --- [http-nio-8762-exec-7] com.vtu.mapper.WorksMapper.selectByAccountId Line:143 - ==> Parameters: 11(Long), refer(String)
2020-04-12 18:09:32.919 DEBUG --- [http-nio-8762-exec-7] com.vtu.mapper.WorksMapper.selectByAccountId Line:143 - <==      Total: 0
2020-04-12 18:09:41.779 DEBUG --- [http-nio-8762-exec-10] com.vtu.mapper.WorksMapper.selectByAccountId Line:143 - ==>  Preparing: SELECT w.works_id, w.works_title, w.works_desc, w.price, w.key_word, w.types_id, w.works_status,w.colorSytem,w.works_duration,channel,version, u.works_url_id, u.works_url works_url, u.works_md5, u.works_name, u.works_size, u.compress_url, u.preview_url, u.synthesis_url FROM ( SELECT works_id, works_title, works_desc, price, key_word, types_id, works_status, colorSytem, channel,version, works_duration FROM tb_works WHERE account_id = ? and works_status = ? ) w LEFT JOIN tb_works_url u ON w.works_id = u.works_id 
2020-04-12 18:09:41.780 DEBUG --- [http-nio-8762-exec-10] com.vtu.mapper.WorksMapper.selectByAccountId Line:143 - ==> Parameters: 11(Long), refer(String)
2020-04-12 18:09:41.821 DEBUG --- [http-nio-8762-exec-10] com.vtu.mapper.WorksMapper.selectByAccountId Line:143 - <==      Total: 0
