2020-03-29 10:47:33.844 DEBUG --- [restartedMain] org.apache.ibatis.logging.LogFactory Line:105 - Logging initialized using 'class org.apache.ibatis.logging.slf4j.Slf4jImpl' adapter.
2020-03-29 10:48:24.562 DEBUG --- [restartedMain] org.apache.ibatis.logging.LogFactory Line:105 - Logging initialized using 'class org.apache.ibatis.logging.slf4j.Slf4jImpl' adapter.
2020-03-29 10:49:56.109 DEBUG --- [restartedMain] org.apache.ibatis.logging.LogFactory Line:105 - Logging initialized using 'class org.apache.ibatis.logging.slf4j.Slf4jImpl' adapter.
2020-03-29 10:51:01.914 DEBUG --- [restartedMain] org.apache.ibatis.logging.LogFactory Line:105 - Logging initialized using 'class org.apache.ibatis.logging.slf4j.Slf4jImpl' adapter.
2020-03-29 10:51:42.036 DEBUG --- [restartedMain] org.apache.ibatis.logging.LogFactory Line:105 - Logging initialized using 'class org.apache.ibatis.logging.slf4j.Slf4jImpl' adapter.
2020-03-29 10:53:05.394 DEBUG --- [http-nio-8762-exec-1] com.vtu.mapper.CustomerMapper.selectByAuthCode Line:143 - ==>  Preparing: select account_id, account, password, name, phone, id_card, remain, is_vip, is_shoper, email, email_send_time,wxId, qqId,authCode,isAuth,sex from tb_customer where authCode = ? 
2020-03-29 10:53:05.439 DEBUG --- [http-nio-8762-exec-1] com.vtu.mapper.CustomerMapper.selectByAuthCode Line:143 - ==> Parameters: 1234(String)
2020-03-29 10:53:05.522 DEBUG --- [http-nio-8762-exec-1] com.vtu.mapper.CustomerMapper.selectByAuthCode Line:143 - <==      Total: 1
2020-03-29 10:53:05.530 DEBUG --- [http-nio-8762-exec-1] com.vtu.mapper.CustomerVipMapper.selectByAccountId Line:143 - ==>  Preparing: select id, account_id, vip_detail_id, start_time, end_time, is_vip from tb_customer_vip where account_id = ? 
2020-03-29 10:53:05.532 DEBUG --- [http-nio-8762-exec-1] com.vtu.mapper.CustomerVipMapper.selectByAccountId Line:143 - ==> Parameters: 12(Long)
2020-03-29 10:53:05.572 DEBUG --- [http-nio-8762-exec-1] com.vtu.mapper.CustomerVipMapper.selectByAccountId Line:143 - <==      Total: 0
2020-03-29 10:53:05.573 DEBUG --- [http-nio-8762-exec-1] com.vtu.mapper.CustomerMapper.updateByPrimaryKey Line:143 - ==>  Preparing: update tb_customer set account = ?, password = ?, name = ?, sex = ?, phone = ?, id_card = ?, remain = ?, is_vip = ?, is_shoper = ?, email = ?, email_send_time = ?, wxId = ?, qqId = ?, authCode = ?, isAuth = ? where account_id = ? 
2020-03-29 10:53:05.577 DEBUG --- [http-nio-8762-exec-1] com.vtu.mapper.CustomerMapper.updateByPrimaryKey Line:143 - ==> Parameters: VT20200124153831154(String), null, 视频大师(String), null, null, null, null, null, null, 123213(String), 2020-01-24 15:38:31:154(String), null, null, 1234(String), true(String), 12(Long)
2020-03-29 10:53:05.655 DEBUG --- [http-nio-8762-exec-1] com.vtu.mapper.CustomerMapper.updateByPrimaryKey Line:143 - <==    Updates: 1
2020-03-29 10:53:11.648 DEBUG --- [http-nio-8762-exec-3] com.vtu.mapper.CustomerMapper.selectByAuthCode Line:143 - ==>  Preparing: select account_id, account, password, name, phone, id_card, remain, is_vip, is_shoper, email, email_send_time,wxId, qqId,authCode,isAuth,sex from tb_customer where authCode = ? 
2020-03-29 10:53:11.649 DEBUG --- [http-nio-8762-exec-3] com.vtu.mapper.CustomerMapper.selectByAuthCode Line:143 - ==> Parameters: 1234(String)
2020-03-29 10:53:11.692 DEBUG --- [http-nio-8762-exec-3] com.vtu.mapper.CustomerMapper.selectByAuthCode Line:143 - <==      Total: 1
2020-03-29 10:53:11.694 DEBUG --- [http-nio-8762-exec-3] com.vtu.mapper.CustomerVipMapper.selectByAccountId Line:143 - ==>  Preparing: select id, account_id, vip_detail_id, start_time, end_time, is_vip from tb_customer_vip where account_id = ? 
2020-03-29 10:53:11.694 DEBUG --- [http-nio-8762-exec-3] com.vtu.mapper.CustomerVipMapper.selectByAccountId Line:143 - ==> Parameters: 12(Long)
2020-03-29 10:53:11.735 DEBUG --- [http-nio-8762-exec-3] com.vtu.mapper.CustomerVipMapper.selectByAccountId Line:143 - <==      Total: 0
2020-03-29 10:53:11.736 DEBUG --- [http-nio-8762-exec-3] com.vtu.mapper.CustomerMapper.updateByPrimaryKey Line:143 - ==>  Preparing: update tb_customer set account = ?, password = ?, name = ?, sex = ?, phone = ?, id_card = ?, remain = ?, is_vip = ?, is_shoper = ?, email = ?, email_send_time = ?, wxId = ?, qqId = ?, authCode = ?, isAuth = ? where account_id = ? 
2020-03-29 10:53:11.738 DEBUG --- [http-nio-8762-exec-3] com.vtu.mapper.CustomerMapper.updateByPrimaryKey Line:143 - ==> Parameters: VT20200124153831154(String), null, 视频大师(String), null, null, null, null, null, null, 123213(String), 2020-01-24 15:38:31:154(String), null, null, 1234(String), true(String), 12(Long)
2020-03-29 10:53:11.816 DEBUG --- [http-nio-8762-exec-3] com.vtu.mapper.CustomerMapper.updateByPrimaryKey Line:143 - <==    Updates: 1
2020-03-29 10:55:08.588 DEBUG --- [http-nio-8762-exec-5] com.vtu.mapper.CustomerMapper.selectByAuthCode Line:143 - ==>  Preparing: select account_id, account, password, name, phone, id_card, remain, is_vip, is_shoper, email, email_send_time,wxId, qqId,authCode,isAuth,sex from tb_customer where authCode = ? 
2020-03-29 10:55:08.589 DEBUG --- [http-nio-8762-exec-5] com.vtu.mapper.CustomerMapper.selectByAuthCode Line:143 - ==> Parameters: 1234(String)
2020-03-29 10:55:08.630 DEBUG --- [http-nio-8762-exec-5] com.vtu.mapper.CustomerMapper.selectByAuthCode Line:143 - <==      Total: 1
2020-03-29 10:55:08.632 DEBUG --- [http-nio-8762-exec-5] com.vtu.mapper.CustomerVipMapper.selectByAccountId Line:143 - ==>  Preparing: select id, account_id, vip_detail_id, start_time, end_time, is_vip from tb_customer_vip where account_id = ? 
2020-03-29 10:55:08.633 DEBUG --- [http-nio-8762-exec-5] com.vtu.mapper.CustomerVipMapper.selectByAccountId Line:143 - ==> Parameters: 12(Long)
2020-03-29 10:55:08.673 DEBUG --- [http-nio-8762-exec-5] com.vtu.mapper.CustomerVipMapper.selectByAccountId Line:143 - <==      Total: 0
2020-03-29 10:55:08.674 DEBUG --- [http-nio-8762-exec-5] com.vtu.mapper.CustomerMapper.updateByPrimaryKey Line:143 - ==>  Preparing: update tb_customer set account = ?, password = ?, name = ?, sex = ?, phone = ?, id_card = ?, remain = ?, is_vip = ?, is_shoper = ?, email = ?, email_send_time = ?, wxId = ?, qqId = ?, authCode = ?, isAuth = ? where account_id = ? 
2020-03-29 10:55:08.676 DEBUG --- [http-nio-8762-exec-5] com.vtu.mapper.CustomerMapper.updateByPrimaryKey Line:143 - ==> Parameters: VT20200124153831154(String), null, 视频大师(String), null, null, null, null, null, null, 123213(String), 2020-01-24 15:38:31:154(String), null, null, 1234(String), true(String), 12(Long)
2020-03-29 10:55:08.756 DEBUG --- [http-nio-8762-exec-5] com.vtu.mapper.CustomerMapper.updateByPrimaryKey Line:143 - <==    Updates: 1
2020-03-29 10:55:13.695 DEBUG --- [http-nio-8762-exec-6] com.vtu.mapper.CustomerMapper.selectByAuthCode Line:143 - ==>  Preparing: select account_id, account, password, name, phone, id_card, remain, is_vip, is_shoper, email, email_send_time,wxId, qqId,authCode,isAuth,sex from tb_customer where authCode = ? 
2020-03-29 10:55:13.695 DEBUG --- [http-nio-8762-exec-6] com.vtu.mapper.CustomerMapper.selectByAuthCode Line:143 - ==> Parameters: 1234(String)
2020-03-29 10:55:13.754 DEBUG --- [http-nio-8762-exec-6] com.vtu.mapper.CustomerMapper.selectByAuthCode Line:143 - <==      Total: 1
2020-03-29 10:55:13.757 DEBUG --- [http-nio-8762-exec-6] com.vtu.mapper.CustomerVipMapper.selectByAccountId Line:143 - ==>  Preparing: select id, account_id, vip_detail_id, start_time, end_time, is_vip from tb_customer_vip where account_id = ? 
2020-03-29 10:55:13.759 DEBUG --- [http-nio-8762-exec-6] com.vtu.mapper.CustomerVipMapper.selectByAccountId Line:143 - ==> Parameters: 12(Long)
2020-03-29 10:55:13.812 DEBUG --- [http-nio-8762-exec-6] com.vtu.mapper.CustomerVipMapper.selectByAccountId Line:143 - <==      Total: 0
2020-03-29 10:55:13.816 DEBUG --- [http-nio-8762-exec-6] com.vtu.mapper.CustomerMapper.updateByPrimaryKey Line:143 - ==>  Preparing: update tb_customer set account = ?, password = ?, name = ?, sex = ?, phone = ?, id_card = ?, remain = ?, is_vip = ?, is_shoper = ?, email = ?, email_send_time = ?, wxId = ?, qqId = ?, authCode = ?, isAuth = ? where account_id = ? 
2020-03-29 10:55:13.820 DEBUG --- [http-nio-8762-exec-6] com.vtu.mapper.CustomerMapper.updateByPrimaryKey Line:143 - ==> Parameters: VT20200124153831154(String), null, 视频大师(String), null, null, null, null, null, null, 123213(String), 2020-01-24 15:38:31:154(String), null, null, 1234(String), true(String), 12(Long)
2020-03-29 10:55:13.905 DEBUG --- [http-nio-8762-exec-6] com.vtu.mapper.CustomerMapper.updateByPrimaryKey Line:143 - <==    Updates: 1
2020-03-29 10:55:17.568 DEBUG --- [http-nio-8762-exec-7] com.vtu.mapper.CustomerMapper.selectByAuthCode Line:143 - ==>  Preparing: select account_id, account, password, name, phone, id_card, remain, is_vip, is_shoper, email, email_send_time,wxId, qqId,authCode,isAuth,sex from tb_customer where authCode = ? 
2020-03-29 10:55:17.568 DEBUG --- [http-nio-8762-exec-7] com.vtu.mapper.CustomerMapper.selectByAuthCode Line:143 - ==> Parameters: 1234(String)
2020-03-29 10:55:17.611 DEBUG --- [http-nio-8762-exec-7] com.vtu.mapper.CustomerMapper.selectByAuthCode Line:143 - <==      Total: 1
2020-03-29 10:55:17.613 DEBUG --- [http-nio-8762-exec-7] com.vtu.mapper.CustomerVipMapper.selectByAccountId Line:143 - ==>  Preparing: select id, account_id, vip_detail_id, start_time, end_time, is_vip from tb_customer_vip where account_id = ? 
2020-03-29 10:55:17.614 DEBUG --- [http-nio-8762-exec-7] com.vtu.mapper.CustomerVipMapper.selectByAccountId Line:143 - ==> Parameters: 12(Long)
2020-03-29 10:55:17.655 DEBUG --- [http-nio-8762-exec-7] com.vtu.mapper.CustomerVipMapper.selectByAccountId Line:143 - <==      Total: 0
2020-03-29 10:55:17.656 DEBUG --- [http-nio-8762-exec-7] com.vtu.mapper.CustomerMapper.updateByPrimaryKey Line:143 - ==>  Preparing: update tb_customer set account = ?, password = ?, name = ?, sex = ?, phone = ?, id_card = ?, remain = ?, is_vip = ?, is_shoper = ?, email = ?, email_send_time = ?, wxId = ?, qqId = ?, authCode = ?, isAuth = ? where account_id = ? 
2020-03-29 10:55:17.657 DEBUG --- [http-nio-8762-exec-7] com.vtu.mapper.CustomerMapper.updateByPrimaryKey Line:143 - ==> Parameters: VT20200124153831154(String), null, 视频大师(String), null, null, null, null, null, null, 123213(String), 2020-01-24 15:38:31:154(String), null, null, 1234(String), true(String), 12(Long)
2020-03-29 10:55:17.786 DEBUG --- [http-nio-8762-exec-7] com.vtu.mapper.CustomerMapper.updateByPrimaryKey Line:143 - <==    Updates: 1
2020-03-29 11:00:27.500 DEBUG --- [http-nio-8762-exec-9] com.vtu.mapper.CustomerMapper.selectByAuthCode Line:143 - ==>  Preparing: select account_id, account, password, name, phone, id_card, remain, is_vip, is_shoper, email, email_send_time,wxId, qqId,authCode,isAuth,sex from tb_customer where authCode = ? 
2020-03-29 11:00:27.501 DEBUG --- [http-nio-8762-exec-9] com.vtu.mapper.CustomerMapper.selectByAuthCode Line:143 - ==> Parameters: 1234(String)
2020-03-29 11:00:27.549 DEBUG --- [http-nio-8762-exec-9] com.vtu.mapper.CustomerMapper.selectByAuthCode Line:143 - <==      Total: 1
2020-03-29 11:00:27.560 DEBUG --- [http-nio-8762-exec-9] com.vtu.mapper.CustomerVipMapper.selectByAccountId Line:143 - ==>  Preparing: select id, account_id, vip_detail_id, start_time, end_time, is_vip from tb_customer_vip where account_id = ? 
2020-03-29 11:00:27.562 DEBUG --- [http-nio-8762-exec-9] com.vtu.mapper.CustomerVipMapper.selectByAccountId Line:143 - ==> Parameters: 12(Long)
2020-03-29 11:00:27.602 DEBUG --- [http-nio-8762-exec-9] com.vtu.mapper.CustomerVipMapper.selectByAccountId Line:143 - <==      Total: 0
2020-03-29 11:00:27.605 DEBUG --- [http-nio-8762-exec-9] com.vtu.mapper.CustomerMapper.updateByPrimaryKey Line:143 - ==>  Preparing: update tb_customer set account = ?, password = ?, name = ?, sex = ?, phone = ?, id_card = ?, remain = ?, is_vip = ?, is_shoper = ?, email = ?, email_send_time = ?, wxId = ?, qqId = ?, authCode = ?, isAuth = ? where account_id = ? 
2020-03-29 11:00:27.608 DEBUG --- [http-nio-8762-exec-9] com.vtu.mapper.CustomerMapper.updateByPrimaryKey Line:143 - ==> Parameters: VT20200124153831154(String), null, 视频大师(String), null, null, null, null, null, null, 123213(String), 2020-01-24 15:38:31:154(String), null, null, 1234(String), true(String), 12(Long)
2020-03-29 11:00:27.692 DEBUG --- [http-nio-8762-exec-9] com.vtu.mapper.CustomerMapper.updateByPrimaryKey Line:143 - <==    Updates: 1
2020-03-29 11:01:02.098 DEBUG --- [http-nio-8762-exec-1] com.vtu.mapper.CustomerMapper.selectByAuthCode Line:143 - ==>  Preparing: select account_id, account, password, name, phone, id_card, remain, is_vip, is_shoper, email, email_send_time,wxId, qqId,authCode,isAuth,sex from tb_customer where authCode = ? 
2020-03-29 11:01:02.099 DEBUG --- [http-nio-8762-exec-1] com.vtu.mapper.CustomerMapper.selectByAuthCode Line:143 - ==> Parameters: 1234(String)
2020-03-29 11:01:02.141 DEBUG --- [http-nio-8762-exec-1] com.vtu.mapper.CustomerMapper.selectByAuthCode Line:143 - <==      Total: 1
2020-03-29 11:01:02.143 DEBUG --- [http-nio-8762-exec-1] com.vtu.mapper.CustomerVipMapper.selectByAccountId Line:143 - ==>  Preparing: select id, account_id, vip_detail_id, start_time, end_time, is_vip from tb_customer_vip where account_id = ? 
2020-03-29 11:01:02.143 DEBUG --- [http-nio-8762-exec-1] com.vtu.mapper.CustomerVipMapper.selectByAccountId Line:143 - ==> Parameters: 12(Long)
2020-03-29 11:01:02.188 DEBUG --- [http-nio-8762-exec-1] com.vtu.mapper.CustomerVipMapper.selectByAccountId Line:143 - <==      Total: 0
2020-03-29 11:01:02.189 DEBUG --- [http-nio-8762-exec-1] com.vtu.mapper.CustomerMapper.updateByPrimaryKey Line:143 - ==>  Preparing: update tb_customer set account = ?, password = ?, name = ?, sex = ?, phone = ?, id_card = ?, remain = ?, is_vip = ?, is_shoper = ?, email = ?, email_send_time = ?, wxId = ?, qqId = ?, authCode = ?, isAuth = ? where account_id = ? 
2020-03-29 11:01:02.190 DEBUG --- [http-nio-8762-exec-1] com.vtu.mapper.CustomerMapper.updateByPrimaryKey Line:143 - ==> Parameters: VT20200124153831154(String), null, 视频大师(String), null, null, null, null, null, null, 123213(String), 2020-01-24 15:38:31:154(String), null, null, 1234(String), true(String), 12(Long)
2020-03-29 11:01:02.270 DEBUG --- [http-nio-8762-exec-1] com.vtu.mapper.CustomerMapper.updateByPrimaryKey Line:143 - <==    Updates: 1
2020-03-29 11:01:05.436 DEBUG --- [http-nio-8762-exec-2] com.vtu.mapper.CustomerMapper.selectByAuthCode Line:143 - ==>  Preparing: select account_id, account, password, name, phone, id_card, remain, is_vip, is_shoper, email, email_send_time,wxId, qqId,authCode,isAuth,sex from tb_customer where authCode = ? 
2020-03-29 11:01:05.436 DEBUG --- [http-nio-8762-exec-2] com.vtu.mapper.CustomerMapper.selectByAuthCode Line:143 - ==> Parameters: 1234(String)
2020-03-29 11:01:05.477 DEBUG --- [http-nio-8762-exec-2] com.vtu.mapper.CustomerMapper.selectByAuthCode Line:143 - <==      Total: 1
2020-03-29 11:01:05.479 DEBUG --- [http-nio-8762-exec-2] com.vtu.mapper.CustomerVipMapper.selectByAccountId Line:143 - ==>  Preparing: select id, account_id, vip_detail_id, start_time, end_time, is_vip from tb_customer_vip where account_id = ? 
2020-03-29 11:01:05.480 DEBUG --- [http-nio-8762-exec-2] com.vtu.mapper.CustomerVipMapper.selectByAccountId Line:143 - ==> Parameters: 12(Long)
2020-03-29 11:01:05.521 DEBUG --- [http-nio-8762-exec-2] com.vtu.mapper.CustomerVipMapper.selectByAccountId Line:143 - <==      Total: 0
2020-03-29 11:01:05.523 DEBUG --- [http-nio-8762-exec-2] com.vtu.mapper.CustomerMapper.updateByPrimaryKey Line:143 - ==>  Preparing: update tb_customer set account = ?, password = ?, name = ?, sex = ?, phone = ?, id_card = ?, remain = ?, is_vip = ?, is_shoper = ?, email = ?, email_send_time = ?, wxId = ?, qqId = ?, authCode = ?, isAuth = ? where account_id = ? 
2020-03-29 11:01:05.525 DEBUG --- [http-nio-8762-exec-2] com.vtu.mapper.CustomerMapper.updateByPrimaryKey Line:143 - ==> Parameters: VT20200124153831154(String), null, 视频大师(String), null, null, null, null, null, null, 123213(String), 2020-01-24 15:38:31:154(String), null, null, 1234(String), true(String), 12(Long)
2020-03-29 11:01:05.606 DEBUG --- [http-nio-8762-exec-2] com.vtu.mapper.CustomerMapper.updateByPrimaryKey Line:143 - <==    Updates: 1
2020-03-29 11:02:00.495 DEBUG --- [http-nio-8762-exec-4] com.vtu.mapper.CustomerMapper.selectByAuthCode Line:143 - ==>  Preparing: select account_id, account, password, name, phone, id_card, remain, is_vip, is_shoper, email, email_send_time,wxId, qqId,authCode,isAuth,sex from tb_customer where authCode = ? 
2020-03-29 11:02:00.496 DEBUG --- [http-nio-8762-exec-4] com.vtu.mapper.CustomerMapper.selectByAuthCode Line:143 - ==> Parameters: 1234(String)
2020-03-29 11:02:00.537 DEBUG --- [http-nio-8762-exec-4] com.vtu.mapper.CustomerMapper.selectByAuthCode Line:143 - <==      Total: 1
2020-03-29 11:02:00.539 DEBUG --- [http-nio-8762-exec-4] com.vtu.mapper.CustomerVipMapper.selectByAccountId Line:143 - ==>  Preparing: select id, account_id, vip_detail_id, start_time, end_time, is_vip from tb_customer_vip where account_id = ? 
2020-03-29 11:02:00.540 DEBUG --- [http-nio-8762-exec-4] com.vtu.mapper.CustomerVipMapper.selectByAccountId Line:143 - ==> Parameters: 12(Long)
2020-03-29 11:02:00.580 DEBUG --- [http-nio-8762-exec-4] com.vtu.mapper.CustomerVipMapper.selectByAccountId Line:143 - <==      Total: 0
2020-03-29 11:02:00.581 DEBUG --- [http-nio-8762-exec-4] com.vtu.mapper.CustomerMapper.updateByPrimaryKey Line:143 - ==>  Preparing: update tb_customer set account = ?, password = ?, name = ?, sex = ?, phone = ?, id_card = ?, remain = ?, is_vip = ?, is_shoper = ?, email = ?, email_send_time = ?, wxId = ?, qqId = ?, authCode = ?, isAuth = ? where account_id = ? 
2020-03-29 11:02:00.582 DEBUG --- [http-nio-8762-exec-4] com.vtu.mapper.CustomerMapper.updateByPrimaryKey Line:143 - ==> Parameters: VT20200124153831154(String), null, 视频大师(String), null, null, null, null, null, null, 123213(String), 2020-01-24 15:38:31:154(String), null, null, 1234(String), true(String), 12(Long)
2020-03-29 11:02:00.662 DEBUG --- [http-nio-8762-exec-4] com.vtu.mapper.CustomerMapper.updateByPrimaryKey Line:143 - <==    Updates: 1
2020-03-29 11:04:30.122 DEBUG --- [http-nio-8762-exec-6] com.vtu.mapper.CustomerMapper.selectByAuthCode Line:143 - ==>  Preparing: select account_id, account, password, name, phone, id_card, remain, is_vip, is_shoper, email, email_send_time,wxId, qqId,authCode,isAuth,sex from tb_customer where authCode = ? 
2020-03-29 11:04:30.123 DEBUG --- [http-nio-8762-exec-6] com.vtu.mapper.CustomerMapper.selectByAuthCode Line:143 - ==> Parameters: 1234(String)
2020-03-29 11:04:30.166 DEBUG --- [http-nio-8762-exec-6] com.vtu.mapper.CustomerMapper.selectByAuthCode Line:143 - <==      Total: 1
2020-03-29 11:04:30.167 DEBUG --- [http-nio-8762-exec-6] com.vtu.mapper.CustomerVipMapper.selectByAccountId Line:143 - ==>  Preparing: select id, account_id, vip_detail_id, start_time, end_time, is_vip from tb_customer_vip where account_id = ? 
2020-03-29 11:04:30.168 DEBUG --- [http-nio-8762-exec-6] com.vtu.mapper.CustomerVipMapper.selectByAccountId Line:143 - ==> Parameters: 12(Long)
2020-03-29 11:04:30.211 DEBUG --- [http-nio-8762-exec-6] com.vtu.mapper.CustomerVipMapper.selectByAccountId Line:143 - <==      Total: 0
2020-03-29 11:04:30.213 DEBUG --- [http-nio-8762-exec-6] com.vtu.mapper.CustomerMapper.updateByPrimaryKey Line:143 - ==>  Preparing: update tb_customer set account = ?, password = ?, name = ?, sex = ?, phone = ?, id_card = ?, remain = ?, is_vip = ?, is_shoper = ?, email = ?, email_send_time = ?, wxId = ?, qqId = ?, authCode = ?, isAuth = ? where account_id = ? 
2020-03-29 11:04:30.214 DEBUG --- [http-nio-8762-exec-6] com.vtu.mapper.CustomerMapper.updateByPrimaryKey Line:143 - ==> Parameters: VT20200124153831154(String), null, 视频大师(String), null, null, null, null, null, null, 123213(String), 2020-01-24 15:38:31:154(String), null, null, 1234(String), true(String), 12(Long)
2020-03-29 11:04:30.291 DEBUG --- [http-nio-8762-exec-6] com.vtu.mapper.CustomerMapper.updateByPrimaryKey Line:143 - <==    Updates: 1
2020-03-29 11:04:30.709 DEBUG --- [http-nio-8762-exec-7] com.vtu.mapper.CustomerMapper.selectByAuthCode Line:143 - ==>  Preparing: select account_id, account, password, name, phone, id_card, remain, is_vip, is_shoper, email, email_send_time,wxId, qqId,authCode,isAuth,sex from tb_customer where authCode = ? 
2020-03-29 11:04:30.710 DEBUG --- [http-nio-8762-exec-7] com.vtu.mapper.CustomerMapper.selectByAuthCode Line:143 - ==> Parameters: 1234(String)
2020-03-29 11:04:30.751 DEBUG --- [http-nio-8762-exec-7] com.vtu.mapper.CustomerMapper.selectByAuthCode Line:143 - <==      Total: 1
2020-03-29 11:04:30.753 DEBUG --- [http-nio-8762-exec-7] com.vtu.mapper.CustomerVipMapper.selectByAccountId Line:143 - ==>  Preparing: select id, account_id, vip_detail_id, start_time, end_time, is_vip from tb_customer_vip where account_id = ? 
2020-03-29 11:04:30.754 DEBUG --- [http-nio-8762-exec-7] com.vtu.mapper.CustomerVipMapper.selectByAccountId Line:143 - ==> Parameters: 12(Long)
2020-03-29 11:04:30.795 DEBUG --- [http-nio-8762-exec-7] com.vtu.mapper.CustomerVipMapper.selectByAccountId Line:143 - <==      Total: 0
2020-03-29 11:04:30.796 DEBUG --- [http-nio-8762-exec-7] com.vtu.mapper.CustomerMapper.updateByPrimaryKey Line:143 - ==>  Preparing: update tb_customer set account = ?, password = ?, name = ?, sex = ?, phone = ?, id_card = ?, remain = ?, is_vip = ?, is_shoper = ?, email = ?, email_send_time = ?, wxId = ?, qqId = ?, authCode = ?, isAuth = ? where account_id = ? 
2020-03-29 11:04:30.798 DEBUG --- [http-nio-8762-exec-7] com.vtu.mapper.CustomerMapper.updateByPrimaryKey Line:143 - ==> Parameters: VT20200124153831154(String), null, 视频大师(String), null, null, null, null, null, null, 123213(String), 2020-01-24 15:38:31:154(String), null, null, 1234(String), true(String), 12(Long)
2020-03-29 11:04:30.880 DEBUG --- [http-nio-8762-exec-7] com.vtu.mapper.CustomerMapper.updateByPrimaryKey Line:143 - <==    Updates: 1
2020-03-29 11:04:33.090 DEBUG --- [http-nio-8762-exec-8] com.vtu.mapper.WorksMapper.findAuditingWorks_COUNT Line:143 - ==>  Preparing: SELECT count(0) FROM tb_works w LEFT JOIN tb_works_url u ON w.works_id = u.works_id WHERE w.works_status LIKE concat('%', ?, '%') 
2020-03-29 11:04:33.091 DEBUG --- [http-nio-8762-exec-8] com.vtu.mapper.WorksMapper.findAuditingWorks_COUNT Line:143 - ==> Parameters: pass(String)
2020-03-29 11:04:33.133 DEBUG --- [http-nio-8762-exec-8] com.vtu.mapper.WorksMapper.findAuditingWorks_COUNT Line:143 - <==      Total: 1
2020-03-29 11:04:33.135 DEBUG --- [http-nio-8762-exec-8] com.vtu.mapper.WorksMapper.findAuditingWorks Line:143 - ==>  Preparing: SELECT w.works_id, w.works_title, w.works_desc, w.price,w.key_word, w.types_id,w.works_status,w.colorSytem,w.works_duration,channel,version, u.works_url_id,u.works_id, u.works_url,u.works_md5,u.works_name,u.works_size,u.compress_url,u.preview_url,u.synthesis_url FROM tb_works w LEFT JOIN tb_works_url u ON w.works_id = u.works_id WHERE w.works_status LIKE concat('%',?,'%') ORDER BY w.works_id desc LIMIT ? 
2020-03-29 11:04:33.137 DEBUG --- [http-nio-8762-exec-8] com.vtu.mapper.WorksMapper.findAuditingWorks Line:143 - ==> Parameters: pass(String), 4(Integer)
2020-03-29 11:04:33.203 DEBUG --- [http-nio-8762-exec-8] com.vtu.mapper.WorksMapper.findAuditingWorks Line:143 - <==      Total: 3
2020-03-29 11:06:54.890 DEBUG --- [http-nio-8762-exec-10] com.vtu.mapper.CustomerMapper.selectByAuthCode Line:143 - ==>  Preparing: select account_id, account, password, name, phone, id_card, remain, is_vip, is_shoper, email, email_send_time,wxId, qqId,authCode,isAuth,sex from tb_customer where authCode = ? 
2020-03-29 11:06:54.891 DEBUG --- [http-nio-8762-exec-10] com.vtu.mapper.CustomerMapper.selectByAuthCode Line:143 - ==> Parameters: 1234(String)
2020-03-29 11:06:54.933 DEBUG --- [http-nio-8762-exec-10] com.vtu.mapper.CustomerMapper.selectByAuthCode Line:143 - <==      Total: 1
2020-03-29 11:06:54.936 DEBUG --- [http-nio-8762-exec-10] com.vtu.mapper.CustomerVipMapper.selectByAccountId Line:143 - ==>  Preparing: select id, account_id, vip_detail_id, start_time, end_time, is_vip from tb_customer_vip where account_id = ? 
2020-03-29 11:06:54.936 DEBUG --- [http-nio-8762-exec-10] com.vtu.mapper.CustomerVipMapper.selectByAccountId Line:143 - ==> Parameters: 12(Long)
2020-03-29 11:06:54.977 DEBUG --- [http-nio-8762-exec-10] com.vtu.mapper.CustomerVipMapper.selectByAccountId Line:143 - <==      Total: 0
2020-03-29 11:06:54.978 DEBUG --- [http-nio-8762-exec-10] com.vtu.mapper.CustomerMapper.updateByPrimaryKey Line:143 - ==>  Preparing: update tb_customer set account = ?, password = ?, name = ?, sex = ?, phone = ?, id_card = ?, remain = ?, is_vip = ?, is_shoper = ?, email = ?, email_send_time = ?, wxId = ?, qqId = ?, authCode = ?, isAuth = ? where account_id = ? 
2020-03-29 11:06:54.979 DEBUG --- [http-nio-8762-exec-10] com.vtu.mapper.CustomerMapper.updateByPrimaryKey Line:143 - ==> Parameters: VT20200124153831154(String), null, 视频大师(String), null, null, null, null, null, null, 123213(String), 2020-01-24 15:38:31:154(String), null, null, 1234(String), true(String), 12(Long)
2020-03-29 11:06:55.057 DEBUG --- [http-nio-8762-exec-10] com.vtu.mapper.CustomerMapper.updateByPrimaryKey Line:143 - <==    Updates: 1
2020-03-29 11:06:56.441 DEBUG --- [http-nio-8762-exec-1] com.vtu.mapper.WorksMapper.findAuditingWorks_COUNT Line:143 - ==>  Preparing: SELECT count(0) FROM tb_works w LEFT JOIN tb_works_url u ON w.works_id = u.works_id WHERE w.works_status LIKE concat('%', ?, '%') 
2020-03-29 11:06:56.442 DEBUG --- [http-nio-8762-exec-1] com.vtu.mapper.WorksMapper.findAuditingWorks_COUNT Line:143 - ==> Parameters: pass(String)
2020-03-29 11:06:56.482 DEBUG --- [http-nio-8762-exec-1] com.vtu.mapper.WorksMapper.findAuditingWorks_COUNT Line:143 - <==      Total: 1
2020-03-29 11:06:56.484 DEBUG --- [http-nio-8762-exec-1] com.vtu.mapper.WorksMapper.findAuditingWorks Line:143 - ==>  Preparing: SELECT w.works_id, w.works_title, w.works_desc, w.price,w.key_word, w.types_id,w.works_status,w.colorSytem,w.works_duration,channel,version, u.works_url_id,u.works_id, u.works_url,u.works_md5,u.works_name,u.works_size,u.compress_url,u.preview_url,u.synthesis_url FROM tb_works w LEFT JOIN tb_works_url u ON w.works_id = u.works_id WHERE w.works_status LIKE concat('%',?,'%') ORDER BY w.works_id desc LIMIT ? 
2020-03-29 11:06:56.485 DEBUG --- [http-nio-8762-exec-1] com.vtu.mapper.WorksMapper.findAuditingWorks Line:143 - ==> Parameters: pass(String), 4(Integer)
2020-03-29 11:06:56.531 DEBUG --- [http-nio-8762-exec-1] com.vtu.mapper.WorksMapper.findAuditingWorks Line:143 - <==      Total: 2
2020-03-29 11:06:58.478 DEBUG --- [http-nio-8762-exec-2] com.vtu.mapper.CustomerMapper.selectByAuthCode Line:143 - ==>  Preparing: select account_id, account, password, name, phone, id_card, remain, is_vip, is_shoper, email, email_send_time,wxId, qqId,authCode,isAuth,sex from tb_customer where authCode = ? 
2020-03-29 11:06:58.478 DEBUG --- [http-nio-8762-exec-2] com.vtu.mapper.CustomerMapper.selectByAuthCode Line:143 - ==> Parameters: 1234(String)
2020-03-29 11:06:58.522 DEBUG --- [http-nio-8762-exec-2] com.vtu.mapper.CustomerMapper.selectByAuthCode Line:143 - <==      Total: 1
2020-03-29 11:06:58.524 DEBUG --- [http-nio-8762-exec-2] com.vtu.mapper.CustomerVipMapper.selectByAccountId Line:143 - ==>  Preparing: select id, account_id, vip_detail_id, start_time, end_time, is_vip from tb_customer_vip where account_id = ? 
2020-03-29 11:06:58.524 DEBUG --- [http-nio-8762-exec-2] com.vtu.mapper.CustomerVipMapper.selectByAccountId Line:143 - ==> Parameters: 12(Long)
2020-03-29 11:06:58.563 DEBUG --- [http-nio-8762-exec-2] com.vtu.mapper.CustomerVipMapper.selectByAccountId Line:143 - <==      Total: 0
2020-03-29 11:06:58.565 DEBUG --- [http-nio-8762-exec-2] com.vtu.mapper.CustomerMapper.updateByPrimaryKey Line:143 - ==>  Preparing: update tb_customer set account = ?, password = ?, name = ?, sex = ?, phone = ?, id_card = ?, remain = ?, is_vip = ?, is_shoper = ?, email = ?, email_send_time = ?, wxId = ?, qqId = ?, authCode = ?, isAuth = ? where account_id = ? 
2020-03-29 11:06:58.566 DEBUG --- [http-nio-8762-exec-2] com.vtu.mapper.CustomerMapper.updateByPrimaryKey Line:143 - ==> Parameters: VT20200124153831154(String), null, 视频大师(String), null, null, null, null, null, null, 123213(String), 2020-01-24 15:38:31:154(String), null, null, 1234(String), true(String), 12(Long)
2020-03-29 11:06:58.646 DEBUG --- [http-nio-8762-exec-2] com.vtu.mapper.CustomerMapper.updateByPrimaryKey Line:143 - <==    Updates: 1
2020-03-29 11:06:59.931 DEBUG --- [http-nio-8762-exec-3] com.vtu.mapper.WorksMapper.findAuditingWorks_COUNT Line:143 - ==>  Preparing: SELECT count(0) FROM tb_works w LEFT JOIN tb_works_url u ON w.works_id = u.works_id WHERE w.works_status LIKE concat('%', ?, '%') 
2020-03-29 11:06:59.932 DEBUG --- [http-nio-8762-exec-3] com.vtu.mapper.WorksMapper.findAuditingWorks_COUNT Line:143 - ==> Parameters: pass(String)
2020-03-29 11:06:59.972 DEBUG --- [http-nio-8762-exec-3] com.vtu.mapper.WorksMapper.findAuditingWorks_COUNT Line:143 - <==      Total: 1
2020-03-29 11:06:59.974 DEBUG --- [http-nio-8762-exec-3] com.vtu.mapper.WorksMapper.findAuditingWorks Line:143 - ==>  Preparing: SELECT w.works_id, w.works_title, w.works_desc, w.price,w.key_word, w.types_id,w.works_status,w.colorSytem,w.works_duration,channel,version, u.works_url_id,u.works_id, u.works_url,u.works_md5,u.works_name,u.works_size,u.compress_url,u.preview_url,u.synthesis_url FROM tb_works w LEFT JOIN tb_works_url u ON w.works_id = u.works_id WHERE w.works_status LIKE concat('%',?,'%') ORDER BY w.works_id desc LIMIT ? 
2020-03-29 11:06:59.975 DEBUG --- [http-nio-8762-exec-3] com.vtu.mapper.WorksMapper.findAuditingWorks Line:143 - ==> Parameters: pass(String), 4(Integer)
2020-03-29 11:07:00.019 DEBUG --- [http-nio-8762-exec-3] com.vtu.mapper.WorksMapper.findAuditingWorks Line:143 - <==      Total: 2
2020-03-29 11:07:09.010 DEBUG --- [http-nio-8762-exec-5] com.vtu.mapper.CustomerMapper.selectByAuthCode Line:143 - ==>  Preparing: select account_id, account, password, name, phone, id_card, remain, is_vip, is_shoper, email, email_send_time,wxId, qqId,authCode,isAuth,sex from tb_customer where authCode = ? 
2020-03-29 11:07:09.011 DEBUG --- [http-nio-8762-exec-5] com.vtu.mapper.CustomerMapper.selectByAuthCode Line:143 - ==> Parameters: 1234(String)
2020-03-29 11:07:09.052 DEBUG --- [http-nio-8762-exec-5] com.vtu.mapper.CustomerMapper.selectByAuthCode Line:143 - <==      Total: 1
2020-03-29 11:07:09.054 DEBUG --- [http-nio-8762-exec-5] com.vtu.mapper.CustomerVipMapper.selectByAccountId Line:143 - ==>  Preparing: select id, account_id, vip_detail_id, start_time, end_time, is_vip from tb_customer_vip where account_id = ? 
2020-03-29 11:07:09.055 DEBUG --- [http-nio-8762-exec-5] com.vtu.mapper.CustomerVipMapper.selectByAccountId Line:143 - ==> Parameters: 12(Long)
2020-03-29 11:07:09.095 DEBUG --- [http-nio-8762-exec-5] com.vtu.mapper.CustomerVipMapper.selectByAccountId Line:143 - <==      Total: 0
2020-03-29 11:07:09.096 DEBUG --- [http-nio-8762-exec-5] com.vtu.mapper.CustomerMapper.updateByPrimaryKey Line:143 - ==>  Preparing: update tb_customer set account = ?, password = ?, name = ?, sex = ?, phone = ?, id_card = ?, remain = ?, is_vip = ?, is_shoper = ?, email = ?, email_send_time = ?, wxId = ?, qqId = ?, authCode = ?, isAuth = ? where account_id = ? 
2020-03-29 11:07:09.096 DEBUG --- [http-nio-8762-exec-5] com.vtu.mapper.CustomerMapper.updateByPrimaryKey Line:143 - ==> Parameters: VT20200124153831154(String), null, 视频大师(String), null, null, null, null, null, null, 123213(String), 2020-01-24 15:38:31:154(String), null, null, 1234(String), true(String), 12(Long)
2020-03-29 11:07:09.174 DEBUG --- [http-nio-8762-exec-5] com.vtu.mapper.CustomerMapper.updateByPrimaryKey Line:143 - <==    Updates: 1
2020-03-29 11:07:10.537 DEBUG --- [http-nio-8762-exec-6] com.vtu.mapper.WorksMapper.findAuditingWorks_COUNT Line:143 - ==>  Preparing: SELECT count(0) FROM tb_works w LEFT JOIN tb_works_url u ON w.works_id = u.works_id WHERE w.works_status LIKE concat('%', ?, '%') 
2020-03-29 11:07:10.538 DEBUG --- [http-nio-8762-exec-6] com.vtu.mapper.WorksMapper.findAuditingWorks_COUNT Line:143 - ==> Parameters: pass(String)
2020-03-29 11:07:10.577 DEBUG --- [http-nio-8762-exec-6] com.vtu.mapper.WorksMapper.findAuditingWorks_COUNT Line:143 - <==      Total: 1
2020-03-29 11:07:10.579 DEBUG --- [http-nio-8762-exec-6] com.vtu.mapper.WorksMapper.findAuditingWorks Line:143 - ==>  Preparing: SELECT w.works_id, w.works_title, w.works_desc, w.price,w.key_word, w.types_id,w.works_status,w.colorSytem,w.works_duration,channel,version, u.works_url_id,u.works_id, u.works_url,u.works_md5,u.works_name,u.works_size,u.compress_url,u.preview_url,u.synthesis_url FROM tb_works w LEFT JOIN tb_works_url u ON w.works_id = u.works_id WHERE w.works_status LIKE concat('%',?,'%') ORDER BY w.works_id desc LIMIT ? 
2020-03-29 11:07:10.580 DEBUG --- [http-nio-8762-exec-6] com.vtu.mapper.WorksMapper.findAuditingWorks Line:143 - ==> Parameters: pass(String), 4(Integer)
2020-03-29 11:07:10.625 DEBUG --- [http-nio-8762-exec-6] com.vtu.mapper.WorksMapper.findAuditingWorks Line:143 - <==      Total: 3
2020-03-29 11:09:32.231 DEBUG --- [http-nio-8762-exec-8] com.vtu.mapper.CustomerMapper.selectByAuthCode Line:143 - ==>  Preparing: select account_id, account, password, name, phone, id_card, remain, is_vip, is_shoper, email, email_send_time,wxId, qqId,authCode,isAuth,sex from tb_customer where authCode = ? 
2020-03-29 11:09:32.232 DEBUG --- [http-nio-8762-exec-8] com.vtu.mapper.CustomerMapper.selectByAuthCode Line:143 - ==> Parameters: 1234(String)
2020-03-29 11:09:32.272 DEBUG --- [http-nio-8762-exec-8] com.vtu.mapper.CustomerMapper.selectByAuthCode Line:143 - <==      Total: 1
2020-03-29 11:09:32.274 DEBUG --- [http-nio-8762-exec-8] com.vtu.mapper.CustomerVipMapper.selectByAccountId Line:143 - ==>  Preparing: select id, account_id, vip_detail_id, start_time, end_time, is_vip from tb_customer_vip where account_id = ? 
2020-03-29 11:09:32.274 DEBUG --- [http-nio-8762-exec-8] com.vtu.mapper.CustomerVipMapper.selectByAccountId Line:143 - ==> Parameters: 12(Long)
2020-03-29 11:09:32.313 DEBUG --- [http-nio-8762-exec-8] com.vtu.mapper.CustomerVipMapper.selectByAccountId Line:143 - <==      Total: 0
2020-03-29 11:09:32.314 DEBUG --- [http-nio-8762-exec-8] com.vtu.mapper.CustomerMapper.updateByPrimaryKey Line:143 - ==>  Preparing: update tb_customer set account = ?, password = ?, name = ?, sex = ?, phone = ?, id_card = ?, remain = ?, is_vip = ?, is_shoper = ?, email = ?, email_send_time = ?, wxId = ?, qqId = ?, authCode = ?, isAuth = ? where account_id = ? 
2020-03-29 11:09:32.315 DEBUG --- [http-nio-8762-exec-8] com.vtu.mapper.CustomerMapper.updateByPrimaryKey Line:143 - ==> Parameters: VT20200124153831154(String), null, 视频大师(String), null, null, null, null, null, null, 123213(String), 2020-01-24 15:38:31:154(String), null, null, 1234(String), true(String), 12(Long)
2020-03-29 11:09:32.394 DEBUG --- [http-nio-8762-exec-8] com.vtu.mapper.CustomerMapper.updateByPrimaryKey Line:143 - <==    Updates: 1
2020-03-29 11:09:34.061 DEBUG --- [http-nio-8762-exec-9] com.vtu.mapper.WorksMapper.findAuditingWorks_COUNT Line:143 - ==>  Preparing: SELECT count(0) FROM tb_works w LEFT JOIN tb_works_url u ON w.works_id = u.works_id WHERE w.works_status LIKE concat('%', ?, '%') 
2020-03-29 11:09:34.062 DEBUG --- [http-nio-8762-exec-9] com.vtu.mapper.WorksMapper.findAuditingWorks_COUNT Line:143 - ==> Parameters: pass(String)
2020-03-29 11:09:34.102 DEBUG --- [http-nio-8762-exec-9] com.vtu.mapper.WorksMapper.findAuditingWorks_COUNT Line:143 - <==      Total: 1
2020-03-29 11:09:34.103 DEBUG --- [http-nio-8762-exec-9] com.vtu.mapper.WorksMapper.findAuditingWorks Line:143 - ==>  Preparing: SELECT w.works_id, w.works_title, w.works_desc, w.price,w.key_word, w.types_id,w.works_status,w.colorSytem,w.works_duration,channel,version, u.works_url_id,u.works_id, u.works_url,u.works_md5,u.works_name,u.works_size,u.compress_url,u.preview_url,u.synthesis_url FROM tb_works w LEFT JOIN tb_works_url u ON w.works_id = u.works_id WHERE w.works_status LIKE concat('%',?,'%') ORDER BY w.works_id desc LIMIT ? 
2020-03-29 11:09:34.104 DEBUG --- [http-nio-8762-exec-9] com.vtu.mapper.WorksMapper.findAuditingWorks Line:143 - ==> Parameters: pass(String), 4(Integer)
2020-03-29 11:09:34.149 DEBUG --- [http-nio-8762-exec-9] com.vtu.mapper.WorksMapper.findAuditingWorks Line:143 - <==      Total: 3
2020-03-29 11:10:01.802 DEBUG --- [http-nio-8762-exec-1] com.vtu.mapper.CustomerMapper.selectByAuthCode Line:143 - ==>  Preparing: select account_id, account, password, name, phone, id_card, remain, is_vip, is_shoper, email, email_send_time,wxId, qqId,authCode,isAuth,sex from tb_customer where authCode = ? 
2020-03-29 11:10:01.803 DEBUG --- [http-nio-8762-exec-1] com.vtu.mapper.CustomerMapper.selectByAuthCode Line:143 - ==> Parameters: 1234(String)
2020-03-29 11:10:01.849 DEBUG --- [http-nio-8762-exec-1] com.vtu.mapper.CustomerMapper.selectByAuthCode Line:143 - <==      Total: 1
2020-03-29 11:10:01.851 DEBUG --- [http-nio-8762-exec-1] com.vtu.mapper.CustomerVipMapper.selectByAccountId Line:143 - ==>  Preparing: select id, account_id, vip_detail_id, start_time, end_time, is_vip from tb_customer_vip where account_id = ? 
2020-03-29 11:10:01.852 DEBUG --- [http-nio-8762-exec-1] com.vtu.mapper.CustomerVipMapper.selectByAccountId Line:143 - ==> Parameters: 12(Long)
2020-03-29 11:10:01.891 DEBUG --- [http-nio-8762-exec-1] com.vtu.mapper.CustomerVipMapper.selectByAccountId Line:143 - <==      Total: 0
2020-03-29 11:10:01.894 DEBUG --- [http-nio-8762-exec-1] com.vtu.mapper.CustomerMapper.updateByPrimaryKey Line:143 - ==>  Preparing: update tb_customer set account = ?, password = ?, name = ?, sex = ?, phone = ?, id_card = ?, remain = ?, is_vip = ?, is_shoper = ?, email = ?, email_send_time = ?, wxId = ?, qqId = ?, authCode = ?, isAuth = ? where account_id = ? 
2020-03-29 11:10:01.895 DEBUG --- [http-nio-8762-exec-1] com.vtu.mapper.CustomerMapper.updateByPrimaryKey Line:143 - ==> Parameters: VT20200124153831154(String), null, 视频大师(String), null, null, null, null, null, null, 123213(String), 2020-01-24 15:38:31:154(String), null, null, 1234(String), true(String), 12(Long)
2020-03-29 11:10:01.979 DEBUG --- [http-nio-8762-exec-1] com.vtu.mapper.CustomerMapper.updateByPrimaryKey Line:143 - <==    Updates: 1
2020-03-29 11:10:03.392 DEBUG --- [http-nio-8762-exec-2] com.vtu.mapper.WorksMapper.findAuditingWorks_COUNT Line:143 - ==>  Preparing: SELECT count(0) FROM tb_works w LEFT JOIN tb_works_url u ON w.works_id = u.works_id WHERE w.works_status LIKE concat('%', ?, '%') 
2020-03-29 11:10:03.393 DEBUG --- [http-nio-8762-exec-2] com.vtu.mapper.WorksMapper.findAuditingWorks_COUNT Line:143 - ==> Parameters: pass(String)
2020-03-29 11:10:03.434 DEBUG --- [http-nio-8762-exec-2] com.vtu.mapper.WorksMapper.findAuditingWorks_COUNT Line:143 - <==      Total: 1
2020-03-29 11:10:03.436 DEBUG --- [http-nio-8762-exec-2] com.vtu.mapper.WorksMapper.findAuditingWorks Line:143 - ==>  Preparing: SELECT w.works_id, w.works_title, w.works_desc, w.price,w.key_word, w.types_id,w.works_status,w.colorSytem,w.works_duration,channel,version, u.works_url_id,u.works_id, u.works_url,u.works_md5,u.works_name,u.works_size,u.compress_url,u.preview_url,u.synthesis_url FROM tb_works w LEFT JOIN tb_works_url u ON w.works_id = u.works_id WHERE w.works_status LIKE concat('%',?,'%') ORDER BY w.works_id desc LIMIT ? 
2020-03-29 11:10:03.437 DEBUG --- [http-nio-8762-exec-2] com.vtu.mapper.WorksMapper.findAuditingWorks Line:143 - ==> Parameters: pass(String), 4(Integer)
2020-03-29 11:10:03.486 DEBUG --- [http-nio-8762-exec-2] com.vtu.mapper.WorksMapper.findAuditingWorks Line:143 - <==      Total: 3
2020-03-29 11:10:07.491 DEBUG --- [http-nio-8762-exec-3] com.vtu.mapper.CustomerMapper.selectByAuthCode Line:143 - ==>  Preparing: select account_id, account, password, name, phone, id_card, remain, is_vip, is_shoper, email, email_send_time,wxId, qqId,authCode,isAuth,sex from tb_customer where authCode = ? 
2020-03-29 11:10:07.491 DEBUG --- [http-nio-8762-exec-3] com.vtu.mapper.CustomerMapper.selectByAuthCode Line:143 - ==> Parameters: 1234(String)
2020-03-29 11:10:07.532 DEBUG --- [http-nio-8762-exec-3] com.vtu.mapper.CustomerMapper.selectByAuthCode Line:143 - <==      Total: 1
2020-03-29 11:10:07.534 DEBUG --- [http-nio-8762-exec-3] com.vtu.mapper.CustomerVipMapper.selectByAccountId Line:143 - ==>  Preparing: select id, account_id, vip_detail_id, start_time, end_time, is_vip from tb_customer_vip where account_id = ? 
2020-03-29 11:10:07.535 DEBUG --- [http-nio-8762-exec-3] com.vtu.mapper.CustomerVipMapper.selectByAccountId Line:143 - ==> Parameters: 12(Long)
2020-03-29 11:10:07.574 DEBUG --- [http-nio-8762-exec-3] com.vtu.mapper.CustomerVipMapper.selectByAccountId Line:143 - <==      Total: 0
2020-03-29 11:10:07.576 DEBUG --- [http-nio-8762-exec-3] com.vtu.mapper.CustomerMapper.updateByPrimaryKey Line:143 - ==>  Preparing: update tb_customer set account = ?, password = ?, name = ?, sex = ?, phone = ?, id_card = ?, remain = ?, is_vip = ?, is_shoper = ?, email = ?, email_send_time = ?, wxId = ?, qqId = ?, authCode = ?, isAuth = ? where account_id = ? 
2020-03-29 11:10:07.577 DEBUG --- [http-nio-8762-exec-3] com.vtu.mapper.CustomerMapper.updateByPrimaryKey Line:143 - ==> Parameters: VT20200124153831154(String), null, 视频大师(String), null, null, null, null, null, null, 123213(String), 2020-01-24 15:38:31:154(String), null, null, 1234(String), true(String), 12(Long)
2020-03-29 11:10:07.653 DEBUG --- [http-nio-8762-exec-3] com.vtu.mapper.CustomerMapper.updateByPrimaryKey Line:143 - <==    Updates: 1
2020-03-29 11:10:08.922 DEBUG --- [http-nio-8762-exec-4] com.vtu.mapper.WorksMapper.findAuditingWorks_COUNT Line:143 - ==>  Preparing: SELECT count(0) FROM tb_works w LEFT JOIN tb_works_url u ON w.works_id = u.works_id WHERE w.works_status LIKE concat('%', ?, '%') 
2020-03-29 11:10:08.923 DEBUG --- [http-nio-8762-exec-4] com.vtu.mapper.WorksMapper.findAuditingWorks_COUNT Line:143 - ==> Parameters: pass(String)
2020-03-29 11:10:08.964 DEBUG --- [http-nio-8762-exec-4] com.vtu.mapper.WorksMapper.findAuditingWorks_COUNT Line:143 - <==      Total: 1
2020-03-29 11:10:08.967 DEBUG --- [http-nio-8762-exec-4] com.vtu.mapper.WorksMapper.findAuditingWorks Line:143 - ==>  Preparing: SELECT w.works_id, w.works_title, w.works_desc, w.price,w.key_word, w.types_id,w.works_status,w.colorSytem,w.works_duration,channel,version, u.works_url_id,u.works_id, u.works_url,u.works_md5,u.works_name,u.works_size,u.compress_url,u.preview_url,u.synthesis_url FROM tb_works w LEFT JOIN tb_works_url u ON w.works_id = u.works_id WHERE w.works_status LIKE concat('%',?,'%') ORDER BY w.works_id desc LIMIT ? 
2020-03-29 11:10:08.968 DEBUG --- [http-nio-8762-exec-4] com.vtu.mapper.WorksMapper.findAuditingWorks Line:143 - ==> Parameters: pass(String), 4(Integer)
2020-03-29 11:10:09.014 DEBUG --- [http-nio-8762-exec-4] com.vtu.mapper.WorksMapper.findAuditingWorks Line:143 - <==      Total: 3
2020-03-29 11:10:12.037 DEBUG --- [http-nio-8762-exec-5] com.vtu.mapper.CustomerMapper.selectByAuthCode Line:143 - ==>  Preparing: select account_id, account, password, name, phone, id_card, remain, is_vip, is_shoper, email, email_send_time,wxId, qqId,authCode,isAuth,sex from tb_customer where authCode = ? 
2020-03-29 11:10:12.038 DEBUG --- [http-nio-8762-exec-5] com.vtu.mapper.CustomerMapper.selectByAuthCode Line:143 - ==> Parameters: 1234(String)
2020-03-29 11:10:12.078 DEBUG --- [http-nio-8762-exec-5] com.vtu.mapper.CustomerMapper.selectByAuthCode Line:143 - <==      Total: 1
2020-03-29 11:10:12.080 DEBUG --- [http-nio-8762-exec-5] com.vtu.mapper.CustomerVipMapper.selectByAccountId Line:143 - ==>  Preparing: select id, account_id, vip_detail_id, start_time, end_time, is_vip from tb_customer_vip where account_id = ? 
2020-03-29 11:10:12.080 DEBUG --- [http-nio-8762-exec-5] com.vtu.mapper.CustomerVipMapper.selectByAccountId Line:143 - ==> Parameters: 12(Long)
2020-03-29 11:10:12.122 DEBUG --- [http-nio-8762-exec-5] com.vtu.mapper.CustomerVipMapper.selectByAccountId Line:143 - <==      Total: 0
2020-03-29 11:10:12.124 DEBUG --- [http-nio-8762-exec-5] com.vtu.mapper.CustomerMapper.updateByPrimaryKey Line:143 - ==>  Preparing: update tb_customer set account = ?, password = ?, name = ?, sex = ?, phone = ?, id_card = ?, remain = ?, is_vip = ?, is_shoper = ?, email = ?, email_send_time = ?, wxId = ?, qqId = ?, authCode = ?, isAuth = ? where account_id = ? 
2020-03-29 11:10:12.125 DEBUG --- [http-nio-8762-exec-5] com.vtu.mapper.CustomerMapper.updateByPrimaryKey Line:143 - ==> Parameters: VT20200124153831154(String), null, 视频大师(String), null, null, null, null, null, null, 123213(String), 2020-01-24 15:38:31:154(String), null, null, 1234(String), true(String), 12(Long)
2020-03-29 11:10:12.202 DEBUG --- [http-nio-8762-exec-5] com.vtu.mapper.CustomerMapper.updateByPrimaryKey Line:143 - <==    Updates: 1
2020-03-29 11:10:13.474 DEBUG --- [http-nio-8762-exec-6] com.vtu.mapper.WorksMapper.findAuditingWorks_COUNT Line:143 - ==>  Preparing: SELECT count(0) FROM tb_works w LEFT JOIN tb_works_url u ON w.works_id = u.works_id WHERE w.works_status LIKE concat('%', ?, '%') 
2020-03-29 11:10:13.475 DEBUG --- [http-nio-8762-exec-6] com.vtu.mapper.WorksMapper.findAuditingWorks_COUNT Line:143 - ==> Parameters: pass(String)
2020-03-29 11:10:13.515 DEBUG --- [http-nio-8762-exec-6] com.vtu.mapper.WorksMapper.findAuditingWorks_COUNT Line:143 - <==      Total: 1
2020-03-29 11:10:13.517 DEBUG --- [http-nio-8762-exec-6] com.vtu.mapper.WorksMapper.findAuditingWorks Line:143 - ==>  Preparing: SELECT w.works_id, w.works_title, w.works_desc, w.price,w.key_word, w.types_id,w.works_status,w.colorSytem,w.works_duration,channel,version, u.works_url_id,u.works_id, u.works_url,u.works_md5,u.works_name,u.works_size,u.compress_url,u.preview_url,u.synthesis_url FROM tb_works w LEFT JOIN tb_works_url u ON w.works_id = u.works_id WHERE w.works_status LIKE concat('%',?,'%') ORDER BY w.works_id desc LIMIT ? 
2020-03-29 11:10:13.518 DEBUG --- [http-nio-8762-exec-6] com.vtu.mapper.WorksMapper.findAuditingWorks Line:143 - ==> Parameters: pass(String), 4(Integer)
2020-03-29 11:10:13.562 DEBUG --- [http-nio-8762-exec-6] com.vtu.mapper.WorksMapper.findAuditingWorks Line:143 - <==      Total: 3
2020-03-29 11:11:32.267 DEBUG --- [http-nio-8762-exec-8] com.vtu.mapper.CustomerMapper.selectByAuthCode Line:143 - ==>  Preparing: select account_id, account, password, name, phone, id_card, remain, is_vip, is_shoper, email, email_send_time,wxId, qqId,authCode,isAuth,sex from tb_customer where authCode = ? 
2020-03-29 11:11:32.268 DEBUG --- [http-nio-8762-exec-8] com.vtu.mapper.CustomerMapper.selectByAuthCode Line:143 - ==> Parameters: 1234(String)
2020-03-29 11:11:32.308 DEBUG --- [http-nio-8762-exec-8] com.vtu.mapper.CustomerMapper.selectByAuthCode Line:143 - <==      Total: 1
2020-03-29 11:11:32.311 DEBUG --- [http-nio-8762-exec-8] com.vtu.mapper.CustomerVipMapper.selectByAccountId Line:143 - ==>  Preparing: select id, account_id, vip_detail_id, start_time, end_time, is_vip from tb_customer_vip where account_id = ? 
2020-03-29 11:11:32.312 DEBUG --- [http-nio-8762-exec-8] com.vtu.mapper.CustomerVipMapper.selectByAccountId Line:143 - ==> Parameters: 12(Long)
2020-03-29 11:11:32.352 DEBUG --- [http-nio-8762-exec-8] com.vtu.mapper.CustomerVipMapper.selectByAccountId Line:143 - <==      Total: 0
2020-03-29 11:11:32.353 DEBUG --- [http-nio-8762-exec-8] com.vtu.mapper.CustomerMapper.updateByPrimaryKey Line:143 - ==>  Preparing: update tb_customer set account = ?, password = ?, name = ?, sex = ?, phone = ?, id_card = ?, remain = ?, is_vip = ?, is_shoper = ?, email = ?, email_send_time = ?, wxId = ?, qqId = ?, authCode = ?, isAuth = ? where account_id = ? 
2020-03-29 11:11:32.353 DEBUG --- [http-nio-8762-exec-8] com.vtu.mapper.CustomerMapper.updateByPrimaryKey Line:143 - ==> Parameters: VT20200124153831154(String), null, 视频大师(String), null, null, null, null, null, null, 123213(String), 2020-01-24 15:38:31:154(String), null, null, 1234(String), true(String), 12(Long)
2020-03-29 11:11:32.431 DEBUG --- [http-nio-8762-exec-8] com.vtu.mapper.CustomerMapper.updateByPrimaryKey Line:143 - <==    Updates: 1
2020-03-29 11:11:33.870 DEBUG --- [http-nio-8762-exec-9] com.vtu.mapper.WorksMapper.findAuditingWorks_COUNT Line:143 - ==>  Preparing: SELECT count(0) FROM tb_works w LEFT JOIN tb_works_url u ON w.works_id = u.works_id WHERE w.works_status LIKE concat('%', ?, '%') 
2020-03-29 11:11:33.871 DEBUG --- [http-nio-8762-exec-9] com.vtu.mapper.WorksMapper.findAuditingWorks_COUNT Line:143 - ==> Parameters: pass(String)
2020-03-29 11:11:33.911 DEBUG --- [http-nio-8762-exec-9] com.vtu.mapper.WorksMapper.findAuditingWorks_COUNT Line:143 - <==      Total: 1
2020-03-29 11:11:33.912 DEBUG --- [http-nio-8762-exec-9] com.vtu.mapper.WorksMapper.findAuditingWorks Line:143 - ==>  Preparing: SELECT w.works_id, w.works_title, w.works_desc, w.price,w.key_word, w.types_id,w.works_status,w.colorSytem,w.works_duration,channel,version, u.works_url_id,u.works_id, u.works_url,u.works_md5,u.works_name,u.works_size,u.compress_url,u.preview_url,u.synthesis_url FROM tb_works w LEFT JOIN tb_works_url u ON w.works_id = u.works_id WHERE w.works_status LIKE concat('%',?,'%') ORDER BY w.works_id desc LIMIT ? 
2020-03-29 11:11:33.913 DEBUG --- [http-nio-8762-exec-9] com.vtu.mapper.WorksMapper.findAuditingWorks Line:143 - ==> Parameters: pass(String), 4(Integer)
2020-03-29 11:11:33.956 DEBUG --- [http-nio-8762-exec-9] com.vtu.mapper.WorksMapper.findAuditingWorks Line:143 - <==      Total: 3
2020-03-29 11:11:45.705 DEBUG --- [http-nio-8762-exec-1] com.vtu.mapper.CustomerMapper.selectByAuthCode Line:143 - ==>  Preparing: select account_id, account, password, name, phone, id_card, remain, is_vip, is_shoper, email, email_send_time,wxId, qqId,authCode,isAuth,sex from tb_customer where authCode = ? 
2020-03-29 11:11:45.706 DEBUG --- [http-nio-8762-exec-1] com.vtu.mapper.CustomerMapper.selectByAuthCode Line:143 - ==> Parameters: 1234(String)
2020-03-29 11:11:45.746 DEBUG --- [http-nio-8762-exec-1] com.vtu.mapper.CustomerMapper.selectByAuthCode Line:143 - <==      Total: 1
2020-03-29 11:11:45.747 DEBUG --- [http-nio-8762-exec-1] com.vtu.mapper.CustomerVipMapper.selectByAccountId Line:143 - ==>  Preparing: select id, account_id, vip_detail_id, start_time, end_time, is_vip from tb_customer_vip where account_id = ? 
2020-03-29 11:11:45.748 DEBUG --- [http-nio-8762-exec-1] com.vtu.mapper.CustomerVipMapper.selectByAccountId Line:143 - ==> Parameters: 12(Long)
2020-03-29 11:11:45.787 DEBUG --- [http-nio-8762-exec-1] com.vtu.mapper.CustomerVipMapper.selectByAccountId Line:143 - <==      Total: 0
2020-03-29 11:11:45.788 DEBUG --- [http-nio-8762-exec-1] com.vtu.mapper.CustomerMapper.updateByPrimaryKey Line:143 - ==>  Preparing: update tb_customer set account = ?, password = ?, name = ?, sex = ?, phone = ?, id_card = ?, remain = ?, is_vip = ?, is_shoper = ?, email = ?, email_send_time = ?, wxId = ?, qqId = ?, authCode = ?, isAuth = ? where account_id = ? 
2020-03-29 11:11:45.789 DEBUG --- [http-nio-8762-exec-1] com.vtu.mapper.CustomerMapper.updateByPrimaryKey Line:143 - ==> Parameters: VT20200124153831154(String), null, 视频大师(String), null, null, null, null, null, null, 123213(String), 2020-01-24 15:38:31:154(String), null, null, 1234(String), true(String), 12(Long)
2020-03-29 11:11:45.869 DEBUG --- [http-nio-8762-exec-1] com.vtu.mapper.CustomerMapper.updateByPrimaryKey Line:143 - <==    Updates: 1
2020-03-29 11:11:47.882 DEBUG --- [http-nio-8762-exec-2] com.vtu.mapper.WorksMapper.findAuditingWorks_COUNT Line:143 - ==>  Preparing: SELECT count(0) FROM tb_works w LEFT JOIN tb_works_url u ON w.works_id = u.works_id WHERE w.works_status LIKE concat('%', ?, '%') 
2020-03-29 11:11:47.882 DEBUG --- [http-nio-8762-exec-2] com.vtu.mapper.WorksMapper.findAuditingWorks_COUNT Line:143 - ==> Parameters: pass(String)
2020-03-29 11:11:47.923 DEBUG --- [http-nio-8762-exec-2] com.vtu.mapper.WorksMapper.findAuditingWorks_COUNT Line:143 - <==      Total: 1
2020-03-29 11:11:47.924 DEBUG --- [http-nio-8762-exec-2] com.vtu.mapper.WorksMapper.findAuditingWorks Line:143 - ==>  Preparing: SELECT w.works_id, w.works_title, w.works_desc, w.price,w.key_word, w.types_id,w.works_status,w.colorSytem,w.works_duration,channel,version, u.works_url_id,u.works_id, u.works_url,u.works_md5,u.works_name,u.works_size,u.compress_url,u.preview_url,u.synthesis_url FROM tb_works w LEFT JOIN tb_works_url u ON w.works_id = u.works_id WHERE w.works_status LIKE concat('%',?,'%') ORDER BY w.works_id desc LIMIT ? 
2020-03-29 11:11:47.925 DEBUG --- [http-nio-8762-exec-2] com.vtu.mapper.WorksMapper.findAuditingWorks Line:143 - ==> Parameters: pass(String), 4(Integer)
2020-03-29 11:11:47.970 DEBUG --- [http-nio-8762-exec-2] com.vtu.mapper.WorksMapper.findAuditingWorks Line:143 - <==      Total: 3
2020-03-29 11:12:22.821 DEBUG --- [http-nio-8762-exec-4] com.vtu.mapper.CustomerMapper.selectByAuthCode Line:143 - ==>  Preparing: select account_id, account, password, name, phone, id_card, remain, is_vip, is_shoper, email, email_send_time,wxId, qqId,authCode,isAuth,sex from tb_customer where authCode = ? 
2020-03-29 11:12:22.822 DEBUG --- [http-nio-8762-exec-4] com.vtu.mapper.CustomerMapper.selectByAuthCode Line:143 - ==> Parameters: 1234(String)
2020-03-29 11:12:22.863 DEBUG --- [http-nio-8762-exec-4] com.vtu.mapper.CustomerMapper.selectByAuthCode Line:143 - <==      Total: 1
2020-03-29 11:12:22.865 DEBUG --- [http-nio-8762-exec-4] com.vtu.mapper.CustomerVipMapper.selectByAccountId Line:143 - ==>  Preparing: select id, account_id, vip_detail_id, start_time, end_time, is_vip from tb_customer_vip where account_id = ? 
2020-03-29 11:12:22.865 DEBUG --- [http-nio-8762-exec-4] com.vtu.mapper.CustomerVipMapper.selectByAccountId Line:143 - ==> Parameters: 12(Long)
2020-03-29 11:12:22.904 DEBUG --- [http-nio-8762-exec-4] com.vtu.mapper.CustomerVipMapper.selectByAccountId Line:143 - <==      Total: 0
2020-03-29 11:12:22.906 DEBUG --- [http-nio-8762-exec-4] com.vtu.mapper.CustomerMapper.updateByPrimaryKey Line:143 - ==>  Preparing: update tb_customer set account = ?, password = ?, name = ?, sex = ?, phone = ?, id_card = ?, remain = ?, is_vip = ?, is_shoper = ?, email = ?, email_send_time = ?, wxId = ?, qqId = ?, authCode = ?, isAuth = ? where account_id = ? 
2020-03-29 11:12:22.906 DEBUG --- [http-nio-8762-exec-4] com.vtu.mapper.CustomerMapper.updateByPrimaryKey Line:143 - ==> Parameters: VT20200124153831154(String), null, 视频大师(String), null, null, null, null, null, null, 123213(String), 2020-01-24 15:38:31:154(String), null, null, 1234(String), true(String), 12(Long)
2020-03-29 11:12:22.986 DEBUG --- [http-nio-8762-exec-4] com.vtu.mapper.CustomerMapper.updateByPrimaryKey Line:143 - <==    Updates: 1
2020-03-29 11:12:24.950 DEBUG --- [http-nio-8762-exec-5] com.vtu.mapper.WorksMapper.findAuditingWorks_COUNT Line:143 - ==>  Preparing: SELECT count(0) FROM tb_works w LEFT JOIN tb_works_url u ON w.works_id = u.works_id WHERE w.works_status LIKE concat('%', ?, '%') 
2020-03-29 11:12:24.951 DEBUG --- [http-nio-8762-exec-5] com.vtu.mapper.WorksMapper.findAuditingWorks_COUNT Line:143 - ==> Parameters: pass(String)
2020-03-29 11:12:24.992 DEBUG --- [http-nio-8762-exec-5] com.vtu.mapper.WorksMapper.findAuditingWorks_COUNT Line:143 - <==      Total: 1
2020-03-29 11:12:24.994 DEBUG --- [http-nio-8762-exec-5] com.vtu.mapper.WorksMapper.findAuditingWorks Line:143 - ==>  Preparing: SELECT w.works_id, w.works_title, w.works_desc, w.price,w.key_word, w.types_id,w.works_status,w.colorSytem,w.works_duration,channel,version, u.works_url_id,u.works_id, u.works_url,u.works_md5,u.works_name,u.works_size,u.compress_url,u.preview_url,u.synthesis_url FROM tb_works w LEFT JOIN tb_works_url u ON w.works_id = u.works_id WHERE w.works_status LIKE concat('%',?,'%') ORDER BY w.works_id desc LIMIT ? 
2020-03-29 11:12:24.995 DEBUG --- [http-nio-8762-exec-5] com.vtu.mapper.WorksMapper.findAuditingWorks Line:143 - ==> Parameters: pass(String), 4(Integer)
2020-03-29 11:12:25.037 DEBUG --- [http-nio-8762-exec-5] com.vtu.mapper.WorksMapper.findAuditingWorks Line:143 - <==      Total: 3
2020-03-29 11:14:33.503 DEBUG --- [http-nio-8762-exec-7] com.vtu.mapper.CustomerMapper.selectByAuthCode Line:143 - ==>  Preparing: select account_id, account, password, name, phone, id_card, remain, is_vip, is_shoper, email, email_send_time,wxId, qqId,authCode,isAuth,sex from tb_customer where authCode = ? 
2020-03-29 11:14:33.504 DEBUG --- [http-nio-8762-exec-7] com.vtu.mapper.CustomerMapper.selectByAuthCode Line:143 - ==> Parameters: 1234(String)
2020-03-29 11:14:33.545 DEBUG --- [http-nio-8762-exec-7] com.vtu.mapper.CustomerMapper.selectByAuthCode Line:143 - <==      Total: 1
2020-03-29 11:14:33.547 DEBUG --- [http-nio-8762-exec-7] com.vtu.mapper.CustomerVipMapper.selectByAccountId Line:143 - ==>  Preparing: select id, account_id, vip_detail_id, start_time, end_time, is_vip from tb_customer_vip where account_id = ? 
2020-03-29 11:14:33.547 DEBUG --- [http-nio-8762-exec-7] com.vtu.mapper.CustomerVipMapper.selectByAccountId Line:143 - ==> Parameters: 12(Long)
2020-03-29 11:14:33.587 DEBUG --- [http-nio-8762-exec-7] com.vtu.mapper.CustomerVipMapper.selectByAccountId Line:143 - <==      Total: 0
2020-03-29 11:14:33.588 DEBUG --- [http-nio-8762-exec-7] com.vtu.mapper.CustomerMapper.updateByPrimaryKey Line:143 - ==>  Preparing: update tb_customer set account = ?, password = ?, name = ?, sex = ?, phone = ?, id_card = ?, remain = ?, is_vip = ?, is_shoper = ?, email = ?, email_send_time = ?, wxId = ?, qqId = ?, authCode = ?, isAuth = ? where account_id = ? 
2020-03-29 11:14:33.588 DEBUG --- [http-nio-8762-exec-7] com.vtu.mapper.CustomerMapper.updateByPrimaryKey Line:143 - ==> Parameters: VT20200124153831154(String), null, 视频大师(String), null, null, null, null, null, null, 123213(String), 2020-01-24 15:38:31:154(String), null, null, 1234(String), true(String), 12(Long)
2020-03-29 11:14:33.666 DEBUG --- [http-nio-8762-exec-7] com.vtu.mapper.CustomerMapper.updateByPrimaryKey Line:143 - <==    Updates: 1
2020-03-29 11:14:35.255 DEBUG --- [http-nio-8762-exec-8] com.vtu.mapper.WorksMapper.findAuditingWorks_COUNT Line:143 - ==>  Preparing: SELECT count(0) FROM tb_works w LEFT JOIN tb_works_url u ON w.works_id = u.works_id WHERE w.works_status LIKE concat('%', ?, '%') 
2020-03-29 11:14:35.255 DEBUG --- [http-nio-8762-exec-8] com.vtu.mapper.WorksMapper.findAuditingWorks_COUNT Line:143 - ==> Parameters: pass(String)
2020-03-29 11:14:35.295 DEBUG --- [http-nio-8762-exec-8] com.vtu.mapper.WorksMapper.findAuditingWorks_COUNT Line:143 - <==      Total: 1
2020-03-29 11:14:35.297 DEBUG --- [http-nio-8762-exec-8] com.vtu.mapper.WorksMapper.findAuditingWorks Line:143 - ==>  Preparing: SELECT w.works_id, w.works_title, w.works_desc, w.price,w.key_word, w.types_id,w.works_status,w.colorSytem,w.works_duration,channel,version, u.works_url_id,u.works_id, u.works_url,u.works_md5,u.works_name,u.works_size,u.compress_url,u.preview_url,u.synthesis_url FROM tb_works w LEFT JOIN tb_works_url u ON w.works_id = u.works_id WHERE w.works_status LIKE concat('%',?,'%') ORDER BY w.works_id desc LIMIT ? 
2020-03-29 11:14:35.297 DEBUG --- [http-nio-8762-exec-8] com.vtu.mapper.WorksMapper.findAuditingWorks Line:143 - ==> Parameters: pass(String), 4(Integer)
2020-03-29 11:14:35.343 DEBUG --- [http-nio-8762-exec-8] com.vtu.mapper.WorksMapper.findAuditingWorks Line:143 - <==      Total: 3
2020-03-29 11:15:00.192 DEBUG --- [http-nio-8762-exec-10] com.vtu.mapper.WorksMapper.getWorksById Line:143 - ==>  Preparing: SELECT w.works_id, w.works_title, w.works_desc, w.price, w.key_word, w.types_id, w.channel,w.version, w.works_status, w.colorSytem,w.works_duration, u.works_url_id, u.works_url works_url, u.works_md5, u.works_name, u.works_size, u.compress_url, u.preview_url, u.synthesis_url FROM ( SELECT * FROM tb_works WHERE works_id = ? ) w LEFT JOIN tb_works_url u ON w.works_id = u.works_id 
2020-03-29 11:15:00.193 DEBUG --- [http-nio-8762-exec-10] com.vtu.mapper.WorksMapper.getWorksById Line:143 - ==> Parameters: 73(String)
2020-03-29 11:15:00.234 DEBUG --- [http-nio-8762-exec-10] com.vtu.mapper.WorksMapper.getWorksById Line:143 - <==      Total: 1
2020-03-29 11:15:00.284 DEBUG --- [http-nio-8762-exec-1] com.vtu.mapper.PersonalBalanceMapper.getPersonalBalanceByAccountId Line:143 - ==>  Preparing: select personal_money_id, account_id, balance from tb_personal_balance where account_id = ? 
2020-03-29 11:15:00.286 DEBUG --- [http-nio-8762-exec-1] com.vtu.mapper.PersonalBalanceMapper.getPersonalBalanceByAccountId Line:143 - ==> Parameters: 12(Long)
2020-03-29 11:15:00.326 DEBUG --- [http-nio-8762-exec-1] com.vtu.mapper.PersonalBalanceMapper.getPersonalBalanceByAccountId Line:143 - <==      Total: 1
2020-03-29 11:15:02.732 DEBUG --- [http-nio-8762-exec-2] com.vtu.mapper.WorksMapper.findAuditingWorks_COUNT Line:143 - ==>  Preparing: SELECT count(0) FROM tb_works w LEFT JOIN tb_works_url u ON w.works_id = u.works_id WHERE w.works_status LIKE concat('%', ?, '%') 
2020-03-29 11:15:02.733 DEBUG --- [http-nio-8762-exec-2] com.vtu.mapper.WorksMapper.findAuditingWorks_COUNT Line:143 - ==> Parameters: pass(String)
2020-03-29 11:15:02.773 DEBUG --- [http-nio-8762-exec-2] com.vtu.mapper.WorksMapper.findAuditingWorks_COUNT Line:143 - <==      Total: 1
2020-03-29 11:15:02.775 DEBUG --- [http-nio-8762-exec-2] com.vtu.mapper.WorksMapper.findAuditingWorks Line:143 - ==>  Preparing: SELECT w.works_id, w.works_title, w.works_desc, w.price,w.key_word, w.types_id,w.works_status,w.colorSytem,w.works_duration,channel,version, u.works_url_id,u.works_id, u.works_url,u.works_md5,u.works_name,u.works_size,u.compress_url,u.preview_url,u.synthesis_url FROM tb_works w LEFT JOIN tb_works_url u ON w.works_id = u.works_id WHERE w.works_status LIKE concat('%',?,'%') ORDER BY w.works_id desc LIMIT ? 
2020-03-29 11:15:02.776 DEBUG --- [http-nio-8762-exec-2] com.vtu.mapper.WorksMapper.findAuditingWorks Line:143 - ==> Parameters: pass(String), 4(Integer)
2020-03-29 11:15:02.831 DEBUG --- [http-nio-8762-exec-2] com.vtu.mapper.WorksMapper.findAuditingWorks Line:143 - <==      Total: 3
2020-03-29 11:18:01.852 DEBUG --- [http-nio-8762-exec-4] com.vtu.mapper.WorksMapper.getWorksById Line:143 - ==>  Preparing: SELECT w.works_id, w.works_title, w.works_desc, w.price, w.key_word, w.types_id, w.channel,w.version, w.works_status, w.colorSytem,w.works_duration, u.works_url_id, u.works_url works_url, u.works_md5, u.works_name, u.works_size, u.compress_url, u.preview_url, u.synthesis_url FROM ( SELECT * FROM tb_works WHERE works_id = ? ) w LEFT JOIN tb_works_url u ON w.works_id = u.works_id 
2020-03-29 11:18:01.853 DEBUG --- [http-nio-8762-exec-4] com.vtu.mapper.WorksMapper.getWorksById Line:143 - ==> Parameters: 73(String)
2020-03-29 11:18:01.895 DEBUG --- [http-nio-8762-exec-4] com.vtu.mapper.WorksMapper.getWorksById Line:143 - <==      Total: 1
2020-03-29 11:18:01.906 DEBUG --- [http-nio-8762-exec-5] com.vtu.mapper.PersonalBalanceMapper.getPersonalBalanceByAccountId Line:143 - ==>  Preparing: select personal_money_id, account_id, balance from tb_personal_balance where account_id = ? 
2020-03-29 11:18:01.908 DEBUG --- [http-nio-8762-exec-5] com.vtu.mapper.PersonalBalanceMapper.getPersonalBalanceByAccountId Line:143 - ==> Parameters: 12(Long)
2020-03-29 11:18:01.948 DEBUG --- [http-nio-8762-exec-5] com.vtu.mapper.PersonalBalanceMapper.getPersonalBalanceByAccountId Line:143 - <==      Total: 1
2020-03-29 11:18:04.836 DEBUG --- [http-nio-8762-exec-6] com.vtu.mapper.WorksMapper.findAuditingWorks_COUNT Line:143 - ==>  Preparing: SELECT count(0) FROM tb_works w LEFT JOIN tb_works_url u ON w.works_id = u.works_id WHERE w.works_status LIKE concat('%', ?, '%') 
2020-03-29 11:18:04.837 DEBUG --- [http-nio-8762-exec-6] com.vtu.mapper.WorksMapper.findAuditingWorks_COUNT Line:143 - ==> Parameters: pass(String)
2020-03-29 11:18:04.877 DEBUG --- [http-nio-8762-exec-6] com.vtu.mapper.WorksMapper.findAuditingWorks_COUNT Line:143 - <==      Total: 1
2020-03-29 11:18:04.879 DEBUG --- [http-nio-8762-exec-6] com.vtu.mapper.WorksMapper.findAuditingWorks Line:143 - ==>  Preparing: SELECT w.works_id, w.works_title, w.works_desc, w.price,w.key_word, w.types_id,w.works_status,w.colorSytem,w.works_duration,channel,version, u.works_url_id,u.works_id, u.works_url,u.works_md5,u.works_name,u.works_size,u.compress_url,u.preview_url,u.synthesis_url FROM tb_works w LEFT JOIN tb_works_url u ON w.works_id = u.works_id WHERE w.works_status LIKE concat('%',?,'%') ORDER BY w.works_id desc LIMIT ? 
2020-03-29 11:18:04.879 DEBUG --- [http-nio-8762-exec-6] com.vtu.mapper.WorksMapper.findAuditingWorks Line:143 - ==> Parameters: pass(String), 4(Integer)
2020-03-29 11:18:04.922 DEBUG --- [http-nio-8762-exec-6] com.vtu.mapper.WorksMapper.findAuditingWorks Line:143 - <==      Total: 3
2020-03-29 11:24:59.895 DEBUG --- [http-nio-8762-exec-8] com.vtu.mapper.WorksMapper.getWorksById Line:143 - ==>  Preparing: SELECT w.works_id, w.works_title, w.works_desc, w.price, w.key_word, w.types_id, w.channel,w.version, w.works_status, w.colorSytem,w.works_duration, u.works_url_id, u.works_url works_url, u.works_md5, u.works_name, u.works_size, u.compress_url, u.preview_url, u.synthesis_url FROM ( SELECT * FROM tb_works WHERE works_id = ? ) w LEFT JOIN tb_works_url u ON w.works_id = u.works_id 
2020-03-29 11:24:59.896 DEBUG --- [http-nio-8762-exec-8] com.vtu.mapper.WorksMapper.getWorksById Line:143 - ==> Parameters: 73(String)
2020-03-29 11:24:59.937 DEBUG --- [http-nio-8762-exec-8] com.vtu.mapper.WorksMapper.getWorksById Line:143 - <==      Total: 1
2020-03-29 11:24:59.945 DEBUG --- [http-nio-8762-exec-9] com.vtu.mapper.PersonalBalanceMapper.getPersonalBalanceByAccountId Line:143 - ==>  Preparing: select personal_money_id, account_id, balance from tb_personal_balance where account_id = ? 
2020-03-29 11:24:59.946 DEBUG --- [http-nio-8762-exec-9] com.vtu.mapper.PersonalBalanceMapper.getPersonalBalanceByAccountId Line:143 - ==> Parameters: 12(Long)
2020-03-29 11:24:59.987 DEBUG --- [http-nio-8762-exec-9] com.vtu.mapper.PersonalBalanceMapper.getPersonalBalanceByAccountId Line:143 - <==      Total: 1
2020-03-29 11:25:01.331 DEBUG --- [http-nio-8762-exec-10] com.vtu.mapper.WorksMapper.findAuditingWorks_COUNT Line:143 - ==>  Preparing: SELECT count(0) FROM tb_works w LEFT JOIN tb_works_url u ON w.works_id = u.works_id WHERE w.works_status LIKE concat('%', ?, '%') 
2020-03-29 11:25:01.332 DEBUG --- [http-nio-8762-exec-10] com.vtu.mapper.WorksMapper.findAuditingWorks_COUNT Line:143 - ==> Parameters: pass(String)
2020-03-29 11:25:01.371 DEBUG --- [http-nio-8762-exec-10] com.vtu.mapper.WorksMapper.findAuditingWorks_COUNT Line:143 - <==      Total: 1
2020-03-29 11:25:01.373 DEBUG --- [http-nio-8762-exec-10] com.vtu.mapper.WorksMapper.findAuditingWorks Line:143 - ==>  Preparing: SELECT w.works_id, w.works_title, w.works_desc, w.price,w.key_word, w.types_id,w.works_status,w.colorSytem,w.works_duration,channel,version, u.works_url_id,u.works_id, u.works_url,u.works_md5,u.works_name,u.works_size,u.compress_url,u.preview_url,u.synthesis_url FROM tb_works w LEFT JOIN tb_works_url u ON w.works_id = u.works_id WHERE w.works_status LIKE concat('%',?,'%') ORDER BY w.works_id desc LIMIT ? 
2020-03-29 11:25:01.374 DEBUG --- [http-nio-8762-exec-10] com.vtu.mapper.WorksMapper.findAuditingWorks Line:143 - ==> Parameters: pass(String), 4(Integer)
2020-03-29 11:25:01.418 DEBUG --- [http-nio-8762-exec-10] com.vtu.mapper.WorksMapper.findAuditingWorks Line:143 - <==      Total: 3
2020-03-29 11:25:19.081 DEBUG --- [http-nio-8762-exec-2] com.vtu.mapper.CustomerMapper.selectByAuthCode Line:143 - ==>  Preparing: select account_id, account, password, name, phone, id_card, remain, is_vip, is_shoper, email, email_send_time,wxId, qqId,authCode,isAuth,sex from tb_customer where authCode = ? 
2020-03-29 11:25:19.082 DEBUG --- [http-nio-8762-exec-2] com.vtu.mapper.CustomerMapper.selectByAuthCode Line:143 - ==> Parameters: 1234(String)
2020-03-29 11:25:19.122 DEBUG --- [http-nio-8762-exec-2] com.vtu.mapper.CustomerMapper.selectByAuthCode Line:143 - <==      Total: 1
2020-03-29 11:25:19.124 DEBUG --- [http-nio-8762-exec-2] com.vtu.mapper.CustomerVipMapper.selectByAccountId Line:143 - ==>  Preparing: select id, account_id, vip_detail_id, start_time, end_time, is_vip from tb_customer_vip where account_id = ? 
2020-03-29 11:25:19.125 DEBUG --- [http-nio-8762-exec-2] com.vtu.mapper.CustomerVipMapper.selectByAccountId Line:143 - ==> Parameters: 12(Long)
2020-03-29 11:25:19.165 DEBUG --- [http-nio-8762-exec-2] com.vtu.mapper.CustomerVipMapper.selectByAccountId Line:143 - <==      Total: 0
2020-03-29 11:25:19.167 DEBUG --- [http-nio-8762-exec-2] com.vtu.mapper.CustomerMapper.updateByPrimaryKey Line:143 - ==>  Preparing: update tb_customer set account = ?, password = ?, name = ?, sex = ?, phone = ?, id_card = ?, remain = ?, is_vip = ?, is_shoper = ?, email = ?, email_send_time = ?, wxId = ?, qqId = ?, authCode = ?, isAuth = ? where account_id = ? 
2020-03-29 11:25:19.168 DEBUG --- [http-nio-8762-exec-2] com.vtu.mapper.CustomerMapper.updateByPrimaryKey Line:143 - ==> Parameters: VT20200124153831154(String), null, 视频大师(String), null, null, null, null, null, null, 123213(String), 2020-01-24 15:38:31:154(String), null, null, 1234(String), true(String), 12(Long)
2020-03-29 11:25:19.250 DEBUG --- [http-nio-8762-exec-2] com.vtu.mapper.CustomerMapper.updateByPrimaryKey Line:143 - <==    Updates: 1
2020-03-29 11:25:20.496 DEBUG --- [http-nio-8762-exec-3] com.vtu.mapper.WorksMapper.findAuditingWorks_COUNT Line:143 - ==>  Preparing: SELECT count(0) FROM tb_works w LEFT JOIN tb_works_url u ON w.works_id = u.works_id WHERE w.works_status LIKE concat('%', ?, '%') 
2020-03-29 11:25:20.499 DEBUG --- [http-nio-8762-exec-3] com.vtu.mapper.WorksMapper.findAuditingWorks_COUNT Line:143 - ==> Parameters: pass(String)
2020-03-29 11:25:20.541 DEBUG --- [http-nio-8762-exec-3] com.vtu.mapper.WorksMapper.findAuditingWorks_COUNT Line:143 - <==      Total: 1
2020-03-29 11:25:20.542 DEBUG --- [http-nio-8762-exec-3] com.vtu.mapper.WorksMapper.findAuditingWorks Line:143 - ==>  Preparing: SELECT w.works_id, w.works_title, w.works_desc, w.price,w.key_word, w.types_id,w.works_status,w.colorSytem,w.works_duration,channel,version, u.works_url_id,u.works_id, u.works_url,u.works_md5,u.works_name,u.works_size,u.compress_url,u.preview_url,u.synthesis_url FROM tb_works w LEFT JOIN tb_works_url u ON w.works_id = u.works_id WHERE w.works_status LIKE concat('%',?,'%') ORDER BY w.works_id desc LIMIT ? 
2020-03-29 11:25:20.544 DEBUG --- [http-nio-8762-exec-3] com.vtu.mapper.WorksMapper.findAuditingWorks Line:143 - ==> Parameters: pass(String), 4(Integer)
2020-03-29 11:25:20.591 DEBUG --- [http-nio-8762-exec-3] com.vtu.mapper.WorksMapper.findAuditingWorks Line:143 - <==      Total: 3
2020-03-29 11:25:22.586 DEBUG --- [http-nio-8762-exec-4] com.vtu.mapper.WorksMapper.getWorksById Line:143 - ==>  Preparing: SELECT w.works_id, w.works_title, w.works_desc, w.price, w.key_word, w.types_id, w.channel,w.version, w.works_status, w.colorSytem,w.works_duration, u.works_url_id, u.works_url works_url, u.works_md5, u.works_name, u.works_size, u.compress_url, u.preview_url, u.synthesis_url FROM ( SELECT * FROM tb_works WHERE works_id = ? ) w LEFT JOIN tb_works_url u ON w.works_id = u.works_id 
2020-03-29 11:25:22.587 DEBUG --- [http-nio-8762-exec-4] com.vtu.mapper.WorksMapper.getWorksById Line:143 - ==> Parameters: 53(String)
2020-03-29 11:25:22.629 DEBUG --- [http-nio-8762-exec-4] com.vtu.mapper.WorksMapper.getWorksById Line:143 - <==      Total: 1
2020-03-29 11:25:22.635 DEBUG --- [http-nio-8762-exec-5] com.vtu.mapper.PersonalBalanceMapper.getPersonalBalanceByAccountId Line:143 - ==>  Preparing: select personal_money_id, account_id, balance from tb_personal_balance where account_id = ? 
2020-03-29 11:25:22.635 DEBUG --- [http-nio-8762-exec-5] com.vtu.mapper.PersonalBalanceMapper.getPersonalBalanceByAccountId Line:143 - ==> Parameters: 12(Long)
2020-03-29 11:25:22.686 DEBUG --- [http-nio-8762-exec-5] com.vtu.mapper.PersonalBalanceMapper.getPersonalBalanceByAccountId Line:143 - <==      Total: 1
2020-03-29 11:25:24.213 DEBUG --- [http-nio-8762-exec-6] com.vtu.mapper.WorksMapper.findAuditingWorks_COUNT Line:143 - ==>  Preparing: SELECT count(0) FROM tb_works w LEFT JOIN tb_works_url u ON w.works_id = u.works_id WHERE w.works_status LIKE concat('%', ?, '%') 
2020-03-29 11:25:24.214 DEBUG --- [http-nio-8762-exec-6] com.vtu.mapper.WorksMapper.findAuditingWorks_COUNT Line:143 - ==> Parameters: pass(String)
2020-03-29 11:25:24.302 DEBUG --- [http-nio-8762-exec-6] com.vtu.mapper.WorksMapper.findAuditingWorks_COUNT Line:143 - <==      Total: 1
2020-03-29 11:25:24.304 DEBUG --- [http-nio-8762-exec-6] com.vtu.mapper.WorksMapper.findAuditingWorks Line:143 - ==>  Preparing: SELECT w.works_id, w.works_title, w.works_desc, w.price,w.key_word, w.types_id,w.works_status,w.colorSytem,w.works_duration,channel,version, u.works_url_id,u.works_id, u.works_url,u.works_md5,u.works_name,u.works_size,u.compress_url,u.preview_url,u.synthesis_url FROM tb_works w LEFT JOIN tb_works_url u ON w.works_id = u.works_id WHERE w.works_status LIKE concat('%',?,'%') ORDER BY w.works_id desc LIMIT ? 
2020-03-29 11:25:24.305 DEBUG --- [http-nio-8762-exec-6] com.vtu.mapper.WorksMapper.findAuditingWorks Line:143 - ==> Parameters: pass(String), 4(Integer)
2020-03-29 11:25:24.346 DEBUG --- [http-nio-8762-exec-6] com.vtu.mapper.WorksMapper.findAuditingWorks Line:143 - <==      Total: 3
2020-03-29 11:26:41.735 DEBUG --- [http-nio-8762-exec-8] com.vtu.mapper.VipMapper.selectByVipType Line:143 - ==>  Preparing: SELECT id, vip_type, type_name , vip_detail_id,vip_id, vip_name, time_long, time_unit, com_material, material, modial_material, custom_discount,prices, invoice_type,sort_num FROM tb_vip LEFT JOIN tb_vip_detail ON id = vip_id AND vip_type = ? ORDER BY vip_detail_id 
2020-03-29 11:26:41.736 DEBUG --- [http-nio-8762-exec-8] com.vtu.mapper.VipMapper.selectByVipType Line:143 - ==> Parameters: 1(Long)
2020-03-29 11:26:41.784 DEBUG --- [http-nio-8762-exec-8] com.vtu.mapper.VipMapper.selectByVipType Line:143 - <==      Total: 13
2020-03-29 11:26:41.785 DEBUG --- [http-nio-8762-exec-9] com.vtu.mapper.VipMapper.selectByVipType Line:143 - ==>  Preparing: SELECT id, vip_type, type_name , vip_detail_id,vip_id, vip_name, time_long, time_unit, com_material, material, modial_material, custom_discount,prices, invoice_type,sort_num FROM tb_vip LEFT JOIN tb_vip_detail ON id = vip_id AND vip_type = ? ORDER BY vip_detail_id 
2020-03-29 11:26:41.786 DEBUG --- [http-nio-8762-exec-9] com.vtu.mapper.VipMapper.selectByVipType Line:143 - ==> Parameters: 1(Long)
2020-03-29 11:26:41.836 DEBUG --- [http-nio-8762-exec-9] com.vtu.mapper.VipMapper.selectByVipType Line:143 - <==      Total: 13
2020-03-29 11:26:41.837 DEBUG --- [http-nio-8762-exec-10] com.vtu.mapper.RechargeRecordMapper.findAllByAccountId_COUNT Line:143 - ==>  Preparing: SELECT count(0) FROM tb_recharge_record WHERE account_id = ? 
2020-03-29 11:26:41.839 DEBUG --- [http-nio-8762-exec-10] com.vtu.mapper.RechargeRecordMapper.findAllByAccountId_COUNT Line:143 - ==> Parameters: 12(Long)
2020-03-29 11:26:41.878 DEBUG --- [http-nio-8762-exec-10] com.vtu.mapper.RechargeRecordMapper.findAllByAccountId_COUNT Line:143 - <==      Total: 1
2020-03-29 11:26:41.881 DEBUG --- [http-nio-8762-exec-10] com.vtu.mapper.RechargeRecordMapper.findAllByAccountId Line:143 - ==>  Preparing: select recharge_id, account_id, recharge_time, recharge_money from tb_recharge_record where account_id = ? LIMIT ? 
2020-03-29 11:26:41.882 DEBUG --- [http-nio-8762-exec-10] com.vtu.mapper.RechargeRecordMapper.findAllByAccountId Line:143 - ==> Parameters: 12(Long), 5(Integer)
2020-03-29 11:26:41.924 DEBUG --- [http-nio-8762-exec-10] com.vtu.mapper.RechargeRecordMapper.findAllByAccountId Line:143 - <==      Total: 3
2020-03-29 11:26:41.925 DEBUG --- [http-nio-8762-exec-1] com.vtu.mapper.WorksDownloadMapper.findAllByAccountId_COUNT Line:143 - ==>  Preparing: SELECT count(0) FROM tb_works_download f LEFT JOIN tb_works w ON f.works_id = w.works_id LEFT JOIN tb_works_url u ON f.works_id = u.works_id WHERE f.account_id = ? 
2020-03-29 11:26:41.925 DEBUG --- [http-nio-8762-exec-1] com.vtu.mapper.WorksDownloadMapper.findAllByAccountId_COUNT Line:143 - ==> Parameters: 12(Long)
2020-03-29 11:26:41.965 DEBUG --- [http-nio-8762-exec-1] com.vtu.mapper.WorksDownloadMapper.findAllByAccountId_COUNT Line:143 - <==      Total: 1
2020-03-29 11:26:41.966 DEBUG --- [http-nio-8762-exec-1] com.vtu.mapper.WorksDownloadMapper.findAllByAccountId Line:143 - ==>  Preparing: select f.down_id, f.account_id, f.works_id, f.down_time, w.works_desc,w.price, u.preview_url from tb_works_download f LEFT JOIN tb_works w ON f.works_id = w.works_id LEFT JOIN tb_works_url u ON f.works_id = u.works_id where f.account_id = ? ORDER BY f.down_time DESC LIMIT ? 
2020-03-29 11:26:41.967 DEBUG --- [http-nio-8762-exec-1] com.vtu.mapper.WorksDownloadMapper.findAllByAccountId Line:143 - ==> Parameters: 12(Long), 5(Integer)
2020-03-29 11:26:42.008 DEBUG --- [http-nio-8762-exec-1] com.vtu.mapper.WorksDownloadMapper.findAllByAccountId Line:143 - <==      Total: 2
2020-03-29 11:26:42.951 DEBUG --- [http-nio-8762-exec-2] com.vtu.mapper.VipMapper.selectByVipType Line:143 - ==>  Preparing: SELECT id, vip_type, type_name , vip_detail_id,vip_id, vip_name, time_long, time_unit, com_material, material, modial_material, custom_discount,prices, invoice_type,sort_num FROM tb_vip LEFT JOIN tb_vip_detail ON id = vip_id AND vip_type = ? ORDER BY vip_detail_id 
2020-03-29 11:26:42.952 DEBUG --- [http-nio-8762-exec-2] com.vtu.mapper.VipMapper.selectByVipType Line:143 - ==> Parameters: 1(Long)
2020-03-29 11:26:42.999 DEBUG --- [http-nio-8762-exec-2] com.vtu.mapper.VipMapper.selectByVipType Line:143 - <==      Total: 13
2020-03-29 11:26:43.343 DEBUG --- [http-nio-8762-exec-3] com.vtu.mapper.VipMapper.selectByVipType Line:143 - ==>  Preparing: SELECT id, vip_type, type_name , vip_detail_id,vip_id, vip_name, time_long, time_unit, com_material, material, modial_material, custom_discount,prices, invoice_type,sort_num FROM tb_vip LEFT JOIN tb_vip_detail ON id = vip_id AND vip_type = ? ORDER BY vip_detail_id 
2020-03-29 11:26:43.344 DEBUG --- [http-nio-8762-exec-3] com.vtu.mapper.VipMapper.selectByVipType Line:143 - ==> Parameters: 0(Long)
2020-03-29 11:26:43.385 DEBUG --- [http-nio-8762-exec-3] com.vtu.mapper.VipMapper.selectByVipType Line:143 - <==      Total: 4
2020-03-29 11:26:44.673 DEBUG --- [http-nio-8762-exec-4] com.vtu.mapper.PersonalBalanceMapper.getPersonalBalanceByAccountId Line:143 - ==>  Preparing: select personal_money_id, account_id, balance from tb_personal_balance where account_id = ? 
2020-03-29 11:26:44.674 DEBUG --- [http-nio-8762-exec-4] com.vtu.mapper.PersonalBalanceMapper.getPersonalBalanceByAccountId Line:143 - ==> Parameters: 12(Long)
2020-03-29 11:26:44.681 DEBUG --- [http-nio-8762-exec-5] com.vtu.mapper.RechargeRecordMapper.findAllByAccountId_COUNT Line:143 - ==>  Preparing: SELECT count(0) FROM tb_recharge_record WHERE account_id = ? 
2020-03-29 11:26:44.682 DEBUG --- [http-nio-8762-exec-5] com.vtu.mapper.RechargeRecordMapper.findAllByAccountId_COUNT Line:143 - ==> Parameters: 12(Long)
2020-03-29 11:26:44.713 DEBUG --- [http-nio-8762-exec-4] com.vtu.mapper.PersonalBalanceMapper.getPersonalBalanceByAccountId Line:143 - <==      Total: 1
2020-03-29 11:26:44.724 DEBUG --- [http-nio-8762-exec-5] com.vtu.mapper.RechargeRecordMapper.findAllByAccountId_COUNT Line:143 - <==      Total: 1
2020-03-29 11:26:44.725 DEBUG --- [http-nio-8762-exec-5] com.vtu.mapper.RechargeRecordMapper.findAllByAccountId Line:143 - ==>  Preparing: select recharge_id, account_id, recharge_time, recharge_money from tb_recharge_record where account_id = ? LIMIT ? 
2020-03-29 11:26:44.727 DEBUG --- [http-nio-8762-exec-5] com.vtu.mapper.RechargeRecordMapper.findAllByAccountId Line:143 - ==> Parameters: 12(Long), 5(Integer)
2020-03-29 11:26:44.770 DEBUG --- [http-nio-8762-exec-5] com.vtu.mapper.RechargeRecordMapper.findAllByAccountId Line:143 - <==      Total: 3
2020-03-29 11:26:45.775 DEBUG --- [http-nio-8762-exec-6] com.vtu.mapper.VipMapper.selectByVipType Line:143 - ==>  Preparing: SELECT id, vip_type, type_name , vip_detail_id,vip_id, vip_name, time_long, time_unit, com_material, material, modial_material, custom_discount,prices, invoice_type,sort_num FROM tb_vip LEFT JOIN tb_vip_detail ON id = vip_id AND vip_type = ? ORDER BY vip_detail_id 
2020-03-29 11:26:45.776 DEBUG --- [http-nio-8762-exec-6] com.vtu.mapper.VipMapper.selectByVipType Line:143 - ==> Parameters: 0(Long)
2020-03-29 11:26:45.817 DEBUG --- [http-nio-8762-exec-6] com.vtu.mapper.VipMapper.selectByVipType Line:143 - <==      Total: 4
2020-03-29 11:26:46.151 DEBUG --- [http-nio-8762-exec-7] com.vtu.mapper.VipMapper.selectByVipType Line:143 - ==>  Preparing: SELECT id, vip_type, type_name , vip_detail_id,vip_id, vip_name, time_long, time_unit, com_material, material, modial_material, custom_discount,prices, invoice_type,sort_num FROM tb_vip LEFT JOIN tb_vip_detail ON id = vip_id AND vip_type = ? ORDER BY vip_detail_id 
2020-03-29 11:26:46.152 DEBUG --- [http-nio-8762-exec-7] com.vtu.mapper.VipMapper.selectByVipType Line:143 - ==> Parameters: 1(Long)
2020-03-29 11:26:46.195 DEBUG --- [http-nio-8762-exec-7] com.vtu.mapper.VipMapper.selectByVipType Line:143 - <==      Total: 13
2020-03-29 11:26:47.887 DEBUG --- [http-nio-8762-exec-9] com.vtu.mapper.PersonalBalanceMapper.getPersonalBalanceByAccountId Line:143 - ==>  Preparing: select personal_money_id, account_id, balance from tb_personal_balance where account_id = ? 
2020-03-29 11:26:47.888 DEBUG --- [http-nio-8762-exec-9] com.vtu.mapper.PersonalBalanceMapper.getPersonalBalanceByAccountId Line:143 - ==> Parameters: 12(Long)
2020-03-29 11:26:47.903 DEBUG --- [http-nio-8762-exec-10] com.vtu.mapper.RechargeRecordMapper.findAllByAccountId_COUNT Line:143 - ==>  Preparing: SELECT count(0) FROM tb_recharge_record WHERE account_id = ? 
2020-03-29 11:26:47.904 DEBUG --- [http-nio-8762-exec-10] com.vtu.mapper.RechargeRecordMapper.findAllByAccountId_COUNT Line:143 - ==> Parameters: 12(Long)
2020-03-29 11:26:47.928 DEBUG --- [http-nio-8762-exec-9] com.vtu.mapper.PersonalBalanceMapper.getPersonalBalanceByAccountId Line:143 - <==      Total: 1
2020-03-29 11:26:47.941 DEBUG --- [http-nio-8762-exec-10] com.vtu.mapper.RechargeRecordMapper.findAllByAccountId_COUNT Line:143 - <==      Total: 1
2020-03-29 11:26:47.942 DEBUG --- [http-nio-8762-exec-10] com.vtu.mapper.RechargeRecordMapper.findAllByAccountId Line:143 - ==>  Preparing: select recharge_id, account_id, recharge_time, recharge_money from tb_recharge_record where account_id = ? LIMIT ? 
2020-03-29 11:26:47.943 DEBUG --- [http-nio-8762-exec-10] com.vtu.mapper.RechargeRecordMapper.findAllByAccountId Line:143 - ==> Parameters: 12(Long), 5(Integer)
2020-03-29 11:26:47.981 DEBUG --- [http-nio-8762-exec-10] com.vtu.mapper.RechargeRecordMapper.findAllByAccountId Line:143 - <==      Total: 3
2020-03-29 11:26:51.401 DEBUG --- [http-nio-8762-exec-1] com.vtu.mapper.WorksDownloadMapper.findAllByAccountId_COUNT Line:143 - ==>  Preparing: SELECT count(0) FROM tb_works_download f LEFT JOIN tb_works w ON f.works_id = w.works_id LEFT JOIN tb_works_url u ON f.works_id = u.works_id WHERE f.account_id = ? 
2020-03-29 11:26:51.402 DEBUG --- [http-nio-8762-exec-1] com.vtu.mapper.WorksDownloadMapper.findAllByAccountId_COUNT Line:143 - ==> Parameters: 12(Long)
2020-03-29 11:26:51.442 DEBUG --- [http-nio-8762-exec-1] com.vtu.mapper.WorksDownloadMapper.findAllByAccountId_COUNT Line:143 - <==      Total: 1
2020-03-29 11:26:51.444 DEBUG --- [http-nio-8762-exec-1] com.vtu.mapper.WorksDownloadMapper.findAllByAccountId Line:143 - ==>  Preparing: select f.down_id, f.account_id, f.works_id, f.down_time, w.works_desc,w.price, u.preview_url from tb_works_download f LEFT JOIN tb_works w ON f.works_id = w.works_id LEFT JOIN tb_works_url u ON f.works_id = u.works_id where f.account_id = ? ORDER BY f.down_time DESC LIMIT ? 
2020-03-29 11:26:51.445 DEBUG --- [http-nio-8762-exec-1] com.vtu.mapper.WorksDownloadMapper.findAllByAccountId Line:143 - ==> Parameters: 12(Long), 5(Integer)
2020-03-29 11:26:51.486 DEBUG --- [http-nio-8762-exec-1] com.vtu.mapper.WorksDownloadMapper.findAllByAccountId Line:143 - <==      Total: 2
2020-03-29 11:26:56.301 DEBUG --- [http-nio-8762-exec-3] com.vtu.mapper.WorksDownloadMapper.findAllByAccountId_COUNT Line:143 - ==>  Preparing: SELECT count(0) FROM tb_works_download f LEFT JOIN tb_works w ON f.works_id = w.works_id LEFT JOIN tb_works_url u ON f.works_id = u.works_id WHERE f.account_id = ? 
2020-03-29 11:26:56.303 DEBUG --- [http-nio-8762-exec-3] com.vtu.mapper.WorksDownloadMapper.findAllByAccountId_COUNT Line:143 - ==> Parameters: 12(Long)
2020-03-29 11:26:56.345 DEBUG --- [http-nio-8762-exec-3] com.vtu.mapper.WorksDownloadMapper.findAllByAccountId_COUNT Line:143 - <==      Total: 1
2020-03-29 11:26:56.346 DEBUG --- [http-nio-8762-exec-3] com.vtu.mapper.WorksDownloadMapper.findAllByAccountId Line:143 - ==>  Preparing: select f.down_id, f.account_id, f.works_id, f.down_time, w.works_desc,w.price, u.preview_url from tb_works_download f LEFT JOIN tb_works w ON f.works_id = w.works_id LEFT JOIN tb_works_url u ON f.works_id = u.works_id where f.account_id = ? ORDER BY f.down_time DESC LIMIT ? 
2020-03-29 11:26:56.347 DEBUG --- [http-nio-8762-exec-3] com.vtu.mapper.WorksDownloadMapper.findAllByAccountId Line:143 - ==> Parameters: 12(Long), 5(Integer)
2020-03-29 11:26:56.388 DEBUG --- [http-nio-8762-exec-3] com.vtu.mapper.WorksDownloadMapper.findAllByAccountId Line:143 - <==      Total: 2
2020-03-29 11:26:56.927 DEBUG --- [http-nio-8762-exec-5] com.vtu.mapper.PersonalBalanceMapper.getPersonalBalanceByAccountId Line:143 - ==>  Preparing: select personal_money_id, account_id, balance from tb_personal_balance where account_id = ? 
2020-03-29 11:26:56.928 DEBUG --- [http-nio-8762-exec-5] com.vtu.mapper.PersonalBalanceMapper.getPersonalBalanceByAccountId Line:143 - ==> Parameters: 12(Long)
2020-03-29 11:26:56.933 DEBUG --- [http-nio-8762-exec-6] com.vtu.mapper.RechargeRecordMapper.findAllByAccountId_COUNT Line:143 - ==>  Preparing: SELECT count(0) FROM tb_recharge_record WHERE account_id = ? 
2020-03-29 11:26:56.934 DEBUG --- [http-nio-8762-exec-6] com.vtu.mapper.RechargeRecordMapper.findAllByAccountId_COUNT Line:143 - ==> Parameters: 12(Long)
2020-03-29 11:26:56.968 DEBUG --- [http-nio-8762-exec-5] com.vtu.mapper.PersonalBalanceMapper.getPersonalBalanceByAccountId Line:143 - <==      Total: 1
2020-03-29 11:26:56.973 DEBUG --- [http-nio-8762-exec-6] com.vtu.mapper.RechargeRecordMapper.findAllByAccountId_COUNT Line:143 - <==      Total: 1
2020-03-29 11:26:56.975 DEBUG --- [http-nio-8762-exec-6] com.vtu.mapper.RechargeRecordMapper.findAllByAccountId Line:143 - ==>  Preparing: select recharge_id, account_id, recharge_time, recharge_money from tb_recharge_record where account_id = ? LIMIT ? 
2020-03-29 11:26:56.976 DEBUG --- [http-nio-8762-exec-6] com.vtu.mapper.RechargeRecordMapper.findAllByAccountId Line:143 - ==> Parameters: 12(Long), 5(Integer)
2020-03-29 11:26:57.015 DEBUG --- [http-nio-8762-exec-6] com.vtu.mapper.RechargeRecordMapper.findAllByAccountId Line:143 - <==      Total: 3
2020-03-29 11:26:57.560 DEBUG --- [http-nio-8762-exec-7] com.vtu.mapper.VipMapper.selectByVipType Line:143 - ==>  Preparing: SELECT id, vip_type, type_name , vip_detail_id,vip_id, vip_name, time_long, time_unit, com_material, material, modial_material, custom_discount,prices, invoice_type,sort_num FROM tb_vip LEFT JOIN tb_vip_detail ON id = vip_id AND vip_type = ? ORDER BY vip_detail_id 
2020-03-29 11:26:57.561 DEBUG --- [http-nio-8762-exec-7] com.vtu.mapper.VipMapper.selectByVipType Line:143 - ==> Parameters: 0(Long)
2020-03-29 11:26:57.605 DEBUG --- [http-nio-8762-exec-7] com.vtu.mapper.VipMapper.selectByVipType Line:143 - <==      Total: 4
2020-03-29 11:26:57.880 DEBUG --- [http-nio-8762-exec-8] com.vtu.mapper.VipMapper.selectByVipType Line:143 - ==>  Preparing: SELECT id, vip_type, type_name , vip_detail_id,vip_id, vip_name, time_long, time_unit, com_material, material, modial_material, custom_discount,prices, invoice_type,sort_num FROM tb_vip LEFT JOIN tb_vip_detail ON id = vip_id AND vip_type = ? ORDER BY vip_detail_id 
2020-03-29 11:26:57.881 DEBUG --- [http-nio-8762-exec-8] com.vtu.mapper.VipMapper.selectByVipType Line:143 - ==> Parameters: 1(Long)
2020-03-29 11:26:57.923 DEBUG --- [http-nio-8762-exec-8] com.vtu.mapper.VipMapper.selectByVipType Line:143 - <==      Total: 13
