2020-11-09 19:39:27.236 DEBUG --- [restartedMain] org.apache.ibatis.logging.LogFactory Line:105 - Logging initialized using 'class org.apache.ibatis.logging.slf4j.Slf4jImpl' adapter.
2020-11-09 19:40:55.224 DEBUG --- [http-nio-8762-exec-2] com.vtu.mapper.ManageMapper.findMange Line:143 - ==>  Preparing: select manage_id, manage_count, manage_password, manage_name, manage_desc from tb_manage WHERE manage_count = ? 
2020-11-09 19:40:55.271 DEBUG --- [http-nio-8762-exec-2] com.vtu.mapper.ManageMapper.findMange Line:143 - ==> Parameters: abc(String)
2020-11-09 19:40:55.337 DEBUG --- [http-nio-8762-exec-2] com.vtu.mapper.ManageMapper.findMange Line:143 - <==      Total: 1
2020-11-09 19:40:55.341 DEBUG --- [http-nio-8762-exec-1] com.vtu.mapper.ManageMapper.findMange Line:143 - ==>  Preparing: select manage_id, manage_count, manage_password, manage_name, manage_desc from tb_manage WHERE manage_count = ? 
2020-11-09 19:40:55.343 DEBUG --- [http-nio-8762-exec-1] com.vtu.mapper.ManageMapper.findMange Line:143 - ==> Parameters: abc(String)
2020-11-09 19:40:55.372 DEBUG --- [http-nio-8762-exec-1] com.vtu.mapper.ManageMapper.findMange Line:143 - <==      Total: 1
2020-11-09 19:41:00.314 DEBUG --- [http-nio-8762-exec-3] com.vtu.mapper.CustomerMapper.selectByCustomer_COUNT Line:143 - ==>  Preparing: SELECT count(0) FROM tb_customer WHERE is_shoper = ? AND is_shoper = ? 
2020-11-09 19:41:00.315 DEBUG --- [http-nio-8762-exec-3] com.vtu.mapper.CustomerMapper.selectByCustomer_COUNT Line:143 - ==> Parameters: true(String), true(String)
2020-11-09 19:41:00.346 DEBUG --- [http-nio-8762-exec-3] com.vtu.mapper.CustomerMapper.selectByCustomer_COUNT Line:143 - <==      Total: 1
2020-11-09 19:41:12.037 DEBUG --- [http-nio-8762-exec-6] com.vtu.mapper.CustomerMapper.selectByCustomer_COUNT Line:143 - ==>  Preparing: SELECT count(0) FROM tb_customer WHERE is_shoper = ? AND is_shoper = ? 
2020-11-09 19:41:12.040 DEBUG --- [http-nio-8762-exec-6] com.vtu.mapper.CustomerMapper.selectByCustomer_COUNT Line:143 - ==> Parameters: true(String), true(String)
2020-11-09 19:41:12.069 DEBUG --- [http-nio-8762-exec-6] com.vtu.mapper.CustomerMapper.selectByCustomer_COUNT Line:143 - <==      Total: 1
2020-11-09 19:41:28.634 DEBUG --- [http-nio-8762-exec-8] com.vtu.mapper.CustomerMapper.selectByCustomer_COUNT Line:143 - ==>  Preparing: SELECT count(0) FROM tb_customer WHERE is_shoper = ? AND is_shoper = ? 
2020-11-09 19:41:28.635 DEBUG --- [http-nio-8762-exec-8] com.vtu.mapper.CustomerMapper.selectByCustomer_COUNT Line:143 - ==> Parameters: true(String), true(String)
2020-11-09 19:41:28.667 DEBUG --- [http-nio-8762-exec-8] com.vtu.mapper.CustomerMapper.selectByCustomer_COUNT Line:143 - <==      Total: 1
2020-11-09 19:42:30.772 DEBUG --- [http-nio-8762-exec-10] com.vtu.mapper.CustomerMapper.selectByCustomer_COUNT Line:143 - ==>  Preparing: SELECT count(0) FROM tb_customer WHERE is_shoper = ? AND is_shoper = ? 
2020-11-09 19:42:30.773 DEBUG --- [http-nio-8762-exec-10] com.vtu.mapper.CustomerMapper.selectByCustomer_COUNT Line:143 - ==> Parameters: true(String), true(String)
2020-11-09 19:42:30.803 DEBUG --- [http-nio-8762-exec-10] com.vtu.mapper.CustomerMapper.selectByCustomer_COUNT Line:143 - <==      Total: 1
2020-11-09 19:43:47.632 DEBUG --- [http-nio-8762-exec-3] com.vtu.mapper.ManageMapper.findMange Line:143 - ==>  Preparing: select manage_id, manage_count, manage_password, manage_name, manage_desc from tb_manage WHERE manage_count = ? 
2020-11-09 19:43:47.633 DEBUG --- [http-nio-8762-exec-3] com.vtu.mapper.ManageMapper.findMange Line:143 - ==> Parameters: abc(String)
2020-11-09 19:43:47.662 DEBUG --- [http-nio-8762-exec-3] com.vtu.mapper.ManageMapper.findMange Line:143 - <==      Total: 1
2020-11-09 19:43:47.665 DEBUG --- [http-nio-8762-exec-4] com.vtu.mapper.ManageMapper.findMange Line:143 - ==>  Preparing: select manage_id, manage_count, manage_password, manage_name, manage_desc from tb_manage WHERE manage_count = ? 
2020-11-09 19:43:47.669 DEBUG --- [http-nio-8762-exec-4] com.vtu.mapper.ManageMapper.findMange Line:143 - ==> Parameters: abc(String)
2020-11-09 19:43:47.702 DEBUG --- [http-nio-8762-exec-4] com.vtu.mapper.ManageMapper.findMange Line:143 - <==      Total: 1
2020-11-09 19:43:53.033 DEBUG --- [http-nio-8762-exec-9] com.vtu.mapper.CustomerMapper.selectByCustomer_COUNT Line:143 - ==>  Preparing: SELECT count(0) FROM tb_customer WHERE is_shoper = ? AND is_shoper = ? 
2020-11-09 19:43:53.034 DEBUG --- [http-nio-8762-exec-9] com.vtu.mapper.CustomerMapper.selectByCustomer_COUNT Line:143 - ==> Parameters: true(String), true(String)
2020-11-09 19:43:53.064 DEBUG --- [http-nio-8762-exec-9] com.vtu.mapper.CustomerMapper.selectByCustomer_COUNT Line:143 - <==      Total: 1
2020-11-09 19:47:01.613 DEBUG --- [http-nio-8762-exec-7] com.vtu.mapper.CustomerMapper.selectByCustomer_COUNT Line:143 - ==>  Preparing: SELECT count(0) FROM tb_customer WHERE is_shoper = ? AND is_shoper = ? 
2020-11-09 19:47:01.617 DEBUG --- [http-nio-8762-exec-7] com.vtu.mapper.CustomerMapper.selectByCustomer_COUNT Line:143 - ==> Parameters: true(String), true(String)
2020-11-09 19:47:01.650 DEBUG --- [http-nio-8762-exec-7] com.vtu.mapper.CustomerMapper.selectByCustomer_COUNT Line:143 - <==      Total: 1
2020-11-09 19:48:08.573 DEBUG --- [restartedMain] org.apache.ibatis.logging.LogFactory Line:105 - Logging initialized using 'class org.apache.ibatis.logging.slf4j.Slf4jImpl' adapter.
2020-11-09 19:48:26.294 DEBUG --- [http-nio-8762-exec-1] com.vtu.mapper.CustomerMapper.selectByCustomer_COUNT Line:143 - ==>  Preparing: SELECT count(0) FROM tb_customer WHERE is_shoper = ? AND is_shoper = ? 
2020-11-09 19:48:26.330 DEBUG --- [http-nio-8762-exec-1] com.vtu.mapper.CustomerMapper.selectByCustomer_COUNT Line:143 - ==> Parameters: true(String), true(String)
2020-11-09 19:48:26.391 DEBUG --- [http-nio-8762-exec-1] com.vtu.mapper.CustomerMapper.selectByCustomer_COUNT Line:143 - <==      Total: 1
2020-11-09 19:48:26.403 DEBUG --- [http-nio-8762-exec-1] com.vtu.mapper.CustomerMapper.selectByCustomer Line:143 - ==>  Preparing: select account_id, account, password, name, phone, id_card, remain, is_vip, is_shoper, email, email_send_time,wxId, qqId,authCode,isAuth, sex,header_image_url,head_portrait_url,id_card_url,passport_url,business_liscence_url,protocol_url,shoper_type,shoper_status from tb_customer WHERE is_shoper = ? and is_shoper = ? LIMIT ? 
2020-11-09 19:48:26.405 DEBUG --- [http-nio-8762-exec-1] com.vtu.mapper.CustomerMapper.selectByCustomer Line:143 - ==> Parameters: true(String), true(String), 10(Integer)
2020-11-09 19:48:26.438 DEBUG --- [http-nio-8762-exec-1] com.vtu.mapper.CustomerMapper.selectByCustomer Line:143 - <==      Total: 2
2020-11-09 19:48:30.627 DEBUG --- [http-nio-8762-exec-2] com.vtu.mapper.CustomerMapper.selectByCustomer_COUNT Line:143 - ==>  Preparing: SELECT count(0) FROM tb_customer WHERE is_shoper = ? AND is_shoper = ? 
2020-11-09 19:48:30.629 DEBUG --- [http-nio-8762-exec-2] com.vtu.mapper.CustomerMapper.selectByCustomer_COUNT Line:143 - ==> Parameters: true(String), true(String)
2020-11-09 19:48:30.665 DEBUG --- [http-nio-8762-exec-2] com.vtu.mapper.CustomerMapper.selectByCustomer_COUNT Line:143 - <==      Total: 1
2020-11-09 19:48:30.666 DEBUG --- [http-nio-8762-exec-2] com.vtu.mapper.CustomerMapper.selectByCustomer Line:143 - ==>  Preparing: select account_id, account, password, name, phone, id_card, remain, is_vip, is_shoper, email, email_send_time,wxId, qqId,authCode,isAuth, sex,header_image_url,head_portrait_url,id_card_url,passport_url,business_liscence_url,protocol_url,shoper_type,shoper_status from tb_customer WHERE is_shoper = ? and is_shoper = ? LIMIT ? 
2020-11-09 19:48:30.667 DEBUG --- [http-nio-8762-exec-2] com.vtu.mapper.CustomerMapper.selectByCustomer Line:143 - ==> Parameters: true(String), true(String), 10(Integer)
2020-11-09 19:48:30.697 DEBUG --- [http-nio-8762-exec-2] com.vtu.mapper.CustomerMapper.selectByCustomer Line:143 - <==      Total: 2
2020-11-09 19:48:31.434 DEBUG --- [http-nio-8762-exec-3] com.vtu.mapper.CustomerMapper.selectByCustomer_COUNT Line:143 - ==>  Preparing: SELECT count(0) FROM tb_customer WHERE is_shoper = ? AND is_shoper = ? 
2020-11-09 19:48:31.435 DEBUG --- [http-nio-8762-exec-3] com.vtu.mapper.CustomerMapper.selectByCustomer_COUNT Line:143 - ==> Parameters: true(String), true(String)
2020-11-09 19:48:31.464 DEBUG --- [http-nio-8762-exec-3] com.vtu.mapper.CustomerMapper.selectByCustomer_COUNT Line:143 - <==      Total: 1
2020-11-09 19:48:31.467 DEBUG --- [http-nio-8762-exec-3] com.vtu.mapper.CustomerMapper.selectByCustomer Line:143 - ==>  Preparing: select account_id, account, password, name, phone, id_card, remain, is_vip, is_shoper, email, email_send_time,wxId, qqId,authCode,isAuth, sex,header_image_url,head_portrait_url,id_card_url,passport_url,business_liscence_url,protocol_url,shoper_type,shoper_status from tb_customer WHERE is_shoper = ? and is_shoper = ? LIMIT ? 
2020-11-09 19:48:31.468 DEBUG --- [http-nio-8762-exec-3] com.vtu.mapper.CustomerMapper.selectByCustomer Line:143 - ==> Parameters: true(String), true(String), 10(Integer)
2020-11-09 19:48:31.513 DEBUG --- [http-nio-8762-exec-3] com.vtu.mapper.CustomerMapper.selectByCustomer Line:143 - <==      Total: 2
2020-11-09 19:52:36.162 DEBUG --- [http-nio-8762-exec-6] com.vtu.mapper.CustomerMapper.selectByCustomer_COUNT Line:143 - ==>  Preparing: SELECT count(0) FROM tb_customer WHERE is_shoper = ? AND is_shoper = ? 
2020-11-09 19:52:36.165 DEBUG --- [http-nio-8762-exec-6] com.vtu.mapper.CustomerMapper.selectByCustomer_COUNT Line:143 - ==> Parameters: true(String), true(String)
2020-11-09 19:52:36.200 DEBUG --- [http-nio-8762-exec-6] com.vtu.mapper.CustomerMapper.selectByCustomer_COUNT Line:143 - <==      Total: 1
2020-11-09 19:52:36.207 DEBUG --- [http-nio-8762-exec-6] com.vtu.mapper.CustomerMapper.selectByCustomer Line:143 - ==>  Preparing: select account_id, account, password, name, phone, id_card, remain, is_vip, is_shoper, email, email_send_time,wxId, qqId,authCode,isAuth, sex,header_image_url,head_portrait_url,id_card_url,passport_url,business_liscence_url,protocol_url,shoper_type,shoper_status from tb_customer WHERE is_shoper = ? and is_shoper = ? LIMIT ? 
2020-11-09 19:52:36.212 DEBUG --- [http-nio-8762-exec-6] com.vtu.mapper.CustomerMapper.selectByCustomer Line:143 - ==> Parameters: true(String), true(String), 10(Integer)
2020-11-09 19:52:36.245 DEBUG --- [http-nio-8762-exec-6] com.vtu.mapper.CustomerMapper.selectByCustomer Line:143 - <==      Total: 2
2020-11-09 19:52:36.563 DEBUG --- [http-nio-8762-exec-5] com.vtu.mapper.CustomerMapper.selectByCustomer_COUNT Line:143 - ==>  Preparing: SELECT count(0) FROM tb_customer WHERE is_shoper = ? AND is_shoper = ? 
2020-11-09 19:52:36.564 DEBUG --- [http-nio-8762-exec-5] com.vtu.mapper.CustomerMapper.selectByCustomer_COUNT Line:143 - ==> Parameters: true(String), true(String)
2020-11-09 19:52:36.592 DEBUG --- [http-nio-8762-exec-5] com.vtu.mapper.CustomerMapper.selectByCustomer_COUNT Line:143 - <==      Total: 1
2020-11-09 19:52:36.594 DEBUG --- [http-nio-8762-exec-5] com.vtu.mapper.CustomerMapper.selectByCustomer Line:143 - ==>  Preparing: select account_id, account, password, name, phone, id_card, remain, is_vip, is_shoper, email, email_send_time,wxId, qqId,authCode,isAuth, sex,header_image_url,head_portrait_url,id_card_url,passport_url,business_liscence_url,protocol_url,shoper_type,shoper_status from tb_customer WHERE is_shoper = ? and is_shoper = ? LIMIT ? 
2020-11-09 19:52:36.595 DEBUG --- [http-nio-8762-exec-5] com.vtu.mapper.CustomerMapper.selectByCustomer Line:143 - ==> Parameters: true(String), true(String), 10(Integer)
2020-11-09 19:52:36.625 DEBUG --- [http-nio-8762-exec-5] com.vtu.mapper.CustomerMapper.selectByCustomer Line:143 - <==      Total: 2
2020-11-09 19:53:23.477 DEBUG --- [http-nio-8762-exec-9] com.vtu.mapper.CustomerMapper.selectByCustomer_COUNT Line:143 - ==>  Preparing: SELECT count(0) FROM tb_customer WHERE is_shoper = ? AND is_shoper = ? 
2020-11-09 19:53:23.479 DEBUG --- [http-nio-8762-exec-9] com.vtu.mapper.CustomerMapper.selectByCustomer_COUNT Line:143 - ==> Parameters: true(String), true(String)
2020-11-09 19:53:23.511 DEBUG --- [http-nio-8762-exec-9] com.vtu.mapper.CustomerMapper.selectByCustomer_COUNT Line:143 - <==      Total: 1
2020-11-09 19:53:23.518 DEBUG --- [http-nio-8762-exec-9] com.vtu.mapper.CustomerMapper.selectByCustomer Line:143 - ==>  Preparing: select account_id, account, password, name, phone, id_card, remain, is_vip, is_shoper, email, email_send_time,wxId, qqId,authCode,isAuth, sex,header_image_url,head_portrait_url,id_card_url,passport_url,business_liscence_url,protocol_url,shoper_type,shoper_status from tb_customer WHERE is_shoper = ? and is_shoper = ? LIMIT ? 
2020-11-09 19:53:23.519 DEBUG --- [http-nio-8762-exec-9] com.vtu.mapper.CustomerMapper.selectByCustomer Line:143 - ==> Parameters: true(String), true(String), 10(Integer)
2020-11-09 19:53:23.551 DEBUG --- [http-nio-8762-exec-9] com.vtu.mapper.CustomerMapper.selectByCustomer Line:143 - <==      Total: 2
2020-11-09 19:54:30.964 DEBUG --- [http-nio-8762-exec-1] com.vtu.mapper.CustomerMapper.selectByCustomer_COUNT Line:143 - ==>  Preparing: SELECT count(0) FROM tb_customer WHERE is_shoper = ? AND is_shoper = ? 
2020-11-09 19:54:30.966 DEBUG --- [http-nio-8762-exec-1] com.vtu.mapper.CustomerMapper.selectByCustomer_COUNT Line:143 - ==> Parameters: true(String), true(String)
2020-11-09 19:54:31.003 DEBUG --- [http-nio-8762-exec-1] com.vtu.mapper.CustomerMapper.selectByCustomer_COUNT Line:143 - <==      Total: 1
2020-11-09 19:54:31.008 DEBUG --- [http-nio-8762-exec-1] com.vtu.mapper.CustomerMapper.selectByCustomer Line:143 - ==>  Preparing: select account_id, account, password, name, phone, id_card, remain, is_vip, is_shoper, email, email_send_time,wxId, qqId,authCode,isAuth, sex,header_image_url,head_portrait_url,id_card_url,passport_url,business_liscence_url,protocol_url,shoper_type,shoper_status from tb_customer WHERE is_shoper = ? and is_shoper = ? LIMIT ? 
2020-11-09 19:54:31.009 DEBUG --- [http-nio-8762-exec-1] com.vtu.mapper.CustomerMapper.selectByCustomer Line:143 - ==> Parameters: true(String), true(String), 10(Integer)
2020-11-09 19:54:31.042 DEBUG --- [http-nio-8762-exec-1] com.vtu.mapper.CustomerMapper.selectByCustomer Line:143 - <==      Total: 2
2020-11-09 20:54:33.869 DEBUG --- [http-nio-8762-exec-3] com.vtu.mapper.ManageMapper.findMange Line:143 - ==>  Preparing: select manage_id, manage_count, manage_password, manage_name, manage_desc from tb_manage WHERE manage_count = ? 
2020-11-09 20:54:33.871 DEBUG --- [http-nio-8762-exec-3] com.vtu.mapper.ManageMapper.findMange Line:143 - ==> Parameters: abc(String)
2020-11-09 20:54:33.902 DEBUG --- [http-nio-8762-exec-3] com.vtu.mapper.ManageMapper.findMange Line:143 - <==      Total: 1
2020-11-09 20:54:34.538 DEBUG --- [http-nio-8762-exec-4] com.vtu.mapper.ManageMapper.findMange Line:143 - ==>  Preparing: select manage_id, manage_count, manage_password, manage_name, manage_desc from tb_manage WHERE manage_count = ? 
2020-11-09 20:54:34.540 DEBUG --- [http-nio-8762-exec-4] com.vtu.mapper.ManageMapper.findMange Line:143 - ==> Parameters: abc(String)
2020-11-09 20:54:34.571 DEBUG --- [http-nio-8762-exec-4] com.vtu.mapper.ManageMapper.findMange Line:143 - <==      Total: 1
2020-11-09 20:54:38.102 DEBUG --- [http-nio-8762-exec-6] com.vtu.mapper.CustomerMapper.selectByCustomer_COUNT Line:143 - ==>  Preparing: SELECT count(0) FROM tb_customer WHERE is_shoper = ? AND is_shoper = ? 
2020-11-09 20:54:38.103 DEBUG --- [http-nio-8762-exec-6] com.vtu.mapper.CustomerMapper.selectByCustomer_COUNT Line:143 - ==> Parameters: true(String), true(String)
2020-11-09 20:54:38.133 DEBUG --- [http-nio-8762-exec-6] com.vtu.mapper.CustomerMapper.selectByCustomer_COUNT Line:143 - <==      Total: 1
2020-11-09 20:54:38.135 DEBUG --- [http-nio-8762-exec-6] com.vtu.mapper.CustomerMapper.selectByCustomer Line:143 - ==>  Preparing: select account_id, account, password, name, phone, id_card, remain, is_vip, is_shoper, email, email_send_time,wxId, qqId,authCode,isAuth, sex,header_image_url,head_portrait_url,id_card_url,passport_url,business_liscence_url,protocol_url,shoper_type,shoper_status from tb_customer WHERE is_shoper = ? and is_shoper = ? LIMIT ? 
2020-11-09 20:54:38.137 DEBUG --- [http-nio-8762-exec-6] com.vtu.mapper.CustomerMapper.selectByCustomer Line:143 - ==> Parameters: true(String), true(String), 10(Integer)
2020-11-09 20:54:38.178 DEBUG --- [http-nio-8762-exec-6] com.vtu.mapper.CustomerMapper.selectByCustomer Line:143 - <==      Total: 2
2020-11-09 20:54:46.322 DEBUG --- [http-nio-8762-exec-8] com.vtu.mapper.CustomerMapper.selectByCustomer_COUNT Line:143 - ==>  Preparing: SELECT count(0) FROM tb_customer WHERE is_shoper = ? AND is_shoper = ? 
2020-11-09 20:54:46.323 DEBUG --- [http-nio-8762-exec-8] com.vtu.mapper.CustomerMapper.selectByCustomer_COUNT Line:143 - ==> Parameters: true(String), true(String)
2020-11-09 20:54:46.353 DEBUG --- [http-nio-8762-exec-8] com.vtu.mapper.CustomerMapper.selectByCustomer_COUNT Line:143 - <==      Total: 1
2020-11-09 20:54:46.355 DEBUG --- [http-nio-8762-exec-8] com.vtu.mapper.CustomerMapper.selectByCustomer Line:143 - ==>  Preparing: select account_id, account, password, name, phone, id_card, remain, is_vip, is_shoper, email, email_send_time,wxId, qqId,authCode,isAuth, sex,header_image_url,head_portrait_url,id_card_url,passport_url,business_liscence_url,protocol_url,shoper_type,shoper_status from tb_customer WHERE is_shoper = ? and is_shoper = ? LIMIT ? 
2020-11-09 20:54:46.356 DEBUG --- [http-nio-8762-exec-8] com.vtu.mapper.CustomerMapper.selectByCustomer Line:143 - ==> Parameters: true(String), true(String), 10(Integer)
2020-11-09 20:54:46.388 DEBUG --- [http-nio-8762-exec-8] com.vtu.mapper.CustomerMapper.selectByCustomer Line:143 - <==      Total: 2
2020-11-09 20:54:51.382 DEBUG --- [http-nio-8762-exec-9] com.vtu.mapper.CustomerMapper.selectByCustomer_COUNT Line:143 - ==>  Preparing: SELECT count(0) FROM tb_customer WHERE is_shoper = ? AND is_shoper = ? 
2020-11-09 20:54:51.384 DEBUG --- [http-nio-8762-exec-9] com.vtu.mapper.CustomerMapper.selectByCustomer_COUNT Line:143 - ==> Parameters: true(String), true(String)
2020-11-09 20:54:51.414 DEBUG --- [http-nio-8762-exec-9] com.vtu.mapper.CustomerMapper.selectByCustomer_COUNT Line:143 - <==      Total: 1
2020-11-09 20:54:51.417 DEBUG --- [http-nio-8762-exec-9] com.vtu.mapper.CustomerMapper.selectByCustomer Line:143 - ==>  Preparing: select account_id, account, password, name, phone, id_card, remain, is_vip, is_shoper, email, email_send_time,wxId, qqId,authCode,isAuth, sex,header_image_url,head_portrait_url,id_card_url,passport_url,business_liscence_url,protocol_url,shoper_type,shoper_status from tb_customer WHERE is_shoper = ? and is_shoper = ? LIMIT ? 
2020-11-09 20:54:51.419 DEBUG --- [http-nio-8762-exec-9] com.vtu.mapper.CustomerMapper.selectByCustomer Line:143 - ==> Parameters: true(String), true(String), 10(Integer)
2020-11-09 20:54:51.455 DEBUG --- [http-nio-8762-exec-9] com.vtu.mapper.CustomerMapper.selectByCustomer Line:143 - <==      Total: 2
2020-11-09 20:54:58.155 DEBUG --- [http-nio-8762-exec-1] com.vtu.mapper.CustomerMapper.selectByCustomer_COUNT Line:143 - ==>  Preparing: SELECT count(0) FROM tb_customer WHERE is_shoper = ? AND is_shoper = ? 
2020-11-09 20:54:58.156 DEBUG --- [http-nio-8762-exec-1] com.vtu.mapper.CustomerMapper.selectByCustomer_COUNT Line:143 - ==> Parameters: true(String), true(String)
2020-11-09 20:54:58.186 DEBUG --- [http-nio-8762-exec-1] com.vtu.mapper.CustomerMapper.selectByCustomer_COUNT Line:143 - <==      Total: 1
2020-11-09 20:54:58.188 DEBUG --- [http-nio-8762-exec-1] com.vtu.mapper.CustomerMapper.selectByCustomer Line:143 - ==>  Preparing: select account_id, account, password, name, phone, id_card, remain, is_vip, is_shoper, email, email_send_time,wxId, qqId,authCode,isAuth, sex,header_image_url,head_portrait_url,id_card_url,passport_url,business_liscence_url,protocol_url,shoper_type,shoper_status from tb_customer WHERE is_shoper = ? and is_shoper = ? LIMIT ? 
2020-11-09 20:54:58.188 DEBUG --- [http-nio-8762-exec-1] com.vtu.mapper.CustomerMapper.selectByCustomer Line:143 - ==> Parameters: true(String), true(String), 10(Integer)
2020-11-09 20:54:58.220 DEBUG --- [http-nio-8762-exec-1] com.vtu.mapper.CustomerMapper.selectByCustomer Line:143 - <==      Total: 2
2020-11-09 20:54:58.828 DEBUG --- [http-nio-8762-exec-2] com.vtu.mapper.CustomerMapper.selectByCustomer_COUNT Line:143 - ==>  Preparing: SELECT count(0) FROM tb_customer WHERE is_shoper = ? AND is_shoper = ? 
2020-11-09 20:54:58.828 DEBUG --- [http-nio-8762-exec-2] com.vtu.mapper.CustomerMapper.selectByCustomer_COUNT Line:143 - ==> Parameters: true(String), true(String)
2020-11-09 20:54:58.857 DEBUG --- [http-nio-8762-exec-2] com.vtu.mapper.CustomerMapper.selectByCustomer_COUNT Line:143 - <==      Total: 1
2020-11-09 20:54:58.859 DEBUG --- [http-nio-8762-exec-2] com.vtu.mapper.CustomerMapper.selectByCustomer Line:143 - ==>  Preparing: select account_id, account, password, name, phone, id_card, remain, is_vip, is_shoper, email, email_send_time,wxId, qqId,authCode,isAuth, sex,header_image_url,head_portrait_url,id_card_url,passport_url,business_liscence_url,protocol_url,shoper_type,shoper_status from tb_customer WHERE is_shoper = ? and is_shoper = ? LIMIT ? 
2020-11-09 20:54:58.859 DEBUG --- [http-nio-8762-exec-2] com.vtu.mapper.CustomerMapper.selectByCustomer Line:143 - ==> Parameters: true(String), true(String), 10(Integer)
2020-11-09 20:54:58.891 DEBUG --- [http-nio-8762-exec-2] com.vtu.mapper.CustomerMapper.selectByCustomer Line:143 - <==      Total: 2
2020-11-09 20:58:45.211 DEBUG --- [http-nio-8762-exec-4] com.vtu.mapper.CustomerMapper.selectByCustomer_COUNT Line:143 - ==>  Preparing: SELECT count(0) FROM tb_customer WHERE is_shoper = ? AND is_shoper = ? 
2020-11-09 20:58:45.212 DEBUG --- [http-nio-8762-exec-4] com.vtu.mapper.CustomerMapper.selectByCustomer_COUNT Line:143 - ==> Parameters: true(String), true(String)
2020-11-09 20:58:45.241 DEBUG --- [http-nio-8762-exec-4] com.vtu.mapper.CustomerMapper.selectByCustomer_COUNT Line:143 - <==      Total: 1
2020-11-09 20:58:45.243 DEBUG --- [http-nio-8762-exec-4] com.vtu.mapper.CustomerMapper.selectByCustomer Line:143 - ==>  Preparing: select account_id, account, password, name, phone, id_card, remain, is_vip, is_shoper, email, email_send_time,wxId, qqId,authCode,isAuth, sex,header_image_url,head_portrait_url,id_card_url,passport_url,business_liscence_url,protocol_url,shoper_type,shoper_status from tb_customer WHERE is_shoper = ? and is_shoper = ? LIMIT ? 
2020-11-09 20:58:45.244 DEBUG --- [http-nio-8762-exec-4] com.vtu.mapper.CustomerMapper.selectByCustomer Line:143 - ==> Parameters: true(String), true(String), 10(Integer)
2020-11-09 20:58:45.274 DEBUG --- [http-nio-8762-exec-4] com.vtu.mapper.CustomerMapper.selectByCustomer Line:143 - <==      Total: 2
2020-11-09 20:58:48.862 DEBUG --- [http-nio-8762-exec-6] com.vtu.mapper.CustomerMapper.selectByCustomer_COUNT Line:143 - ==>  Preparing: SELECT count(0) FROM tb_customer WHERE is_shoper = ? AND is_shoper = ? 
2020-11-09 20:58:48.863 DEBUG --- [http-nio-8762-exec-6] com.vtu.mapper.CustomerMapper.selectByCustomer_COUNT Line:143 - ==> Parameters: true(String), true(String)
2020-11-09 20:58:48.894 DEBUG --- [http-nio-8762-exec-6] com.vtu.mapper.CustomerMapper.selectByCustomer_COUNT Line:143 - <==      Total: 1
2020-11-09 20:58:48.896 DEBUG --- [http-nio-8762-exec-6] com.vtu.mapper.CustomerMapper.selectByCustomer Line:143 - ==>  Preparing: select account_id, account, password, name, phone, id_card, remain, is_vip, is_shoper, email, email_send_time,wxId, qqId,authCode,isAuth, sex,header_image_url,head_portrait_url,id_card_url,passport_url,business_liscence_url,protocol_url,shoper_type,shoper_status from tb_customer WHERE is_shoper = ? and is_shoper = ? LIMIT ? 
2020-11-09 20:58:48.897 DEBUG --- [http-nio-8762-exec-6] com.vtu.mapper.CustomerMapper.selectByCustomer Line:143 - ==> Parameters: true(String), true(String), 10(Integer)
2020-11-09 20:58:48.932 DEBUG --- [http-nio-8762-exec-6] com.vtu.mapper.CustomerMapper.selectByCustomer Line:143 - <==      Total: 2
2020-11-09 20:58:49.464 DEBUG --- [http-nio-8762-exec-5] com.vtu.mapper.CustomerMapper.selectByCustomer_COUNT Line:143 - ==>  Preparing: SELECT count(0) FROM tb_customer WHERE is_shoper = ? AND is_shoper = ? 
2020-11-09 20:58:49.464 DEBUG --- [http-nio-8762-exec-5] com.vtu.mapper.CustomerMapper.selectByCustomer_COUNT Line:143 - ==> Parameters: true(String), true(String)
2020-11-09 20:58:49.494 DEBUG --- [http-nio-8762-exec-5] com.vtu.mapper.CustomerMapper.selectByCustomer_COUNT Line:143 - <==      Total: 1
2020-11-09 20:58:49.496 DEBUG --- [http-nio-8762-exec-5] com.vtu.mapper.CustomerMapper.selectByCustomer Line:143 - ==>  Preparing: select account_id, account, password, name, phone, id_card, remain, is_vip, is_shoper, email, email_send_time,wxId, qqId,authCode,isAuth, sex,header_image_url,head_portrait_url,id_card_url,passport_url,business_liscence_url,protocol_url,shoper_type,shoper_status from tb_customer WHERE is_shoper = ? and is_shoper = ? LIMIT ? 
2020-11-09 20:58:49.497 DEBUG --- [http-nio-8762-exec-5] com.vtu.mapper.CustomerMapper.selectByCustomer Line:143 - ==> Parameters: true(String), true(String), 10(Integer)
2020-11-09 20:58:49.537 DEBUG --- [http-nio-8762-exec-5] com.vtu.mapper.CustomerMapper.selectByCustomer Line:143 - <==      Total: 2
2020-11-09 20:59:24.767 DEBUG --- [http-nio-8762-exec-8] com.vtu.mapper.CustomerMapper.selectByCustomer_COUNT Line:143 - ==>  Preparing: SELECT count(0) FROM tb_customer WHERE is_shoper = ? AND is_shoper = ? 
2020-11-09 20:59:24.768 DEBUG --- [http-nio-8762-exec-8] com.vtu.mapper.CustomerMapper.selectByCustomer_COUNT Line:143 - ==> Parameters: true(String), true(String)
2020-11-09 20:59:24.812 DEBUG --- [http-nio-8762-exec-8] com.vtu.mapper.CustomerMapper.selectByCustomer_COUNT Line:143 - <==      Total: 1
2020-11-09 20:59:24.814 DEBUG --- [http-nio-8762-exec-8] com.vtu.mapper.CustomerMapper.selectByCustomer Line:143 - ==>  Preparing: select account_id, account, password, name, phone, id_card, remain, is_vip, is_shoper, email, email_send_time,wxId, qqId,authCode,isAuth, sex,header_image_url,head_portrait_url,id_card_url,passport_url,business_liscence_url,protocol_url,shoper_type,shoper_status from tb_customer WHERE is_shoper = ? and is_shoper = ? LIMIT ? 
2020-11-09 20:59:24.816 DEBUG --- [http-nio-8762-exec-8] com.vtu.mapper.CustomerMapper.selectByCustomer Line:143 - ==> Parameters: true(String), true(String), 10(Integer)
2020-11-09 20:59:24.850 DEBUG --- [http-nio-8762-exec-8] com.vtu.mapper.CustomerMapper.selectByCustomer Line:143 - <==      Total: 2
2020-11-09 21:00:20.952 DEBUG --- [http-nio-8762-exec-10] com.vtu.mapper.CustomerMapper.selectByCustomer_COUNT Line:143 - ==>  Preparing: SELECT count(0) FROM tb_customer WHERE is_shoper = ? AND is_shoper = ? 
2020-11-09 21:00:20.953 DEBUG --- [http-nio-8762-exec-10] com.vtu.mapper.CustomerMapper.selectByCustomer_COUNT Line:143 - ==> Parameters: true(String), true(String)
2020-11-09 21:00:20.982 DEBUG --- [http-nio-8762-exec-10] com.vtu.mapper.CustomerMapper.selectByCustomer_COUNT Line:143 - <==      Total: 1
2020-11-09 21:00:20.985 DEBUG --- [http-nio-8762-exec-10] com.vtu.mapper.CustomerMapper.selectByCustomer Line:143 - ==>  Preparing: select account_id, account, password, name, phone, id_card, remain, is_vip, is_shoper, email, email_send_time,wxId, qqId,authCode,isAuth, sex,header_image_url,head_portrait_url,id_card_url,passport_url,business_liscence_url,protocol_url,shoper_type,shoper_status from tb_customer WHERE is_shoper = ? and is_shoper = ? LIMIT ? 
2020-11-09 21:00:20.986 DEBUG --- [http-nio-8762-exec-10] com.vtu.mapper.CustomerMapper.selectByCustomer Line:143 - ==> Parameters: true(String), true(String), 10(Integer)
2020-11-09 21:00:21.017 DEBUG --- [http-nio-8762-exec-10] com.vtu.mapper.CustomerMapper.selectByCustomer Line:143 - <==      Total: 2
2020-11-09 21:02:17.472 DEBUG --- [http-nio-8762-exec-2] com.vtu.mapper.CustomerMapper.selectByCustomer_COUNT Line:143 - ==>  Preparing: SELECT count(0) FROM tb_customer WHERE is_shoper = ? AND is_shoper = ? 
2020-11-09 21:02:17.473 DEBUG --- [http-nio-8762-exec-2] com.vtu.mapper.CustomerMapper.selectByCustomer_COUNT Line:143 - ==> Parameters: true(String), true(String)
2020-11-09 21:02:17.507 DEBUG --- [http-nio-8762-exec-2] com.vtu.mapper.CustomerMapper.selectByCustomer_COUNT Line:143 - <==      Total: 1
2020-11-09 21:02:17.509 DEBUG --- [http-nio-8762-exec-2] com.vtu.mapper.CustomerMapper.selectByCustomer Line:143 - ==>  Preparing: select account_id, account, password, name, phone, id_card, remain, is_vip, is_shoper, email, email_send_time,wxId, qqId,authCode,isAuth, sex,header_image_url,head_portrait_url,id_card_url,passport_url,business_liscence_url,protocol_url,shoper_type,shoper_status from tb_customer WHERE is_shoper = ? and is_shoper = ? LIMIT ? 
2020-11-09 21:02:17.510 DEBUG --- [http-nio-8762-exec-2] com.vtu.mapper.CustomerMapper.selectByCustomer Line:143 - ==> Parameters: true(String), true(String), 10(Integer)
2020-11-09 21:02:17.546 DEBUG --- [http-nio-8762-exec-2] com.vtu.mapper.CustomerMapper.selectByCustomer Line:143 - <==      Total: 2
2020-11-09 21:02:26.281 DEBUG --- [http-nio-8762-exec-4] com.vtu.mapper.CustomerMapper.selectByCustomer_COUNT Line:143 - ==>  Preparing: SELECT count(0) FROM tb_customer WHERE is_shoper = ? AND is_shoper = ? 
2020-11-09 21:02:26.282 DEBUG --- [http-nio-8762-exec-4] com.vtu.mapper.CustomerMapper.selectByCustomer_COUNT Line:143 - ==> Parameters: true(String), true(String)
2020-11-09 21:02:26.320 DEBUG --- [http-nio-8762-exec-4] com.vtu.mapper.CustomerMapper.selectByCustomer_COUNT Line:143 - <==      Total: 1
2020-11-09 21:02:26.321 DEBUG --- [http-nio-8762-exec-4] com.vtu.mapper.CustomerMapper.selectByCustomer Line:143 - ==>  Preparing: select account_id, account, password, name, phone, id_card, remain, is_vip, is_shoper, email, email_send_time,wxId, qqId,authCode,isAuth, sex,header_image_url,head_portrait_url,id_card_url,passport_url,business_liscence_url,protocol_url,shoper_type,shoper_status from tb_customer WHERE is_shoper = ? and is_shoper = ? LIMIT ? 
2020-11-09 21:02:26.321 DEBUG --- [http-nio-8762-exec-4] com.vtu.mapper.CustomerMapper.selectByCustomer Line:143 - ==> Parameters: true(String), true(String), 10(Integer)
2020-11-09 21:02:26.390 DEBUG --- [http-nio-8762-exec-4] com.vtu.mapper.CustomerMapper.selectByCustomer Line:143 - <==      Total: 2
2020-11-09 21:02:26.580 DEBUG --- [http-nio-8762-exec-6] com.vtu.mapper.CustomerMapper.selectByCustomer_COUNT Line:143 - ==>  Preparing: SELECT count(0) FROM tb_customer WHERE is_shoper = ? AND is_shoper = ? 
2020-11-09 21:02:26.581 DEBUG --- [http-nio-8762-exec-6] com.vtu.mapper.CustomerMapper.selectByCustomer_COUNT Line:143 - ==> Parameters: true(String), true(String)
2020-11-09 21:02:26.612 DEBUG --- [http-nio-8762-exec-6] com.vtu.mapper.CustomerMapper.selectByCustomer_COUNT Line:143 - <==      Total: 1
2020-11-09 21:02:26.613 DEBUG --- [http-nio-8762-exec-6] com.vtu.mapper.CustomerMapper.selectByCustomer Line:143 - ==>  Preparing: select account_id, account, password, name, phone, id_card, remain, is_vip, is_shoper, email, email_send_time,wxId, qqId,authCode,isAuth, sex,header_image_url,head_portrait_url,id_card_url,passport_url,business_liscence_url,protocol_url,shoper_type,shoper_status from tb_customer WHERE is_shoper = ? and is_shoper = ? LIMIT ? 
2020-11-09 21:02:26.614 DEBUG --- [http-nio-8762-exec-6] com.vtu.mapper.CustomerMapper.selectByCustomer Line:143 - ==> Parameters: true(String), true(String), 10(Integer)
2020-11-09 21:02:26.648 DEBUG --- [http-nio-8762-exec-6] com.vtu.mapper.CustomerMapper.selectByCustomer Line:143 - <==      Total: 2
2020-11-09 21:04:20.001 DEBUG --- [http-nio-8762-exec-7] com.vtu.mapper.CustomerMapper.selectByCustomer_COUNT Line:143 - ==>  Preparing: SELECT count(0) FROM tb_customer WHERE is_shoper = ? AND is_shoper = ? 
2020-11-09 21:04:20.002 DEBUG --- [http-nio-8762-exec-7] com.vtu.mapper.CustomerMapper.selectByCustomer_COUNT Line:143 - ==> Parameters: true(String), true(String)
2020-11-09 21:04:20.031 DEBUG --- [http-nio-8762-exec-7] com.vtu.mapper.CustomerMapper.selectByCustomer_COUNT Line:143 - <==      Total: 1
2020-11-09 21:04:20.033 DEBUG --- [http-nio-8762-exec-7] com.vtu.mapper.CustomerMapper.selectByCustomer Line:143 - ==>  Preparing: select account_id, account, password, name, phone, id_card, remain, is_vip, is_shoper, email, email_send_time,wxId, qqId,authCode,isAuth, sex,header_image_url,head_portrait_url,id_card_url,passport_url,business_liscence_url,protocol_url,shoper_type,shoper_status from tb_customer WHERE is_shoper = ? and is_shoper = ? LIMIT ? 
2020-11-09 21:04:20.033 DEBUG --- [http-nio-8762-exec-7] com.vtu.mapper.CustomerMapper.selectByCustomer Line:143 - ==> Parameters: true(String), true(String), 10(Integer)
2020-11-09 21:04:20.063 DEBUG --- [http-nio-8762-exec-7] com.vtu.mapper.CustomerMapper.selectByCustomer Line:143 - <==      Total: 2
2020-11-09 21:04:37.166 DEBUG --- [http-nio-8762-exec-9] com.vtu.mapper.CustomerMapper.selectByCustomer_COUNT Line:143 - ==>  Preparing: SELECT count(0) FROM tb_customer WHERE is_shoper = ? AND is_shoper = ? 
2020-11-09 21:04:37.167 DEBUG --- [http-nio-8762-exec-9] com.vtu.mapper.CustomerMapper.selectByCustomer_COUNT Line:143 - ==> Parameters: true(String), true(String)
2020-11-09 21:04:37.197 DEBUG --- [http-nio-8762-exec-9] com.vtu.mapper.CustomerMapper.selectByCustomer_COUNT Line:143 - <==      Total: 1
2020-11-09 21:04:37.199 DEBUG --- [http-nio-8762-exec-9] com.vtu.mapper.CustomerMapper.selectByCustomer Line:143 - ==>  Preparing: select account_id, account, password, name, phone, id_card, remain, is_vip, is_shoper, email, email_send_time,wxId, qqId,authCode,isAuth, sex,header_image_url,head_portrait_url,id_card_url,passport_url,business_liscence_url,protocol_url,shoper_type,shoper_status from tb_customer WHERE is_shoper = ? and is_shoper = ? LIMIT ? 
2020-11-09 21:04:37.200 DEBUG --- [http-nio-8762-exec-9] com.vtu.mapper.CustomerMapper.selectByCustomer Line:143 - ==> Parameters: true(String), true(String), 10(Integer)
2020-11-09 21:04:37.232 DEBUG --- [http-nio-8762-exec-9] com.vtu.mapper.CustomerMapper.selectByCustomer Line:143 - <==      Total: 2
2020-11-09 21:07:47.831 DEBUG --- [restartedMain] org.apache.ibatis.logging.LogFactory Line:105 - Logging initialized using 'class org.apache.ibatis.logging.slf4j.Slf4jImpl' adapter.
2020-11-09 21:08:32.916 DEBUG --- [http-nio-8762-exec-1] com.vtu.mapper.CustomerMapper.selectByCustomer_COUNT Line:143 - ==>  Preparing: SELECT count(0) FROM tb_customer WHERE is_shoper = ? AND is_shoper = ? 
2020-11-09 21:08:32.954 DEBUG --- [http-nio-8762-exec-1] com.vtu.mapper.CustomerMapper.selectByCustomer_COUNT Line:143 - ==> Parameters: true(String), true(String)
2020-11-09 21:08:33.026 DEBUG --- [http-nio-8762-exec-1] com.vtu.mapper.CustomerMapper.selectByCustomer_COUNT Line:143 - <==      Total: 1
2020-11-09 21:08:33.044 DEBUG --- [http-nio-8762-exec-1] com.vtu.mapper.CustomerMapper.selectByCustomer Line:143 - ==>  Preparing: select account_id, account, password, name, phone, id_card, remain, is_vip, is_shoper, email, email_send_time,wxId, qqId,authCode,isAuth, sex,header_image_url,head_portrait_url,id_card_url,passport_url,business_liscence_url,protocol_url,shoper_type,shoper_status from tb_customer WHERE is_shoper = ? and is_shoper = ? LIMIT ? 
2020-11-09 21:08:33.047 DEBUG --- [http-nio-8762-exec-1] com.vtu.mapper.CustomerMapper.selectByCustomer Line:143 - ==> Parameters: true(String), true(String), 10(Integer)
2020-11-09 21:08:33.077 DEBUG --- [http-nio-8762-exec-1] com.vtu.mapper.CustomerMapper.selectByCustomer Line:143 - <==      Total: 2
2020-11-09 21:19:18.881 DEBUG --- [http-nio-8762-exec-2] com.vtu.mapper.ManageMapper.findMange Line:143 - ==>  Preparing: select manage_id, manage_count, manage_password, manage_name, manage_desc from tb_manage WHERE manage_count = ? 
2020-11-09 21:19:18.885 DEBUG --- [http-nio-8762-exec-2] com.vtu.mapper.ManageMapper.findMange Line:143 - ==> Parameters: abc(String)
2020-11-09 21:19:18.917 DEBUG --- [http-nio-8762-exec-2] com.vtu.mapper.ManageMapper.findMange Line:143 - <==      Total: 1
2020-11-09 21:19:19.865 DEBUG --- [http-nio-8762-exec-3] com.vtu.mapper.ManageMapper.findMange Line:143 - ==>  Preparing: select manage_id, manage_count, manage_password, manage_name, manage_desc from tb_manage WHERE manage_count = ? 
2020-11-09 21:19:19.866 DEBUG --- [http-nio-8762-exec-3] com.vtu.mapper.ManageMapper.findMange Line:143 - ==> Parameters: abc(String)
2020-11-09 21:19:19.894 DEBUG --- [http-nio-8762-exec-3] com.vtu.mapper.ManageMapper.findMange Line:143 - <==      Total: 1
2020-11-09 21:19:58.977 DEBUG --- [http-nio-8762-exec-6] com.vtu.mapper.CustomerMapper.selectByCustomer_COUNT Line:143 - ==>  Preparing: SELECT count(0) FROM tb_customer WHERE is_shoper = ? AND is_shoper = ? 
2020-11-09 21:19:58.978 DEBUG --- [http-nio-8762-exec-6] com.vtu.mapper.CustomerMapper.selectByCustomer_COUNT Line:143 - ==> Parameters: true(String), true(String)
2020-11-09 21:19:59.015 DEBUG --- [http-nio-8762-exec-6] com.vtu.mapper.CustomerMapper.selectByCustomer_COUNT Line:143 - <==      Total: 1
2020-11-09 21:19:59.018 DEBUG --- [http-nio-8762-exec-6] com.vtu.mapper.CustomerMapper.selectByCustomer Line:143 - ==>  Preparing: select account_id, account, password, name, phone, id_card, remain, is_vip, is_shoper, email, email_send_time,wxId, qqId,authCode,isAuth, sex,header_image_url,head_portrait_url,id_card_url,passport_url,business_liscence_url,protocol_url,shoper_type,shoper_status from tb_customer WHERE is_shoper = ? and is_shoper = ? LIMIT ? 
2020-11-09 21:19:59.019 DEBUG --- [http-nio-8762-exec-6] com.vtu.mapper.CustomerMapper.selectByCustomer Line:143 - ==> Parameters: true(String), true(String), 10(Integer)
2020-11-09 21:19:59.095 DEBUG --- [http-nio-8762-exec-6] com.vtu.mapper.CustomerMapper.selectByCustomer Line:143 - <==      Total: 2
2020-11-09 21:37:17.383 DEBUG --- [http-nio-8762-exec-8] com.vtu.mapper.ManageMapper.findMange Line:143 - ==>  Preparing: select manage_id, manage_count, manage_password, manage_name, manage_desc from tb_manage WHERE manage_count = ? 
2020-11-09 21:37:17.386 DEBUG --- [http-nio-8762-exec-8] com.vtu.mapper.ManageMapper.findMange Line:143 - ==> Parameters: abc(String)
2020-11-09 21:37:17.422 DEBUG --- [http-nio-8762-exec-8] com.vtu.mapper.ManageMapper.findMange Line:143 - <==      Total: 1
2020-11-09 21:37:18.054 DEBUG --- [http-nio-8762-exec-9] com.vtu.mapper.ManageMapper.findMange Line:143 - ==>  Preparing: select manage_id, manage_count, manage_password, manage_name, manage_desc from tb_manage WHERE manage_count = ? 
2020-11-09 21:37:18.056 DEBUG --- [http-nio-8762-exec-9] com.vtu.mapper.ManageMapper.findMange Line:143 - ==> Parameters: abc(String)
2020-11-09 21:37:18.084 DEBUG --- [http-nio-8762-exec-9] com.vtu.mapper.ManageMapper.findMange Line:143 - <==      Total: 1
2020-11-09 21:37:23.462 DEBUG --- [http-nio-8762-exec-2] com.vtu.mapper.CustomerMapper.selectByCustomer_COUNT Line:143 - ==>  Preparing: SELECT count(0) FROM tb_customer WHERE is_shoper = ? AND is_shoper = ? 
2020-11-09 21:37:23.463 DEBUG --- [http-nio-8762-exec-2] com.vtu.mapper.CustomerMapper.selectByCustomer_COUNT Line:143 - ==> Parameters: true(String), true(String)
2020-11-09 21:37:23.492 DEBUG --- [http-nio-8762-exec-2] com.vtu.mapper.CustomerMapper.selectByCustomer_COUNT Line:143 - <==      Total: 1
2020-11-09 21:37:23.496 DEBUG --- [http-nio-8762-exec-2] com.vtu.mapper.CustomerMapper.selectByCustomer Line:143 - ==>  Preparing: select account_id, account, password, name, phone, id_card, remain, is_vip, is_shoper, email, email_send_time,wxId, qqId,authCode,isAuth, sex,header_image_url,head_portrait_url,id_card_url,passport_url,business_liscence_url,protocol_url,shoper_type,shoper_status from tb_customer WHERE is_shoper = ? and is_shoper = ? LIMIT ? 
2020-11-09 21:37:23.499 DEBUG --- [http-nio-8762-exec-2] com.vtu.mapper.CustomerMapper.selectByCustomer Line:143 - ==> Parameters: true(String), true(String), 10(Integer)
2020-11-09 21:37:23.528 DEBUG --- [http-nio-8762-exec-2] com.vtu.mapper.CustomerMapper.selectByCustomer Line:143 - <==      Total: 2
2020-11-09 21:42:25.245 DEBUG --- [http-nio-8762-exec-4] com.vtu.mapper.CustomerMapper.selectByPrimaryKey Line:143 - ==>  Preparing: select account_id, account, password, name, phone, id_card, remain, is_vip, is_shoper, email, email_send_time,wxId, qqId,authCode,isAuth, sex,header_image_url,head_portrait_url,id_card_url,passport_url,business_liscence_url,protocol_url,shoper_type,shoper_status from tb_customer where account_id = ? 
2020-11-09 21:42:25.268 DEBUG --- [http-nio-8762-exec-4] com.vtu.mapper.CustomerMapper.selectByPrimaryKey Line:143 - ==> Parameters: 8(Long)
2020-11-09 21:42:25.303 DEBUG --- [http-nio-8762-exec-4] com.vtu.mapper.CustomerMapper.selectByPrimaryKey Line:143 - <==      Total: 1
2020-11-09 21:42:27.723 DEBUG --- [http-nio-8762-exec-5] com.vtu.mapper.CustomerMapper.selectByPrimaryKey Line:143 - ==>  Preparing: select account_id, account, password, name, phone, id_card, remain, is_vip, is_shoper, email, email_send_time,wxId, qqId,authCode,isAuth, sex,header_image_url,head_portrait_url,id_card_url,passport_url,business_liscence_url,protocol_url,shoper_type,shoper_status from tb_customer where account_id = ? 
2020-11-09 21:42:27.724 DEBUG --- [http-nio-8762-exec-5] com.vtu.mapper.CustomerMapper.selectByPrimaryKey Line:143 - ==> Parameters: 12(Long)
2020-11-09 21:42:27.752 DEBUG --- [http-nio-8762-exec-5] com.vtu.mapper.CustomerMapper.selectByPrimaryKey Line:143 - <==      Total: 1
2020-11-09 21:50:18.513 DEBUG --- [http-nio-8762-exec-8] com.vtu.mapper.CustomerMapper.selectByCustomer_COUNT Line:143 - ==>  Preparing: SELECT count(0) FROM tb_customer WHERE is_shoper = ? AND is_shoper = ? 
2020-11-09 21:50:18.514 DEBUG --- [http-nio-8762-exec-8] com.vtu.mapper.CustomerMapper.selectByCustomer_COUNT Line:143 - ==> Parameters: true(String), true(String)
2020-11-09 21:50:18.546 DEBUG --- [http-nio-8762-exec-8] com.vtu.mapper.CustomerMapper.selectByCustomer_COUNT Line:143 - <==      Total: 1
2020-11-09 21:50:18.548 DEBUG --- [http-nio-8762-exec-8] com.vtu.mapper.CustomerMapper.selectByCustomer Line:143 - ==>  Preparing: select account_id, account, password, name, phone, id_card, remain, is_vip, is_shoper, email, email_send_time,wxId, qqId,authCode,isAuth, sex,header_image_url,head_portrait_url,id_card_url,passport_url,business_liscence_url,protocol_url,shoper_type,shoper_status from tb_customer WHERE is_shoper = ? and is_shoper = ? LIMIT ? 
2020-11-09 21:50:18.549 DEBUG --- [http-nio-8762-exec-8] com.vtu.mapper.CustomerMapper.selectByCustomer Line:143 - ==> Parameters: true(String), true(String), 10(Integer)
2020-11-09 21:50:18.583 DEBUG --- [http-nio-8762-exec-8] com.vtu.mapper.CustomerMapper.selectByCustomer Line:143 - <==      Total: 2
2020-11-09 21:50:18.584 DEBUG --- [http-nio-8762-exec-9] com.vtu.mapper.CustomerMapper.selectByCustomer_COUNT Line:143 - ==>  Preparing: SELECT count(0) FROM tb_customer WHERE is_shoper = ? AND is_shoper = ? 
2020-11-09 21:50:18.585 DEBUG --- [http-nio-8762-exec-9] com.vtu.mapper.CustomerMapper.selectByCustomer_COUNT Line:143 - ==> Parameters: true(String), true(String)
2020-11-09 21:50:18.617 DEBUG --- [http-nio-8762-exec-9] com.vtu.mapper.CustomerMapper.selectByCustomer_COUNT Line:143 - <==      Total: 1
2020-11-09 21:50:18.619 DEBUG --- [http-nio-8762-exec-9] com.vtu.mapper.CustomerMapper.selectByCustomer Line:143 - ==>  Preparing: select account_id, account, password, name, phone, id_card, remain, is_vip, is_shoper, email, email_send_time,wxId, qqId,authCode,isAuth, sex,header_image_url,head_portrait_url,id_card_url,passport_url,business_liscence_url,protocol_url,shoper_type,shoper_status from tb_customer WHERE is_shoper = ? and is_shoper = ? LIMIT ? 
2020-11-09 21:50:18.621 DEBUG --- [http-nio-8762-exec-9] com.vtu.mapper.CustomerMapper.selectByCustomer Line:143 - ==> Parameters: true(String), true(String), 10(Integer)
2020-11-09 21:50:18.655 DEBUG --- [http-nio-8762-exec-9] com.vtu.mapper.CustomerMapper.selectByCustomer Line:143 - <==      Total: 2
2020-11-09 21:50:18.657 DEBUG --- [http-nio-8762-exec-7] com.vtu.mapper.CustomerMapper.selectByCustomer_COUNT Line:143 - ==>  Preparing: SELECT count(0) FROM tb_customer WHERE is_shoper = ? AND is_shoper = ? 
2020-11-09 21:50:18.658 DEBUG --- [http-nio-8762-exec-7] com.vtu.mapper.CustomerMapper.selectByCustomer_COUNT Line:143 - ==> Parameters: true(String), true(String)
2020-11-09 21:50:18.688 DEBUG --- [http-nio-8762-exec-7] com.vtu.mapper.CustomerMapper.selectByCustomer_COUNT Line:143 - <==      Total: 1
2020-11-09 21:50:18.690 DEBUG --- [http-nio-8762-exec-7] com.vtu.mapper.CustomerMapper.selectByCustomer Line:143 - ==>  Preparing: select account_id, account, password, name, phone, id_card, remain, is_vip, is_shoper, email, email_send_time,wxId, qqId,authCode,isAuth, sex,header_image_url,head_portrait_url,id_card_url,passport_url,business_liscence_url,protocol_url,shoper_type,shoper_status from tb_customer WHERE is_shoper = ? and is_shoper = ? LIMIT ? 
2020-11-09 21:50:18.691 DEBUG --- [http-nio-8762-exec-7] com.vtu.mapper.CustomerMapper.selectByCustomer Line:143 - ==> Parameters: true(String), true(String), 10(Integer)
2020-11-09 21:50:18.725 DEBUG --- [http-nio-8762-exec-7] com.vtu.mapper.CustomerMapper.selectByCustomer Line:143 - <==      Total: 2
2020-11-09 21:50:18.788 DEBUG --- [http-nio-8762-exec-10] com.vtu.mapper.CustomerMapper.selectByCustomer_COUNT Line:143 - ==>  Preparing: SELECT count(0) FROM tb_customer WHERE is_shoper = ? AND is_shoper = ? 
2020-11-09 21:50:18.789 DEBUG --- [http-nio-8762-exec-10] com.vtu.mapper.CustomerMapper.selectByCustomer_COUNT Line:143 - ==> Parameters: true(String), true(String)
2020-11-09 21:50:18.819 DEBUG --- [http-nio-8762-exec-10] com.vtu.mapper.CustomerMapper.selectByCustomer_COUNT Line:143 - <==      Total: 1
2020-11-09 21:50:18.820 DEBUG --- [http-nio-8762-exec-10] com.vtu.mapper.CustomerMapper.selectByCustomer Line:143 - ==>  Preparing: select account_id, account, password, name, phone, id_card, remain, is_vip, is_shoper, email, email_send_time,wxId, qqId,authCode,isAuth, sex,header_image_url,head_portrait_url,id_card_url,passport_url,business_liscence_url,protocol_url,shoper_type,shoper_status from tb_customer WHERE is_shoper = ? and is_shoper = ? LIMIT ? 
2020-11-09 21:50:18.821 DEBUG --- [http-nio-8762-exec-10] com.vtu.mapper.CustomerMapper.selectByCustomer Line:143 - ==> Parameters: true(String), true(String), 10(Integer)
2020-11-09 21:50:18.858 DEBUG --- [http-nio-8762-exec-10] com.vtu.mapper.CustomerMapper.selectByCustomer Line:143 - <==      Total: 2
2020-11-09 21:50:19.121 DEBUG --- [http-nio-8762-exec-1] com.vtu.mapper.CustomerMapper.selectByCustomer_COUNT Line:143 - ==>  Preparing: SELECT count(0) FROM tb_customer WHERE is_shoper = ? AND is_shoper = ? 
2020-11-09 21:50:19.121 DEBUG --- [http-nio-8762-exec-1] com.vtu.mapper.CustomerMapper.selectByCustomer_COUNT Line:143 - ==> Parameters: true(String), true(String)
2020-11-09 21:50:19.151 DEBUG --- [http-nio-8762-exec-1] com.vtu.mapper.CustomerMapper.selectByCustomer_COUNT Line:143 - <==      Total: 1
2020-11-09 21:50:19.153 DEBUG --- [http-nio-8762-exec-1] com.vtu.mapper.CustomerMapper.selectByCustomer Line:143 - ==>  Preparing: select account_id, account, password, name, phone, id_card, remain, is_vip, is_shoper, email, email_send_time,wxId, qqId,authCode,isAuth, sex,header_image_url,head_portrait_url,id_card_url,passport_url,business_liscence_url,protocol_url,shoper_type,shoper_status from tb_customer WHERE is_shoper = ? and is_shoper = ? LIMIT ? 
2020-11-09 21:50:19.153 DEBUG --- [http-nio-8762-exec-1] com.vtu.mapper.CustomerMapper.selectByCustomer Line:143 - ==> Parameters: true(String), true(String), 10(Integer)
2020-11-09 21:50:19.184 DEBUG --- [http-nio-8762-exec-1] com.vtu.mapper.CustomerMapper.selectByCustomer Line:143 - <==      Total: 2
2020-11-09 21:50:20.718 DEBUG --- [http-nio-8762-exec-2] com.vtu.mapper.CustomerMapper.selectByPrimaryKey Line:143 - ==>  Preparing: select account_id, account, password, name, phone, id_card, remain, is_vip, is_shoper, email, email_send_time,wxId, qqId,authCode,isAuth, sex,header_image_url,head_portrait_url,id_card_url,passport_url,business_liscence_url,protocol_url,shoper_type,shoper_status from tb_customer where account_id = ? 
2020-11-09 21:50:20.719 DEBUG --- [http-nio-8762-exec-2] com.vtu.mapper.CustomerMapper.selectByPrimaryKey Line:143 - ==> Parameters: 8(Long)
2020-11-09 21:50:20.752 DEBUG --- [http-nio-8762-exec-2] com.vtu.mapper.CustomerMapper.selectByPrimaryKey Line:143 - <==      Total: 1
2020-11-09 21:50:26.447 DEBUG --- [http-nio-8762-exec-6] com.vtu.mapper.CustomerMapper.selectByPrimaryKey Line:143 - ==>  Preparing: select account_id, account, password, name, phone, id_card, remain, is_vip, is_shoper, email, email_send_time,wxId, qqId,authCode,isAuth, sex,header_image_url,head_portrait_url,id_card_url,passport_url,business_liscence_url,protocol_url,shoper_type,shoper_status from tb_customer where account_id = ? 
2020-11-09 21:50:26.449 DEBUG --- [http-nio-8762-exec-6] com.vtu.mapper.CustomerMapper.selectByPrimaryKey Line:143 - ==> Parameters: 8(Long)
2020-11-09 21:50:26.482 DEBUG --- [http-nio-8762-exec-6] com.vtu.mapper.CustomerMapper.selectByPrimaryKey Line:143 - <==      Total: 1
2020-11-09 21:50:45.192 DEBUG --- [http-nio-8762-exec-9] com.vtu.mapper.CustomerMapper.selectByPrimaryKey Line:143 - ==>  Preparing: select account_id, account, password, name, phone, id_card, remain, is_vip, is_shoper, email, email_send_time,wxId, qqId,authCode,isAuth, sex,header_image_url,head_portrait_url,id_card_url,passport_url,business_liscence_url,protocol_url,shoper_type,shoper_status from tb_customer where account_id = ? 
2020-11-09 21:50:45.193 DEBUG --- [http-nio-8762-exec-9] com.vtu.mapper.CustomerMapper.selectByPrimaryKey Line:143 - ==> Parameters: 8(Long)
2020-11-09 21:50:45.225 DEBUG --- [http-nio-8762-exec-9] com.vtu.mapper.CustomerMapper.selectByPrimaryKey Line:143 - <==      Total: 1
2020-11-09 22:46:11.482 DEBUG --- [http-nio-8762-exec-10] com.vtu.mapper.CustomerMapper.selectByPrimaryKey Line:143 - ==>  Preparing: select account_id, account, password, name, phone, id_card, remain, is_vip, is_shoper, email, email_send_time,wxId, qqId,authCode,isAuth, sex,header_image_url,head_portrait_url,id_card_url,passport_url,business_liscence_url,protocol_url,shoper_type,shoper_status from tb_customer where account_id = ? 
2020-11-09 22:46:11.487 DEBUG --- [http-nio-8762-exec-10] com.vtu.mapper.CustomerMapper.selectByPrimaryKey Line:143 - ==> Parameters: 12(Long)
2020-11-09 22:46:11.524 DEBUG --- [http-nio-8762-exec-10] com.vtu.mapper.CustomerMapper.selectByPrimaryKey Line:143 - <==      Total: 1
2020-11-09 22:47:25.985 DEBUG --- [http-nio-8762-exec-2] com.vtu.mapper.CustomerMapper.selectByPrimaryKey Line:143 - ==>  Preparing: select account_id, account, password, name, phone, id_card, remain, is_vip, is_shoper, email, email_send_time,wxId, qqId,authCode,isAuth, sex,header_image_url,head_portrait_url,id_card_url,passport_url,business_liscence_url,protocol_url,shoper_type,shoper_status from tb_customer where account_id = ? 
2020-11-09 22:47:25.986 DEBUG --- [http-nio-8762-exec-2] com.vtu.mapper.CustomerMapper.selectByPrimaryKey Line:143 - ==> Parameters: 12(Long)
2020-11-09 22:47:26.017 DEBUG --- [http-nio-8762-exec-2] com.vtu.mapper.CustomerMapper.selectByPrimaryKey Line:143 - <==      Total: 1
2020-11-09 22:53:06.644 DEBUG --- [http-nio-8762-exec-4] com.vtu.mapper.CustomerMapper.selectByCustomer_COUNT Line:143 - ==>  Preparing: SELECT count(0) FROM tb_customer WHERE is_shoper = ? AND is_shoper = ? 
2020-11-09 22:53:06.648 DEBUG --- [http-nio-8762-exec-4] com.vtu.mapper.CustomerMapper.selectByCustomer_COUNT Line:143 - ==> Parameters: true(String), true(String)
2020-11-09 22:53:06.684 DEBUG --- [http-nio-8762-exec-4] com.vtu.mapper.CustomerMapper.selectByCustomer_COUNT Line:143 - <==      Total: 1
2020-11-09 22:53:06.689 DEBUG --- [http-nio-8762-exec-4] com.vtu.mapper.CustomerMapper.selectByCustomer Line:143 - ==>  Preparing: select account_id, account, password, name, phone, id_card, remain, is_vip, is_shoper, email, email_send_time,wxId, qqId,authCode,isAuth, sex,header_image_url,head_portrait_url,id_card_url,passport_url,business_liscence_url,protocol_url,shoper_type,shoper_status from tb_customer WHERE is_shoper = ? and is_shoper = ? LIMIT ? 
2020-11-09 22:53:06.691 DEBUG --- [http-nio-8762-exec-4] com.vtu.mapper.CustomerMapper.selectByCustomer Line:143 - ==> Parameters: true(String), true(String), 10(Integer)
2020-11-09 22:53:06.726 DEBUG --- [http-nio-8762-exec-4] com.vtu.mapper.CustomerMapper.selectByCustomer Line:143 - <==      Total: 2
2020-11-09 22:53:08.409 DEBUG --- [http-nio-8762-exec-5] com.vtu.mapper.CustomerMapper.selectByPrimaryKey Line:143 - ==>  Preparing: select account_id, account, password, name, phone, id_card, remain, is_vip, is_shoper, email, email_send_time,wxId, qqId,authCode,isAuth, sex,header_image_url,head_portrait_url,id_card_url,passport_url,business_liscence_url,protocol_url,shoper_type,shoper_status from tb_customer where account_id = ? 
2020-11-09 22:53:08.410 DEBUG --- [http-nio-8762-exec-5] com.vtu.mapper.CustomerMapper.selectByPrimaryKey Line:143 - ==> Parameters: 8(Long)
2020-11-09 22:53:08.444 DEBUG --- [http-nio-8762-exec-5] com.vtu.mapper.CustomerMapper.selectByPrimaryKey Line:143 - <==      Total: 1
2020-11-09 22:53:16.696 DEBUG --- [http-nio-8762-exec-8] com.vtu.mapper.CustomerMapper.selectByPrimaryKey Line:143 - ==>  Preparing: select account_id, account, password, name, phone, id_card, remain, is_vip, is_shoper, email, email_send_time,wxId, qqId,authCode,isAuth, sex,header_image_url,head_portrait_url,id_card_url,passport_url,business_liscence_url,protocol_url,shoper_type,shoper_status from tb_customer where account_id = ? 
2020-11-09 22:53:16.697 DEBUG --- [http-nio-8762-exec-8] com.vtu.mapper.CustomerMapper.selectByPrimaryKey Line:143 - ==> Parameters: 12(Long)
2020-11-09 22:53:16.731 DEBUG --- [http-nio-8762-exec-8] com.vtu.mapper.CustomerMapper.selectByPrimaryKey Line:143 - <==      Total: 1
2020-11-09 22:53:23.954 DEBUG --- [http-nio-8762-exec-7] com.vtu.mapper.CustomerMapper.selectByCustomer_COUNT Line:143 - ==>  Preparing: SELECT count(0) FROM tb_customer WHERE is_shoper = ? AND is_shoper = ? 
2020-11-09 22:53:23.955 DEBUG --- [http-nio-8762-exec-7] com.vtu.mapper.CustomerMapper.selectByCustomer_COUNT Line:143 - ==> Parameters: true(String), true(String)
2020-11-09 22:53:23.989 DEBUG --- [http-nio-8762-exec-7] com.vtu.mapper.CustomerMapper.selectByCustomer_COUNT Line:143 - <==      Total: 1
2020-11-09 22:53:23.991 DEBUG --- [http-nio-8762-exec-7] com.vtu.mapper.CustomerMapper.selectByCustomer Line:143 - ==>  Preparing: select account_id, account, password, name, phone, id_card, remain, is_vip, is_shoper, email, email_send_time,wxId, qqId,authCode,isAuth, sex,header_image_url,head_portrait_url,id_card_url,passport_url,business_liscence_url,protocol_url,shoper_type,shoper_status from tb_customer WHERE is_shoper = ? and is_shoper = ? LIMIT ? 
2020-11-09 22:53:23.992 DEBUG --- [http-nio-8762-exec-7] com.vtu.mapper.CustomerMapper.selectByCustomer Line:143 - ==> Parameters: true(String), true(String), 10(Integer)
2020-11-09 22:53:24.026 DEBUG --- [http-nio-8762-exec-7] com.vtu.mapper.CustomerMapper.selectByCustomer Line:143 - <==      Total: 2
2020-11-09 22:53:25.322 DEBUG --- [http-nio-8762-exec-10] com.vtu.mapper.CustomerMapper.selectByPrimaryKey Line:143 - ==>  Preparing: select account_id, account, password, name, phone, id_card, remain, is_vip, is_shoper, email, email_send_time,wxId, qqId,authCode,isAuth, sex,header_image_url,head_portrait_url,id_card_url,passport_url,business_liscence_url,protocol_url,shoper_type,shoper_status from tb_customer where account_id = ? 
2020-11-09 22:53:25.323 DEBUG --- [http-nio-8762-exec-10] com.vtu.mapper.CustomerMapper.selectByPrimaryKey Line:143 - ==> Parameters: 12(Long)
2020-11-09 22:53:25.356 DEBUG --- [http-nio-8762-exec-10] com.vtu.mapper.CustomerMapper.selectByPrimaryKey Line:143 - <==      Total: 1
2020-11-09 22:53:27.918 DEBUG --- [http-nio-8762-exec-1] com.vtu.mapper.CustomerMapper.selectByPrimaryKey Line:143 - ==>  Preparing: select account_id, account, password, name, phone, id_card, remain, is_vip, is_shoper, email, email_send_time,wxId, qqId,authCode,isAuth, sex,header_image_url,head_portrait_url,id_card_url,passport_url,business_liscence_url,protocol_url,shoper_type,shoper_status from tb_customer where account_id = ? 
2020-11-09 22:53:27.919 DEBUG --- [http-nio-8762-exec-1] com.vtu.mapper.CustomerMapper.selectByPrimaryKey Line:143 - ==> Parameters: 8(Long)
2020-11-09 22:53:27.954 DEBUG --- [http-nio-8762-exec-1] com.vtu.mapper.CustomerMapper.selectByPrimaryKey Line:143 - <==      Total: 1
2020-11-09 22:53:30.521 DEBUG --- [http-nio-8762-exec-2] com.vtu.mapper.CustomerMapper.selectByPrimaryKey Line:143 - ==>  Preparing: select account_id, account, password, name, phone, id_card, remain, is_vip, is_shoper, email, email_send_time,wxId, qqId,authCode,isAuth, sex,header_image_url,head_portrait_url,id_card_url,passport_url,business_liscence_url,protocol_url,shoper_type,shoper_status from tb_customer where account_id = ? 
2020-11-09 22:53:30.522 DEBUG --- [http-nio-8762-exec-2] com.vtu.mapper.CustomerMapper.selectByPrimaryKey Line:143 - ==> Parameters: 12(Long)
2020-11-09 22:53:30.558 DEBUG --- [http-nio-8762-exec-2] com.vtu.mapper.CustomerMapper.selectByPrimaryKey Line:143 - <==      Total: 1
2020-11-09 22:53:38.913 DEBUG --- [http-nio-8762-exec-4] com.vtu.mapper.CustomerMapper.selectByPrimaryKey Line:143 - ==>  Preparing: select account_id, account, password, name, phone, id_card, remain, is_vip, is_shoper, email, email_send_time,wxId, qqId,authCode,isAuth, sex,header_image_url,head_portrait_url,id_card_url,passport_url,business_liscence_url,protocol_url,shoper_type,shoper_status from tb_customer where account_id = ? 
2020-11-09 22:53:38.914 DEBUG --- [http-nio-8762-exec-4] com.vtu.mapper.CustomerMapper.selectByPrimaryKey Line:143 - ==> Parameters: 12(Long)
2020-11-09 22:53:38.948 DEBUG --- [http-nio-8762-exec-4] com.vtu.mapper.CustomerMapper.selectByPrimaryKey Line:143 - <==      Total: 1
2020-11-09 22:54:25.301 DEBUG --- [http-nio-8762-exec-6] com.vtu.mapper.CustomerMapper.selectByCustomer_COUNT Line:143 - ==>  Preparing: SELECT count(0) FROM tb_customer WHERE is_shoper = ? AND is_shoper = ? 
2020-11-09 22:54:25.302 DEBUG --- [http-nio-8762-exec-6] com.vtu.mapper.CustomerMapper.selectByCustomer_COUNT Line:143 - ==> Parameters: true(String), true(String)
2020-11-09 22:54:25.334 DEBUG --- [http-nio-8762-exec-6] com.vtu.mapper.CustomerMapper.selectByCustomer_COUNT Line:143 - <==      Total: 1
2020-11-09 22:54:25.336 DEBUG --- [http-nio-8762-exec-6] com.vtu.mapper.CustomerMapper.selectByCustomer Line:143 - ==>  Preparing: select account_id, account, password, name, phone, id_card, remain, is_vip, is_shoper, email, email_send_time,wxId, qqId,authCode,isAuth, sex,header_image_url,head_portrait_url,id_card_url,passport_url,business_liscence_url,protocol_url,shoper_type,shoper_status from tb_customer WHERE is_shoper = ? and is_shoper = ? LIMIT ? 
2020-11-09 22:54:25.337 DEBUG --- [http-nio-8762-exec-6] com.vtu.mapper.CustomerMapper.selectByCustomer Line:143 - ==> Parameters: true(String), true(String), 10(Integer)
2020-11-09 22:54:25.369 DEBUG --- [http-nio-8762-exec-6] com.vtu.mapper.CustomerMapper.selectByCustomer Line:143 - <==      Total: 2
2020-11-09 22:54:26.524 DEBUG --- [http-nio-8762-exec-8] com.vtu.mapper.CustomerMapper.selectByPrimaryKey Line:143 - ==>  Preparing: select account_id, account, password, name, phone, id_card, remain, is_vip, is_shoper, email, email_send_time,wxId, qqId,authCode,isAuth, sex,header_image_url,head_portrait_url,id_card_url,passport_url,business_liscence_url,protocol_url,shoper_type,shoper_status from tb_customer where account_id = ? 
2020-11-09 22:54:26.525 DEBUG --- [http-nio-8762-exec-8] com.vtu.mapper.CustomerMapper.selectByPrimaryKey Line:143 - ==> Parameters: 12(Long)
2020-11-09 22:54:26.558 DEBUG --- [http-nio-8762-exec-8] com.vtu.mapper.CustomerMapper.selectByPrimaryKey Line:143 - <==      Total: 1
2020-11-09 23:19:52.156 DEBUG --- [http-nio-8762-exec-7] com.vtu.mapper.CustomerMapper.selectByPrimaryKey Line:143 - ==>  Preparing: select account_id, account, password, name, phone, id_card, remain, is_vip, is_shoper, email, email_send_time,wxId, qqId,authCode,isAuth, sex,header_image_url,head_portrait_url,id_card_url,passport_url,business_liscence_url,protocol_url,shoper_type,shoper_status from tb_customer where account_id = ? 
2020-11-09 23:19:52.158 DEBUG --- [http-nio-8762-exec-7] com.vtu.mapper.CustomerMapper.selectByPrimaryKey Line:143 - ==> Parameters: 12(Long)
2020-11-09 23:19:52.191 DEBUG --- [http-nio-8762-exec-7] com.vtu.mapper.CustomerMapper.selectByPrimaryKey Line:143 - <==      Total: 1
2020-11-09 23:23:48.697 DEBUG --- [http-nio-8762-exec-1] com.vtu.mapper.CustomerMapper.selectByCustomer_COUNT Line:143 - ==>  Preparing: SELECT count(0) FROM tb_customer WHERE is_shoper = ? AND is_shoper = ? 
2020-11-09 23:23:48.698 DEBUG --- [http-nio-8762-exec-1] com.vtu.mapper.CustomerMapper.selectByCustomer_COUNT Line:143 - ==> Parameters: true(String), true(String)
2020-11-09 23:23:48.726 DEBUG --- [http-nio-8762-exec-1] com.vtu.mapper.CustomerMapper.selectByCustomer_COUNT Line:143 - <==      Total: 1
2020-11-09 23:23:48.728 DEBUG --- [http-nio-8762-exec-1] com.vtu.mapper.CustomerMapper.selectByCustomer Line:143 - ==>  Preparing: select account_id, account, password, name, phone, id_card, remain, is_vip, is_shoper, email, email_send_time,wxId, qqId,authCode,isAuth, sex,header_image_url,head_portrait_url,id_card_url,passport_url,business_liscence_url,protocol_url,shoper_type,shoper_status from tb_customer WHERE is_shoper = ? and is_shoper = ? LIMIT ? 
2020-11-09 23:23:48.730 DEBUG --- [http-nio-8762-exec-1] com.vtu.mapper.CustomerMapper.selectByCustomer Line:143 - ==> Parameters: true(String), true(String), 10(Integer)
2020-11-09 23:23:48.759 DEBUG --- [http-nio-8762-exec-1] com.vtu.mapper.CustomerMapper.selectByCustomer Line:143 - <==      Total: 2
2020-11-09 23:23:50.231 DEBUG --- [http-nio-8762-exec-2] com.vtu.mapper.CustomerMapper.selectByPrimaryKey Line:143 - ==>  Preparing: select account_id, account, password, name, phone, id_card, remain, is_vip, is_shoper, email, email_send_time,wxId, qqId,authCode,isAuth, sex,header_image_url,head_portrait_url,id_card_url,passport_url,business_liscence_url,protocol_url,shoper_type,shoper_status from tb_customer where account_id = ? 
2020-11-09 23:23:50.232 DEBUG --- [http-nio-8762-exec-2] com.vtu.mapper.CustomerMapper.selectByPrimaryKey Line:143 - ==> Parameters: 12(Long)
2020-11-09 23:23:50.261 DEBUG --- [http-nio-8762-exec-2] com.vtu.mapper.CustomerMapper.selectByPrimaryKey Line:143 - <==      Total: 1
2020-11-09 23:24:01.924 DEBUG --- [http-nio-8762-exec-4] com.vtu.mapper.CustomerMapper.selectByCustomer_COUNT Line:143 - ==>  Preparing: SELECT count(0) FROM tb_customer WHERE is_shoper = ? AND is_shoper = ? 
2020-11-09 23:24:01.925 DEBUG --- [http-nio-8762-exec-4] com.vtu.mapper.CustomerMapper.selectByCustomer_COUNT Line:143 - ==> Parameters: true(String), true(String)
2020-11-09 23:24:01.955 DEBUG --- [http-nio-8762-exec-4] com.vtu.mapper.CustomerMapper.selectByCustomer_COUNT Line:143 - <==      Total: 1
2020-11-09 23:24:01.957 DEBUG --- [http-nio-8762-exec-4] com.vtu.mapper.CustomerMapper.selectByCustomer Line:143 - ==>  Preparing: select account_id, account, password, name, phone, id_card, remain, is_vip, is_shoper, email, email_send_time,wxId, qqId,authCode,isAuth, sex,header_image_url,head_portrait_url,id_card_url,passport_url,business_liscence_url,protocol_url,shoper_type,shoper_status from tb_customer WHERE is_shoper = ? and is_shoper = ? LIMIT ? 
2020-11-09 23:24:01.958 DEBUG --- [http-nio-8762-exec-4] com.vtu.mapper.CustomerMapper.selectByCustomer Line:143 - ==> Parameters: true(String), true(String), 10(Integer)
2020-11-09 23:24:01.987 DEBUG --- [http-nio-8762-exec-4] com.vtu.mapper.CustomerMapper.selectByCustomer Line:143 - <==      Total: 2
2020-11-09 23:24:03.453 DEBUG --- [http-nio-8762-exec-5] com.vtu.mapper.CustomerMapper.selectByPrimaryKey Line:143 - ==>  Preparing: select account_id, account, password, name, phone, id_card, remain, is_vip, is_shoper, email, email_send_time,wxId, qqId,authCode,isAuth, sex,header_image_url,head_portrait_url,id_card_url,passport_url,business_liscence_url,protocol_url,shoper_type,shoper_status from tb_customer where account_id = ? 
2020-11-09 23:24:03.454 DEBUG --- [http-nio-8762-exec-5] com.vtu.mapper.CustomerMapper.selectByPrimaryKey Line:143 - ==> Parameters: 12(Long)
2020-11-09 23:24:03.486 DEBUG --- [http-nio-8762-exec-5] com.vtu.mapper.CustomerMapper.selectByPrimaryKey Line:143 - <==      Total: 1
2020-11-09 23:24:23.887 DEBUG --- [http-nio-8762-exec-8] com.vtu.mapper.CustomerMapper.selectByCustomer_COUNT Line:143 - ==>  Preparing: SELECT count(0) FROM tb_customer WHERE is_shoper = ? AND is_shoper = ? 
2020-11-09 23:24:23.888 DEBUG --- [http-nio-8762-exec-8] com.vtu.mapper.CustomerMapper.selectByCustomer_COUNT Line:143 - ==> Parameters: true(String), true(String)
2020-11-09 23:24:23.917 DEBUG --- [http-nio-8762-exec-8] com.vtu.mapper.CustomerMapper.selectByCustomer_COUNT Line:143 - <==      Total: 1
2020-11-09 23:24:23.919 DEBUG --- [http-nio-8762-exec-8] com.vtu.mapper.CustomerMapper.selectByCustomer Line:143 - ==>  Preparing: select account_id, account, password, name, phone, id_card, remain, is_vip, is_shoper, email, email_send_time,wxId, qqId,authCode,isAuth, sex,header_image_url,head_portrait_url,id_card_url,passport_url,business_liscence_url,protocol_url,shoper_type,shoper_status from tb_customer WHERE is_shoper = ? and is_shoper = ? LIMIT ? 
2020-11-09 23:24:23.921 DEBUG --- [http-nio-8762-exec-8] com.vtu.mapper.CustomerMapper.selectByCustomer Line:143 - ==> Parameters: true(String), true(String), 10(Integer)
2020-11-09 23:24:23.951 DEBUG --- [http-nio-8762-exec-8] com.vtu.mapper.CustomerMapper.selectByCustomer Line:143 - <==      Total: 2
2020-11-09 23:24:25.091 DEBUG --- [http-nio-8762-exec-9] com.vtu.mapper.CustomerMapper.selectByPrimaryKey Line:143 - ==>  Preparing: select account_id, account, password, name, phone, id_card, remain, is_vip, is_shoper, email, email_send_time,wxId, qqId,authCode,isAuth, sex,header_image_url,head_portrait_url,id_card_url,passport_url,business_liscence_url,protocol_url,shoper_type,shoper_status from tb_customer where account_id = ? 
2020-11-09 23:24:25.092 DEBUG --- [http-nio-8762-exec-9] com.vtu.mapper.CustomerMapper.selectByPrimaryKey Line:143 - ==> Parameters: 12(Long)
2020-11-09 23:24:25.121 DEBUG --- [http-nio-8762-exec-9] com.vtu.mapper.CustomerMapper.selectByPrimaryKey Line:143 - <==      Total: 1
2020-11-09 23:25:28.735 DEBUG --- [http-nio-8762-exec-10] com.vtu.mapper.CustomerMapper.selectByCustomer_COUNT Line:143 - ==>  Preparing: SELECT count(0) FROM tb_customer WHERE is_shoper = ? AND is_shoper = ? 
2020-11-09 23:25:28.736 DEBUG --- [http-nio-8762-exec-10] com.vtu.mapper.CustomerMapper.selectByCustomer_COUNT Line:143 - ==> Parameters: true(String), true(String)
2020-11-09 23:25:28.763 DEBUG --- [http-nio-8762-exec-10] com.vtu.mapper.CustomerMapper.selectByCustomer_COUNT Line:143 - <==      Total: 1
2020-11-09 23:25:28.765 DEBUG --- [http-nio-8762-exec-10] com.vtu.mapper.CustomerMapper.selectByCustomer Line:143 - ==>  Preparing: select account_id, account, password, name, phone, id_card, remain, is_vip, is_shoper, email, email_send_time,wxId, qqId,authCode,isAuth, sex,header_image_url,head_portrait_url,id_card_url,passport_url,business_liscence_url,protocol_url,shoper_type,shoper_status from tb_customer WHERE is_shoper = ? and is_shoper = ? LIMIT ? 
2020-11-09 23:25:28.766 DEBUG --- [http-nio-8762-exec-10] com.vtu.mapper.CustomerMapper.selectByCustomer Line:143 - ==> Parameters: true(String), true(String), 10(Integer)
2020-11-09 23:25:28.798 DEBUG --- [http-nio-8762-exec-10] com.vtu.mapper.CustomerMapper.selectByCustomer Line:143 - <==      Total: 2
2020-11-09 23:25:30.835 DEBUG --- [http-nio-8762-exec-1] com.vtu.mapper.CustomerMapper.selectByPrimaryKey Line:143 - ==>  Preparing: select account_id, account, password, name, phone, id_card, remain, is_vip, is_shoper, email, email_send_time,wxId, qqId,authCode,isAuth, sex,header_image_url,head_portrait_url,id_card_url,passport_url,business_liscence_url,protocol_url,shoper_type,shoper_status from tb_customer where account_id = ? 
2020-11-09 23:25:30.835 DEBUG --- [http-nio-8762-exec-1] com.vtu.mapper.CustomerMapper.selectByPrimaryKey Line:143 - ==> Parameters: 12(Long)
2020-11-09 23:25:30.865 DEBUG --- [http-nio-8762-exec-1] com.vtu.mapper.CustomerMapper.selectByPrimaryKey Line:143 - <==      Total: 1
2020-11-09 23:25:39.409 DEBUG --- [http-nio-8762-exec-3] com.vtu.mapper.CustomerMapper.selectByPrimaryKey Line:143 - ==>  Preparing: select account_id, account, password, name, phone, id_card, remain, is_vip, is_shoper, email, email_send_time,wxId, qqId,authCode,isAuth, sex,header_image_url,head_portrait_url,id_card_url,passport_url,business_liscence_url,protocol_url,shoper_type,shoper_status from tb_customer where account_id = ? 
2020-11-09 23:25:39.410 DEBUG --- [http-nio-8762-exec-3] com.vtu.mapper.CustomerMapper.selectByPrimaryKey Line:143 - ==> Parameters: 12(Long)
2020-11-09 23:25:39.438 DEBUG --- [http-nio-8762-exec-3] com.vtu.mapper.CustomerMapper.selectByPrimaryKey Line:143 - <==      Total: 1
2020-11-09 23:27:04.815 DEBUG --- [http-nio-8762-exec-5] com.vtu.mapper.CustomerMapper.selectByPrimaryKey Line:143 - ==>  Preparing: select account_id, account, password, name, phone, id_card, remain, is_vip, is_shoper, email, email_send_time,wxId, qqId,authCode,isAuth, sex,header_image_url,head_portrait_url,id_card_url,passport_url,business_liscence_url,protocol_url,shoper_type,shoper_status from tb_customer where account_id = ? 
2020-11-09 23:27:04.816 DEBUG --- [http-nio-8762-exec-5] com.vtu.mapper.CustomerMapper.selectByPrimaryKey Line:143 - ==> Parameters: 8(Long)
2020-11-09 23:27:04.846 DEBUG --- [http-nio-8762-exec-5] com.vtu.mapper.CustomerMapper.selectByPrimaryKey Line:143 - <==      Total: 1
2020-11-09 23:27:08.411 DEBUG --- [http-nio-8762-exec-6] com.vtu.mapper.CustomerMapper.selectByPrimaryKey Line:143 - ==>  Preparing: select account_id, account, password, name, phone, id_card, remain, is_vip, is_shoper, email, email_send_time,wxId, qqId,authCode,isAuth, sex,header_image_url,head_portrait_url,id_card_url,passport_url,business_liscence_url,protocol_url,shoper_type,shoper_status from tb_customer where account_id = ? 
2020-11-09 23:27:08.412 DEBUG --- [http-nio-8762-exec-6] com.vtu.mapper.CustomerMapper.selectByPrimaryKey Line:143 - ==> Parameters: 12(Long)
2020-11-09 23:27:08.448 DEBUG --- [http-nio-8762-exec-6] com.vtu.mapper.CustomerMapper.selectByPrimaryKey Line:143 - <==      Total: 1
2020-11-09 23:27:32.836 DEBUG --- [http-nio-8762-exec-9] com.vtu.mapper.CustomerMapper.selectByPrimaryKey Line:143 - ==>  Preparing: select account_id, account, password, name, phone, id_card, remain, is_vip, is_shoper, email, email_send_time,wxId, qqId,authCode,isAuth, sex,header_image_url,head_portrait_url,id_card_url,passport_url,business_liscence_url,protocol_url,shoper_type,shoper_status from tb_customer where account_id = ? 
2020-11-09 23:27:32.836 DEBUG --- [http-nio-8762-exec-9] com.vtu.mapper.CustomerMapper.selectByPrimaryKey Line:143 - ==> Parameters: 12(Long)
2020-11-09 23:27:32.866 DEBUG --- [http-nio-8762-exec-9] com.vtu.mapper.CustomerMapper.selectByPrimaryKey Line:143 - <==      Total: 1
2020-11-09 23:27:35.396 DEBUG --- [http-nio-8762-exec-7] com.vtu.mapper.CustomerMapper.selectByPrimaryKey Line:143 - ==>  Preparing: select account_id, account, password, name, phone, id_card, remain, is_vip, is_shoper, email, email_send_time,wxId, qqId,authCode,isAuth, sex,header_image_url,head_portrait_url,id_card_url,passport_url,business_liscence_url,protocol_url,shoper_type,shoper_status from tb_customer where account_id = ? 
2020-11-09 23:27:35.397 DEBUG --- [http-nio-8762-exec-7] com.vtu.mapper.CustomerMapper.selectByPrimaryKey Line:143 - ==> Parameters: 12(Long)
2020-11-09 23:27:35.428 DEBUG --- [http-nio-8762-exec-7] com.vtu.mapper.CustomerMapper.selectByPrimaryKey Line:143 - <==      Total: 1
2020-11-09 23:27:54.138 DEBUG --- [http-nio-8762-exec-1] com.vtu.mapper.CustomerMapper.selectByPrimaryKey Line:143 - ==>  Preparing: select account_id, account, password, name, phone, id_card, remain, is_vip, is_shoper, email, email_send_time,wxId, qqId,authCode,isAuth, sex,header_image_url,head_portrait_url,id_card_url,passport_url,business_liscence_url,protocol_url,shoper_type,shoper_status from tb_customer where account_id = ? 
2020-11-09 23:27:54.139 DEBUG --- [http-nio-8762-exec-1] com.vtu.mapper.CustomerMapper.selectByPrimaryKey Line:143 - ==> Parameters: 12(Long)
2020-11-09 23:27:54.169 DEBUG --- [http-nio-8762-exec-1] com.vtu.mapper.CustomerMapper.selectByPrimaryKey Line:143 - <==      Total: 1
2020-11-09 23:28:20.461 DEBUG --- [http-nio-8762-exec-3] com.vtu.mapper.CustomerMapper.selectByPrimaryKey Line:143 - ==>  Preparing: select account_id, account, password, name, phone, id_card, remain, is_vip, is_shoper, email, email_send_time,wxId, qqId,authCode,isAuth, sex,header_image_url,head_portrait_url,id_card_url,passport_url,business_liscence_url,protocol_url,shoper_type,shoper_status from tb_customer where account_id = ? 
2020-11-09 23:28:20.463 DEBUG --- [http-nio-8762-exec-3] com.vtu.mapper.CustomerMapper.selectByPrimaryKey Line:143 - ==> Parameters: 8(Long)
2020-11-09 23:28:20.492 DEBUG --- [http-nio-8762-exec-3] com.vtu.mapper.CustomerMapper.selectByPrimaryKey Line:143 - <==      Total: 1
2020-11-09 23:28:22.720 DEBUG --- [http-nio-8762-exec-4] com.vtu.mapper.CustomerMapper.selectByPrimaryKey Line:143 - ==>  Preparing: select account_id, account, password, name, phone, id_card, remain, is_vip, is_shoper, email, email_send_time,wxId, qqId,authCode,isAuth, sex,header_image_url,head_portrait_url,id_card_url,passport_url,business_liscence_url,protocol_url,shoper_type,shoper_status from tb_customer where account_id = ? 
2020-11-09 23:28:22.721 DEBUG --- [http-nio-8762-exec-4] com.vtu.mapper.CustomerMapper.selectByPrimaryKey Line:143 - ==> Parameters: 8(Long)
2020-11-09 23:28:22.749 DEBUG --- [http-nio-8762-exec-4] com.vtu.mapper.CustomerMapper.selectByPrimaryKey Line:143 - <==      Total: 1
2020-11-09 23:28:27.049 DEBUG --- [http-nio-8762-exec-5] com.vtu.mapper.CustomerMapper.selectByPrimaryKey Line:143 - ==>  Preparing: select account_id, account, password, name, phone, id_card, remain, is_vip, is_shoper, email, email_send_time,wxId, qqId,authCode,isAuth, sex,header_image_url,head_portrait_url,id_card_url,passport_url,business_liscence_url,protocol_url,shoper_type,shoper_status from tb_customer where account_id = ? 
2020-11-09 23:28:27.050 DEBUG --- [http-nio-8762-exec-5] com.vtu.mapper.CustomerMapper.selectByPrimaryKey Line:143 - ==> Parameters: 12(Long)
2020-11-09 23:28:27.085 DEBUG --- [http-nio-8762-exec-5] com.vtu.mapper.CustomerMapper.selectByPrimaryKey Line:143 - <==      Total: 1
2020-11-09 23:33:30.952 DEBUG --- [http-nio-8762-exec-8] com.vtu.mapper.CustomerMapper.selectByPrimaryKey Line:143 - ==>  Preparing: select account_id, account, password, name, phone, id_card, remain, is_vip, is_shoper, email, email_send_time,wxId, qqId,authCode,isAuth, sex,header_image_url,head_portrait_url,id_card_url,passport_url,business_liscence_url,protocol_url,shoper_type,shoper_status from tb_customer where account_id = ? 
2020-11-09 23:33:30.953 DEBUG --- [http-nio-8762-exec-8] com.vtu.mapper.CustomerMapper.selectByPrimaryKey Line:143 - ==> Parameters: 12(Long)
2020-11-09 23:33:30.982 DEBUG --- [http-nio-8762-exec-8] com.vtu.mapper.CustomerMapper.selectByPrimaryKey Line:143 - <==      Total: 1
2020-11-09 23:33:38.644 DEBUG --- [http-nio-8762-exec-7] com.vtu.mapper.CustomerMapper.selectByPrimaryKey Line:143 - ==>  Preparing: select account_id, account, password, name, phone, id_card, remain, is_vip, is_shoper, email, email_send_time,wxId, qqId,authCode,isAuth, sex,header_image_url,head_portrait_url,id_card_url,passport_url,business_liscence_url,protocol_url,shoper_type,shoper_status from tb_customer where account_id = ? 
2020-11-09 23:33:38.646 DEBUG --- [http-nio-8762-exec-7] com.vtu.mapper.CustomerMapper.selectByPrimaryKey Line:143 - ==> Parameters: 12(Long)
2020-11-09 23:33:38.676 DEBUG --- [http-nio-8762-exec-7] com.vtu.mapper.CustomerMapper.selectByPrimaryKey Line:143 - <==      Total: 1
2020-11-09 23:33:43.959 DEBUG --- [http-nio-8762-exec-1] com.vtu.mapper.CustomerMapper.selectByPrimaryKey Line:143 - ==>  Preparing: select account_id, account, password, name, phone, id_card, remain, is_vip, is_shoper, email, email_send_time,wxId, qqId,authCode,isAuth, sex,header_image_url,head_portrait_url,id_card_url,passport_url,business_liscence_url,protocol_url,shoper_type,shoper_status from tb_customer where account_id = ? 
2020-11-09 23:33:43.960 DEBUG --- [http-nio-8762-exec-1] com.vtu.mapper.CustomerMapper.selectByPrimaryKey Line:143 - ==> Parameters: 12(Long)
2020-11-09 23:33:43.990 DEBUG --- [http-nio-8762-exec-1] com.vtu.mapper.CustomerMapper.selectByPrimaryKey Line:143 - <==      Total: 1
2020-11-09 23:35:21.731 DEBUG --- [http-nio-8762-exec-3] com.vtu.mapper.CustomerMapper.selectByPrimaryKey Line:143 - ==>  Preparing: select account_id, account, password, name, phone, id_card, remain, is_vip, is_shoper, email, email_send_time,wxId, qqId,authCode,isAuth, sex,header_image_url,head_portrait_url,id_card_url,passport_url,business_liscence_url,protocol_url,shoper_type,shoper_status from tb_customer where account_id = ? 
2020-11-09 23:35:21.732 DEBUG --- [http-nio-8762-exec-3] com.vtu.mapper.CustomerMapper.selectByPrimaryKey Line:143 - ==> Parameters: 12(Long)
2020-11-09 23:35:21.768 DEBUG --- [http-nio-8762-exec-3] com.vtu.mapper.CustomerMapper.selectByPrimaryKey Line:143 - <==      Total: 1
2020-11-09 23:42:42.399 DEBUG --- [http-nio-8762-exec-5] com.vtu.mapper.CustomerMapper.selectByPrimaryKey Line:143 - ==>  Preparing: select account_id, account, password, name, phone, id_card, remain, is_vip, is_shoper, email, email_send_time,wxId, qqId,authCode,isAuth, sex,header_image_url,head_portrait_url,id_card_url,passport_url,business_liscence_url,protocol_url,shoper_type,shoper_status from tb_customer where account_id = ? 
2020-11-09 23:42:42.400 DEBUG --- [http-nio-8762-exec-5] com.vtu.mapper.CustomerMapper.selectByPrimaryKey Line:143 - ==> Parameters: 8(Long)
2020-11-09 23:42:42.428 DEBUG --- [http-nio-8762-exec-5] com.vtu.mapper.CustomerMapper.selectByPrimaryKey Line:143 - <==      Total: 1
2020-11-09 23:42:43.171 DEBUG --- [http-nio-8762-exec-6] com.vtu.mapper.CustomerMapper.selectByPrimaryKey Line:143 - ==>  Preparing: select account_id, account, password, name, phone, id_card, remain, is_vip, is_shoper, email, email_send_time,wxId, qqId,authCode,isAuth, sex,header_image_url,head_portrait_url,id_card_url,passport_url,business_liscence_url,protocol_url,shoper_type,shoper_status from tb_customer where account_id = ? 
2020-11-09 23:42:43.173 DEBUG --- [http-nio-8762-exec-6] com.vtu.mapper.CustomerMapper.selectByPrimaryKey Line:143 - ==> Parameters: 12(Long)
2020-11-09 23:42:43.202 DEBUG --- [http-nio-8762-exec-6] com.vtu.mapper.CustomerMapper.selectByPrimaryKey Line:143 - <==      Total: 1
2020-11-09 23:42:46.309 DEBUG --- [http-nio-8762-exec-8] com.vtu.mapper.CustomerMapper.selectByPrimaryKey Line:143 - ==>  Preparing: select account_id, account, password, name, phone, id_card, remain, is_vip, is_shoper, email, email_send_time,wxId, qqId,authCode,isAuth, sex,header_image_url,head_portrait_url,id_card_url,passport_url,business_liscence_url,protocol_url,shoper_type,shoper_status from tb_customer where account_id = ? 
2020-11-09 23:42:46.310 DEBUG --- [http-nio-8762-exec-8] com.vtu.mapper.CustomerMapper.selectByPrimaryKey Line:143 - ==> Parameters: 12(Long)
2020-11-09 23:42:46.339 DEBUG --- [http-nio-8762-exec-8] com.vtu.mapper.CustomerMapper.selectByPrimaryKey Line:143 - <==      Total: 1
2020-11-09 23:43:01.992 DEBUG --- [http-nio-8762-exec-7] com.vtu.mapper.CustomerMapper.selectByPrimaryKey Line:143 - ==>  Preparing: select account_id, account, password, name, phone, id_card, remain, is_vip, is_shoper, email, email_send_time,wxId, qqId,authCode,isAuth, sex,header_image_url,head_portrait_url,id_card_url,passport_url,business_liscence_url,protocol_url,shoper_type,shoper_status from tb_customer where account_id = ? 
2020-11-09 23:43:01.993 DEBUG --- [http-nio-8762-exec-7] com.vtu.mapper.CustomerMapper.selectByPrimaryKey Line:143 - ==> Parameters: 12(Long)
2020-11-09 23:43:02.019 DEBUG --- [http-nio-8762-exec-7] com.vtu.mapper.CustomerMapper.selectByPrimaryKey Line:143 - <==      Total: 1
2020-11-09 23:43:15.440 DEBUG --- [http-nio-8762-exec-1] com.vtu.mapper.CustomerMapper.selectByCustomer_COUNT Line:143 - ==>  Preparing: SELECT count(0) FROM tb_customer WHERE is_shoper = ? AND is_shoper = ? 
2020-11-09 23:43:15.445 DEBUG --- [http-nio-8762-exec-1] com.vtu.mapper.CustomerMapper.selectByCustomer_COUNT Line:143 - ==> Parameters: true(String), true(String)
2020-11-09 23:43:15.476 DEBUG --- [http-nio-8762-exec-1] com.vtu.mapper.CustomerMapper.selectByCustomer_COUNT Line:143 - <==      Total: 1
2020-11-09 23:43:15.478 DEBUG --- [http-nio-8762-exec-1] com.vtu.mapper.CustomerMapper.selectByCustomer Line:143 - ==>  Preparing: select account_id, account, password, name, phone, id_card, remain, is_vip, is_shoper, email, email_send_time,wxId, qqId,authCode,isAuth, sex,header_image_url,head_portrait_url,id_card_url,passport_url,business_liscence_url,protocol_url,shoper_type,shoper_status from tb_customer WHERE is_shoper = ? and is_shoper = ? LIMIT ? 
2020-11-09 23:43:15.479 DEBUG --- [http-nio-8762-exec-1] com.vtu.mapper.CustomerMapper.selectByCustomer Line:143 - ==> Parameters: true(String), true(String), 10(Integer)
2020-11-09 23:43:15.510 DEBUG --- [http-nio-8762-exec-1] com.vtu.mapper.CustomerMapper.selectByCustomer Line:143 - <==      Total: 2
2020-11-09 23:43:16.676 DEBUG --- [http-nio-8762-exec-2] com.vtu.mapper.CustomerMapper.selectByPrimaryKey Line:143 - ==>  Preparing: select account_id, account, password, name, phone, id_card, remain, is_vip, is_shoper, email, email_send_time,wxId, qqId,authCode,isAuth, sex,header_image_url,head_portrait_url,id_card_url,passport_url,business_liscence_url,protocol_url,shoper_type,shoper_status from tb_customer where account_id = ? 
2020-11-09 23:43:16.677 DEBUG --- [http-nio-8762-exec-2] com.vtu.mapper.CustomerMapper.selectByPrimaryKey Line:143 - ==> Parameters: 12(Long)
2020-11-09 23:43:16.705 DEBUG --- [http-nio-8762-exec-2] com.vtu.mapper.CustomerMapper.selectByPrimaryKey Line:143 - <==      Total: 1
2020-11-09 23:45:52.676 DEBUG --- [http-nio-8762-exec-4] com.vtu.mapper.CustomerMapper.selectByCustomer_COUNT Line:143 - ==>  Preparing: SELECT count(0) FROM tb_customer WHERE is_shoper = ? AND is_shoper = ? 
2020-11-09 23:45:52.677 DEBUG --- [http-nio-8762-exec-4] com.vtu.mapper.CustomerMapper.selectByCustomer_COUNT Line:143 - ==> Parameters: true(String), true(String)
2020-11-09 23:45:52.704 DEBUG --- [http-nio-8762-exec-4] com.vtu.mapper.CustomerMapper.selectByCustomer_COUNT Line:143 - <==      Total: 1
2020-11-09 23:45:52.706 DEBUG --- [http-nio-8762-exec-4] com.vtu.mapper.CustomerMapper.selectByCustomer Line:143 - ==>  Preparing: select account_id, account, password, name, phone, id_card, remain, is_vip, is_shoper, email, email_send_time,wxId, qqId,authCode,isAuth, sex,header_image_url,head_portrait_url,id_card_url,passport_url,business_liscence_url,protocol_url,shoper_type,shoper_status from tb_customer WHERE is_shoper = ? and is_shoper = ? LIMIT ? 
2020-11-09 23:45:52.706 DEBUG --- [http-nio-8762-exec-4] com.vtu.mapper.CustomerMapper.selectByCustomer Line:143 - ==> Parameters: true(String), true(String), 10(Integer)
2020-11-09 23:45:52.739 DEBUG --- [http-nio-8762-exec-4] com.vtu.mapper.CustomerMapper.selectByCustomer Line:143 - <==      Total: 2
2020-11-09 23:45:54.487 DEBUG --- [http-nio-8762-exec-5] com.vtu.mapper.CustomerMapper.selectByPrimaryKey Line:143 - ==>  Preparing: select account_id, account, password, name, phone, id_card, remain, is_vip, is_shoper, email, email_send_time,wxId, qqId,authCode,isAuth, sex,header_image_url,head_portrait_url,id_card_url,passport_url,business_liscence_url,protocol_url,shoper_type,shoper_status from tb_customer where account_id = ? 
2020-11-09 23:45:54.488 DEBUG --- [http-nio-8762-exec-5] com.vtu.mapper.CustomerMapper.selectByPrimaryKey Line:143 - ==> Parameters: 12(Long)
2020-11-09 23:45:54.516 DEBUG --- [http-nio-8762-exec-5] com.vtu.mapper.CustomerMapper.selectByPrimaryKey Line:143 - <==      Total: 1
2020-11-09 23:48:21.804 DEBUG --- [http-nio-8762-exec-8] com.vtu.mapper.CustomerMapper.selectByCustomer_COUNT Line:143 - ==>  Preparing: SELECT count(0) FROM tb_customer WHERE is_shoper = ? AND is_shoper = ? 
2020-11-09 23:48:21.806 DEBUG --- [http-nio-8762-exec-8] com.vtu.mapper.CustomerMapper.selectByCustomer_COUNT Line:143 - ==> Parameters: true(String), true(String)
2020-11-09 23:48:21.837 DEBUG --- [http-nio-8762-exec-8] com.vtu.mapper.CustomerMapper.selectByCustomer_COUNT Line:143 - <==      Total: 1
2020-11-09 23:48:21.841 DEBUG --- [http-nio-8762-exec-8] com.vtu.mapper.CustomerMapper.selectByCustomer Line:143 - ==>  Preparing: select account_id, account, password, name, phone, id_card, remain, is_vip, is_shoper, email, email_send_time,wxId, qqId,authCode,isAuth, sex,header_image_url,head_portrait_url,id_card_url,passport_url,business_liscence_url,protocol_url,shoper_type,shoper_status from tb_customer WHERE is_shoper = ? and is_shoper = ? LIMIT ? 
2020-11-09 23:48:21.843 DEBUG --- [http-nio-8762-exec-8] com.vtu.mapper.CustomerMapper.selectByCustomer Line:143 - ==> Parameters: true(String), true(String), 10(Integer)
2020-11-09 23:48:21.871 DEBUG --- [http-nio-8762-exec-8] com.vtu.mapper.CustomerMapper.selectByCustomer Line:143 - <==      Total: 2
2020-11-09 23:48:24.165 DEBUG --- [http-nio-8762-exec-9] com.vtu.mapper.CustomerMapper.selectByPrimaryKey Line:143 - ==>  Preparing: select account_id, account, password, name, phone, id_card, remain, is_vip, is_shoper, email, email_send_time,wxId, qqId,authCode,isAuth, sex,header_image_url,head_portrait_url,id_card_url,passport_url,business_liscence_url,protocol_url,shoper_type,shoper_status from tb_customer where account_id = ? 
2020-11-09 23:48:24.166 DEBUG --- [http-nio-8762-exec-9] com.vtu.mapper.CustomerMapper.selectByPrimaryKey Line:143 - ==> Parameters: 12(Long)
2020-11-09 23:48:24.194 DEBUG --- [http-nio-8762-exec-9] com.vtu.mapper.CustomerMapper.selectByPrimaryKey Line:143 - <==      Total: 1
2020-11-09 23:50:18.887 DEBUG --- [http-nio-8762-exec-10] com.vtu.mapper.CustomerMapper.selectByCustomer_COUNT Line:143 - ==>  Preparing: SELECT count(0) FROM tb_customer WHERE is_shoper = ? AND is_shoper = ? 
2020-11-09 23:50:18.888 DEBUG --- [http-nio-8762-exec-10] com.vtu.mapper.CustomerMapper.selectByCustomer_COUNT Line:143 - ==> Parameters: true(String), true(String)
2020-11-09 23:50:18.920 DEBUG --- [http-nio-8762-exec-10] com.vtu.mapper.CustomerMapper.selectByCustomer_COUNT Line:143 - <==      Total: 1
2020-11-09 23:50:18.924 DEBUG --- [http-nio-8762-exec-10] com.vtu.mapper.CustomerMapper.selectByCustomer Line:143 - ==>  Preparing: select account_id, account, password, name, phone, id_card, remain, is_vip, is_shoper, email, email_send_time,wxId, qqId,authCode,isAuth, sex,header_image_url,head_portrait_url,id_card_url,passport_url,business_liscence_url,protocol_url,shoper_type,shoper_status from tb_customer WHERE is_shoper = ? and is_shoper = ? LIMIT ? 
2020-11-09 23:50:18.926 DEBUG --- [http-nio-8762-exec-10] com.vtu.mapper.CustomerMapper.selectByCustomer Line:143 - ==> Parameters: true(String), true(String), 10(Integer)
2020-11-09 23:50:18.957 DEBUG --- [http-nio-8762-exec-10] com.vtu.mapper.CustomerMapper.selectByCustomer Line:143 - <==      Total: 2
2020-11-09 23:50:21.481 DEBUG --- [http-nio-8762-exec-1] com.vtu.mapper.CustomerMapper.selectByCustomer_COUNT Line:143 - ==>  Preparing: SELECT count(0) FROM tb_customer WHERE is_shoper = ? AND is_shoper = ? 
2020-11-09 23:50:21.482 DEBUG --- [http-nio-8762-exec-1] com.vtu.mapper.CustomerMapper.selectByCustomer_COUNT Line:143 - ==> Parameters: true(String), true(String)
2020-11-09 23:50:21.511 DEBUG --- [http-nio-8762-exec-1] com.vtu.mapper.CustomerMapper.selectByCustomer_COUNT Line:143 - <==      Total: 1
2020-11-09 23:50:21.513 DEBUG --- [http-nio-8762-exec-1] com.vtu.mapper.CustomerMapper.selectByCustomer Line:143 - ==>  Preparing: select account_id, account, password, name, phone, id_card, remain, is_vip, is_shoper, email, email_send_time,wxId, qqId,authCode,isAuth, sex,header_image_url,head_portrait_url,id_card_url,passport_url,business_liscence_url,protocol_url,shoper_type,shoper_status from tb_customer WHERE is_shoper = ? and is_shoper = ? LIMIT ? 
2020-11-09 23:50:21.514 DEBUG --- [http-nio-8762-exec-1] com.vtu.mapper.CustomerMapper.selectByCustomer Line:143 - ==> Parameters: true(String), true(String), 10(Integer)
2020-11-09 23:50:21.541 DEBUG --- [http-nio-8762-exec-1] com.vtu.mapper.CustomerMapper.selectByCustomer Line:143 - <==      Total: 2
2020-11-09 23:50:22.465 DEBUG --- [http-nio-8762-exec-2] com.vtu.mapper.CustomerMapper.selectByPrimaryKey Line:143 - ==>  Preparing: select account_id, account, password, name, phone, id_card, remain, is_vip, is_shoper, email, email_send_time,wxId, qqId,authCode,isAuth, sex,header_image_url,head_portrait_url,id_card_url,passport_url,business_liscence_url,protocol_url,shoper_type,shoper_status from tb_customer where account_id = ? 
2020-11-09 23:50:22.466 DEBUG --- [http-nio-8762-exec-2] com.vtu.mapper.CustomerMapper.selectByPrimaryKey Line:143 - ==> Parameters: 12(Long)
2020-11-09 23:50:22.495 DEBUG --- [http-nio-8762-exec-2] com.vtu.mapper.CustomerMapper.selectByPrimaryKey Line:143 - <==      Total: 1
2020-11-09 23:53:41.102 DEBUG --- [http-nio-8762-exec-4] com.vtu.mapper.CustomerMapper.selectByCustomer_COUNT Line:143 - ==>  Preparing: SELECT count(0) FROM tb_customer WHERE is_shoper = ? AND is_shoper = ? 
2020-11-09 23:53:41.103 DEBUG --- [http-nio-8762-exec-4] com.vtu.mapper.CustomerMapper.selectByCustomer_COUNT Line:143 - ==> Parameters: true(String), true(String)
2020-11-09 23:53:41.131 DEBUG --- [http-nio-8762-exec-4] com.vtu.mapper.CustomerMapper.selectByCustomer_COUNT Line:143 - <==      Total: 1
2020-11-09 23:53:41.132 DEBUG --- [http-nio-8762-exec-4] com.vtu.mapper.CustomerMapper.selectByCustomer Line:143 - ==>  Preparing: select account_id, account, password, name, phone, id_card, remain, is_vip, is_shoper, email, email_send_time,wxId, qqId,authCode,isAuth, sex,header_image_url,head_portrait_url,id_card_url,passport_url,business_liscence_url,protocol_url,shoper_type,shoper_status from tb_customer WHERE is_shoper = ? and is_shoper = ? LIMIT ? 
2020-11-09 23:53:41.133 DEBUG --- [http-nio-8762-exec-4] com.vtu.mapper.CustomerMapper.selectByCustomer Line:143 - ==> Parameters: true(String), true(String), 10(Integer)
2020-11-09 23:53:41.160 DEBUG --- [http-nio-8762-exec-4] com.vtu.mapper.CustomerMapper.selectByCustomer Line:143 - <==      Total: 2
2020-11-09 23:53:43.657 DEBUG --- [http-nio-8762-exec-5] com.vtu.mapper.CustomerMapper.selectByCustomer_COUNT Line:143 - ==>  Preparing: SELECT count(0) FROM tb_customer WHERE is_shoper = ? AND is_shoper = ? 
2020-11-09 23:53:43.658 DEBUG --- [http-nio-8762-exec-5] com.vtu.mapper.CustomerMapper.selectByCustomer_COUNT Line:143 - ==> Parameters: true(String), true(String)
2020-11-09 23:53:43.685 DEBUG --- [http-nio-8762-exec-5] com.vtu.mapper.CustomerMapper.selectByCustomer_COUNT Line:143 - <==      Total: 1
2020-11-09 23:53:43.687 DEBUG --- [http-nio-8762-exec-5] com.vtu.mapper.CustomerMapper.selectByCustomer Line:143 - ==>  Preparing: select account_id, account, password, name, phone, id_card, remain, is_vip, is_shoper, email, email_send_time,wxId, qqId,authCode,isAuth, sex,header_image_url,head_portrait_url,id_card_url,passport_url,business_liscence_url,protocol_url,shoper_type,shoper_status from tb_customer WHERE is_shoper = ? and is_shoper = ? LIMIT ? 
2020-11-09 23:53:43.688 DEBUG --- [http-nio-8762-exec-5] com.vtu.mapper.CustomerMapper.selectByCustomer Line:143 - ==> Parameters: true(String), true(String), 10(Integer)
2020-11-09 23:53:43.718 DEBUG --- [http-nio-8762-exec-5] com.vtu.mapper.CustomerMapper.selectByCustomer Line:143 - <==      Total: 2
2020-11-09 23:53:45.179 DEBUG --- [http-nio-8762-exec-6] com.vtu.mapper.CustomerMapper.selectByPrimaryKey Line:143 - ==>  Preparing: select account_id, account, password, name, phone, id_card, remain, is_vip, is_shoper, email, email_send_time,wxId, qqId,authCode,isAuth, sex,header_image_url,head_portrait_url,id_card_url,passport_url,business_liscence_url,protocol_url,shoper_type,shoper_status from tb_customer where account_id = ? 
2020-11-09 23:53:45.180 DEBUG --- [http-nio-8762-exec-6] com.vtu.mapper.CustomerMapper.selectByPrimaryKey Line:143 - ==> Parameters: 12(Long)
2020-11-09 23:53:45.207 DEBUG --- [http-nio-8762-exec-6] com.vtu.mapper.CustomerMapper.selectByPrimaryKey Line:143 - <==      Total: 1
2020-11-09 23:55:03.096 DEBUG --- [http-nio-8762-exec-9] com.vtu.mapper.CustomerMapper.selectByCustomer_COUNT Line:143 - ==>  Preparing: SELECT count(0) FROM tb_customer WHERE is_shoper = ? AND is_shoper = ? 
2020-11-09 23:55:03.097 DEBUG --- [http-nio-8762-exec-9] com.vtu.mapper.CustomerMapper.selectByCustomer_COUNT Line:143 - ==> Parameters: true(String), true(String)
2020-11-09 23:55:03.125 DEBUG --- [http-nio-8762-exec-9] com.vtu.mapper.CustomerMapper.selectByCustomer_COUNT Line:143 - <==      Total: 1
2020-11-09 23:55:03.127 DEBUG --- [http-nio-8762-exec-9] com.vtu.mapper.CustomerMapper.selectByCustomer Line:143 - ==>  Preparing: select account_id, account, password, name, phone, id_card, remain, is_vip, is_shoper, email, email_send_time,wxId, qqId,authCode,isAuth, sex,header_image_url,head_portrait_url,id_card_url,passport_url,business_liscence_url,protocol_url,shoper_type,shoper_status from tb_customer WHERE is_shoper = ? and is_shoper = ? LIMIT ? 
2020-11-09 23:55:03.127 DEBUG --- [http-nio-8762-exec-9] com.vtu.mapper.CustomerMapper.selectByCustomer Line:143 - ==> Parameters: true(String), true(String), 10(Integer)
2020-11-09 23:55:03.155 DEBUG --- [http-nio-8762-exec-9] com.vtu.mapper.CustomerMapper.selectByCustomer Line:143 - <==      Total: 2
2020-11-09 23:55:04.935 DEBUG --- [http-nio-8762-exec-7] com.vtu.mapper.CustomerMapper.selectByPrimaryKey Line:143 - ==>  Preparing: select account_id, account, password, name, phone, id_card, remain, is_vip, is_shoper, email, email_send_time,wxId, qqId,authCode,isAuth, sex,header_image_url,head_portrait_url,id_card_url,passport_url,business_liscence_url,protocol_url,shoper_type,shoper_status from tb_customer where account_id = ? 
2020-11-09 23:55:04.936 DEBUG --- [http-nio-8762-exec-7] com.vtu.mapper.CustomerMapper.selectByPrimaryKey Line:143 - ==> Parameters: 12(Long)
2020-11-09 23:55:04.964 DEBUG --- [http-nio-8762-exec-7] com.vtu.mapper.CustomerMapper.selectByPrimaryKey Line:143 - <==      Total: 1
