2020-10-21 22:02:13.867 DEBUG --- [restartedMain] org.apache.ibatis.logging.LogFactory Line:105 - Logging initialized using 'class org.apache.ibatis.logging.slf4j.Slf4jImpl' adapter.
2020-10-21 22:04:39.598 DEBUG --- [http-nio-8762-exec-1] com.vtu.mapper.CustomerMapper.selectByAuthCode Line:143 - ==>  Preparing: select account_id, account, password, name, phone, id_card, remain, is_vip, is_shoper, email, email_send_time,wxId, qqId,authCode,isAuth, sex,header_image_url,head_portrait_url,id_card_url,passport_url,business_liscence_url,protocol_url,shoper_type,shoper_status from tb_customer where authCode = ? 
2020-10-21 22:04:39.635 DEBUG --- [http-nio-8762-exec-1] com.vtu.mapper.CustomerMapper.selectByAuthCode Line:143 - ==> Parameters: 1234(String)
2020-10-21 22:04:39.700 DEBUG --- [http-nio-8762-exec-1] com.vtu.mapper.CustomerMapper.selectByAuthCode Line:143 - <==      Total: 1
2020-10-21 22:04:39.706 DEBUG --- [http-nio-8762-exec-1] com.vtu.mapper.CustomerVipMapper.selectByAccountId Line:143 - ==>  Preparing: select id, account_id, vip_detail_id, start_time, end_time, is_vip from tb_customer_vip where account_id = ? 
2020-10-21 22:04:39.708 DEBUG --- [http-nio-8762-exec-1] com.vtu.mapper.CustomerVipMapper.selectByAccountId Line:143 - ==> Parameters: 12(Long)
2020-10-21 22:04:39.746 DEBUG --- [http-nio-8762-exec-1] com.vtu.mapper.CustomerVipMapper.selectByAccountId Line:143 - <==      Total: 0
2020-10-21 22:04:39.748 DEBUG --- [http-nio-8762-exec-1] com.vtu.mapper.CustomerMapper.updateByPrimaryKey Line:143 - ==>  Preparing: update tb_customer set account = ?, password = ?, name = ?, sex = ?, phone = ?, id_card = ?, remain = ?, is_vip = ?, is_shoper = ?, email = ?, email_send_time = ?, wxId = ?, qqId = ?, authCode = ?, isAuth = ?, header_image_url = ?, head_portrait_url = ?, id_card_url = ?, passport_url = ?, business_liscence_url = ?, protocol_url = ?, shoper_type = ?, shoper_status = ? where account_id = ? 
2020-10-21 22:04:39.752 DEBUG --- [http-nio-8762-exec-1] com.vtu.mapper.CustomerMapper.updateByPrimaryKey Line:143 - ==> Parameters: VT20191105001621984(String), null, whh(String), 男(String), 1511485465235(String), https://vtuweb.oss-cn-beijing.aliyuncs.com/sign/personalSign/1602169747598/headerImage/星云.jpg(String), 76(BigDecimal), null, null, 35114854657@163.com(String), 2019-11-05 00:16:21:982(String), null, null, 1234(String), true(String), https://vtuweb.oss-cn-beijing.aliyuncs.com/temps/tempOutput/1601754158500/headerImage/科技背景.jpg(String), blog/2020-05-05/cf7d92441aae405e9462d96f88587db8-image_00002.jpg(String), https://vtuweb.oss-cn-beijing.aliyuncs.com/sign/personalSign/1602169988291/headerImage/冰岛.jpg(String), https://vtuweb.oss-cn-beijing.aliyuncs.com/sign/personalSign/1602169227993/headerImage/儿童.jpg(String), null, https://vtuweb.oss-cn-beijing.aliyuncs.com/sign/personalSign/1602169228422/headerImage/美食MG.jpg(String), null, auditing(String), 12(Long)
2020-10-21 22:04:39.827 DEBUG --- [http-nio-8762-exec-1] com.vtu.mapper.CustomerMapper.updateByPrimaryKey Line:143 - <==    Updates: 1
2020-10-21 22:04:42.834 DEBUG --- [http-nio-8762-exec-3] com.vtu.mapper.WorksMapper.getWorksByCondition_COUNT Line:143 - ==>  Preparing: select count(0) from (SELECT w.* FROM tb_works w WHERE w.status LIKE concat('%',?,'%') and w.type LIKE concat('%',?,'%') and (w.is_del IS NULL || length(w.is_del)!=0) ORDER BY w.works_id desc) tmp_count 
2020-10-21 22:04:42.835 DEBUG --- [http-nio-8762-exec-3] com.vtu.mapper.WorksMapper.getWorksByCondition_COUNT Line:143 - ==> Parameters: pass(String), 2(String)
2020-10-21 22:04:42.874 DEBUG --- [http-nio-8762-exec-3] com.vtu.mapper.WorksMapper.getWorksByCondition_COUNT Line:143 - <==      Total: 1
2020-10-21 22:04:42.877 DEBUG --- [http-nio-8762-exec-4] com.vtu.mapper.WorksMapper.getWorksByCondition_COUNT Line:143 - ==>  Preparing: select count(0) from (SELECT w.* FROM tb_works w WHERE w.status LIKE concat('%',?,'%') and w.type LIKE concat('%',?,'%') and (w.is_del IS NULL || length(w.is_del)!=0) ORDER BY w.works_id desc) tmp_count 
2020-10-21 22:04:42.879 DEBUG --- [http-nio-8762-exec-4] com.vtu.mapper.WorksMapper.getWorksByCondition_COUNT Line:143 - ==> Parameters: pass(String), 1(String)
2020-10-21 22:04:42.922 DEBUG --- [http-nio-8762-exec-4] com.vtu.mapper.WorksMapper.getWorksByCondition_COUNT Line:143 - <==      Total: 1
2020-10-21 22:04:42.924 DEBUG --- [http-nio-8762-exec-4] com.vtu.mapper.WorksMapper.getWorksByCondition Line:143 - ==>  Preparing: SELECT w.* FROM tb_works w WHERE w.status LIKE concat('%',?,'%') and w.type LIKE concat('%',?,'%') and (w.is_del IS NULL || length(w.is_del)!=0) ORDER BY w.works_id desc LIMIT ? 
2020-10-21 22:04:42.926 DEBUG --- [http-nio-8762-exec-4] com.vtu.mapper.WorksMapper.getWorksByCondition Line:143 - ==> Parameters: pass(String), 1(String), 4(Integer)
2020-10-21 22:04:42.968 DEBUG --- [http-nio-8762-exec-4] com.vtu.mapper.WorksMapper.getWorksByCondition Line:143 - <==      Total: 1
2020-10-21 22:04:42.969 DEBUG --- [http-nio-8762-exec-2] com.vtu.mapper.WorksMapper.getWorksByCondition_COUNT Line:143 - ==>  Preparing: select count(0) from (SELECT w.* FROM tb_works w WHERE w.status LIKE concat('%',?,'%') and w.type LIKE concat('%',?,'%') and (w.is_del IS NULL || length(w.is_del)!=0) ORDER BY w.works_id desc) tmp_count 
2020-10-21 22:04:42.970 DEBUG --- [http-nio-8762-exec-2] com.vtu.mapper.WorksMapper.getWorksByCondition_COUNT Line:143 - ==> Parameters: pass(String), 3(String)
2020-10-21 22:04:43.003 DEBUG --- [http-nio-8762-exec-2] com.vtu.mapper.WorksMapper.getWorksByCondition_COUNT Line:143 - <==      Total: 1
2020-10-21 22:04:50.353 DEBUG --- [http-nio-8762-exec-9] com.vtu.mapper.WorksMapper.selectByAccountId Line:143 - ==>  Preparing: SELECT * FROM tb_works WHERE status LIKE concat('%',?,'%') and account_id LIKE concat('%', ?,'%') and type LIKE concat('%', ?,'%') and (is_del IS NULL || length(is_del)!=0) 
2020-10-21 22:04:50.353 DEBUG --- [http-nio-8762-exec-8] com.vtu.mapper.WorksMapper.selectByAccountId Line:143 - ==>  Preparing: SELECT * FROM tb_works WHERE status LIKE concat('%',?,'%') and account_id LIKE concat('%', ?,'%') and type LIKE concat('%', ?,'%') and (is_del IS NULL || length(is_del)!=0) 
2020-10-21 22:04:50.355 DEBUG --- [http-nio-8762-exec-9] com.vtu.mapper.WorksMapper.selectByAccountId Line:143 - ==> Parameters: refer(String), 12(Long), 2(String)
2020-10-21 22:04:50.355 DEBUG --- [http-nio-8762-exec-8] com.vtu.mapper.WorksMapper.selectByAccountId Line:143 - ==> Parameters: refer(String), 12(Long), 3(String)
2020-10-21 22:04:50.393 DEBUG --- [http-nio-8762-exec-9] com.vtu.mapper.WorksMapper.selectByAccountId Line:143 - <==      Total: 0
2020-10-21 22:04:50.394 DEBUG --- [http-nio-8762-exec-8] com.vtu.mapper.WorksMapper.selectByAccountId Line:143 - <==      Total: 1
2020-10-21 22:04:50.396 DEBUG --- [http-nio-8762-exec-1] com.vtu.mapper.WorksMapper.getPersonManage_COUNT Line:143 - ==>  Preparing: select count(0) from (SELECT w.* FROM tb_works w WHERE w.account_id=? and (w.is_del IS NULL || length(w.is_del)!=0) ORDER BY w.works_id desc) tmp_count 
2020-10-21 22:04:50.395 DEBUG --- [http-nio-8762-exec-10] com.vtu.mapper.WorksMapper.selectByAccountId Line:143 - ==>  Preparing: SELECT * FROM tb_works WHERE status LIKE concat('%',?,'%') and account_id LIKE concat('%', ?,'%') and type LIKE concat('%', ?,'%') and (is_del IS NULL || length(is_del)!=0) 
2020-10-21 22:04:50.404 DEBUG --- [http-nio-8762-exec-1] com.vtu.mapper.WorksMapper.getPersonManage_COUNT Line:143 - ==> Parameters: 12(Long)
2020-10-21 22:04:50.407 DEBUG --- [http-nio-8762-exec-10] com.vtu.mapper.WorksMapper.selectByAccountId Line:143 - ==> Parameters: refer(String), 12(Long), 1(String)
2020-10-21 22:04:50.444 DEBUG --- [http-nio-8762-exec-10] com.vtu.mapper.WorksMapper.selectByAccountId Line:143 - <==      Total: 0
2020-10-21 22:04:50.444 DEBUG --- [http-nio-8762-exec-1] com.vtu.mapper.WorksMapper.getPersonManage_COUNT Line:143 - <==      Total: 1
2020-10-21 22:04:50.446 DEBUG --- [http-nio-8762-exec-1] com.vtu.mapper.WorksMapper.getPersonManage Line:143 - ==>  Preparing: SELECT w.* FROM tb_works w WHERE w.account_id=? and (w.is_del IS NULL || length(w.is_del)!=0) ORDER BY w.works_id desc LIMIT ? 
2020-10-21 22:04:50.448 DEBUG --- [http-nio-8762-exec-1] com.vtu.mapper.WorksMapper.getPersonManage Line:143 - ==> Parameters: 12(Long), 10(Integer)
2020-10-21 22:04:50.505 DEBUG --- [http-nio-8762-exec-1] com.vtu.mapper.WorksMapper.getPersonManage Line:143 - <==      Total: 2
2020-10-21 22:06:37.829 DEBUG --- [http-nio-8762-exec-5] com.vtu.mapper.ManageMapper.findMange Line:143 - ==>  Preparing: select manage_id, manage_count, manage_password, manage_name, manage_desc from tb_manage WHERE manage_count = ? 
2020-10-21 22:06:37.829 DEBUG --- [http-nio-8762-exec-5] com.vtu.mapper.ManageMapper.findMange Line:143 - ==> Parameters: abc(String)
2020-10-21 22:06:37.829 DEBUG --- [http-nio-8762-exec-7] com.vtu.mapper.ManageMapper.findMange Line:143 - ==>  Preparing: select manage_id, manage_count, manage_password, manage_name, manage_desc from tb_manage WHERE manage_count = ? 
2020-10-21 22:06:37.845 DEBUG --- [http-nio-8762-exec-7] com.vtu.mapper.ManageMapper.findMange Line:143 - ==> Parameters: abc(String)
2020-10-21 22:06:37.876 DEBUG --- [http-nio-8762-exec-5] com.vtu.mapper.ManageMapper.findMange Line:143 - <==      Total: 1
2020-10-21 22:06:37.876 DEBUG --- [http-nio-8762-exec-7] com.vtu.mapper.ManageMapper.findMange Line:143 - <==      Total: 1
2020-10-21 22:07:39.481 DEBUG --- [restartedMain] org.apache.ibatis.logging.LogFactory Line:105 - Logging initialized using 'class org.apache.ibatis.logging.slf4j.Slf4jImpl' adapter.
2020-10-21 22:09:57.522 DEBUG --- [http-nio-8762-exec-1] com.vtu.mapper.ManageMapper.findMange Line:143 - ==>  Preparing: select manage_id, manage_count, manage_password, manage_name, manage_desc from tb_manage WHERE manage_count = ? 
2020-10-21 22:09:57.569 DEBUG --- [http-nio-8762-exec-1] com.vtu.mapper.ManageMapper.findMange Line:143 - ==> Parameters: abc(String)
2020-10-21 22:09:57.670 DEBUG --- [http-nio-8762-exec-1] com.vtu.mapper.ManageMapper.findMange Line:143 - <==      Total: 1
2020-10-21 22:09:57.676 DEBUG --- [http-nio-8762-exec-2] com.vtu.mapper.ManageMapper.findMange Line:143 - ==>  Preparing: select manage_id, manage_count, manage_password, manage_name, manage_desc from tb_manage WHERE manage_count = ? 
2020-10-21 22:09:57.678 DEBUG --- [http-nio-8762-exec-2] com.vtu.mapper.ManageMapper.findMange Line:143 - ==> Parameters: abc(String)
2020-10-21 22:09:57.725 DEBUG --- [http-nio-8762-exec-2] com.vtu.mapper.ManageMapper.findMange Line:143 - <==      Total: 1
2020-10-21 23:10:40.024 DEBUG --- [http-nio-8762-exec-5] com.vtu.mapper.ManageMapper.findMange Line:143 - ==>  Preparing: select manage_id, manage_count, manage_password, manage_name, manage_desc from tb_manage WHERE manage_count = ? 
2020-10-21 23:10:40.030 DEBUG --- [http-nio-8762-exec-5] com.vtu.mapper.ManageMapper.findMange Line:143 - ==> Parameters: abc(String)
2020-10-21 23:10:40.073 DEBUG --- [http-nio-8762-exec-5] com.vtu.mapper.ManageMapper.findMange Line:143 - <==      Total: 1
2020-10-21 23:10:40.075 DEBUG --- [http-nio-8762-exec-6] com.vtu.mapper.ManageMapper.findMange Line:143 - ==>  Preparing: select manage_id, manage_count, manage_password, manage_name, manage_desc from tb_manage WHERE manage_count = ? 
2020-10-21 23:10:40.077 DEBUG --- [http-nio-8762-exec-6] com.vtu.mapper.ManageMapper.findMange Line:143 - ==> Parameters: abc(String)
2020-10-21 23:10:40.127 DEBUG --- [http-nio-8762-exec-6] com.vtu.mapper.ManageMapper.findMange Line:143 - <==      Total: 1
2020-10-21 23:26:50.270 DEBUG --- [http-nio-8762-exec-9] com.vtu.mapper.ManageMapper.findMange Line:143 - ==>  Preparing: select manage_id, manage_count, manage_password, manage_name, manage_desc from tb_manage WHERE manage_count = ? 
2020-10-21 23:26:50.271 DEBUG --- [http-nio-8762-exec-9] com.vtu.mapper.ManageMapper.findMange Line:143 - ==> Parameters: abc(String)
2020-10-21 23:26:50.316 DEBUG --- [http-nio-8762-exec-9] com.vtu.mapper.ManageMapper.findMange Line:143 - <==      Total: 1
2020-10-21 23:26:50.318 DEBUG --- [http-nio-8762-exec-10] com.vtu.mapper.ManageMapper.findMange Line:143 - ==>  Preparing: select manage_id, manage_count, manage_password, manage_name, manage_desc from tb_manage WHERE manage_count = ? 
2020-10-21 23:26:50.321 DEBUG --- [http-nio-8762-exec-10] com.vtu.mapper.ManageMapper.findMange Line:143 - ==> Parameters: abc(String)
2020-10-21 23:26:50.360 DEBUG --- [http-nio-8762-exec-10] com.vtu.mapper.ManageMapper.findMange Line:143 - <==      Total: 1
2020-10-21 23:30:24.756 DEBUG --- [http-nio-8762-exec-4] com.vtu.mapper.ManageMapper.findMange Line:143 - ==>  Preparing: select manage_id, manage_count, manage_password, manage_name, manage_desc from tb_manage WHERE manage_count = ? 
2020-10-21 23:30:24.757 DEBUG --- [http-nio-8762-exec-4] com.vtu.mapper.ManageMapper.findMange Line:143 - ==> Parameters: abc(String)
2020-10-21 23:30:24.760 DEBUG --- [http-nio-8762-exec-3] com.vtu.mapper.ManageMapper.findMange Line:143 - ==>  Preparing: select manage_id, manage_count, manage_password, manage_name, manage_desc from tb_manage WHERE manage_count = ? 
2020-10-21 23:30:24.761 DEBUG --- [http-nio-8762-exec-3] com.vtu.mapper.ManageMapper.findMange Line:143 - ==> Parameters: abc(String)
2020-10-21 23:30:24.794 DEBUG --- [http-nio-8762-exec-4] com.vtu.mapper.ManageMapper.findMange Line:143 - <==      Total: 1
2020-10-21 23:30:24.798 DEBUG --- [http-nio-8762-exec-3] com.vtu.mapper.ManageMapper.findMange Line:143 - <==      Total: 1
2020-10-21 23:42:19.903 DEBUG --- [http-nio-8762-exec-8] com.vtu.mapper.ManageMapper.findMange Line:143 - ==>  Preparing: select manage_id, manage_count, manage_password, manage_name, manage_desc from tb_manage WHERE manage_count = ? 
2020-10-21 23:42:19.904 DEBUG --- [http-nio-8762-exec-8] com.vtu.mapper.ManageMapper.findMange Line:143 - ==> Parameters: abc(String)
2020-10-21 23:42:19.947 DEBUG --- [http-nio-8762-exec-8] com.vtu.mapper.ManageMapper.findMange Line:143 - <==      Total: 1
2020-10-21 23:42:19.950 DEBUG --- [http-nio-8762-exec-7] com.vtu.mapper.ManageMapper.findMange Line:143 - ==>  Preparing: select manage_id, manage_count, manage_password, manage_name, manage_desc from tb_manage WHERE manage_count = ? 
2020-10-21 23:42:19.953 DEBUG --- [http-nio-8762-exec-7] com.vtu.mapper.ManageMapper.findMange Line:143 - ==> Parameters: abc(String)
2020-10-21 23:42:19.993 DEBUG --- [http-nio-8762-exec-7] com.vtu.mapper.ManageMapper.findMange Line:143 - <==      Total: 1
2020-10-21 23:49:23.240 DEBUG --- [http-nio-8762-exec-1] com.vtu.mapper.ManageMapper.findMange Line:143 - ==>  Preparing: select manage_id, manage_count, manage_password, manage_name, manage_desc from tb_manage WHERE manage_count = ? 
2020-10-21 23:49:23.241 DEBUG --- [http-nio-8762-exec-1] com.vtu.mapper.ManageMapper.findMange Line:143 - ==> Parameters: abc(String)
2020-10-21 23:49:23.295 DEBUG --- [http-nio-8762-exec-1] com.vtu.mapper.ManageMapper.findMange Line:143 - <==      Total: 1
2020-10-21 23:49:23.296 DEBUG --- [http-nio-8762-exec-2] com.vtu.mapper.ManageMapper.findMange Line:143 - ==>  Preparing: select manage_id, manage_count, manage_password, manage_name, manage_desc from tb_manage WHERE manage_count = ? 
2020-10-21 23:49:23.297 DEBUG --- [http-nio-8762-exec-2] com.vtu.mapper.ManageMapper.findMange Line:143 - ==> Parameters: abc(String)
2020-10-21 23:49:23.337 DEBUG --- [http-nio-8762-exec-2] com.vtu.mapper.ManageMapper.findMange Line:143 - <==      Total: 1
2020-10-21 23:52:27.544 DEBUG --- [http-nio-8762-exec-5] com.vtu.mapper.ManageMapper.findMange Line:143 - ==>  Preparing: select manage_id, manage_count, manage_password, manage_name, manage_desc from tb_manage WHERE manage_count = ? 
2020-10-21 23:52:27.547 DEBUG --- [http-nio-8762-exec-5] com.vtu.mapper.ManageMapper.findMange Line:143 - ==> Parameters: abc(String)
2020-10-21 23:52:27.552 DEBUG --- [http-nio-8762-exec-6] com.vtu.mapper.ManageMapper.findMange Line:143 - ==>  Preparing: select manage_id, manage_count, manage_password, manage_name, manage_desc from tb_manage WHERE manage_count = ? 
2020-10-21 23:52:27.554 DEBUG --- [http-nio-8762-exec-6] com.vtu.mapper.ManageMapper.findMange Line:143 - ==> Parameters: abc(String)
2020-10-21 23:52:27.593 DEBUG --- [http-nio-8762-exec-5] com.vtu.mapper.ManageMapper.findMange Line:143 - <==      Total: 1
2020-10-21 23:52:27.632 DEBUG --- [http-nio-8762-exec-6] com.vtu.mapper.ManageMapper.findMange Line:143 - <==      Total: 1
2020-10-21 23:54:21.033 DEBUG --- [http-nio-8762-exec-10] com.vtu.mapper.ManageMapper.findMange Line:143 - ==>  Preparing: select manage_id, manage_count, manage_password, manage_name, manage_desc from tb_manage WHERE manage_count = ? 
2020-10-21 23:54:21.034 DEBUG --- [http-nio-8762-exec-10] com.vtu.mapper.ManageMapper.findMange Line:143 - ==> Parameters: abc(String)
2020-10-21 23:54:21.037 DEBUG --- [http-nio-8762-exec-9] com.vtu.mapper.ManageMapper.findMange Line:143 - ==>  Preparing: select manage_id, manage_count, manage_password, manage_name, manage_desc from tb_manage WHERE manage_count = ? 
2020-10-21 23:54:21.038 DEBUG --- [http-nio-8762-exec-9] com.vtu.mapper.ManageMapper.findMange Line:143 - ==> Parameters: abc(String)
2020-10-21 23:54:21.083 DEBUG --- [http-nio-8762-exec-10] com.vtu.mapper.ManageMapper.findMange Line:143 - <==      Total: 1
2020-10-21 23:54:21.088 DEBUG --- [http-nio-8762-exec-9] com.vtu.mapper.ManageMapper.findMange Line:143 - <==      Total: 1
2020-10-21 23:57:30.520 DEBUG --- [restartedMain] org.apache.ibatis.logging.LogFactory Line:105 - Logging initialized using 'class org.apache.ibatis.logging.slf4j.Slf4jImpl' adapter.
2020-10-21 23:59:12.869 DEBUG --- [restartedMain] org.apache.ibatis.logging.LogFactory Line:105 - Logging initialized using 'class org.apache.ibatis.logging.slf4j.Slf4jImpl' adapter.
