2020-11-11 22:14:36.843 DEBUG --- [restartedMain] org.apache.ibatis.logging.LogFactory Line:105 - Logging initialized using 'class org.apache.ibatis.logging.slf4j.Slf4jImpl' adapter.
2020-11-11 22:16:17.564 DEBUG --- [http-nio-8762-exec-1] com.vtu.mapper.ManageMapper.findMange Line:143 - ==>  Preparing: select manage_id, manage_count, manage_password, manage_name, manage_desc from tb_manage WHERE manage_count = ? 
2020-11-11 22:16:17.612 DEBUG --- [http-nio-8762-exec-1] com.vtu.mapper.ManageMapper.findMange Line:143 - ==> Parameters: abc(String)
2020-11-11 22:16:17.676 DEBUG --- [http-nio-8762-exec-1] com.vtu.mapper.ManageMapper.findMange Line:143 - <==      Total: 1
2020-11-11 22:16:17.676 DEBUG --- [http-nio-8762-exec-2] com.vtu.mapper.ManageMapper.findMange Line:143 - ==>  Preparing: select manage_id, manage_count, manage_password, manage_name, manage_desc from tb_manage WHERE manage_count = ? 
2020-11-11 22:16:17.676 DEBUG --- [http-nio-8762-exec-2] com.vtu.mapper.ManageMapper.findMange Line:143 - ==> Parameters: abc(String)
2020-11-11 22:16:17.708 DEBUG --- [http-nio-8762-exec-2] com.vtu.mapper.ManageMapper.findMange Line:143 - <==      Total: 1
2020-11-11 22:16:39.632 DEBUG --- [http-nio-8762-exec-5] com.vtu.mapper.CustomerMapper.selectByCustomer_COUNT Line:143 - ==>  Preparing: SELECT count(0) FROM tb_customer WHERE is_shoper = ? AND is_shoper = ? 
2020-11-11 22:16:39.632 DEBUG --- [http-nio-8762-exec-5] com.vtu.mapper.CustomerMapper.selectByCustomer_COUNT Line:143 - ==> Parameters: true(String), true(String)
2020-11-11 22:16:39.664 DEBUG --- [http-nio-8762-exec-5] com.vtu.mapper.CustomerMapper.selectByCustomer_COUNT Line:143 - <==      Total: 1
2020-11-11 22:16:39.695 DEBUG --- [http-nio-8762-exec-5] com.vtu.mapper.CustomerMapper.selectByCustomer Line:143 - ==>  Preparing: select account_id, account, password, name, phone, id_card, remain, is_vip, is_shoper, email, email_send_time,wxId, qqId,authCode,isAuth, sex,header_image_url,head_portrait_url,id_card_url,passport_url,business_liscence_url,protocol_url,shoper_type,shoper_status from tb_customer WHERE is_shoper = ? and is_shoper = ? LIMIT ? 
2020-11-11 22:16:39.711 DEBUG --- [http-nio-8762-exec-5] com.vtu.mapper.CustomerMapper.selectByCustomer Line:143 - ==> Parameters: true(String), true(String), 10(Integer)
2020-11-11 22:16:39.742 DEBUG --- [http-nio-8762-exec-5] com.vtu.mapper.CustomerMapper.selectByCustomer Line:143 - <==      Total: 2
2020-11-11 22:16:43.397 DEBUG --- [http-nio-8762-exec-6] com.vtu.mapper.CustomerMapper.selectByPrimaryKey Line:143 - ==>  Preparing: select account_id, account, password, name, phone, id_card, remain, is_vip, is_shoper, email, email_send_time,wxId, qqId,authCode,isAuth, sex,header_image_url,head_portrait_url,id_card_url,passport_url,business_liscence_url,protocol_url,shoper_type,shoper_status from tb_customer where account_id = ? 
2020-11-11 22:16:43.397 DEBUG --- [http-nio-8762-exec-6] com.vtu.mapper.CustomerMapper.selectByPrimaryKey Line:143 - ==> Parameters: 12(Long)
2020-11-11 22:16:43.653 DEBUG --- [http-nio-8762-exec-6] com.vtu.mapper.CustomerMapper.selectByPrimaryKey Line:143 - <==      Total: 1
2020-11-11 22:47:31.887 DEBUG --- [http-nio-8762-exec-8] com.vtu.mapper.CustomerMapper.selectByPrimaryKey Line:143 - ==>  Preparing: select account_id, account, password, name, phone, id_card, remain, is_vip, is_shoper, email, email_send_time,wxId, qqId,authCode,isAuth, sex,header_image_url,head_portrait_url,id_card_url,passport_url,business_liscence_url,protocol_url,shoper_type,shoper_status from tb_customer where account_id = ? 
2020-11-11 22:47:31.901 DEBUG --- [http-nio-8762-exec-8] com.vtu.mapper.CustomerMapper.selectByPrimaryKey Line:143 - ==> Parameters: 8(Long)
2020-11-11 22:47:31.946 DEBUG --- [http-nio-8762-exec-8] com.vtu.mapper.CustomerMapper.selectByPrimaryKey Line:143 - <==      Total: 1
2020-11-11 22:47:34.985 DEBUG --- [http-nio-8762-exec-9] com.vtu.mapper.CustomerMapper.selectByPrimaryKey Line:143 - ==>  Preparing: select account_id, account, password, name, phone, id_card, remain, is_vip, is_shoper, email, email_send_time,wxId, qqId,authCode,isAuth, sex,header_image_url,head_portrait_url,id_card_url,passport_url,business_liscence_url,protocol_url,shoper_type,shoper_status from tb_customer where account_id = ? 
2020-11-11 22:47:34.985 DEBUG --- [http-nio-8762-exec-9] com.vtu.mapper.CustomerMapper.selectByPrimaryKey Line:143 - ==> Parameters: 12(Long)
2020-11-11 22:47:35.226 DEBUG --- [http-nio-8762-exec-9] com.vtu.mapper.CustomerMapper.selectByPrimaryKey Line:143 - <==      Total: 1
2020-11-11 22:50:51.408 DEBUG --- [http-nio-8762-exec-2] com.vtu.mapper.CustomerMapper.selectByCustomer_COUNT Line:143 - ==>  Preparing: SELECT count(0) FROM tb_customer WHERE is_shoper = ? AND is_shoper = ? 
2020-11-11 22:50:51.408 DEBUG --- [http-nio-8762-exec-2] com.vtu.mapper.CustomerMapper.selectByCustomer_COUNT Line:143 - ==> Parameters: true(String), true(String)
2020-11-11 22:50:51.443 DEBUG --- [http-nio-8762-exec-2] com.vtu.mapper.CustomerMapper.selectByCustomer_COUNT Line:143 - <==      Total: 1
2020-11-11 22:50:51.448 DEBUG --- [http-nio-8762-exec-2] com.vtu.mapper.CustomerMapper.selectByCustomer Line:143 - ==>  Preparing: select account_id, account, password, name, phone, id_card, remain, is_vip, is_shoper, email, email_send_time,wxId, qqId,authCode,isAuth, sex,header_image_url,head_portrait_url,id_card_url,passport_url,business_liscence_url,protocol_url,shoper_type,shoper_status from tb_customer WHERE is_shoper = ? and is_shoper = ? LIMIT ? 
2020-11-11 22:50:51.448 DEBUG --- [http-nio-8762-exec-2] com.vtu.mapper.CustomerMapper.selectByCustomer Line:143 - ==> Parameters: true(String), true(String), 10(Integer)
2020-11-11 22:50:51.473 DEBUG --- [http-nio-8762-exec-2] com.vtu.mapper.CustomerMapper.selectByCustomer Line:143 - <==      Total: 2
2020-11-11 22:50:53.023 DEBUG --- [http-nio-8762-exec-1] com.vtu.mapper.CustomerMapper.selectByPrimaryKey Line:143 - ==>  Preparing: select account_id, account, password, name, phone, id_card, remain, is_vip, is_shoper, email, email_send_time,wxId, qqId,authCode,isAuth, sex,header_image_url,head_portrait_url,id_card_url,passport_url,business_liscence_url,protocol_url,shoper_type,shoper_status from tb_customer where account_id = ? 
2020-11-11 22:50:53.023 DEBUG --- [http-nio-8762-exec-1] com.vtu.mapper.CustomerMapper.selectByPrimaryKey Line:143 - ==> Parameters: 12(Long)
2020-11-11 22:50:53.058 DEBUG --- [http-nio-8762-exec-1] com.vtu.mapper.CustomerMapper.selectByPrimaryKey Line:143 - <==      Total: 1
2020-11-11 22:52:02.912 DEBUG --- [http-nio-8762-exec-4] com.vtu.mapper.CustomerMapper.selectByCustomer_COUNT Line:143 - ==>  Preparing: SELECT count(0) FROM tb_customer WHERE is_shoper = ? AND is_shoper = ? 
2020-11-11 22:52:02.912 DEBUG --- [http-nio-8762-exec-4] com.vtu.mapper.CustomerMapper.selectByCustomer_COUNT Line:143 - ==> Parameters: true(String), true(String)
2020-11-11 22:52:02.943 DEBUG --- [http-nio-8762-exec-4] com.vtu.mapper.CustomerMapper.selectByCustomer_COUNT Line:143 - <==      Total: 1
2020-11-11 22:52:02.943 DEBUG --- [http-nio-8762-exec-4] com.vtu.mapper.CustomerMapper.selectByCustomer Line:143 - ==>  Preparing: select account_id, account, password, name, phone, id_card, remain, is_vip, is_shoper, email, email_send_time,wxId, qqId,authCode,isAuth, sex,header_image_url,head_portrait_url,id_card_url,passport_url,business_liscence_url,protocol_url,shoper_type,shoper_status from tb_customer WHERE is_shoper = ? and is_shoper = ? LIMIT ? 
2020-11-11 22:52:02.943 DEBUG --- [http-nio-8762-exec-4] com.vtu.mapper.CustomerMapper.selectByCustomer Line:143 - ==> Parameters: true(String), true(String), 10(Integer)
2020-11-11 22:52:02.982 DEBUG --- [http-nio-8762-exec-4] com.vtu.mapper.CustomerMapper.selectByCustomer Line:143 - <==      Total: 2
2020-11-11 22:52:04.362 DEBUG --- [http-nio-8762-exec-5] com.vtu.mapper.CustomerMapper.selectByPrimaryKey Line:143 - ==>  Preparing: select account_id, account, password, name, phone, id_card, remain, is_vip, is_shoper, email, email_send_time,wxId, qqId,authCode,isAuth, sex,header_image_url,head_portrait_url,id_card_url,passport_url,business_liscence_url,protocol_url,shoper_type,shoper_status from tb_customer where account_id = ? 
2020-11-11 22:52:04.362 DEBUG --- [http-nio-8762-exec-5] com.vtu.mapper.CustomerMapper.selectByPrimaryKey Line:143 - ==> Parameters: 12(Long)
2020-11-11 22:52:04.392 DEBUG --- [http-nio-8762-exec-5] com.vtu.mapper.CustomerMapper.selectByPrimaryKey Line:143 - <==      Total: 1
2020-11-11 22:52:29.762 DEBUG --- [http-nio-8762-exec-7] com.vtu.mapper.CustomerMapper.selectByPrimaryKey Line:143 - ==>  Preparing: select account_id, account, password, name, phone, id_card, remain, is_vip, is_shoper, email, email_send_time,wxId, qqId,authCode,isAuth, sex,header_image_url,head_portrait_url,id_card_url,passport_url,business_liscence_url,protocol_url,shoper_type,shoper_status from tb_customer where account_id = ? 
2020-11-11 22:52:29.762 DEBUG --- [http-nio-8762-exec-7] com.vtu.mapper.CustomerMapper.selectByPrimaryKey Line:143 - ==> Parameters: 12(Long)
2020-11-11 22:52:30.041 DEBUG --- [http-nio-8762-exec-7] com.vtu.mapper.CustomerMapper.selectByPrimaryKey Line:143 - <==      Total: 1
2020-11-11 23:03:59.623 DEBUG --- [http-nio-8762-exec-9] com.vtu.mapper.CustomerMapper.selectByPrimaryKey Line:143 - ==>  Preparing: select account_id, account, password, name, phone, id_card, remain, is_vip, is_shoper, email, email_send_time,wxId, qqId,authCode,isAuth, sex,header_image_url,head_portrait_url,id_card_url,passport_url,business_liscence_url,protocol_url,shoper_type,shoper_status from tb_customer where account_id = ? 
2020-11-11 23:03:59.623 DEBUG --- [http-nio-8762-exec-9] com.vtu.mapper.CustomerMapper.selectByPrimaryKey Line:143 - ==> Parameters: 12(Long)
2020-11-11 23:03:59.653 DEBUG --- [http-nio-8762-exec-9] com.vtu.mapper.CustomerMapper.selectByPrimaryKey Line:143 - <==      Total: 1
2020-11-11 23:04:42.792 DEBUG --- [http-nio-8762-exec-10] com.vtu.mapper.CustomerMapper.selectByPrimaryKey Line:143 - ==>  Preparing: select account_id, account, password, name, phone, id_card, remain, is_vip, is_shoper, email, email_send_time,wxId, qqId,authCode,isAuth, sex,header_image_url,head_portrait_url,id_card_url,passport_url,business_liscence_url,protocol_url,shoper_type,shoper_status from tb_customer where account_id = ? 
2020-11-11 23:04:42.792 DEBUG --- [http-nio-8762-exec-10] com.vtu.mapper.CustomerMapper.selectByPrimaryKey Line:143 - ==> Parameters: 12(Long)
2020-11-11 23:04:42.822 DEBUG --- [http-nio-8762-exec-10] com.vtu.mapper.CustomerMapper.selectByPrimaryKey Line:143 - <==      Total: 1
2020-11-11 23:06:50.030 DEBUG --- [http-nio-8762-exec-1] com.vtu.mapper.CustomerMapper.selectByCustomer_COUNT Line:143 - ==>  Preparing: SELECT count(0) FROM tb_customer WHERE is_shoper = ? AND is_shoper = ? 
2020-11-11 23:06:50.041 DEBUG --- [http-nio-8762-exec-1] com.vtu.mapper.CustomerMapper.selectByCustomer_COUNT Line:143 - ==> Parameters: true(String), true(String)
2020-11-11 23:06:50.070 DEBUG --- [http-nio-8762-exec-1] com.vtu.mapper.CustomerMapper.selectByCustomer_COUNT Line:143 - <==      Total: 1
2020-11-11 23:06:50.070 DEBUG --- [http-nio-8762-exec-1] com.vtu.mapper.CustomerMapper.selectByCustomer Line:143 - ==>  Preparing: select account_id, account, password, name, phone, id_card, remain, is_vip, is_shoper, email, email_send_time,wxId, qqId,authCode,isAuth, sex,header_image_url,head_portrait_url,id_card_url,passport_url,business_liscence_url,protocol_url,shoper_type,shoper_status from tb_customer WHERE is_shoper = ? and is_shoper = ? LIMIT ? 
2020-11-11 23:06:50.070 DEBUG --- [http-nio-8762-exec-1] com.vtu.mapper.CustomerMapper.selectByCustomer Line:143 - ==> Parameters: true(String), true(String), 10(Integer)
2020-11-11 23:06:50.116 DEBUG --- [http-nio-8762-exec-1] com.vtu.mapper.CustomerMapper.selectByCustomer Line:143 - <==      Total: 2
2020-11-11 23:06:51.340 DEBUG --- [http-nio-8762-exec-3] com.vtu.mapper.CustomerMapper.selectByPrimaryKey Line:143 - ==>  Preparing: select account_id, account, password, name, phone, id_card, remain, is_vip, is_shoper, email, email_send_time,wxId, qqId,authCode,isAuth, sex,header_image_url,head_portrait_url,id_card_url,passport_url,business_liscence_url,protocol_url,shoper_type,shoper_status from tb_customer where account_id = ? 
2020-11-11 23:06:51.340 DEBUG --- [http-nio-8762-exec-3] com.vtu.mapper.CustomerMapper.selectByPrimaryKey Line:143 - ==> Parameters: 12(Long)
2020-11-11 23:06:51.371 DEBUG --- [http-nio-8762-exec-3] com.vtu.mapper.CustomerMapper.selectByPrimaryKey Line:143 - <==      Total: 1
2020-11-11 23:07:50.809 DEBUG --- [http-nio-8762-exec-5] com.vtu.mapper.CustomerMapper.selectByCustomer_COUNT Line:143 - ==>  Preparing: SELECT count(0) FROM tb_customer WHERE is_shoper = ? AND is_shoper = ? 
2020-11-11 23:07:50.810 DEBUG --- [http-nio-8762-exec-5] com.vtu.mapper.CustomerMapper.selectByCustomer_COUNT Line:143 - ==> Parameters: true(String), true(String)
2020-11-11 23:07:50.840 DEBUG --- [http-nio-8762-exec-5] com.vtu.mapper.CustomerMapper.selectByCustomer_COUNT Line:143 - <==      Total: 1
2020-11-11 23:07:50.840 DEBUG --- [http-nio-8762-exec-5] com.vtu.mapper.CustomerMapper.selectByCustomer Line:143 - ==>  Preparing: select account_id, account, password, name, phone, id_card, remain, is_vip, is_shoper, email, email_send_time,wxId, qqId,authCode,isAuth, sex,header_image_url,head_portrait_url,id_card_url,passport_url,business_liscence_url,protocol_url,shoper_type,shoper_status from tb_customer WHERE is_shoper = ? and is_shoper = ? LIMIT ? 
2020-11-11 23:07:50.845 DEBUG --- [http-nio-8762-exec-5] com.vtu.mapper.CustomerMapper.selectByCustomer Line:143 - ==> Parameters: true(String), true(String), 10(Integer)
2020-11-11 23:07:50.878 DEBUG --- [http-nio-8762-exec-5] com.vtu.mapper.CustomerMapper.selectByCustomer Line:143 - <==      Total: 2
2020-11-11 23:07:52.235 DEBUG --- [http-nio-8762-exec-6] com.vtu.mapper.CustomerMapper.selectByPrimaryKey Line:143 - ==>  Preparing: select account_id, account, password, name, phone, id_card, remain, is_vip, is_shoper, email, email_send_time,wxId, qqId,authCode,isAuth, sex,header_image_url,head_portrait_url,id_card_url,passport_url,business_liscence_url,protocol_url,shoper_type,shoper_status from tb_customer where account_id = ? 
2020-11-11 23:07:52.235 DEBUG --- [http-nio-8762-exec-6] com.vtu.mapper.CustomerMapper.selectByPrimaryKey Line:143 - ==> Parameters: 12(Long)
2020-11-11 23:07:52.260 DEBUG --- [http-nio-8762-exec-6] com.vtu.mapper.CustomerMapper.selectByPrimaryKey Line:143 - <==      Total: 1
2020-11-11 23:08:40.234 DEBUG --- [http-nio-8762-exec-8] com.vtu.mapper.CustomerMapper.selectByCustomer_COUNT Line:143 - ==>  Preparing: SELECT count(0) FROM tb_customer WHERE is_shoper = ? AND is_shoper = ? 
2020-11-11 23:08:40.234 DEBUG --- [http-nio-8762-exec-8] com.vtu.mapper.CustomerMapper.selectByCustomer_COUNT Line:143 - ==> Parameters: true(String), true(String)
2020-11-11 23:08:40.258 DEBUG --- [http-nio-8762-exec-8] com.vtu.mapper.CustomerMapper.selectByCustomer_COUNT Line:143 - <==      Total: 1
2020-11-11 23:08:40.258 DEBUG --- [http-nio-8762-exec-8] com.vtu.mapper.CustomerMapper.selectByCustomer Line:143 - ==>  Preparing: select account_id, account, password, name, phone, id_card, remain, is_vip, is_shoper, email, email_send_time,wxId, qqId,authCode,isAuth, sex,header_image_url,head_portrait_url,id_card_url,passport_url,business_liscence_url,protocol_url,shoper_type,shoper_status from tb_customer WHERE is_shoper = ? and is_shoper = ? LIMIT ? 
2020-11-11 23:08:40.258 DEBUG --- [http-nio-8762-exec-8] com.vtu.mapper.CustomerMapper.selectByCustomer Line:143 - ==> Parameters: true(String), true(String), 10(Integer)
2020-11-11 23:08:40.289 DEBUG --- [http-nio-8762-exec-8] com.vtu.mapper.CustomerMapper.selectByCustomer Line:143 - <==      Total: 2
2020-11-11 23:08:41.440 DEBUG --- [http-nio-8762-exec-9] com.vtu.mapper.CustomerMapper.selectByPrimaryKey Line:143 - ==>  Preparing: select account_id, account, password, name, phone, id_card, remain, is_vip, is_shoper, email, email_send_time,wxId, qqId,authCode,isAuth, sex,header_image_url,head_portrait_url,id_card_url,passport_url,business_liscence_url,protocol_url,shoper_type,shoper_status from tb_customer where account_id = ? 
2020-11-11 23:08:41.440 DEBUG --- [http-nio-8762-exec-9] com.vtu.mapper.CustomerMapper.selectByPrimaryKey Line:143 - ==> Parameters: 12(Long)
2020-11-11 23:08:41.469 DEBUG --- [http-nio-8762-exec-9] com.vtu.mapper.CustomerMapper.selectByPrimaryKey Line:143 - <==      Total: 1
2020-11-11 23:20:24.068 DEBUG --- [http-nio-8762-exec-2] com.vtu.mapper.CustomerMapper.selectByPrimaryKey Line:143 - ==>  Preparing: select account_id, account, password, name, phone, id_card, remain, is_vip, is_shoper, email, email_send_time,wxId, qqId,authCode,isAuth, sex,header_image_url,head_portrait_url,id_card_url,passport_url,business_liscence_url,protocol_url,shoper_type,shoper_status from tb_customer where account_id = ? 
2020-11-11 23:20:24.068 DEBUG --- [http-nio-8762-exec-2] com.vtu.mapper.CustomerMapper.selectByPrimaryKey Line:143 - ==> Parameters: 12(Long)
2020-11-11 23:20:24.116 DEBUG --- [http-nio-8762-exec-2] com.vtu.mapper.CustomerMapper.selectByPrimaryKey Line:143 - <==      Total: 1
2020-11-11 23:20:24.116 DEBUG --- [http-nio-8762-exec-1] com.vtu.mapper.CustomerMapper.selectByPrimaryKey Line:143 - ==>  Preparing: select account_id, account, password, name, phone, id_card, remain, is_vip, is_shoper, email, email_send_time,wxId, qqId,authCode,isAuth, sex,header_image_url,head_portrait_url,id_card_url,passport_url,business_liscence_url,protocol_url,shoper_type,shoper_status from tb_customer where account_id = ? 
2020-11-11 23:20:24.116 DEBUG --- [http-nio-8762-exec-1] com.vtu.mapper.CustomerMapper.selectByPrimaryKey Line:143 - ==> Parameters: 8(Long)
2020-11-11 23:20:24.149 DEBUG --- [http-nio-8762-exec-1] com.vtu.mapper.CustomerMapper.selectByPrimaryKey Line:143 - <==      Total: 1
2020-11-11 23:20:27.272 DEBUG --- [http-nio-8762-exec-3] com.vtu.mapper.CustomerMapper.selectByPrimaryKey Line:143 - ==>  Preparing: select account_id, account, password, name, phone, id_card, remain, is_vip, is_shoper, email, email_send_time,wxId, qqId,authCode,isAuth, sex,header_image_url,head_portrait_url,id_card_url,passport_url,business_liscence_url,protocol_url,shoper_type,shoper_status from tb_customer where account_id = ? 
2020-11-11 23:20:27.272 DEBUG --- [http-nio-8762-exec-3] com.vtu.mapper.CustomerMapper.selectByPrimaryKey Line:143 - ==> Parameters: 8(Long)
2020-11-11 23:20:27.360 DEBUG --- [http-nio-8762-exec-3] com.vtu.mapper.CustomerMapper.selectByPrimaryKey Line:143 - <==      Total: 1
2020-11-11 23:20:30.400 DEBUG --- [http-nio-8762-exec-5] com.vtu.mapper.CustomerMapper.selectByPrimaryKey Line:143 - ==>  Preparing: select account_id, account, password, name, phone, id_card, remain, is_vip, is_shoper, email, email_send_time,wxId, qqId,authCode,isAuth, sex,header_image_url,head_portrait_url,id_card_url,passport_url,business_liscence_url,protocol_url,shoper_type,shoper_status from tb_customer where account_id = ? 
2020-11-11 23:20:30.400 DEBUG --- [http-nio-8762-exec-5] com.vtu.mapper.CustomerMapper.selectByPrimaryKey Line:143 - ==> Parameters: 12(Long)
2020-11-11 23:20:30.640 DEBUG --- [http-nio-8762-exec-5] com.vtu.mapper.CustomerMapper.selectByPrimaryKey Line:143 - <==      Total: 1
