2020-12-02 22:46:09.092 DEBUG --- [restartedMain] org.apache.ibatis.logging.LogFactory Line:105 - Logging initialized using 'class org.apache.ibatis.logging.slf4j.Slf4jImpl' adapter.
2020-12-02 22:47:04.106 DEBUG --- [http-nio-8762-exec-8] com.vtu.mapper.CustomerMapper.selectByAuthCode Line:143 - ==>  Preparing: select account_id, account, password, name, phone, id_card, remain, is_vip, is_shoper, email, email_send_time,wxId, qqId,authCode,isAuth, sex,header_image_url,head_portrait_url,id_card_url,passport_url,business_liscence_url,protocol_url,shoper_type,shoper_status from tb_customer where authCode = ? 
2020-12-02 22:47:04.137 DEBUG --- [http-nio-8762-exec-8] com.vtu.mapper.CustomerMapper.selectByAuthCode Line:143 - ==> Parameters: 1234(String)
2020-12-02 22:47:04.202 DEBUG --- [http-nio-8762-exec-8] com.vtu.mapper.CustomerMapper.selectByAuthCode Line:143 - <==      Total: 1
2020-12-02 22:47:04.209 DEBUG --- [http-nio-8762-exec-8] com.vtu.mapper.CustomerVipMapper.selectByAccountId Line:143 - ==>  Preparing: select id, account_id, vip_detail_id, start_time, end_time, is_vip from tb_customer_vip where account_id = ? 
2020-12-02 22:47:04.212 DEBUG --- [http-nio-8762-exec-8] com.vtu.mapper.CustomerVipMapper.selectByAccountId Line:143 - ==> Parameters: 12(Long)
2020-12-02 22:47:04.237 DEBUG --- [http-nio-8762-exec-8] com.vtu.mapper.CustomerVipMapper.selectByAccountId Line:143 - <==      Total: 0
2020-12-02 22:47:04.238 DEBUG --- [http-nio-8762-exec-8] com.vtu.mapper.CustomerMapper.updateByPrimaryKey Line:143 - ==>  Preparing: update tb_customer set account = ?, password = ?, name = ?, sex = ?, phone = ?, id_card = ?, remain = ?, is_vip = ?, is_shoper = ?, email = ?, email_send_time = ?, wxId = ?, qqId = ?, authCode = ?, isAuth = ?, header_image_url = ?, head_portrait_url = ?, id_card_url = ?, passport_url = ?, business_liscence_url = ?, protocol_url = ?, shoper_type = ?, shoper_status = ? where account_id = ? 
2020-12-02 22:47:04.239 DEBUG --- [http-nio-8762-exec-8] com.vtu.mapper.CustomerMapper.updateByPrimaryKey Line:143 - ==> Parameters: VT20191103232122916(String), null, 小星星(String), null, null, null, null, null, null, 786107325@qq.com(String), 2019-11-03 23:21:22:915(String), null, null, 1234(String), true(String), https://vtuweb.oss-cn-beijing.aliyuncs.com/temps/tempOutput/1605435370549/headerImage/儿童.jpg(String), null, null, null, null, null, personal(String), (String), 12(Long)
2020-12-02 22:47:04.286 DEBUG --- [http-nio-8762-exec-8] com.vtu.mapper.CustomerMapper.updateByPrimaryKey Line:143 - <==    Updates: 1
2020-12-02 22:47:08.942 DEBUG --- [http-nio-8762-exec-10] com.vtu.mapper.WorksMapper.getWorksByCondition_COUNT Line:143 - ==>  Preparing: select count(0) from (SELECT w.* FROM tb_works w WHERE w.status LIKE concat('%',?,'%') and w.type LIKE concat('%',?,'%') and (w.is_del IS NULL || length(w.is_del)!=0) ORDER BY w.works_id desc) tmp_count 
2020-12-02 22:47:08.943 DEBUG --- [http-nio-8762-exec-10] com.vtu.mapper.WorksMapper.getWorksByCondition_COUNT Line:143 - ==> Parameters: pass(String), 1(String)
2020-12-02 22:47:08.970 DEBUG --- [http-nio-8762-exec-10] com.vtu.mapper.WorksMapper.getWorksByCondition_COUNT Line:143 - <==      Total: 1
2020-12-02 22:47:08.973 DEBUG --- [http-nio-8762-exec-10] com.vtu.mapper.WorksMapper.getWorksByCondition Line:143 - ==>  Preparing: SELECT w.* FROM tb_works w WHERE w.status LIKE concat('%',?,'%') and w.type LIKE concat('%',?,'%') and (w.is_del IS NULL || length(w.is_del)!=0) ORDER BY w.works_id desc LIMIT ? 
2020-12-02 22:47:08.975 DEBUG --- [http-nio-8762-exec-10] com.vtu.mapper.WorksMapper.getWorksByCondition Line:143 - ==> Parameters: pass(String), 1(String), 4(Integer)
2020-12-02 22:47:09.005 DEBUG --- [http-nio-8762-exec-10] com.vtu.mapper.WorksMapper.getWorksByCondition Line:143 - <==      Total: 1
2020-12-02 22:47:09.006 DEBUG --- [http-nio-8762-exec-9] com.vtu.mapper.WorksMapper.getWorksByCondition_COUNT Line:143 - ==>  Preparing: select count(0) from (SELECT w.* FROM tb_works w WHERE w.status LIKE concat('%',?,'%') and w.type LIKE concat('%',?,'%') and (w.is_del IS NULL || length(w.is_del)!=0) ORDER BY w.works_id desc) tmp_count 
2020-12-02 22:47:09.008 DEBUG --- [http-nio-8762-exec-9] com.vtu.mapper.WorksMapper.getWorksByCondition_COUNT Line:143 - ==> Parameters: pass(String), 2(String)
2020-12-02 22:47:09.291 DEBUG --- [http-nio-8762-exec-9] com.vtu.mapper.WorksMapper.getWorksByCondition_COUNT Line:143 - <==      Total: 1
2020-12-02 22:47:09.293 DEBUG --- [http-nio-8762-exec-7] com.vtu.mapper.WorksMapper.getWorksByCondition_COUNT Line:143 - ==>  Preparing: select count(0) from (SELECT w.* FROM tb_works w WHERE w.status LIKE concat('%',?,'%') and w.type LIKE concat('%',?,'%') and (w.is_del IS NULL || length(w.is_del)!=0) ORDER BY w.works_id desc) tmp_count 
2020-12-02 22:47:09.295 DEBUG --- [http-nio-8762-exec-7] com.vtu.mapper.WorksMapper.getWorksByCondition_COUNT Line:143 - ==> Parameters: pass(String), 3(String)
2020-12-02 22:47:09.328 DEBUG --- [http-nio-8762-exec-7] com.vtu.mapper.WorksMapper.getWorksByCondition_COUNT Line:143 - <==      Total: 1
2020-12-02 22:47:12.686 DEBUG --- [http-nio-8762-exec-6] com.vtu.mapper.WorksMapper.getPersonManage_COUNT Line:143 - ==>  Preparing: select count(0) from (SELECT w.* FROM tb_works w WHERE w.account_id=? and (w.is_del IS NULL || length(w.is_del)!=0) ORDER BY w.works_id desc) tmp_count 
2020-12-02 22:47:12.687 DEBUG --- [http-nio-8762-exec-6] com.vtu.mapper.WorksMapper.getPersonManage_COUNT Line:143 - ==> Parameters: 12(Long)
2020-12-02 22:47:12.707 DEBUG --- [http-nio-8762-exec-4] com.vtu.mapper.WorksMapper.selectByAccountId Line:143 - ==>  Preparing: SELECT * FROM tb_works WHERE status LIKE concat('%',?,'%') and account_id LIKE concat('%', ?,'%') and type LIKE concat('%', ?,'%') and (is_del IS NULL || length(is_del)!=0) 
2020-12-02 22:47:12.708 DEBUG --- [http-nio-8762-exec-4] com.vtu.mapper.WorksMapper.selectByAccountId Line:143 - ==> Parameters: refer(String), 12(Long), 3(String)
2020-12-02 22:47:12.722 DEBUG --- [http-nio-8762-exec-6] com.vtu.mapper.WorksMapper.getPersonManage_COUNT Line:143 - <==      Total: 1
2020-12-02 22:47:12.723 DEBUG --- [http-nio-8762-exec-6] com.vtu.mapper.WorksMapper.getPersonManage Line:143 - ==>  Preparing: SELECT w.* FROM tb_works w WHERE w.account_id=? and (w.is_del IS NULL || length(w.is_del)!=0) ORDER BY w.works_id desc LIMIT ? 
2020-12-02 22:47:12.725 DEBUG --- [http-nio-8762-exec-6] com.vtu.mapper.WorksMapper.getPersonManage Line:143 - ==> Parameters: 12(Long), 10(Integer)
2020-12-02 22:47:12.740 DEBUG --- [http-nio-8762-exec-4] com.vtu.mapper.WorksMapper.selectByAccountId Line:143 - <==      Total: 1
2020-12-02 22:47:12.741 DEBUG --- [http-nio-8762-exec-5] com.vtu.mapper.WorksMapper.selectByAccountId Line:143 - ==>  Preparing: SELECT * FROM tb_works WHERE status LIKE concat('%',?,'%') and account_id LIKE concat('%', ?,'%') and type LIKE concat('%', ?,'%') and (is_del IS NULL || length(is_del)!=0) 
2020-12-02 22:47:12.742 DEBUG --- [http-nio-8762-exec-5] com.vtu.mapper.WorksMapper.selectByAccountId Line:143 - ==> Parameters: refer(String), 12(Long), 1(String)
2020-12-02 22:47:12.757 DEBUG --- [http-nio-8762-exec-6] com.vtu.mapper.WorksMapper.getPersonManage Line:143 - <==      Total: 2
2020-12-02 22:47:12.758 DEBUG --- [http-nio-8762-exec-3] com.vtu.mapper.WorksMapper.selectByAccountId Line:143 - ==>  Preparing: SELECT * FROM tb_works WHERE status LIKE concat('%',?,'%') and account_id LIKE concat('%', ?,'%') and type LIKE concat('%', ?,'%') and (is_del IS NULL || length(is_del)!=0) 
2020-12-02 22:47:12.759 DEBUG --- [http-nio-8762-exec-3] com.vtu.mapper.WorksMapper.selectByAccountId Line:143 - ==> Parameters: refer(String), 12(Long), 2(String)
2020-12-02 22:47:12.768 DEBUG --- [http-nio-8762-exec-5] com.vtu.mapper.WorksMapper.selectByAccountId Line:143 - <==      Total: 0
2020-12-02 22:47:12.789 DEBUG --- [http-nio-8762-exec-3] com.vtu.mapper.WorksMapper.selectByAccountId Line:143 - <==      Total: 0
2020-12-02 22:47:17.962 DEBUG --- [http-nio-8762-exec-7] com.vtu.mapper.VipMapper.selectByVipType Line:143 - ==>  Preparing: SELECT id, vip_type, type_name , vip_detail_id,vip_id, vip_name, time_long, time_unit, com_material, material, modial_material, custom_discount,prices, invoice_type,sort_num FROM (SELECT * FROM tb_vip WHERE vip_type=?) a LEFT JOIN tb_vip_detail b ON a.id = b.vip_id ORDER BY sort_num,vip_detail_id 
2020-12-02 22:47:17.963 DEBUG --- [http-nio-8762-exec-7] com.vtu.mapper.VipMapper.selectByVipType Line:143 - ==> Parameters: 1(Long)
2020-12-02 22:47:17.966 DEBUG --- [http-nio-8762-exec-10] com.vtu.mapper.VipMapper.selectByVipType Line:143 - ==>  Preparing: SELECT id, vip_type, type_name , vip_detail_id,vip_id, vip_name, time_long, time_unit, com_material, material, modial_material, custom_discount,prices, invoice_type,sort_num FROM (SELECT * FROM tb_vip WHERE vip_type=?) a LEFT JOIN tb_vip_detail b ON a.id = b.vip_id ORDER BY sort_num,vip_detail_id 
2020-12-02 22:47:17.967 DEBUG --- [http-nio-8762-exec-10] com.vtu.mapper.VipMapper.selectByVipType Line:143 - ==> Parameters: 1(Long)
2020-12-02 22:47:18.011 DEBUG --- [http-nio-8762-exec-7] com.vtu.mapper.VipMapper.selectByVipType Line:143 - <==      Total: 12
2020-12-02 22:47:18.021 DEBUG --- [http-nio-8762-exec-10] com.vtu.mapper.VipMapper.selectByVipType Line:143 - <==      Total: 12
2020-12-02 22:47:18.033 DEBUG --- [http-nio-8762-exec-4] com.vtu.mapper.WorksDownloadMapper.findAllByAccountId_COUNT Line:143 - ==>  Preparing: SELECT count(0) FROM tb_works t, tb_works_download d WHERE t.works_id = d.works_id AND d.account_id = ? 
2020-12-02 22:47:18.034 DEBUG --- [http-nio-8762-exec-4] com.vtu.mapper.WorksDownloadMapper.findAllByAccountId_COUNT Line:143 - ==> Parameters: 12(Long)
2020-12-02 22:47:18.063 DEBUG --- [http-nio-8762-exec-4] com.vtu.mapper.WorksDownloadMapper.findAllByAccountId_COUNT Line:143 - <==      Total: 1
2020-12-02 22:47:18.066 DEBUG --- [http-nio-8762-exec-4] com.vtu.mapper.WorksDownloadMapper.findAllByAccountId Line:143 - ==>  Preparing: SELECT t.*,d.down_time from tb_works t,tb_works_download d WHERE t.works_id=d.works_id AND d.account_id=? ORDER BY d.down_time DESC LIMIT ? 
2020-12-02 22:47:18.068 DEBUG --- [http-nio-8762-exec-4] com.vtu.mapper.WorksDownloadMapper.findAllByAccountId Line:143 - ==> Parameters: 12(Long), 10(Integer)
2020-12-02 22:47:18.103 DEBUG --- [http-nio-8762-exec-4] com.vtu.mapper.WorksDownloadMapper.findAllByAccountId Line:143 - <==      Total: 1
2020-12-02 22:47:18.178 DEBUG --- [http-nio-8762-exec-6] com.vtu.mapper.RechargeRecordMapper.findAllByAccountId_COUNT Line:143 - ==>  Preparing: SELECT count(0) FROM tb_recharge_record WHERE account_id = ? 
2020-12-02 22:47:18.179 DEBUG --- [http-nio-8762-exec-6] com.vtu.mapper.RechargeRecordMapper.findAllByAccountId_COUNT Line:143 - ==> Parameters: 12(Long)
2020-12-02 22:47:18.209 DEBUG --- [http-nio-8762-exec-6] com.vtu.mapper.RechargeRecordMapper.findAllByAccountId_COUNT Line:143 - <==      Total: 1
2020-12-02 22:47:18.212 DEBUG --- [http-nio-8762-exec-6] com.vtu.mapper.RechargeRecordMapper.findAllByAccountId Line:143 - ==>  Preparing: select recharge_id, account_id, recharge_time, recharge_money from tb_recharge_record where account_id = ? LIMIT ? 
2020-12-02 22:47:18.212 DEBUG --- [http-nio-8762-exec-6] com.vtu.mapper.RechargeRecordMapper.findAllByAccountId Line:143 - ==> Parameters: 12(Long), 5(Integer)
2020-12-02 22:47:18.241 DEBUG --- [http-nio-8762-exec-6] com.vtu.mapper.RechargeRecordMapper.findAllByAccountId Line:143 - <==      Total: 3
2020-12-02 23:01:28.224 DEBUG --- [http-nio-8762-exec-1] com.vtu.mapper.VipMapper.selectByVipType Line:143 - ==>  Preparing: SELECT id, vip_type, type_name , vip_detail_id,vip_id, vip_name, time_long, time_unit, com_material, material, modial_material, custom_discount,prices, invoice_type,sort_num FROM (SELECT * FROM tb_vip WHERE vip_type=?) a LEFT JOIN tb_vip_detail b ON a.id = b.vip_id ORDER BY sort_num,vip_detail_id 
2020-12-02 23:01:28.225 DEBUG --- [http-nio-8762-exec-1] com.vtu.mapper.VipMapper.selectByVipType Line:143 - ==> Parameters: 1(Long)
2020-12-02 23:01:28.260 DEBUG --- [http-nio-8762-exec-1] com.vtu.mapper.VipMapper.selectByVipType Line:143 - <==      Total: 12
2020-12-02 23:01:28.266 DEBUG --- [http-nio-8762-exec-2] com.vtu.mapper.VipMapper.selectByVipType Line:143 - ==>  Preparing: SELECT id, vip_type, type_name , vip_detail_id,vip_id, vip_name, time_long, time_unit, com_material, material, modial_material, custom_discount,prices, invoice_type,sort_num FROM (SELECT * FROM tb_vip WHERE vip_type=?) a LEFT JOIN tb_vip_detail b ON a.id = b.vip_id ORDER BY sort_num,vip_detail_id 
2020-12-02 23:01:28.267 DEBUG --- [http-nio-8762-exec-2] com.vtu.mapper.VipMapper.selectByVipType Line:143 - ==> Parameters: 1(Long)
2020-12-02 23:01:28.301 DEBUG --- [http-nio-8762-exec-2] com.vtu.mapper.VipMapper.selectByVipType Line:143 - <==      Total: 12
2020-12-02 23:01:28.303 DEBUG --- [http-nio-8762-exec-9] com.vtu.mapper.WorksDownloadMapper.findAllByAccountId_COUNT Line:143 - ==>  Preparing: SELECT count(0) FROM tb_works t, tb_works_download d WHERE t.works_id = d.works_id AND d.account_id = ? 
2020-12-02 23:01:28.304 DEBUG --- [http-nio-8762-exec-9] com.vtu.mapper.WorksDownloadMapper.findAllByAccountId_COUNT Line:143 - ==> Parameters: 12(Long)
2020-12-02 23:01:28.336 DEBUG --- [http-nio-8762-exec-9] com.vtu.mapper.WorksDownloadMapper.findAllByAccountId_COUNT Line:143 - <==      Total: 1
2020-12-02 23:01:28.340 DEBUG --- [http-nio-8762-exec-9] com.vtu.mapper.WorksDownloadMapper.findAllByAccountId Line:143 - ==>  Preparing: SELECT t.*,d.down_time from tb_works t,tb_works_download d WHERE t.works_id=d.works_id AND d.account_id=? ORDER BY d.down_time DESC LIMIT ? 
2020-12-02 23:01:28.340 DEBUG --- [http-nio-8762-exec-9] com.vtu.mapper.WorksDownloadMapper.findAllByAccountId Line:143 - ==> Parameters: 12(Long), 10(Integer)
2020-12-02 23:01:28.370 DEBUG --- [http-nio-8762-exec-9] com.vtu.mapper.WorksDownloadMapper.findAllByAccountId Line:143 - <==      Total: 1
2020-12-02 23:01:28.371 DEBUG --- [http-nio-8762-exec-7] com.vtu.mapper.RechargeRecordMapper.findAllByAccountId_COUNT Line:143 - ==>  Preparing: SELECT count(0) FROM tb_recharge_record WHERE account_id = ? 
2020-12-02 23:01:28.374 DEBUG --- [http-nio-8762-exec-7] com.vtu.mapper.RechargeRecordMapper.findAllByAccountId_COUNT Line:143 - ==> Parameters: 12(Long)
2020-12-02 23:01:28.402 DEBUG --- [http-nio-8762-exec-7] com.vtu.mapper.RechargeRecordMapper.findAllByAccountId_COUNT Line:143 - <==      Total: 1
2020-12-02 23:01:28.403 DEBUG --- [http-nio-8762-exec-7] com.vtu.mapper.RechargeRecordMapper.findAllByAccountId Line:143 - ==>  Preparing: select recharge_id, account_id, recharge_time, recharge_money from tb_recharge_record where account_id = ? LIMIT ? 
2020-12-02 23:01:28.404 DEBUG --- [http-nio-8762-exec-7] com.vtu.mapper.RechargeRecordMapper.findAllByAccountId Line:143 - ==> Parameters: 12(Long), 5(Integer)
2020-12-02 23:01:28.433 DEBUG --- [http-nio-8762-exec-7] com.vtu.mapper.RechargeRecordMapper.findAllByAccountId Line:143 - <==      Total: 3
2020-12-02 23:01:30.767 DEBUG --- [http-nio-8762-exec-10] com.vtu.mapper.CustomerMapper.selectByPrimaryKey Line:143 - ==>  Preparing: select account_id, account, password, name, phone, id_card, remain, is_vip, is_shoper, email, email_send_time,wxId, qqId,authCode,isAuth, sex,header_image_url,head_portrait_url,id_card_url,passport_url,business_liscence_url,protocol_url,shoper_type,shoper_status from tb_customer where account_id = ? 
2020-12-02 23:01:30.769 DEBUG --- [http-nio-8762-exec-10] com.vtu.mapper.CustomerMapper.selectByPrimaryKey Line:143 - ==> Parameters: 12(Long)
2020-12-02 23:01:30.817 DEBUG --- [http-nio-8762-exec-10] com.vtu.mapper.CustomerMapper.selectByPrimaryKey Line:143 - <==      Total: 1
2020-12-02 23:08:49.084 DEBUG --- [http-nio-8762-exec-3] com.vtu.mapper.VipMapper.selectByVipType Line:143 - ==>  Preparing: SELECT id, vip_type, type_name , vip_detail_id,vip_id, vip_name, time_long, time_unit, com_material, material, modial_material, custom_discount,prices, invoice_type,sort_num FROM (SELECT * FROM tb_vip WHERE vip_type=?) a LEFT JOIN tb_vip_detail b ON a.id = b.vip_id ORDER BY sort_num,vip_detail_id 
2020-12-02 23:08:49.086 DEBUG --- [http-nio-8762-exec-3] com.vtu.mapper.VipMapper.selectByVipType Line:143 - ==> Parameters: 1(Long)
2020-12-02 23:08:49.124 DEBUG --- [http-nio-8762-exec-3] com.vtu.mapper.VipMapper.selectByVipType Line:143 - <==      Total: 12
2020-12-02 23:08:49.125 DEBUG --- [http-nio-8762-exec-8] com.vtu.mapper.VipMapper.selectByVipType Line:143 - ==>  Preparing: SELECT id, vip_type, type_name , vip_detail_id,vip_id, vip_name, time_long, time_unit, com_material, material, modial_material, custom_discount,prices, invoice_type,sort_num FROM (SELECT * FROM tb_vip WHERE vip_type=?) a LEFT JOIN tb_vip_detail b ON a.id = b.vip_id ORDER BY sort_num,vip_detail_id 
2020-12-02 23:08:49.126 DEBUG --- [http-nio-8762-exec-8] com.vtu.mapper.VipMapper.selectByVipType Line:143 - ==> Parameters: 1(Long)
2020-12-02 23:08:49.172 DEBUG --- [http-nio-8762-exec-8] com.vtu.mapper.VipMapper.selectByVipType Line:143 - <==      Total: 12
2020-12-02 23:08:49.173 DEBUG --- [http-nio-8762-exec-1] com.vtu.mapper.WorksDownloadMapper.findAllByAccountId_COUNT Line:143 - ==>  Preparing: SELECT count(0) FROM tb_works t, tb_works_download d WHERE t.works_id = d.works_id AND d.account_id = ? 
2020-12-02 23:08:49.175 DEBUG --- [http-nio-8762-exec-1] com.vtu.mapper.WorksDownloadMapper.findAllByAccountId_COUNT Line:143 - ==> Parameters: 12(Long)
2020-12-02 23:08:49.205 DEBUG --- [http-nio-8762-exec-1] com.vtu.mapper.WorksDownloadMapper.findAllByAccountId_COUNT Line:143 - <==      Total: 1
2020-12-02 23:08:49.206 DEBUG --- [http-nio-8762-exec-1] com.vtu.mapper.WorksDownloadMapper.findAllByAccountId Line:143 - ==>  Preparing: SELECT t.*,d.down_time from tb_works t,tb_works_download d WHERE t.works_id=d.works_id AND d.account_id=? ORDER BY d.down_time DESC LIMIT ? 
2020-12-02 23:08:49.208 DEBUG --- [http-nio-8762-exec-1] com.vtu.mapper.WorksDownloadMapper.findAllByAccountId Line:143 - ==> Parameters: 12(Long), 10(Integer)
2020-12-02 23:08:49.239 DEBUG --- [http-nio-8762-exec-1] com.vtu.mapper.WorksDownloadMapper.findAllByAccountId Line:143 - <==      Total: 1
2020-12-02 23:08:49.240 DEBUG --- [http-nio-8762-exec-2] com.vtu.mapper.RechargeRecordMapper.findAllByAccountId_COUNT Line:143 - ==>  Preparing: SELECT count(0) FROM tb_recharge_record WHERE account_id = ? 
2020-12-02 23:08:49.242 DEBUG --- [http-nio-8762-exec-2] com.vtu.mapper.RechargeRecordMapper.findAllByAccountId_COUNT Line:143 - ==> Parameters: 12(Long)
2020-12-02 23:08:49.272 DEBUG --- [http-nio-8762-exec-2] com.vtu.mapper.RechargeRecordMapper.findAllByAccountId_COUNT Line:143 - <==      Total: 1
2020-12-02 23:08:49.274 DEBUG --- [http-nio-8762-exec-2] com.vtu.mapper.RechargeRecordMapper.findAllByAccountId Line:143 - ==>  Preparing: select recharge_id, account_id, recharge_time, recharge_money from tb_recharge_record where account_id = ? LIMIT ? 
2020-12-02 23:08:49.275 DEBUG --- [http-nio-8762-exec-2] com.vtu.mapper.RechargeRecordMapper.findAllByAccountId Line:143 - ==> Parameters: 12(Long), 5(Integer)
2020-12-02 23:08:49.307 DEBUG --- [http-nio-8762-exec-2] com.vtu.mapper.RechargeRecordMapper.findAllByAccountId Line:143 - <==      Total: 3
2020-12-02 23:09:02.885 DEBUG --- [http-nio-8762-exec-6] com.vtu.mapper.CustomerMapper.selectByPrimaryKey Line:143 - ==>  Preparing: select account_id, account, password, name, phone, id_card, remain, is_vip, is_shoper, email, email_send_time,wxId, qqId,authCode,isAuth, sex,header_image_url,head_portrait_url,id_card_url,passport_url,business_liscence_url,protocol_url,shoper_type,shoper_status from tb_customer where account_id = ? 
2020-12-02 23:09:02.886 DEBUG --- [http-nio-8762-exec-6] com.vtu.mapper.CustomerMapper.selectByPrimaryKey Line:143 - ==> Parameters: 12(Long)
2020-12-02 23:09:02.925 DEBUG --- [http-nio-8762-exec-6] com.vtu.mapper.CustomerMapper.selectByPrimaryKey Line:143 - <==      Total: 1
2020-12-02 23:13:18.543 DEBUG --- [http-nio-8762-exec-5] com.vtu.mapper.VipMapper.selectByVipType Line:143 - ==>  Preparing: SELECT id, vip_type, type_name , vip_detail_id,vip_id, vip_name, time_long, time_unit, com_material, material, modial_material, custom_discount,prices, invoice_type,sort_num FROM (SELECT * FROM tb_vip WHERE vip_type=?) a LEFT JOIN tb_vip_detail b ON a.id = b.vip_id ORDER BY sort_num,vip_detail_id 
2020-12-02 23:13:18.545 DEBUG --- [http-nio-8762-exec-5] com.vtu.mapper.VipMapper.selectByVipType Line:143 - ==> Parameters: 1(Long)
2020-12-02 23:13:18.561 DEBUG --- [http-nio-8762-exec-3] com.vtu.mapper.VipMapper.selectByVipType Line:143 - ==>  Preparing: SELECT id, vip_type, type_name , vip_detail_id,vip_id, vip_name, time_long, time_unit, com_material, material, modial_material, custom_discount,prices, invoice_type,sort_num FROM (SELECT * FROM tb_vip WHERE vip_type=?) a LEFT JOIN tb_vip_detail b ON a.id = b.vip_id ORDER BY sort_num,vip_detail_id 
2020-12-02 23:13:18.562 DEBUG --- [http-nio-8762-exec-3] com.vtu.mapper.VipMapper.selectByVipType Line:143 - ==> Parameters: 1(Long)
2020-12-02 23:13:18.577 DEBUG --- [http-nio-8762-exec-5] com.vtu.mapper.VipMapper.selectByVipType Line:143 - <==      Total: 12
2020-12-02 23:13:18.583 DEBUG --- [http-nio-8762-exec-8] com.vtu.mapper.WorksDownloadMapper.findAllByAccountId_COUNT Line:143 - ==>  Preparing: SELECT count(0) FROM tb_works t, tb_works_download d WHERE t.works_id = d.works_id AND d.account_id = ? 
2020-12-02 23:13:18.584 DEBUG --- [http-nio-8762-exec-8] com.vtu.mapper.WorksDownloadMapper.findAllByAccountId_COUNT Line:143 - ==> Parameters: 12(Long)
2020-12-02 23:13:18.598 DEBUG --- [http-nio-8762-exec-3] com.vtu.mapper.VipMapper.selectByVipType Line:143 - <==      Total: 12
2020-12-02 23:13:18.614 DEBUG --- [http-nio-8762-exec-8] com.vtu.mapper.WorksDownloadMapper.findAllByAccountId_COUNT Line:143 - <==      Total: 1
2020-12-02 23:13:18.616 DEBUG --- [http-nio-8762-exec-8] com.vtu.mapper.WorksDownloadMapper.findAllByAccountId Line:143 - ==>  Preparing: SELECT t.*,d.down_time from tb_works t,tb_works_download d WHERE t.works_id=d.works_id AND d.account_id=? ORDER BY d.down_time DESC LIMIT ? 
2020-12-02 23:13:18.617 DEBUG --- [http-nio-8762-exec-8] com.vtu.mapper.WorksDownloadMapper.findAllByAccountId Line:143 - ==> Parameters: 12(Long), 10(Integer)
2020-12-02 23:13:18.649 DEBUG --- [http-nio-8762-exec-8] com.vtu.mapper.WorksDownloadMapper.findAllByAccountId Line:143 - <==      Total: 1
2020-12-02 23:13:18.681 DEBUG --- [http-nio-8762-exec-1] com.vtu.mapper.RechargeRecordMapper.findAllByAccountId_COUNT Line:143 - ==>  Preparing: SELECT count(0) FROM tb_recharge_record WHERE account_id = ? 
2020-12-02 23:13:18.682 DEBUG --- [http-nio-8762-exec-1] com.vtu.mapper.RechargeRecordMapper.findAllByAccountId_COUNT Line:143 - ==> Parameters: 12(Long)
2020-12-02 23:13:18.712 DEBUG --- [http-nio-8762-exec-1] com.vtu.mapper.RechargeRecordMapper.findAllByAccountId_COUNT Line:143 - <==      Total: 1
2020-12-02 23:13:18.714 DEBUG --- [http-nio-8762-exec-1] com.vtu.mapper.RechargeRecordMapper.findAllByAccountId Line:143 - ==>  Preparing: select recharge_id, account_id, recharge_time, recharge_money from tb_recharge_record where account_id = ? LIMIT ? 
2020-12-02 23:13:18.715 DEBUG --- [http-nio-8762-exec-1] com.vtu.mapper.RechargeRecordMapper.findAllByAccountId Line:143 - ==> Parameters: 12(Long), 5(Integer)
2020-12-02 23:13:18.773 DEBUG --- [http-nio-8762-exec-1] com.vtu.mapper.RechargeRecordMapper.findAllByAccountId Line:143 - <==      Total: 3
2020-12-02 23:13:47.212 DEBUG --- [http-nio-8762-exec-9] com.vtu.mapper.CustomerMapper.selectByPrimaryKey Line:143 - ==>  Preparing: select account_id, account, password, name, phone, id_card, remain, is_vip, is_shoper, email, email_send_time,wxId, qqId,authCode,isAuth, sex,header_image_url,head_portrait_url,id_card_url,passport_url,business_liscence_url,protocol_url,shoper_type,shoper_status from tb_customer where account_id = ? 
2020-12-02 23:13:47.213 DEBUG --- [http-nio-8762-exec-9] com.vtu.mapper.CustomerMapper.selectByPrimaryKey Line:143 - ==> Parameters: 12(Long)
2020-12-02 23:13:47.242 DEBUG --- [http-nio-8762-exec-9] com.vtu.mapper.CustomerMapper.selectByPrimaryKey Line:143 - <==      Total: 1
2020-12-02 23:15:20.808 DEBUG --- [http-nio-8762-exec-4] com.vtu.mapper.VipMapper.selectByVipType Line:143 - ==>  Preparing: SELECT id, vip_type, type_name , vip_detail_id,vip_id, vip_name, time_long, time_unit, com_material, material, modial_material, custom_discount,prices, invoice_type,sort_num FROM (SELECT * FROM tb_vip WHERE vip_type=?) a LEFT JOIN tb_vip_detail b ON a.id = b.vip_id ORDER BY sort_num,vip_detail_id 
2020-12-02 23:15:20.809 DEBUG --- [http-nio-8762-exec-4] com.vtu.mapper.VipMapper.selectByVipType Line:143 - ==> Parameters: 1(Long)
2020-12-02 23:15:20.820 DEBUG --- [http-nio-8762-exec-5] com.vtu.mapper.VipMapper.selectByVipType Line:143 - ==>  Preparing: SELECT id, vip_type, type_name , vip_detail_id,vip_id, vip_name, time_long, time_unit, com_material, material, modial_material, custom_discount,prices, invoice_type,sort_num FROM (SELECT * FROM tb_vip WHERE vip_type=?) a LEFT JOIN tb_vip_detail b ON a.id = b.vip_id ORDER BY sort_num,vip_detail_id 
2020-12-02 23:15:20.821 DEBUG --- [http-nio-8762-exec-5] com.vtu.mapper.VipMapper.selectByVipType Line:143 - ==> Parameters: 1(Long)
2020-12-02 23:15:20.833 DEBUG --- [http-nio-8762-exec-3] com.vtu.mapper.WorksDownloadMapper.findAllByAccountId_COUNT Line:143 - ==>  Preparing: SELECT count(0) FROM tb_works t, tb_works_download d WHERE t.works_id = d.works_id AND d.account_id = ? 
2020-12-02 23:15:20.834 DEBUG --- [http-nio-8762-exec-3] com.vtu.mapper.WorksDownloadMapper.findAllByAccountId_COUNT Line:143 - ==> Parameters: 12(Long)
2020-12-02 23:15:20.841 DEBUG --- [http-nio-8762-exec-4] com.vtu.mapper.VipMapper.selectByVipType Line:143 - <==      Total: 12
2020-12-02 23:15:20.854 DEBUG --- [http-nio-8762-exec-5] com.vtu.mapper.VipMapper.selectByVipType Line:143 - <==      Total: 12
2020-12-02 23:15:20.864 DEBUG --- [http-nio-8762-exec-3] com.vtu.mapper.WorksDownloadMapper.findAllByAccountId_COUNT Line:143 - <==      Total: 1
2020-12-02 23:15:20.866 DEBUG --- [http-nio-8762-exec-3] com.vtu.mapper.WorksDownloadMapper.findAllByAccountId Line:143 - ==>  Preparing: SELECT t.*,d.down_time from tb_works t,tb_works_download d WHERE t.works_id=d.works_id AND d.account_id=? ORDER BY d.down_time DESC LIMIT ? 
2020-12-02 23:15:20.868 DEBUG --- [http-nio-8762-exec-3] com.vtu.mapper.WorksDownloadMapper.findAllByAccountId Line:143 - ==> Parameters: 12(Long), 10(Integer)
2020-12-02 23:15:20.901 DEBUG --- [http-nio-8762-exec-3] com.vtu.mapper.WorksDownloadMapper.findAllByAccountId Line:143 - <==      Total: 1
2020-12-02 23:15:20.905 DEBUG --- [http-nio-8762-exec-8] com.vtu.mapper.RechargeRecordMapper.findAllByAccountId_COUNT Line:143 - ==>  Preparing: SELECT count(0) FROM tb_recharge_record WHERE account_id = ? 
2020-12-02 23:15:20.907 DEBUG --- [http-nio-8762-exec-8] com.vtu.mapper.RechargeRecordMapper.findAllByAccountId_COUNT Line:143 - ==> Parameters: 12(Long)
2020-12-02 23:15:20.940 DEBUG --- [http-nio-8762-exec-8] com.vtu.mapper.RechargeRecordMapper.findAllByAccountId_COUNT Line:143 - <==      Total: 1
2020-12-02 23:15:20.942 DEBUG --- [http-nio-8762-exec-8] com.vtu.mapper.RechargeRecordMapper.findAllByAccountId Line:143 - ==>  Preparing: select recharge_id, account_id, recharge_time, recharge_money from tb_recharge_record where account_id = ? LIMIT ? 
2020-12-02 23:15:20.943 DEBUG --- [http-nio-8762-exec-8] com.vtu.mapper.RechargeRecordMapper.findAllByAccountId Line:143 - ==> Parameters: 12(Long), 5(Integer)
2020-12-02 23:15:20.974 DEBUG --- [http-nio-8762-exec-8] com.vtu.mapper.RechargeRecordMapper.findAllByAccountId Line:143 - <==      Total: 3
2020-12-02 23:18:51.073 DEBUG --- [http-nio-8762-exec-7] com.vtu.mapper.VipMapper.selectByVipType Line:143 - ==>  Preparing: SELECT id, vip_type, type_name , vip_detail_id,vip_id, vip_name, time_long, time_unit, com_material, material, modial_material, custom_discount,prices, invoice_type,sort_num FROM (SELECT * FROM tb_vip WHERE vip_type=?) a LEFT JOIN tb_vip_detail b ON a.id = b.vip_id ORDER BY sort_num,vip_detail_id 
2020-12-02 23:18:51.074 DEBUG --- [http-nio-8762-exec-7] com.vtu.mapper.VipMapper.selectByVipType Line:143 - ==> Parameters: 1(Long)
2020-12-02 23:18:51.090 DEBUG --- [http-nio-8762-exec-9] com.vtu.mapper.VipMapper.selectByVipType Line:143 - ==>  Preparing: SELECT id, vip_type, type_name , vip_detail_id,vip_id, vip_name, time_long, time_unit, com_material, material, modial_material, custom_discount,prices, invoice_type,sort_num FROM (SELECT * FROM tb_vip WHERE vip_type=?) a LEFT JOIN tb_vip_detail b ON a.id = b.vip_id ORDER BY sort_num,vip_detail_id 
2020-12-02 23:18:51.091 DEBUG --- [http-nio-8762-exec-9] com.vtu.mapper.VipMapper.selectByVipType Line:143 - ==> Parameters: 1(Long)
2020-12-02 23:18:51.111 DEBUG --- [http-nio-8762-exec-7] com.vtu.mapper.VipMapper.selectByVipType Line:143 - <==      Total: 12
2020-12-02 23:18:51.118 DEBUG --- [http-nio-8762-exec-6] com.vtu.mapper.WorksDownloadMapper.findAllByAccountId_COUNT Line:143 - ==>  Preparing: SELECT count(0) FROM tb_works t, tb_works_download d WHERE t.works_id = d.works_id AND d.account_id = ? 
2020-12-02 23:18:51.119 DEBUG --- [http-nio-8762-exec-6] com.vtu.mapper.WorksDownloadMapper.findAllByAccountId_COUNT Line:143 - ==> Parameters: 12(Long)
2020-12-02 23:18:51.125 DEBUG --- [http-nio-8762-exec-9] com.vtu.mapper.VipMapper.selectByVipType Line:143 - <==      Total: 12
2020-12-02 23:18:51.145 DEBUG --- [http-nio-8762-exec-6] com.vtu.mapper.WorksDownloadMapper.findAllByAccountId_COUNT Line:143 - <==      Total: 1
2020-12-02 23:18:51.147 DEBUG --- [http-nio-8762-exec-6] com.vtu.mapper.WorksDownloadMapper.findAllByAccountId Line:143 - ==>  Preparing: SELECT t.*,d.down_time from tb_works t,tb_works_download d WHERE t.works_id=d.works_id AND d.account_id=? ORDER BY d.down_time DESC LIMIT ? 
2020-12-02 23:18:51.149 DEBUG --- [http-nio-8762-exec-6] com.vtu.mapper.WorksDownloadMapper.findAllByAccountId Line:143 - ==> Parameters: 12(Long), 10(Integer)
2020-12-02 23:18:51.154 DEBUG --- [http-nio-8762-exec-4] com.vtu.mapper.RechargeRecordMapper.findAllByAccountId_COUNT Line:143 - ==>  Preparing: SELECT count(0) FROM tb_recharge_record WHERE account_id = ? 
2020-12-02 23:18:51.155 DEBUG --- [http-nio-8762-exec-4] com.vtu.mapper.RechargeRecordMapper.findAllByAccountId_COUNT Line:143 - ==> Parameters: 12(Long)
2020-12-02 23:18:51.176 DEBUG --- [http-nio-8762-exec-6] com.vtu.mapper.WorksDownloadMapper.findAllByAccountId Line:143 - <==      Total: 1
2020-12-02 23:18:51.184 DEBUG --- [http-nio-8762-exec-4] com.vtu.mapper.RechargeRecordMapper.findAllByAccountId_COUNT Line:143 - <==      Total: 1
2020-12-02 23:18:51.186 DEBUG --- [http-nio-8762-exec-4] com.vtu.mapper.RechargeRecordMapper.findAllByAccountId Line:143 - ==>  Preparing: select recharge_id, account_id, recharge_time, recharge_money from tb_recharge_record where account_id = ? LIMIT ? 
2020-12-02 23:18:51.187 DEBUG --- [http-nio-8762-exec-4] com.vtu.mapper.RechargeRecordMapper.findAllByAccountId Line:143 - ==> Parameters: 12(Long), 5(Integer)
2020-12-02 23:18:51.218 DEBUG --- [http-nio-8762-exec-4] com.vtu.mapper.RechargeRecordMapper.findAllByAccountId Line:143 - <==      Total: 3
2020-12-02 23:18:53.473 DEBUG --- [http-nio-8762-exec-5] com.vtu.mapper.CustomerMapper.selectByPrimaryKey Line:143 - ==>  Preparing: select account_id, account, password, name, phone, id_card, remain, is_vip, is_shoper, email, email_send_time,wxId, qqId,authCode,isAuth, sex,header_image_url,head_portrait_url,id_card_url,passport_url,business_liscence_url,protocol_url,shoper_type,shoper_status from tb_customer where account_id = ? 
2020-12-02 23:18:53.474 DEBUG --- [http-nio-8762-exec-5] com.vtu.mapper.CustomerMapper.selectByPrimaryKey Line:143 - ==> Parameters: 12(Long)
2020-12-02 23:18:53.505 DEBUG --- [http-nio-8762-exec-5] com.vtu.mapper.CustomerMapper.selectByPrimaryKey Line:143 - <==      Total: 1
2020-12-02 23:23:49.077 DEBUG --- [http-nio-8762-exec-10] com.vtu.mapper.CustomerMapper.selectByPrimaryKey Line:143 - ==>  Preparing: select account_id, account, password, name, phone, id_card, remain, is_vip, is_shoper, email, email_send_time,wxId, qqId,authCode,isAuth, sex,header_image_url,head_portrait_url,id_card_url,passport_url,business_liscence_url,protocol_url,shoper_type,shoper_status from tb_customer where account_id = ? 
2020-12-02 23:23:49.078 DEBUG --- [http-nio-8762-exec-10] com.vtu.mapper.CustomerMapper.selectByPrimaryKey Line:143 - ==> Parameters: 12(Long)
2020-12-02 23:23:49.110 DEBUG --- [http-nio-8762-exec-10] com.vtu.mapper.CustomerMapper.selectByPrimaryKey Line:143 - <==      Total: 1
2020-12-02 23:30:42.863 DEBUG --- [http-nio-8762-exec-7] com.vtu.mapper.VipMapper.selectByVipType Line:143 - ==>  Preparing: SELECT id, vip_type, type_name , vip_detail_id,vip_id, vip_name, time_long, time_unit, com_material, material, modial_material, custom_discount,prices, invoice_type,sort_num FROM (SELECT * FROM tb_vip WHERE vip_type=?) a LEFT JOIN tb_vip_detail b ON a.id = b.vip_id ORDER BY sort_num,vip_detail_id 
2020-12-02 23:30:42.864 DEBUG --- [http-nio-8762-exec-7] com.vtu.mapper.VipMapper.selectByVipType Line:143 - ==> Parameters: 1(Long)
2020-12-02 23:30:42.896 DEBUG --- [http-nio-8762-exec-7] com.vtu.mapper.VipMapper.selectByVipType Line:143 - <==      Total: 12
2020-12-02 23:30:42.903 DEBUG --- [http-nio-8762-exec-9] com.vtu.mapper.VipMapper.selectByVipType Line:143 - ==>  Preparing: SELECT id, vip_type, type_name , vip_detail_id,vip_id, vip_name, time_long, time_unit, com_material, material, modial_material, custom_discount,prices, invoice_type,sort_num FROM (SELECT * FROM tb_vip WHERE vip_type=?) a LEFT JOIN tb_vip_detail b ON a.id = b.vip_id ORDER BY sort_num,vip_detail_id 
2020-12-02 23:30:42.904 DEBUG --- [http-nio-8762-exec-9] com.vtu.mapper.VipMapper.selectByVipType Line:143 - ==> Parameters: 1(Long)
2020-12-02 23:30:42.938 DEBUG --- [http-nio-8762-exec-9] com.vtu.mapper.VipMapper.selectByVipType Line:143 - <==      Total: 12
2020-12-02 23:30:42.940 DEBUG --- [http-nio-8762-exec-6] com.vtu.mapper.WorksDownloadMapper.findAllByAccountId_COUNT Line:143 - ==>  Preparing: SELECT count(0) FROM tb_works t, tb_works_download d WHERE t.works_id = d.works_id AND d.account_id = ? 
2020-12-02 23:30:42.941 DEBUG --- [http-nio-8762-exec-6] com.vtu.mapper.WorksDownloadMapper.findAllByAccountId_COUNT Line:143 - ==> Parameters: 12(Long)
2020-12-02 23:30:42.975 DEBUG --- [http-nio-8762-exec-6] com.vtu.mapper.WorksDownloadMapper.findAllByAccountId_COUNT Line:143 - <==      Total: 1
2020-12-02 23:30:42.977 DEBUG --- [http-nio-8762-exec-6] com.vtu.mapper.WorksDownloadMapper.findAllByAccountId Line:143 - ==>  Preparing: SELECT t.*,d.down_time from tb_works t,tb_works_download d WHERE t.works_id=d.works_id AND d.account_id=? ORDER BY d.down_time DESC LIMIT ? 
2020-12-02 23:30:42.977 DEBUG --- [http-nio-8762-exec-6] com.vtu.mapper.WorksDownloadMapper.findAllByAccountId Line:143 - ==> Parameters: 12(Long), 10(Integer)
2020-12-02 23:30:43.008 DEBUG --- [http-nio-8762-exec-6] com.vtu.mapper.WorksDownloadMapper.findAllByAccountId Line:143 - <==      Total: 1
2020-12-02 23:30:43.009 DEBUG --- [http-nio-8762-exec-4] com.vtu.mapper.RechargeRecordMapper.findAllByAccountId_COUNT Line:143 - ==>  Preparing: SELECT count(0) FROM tb_recharge_record WHERE account_id = ? 
2020-12-02 23:30:43.010 DEBUG --- [http-nio-8762-exec-4] com.vtu.mapper.RechargeRecordMapper.findAllByAccountId_COUNT Line:143 - ==> Parameters: 12(Long)
2020-12-02 23:30:43.039 DEBUG --- [http-nio-8762-exec-4] com.vtu.mapper.RechargeRecordMapper.findAllByAccountId_COUNT Line:143 - <==      Total: 1
2020-12-02 23:30:43.041 DEBUG --- [http-nio-8762-exec-4] com.vtu.mapper.RechargeRecordMapper.findAllByAccountId Line:143 - ==>  Preparing: select recharge_id, account_id, recharge_time, recharge_money from tb_recharge_record where account_id = ? LIMIT ? 
2020-12-02 23:30:43.043 DEBUG --- [http-nio-8762-exec-4] com.vtu.mapper.RechargeRecordMapper.findAllByAccountId Line:143 - ==> Parameters: 12(Long), 5(Integer)
2020-12-02 23:30:43.072 DEBUG --- [http-nio-8762-exec-4] com.vtu.mapper.RechargeRecordMapper.findAllByAccountId Line:143 - <==      Total: 3
2020-12-02 23:31:03.433 DEBUG --- [http-nio-8762-exec-1] com.vtu.mapper.CustomerMapper.selectByPrimaryKey Line:143 - ==>  Preparing: select account_id, account, password, name, phone, id_card, remain, is_vip, is_shoper, email, email_send_time,wxId, qqId,authCode,isAuth, sex,header_image_url,head_portrait_url,id_card_url,passport_url,business_liscence_url,protocol_url,shoper_type,shoper_status from tb_customer where account_id = ? 
2020-12-02 23:31:03.434 DEBUG --- [http-nio-8762-exec-1] com.vtu.mapper.CustomerMapper.selectByPrimaryKey Line:143 - ==> Parameters: 12(Long)
2020-12-02 23:31:03.464 DEBUG --- [http-nio-8762-exec-1] com.vtu.mapper.CustomerMapper.selectByPrimaryKey Line:143 - <==      Total: 1
2020-12-02 23:35:38.985 DEBUG --- [http-nio-8762-exec-2] com.vtu.mapper.CustomerMapper.selectByPrimaryKey Line:143 - ==>  Preparing: select account_id, account, password, name, phone, id_card, remain, is_vip, is_shoper, email, email_send_time,wxId, qqId,authCode,isAuth, sex,header_image_url,head_portrait_url,id_card_url,passport_url,business_liscence_url,protocol_url,shoper_type,shoper_status from tb_customer where account_id = ? 
2020-12-02 23:35:38.986 DEBUG --- [http-nio-8762-exec-2] com.vtu.mapper.CustomerMapper.selectByPrimaryKey Line:143 - ==> Parameters: 12(Long)
2020-12-02 23:35:39.020 DEBUG --- [http-nio-8762-exec-2] com.vtu.mapper.CustomerMapper.selectByPrimaryKey Line:143 - <==      Total: 1
2020-12-02 23:36:22.859 DEBUG --- [http-nio-8762-exec-9] com.vtu.mapper.VipMapper.selectByVipType Line:143 - ==>  Preparing: SELECT id, vip_type, type_name , vip_detail_id,vip_id, vip_name, time_long, time_unit, com_material, material, modial_material, custom_discount,prices, invoice_type,sort_num FROM (SELECT * FROM tb_vip WHERE vip_type=?) a LEFT JOIN tb_vip_detail b ON a.id = b.vip_id ORDER BY sort_num,vip_detail_id 
2020-12-02 23:36:22.860 DEBUG --- [http-nio-8762-exec-9] com.vtu.mapper.VipMapper.selectByVipType Line:143 - ==> Parameters: 1(Long)
2020-12-02 23:36:22.893 DEBUG --- [http-nio-8762-exec-9] com.vtu.mapper.VipMapper.selectByVipType Line:143 - <==      Total: 12
2020-12-02 23:36:22.893 DEBUG --- [http-nio-8762-exec-6] com.vtu.mapper.WorksDownloadMapper.findAllByAccountId_COUNT Line:143 - ==>  Preparing: SELECT count(0) FROM tb_works t, tb_works_download d WHERE t.works_id = d.works_id AND d.account_id = ? 
2020-12-02 23:36:22.894 DEBUG --- [http-nio-8762-exec-6] com.vtu.mapper.WorksDownloadMapper.findAllByAccountId_COUNT Line:143 - ==> Parameters: 12(Long)
2020-12-02 23:36:22.923 DEBUG --- [http-nio-8762-exec-6] com.vtu.mapper.WorksDownloadMapper.findAllByAccountId_COUNT Line:143 - <==      Total: 1
2020-12-02 23:36:22.925 DEBUG --- [http-nio-8762-exec-6] com.vtu.mapper.WorksDownloadMapper.findAllByAccountId Line:143 - ==>  Preparing: SELECT t.*,d.down_time from tb_works t,tb_works_download d WHERE t.works_id=d.works_id AND d.account_id=? ORDER BY d.down_time DESC LIMIT ? 
2020-12-02 23:36:22.926 DEBUG --- [http-nio-8762-exec-6] com.vtu.mapper.WorksDownloadMapper.findAllByAccountId Line:143 - ==> Parameters: 12(Long), 10(Integer)
2020-12-02 23:36:22.958 DEBUG --- [http-nio-8762-exec-6] com.vtu.mapper.WorksDownloadMapper.findAllByAccountId Line:143 - <==      Total: 1
2020-12-02 23:36:22.959 DEBUG --- [http-nio-8762-exec-4] com.vtu.mapper.VipMapper.selectByVipType Line:143 - ==>  Preparing: SELECT id, vip_type, type_name , vip_detail_id,vip_id, vip_name, time_long, time_unit, com_material, material, modial_material, custom_discount,prices, invoice_type,sort_num FROM (SELECT * FROM tb_vip WHERE vip_type=?) a LEFT JOIN tb_vip_detail b ON a.id = b.vip_id ORDER BY sort_num,vip_detail_id 
2020-12-02 23:36:22.964 DEBUG --- [http-nio-8762-exec-4] com.vtu.mapper.VipMapper.selectByVipType Line:143 - ==> Parameters: 1(Long)
2020-12-02 23:36:22.999 DEBUG --- [http-nio-8762-exec-4] com.vtu.mapper.VipMapper.selectByVipType Line:143 - <==      Total: 12
2020-12-02 23:36:23.135 DEBUG --- [http-nio-8762-exec-5] com.vtu.mapper.RechargeRecordMapper.findAllByAccountId_COUNT Line:143 - ==>  Preparing: SELECT count(0) FROM tb_recharge_record WHERE account_id = ? 
2020-12-02 23:36:23.136 DEBUG --- [http-nio-8762-exec-5] com.vtu.mapper.RechargeRecordMapper.findAllByAccountId_COUNT Line:143 - ==> Parameters: 12(Long)
2020-12-02 23:36:23.165 DEBUG --- [http-nio-8762-exec-5] com.vtu.mapper.RechargeRecordMapper.findAllByAccountId_COUNT Line:143 - <==      Total: 1
2020-12-02 23:36:23.167 DEBUG --- [http-nio-8762-exec-5] com.vtu.mapper.RechargeRecordMapper.findAllByAccountId Line:143 - ==>  Preparing: select recharge_id, account_id, recharge_time, recharge_money from tb_recharge_record where account_id = ? LIMIT ? 
2020-12-02 23:36:23.169 DEBUG --- [http-nio-8762-exec-5] com.vtu.mapper.RechargeRecordMapper.findAllByAccountId Line:143 - ==> Parameters: 12(Long), 5(Integer)
2020-12-02 23:36:23.198 DEBUG --- [http-nio-8762-exec-5] com.vtu.mapper.RechargeRecordMapper.findAllByAccountId Line:143 - <==      Total: 3
2020-12-02 23:36:24.232 DEBUG --- [http-nio-8762-exec-8] com.vtu.mapper.CustomerMapper.selectByPrimaryKey Line:143 - ==>  Preparing: select account_id, account, password, name, phone, id_card, remain, is_vip, is_shoper, email, email_send_time,wxId, qqId,authCode,isAuth, sex,header_image_url,head_portrait_url,id_card_url,passport_url,business_liscence_url,protocol_url,shoper_type,shoper_status from tb_customer where account_id = ? 
2020-12-02 23:36:24.234 DEBUG --- [http-nio-8762-exec-8] com.vtu.mapper.CustomerMapper.selectByPrimaryKey Line:143 - ==> Parameters: 12(Long)
2020-12-02 23:36:24.267 DEBUG --- [http-nio-8762-exec-8] com.vtu.mapper.CustomerMapper.selectByPrimaryKey Line:143 - <==      Total: 1
2020-12-02 23:49:49.403 DEBUG --- [http-nio-8762-exec-2] com.vtu.mapper.VipMapper.selectByVipType Line:143 - ==>  Preparing: SELECT id, vip_type, type_name , vip_detail_id,vip_id, vip_name, time_long, time_unit, com_material, material, modial_material, custom_discount,prices, invoice_type,sort_num FROM (SELECT * FROM tb_vip WHERE vip_type=?) a LEFT JOIN tb_vip_detail b ON a.id = b.vip_id ORDER BY sort_num,vip_detail_id 
2020-12-02 23:49:49.405 DEBUG --- [http-nio-8762-exec-2] com.vtu.mapper.VipMapper.selectByVipType Line:143 - ==> Parameters: 1(Long)
2020-12-02 23:49:49.438 DEBUG --- [http-nio-8762-exec-2] com.vtu.mapper.VipMapper.selectByVipType Line:143 - <==      Total: 12
2020-12-02 23:49:49.443 DEBUG --- [http-nio-8762-exec-7] com.vtu.mapper.VipMapper.selectByVipType Line:143 - ==>  Preparing: SELECT id, vip_type, type_name , vip_detail_id,vip_id, vip_name, time_long, time_unit, com_material, material, modial_material, custom_discount,prices, invoice_type,sort_num FROM (SELECT * FROM tb_vip WHERE vip_type=?) a LEFT JOIN tb_vip_detail b ON a.id = b.vip_id ORDER BY sort_num,vip_detail_id 
2020-12-02 23:49:49.445 DEBUG --- [http-nio-8762-exec-7] com.vtu.mapper.VipMapper.selectByVipType Line:143 - ==> Parameters: 1(Long)
2020-12-02 23:49:49.477 DEBUG --- [http-nio-8762-exec-7] com.vtu.mapper.VipMapper.selectByVipType Line:143 - <==      Total: 12
2020-12-02 23:49:49.478 DEBUG --- [http-nio-8762-exec-9] com.vtu.mapper.WorksDownloadMapper.findAllByAccountId_COUNT Line:143 - ==>  Preparing: SELECT count(0) FROM tb_works t, tb_works_download d WHERE t.works_id = d.works_id AND d.account_id = ? 
2020-12-02 23:49:49.480 DEBUG --- [http-nio-8762-exec-9] com.vtu.mapper.WorksDownloadMapper.findAllByAccountId_COUNT Line:143 - ==> Parameters: 12(Long)
2020-12-02 23:49:49.508 DEBUG --- [http-nio-8762-exec-9] com.vtu.mapper.WorksDownloadMapper.findAllByAccountId_COUNT Line:143 - <==      Total: 1
2020-12-02 23:49:49.511 DEBUG --- [http-nio-8762-exec-9] com.vtu.mapper.WorksDownloadMapper.findAllByAccountId Line:143 - ==>  Preparing: SELECT t.*,d.down_time from tb_works t,tb_works_download d WHERE t.works_id=d.works_id AND d.account_id=? ORDER BY d.down_time DESC LIMIT ? 
2020-12-02 23:49:49.512 DEBUG --- [http-nio-8762-exec-9] com.vtu.mapper.WorksDownloadMapper.findAllByAccountId Line:143 - ==> Parameters: 12(Long), 10(Integer)
2020-12-02 23:49:49.578 DEBUG --- [http-nio-8762-exec-9] com.vtu.mapper.WorksDownloadMapper.findAllByAccountId Line:143 - <==      Total: 1
2020-12-02 23:49:49.579 DEBUG --- [http-nio-8762-exec-6] com.vtu.mapper.RechargeRecordMapper.findAllByAccountId_COUNT Line:143 - ==>  Preparing: SELECT count(0) FROM tb_recharge_record WHERE account_id = ? 
2020-12-02 23:49:49.579 DEBUG --- [http-nio-8762-exec-6] com.vtu.mapper.RechargeRecordMapper.findAllByAccountId_COUNT Line:143 - ==> Parameters: 12(Long)
2020-12-02 23:49:49.606 DEBUG --- [http-nio-8762-exec-6] com.vtu.mapper.RechargeRecordMapper.findAllByAccountId_COUNT Line:143 - <==      Total: 1
2020-12-02 23:49:49.608 DEBUG --- [http-nio-8762-exec-6] com.vtu.mapper.RechargeRecordMapper.findAllByAccountId Line:143 - ==>  Preparing: select recharge_id, account_id, recharge_time, recharge_money from tb_recharge_record where account_id = ? LIMIT ? 
2020-12-02 23:49:49.609 DEBUG --- [http-nio-8762-exec-6] com.vtu.mapper.RechargeRecordMapper.findAllByAccountId Line:143 - ==> Parameters: 12(Long), 5(Integer)
2020-12-02 23:49:49.640 DEBUG --- [http-nio-8762-exec-6] com.vtu.mapper.RechargeRecordMapper.findAllByAccountId Line:143 - <==      Total: 3
2020-12-02 23:50:44.273 DEBUG --- [http-nio-8762-exec-3] com.vtu.mapper.CustomerMapper.selectByPrimaryKey Line:143 - ==>  Preparing: select account_id, account, password, name, phone, id_card, remain, is_vip, is_shoper, email, email_send_time,wxId, qqId,authCode,isAuth, sex,header_image_url,head_portrait_url,id_card_url,passport_url,business_liscence_url,protocol_url,shoper_type,shoper_status from tb_customer where account_id = ? 
2020-12-02 23:50:44.274 DEBUG --- [http-nio-8762-exec-3] com.vtu.mapper.CustomerMapper.selectByPrimaryKey Line:143 - ==> Parameters: 12(Long)
2020-12-02 23:50:44.305 DEBUG --- [http-nio-8762-exec-3] com.vtu.mapper.CustomerMapper.selectByPrimaryKey Line:143 - <==      Total: 1
2020-12-02 23:55:31.458 DEBUG --- [http-nio-8762-exec-2] com.vtu.mapper.VipMapper.selectByVipType Line:143 - ==>  Preparing: SELECT id, vip_type, type_name , vip_detail_id,vip_id, vip_name, time_long, time_unit, com_material, material, modial_material, custom_discount,prices, invoice_type,sort_num FROM (SELECT * FROM tb_vip WHERE vip_type=?) a LEFT JOIN tb_vip_detail b ON a.id = b.vip_id ORDER BY sort_num,vip_detail_id 
2020-12-02 23:55:31.459 DEBUG --- [http-nio-8762-exec-2] com.vtu.mapper.VipMapper.selectByVipType Line:143 - ==> Parameters: 1(Long)
2020-12-02 23:55:31.489 DEBUG --- [http-nio-8762-exec-2] com.vtu.mapper.VipMapper.selectByVipType Line:143 - <==      Total: 12
2020-12-02 23:55:31.495 DEBUG --- [http-nio-8762-exec-7] com.vtu.mapper.VipMapper.selectByVipType Line:143 - ==>  Preparing: SELECT id, vip_type, type_name , vip_detail_id,vip_id, vip_name, time_long, time_unit, com_material, material, modial_material, custom_discount,prices, invoice_type,sort_num FROM (SELECT * FROM tb_vip WHERE vip_type=?) a LEFT JOIN tb_vip_detail b ON a.id = b.vip_id ORDER BY sort_num,vip_detail_id 
2020-12-02 23:55:31.498 DEBUG --- [http-nio-8762-exec-7] com.vtu.mapper.VipMapper.selectByVipType Line:143 - ==> Parameters: 1(Long)
2020-12-02 23:55:31.529 DEBUG --- [http-nio-8762-exec-7] com.vtu.mapper.VipMapper.selectByVipType Line:143 - <==      Total: 12
2020-12-02 23:55:31.536 DEBUG --- [http-nio-8762-exec-9] com.vtu.mapper.WorksDownloadMapper.findAllByAccountId_COUNT Line:143 - ==>  Preparing: SELECT count(0) FROM tb_works t, tb_works_download d WHERE t.works_id = d.works_id AND d.account_id = ? 
2020-12-02 23:55:31.537 DEBUG --- [http-nio-8762-exec-9] com.vtu.mapper.WorksDownloadMapper.findAllByAccountId_COUNT Line:143 - ==> Parameters: 12(Long)
2020-12-02 23:55:31.565 DEBUG --- [http-nio-8762-exec-9] com.vtu.mapper.WorksDownloadMapper.findAllByAccountId_COUNT Line:143 - <==      Total: 1
2020-12-02 23:55:31.568 DEBUG --- [http-nio-8762-exec-9] com.vtu.mapper.WorksDownloadMapper.findAllByAccountId Line:143 - ==>  Preparing: SELECT t.*,d.down_time from tb_works t,tb_works_download d WHERE t.works_id=d.works_id AND d.account_id=? ORDER BY d.down_time DESC LIMIT ? 
2020-12-02 23:55:31.569 DEBUG --- [http-nio-8762-exec-9] com.vtu.mapper.WorksDownloadMapper.findAllByAccountId Line:143 - ==> Parameters: 12(Long), 10(Integer)
2020-12-02 23:55:31.600 DEBUG --- [http-nio-8762-exec-9] com.vtu.mapper.WorksDownloadMapper.findAllByAccountId Line:143 - <==      Total: 1
2020-12-02 23:55:31.686 DEBUG --- [http-nio-8762-exec-6] com.vtu.mapper.RechargeRecordMapper.findAllByAccountId_COUNT Line:143 - ==>  Preparing: SELECT count(0) FROM tb_recharge_record WHERE account_id = ? 
2020-12-02 23:55:31.687 DEBUG --- [http-nio-8762-exec-6] com.vtu.mapper.RechargeRecordMapper.findAllByAccountId_COUNT Line:143 - ==> Parameters: 12(Long)
2020-12-02 23:55:31.713 DEBUG --- [http-nio-8762-exec-6] com.vtu.mapper.RechargeRecordMapper.findAllByAccountId_COUNT Line:143 - <==      Total: 1
2020-12-02 23:55:31.716 DEBUG --- [http-nio-8762-exec-6] com.vtu.mapper.RechargeRecordMapper.findAllByAccountId Line:143 - ==>  Preparing: select recharge_id, account_id, recharge_time, recharge_money from tb_recharge_record where account_id = ? LIMIT ? 
2020-12-02 23:55:31.717 DEBUG --- [http-nio-8762-exec-6] com.vtu.mapper.RechargeRecordMapper.findAllByAccountId Line:143 - ==> Parameters: 12(Long), 5(Integer)
2020-12-02 23:55:31.744 DEBUG --- [http-nio-8762-exec-6] com.vtu.mapper.RechargeRecordMapper.findAllByAccountId Line:143 - <==      Total: 3
2020-12-02 23:55:34.425 DEBUG --- [http-nio-8762-exec-4] com.vtu.mapper.VipMapper.selectByVipType Line:143 - ==>  Preparing: SELECT id, vip_type, type_name , vip_detail_id,vip_id, vip_name, time_long, time_unit, com_material, material, modial_material, custom_discount,prices, invoice_type,sort_num FROM (SELECT * FROM tb_vip WHERE vip_type=?) a LEFT JOIN tb_vip_detail b ON a.id = b.vip_id ORDER BY sort_num,vip_detail_id 
2020-12-02 23:55:34.426 DEBUG --- [http-nio-8762-exec-4] com.vtu.mapper.VipMapper.selectByVipType Line:143 - ==> Parameters: 1(Long)
2020-12-02 23:55:34.428 DEBUG --- [http-nio-8762-exec-5] com.vtu.mapper.CustomerMapper.selectByPrimaryKey Line:143 - ==>  Preparing: select account_id, account, password, name, phone, id_card, remain, is_vip, is_shoper, email, email_send_time,wxId, qqId,authCode,isAuth, sex,header_image_url,head_portrait_url,id_card_url,passport_url,business_liscence_url,protocol_url,shoper_type,shoper_status from tb_customer where account_id = ? 
2020-12-02 23:55:34.429 DEBUG --- [http-nio-8762-exec-5] com.vtu.mapper.CustomerMapper.selectByPrimaryKey Line:143 - ==> Parameters: 12(Long)
2020-12-02 23:55:34.455 DEBUG --- [http-nio-8762-exec-5] com.vtu.mapper.CustomerMapper.selectByPrimaryKey Line:143 - <==      Total: 1
2020-12-02 23:55:34.456 DEBUG --- [http-nio-8762-exec-4] com.vtu.mapper.VipMapper.selectByVipType Line:143 - <==      Total: 12
2020-12-02 23:56:12.302 DEBUG --- [http-nio-8762-exec-1] com.vtu.mapper.CustomerMapper.selectByPrimaryKey Line:143 - ==>  Preparing: select account_id, account, password, name, phone, id_card, remain, is_vip, is_shoper, email, email_send_time,wxId, qqId,authCode,isAuth, sex,header_image_url,head_portrait_url,id_card_url,passport_url,business_liscence_url,protocol_url,shoper_type,shoper_status from tb_customer where account_id = ? 
2020-12-02 23:56:12.302 DEBUG --- [http-nio-8762-exec-2] com.vtu.mapper.VipMapper.selectByVipType Line:143 - ==>  Preparing: SELECT id, vip_type, type_name , vip_detail_id,vip_id, vip_name, time_long, time_unit, com_material, material, modial_material, custom_discount,prices, invoice_type,sort_num FROM (SELECT * FROM tb_vip WHERE vip_type=?) a LEFT JOIN tb_vip_detail b ON a.id = b.vip_id ORDER BY sort_num,vip_detail_id 
2020-12-02 23:56:12.303 DEBUG --- [http-nio-8762-exec-1] com.vtu.mapper.CustomerMapper.selectByPrimaryKey Line:143 - ==> Parameters: 12(Long)
2020-12-02 23:56:12.303 DEBUG --- [http-nio-8762-exec-2] com.vtu.mapper.VipMapper.selectByVipType Line:143 - ==> Parameters: 1(Long)
2020-12-02 23:56:12.330 DEBUG --- [http-nio-8762-exec-1] com.vtu.mapper.CustomerMapper.selectByPrimaryKey Line:143 - <==      Total: 1
2020-12-02 23:56:12.333 DEBUG --- [http-nio-8762-exec-2] com.vtu.mapper.VipMapper.selectByVipType Line:143 - <==      Total: 12
