2020-05-30 00:12:13.677 DEBUG --- [http-nio-8762-exec-4] com.vtu.mapper.WorksMapper.selectByAccountId Line:143 - ==>  Preparing: SELECT * FROM tb_works WHERE status LIKE concat('%',?,'%') and account_id LIKE concat('%', ?,'%') and type LIKE concat('%', ?,'%') 
2020-05-30 00:12:13.681 DEBUG --- [http-nio-8762-exec-4] com.vtu.mapper.WorksMapper.selectByAccountId Line:143 - ==> Parameters: refer(String), 12(Long), 3(String)
2020-05-30 00:12:13.721 DEBUG --- [http-nio-8762-exec-4] com.vtu.mapper.WorksMapper.selectByAccountId Line:143 - <==      Total: 2
2020-05-30 00:12:13.723 DEBUG --- [http-nio-8762-exec-3] com.vtu.mapper.WorksMapper.selectByAccountId Line:143 - ==>  Preparing: SELECT * FROM tb_works WHERE status LIKE concat('%',?,'%') and account_id LIKE concat('%', ?,'%') and type LIKE concat('%', ?,'%') 
2020-05-30 00:12:13.729 DEBUG --- [http-nio-8762-exec-3] com.vtu.mapper.WorksMapper.selectByAccountId Line:143 - ==> Parameters: refer(String), 12(Long), 2(String)
2020-05-30 00:12:13.771 DEBUG --- [http-nio-8762-exec-3] com.vtu.mapper.WorksMapper.selectByAccountId Line:143 - <==      Total: 1
2020-05-30 00:12:13.773 DEBUG --- [http-nio-8762-exec-6] com.vtu.mapper.WorksMapper.selectByAccountId Line:143 - ==>  Preparing: SELECT * FROM tb_works WHERE status LIKE concat('%',?,'%') and account_id LIKE concat('%', ?,'%') and type LIKE concat('%', ?,'%') 
2020-05-30 00:12:13.775 DEBUG --- [http-nio-8762-exec-6] com.vtu.mapper.WorksMapper.selectByAccountId Line:143 - ==> Parameters: refer(String), 12(Long), 1(String)
2020-05-30 00:12:13.817 DEBUG --- [http-nio-8762-exec-6] com.vtu.mapper.WorksMapper.selectByAccountId Line:143 - <==      Total: 0
2020-05-30 00:12:15.953 DEBUG --- [http-nio-8762-exec-9] com.vtu.mapper.WorksMapper.getWorksById Line:143 - ==>  Preparing: SELECT * FROM tb_works WHERE works_id = ? 
2020-05-30 00:12:15.954 DEBUG --- [http-nio-8762-exec-9] com.vtu.mapper.WorksMapper.getWorksById Line:143 - ==> Parameters: 163(String)
2020-05-30 00:12:15.993 DEBUG --- [http-nio-8762-exec-9] com.vtu.mapper.WorksMapper.getWorksById Line:143 - <==      Total: 1
2020-05-30 00:22:01.877 DEBUG --- [http-nio-8762-exec-10] com.vtu.mapper.WorksMapper.selectByAccountId Line:143 - ==>  Preparing: SELECT * FROM tb_works WHERE status LIKE concat('%',?,'%') and account_id LIKE concat('%', ?,'%') and type LIKE concat('%', ?,'%') 
2020-05-30 00:22:01.880 DEBUG --- [http-nio-8762-exec-10] com.vtu.mapper.WorksMapper.selectByAccountId Line:143 - ==> Parameters: refer(String), 12(Long), 3(String)
2020-05-30 00:22:01.921 DEBUG --- [http-nio-8762-exec-10] com.vtu.mapper.WorksMapper.selectByAccountId Line:143 - <==      Total: 2
2020-05-30 00:22:01.929 DEBUG --- [http-nio-8762-exec-7] com.vtu.mapper.WorksMapper.selectByAccountId Line:143 - ==>  Preparing: SELECT * FROM tb_works WHERE status LIKE concat('%',?,'%') and account_id LIKE concat('%', ?,'%') and type LIKE concat('%', ?,'%') 
2020-05-30 00:22:01.932 DEBUG --- [http-nio-8762-exec-7] com.vtu.mapper.WorksMapper.selectByAccountId Line:143 - ==> Parameters: refer(String), 12(Long), 1(String)
2020-05-30 00:22:01.998 DEBUG --- [http-nio-8762-exec-7] com.vtu.mapper.WorksMapper.selectByAccountId Line:143 - <==      Total: 0
2020-05-30 00:22:02.000 DEBUG --- [http-nio-8762-exec-8] com.vtu.mapper.WorksMapper.selectByAccountId Line:143 - ==>  Preparing: SELECT * FROM tb_works WHERE status LIKE concat('%',?,'%') and account_id LIKE concat('%', ?,'%') and type LIKE concat('%', ?,'%') 
2020-05-30 00:22:02.010 DEBUG --- [http-nio-8762-exec-8] com.vtu.mapper.WorksMapper.selectByAccountId Line:143 - ==> Parameters: refer(String), 12(Long), 2(String)
2020-05-30 00:22:02.050 DEBUG --- [http-nio-8762-exec-8] com.vtu.mapper.WorksMapper.selectByAccountId Line:143 - <==      Total: 1
2020-05-30 00:22:04.950 DEBUG --- [http-nio-8762-exec-5] com.vtu.mapper.WorksMapper.getWorksById Line:143 - ==>  Preparing: SELECT * FROM tb_works WHERE works_id = ? 
2020-05-30 00:22:04.951 DEBUG --- [http-nio-8762-exec-5] com.vtu.mapper.WorksMapper.getWorksById Line:143 - ==> Parameters: 163(String)
2020-05-30 00:22:04.995 DEBUG --- [http-nio-8762-exec-5] com.vtu.mapper.WorksMapper.getWorksById Line:143 - <==      Total: 1
2020-05-30 00:23:06.150 DEBUG --- [http-nio-8762-exec-9] com.vtu.mapper.CustomerMapper.selectByAuthCode Line:143 - ==>  Preparing: select account_id, account, password, name, phone, id_card, remain, is_vip, is_shoper, email, email_send_time,wxId, qqId,authCode,isAuth,sex,head_portrait_url from tb_customer where authCode = ? 
2020-05-30 00:23:06.162 DEBUG --- [http-nio-8762-exec-9] com.vtu.mapper.CustomerMapper.selectByAuthCode Line:143 - ==> Parameters: 1234(String)
2020-05-30 00:23:06.206 DEBUG --- [http-nio-8762-exec-9] com.vtu.mapper.CustomerMapper.selectByAuthCode Line:143 - <==      Total: 1
2020-05-30 00:23:06.215 DEBUG --- [http-nio-8762-exec-9] com.vtu.mapper.CustomerVipMapper.selectByAccountId Line:143 - ==>  Preparing: select id, account_id, vip_detail_id, start_time, end_time, is_vip from tb_customer_vip where account_id = ? 
2020-05-30 00:23:06.218 DEBUG --- [http-nio-8762-exec-9] com.vtu.mapper.CustomerVipMapper.selectByAccountId Line:143 - ==> Parameters: 12(Long)
2020-05-30 00:23:06.258 DEBUG --- [http-nio-8762-exec-9] com.vtu.mapper.CustomerVipMapper.selectByAccountId Line:143 - <==      Total: 0
2020-05-30 00:23:06.262 DEBUG --- [http-nio-8762-exec-9] com.vtu.mapper.CustomerMapper.updateByPrimaryKey Line:143 - ==>  Preparing: update tb_customer set account = ?, password = ?, name = ?, sex = ?, phone = ?, id_card = ?, remain = ?, is_vip = ?, is_shoper = ?, email = ?, email_send_time = ?, wxId = ?, qqId = ?, authCode = ?, isAuth = ?, head_portrait_url = ? where account_id = ? 
2020-05-30 00:23:06.265 DEBUG --- [http-nio-8762-exec-9] com.vtu.mapper.CustomerMapper.updateByPrimaryKey Line:143 - ==> Parameters: VT20191105001621984(String), null, whh(String), 男(String), 1511485465235(String), null, null, null, null, 35114854657@163.com(String), 2019-11-05 00:16:21:982(String), null, null, 1234(String), true(String), blog/2020-05-05/cf7d92441aae405e9462d96f88587db8-image_00002.jpg(String), 12(Long)
2020-05-30 00:23:06.343 DEBUG --- [http-nio-8762-exec-9] com.vtu.mapper.CustomerMapper.updateByPrimaryKey Line:143 - <==    Updates: 1
2020-05-30 00:23:09.536 DEBUG --- [http-nio-8762-exec-2] com.vtu.mapper.WorksMapper.getWorksByCondition_COUNT Line:143 - ==>  Preparing: SELECT count(0) FROM tb_works w WHERE w.status LIKE concat('%', ?, '%') AND w.type LIKE concat('%', ?, '%') 
2020-05-30 00:23:09.540 DEBUG --- [http-nio-8762-exec-2] com.vtu.mapper.WorksMapper.getWorksByCondition_COUNT Line:143 - ==> Parameters: pass(String), 1(String)
2020-05-30 00:23:09.587 DEBUG --- [http-nio-8762-exec-2] com.vtu.mapper.WorksMapper.getWorksByCondition_COUNT Line:143 - <==      Total: 1
2020-05-30 00:23:09.599 DEBUG --- [http-nio-8762-exec-2] com.vtu.mapper.WorksMapper.getWorksByCondition Line:143 - ==>  Preparing: SELECT w.* FROM tb_works w WHERE w.status LIKE concat('%',?,'%') and w.type LIKE concat('%',?,'%') ORDER BY w.works_id desc LIMIT ? 
2020-05-30 00:23:09.603 DEBUG --- [http-nio-8762-exec-2] com.vtu.mapper.WorksMapper.getWorksByCondition Line:143 - ==> Parameters: pass(String), 1(String), 4(Integer)
2020-05-30 00:23:09.648 DEBUG --- [http-nio-8762-exec-2] com.vtu.mapper.WorksMapper.getWorksByCondition Line:143 - <==      Total: 4
2020-05-30 00:24:15.234 DEBUG --- [http-nio-8762-exec-10] com.vtu.mapper.WorksMapper.selectByAccountId Line:143 - ==>  Preparing: SELECT * FROM tb_works WHERE status LIKE concat('%',?,'%') and account_id LIKE concat('%', ?,'%') and type LIKE concat('%', ?,'%') 
2020-05-30 00:24:15.686 DEBUG --- [http-nio-8762-exec-10] com.vtu.mapper.WorksMapper.selectByAccountId Line:143 - ==> Parameters: refer(String), 12(Long), 1(String)
2020-05-30 00:24:15.693 DEBUG --- [http-nio-8762-exec-7] com.vtu.mapper.WorksMapper.selectByAccountId Line:143 - ==>  Preparing: SELECT * FROM tb_works WHERE status LIKE concat('%',?,'%') and account_id LIKE concat('%', ?,'%') and type LIKE concat('%', ?,'%') 
2020-05-30 00:24:15.696 DEBUG --- [http-nio-8762-exec-7] com.vtu.mapper.WorksMapper.selectByAccountId Line:143 - ==> Parameters: refer(String), 12(Long), 2(String)
2020-05-30 00:24:15.751 DEBUG --- [http-nio-8762-exec-7] com.vtu.mapper.WorksMapper.selectByAccountId Line:143 - <==      Total: 1
2020-05-30 00:24:15.749 DEBUG --- [http-nio-8762-exec-10] com.vtu.mapper.WorksMapper.selectByAccountId Line:143 - <==      Total: 0
2020-05-30 00:24:15.774 DEBUG --- [http-nio-8762-exec-8] com.vtu.mapper.WorksMapper.selectByAccountId Line:143 - ==>  Preparing: SELECT * FROM tb_works WHERE status LIKE concat('%',?,'%') and account_id LIKE concat('%', ?,'%') and type LIKE concat('%', ?,'%') 
2020-05-30 00:24:15.785 DEBUG --- [http-nio-8762-exec-8] com.vtu.mapper.WorksMapper.selectByAccountId Line:143 - ==> Parameters: refer(String), 12(Long), 3(String)
2020-05-30 00:24:15.833 DEBUG --- [http-nio-8762-exec-8] com.vtu.mapper.WorksMapper.selectByAccountId Line:143 - <==      Total: 2
2020-05-30 00:24:19.666 DEBUG --- [http-nio-8762-exec-5] com.vtu.mapper.WorksMapper.getWorksById Line:143 - ==>  Preparing: SELECT * FROM tb_works WHERE works_id = ? 
2020-05-30 00:24:19.674 DEBUG --- [http-nio-8762-exec-5] com.vtu.mapper.WorksMapper.getWorksById Line:143 - ==> Parameters: 163(String)
2020-05-30 00:24:19.724 DEBUG --- [http-nio-8762-exec-5] com.vtu.mapper.WorksMapper.getWorksById Line:143 - <==      Total: 1
2020-05-30 00:30:43.328 DEBUG --- [http-nio-8762-exec-9] com.vtu.mapper.CustomerMapper.selectByAuthCode Line:143 - ==>  Preparing: select account_id, account, password, name, phone, id_card, remain, is_vip, is_shoper, email, email_send_time,wxId, qqId,authCode,isAuth,sex,head_portrait_url from tb_customer where authCode = ? 
2020-05-30 00:30:43.393 DEBUG --- [http-nio-8762-exec-9] com.vtu.mapper.CustomerMapper.selectByAuthCode Line:143 - ==> Parameters: 1234(String)
2020-05-30 00:30:44.961 DEBUG --- [http-nio-8762-exec-9] com.vtu.mapper.CustomerMapper.selectByAuthCode Line:143 - <==      Total: 1
2020-05-30 00:30:45.279 DEBUG --- [http-nio-8762-exec-9] com.vtu.mapper.CustomerVipMapper.selectByAccountId Line:143 - ==>  Preparing: select id, account_id, vip_detail_id, start_time, end_time, is_vip from tb_customer_vip where account_id = ? 
2020-05-30 00:30:45.320 DEBUG --- [http-nio-8762-exec-9] com.vtu.mapper.CustomerVipMapper.selectByAccountId Line:143 - ==> Parameters: 12(Long)
2020-05-30 00:30:46.775 DEBUG --- [http-nio-8762-exec-9] com.vtu.mapper.CustomerVipMapper.selectByAccountId Line:143 - <==      Total: 0
2020-05-30 00:30:46.821 DEBUG --- [http-nio-8762-exec-9] com.vtu.mapper.CustomerMapper.updateByPrimaryKey Line:143 - ==>  Preparing: update tb_customer set account = ?, password = ?, name = ?, sex = ?, phone = ?, id_card = ?, remain = ?, is_vip = ?, is_shoper = ?, email = ?, email_send_time = ?, wxId = ?, qqId = ?, authCode = ?, isAuth = ?, head_portrait_url = ? where account_id = ? 
2020-05-30 00:30:46.844 DEBUG --- [http-nio-8762-exec-9] com.vtu.mapper.CustomerMapper.updateByPrimaryKey Line:143 - ==> Parameters: VT20191105001621984(String), null, whh(String), 男(String), 1511485465235(String), null, null, null, null, 35114854657@163.com(String), 2019-11-05 00:16:21:982(String), null, null, 1234(String), true(String), blog/2020-05-05/cf7d92441aae405e9462d96f88587db8-image_00002.jpg(String), 12(Long)
2020-05-30 00:30:47.004 DEBUG --- [http-nio-8762-exec-9] com.vtu.mapper.CustomerMapper.updateByPrimaryKey Line:143 - <==    Updates: 1
2020-05-30 00:30:49.438 DEBUG --- [http-nio-8762-exec-2] com.vtu.mapper.CustomerMapper.selectByAuthCode Line:143 - ==>  Preparing: select account_id, account, password, name, phone, id_card, remain, is_vip, is_shoper, email, email_send_time,wxId, qqId,authCode,isAuth,sex,head_portrait_url from tb_customer where authCode = ? 
2020-05-30 00:30:50.324 DEBUG --- [http-nio-8762-exec-2] com.vtu.mapper.CustomerMapper.selectByAuthCode Line:143 - ==> Parameters: 1234(String)
2020-05-30 00:30:50.470 DEBUG --- [http-nio-8762-exec-2] com.vtu.mapper.CustomerMapper.selectByAuthCode Line:143 - <==      Total: 1
2020-05-30 00:30:50.519 DEBUG --- [http-nio-8762-exec-2] com.vtu.mapper.CustomerVipMapper.selectByAccountId Line:143 - ==>  Preparing: select id, account_id, vip_detail_id, start_time, end_time, is_vip from tb_customer_vip where account_id = ? 
2020-05-30 00:30:50.525 DEBUG --- [http-nio-8762-exec-2] com.vtu.mapper.CustomerVipMapper.selectByAccountId Line:143 - ==> Parameters: 12(Long)
2020-05-30 00:30:50.611 DEBUG --- [http-nio-8762-exec-2] com.vtu.mapper.CustomerVipMapper.selectByAccountId Line:143 - <==      Total: 0
2020-05-30 00:30:50.625 DEBUG --- [http-nio-8762-exec-2] com.vtu.mapper.CustomerMapper.updateByPrimaryKey Line:143 - ==>  Preparing: update tb_customer set account = ?, password = ?, name = ?, sex = ?, phone = ?, id_card = ?, remain = ?, is_vip = ?, is_shoper = ?, email = ?, email_send_time = ?, wxId = ?, qqId = ?, authCode = ?, isAuth = ?, head_portrait_url = ? where account_id = ? 
2020-05-30 00:30:50.678 DEBUG --- [http-nio-8762-exec-2] com.vtu.mapper.CustomerMapper.updateByPrimaryKey Line:143 - ==> Parameters: VT20191105001621984(String), null, whh(String), 男(String), 1511485465235(String), null, null, null, null, 35114854657@163.com(String), 2019-11-05 00:16:21:982(String), null, null, 1234(String), true(String), blog/2020-05-05/cf7d92441aae405e9462d96f88587db8-image_00002.jpg(String), 12(Long)
2020-05-30 00:30:50.857 DEBUG --- [http-nio-8762-exec-2] com.vtu.mapper.CustomerMapper.updateByPrimaryKey Line:143 - <==    Updates: 1
2020-05-30 00:30:59.324 DEBUG --- [http-nio-8762-exec-1] com.vtu.mapper.CustomerMapper.selectByAuthCode Line:143 - ==>  Preparing: select account_id, account, password, name, phone, id_card, remain, is_vip, is_shoper, email, email_send_time,wxId, qqId,authCode,isAuth,sex,head_portrait_url from tb_customer where authCode = ? 
2020-05-30 00:30:59.329 DEBUG --- [http-nio-8762-exec-1] com.vtu.mapper.CustomerMapper.selectByAuthCode Line:143 - ==> Parameters: 1234(String)
2020-05-30 00:30:59.378 DEBUG --- [http-nio-8762-exec-1] com.vtu.mapper.CustomerMapper.selectByAuthCode Line:143 - <==      Total: 1
2020-05-30 00:30:59.386 DEBUG --- [http-nio-8762-exec-1] com.vtu.mapper.CustomerVipMapper.selectByAccountId Line:143 - ==>  Preparing: select id, account_id, vip_detail_id, start_time, end_time, is_vip from tb_customer_vip where account_id = ? 
2020-05-30 00:30:59.400 DEBUG --- [http-nio-8762-exec-1] com.vtu.mapper.CustomerVipMapper.selectByAccountId Line:143 - ==> Parameters: 12(Long)
2020-05-30 00:30:59.441 DEBUG --- [http-nio-8762-exec-1] com.vtu.mapper.CustomerVipMapper.selectByAccountId Line:143 - <==      Total: 0
2020-05-30 00:30:59.530 DEBUG --- [http-nio-8762-exec-1] com.vtu.mapper.CustomerMapper.updateByPrimaryKey Line:143 - ==>  Preparing: update tb_customer set account = ?, password = ?, name = ?, sex = ?, phone = ?, id_card = ?, remain = ?, is_vip = ?, is_shoper = ?, email = ?, email_send_time = ?, wxId = ?, qqId = ?, authCode = ?, isAuth = ?, head_portrait_url = ? where account_id = ? 
2020-05-30 00:30:59.536 DEBUG --- [http-nio-8762-exec-1] com.vtu.mapper.CustomerMapper.updateByPrimaryKey Line:143 - ==> Parameters: VT20191105001621984(String), null, whh(String), 男(String), 1511485465235(String), null, null, null, null, 35114854657@163.com(String), 2019-11-05 00:16:21:982(String), null, null, 1234(String), true(String), blog/2020-05-05/cf7d92441aae405e9462d96f88587db8-image_00002.jpg(String), 12(Long)
2020-05-30 00:30:59.616 DEBUG --- [http-nio-8762-exec-1] com.vtu.mapper.CustomerMapper.updateByPrimaryKey Line:143 - <==    Updates: 1
2020-05-30 00:36:20.516 DEBUG --- [http-nio-8762-exec-7] com.vtu.mapper.WorksMapper.getWorksByCondition_COUNT Line:143 - ==>  Preparing: SELECT count(0) FROM tb_works w WHERE w.status LIKE concat('%', ?, '%') AND w.type LIKE concat('%', ?, '%') 
2020-05-30 00:36:20.521 DEBUG --- [http-nio-8762-exec-7] com.vtu.mapper.WorksMapper.getWorksByCondition_COUNT Line:143 - ==> Parameters: pass(String), 1(String)
2020-05-30 00:36:20.560 DEBUG --- [http-nio-8762-exec-7] com.vtu.mapper.WorksMapper.getWorksByCondition_COUNT Line:143 - <==      Total: 1
2020-05-30 00:36:20.565 DEBUG --- [http-nio-8762-exec-7] com.vtu.mapper.WorksMapper.getWorksByCondition Line:143 - ==>  Preparing: SELECT w.* FROM tb_works w WHERE w.status LIKE concat('%',?,'%') and w.type LIKE concat('%',?,'%') ORDER BY w.works_id desc LIMIT ? 
2020-05-30 00:36:20.569 DEBUG --- [http-nio-8762-exec-7] com.vtu.mapper.WorksMapper.getWorksByCondition Line:143 - ==> Parameters: pass(String), 1(String), 4(Integer)
2020-05-30 00:36:20.618 DEBUG --- [http-nio-8762-exec-7] com.vtu.mapper.WorksMapper.getWorksByCondition Line:143 - <==      Total: 4
2020-05-30 00:39:29.847 DEBUG --- [http-nio-8762-exec-5] com.vtu.mapper.WorksMapper.selectByAccountId Line:143 - ==>  Preparing: SELECT * FROM tb_works WHERE status LIKE concat('%',?,'%') and account_id LIKE concat('%', ?,'%') and type LIKE concat('%', ?,'%') 
2020-05-30 00:39:29.848 DEBUG --- [http-nio-8762-exec-5] com.vtu.mapper.WorksMapper.selectByAccountId Line:143 - ==> Parameters: refer(String), 12(Long), 3(String)
2020-05-30 00:39:29.905 DEBUG --- [http-nio-8762-exec-5] com.vtu.mapper.WorksMapper.selectByAccountId Line:143 - <==      Total: 2
2020-05-30 00:39:29.909 DEBUG --- [http-nio-8762-exec-4] com.vtu.mapper.WorksMapper.selectByAccountId Line:143 - ==>  Preparing: SELECT * FROM tb_works WHERE status LIKE concat('%',?,'%') and account_id LIKE concat('%', ?,'%') and type LIKE concat('%', ?,'%') 
2020-05-30 00:39:29.912 DEBUG --- [http-nio-8762-exec-4] com.vtu.mapper.WorksMapper.selectByAccountId Line:143 - ==> Parameters: refer(String), 12(Long), 1(String)
2020-05-30 00:39:29.955 DEBUG --- [http-nio-8762-exec-4] com.vtu.mapper.WorksMapper.selectByAccountId Line:143 - <==      Total: 0
2020-05-30 00:39:29.963 DEBUG --- [http-nio-8762-exec-3] com.vtu.mapper.WorksMapper.selectByAccountId Line:143 - ==>  Preparing: SELECT * FROM tb_works WHERE status LIKE concat('%',?,'%') and account_id LIKE concat('%', ?,'%') and type LIKE concat('%', ?,'%') 
2020-05-30 00:39:29.966 DEBUG --- [http-nio-8762-exec-3] com.vtu.mapper.WorksMapper.selectByAccountId Line:143 - ==> Parameters: refer(String), 12(Long), 2(String)
2020-05-30 00:39:30.008 DEBUG --- [http-nio-8762-exec-3] com.vtu.mapper.WorksMapper.selectByAccountId Line:143 - <==      Total: 1
2020-05-30 00:39:54.421 DEBUG --- [http-nio-8762-exec-1] com.vtu.mapper.WorksMapper.getWorksById Line:143 - ==>  Preparing: SELECT * FROM tb_works WHERE works_id = ? 
2020-05-30 00:39:54.423 DEBUG --- [http-nio-8762-exec-1] com.vtu.mapper.WorksMapper.getWorksById Line:143 - ==> Parameters: 163(String)
2020-05-30 00:39:54.464 DEBUG --- [http-nio-8762-exec-1] com.vtu.mapper.WorksMapper.getWorksById Line:143 - <==      Total: 1
