2020-03-23 23:06:42.517 DEBUG --- [restartedMain] org.apache.ibatis.logging.LogFactory Line:105 - Logging initialized using 'class org.apache.ibatis.logging.slf4j.Slf4jImpl' adapter.
2020-03-23 23:07:28.338 DEBUG --- [http-nio-8762-exec-1] com.vtu.mapper.CustomerMapper.selectByAuthCode Line:143 - ==>  Preparing: select account_id, account, password, name, phone, id_card, remain, is_vip, is_shoper, email, email_send_time,wxId, qqId,authCode,isAuth,sex from tb_customer where authCode = ? 
2020-03-23 23:07:28.369 DEBUG --- [http-nio-8762-exec-1] com.vtu.mapper.CustomerMapper.selectByAuthCode Line:143 - ==> Parameters: 1234(String)
2020-03-23 23:07:28.475 DEBUG --- [http-nio-8762-exec-1] com.vtu.mapper.CustomerMapper.selectByAuthCode Line:143 - <==      Total: 1
2020-03-23 23:07:28.479 DEBUG --- [http-nio-8762-exec-1] com.vtu.mapper.CustomerVipMapper.selectByAccountId Line:143 - ==>  Preparing: select id, account_id, vip_detail_id, start_time, end_time, is_vip from tb_customer_vip where account_id = ? 
2020-03-23 23:07:28.481 DEBUG --- [http-nio-8762-exec-1] com.vtu.mapper.CustomerVipMapper.selectByAccountId Line:143 - ==> Parameters: 12(Long)
2020-03-23 23:07:28.510 DEBUG --- [http-nio-8762-exec-1] com.vtu.mapper.CustomerVipMapper.selectByAccountId Line:143 - <==      Total: 0
2020-03-23 23:07:28.511 DEBUG --- [http-nio-8762-exec-1] com.vtu.mapper.CustomerMapper.updateByPrimaryKey Line:143 - ==>  Preparing: update tb_customer set account = ?, password = ?, name = ?, sex = ?, phone = ?, id_card = ?, remain = ?, is_vip = ?, is_shoper = ?, email = ?, email_send_time = ?, wxId = ?, qqId = ?, authCode = ?, isAuth = ? where account_id = ? 
2020-03-23 23:07:28.513 DEBUG --- [http-nio-8762-exec-1] com.vtu.mapper.CustomerMapper.updateByPrimaryKey Line:143 - ==> Parameters: VT20200124153831154(String), null, 视频大师(String), null, null, null, null, null, null, 123213(String), 2020-01-24 15:38:31:154(String), null, null, 1234(String), true(String), 12(Long)
2020-03-23 23:07:28.569 DEBUG --- [http-nio-8762-exec-1] com.vtu.mapper.CustomerMapper.updateByPrimaryKey Line:143 - <==    Updates: 1
2020-03-23 23:07:31.782 DEBUG --- [http-nio-8762-exec-2] com.vtu.mapper.WorksMapper.findAuditingWorks_COUNT Line:143 - ==>  Preparing: SELECT count(0) FROM tb_works w LEFT JOIN tb_works_url u ON w.works_id = u.works_id WHERE w.works_status LIKE concat('%', ?, '%') 
2020-03-23 23:07:31.785 DEBUG --- [http-nio-8762-exec-2] com.vtu.mapper.WorksMapper.findAuditingWorks_COUNT Line:143 - ==> Parameters: pass(String)
2020-03-23 23:07:31.814 DEBUG --- [http-nio-8762-exec-2] com.vtu.mapper.WorksMapper.findAuditingWorks_COUNT Line:143 - <==      Total: 1
2020-03-23 23:07:31.817 DEBUG --- [http-nio-8762-exec-2] com.vtu.mapper.WorksMapper.findAuditingWorks Line:143 - ==>  Preparing: SELECT w.works_id, w.works_title, w.works_desc, w.price,w.key_word, w.types_id,w.works_status,w.colorSytem,w.works_duration,channel,version, u.works_url_id,u.works_id, u.works_url,u.works_md5,u.works_name,u.works_size,u.compress_url,u.preview_url,u.synthesis_url FROM tb_works w LEFT JOIN tb_works_url u ON w.works_id = u.works_id WHERE w.works_status LIKE concat('%',?,'%') ORDER BY w.works_id desc LIMIT ? 
2020-03-23 23:07:31.819 DEBUG --- [http-nio-8762-exec-2] com.vtu.mapper.WorksMapper.findAuditingWorks Line:143 - ==> Parameters: pass(String), 4(Integer)
2020-03-23 23:07:31.852 DEBUG --- [http-nio-8762-exec-2] com.vtu.mapper.WorksMapper.findAuditingWorks Line:143 - <==      Total: 2
2020-03-23 23:07:35.470 DEBUG --- [http-nio-8762-exec-3] com.vtu.mapper.WorksMapper.findAuditingWorks_COUNT Line:143 - ==>  Preparing: SELECT count(0) FROM tb_works w LEFT JOIN tb_works_url u ON w.works_id = u.works_id WHERE w.works_status LIKE concat('%', ?, '%') 
2020-03-23 23:07:35.471 DEBUG --- [http-nio-8762-exec-3] com.vtu.mapper.WorksMapper.findAuditingWorks_COUNT Line:143 - ==> Parameters: pass(String)
2020-03-23 23:07:35.501 DEBUG --- [http-nio-8762-exec-3] com.vtu.mapper.WorksMapper.findAuditingWorks_COUNT Line:143 - <==      Total: 1
2020-03-23 23:07:35.503 DEBUG --- [http-nio-8762-exec-3] com.vtu.mapper.WorksMapper.findAuditingWorks Line:143 - ==>  Preparing: SELECT w.works_id, w.works_title, w.works_desc, w.price,w.key_word, w.types_id,w.works_status,w.colorSytem,w.works_duration,channel,version, u.works_url_id,u.works_id, u.works_url,u.works_md5,u.works_name,u.works_size,u.compress_url,u.preview_url,u.synthesis_url FROM tb_works w LEFT JOIN tb_works_url u ON w.works_id = u.works_id WHERE w.works_status LIKE concat('%',?,'%') ORDER BY w.works_id desc LIMIT ? 
2020-03-23 23:07:35.504 DEBUG --- [http-nio-8762-exec-3] com.vtu.mapper.WorksMapper.findAuditingWorks Line:143 - ==> Parameters: pass(String), 4(Integer)
2020-03-23 23:07:35.540 DEBUG --- [http-nio-8762-exec-3] com.vtu.mapper.WorksMapper.findAuditingWorks Line:143 - <==      Total: 2
2020-03-23 23:07:45.313 DEBUG --- [http-nio-8762-exec-5] com.vtu.mapper.CustomerMapper.selectByAuthCode Line:143 - ==>  Preparing: select account_id, account, password, name, phone, id_card, remain, is_vip, is_shoper, email, email_send_time,wxId, qqId,authCode,isAuth,sex from tb_customer where authCode = ? 
2020-03-23 23:07:45.317 DEBUG --- [http-nio-8762-exec-5] com.vtu.mapper.CustomerMapper.selectByAuthCode Line:143 - ==> Parameters: 1234(String)
2020-03-23 23:07:45.354 DEBUG --- [http-nio-8762-exec-5] com.vtu.mapper.CustomerMapper.selectByAuthCode Line:143 - <==      Total: 1
2020-03-23 23:07:45.357 DEBUG --- [http-nio-8762-exec-5] com.vtu.mapper.CustomerVipMapper.selectByAccountId Line:143 - ==>  Preparing: select id, account_id, vip_detail_id, start_time, end_time, is_vip from tb_customer_vip where account_id = ? 
2020-03-23 23:07:45.359 DEBUG --- [http-nio-8762-exec-5] com.vtu.mapper.CustomerVipMapper.selectByAccountId Line:143 - ==> Parameters: 12(Long)
2020-03-23 23:07:45.391 DEBUG --- [http-nio-8762-exec-5] com.vtu.mapper.CustomerVipMapper.selectByAccountId Line:143 - <==      Total: 0
2020-03-23 23:07:45.393 DEBUG --- [http-nio-8762-exec-5] com.vtu.mapper.CustomerMapper.updateByPrimaryKey Line:143 - ==>  Preparing: update tb_customer set account = ?, password = ?, name = ?, sex = ?, phone = ?, id_card = ?, remain = ?, is_vip = ?, is_shoper = ?, email = ?, email_send_time = ?, wxId = ?, qqId = ?, authCode = ?, isAuth = ? where account_id = ? 
2020-03-23 23:07:45.398 DEBUG --- [http-nio-8762-exec-5] com.vtu.mapper.CustomerMapper.updateByPrimaryKey Line:143 - ==> Parameters: VT20200124153831154(String), null, 视频大师(String), null, null, null, null, null, null, 123213(String), 2020-01-24 15:38:31:154(String), null, null, 1234(String), true(String), 12(Long)
2020-03-23 23:07:45.455 DEBUG --- [http-nio-8762-exec-5] com.vtu.mapper.CustomerMapper.updateByPrimaryKey Line:143 - <==    Updates: 1
2020-03-23 23:07:46.783 DEBUG --- [http-nio-8762-exec-6] com.vtu.mapper.WorksMapper.findAuditingWorks_COUNT Line:143 - ==>  Preparing: SELECT count(0) FROM tb_works w LEFT JOIN tb_works_url u ON w.works_id = u.works_id WHERE w.works_status LIKE concat('%', ?, '%') 
2020-03-23 23:07:46.784 DEBUG --- [http-nio-8762-exec-6] com.vtu.mapper.WorksMapper.findAuditingWorks_COUNT Line:143 - ==> Parameters: pass(String)
2020-03-23 23:07:46.816 DEBUG --- [http-nio-8762-exec-6] com.vtu.mapper.WorksMapper.findAuditingWorks_COUNT Line:143 - <==      Total: 1
2020-03-23 23:07:46.819 DEBUG --- [http-nio-8762-exec-6] com.vtu.mapper.WorksMapper.findAuditingWorks Line:143 - ==>  Preparing: SELECT w.works_id, w.works_title, w.works_desc, w.price,w.key_word, w.types_id,w.works_status,w.colorSytem,w.works_duration,channel,version, u.works_url_id,u.works_id, u.works_url,u.works_md5,u.works_name,u.works_size,u.compress_url,u.preview_url,u.synthesis_url FROM tb_works w LEFT JOIN tb_works_url u ON w.works_id = u.works_id WHERE w.works_status LIKE concat('%',?,'%') ORDER BY w.works_id desc LIMIT ? 
2020-03-23 23:07:46.820 DEBUG --- [http-nio-8762-exec-6] com.vtu.mapper.WorksMapper.findAuditingWorks Line:143 - ==> Parameters: pass(String), 4(Integer)
2020-03-23 23:07:46.854 DEBUG --- [http-nio-8762-exec-6] com.vtu.mapper.WorksMapper.findAuditingWorks Line:143 - <==      Total: 2
2020-03-23 23:07:55.571 DEBUG --- [http-nio-8762-exec-8] com.vtu.mapper.WorksMapper.getWorksById Line:143 - ==>  Preparing: SELECT w.works_id, w.works_title, w.works_desc, w.price, w.key_word, w.types_id, w.channel,w.version, w.works_status, w.colorSytem,w.works_duration, u.works_url_id, u.works_url works_url, u.works_md5, u.works_name, u.works_size, u.compress_url, u.preview_url, u.synthesis_url FROM ( SELECT * FROM tb_works WHERE works_id = ? ) w LEFT JOIN tb_works_url u ON w.works_id = u.works_id 
2020-03-23 23:07:55.574 DEBUG --- [http-nio-8762-exec-8] com.vtu.mapper.WorksMapper.getWorksById Line:143 - ==> Parameters: 73(String)
2020-03-23 23:07:55.660 DEBUG --- [http-nio-8762-exec-8] com.vtu.mapper.WorksMapper.getWorksById Line:143 - <==      Total: 1
2020-03-23 23:07:55.700 DEBUG --- [http-nio-8762-exec-9] com.vtu.mapper.PersonalBalanceMapper.getPersonalBalanceByAccountId Line:143 - ==>  Preparing: select personal_money_id, account_id, balance from tb_personal_balance where account_id = ? 
2020-03-23 23:07:55.701 DEBUG --- [http-nio-8762-exec-9] com.vtu.mapper.PersonalBalanceMapper.getPersonalBalanceByAccountId Line:143 - ==> Parameters: 12(Long)
2020-03-23 23:07:55.729 DEBUG --- [http-nio-8762-exec-9] com.vtu.mapper.PersonalBalanceMapper.getPersonalBalanceByAccountId Line:143 - <==      Total: 1
2020-03-23 23:07:57.093 DEBUG --- [http-nio-8762-exec-10] com.vtu.mapper.WorksMapper.findAuditingWorks_COUNT Line:143 - ==>  Preparing: SELECT count(0) FROM tb_works w LEFT JOIN tb_works_url u ON w.works_id = u.works_id WHERE w.works_status LIKE concat('%', ?, '%') 
2020-03-23 23:07:57.094 DEBUG --- [http-nio-8762-exec-10] com.vtu.mapper.WorksMapper.findAuditingWorks_COUNT Line:143 - ==> Parameters: pass(String)
2020-03-23 23:07:57.124 DEBUG --- [http-nio-8762-exec-10] com.vtu.mapper.WorksMapper.findAuditingWorks_COUNT Line:143 - <==      Total: 1
2020-03-23 23:07:57.127 DEBUG --- [http-nio-8762-exec-10] com.vtu.mapper.WorksMapper.findAuditingWorks Line:143 - ==>  Preparing: SELECT w.works_id, w.works_title, w.works_desc, w.price,w.key_word, w.types_id,w.works_status,w.colorSytem,w.works_duration,channel,version, u.works_url_id,u.works_id, u.works_url,u.works_md5,u.works_name,u.works_size,u.compress_url,u.preview_url,u.synthesis_url FROM tb_works w LEFT JOIN tb_works_url u ON w.works_id = u.works_id WHERE w.works_status LIKE concat('%',?,'%') ORDER BY w.works_id desc LIMIT ? 
2020-03-23 23:07:57.128 DEBUG --- [http-nio-8762-exec-10] com.vtu.mapper.WorksMapper.findAuditingWorks Line:143 - ==> Parameters: pass(String), 4(Integer)
2020-03-23 23:07:57.161 DEBUG --- [http-nio-8762-exec-10] com.vtu.mapper.WorksMapper.findAuditingWorks Line:143 - <==      Total: 2
2020-03-23 23:08:19.012 DEBUG --- [http-nio-8762-exec-2] com.vtu.mapper.WorksMapper.findAuditingWorks_COUNT Line:143 - ==>  Preparing: SELECT count(0) FROM tb_works w LEFT JOIN tb_works_url u ON w.works_id = u.works_id WHERE w.works_status LIKE concat('%', ?, '%') 
2020-03-23 23:08:19.013 DEBUG --- [http-nio-8762-exec-2] com.vtu.mapper.WorksMapper.findAuditingWorks_COUNT Line:143 - ==> Parameters: pass(String)
2020-03-23 23:08:19.044 DEBUG --- [http-nio-8762-exec-2] com.vtu.mapper.WorksMapper.findAuditingWorks_COUNT Line:143 - <==      Total: 1
2020-03-23 23:08:19.046 DEBUG --- [http-nio-8762-exec-2] com.vtu.mapper.WorksMapper.findAuditingWorks Line:143 - ==>  Preparing: SELECT w.works_id, w.works_title, w.works_desc, w.price,w.key_word, w.types_id,w.works_status,w.colorSytem,w.works_duration,channel,version, u.works_url_id,u.works_id, u.works_url,u.works_md5,u.works_name,u.works_size,u.compress_url,u.preview_url,u.synthesis_url FROM tb_works w LEFT JOIN tb_works_url u ON w.works_id = u.works_id WHERE w.works_status LIKE concat('%',?,'%') ORDER BY w.works_id desc LIMIT ? 
2020-03-23 23:08:19.047 DEBUG --- [http-nio-8762-exec-2] com.vtu.mapper.WorksMapper.findAuditingWorks Line:143 - ==> Parameters: pass(String), 4(Integer)
2020-03-23 23:08:19.082 DEBUG --- [http-nio-8762-exec-2] com.vtu.mapper.WorksMapper.findAuditingWorks Line:143 - <==      Total: 2
2020-03-23 23:08:28.203 DEBUG --- [http-nio-8762-exec-4] com.vtu.mapper.WorksMapper.findAuditingWorks_COUNT Line:143 - ==>  Preparing: SELECT count(0) FROM tb_works w LEFT JOIN tb_works_url u ON w.works_id = u.works_id WHERE w.works_status LIKE concat('%', ?, '%') 
2020-03-23 23:08:28.204 DEBUG --- [http-nio-8762-exec-4] com.vtu.mapper.WorksMapper.findAuditingWorks_COUNT Line:143 - ==> Parameters: pass(String)
2020-03-23 23:08:28.236 DEBUG --- [http-nio-8762-exec-4] com.vtu.mapper.WorksMapper.findAuditingWorks_COUNT Line:143 - <==      Total: 1
2020-03-23 23:08:28.237 DEBUG --- [http-nio-8762-exec-4] com.vtu.mapper.WorksMapper.findAuditingWorks Line:143 - ==>  Preparing: SELECT w.works_id, w.works_title, w.works_desc, w.price,w.key_word, w.types_id,w.works_status,w.colorSytem,w.works_duration,channel,version, u.works_url_id,u.works_id, u.works_url,u.works_md5,u.works_name,u.works_size,u.compress_url,u.preview_url,u.synthesis_url FROM tb_works w LEFT JOIN tb_works_url u ON w.works_id = u.works_id WHERE w.works_status LIKE concat('%',?,'%') ORDER BY w.works_id desc LIMIT ? 
2020-03-23 23:08:28.238 DEBUG --- [http-nio-8762-exec-4] com.vtu.mapper.WorksMapper.findAuditingWorks Line:143 - ==> Parameters: pass(String), 4(Integer)
2020-03-23 23:08:28.267 DEBUG --- [http-nio-8762-exec-4] com.vtu.mapper.WorksMapper.findAuditingWorks Line:143 - <==      Total: 2
2020-03-23 23:13:31.643 DEBUG --- [http-nio-8762-exec-6] com.vtu.mapper.WorksMapper.findAuditingWorks_COUNT Line:143 - ==>  Preparing: SELECT count(0) FROM tb_works w LEFT JOIN tb_works_url u ON w.works_id = u.works_id WHERE w.works_status LIKE concat('%', ?, '%') 
2020-03-23 23:13:31.644 DEBUG --- [http-nio-8762-exec-6] com.vtu.mapper.WorksMapper.findAuditingWorks_COUNT Line:143 - ==> Parameters: pass(String)
2020-03-23 23:13:31.673 DEBUG --- [http-nio-8762-exec-6] com.vtu.mapper.WorksMapper.findAuditingWorks_COUNT Line:143 - <==      Total: 1
2020-03-23 23:13:31.675 DEBUG --- [http-nio-8762-exec-6] com.vtu.mapper.WorksMapper.findAuditingWorks Line:143 - ==>  Preparing: SELECT w.works_id, w.works_title, w.works_desc, w.price,w.key_word, w.types_id,w.works_status,w.colorSytem,w.works_duration,channel,version, u.works_url_id,u.works_id, u.works_url,u.works_md5,u.works_name,u.works_size,u.compress_url,u.preview_url,u.synthesis_url FROM tb_works w LEFT JOIN tb_works_url u ON w.works_id = u.works_id WHERE w.works_status LIKE concat('%',?,'%') ORDER BY w.works_id desc LIMIT ? 
2020-03-23 23:13:31.676 DEBUG --- [http-nio-8762-exec-6] com.vtu.mapper.WorksMapper.findAuditingWorks Line:143 - ==> Parameters: pass(String), 4(Integer)
2020-03-23 23:13:31.709 DEBUG --- [http-nio-8762-exec-6] com.vtu.mapper.WorksMapper.findAuditingWorks Line:143 - <==      Total: 2
2020-03-23 23:14:18.911 DEBUG --- [http-nio-8762-exec-8] com.vtu.mapper.WorksMapper.findAuditingWorks_COUNT Line:143 - ==>  Preparing: SELECT count(0) FROM tb_works w LEFT JOIN tb_works_url u ON w.works_id = u.works_id WHERE w.works_status LIKE concat('%', ?, '%') 
2020-03-23 23:14:18.912 DEBUG --- [http-nio-8762-exec-8] com.vtu.mapper.WorksMapper.findAuditingWorks_COUNT Line:143 - ==> Parameters: pass(String)
2020-03-23 23:14:18.941 DEBUG --- [http-nio-8762-exec-8] com.vtu.mapper.WorksMapper.findAuditingWorks_COUNT Line:143 - <==      Total: 1
2020-03-23 23:14:18.943 DEBUG --- [http-nio-8762-exec-8] com.vtu.mapper.WorksMapper.findAuditingWorks Line:143 - ==>  Preparing: SELECT w.works_id, w.works_title, w.works_desc, w.price,w.key_word, w.types_id,w.works_status,w.colorSytem,w.works_duration,channel,version, u.works_url_id,u.works_id, u.works_url,u.works_md5,u.works_name,u.works_size,u.compress_url,u.preview_url,u.synthesis_url FROM tb_works w LEFT JOIN tb_works_url u ON w.works_id = u.works_id WHERE w.works_status LIKE concat('%',?,'%') ORDER BY w.works_id desc LIMIT ? 
2020-03-23 23:14:18.944 DEBUG --- [http-nio-8762-exec-8] com.vtu.mapper.WorksMapper.findAuditingWorks Line:143 - ==> Parameters: pass(String), 4(Integer)
2020-03-23 23:14:18.981 DEBUG --- [http-nio-8762-exec-8] com.vtu.mapper.WorksMapper.findAuditingWorks Line:143 - <==      Total: 2
2020-03-23 23:18:42.742 DEBUG --- [http-nio-8762-exec-10] com.vtu.mapper.CustomerMapper.selectByAuthCode Line:143 - ==>  Preparing: select account_id, account, password, name, phone, id_card, remain, is_vip, is_shoper, email, email_send_time,wxId, qqId,authCode,isAuth,sex from tb_customer where authCode = ? 
2020-03-23 23:18:42.743 DEBUG --- [http-nio-8762-exec-10] com.vtu.mapper.CustomerMapper.selectByAuthCode Line:143 - ==> Parameters: 1234(String)
2020-03-23 23:18:42.762 DEBUG --- [http-nio-8762-exec-10] com.vtu.mapper.CustomerMapper.selectByAuthCode Line:143 - <==      Total: 1
2020-03-23 23:18:42.777 DEBUG --- [http-nio-8762-exec-10] com.vtu.mapper.CustomerVipMapper.selectByAccountId Line:143 - ==>  Preparing: select id, account_id, vip_detail_id, start_time, end_time, is_vip from tb_customer_vip where account_id = ? 
2020-03-23 23:18:42.777 DEBUG --- [http-nio-8762-exec-10] com.vtu.mapper.CustomerVipMapper.selectByAccountId Line:143 - ==> Parameters: 12(Long)
2020-03-23 23:18:42.809 DEBUG --- [http-nio-8762-exec-10] com.vtu.mapper.CustomerVipMapper.selectByAccountId Line:143 - <==      Total: 0
2020-03-23 23:18:42.809 DEBUG --- [http-nio-8762-exec-10] com.vtu.mapper.CustomerMapper.updateByPrimaryKey Line:143 - ==>  Preparing: update tb_customer set account = ?, password = ?, name = ?, sex = ?, phone = ?, id_card = ?, remain = ?, is_vip = ?, is_shoper = ?, email = ?, email_send_time = ?, wxId = ?, qqId = ?, authCode = ?, isAuth = ? where account_id = ? 
2020-03-23 23:18:42.809 DEBUG --- [http-nio-8762-exec-10] com.vtu.mapper.CustomerMapper.updateByPrimaryKey Line:143 - ==> Parameters: VT20200124153831154(String), null, 视频大师(String), null, null, null, null, null, null, 123213(String), 2020-01-24 15:38:31:154(String), null, null, 1234(String), true(String), 12(Long)
2020-03-23 23:18:42.871 DEBUG --- [http-nio-8762-exec-10] com.vtu.mapper.CustomerMapper.updateByPrimaryKey Line:143 - <==    Updates: 1
2020-03-23 23:18:45.086 DEBUG --- [http-nio-8762-exec-1] com.vtu.mapper.WorksMapper.findAuditingWorks_COUNT Line:143 - ==>  Preparing: SELECT count(0) FROM tb_works w LEFT JOIN tb_works_url u ON w.works_id = u.works_id WHERE w.works_status LIKE concat('%', ?, '%') 
2020-03-23 23:18:45.087 DEBUG --- [http-nio-8762-exec-1] com.vtu.mapper.WorksMapper.findAuditingWorks_COUNT Line:143 - ==> Parameters: pass(String)
2020-03-23 23:18:45.121 DEBUG --- [http-nio-8762-exec-1] com.vtu.mapper.WorksMapper.findAuditingWorks_COUNT Line:143 - <==      Total: 1
2020-03-23 23:18:45.124 DEBUG --- [http-nio-8762-exec-1] com.vtu.mapper.WorksMapper.findAuditingWorks Line:143 - ==>  Preparing: SELECT w.works_id, w.works_title, w.works_desc, w.price,w.key_word, w.types_id,w.works_status,w.colorSytem,w.works_duration,channel,version, u.works_url_id,u.works_id, u.works_url,u.works_md5,u.works_name,u.works_size,u.compress_url,u.preview_url,u.synthesis_url FROM tb_works w LEFT JOIN tb_works_url u ON w.works_id = u.works_id WHERE w.works_status LIKE concat('%',?,'%') ORDER BY w.works_id desc LIMIT ? 
2020-03-23 23:18:45.126 DEBUG --- [http-nio-8762-exec-1] com.vtu.mapper.WorksMapper.findAuditingWorks Line:143 - ==> Parameters: pass(String), 4(Integer)
2020-03-23 23:18:45.161 DEBUG --- [http-nio-8762-exec-1] com.vtu.mapper.WorksMapper.findAuditingWorks Line:143 - <==      Total: 2
2020-03-23 23:18:49.096 DEBUG --- [http-nio-8762-exec-2] com.vtu.mapper.WorksMapper.selectByAccountId Line:143 - ==>  Preparing: SELECT w.works_id, w.works_title, w.works_desc, w.price, w.key_word, w.types_id, w.works_status,w.colorSytem,w.works_duration,channel,version, u.works_url_id, u.works_url works_url, u.works_md5, u.works_name, u.works_size, u.compress_url, u.preview_url, u.synthesis_url FROM ( SELECT works_id, works_title, works_desc, price, key_word, types_id, works_status, colorSytem, channel,version, works_duration FROM tb_works WHERE account_id = ? and works_status = ? ) w LEFT JOIN tb_works_url u ON w.works_id = u.works_id 
2020-03-23 23:18:49.097 DEBUG --- [http-nio-8762-exec-2] com.vtu.mapper.WorksMapper.selectByAccountId Line:143 - ==> Parameters: 12(Long), refer(String)
2020-03-23 23:18:49.132 DEBUG --- [http-nio-8762-exec-2] com.vtu.mapper.WorksMapper.selectByAccountId Line:143 - <==      Total: 0
2020-03-23 23:26:07.554 DEBUG --- [http-nio-8762-exec-4] com.vtu.mapper.WorksMapper.findAuditingWorks_COUNT Line:143 - ==>  Preparing: SELECT count(0) FROM tb_works w LEFT JOIN tb_works_url u ON w.works_id = u.works_id WHERE w.works_status LIKE concat('%', ?, '%') 
2020-03-23 23:26:07.556 DEBUG --- [http-nio-8762-exec-4] com.vtu.mapper.WorksMapper.findAuditingWorks_COUNT Line:143 - ==> Parameters: pass(String)
2020-03-23 23:26:07.586 DEBUG --- [http-nio-8762-exec-4] com.vtu.mapper.WorksMapper.findAuditingWorks_COUNT Line:143 - <==      Total: 1
2020-03-23 23:26:07.587 DEBUG --- [http-nio-8762-exec-4] com.vtu.mapper.WorksMapper.findAuditingWorks Line:143 - ==>  Preparing: SELECT w.works_id, w.works_title, w.works_desc, w.price,w.key_word, w.types_id,w.works_status,w.colorSytem,w.works_duration,channel,version, u.works_url_id,u.works_id, u.works_url,u.works_md5,u.works_name,u.works_size,u.compress_url,u.preview_url,u.synthesis_url FROM tb_works w LEFT JOIN tb_works_url u ON w.works_id = u.works_id WHERE w.works_status LIKE concat('%',?,'%') ORDER BY w.works_id desc LIMIT ? 
2020-03-23 23:26:07.588 DEBUG --- [http-nio-8762-exec-4] com.vtu.mapper.WorksMapper.findAuditingWorks Line:143 - ==> Parameters: pass(String), 4(Integer)
2020-03-23 23:26:07.620 DEBUG --- [http-nio-8762-exec-4] com.vtu.mapper.WorksMapper.findAuditingWorks Line:143 - <==      Total: 2
2020-03-23 23:41:23.328 DEBUG --- [http-nio-8762-exec-6] com.vtu.mapper.WorksMapper.findAuditingWorks_COUNT Line:143 - ==>  Preparing: SELECT count(0) FROM tb_works w LEFT JOIN tb_works_url u ON w.works_id = u.works_id WHERE w.works_status LIKE concat('%', ?, '%') 
2020-03-23 23:41:23.329 DEBUG --- [http-nio-8762-exec-6] com.vtu.mapper.WorksMapper.findAuditingWorks_COUNT Line:143 - ==> Parameters: pass(String)
2020-03-23 23:41:23.360 DEBUG --- [http-nio-8762-exec-6] com.vtu.mapper.WorksMapper.findAuditingWorks_COUNT Line:143 - <==      Total: 1
2020-03-23 23:41:23.363 DEBUG --- [http-nio-8762-exec-6] com.vtu.mapper.WorksMapper.findAuditingWorks Line:143 - ==>  Preparing: SELECT w.works_id, w.works_title, w.works_desc, w.price,w.key_word, w.types_id,w.works_status,w.colorSytem,w.works_duration,channel,version, u.works_url_id,u.works_id, u.works_url,u.works_md5,u.works_name,u.works_size,u.compress_url,u.preview_url,u.synthesis_url FROM tb_works w LEFT JOIN tb_works_url u ON w.works_id = u.works_id WHERE w.works_status LIKE concat('%',?,'%') ORDER BY w.works_id desc LIMIT ? 
2020-03-23 23:41:23.364 DEBUG --- [http-nio-8762-exec-6] com.vtu.mapper.WorksMapper.findAuditingWorks Line:143 - ==> Parameters: pass(String), 4(Integer)
2020-03-23 23:41:23.394 DEBUG --- [http-nio-8762-exec-6] com.vtu.mapper.WorksMapper.findAuditingWorks Line:143 - <==      Total: 2
2020-03-23 23:47:52.830 DEBUG --- [http-nio-8762-exec-8] com.vtu.mapper.WorksMapper.findAuditingWorks_COUNT Line:143 - ==>  Preparing: SELECT count(0) FROM tb_works w LEFT JOIN tb_works_url u ON w.works_id = u.works_id WHERE w.works_status LIKE concat('%', ?, '%') 
2020-03-23 23:47:52.831 DEBUG --- [http-nio-8762-exec-8] com.vtu.mapper.WorksMapper.findAuditingWorks_COUNT Line:143 - ==> Parameters: pass(String)
2020-03-23 23:47:52.860 DEBUG --- [http-nio-8762-exec-8] com.vtu.mapper.WorksMapper.findAuditingWorks_COUNT Line:143 - <==      Total: 1
2020-03-23 23:47:52.862 DEBUG --- [http-nio-8762-exec-8] com.vtu.mapper.WorksMapper.findAuditingWorks Line:143 - ==>  Preparing: SELECT w.works_id, w.works_title, w.works_desc, w.price,w.key_word, w.types_id,w.works_status,w.colorSytem,w.works_duration,channel,version, u.works_url_id,u.works_id, u.works_url,u.works_md5,u.works_name,u.works_size,u.compress_url,u.preview_url,u.synthesis_url FROM tb_works w LEFT JOIN tb_works_url u ON w.works_id = u.works_id WHERE w.works_status LIKE concat('%',?,'%') ORDER BY w.works_id desc LIMIT ? 
2020-03-23 23:47:52.864 DEBUG --- [http-nio-8762-exec-8] com.vtu.mapper.WorksMapper.findAuditingWorks Line:143 - ==> Parameters: pass(String), 4(Integer)
2020-03-23 23:47:52.894 DEBUG --- [http-nio-8762-exec-8] com.vtu.mapper.WorksMapper.findAuditingWorks Line:143 - <==      Total: 2
2020-03-23 23:48:36.172 DEBUG --- [http-nio-8762-exec-10] com.vtu.mapper.WorksMapper.findAuditingWorks_COUNT Line:143 - ==>  Preparing: SELECT count(0) FROM tb_works w LEFT JOIN tb_works_url u ON w.works_id = u.works_id WHERE w.works_status LIKE concat('%', ?, '%') 
2020-03-23 23:48:36.173 DEBUG --- [http-nio-8762-exec-10] com.vtu.mapper.WorksMapper.findAuditingWorks_COUNT Line:143 - ==> Parameters: pass(String)
2020-03-23 23:48:36.204 DEBUG --- [http-nio-8762-exec-10] com.vtu.mapper.WorksMapper.findAuditingWorks_COUNT Line:143 - <==      Total: 1
2020-03-23 23:48:36.205 DEBUG --- [http-nio-8762-exec-10] com.vtu.mapper.WorksMapper.findAuditingWorks Line:143 - ==>  Preparing: SELECT w.works_id, w.works_title, w.works_desc, w.price,w.key_word, w.types_id,w.works_status,w.colorSytem,w.works_duration,channel,version, u.works_url_id,u.works_id, u.works_url,u.works_md5,u.works_name,u.works_size,u.compress_url,u.preview_url,u.synthesis_url FROM tb_works w LEFT JOIN tb_works_url u ON w.works_id = u.works_id WHERE w.works_status LIKE concat('%',?,'%') ORDER BY w.works_id desc LIMIT ? 
2020-03-23 23:48:36.206 DEBUG --- [http-nio-8762-exec-10] com.vtu.mapper.WorksMapper.findAuditingWorks Line:143 - ==> Parameters: pass(String), 4(Integer)
2020-03-23 23:48:36.237 DEBUG --- [http-nio-8762-exec-10] com.vtu.mapper.WorksMapper.findAuditingWorks Line:143 - <==      Total: 2
2020-03-23 23:49:21.726 DEBUG --- [http-nio-8762-exec-2] com.vtu.mapper.WorksMapper.findAuditingWorks_COUNT Line:143 - ==>  Preparing: SELECT count(0) FROM tb_works w LEFT JOIN tb_works_url u ON w.works_id = u.works_id WHERE w.works_status LIKE concat('%', ?, '%') 
2020-03-23 23:49:21.728 DEBUG --- [http-nio-8762-exec-2] com.vtu.mapper.WorksMapper.findAuditingWorks_COUNT Line:143 - ==> Parameters: pass(String)
2020-03-23 23:49:21.758 DEBUG --- [http-nio-8762-exec-2] com.vtu.mapper.WorksMapper.findAuditingWorks_COUNT Line:143 - <==      Total: 1
2020-03-23 23:49:21.759 DEBUG --- [http-nio-8762-exec-2] com.vtu.mapper.WorksMapper.findAuditingWorks Line:143 - ==>  Preparing: SELECT w.works_id, w.works_title, w.works_desc, w.price,w.key_word, w.types_id,w.works_status,w.colorSytem,w.works_duration,channel,version, u.works_url_id,u.works_id, u.works_url,u.works_md5,u.works_name,u.works_size,u.compress_url,u.preview_url,u.synthesis_url FROM tb_works w LEFT JOIN tb_works_url u ON w.works_id = u.works_id WHERE w.works_status LIKE concat('%',?,'%') ORDER BY w.works_id desc LIMIT ? 
2020-03-23 23:49:21.760 DEBUG --- [http-nio-8762-exec-2] com.vtu.mapper.WorksMapper.findAuditingWorks Line:143 - ==> Parameters: pass(String), 4(Integer)
2020-03-23 23:49:21.807 DEBUG --- [http-nio-8762-exec-2] com.vtu.mapper.WorksMapper.findAuditingWorks Line:143 - <==      Total: 2
2020-03-23 23:50:08.755 DEBUG --- [http-nio-8762-exec-4] com.vtu.mapper.WorksMapper.findAuditingWorks_COUNT Line:143 - ==>  Preparing: SELECT count(0) FROM tb_works w LEFT JOIN tb_works_url u ON w.works_id = u.works_id WHERE w.works_status LIKE concat('%', ?, '%') 
2020-03-23 23:50:08.756 DEBUG --- [http-nio-8762-exec-4] com.vtu.mapper.WorksMapper.findAuditingWorks_COUNT Line:143 - ==> Parameters: pass(String)
2020-03-23 23:50:08.788 DEBUG --- [http-nio-8762-exec-4] com.vtu.mapper.WorksMapper.findAuditingWorks_COUNT Line:143 - <==      Total: 1
2020-03-23 23:50:08.790 DEBUG --- [http-nio-8762-exec-4] com.vtu.mapper.WorksMapper.findAuditingWorks Line:143 - ==>  Preparing: SELECT w.works_id, w.works_title, w.works_desc, w.price,w.key_word, w.types_id,w.works_status,w.colorSytem,w.works_duration,channel,version, u.works_url_id,u.works_id, u.works_url,u.works_md5,u.works_name,u.works_size,u.compress_url,u.preview_url,u.synthesis_url FROM tb_works w LEFT JOIN tb_works_url u ON w.works_id = u.works_id WHERE w.works_status LIKE concat('%',?,'%') ORDER BY w.works_id desc LIMIT ? 
2020-03-23 23:50:08.791 DEBUG --- [http-nio-8762-exec-4] com.vtu.mapper.WorksMapper.findAuditingWorks Line:143 - ==> Parameters: pass(String), 4(Integer)
2020-03-23 23:50:08.824 DEBUG --- [http-nio-8762-exec-4] com.vtu.mapper.WorksMapper.findAuditingWorks Line:143 - <==      Total: 2
2020-03-23 23:51:26.165 DEBUG --- [http-nio-8762-exec-6] com.vtu.mapper.WorksMapper.findAuditingWorks_COUNT Line:143 - ==>  Preparing: SELECT count(0) FROM tb_works w LEFT JOIN tb_works_url u ON w.works_id = u.works_id WHERE w.works_status LIKE concat('%', ?, '%') 
2020-03-23 23:51:26.166 DEBUG --- [http-nio-8762-exec-6] com.vtu.mapper.WorksMapper.findAuditingWorks_COUNT Line:143 - ==> Parameters: pass(String)
2020-03-23 23:51:26.204 DEBUG --- [http-nio-8762-exec-6] com.vtu.mapper.WorksMapper.findAuditingWorks_COUNT Line:143 - <==      Total: 1
2020-03-23 23:51:26.206 DEBUG --- [http-nio-8762-exec-6] com.vtu.mapper.WorksMapper.findAuditingWorks Line:143 - ==>  Preparing: SELECT w.works_id, w.works_title, w.works_desc, w.price,w.key_word, w.types_id,w.works_status,w.colorSytem,w.works_duration,channel,version, u.works_url_id,u.works_id, u.works_url,u.works_md5,u.works_name,u.works_size,u.compress_url,u.preview_url,u.synthesis_url FROM tb_works w LEFT JOIN tb_works_url u ON w.works_id = u.works_id WHERE w.works_status LIKE concat('%',?,'%') ORDER BY w.works_id desc LIMIT ? 
2020-03-23 23:51:26.207 DEBUG --- [http-nio-8762-exec-6] com.vtu.mapper.WorksMapper.findAuditingWorks Line:143 - ==> Parameters: pass(String), 4(Integer)
2020-03-23 23:51:26.251 DEBUG --- [http-nio-8762-exec-6] com.vtu.mapper.WorksMapper.findAuditingWorks Line:143 - <==      Total: 2
2020-03-23 23:52:39.959 DEBUG --- [http-nio-8762-exec-8] com.vtu.mapper.WorksMapper.findAuditingWorks_COUNT Line:143 - ==>  Preparing: SELECT count(0) FROM tb_works w LEFT JOIN tb_works_url u ON w.works_id = u.works_id WHERE w.works_status LIKE concat('%', ?, '%') 
2020-03-23 23:52:39.962 DEBUG --- [http-nio-8762-exec-8] com.vtu.mapper.WorksMapper.findAuditingWorks_COUNT Line:143 - ==> Parameters: pass(String)
2020-03-23 23:52:39.996 DEBUG --- [http-nio-8762-exec-8] com.vtu.mapper.WorksMapper.findAuditingWorks_COUNT Line:143 - <==      Total: 1
2020-03-23 23:52:39.997 DEBUG --- [http-nio-8762-exec-8] com.vtu.mapper.WorksMapper.findAuditingWorks Line:143 - ==>  Preparing: SELECT w.works_id, w.works_title, w.works_desc, w.price,w.key_word, w.types_id,w.works_status,w.colorSytem,w.works_duration,channel,version, u.works_url_id,u.works_id, u.works_url,u.works_md5,u.works_name,u.works_size,u.compress_url,u.preview_url,u.synthesis_url FROM tb_works w LEFT JOIN tb_works_url u ON w.works_id = u.works_id WHERE w.works_status LIKE concat('%',?,'%') ORDER BY w.works_id desc LIMIT ? 
2020-03-23 23:52:39.998 DEBUG --- [http-nio-8762-exec-8] com.vtu.mapper.WorksMapper.findAuditingWorks Line:143 - ==> Parameters: pass(String), 4(Integer)
2020-03-23 23:52:40.031 DEBUG --- [http-nio-8762-exec-8] com.vtu.mapper.WorksMapper.findAuditingWorks Line:143 - <==      Total: 2
