2020-12-03 00:22:21.110 DEBUG --- [restartedMain] org.apache.ibatis.logging.LogFactory Line:105 - Logging initialized using 'class org.apache.ibatis.logging.slf4j.Slf4jImpl' adapter.
2020-12-03 00:23:50.507 DEBUG --- [http-nio-8762-exec-1] com.vtu.mapper.CustomerMapper.selectByAuthCode Line:143 - ==>  Preparing: select account_id, account, password, name, phone, id_card, remain, is_vip, is_shoper, email, email_send_time,wxId, qqId,authCode,isAuth, sex,header_image_url,head_portrait_url,id_card_url,passport_url,business_liscence_url,protocol_url,shoper_type,shoper_status from tb_customer where authCode = ? 
2020-12-03 00:23:50.545 DEBUG --- [http-nio-8762-exec-1] com.vtu.mapper.CustomerMapper.selectByAuthCode Line:143 - ==> Parameters: 1234(String)
2020-12-03 00:23:50.606 DEBUG --- [http-nio-8762-exec-1] com.vtu.mapper.CustomerMapper.selectByAuthCode Line:143 - <==      Total: 1
2020-12-03 00:23:50.612 DEBUG --- [http-nio-8762-exec-1] com.vtu.mapper.CustomerVipMapper.selectByAccountId Line:143 - ==>  Preparing: select id, account_id, vip_detail_id, start_time, end_time, is_vip from tb_customer_vip where account_id = ? 
2020-12-03 00:23:50.614 DEBUG --- [http-nio-8762-exec-1] com.vtu.mapper.CustomerVipMapper.selectByAccountId Line:143 - ==> Parameters: 12(Long)
2020-12-03 00:23:50.642 DEBUG --- [http-nio-8762-exec-1] com.vtu.mapper.CustomerVipMapper.selectByAccountId Line:143 - <==      Total: 0
2020-12-03 00:23:50.643 DEBUG --- [http-nio-8762-exec-1] com.vtu.mapper.CustomerMapper.updateByPrimaryKey Line:143 - ==>  Preparing: update tb_customer set account = ?, password = ?, name = ?, sex = ?, phone = ?, id_card = ?, remain = ?, is_vip = ?, is_shoper = ?, email = ?, email_send_time = ?, wxId = ?, qqId = ?, authCode = ?, isAuth = ?, header_image_url = ?, head_portrait_url = ?, id_card_url = ?, passport_url = ?, business_liscence_url = ?, protocol_url = ?, shoper_type = ?, shoper_status = ? where account_id = ? 
2020-12-03 00:23:50.646 DEBUG --- [http-nio-8762-exec-1] com.vtu.mapper.CustomerMapper.updateByPrimaryKey Line:143 - ==> Parameters: VT20191103232122916(String), null, 小星星(String), null, null, null, 100(BigDecimal), null, null, 786107325@qq.com(String), 2019-11-03 23:21:22:915(String), null, null, 1234(String), true(String), https://vtuweb.oss-cn-beijing.aliyuncs.com/temps/tempOutput/1605435370549/headerImage/儿童.jpg(String), null, null, null, null, null, personal(String), (String), 12(Long)
2020-12-03 00:23:50.701 DEBUG --- [http-nio-8762-exec-1] com.vtu.mapper.CustomerMapper.updateByPrimaryKey Line:143 - <==    Updates: 1
2020-12-03 00:23:53.344 DEBUG --- [http-nio-8762-exec-3] com.vtu.mapper.WorksMapper.getWorksByCondition_COUNT Line:143 - ==>  Preparing: select count(0) from (SELECT w.* FROM tb_works w WHERE w.status LIKE concat('%',?,'%') and w.type LIKE concat('%',?,'%') and (w.is_del IS NULL || length(w.is_del)!=0) ORDER BY w.works_id desc) tmp_count 
2020-12-03 00:23:53.346 DEBUG --- [http-nio-8762-exec-3] com.vtu.mapper.WorksMapper.getWorksByCondition_COUNT Line:143 - ==> Parameters: pass(String), 3(String)
2020-12-03 00:23:53.373 DEBUG --- [http-nio-8762-exec-3] com.vtu.mapper.WorksMapper.getWorksByCondition_COUNT Line:143 - <==      Total: 1
2020-12-03 00:23:53.375 DEBUG --- [http-nio-8762-exec-4] com.vtu.mapper.WorksMapper.getWorksByCondition_COUNT Line:143 - ==>  Preparing: select count(0) from (SELECT w.* FROM tb_works w WHERE w.status LIKE concat('%',?,'%') and w.type LIKE concat('%',?,'%') and (w.is_del IS NULL || length(w.is_del)!=0) ORDER BY w.works_id desc) tmp_count 
2020-12-03 00:23:53.378 DEBUG --- [http-nio-8762-exec-4] com.vtu.mapper.WorksMapper.getWorksByCondition_COUNT Line:143 - ==> Parameters: pass(String), 1(String)
2020-12-03 00:23:53.625 DEBUG --- [http-nio-8762-exec-4] com.vtu.mapper.WorksMapper.getWorksByCondition_COUNT Line:143 - <==      Total: 1
2020-12-03 00:23:53.633 DEBUG --- [http-nio-8762-exec-4] com.vtu.mapper.WorksMapper.getWorksByCondition Line:143 - ==>  Preparing: SELECT w.* FROM tb_works w WHERE w.status LIKE concat('%',?,'%') and w.type LIKE concat('%',?,'%') and (w.is_del IS NULL || length(w.is_del)!=0) ORDER BY w.works_id desc LIMIT ? 
2020-12-03 00:23:53.636 DEBUG --- [http-nio-8762-exec-4] com.vtu.mapper.WorksMapper.getWorksByCondition Line:143 - ==> Parameters: pass(String), 1(String), 4(Integer)
2020-12-03 00:23:53.666 DEBUG --- [http-nio-8762-exec-4] com.vtu.mapper.WorksMapper.getWorksByCondition Line:143 - <==      Total: 1
2020-12-03 00:23:53.678 DEBUG --- [http-nio-8762-exec-2] com.vtu.mapper.WorksMapper.getWorksByCondition_COUNT Line:143 - ==>  Preparing: select count(0) from (SELECT w.* FROM tb_works w WHERE w.status LIKE concat('%',?,'%') and w.type LIKE concat('%',?,'%') and (w.is_del IS NULL || length(w.is_del)!=0) ORDER BY w.works_id desc) tmp_count 
2020-12-03 00:23:53.680 DEBUG --- [http-nio-8762-exec-2] com.vtu.mapper.WorksMapper.getWorksByCondition_COUNT Line:143 - ==> Parameters: pass(String), 2(String)
2020-12-03 00:23:53.708 DEBUG --- [http-nio-8762-exec-2] com.vtu.mapper.WorksMapper.getWorksByCondition_COUNT Line:143 - <==      Total: 1
2020-12-03 00:24:00.897 DEBUG --- [http-nio-8762-exec-8] com.vtu.mapper.VipMapper.selectByVipType Line:143 - ==>  Preparing: SELECT id, vip_type, type_name , vip_detail_id,vip_id, vip_name, time_long, time_unit, com_material, material, modial_material, custom_discount,prices, invoice_type,sort_num FROM (SELECT * FROM tb_vip WHERE vip_type=?) a LEFT JOIN tb_vip_detail b ON a.id = b.vip_id ORDER BY sort_num,vip_detail_id 
2020-12-03 00:24:00.899 DEBUG --- [http-nio-8762-exec-8] com.vtu.mapper.VipMapper.selectByVipType Line:143 - ==> Parameters: 1(Long)
2020-12-03 00:24:00.900 DEBUG --- [http-nio-8762-exec-9] com.vtu.mapper.VipMapper.selectByVipType Line:143 - ==>  Preparing: SELECT id, vip_type, type_name , vip_detail_id,vip_id, vip_name, time_long, time_unit, com_material, material, modial_material, custom_discount,prices, invoice_type,sort_num FROM (SELECT * FROM tb_vip WHERE vip_type=?) a LEFT JOIN tb_vip_detail b ON a.id = b.vip_id ORDER BY sort_num,vip_detail_id 
2020-12-03 00:24:00.903 DEBUG --- [http-nio-8762-exec-9] com.vtu.mapper.VipMapper.selectByVipType Line:143 - ==> Parameters: 1(Long)
2020-12-03 00:24:00.942 DEBUG --- [http-nio-8762-exec-8] com.vtu.mapper.VipMapper.selectByVipType Line:143 - <==      Total: 12
2020-12-03 00:24:00.945 DEBUG --- [http-nio-8762-exec-9] com.vtu.mapper.VipMapper.selectByVipType Line:143 - <==      Total: 12
2020-12-03 00:24:00.969 DEBUG --- [http-nio-8762-exec-10] com.vtu.mapper.WorksDownloadMapper.findAllByAccountId_COUNT Line:143 - ==>  Preparing: SELECT count(0) FROM tb_works t, tb_works_download d WHERE t.works_id = d.works_id AND d.account_id = ? 
2020-12-03 00:24:00.971 DEBUG --- [http-nio-8762-exec-10] com.vtu.mapper.WorksDownloadMapper.findAllByAccountId_COUNT Line:143 - ==> Parameters: 12(Long)
2020-12-03 00:24:00.999 DEBUG --- [http-nio-8762-exec-10] com.vtu.mapper.WorksDownloadMapper.findAllByAccountId_COUNT Line:143 - <==      Total: 1
2020-12-03 00:24:01.002 DEBUG --- [http-nio-8762-exec-10] com.vtu.mapper.WorksDownloadMapper.findAllByAccountId Line:143 - ==>  Preparing: SELECT t.*,d.down_time from tb_works t,tb_works_download d WHERE t.works_id=d.works_id AND d.account_id=? ORDER BY d.down_time DESC LIMIT ? 
2020-12-03 00:24:01.003 DEBUG --- [http-nio-8762-exec-10] com.vtu.mapper.WorksDownloadMapper.findAllByAccountId Line:143 - ==> Parameters: 12(Long), 10(Integer)
2020-12-03 00:24:01.038 DEBUG --- [http-nio-8762-exec-10] com.vtu.mapper.WorksDownloadMapper.findAllByAccountId Line:143 - <==      Total: 1
2020-12-03 00:24:08.477 DEBUG --- [http-nio-8762-exec-4] com.vtu.mapper.RechargeRecordMapper.findAllByAccountId_COUNT Line:143 - ==>  Preparing: SELECT count(0) FROM tb_recharge_record WHERE account_id = ? 
2020-12-03 00:24:08.480 DEBUG --- [http-nio-8762-exec-4] com.vtu.mapper.RechargeRecordMapper.findAllByAccountId_COUNT Line:143 - ==> Parameters: 12(Long)
2020-12-03 00:24:08.509 DEBUG --- [http-nio-8762-exec-4] com.vtu.mapper.RechargeRecordMapper.findAllByAccountId_COUNT Line:143 - <==      Total: 1
2020-12-03 00:24:08.512 DEBUG --- [http-nio-8762-exec-4] com.vtu.mapper.RechargeRecordMapper.findAllByAccountId Line:143 - ==>  Preparing: select recharge_id, account_id, recharge_time, recharge_money from tb_recharge_record where account_id = ? LIMIT ? 
2020-12-03 00:24:08.513 DEBUG --- [http-nio-8762-exec-4] com.vtu.mapper.RechargeRecordMapper.findAllByAccountId Line:143 - ==> Parameters: 12(Long), 5(Integer)
2020-12-03 00:24:08.543 DEBUG --- [http-nio-8762-exec-4] com.vtu.mapper.RechargeRecordMapper.findAllByAccountId Line:143 - <==      Total: 3
2020-12-03 00:24:29.894 DEBUG --- [http-nio-8762-exec-7] com.vtu.mapper.CustomerMapper.selectByPrimaryKey Line:143 - ==>  Preparing: select account_id, account, password, name, phone, id_card, remain, is_vip, is_shoper, email, email_send_time,wxId, qqId,authCode,isAuth, sex,header_image_url,head_portrait_url,id_card_url,passport_url,business_liscence_url,protocol_url,shoper_type,shoper_status from tb_customer where account_id = ? 
2020-12-03 00:24:29.895 DEBUG --- [http-nio-8762-exec-7] com.vtu.mapper.CustomerMapper.selectByPrimaryKey Line:143 - ==> Parameters: 12(Long)
2020-12-03 00:24:29.924 DEBUG --- [http-nio-8762-exec-7] com.vtu.mapper.CustomerMapper.selectByPrimaryKey Line:143 - <==      Total: 1
2020-12-03 00:27:31.622 DEBUG --- [http-nio-8762-exec-10] com.vtu.mapper.CustomerMapper.selectByPrimaryKey Line:143 - ==>  Preparing: select account_id, account, password, name, phone, id_card, remain, is_vip, is_shoper, email, email_send_time,wxId, qqId,authCode,isAuth, sex,header_image_url,head_portrait_url,id_card_url,passport_url,business_liscence_url,protocol_url,shoper_type,shoper_status from tb_customer where account_id = ? 
2020-12-03 00:27:31.623 DEBUG --- [http-nio-8762-exec-10] com.vtu.mapper.CustomerMapper.selectByPrimaryKey Line:143 - ==> Parameters: 12(Long)
2020-12-03 00:27:31.627 DEBUG --- [http-nio-8762-exec-8] com.vtu.mapper.CustomerMapper.selectByPrimaryKey Line:143 - ==>  Preparing: select account_id, account, password, name, phone, id_card, remain, is_vip, is_shoper, email, email_send_time,wxId, qqId,authCode,isAuth, sex,header_image_url,head_portrait_url,id_card_url,passport_url,business_liscence_url,protocol_url,shoper_type,shoper_status from tb_customer where account_id = ? 
2020-12-03 00:27:31.628 DEBUG --- [http-nio-8762-exec-8] com.vtu.mapper.CustomerMapper.selectByPrimaryKey Line:143 - ==> Parameters: 12(Long)
2020-12-03 00:27:31.649 DEBUG --- [http-nio-8762-exec-10] com.vtu.mapper.CustomerMapper.selectByPrimaryKey Line:143 - <==      Total: 1
2020-12-03 00:27:31.658 DEBUG --- [http-nio-8762-exec-8] com.vtu.mapper.CustomerMapper.selectByPrimaryKey Line:143 - <==      Total: 1
2020-12-03 00:27:33.583 DEBUG --- [http-nio-8762-exec-3] com.vtu.mapper.VipMapper.selectByVipType Line:143 - ==>  Preparing: SELECT id, vip_type, type_name , vip_detail_id,vip_id, vip_name, time_long, time_unit, com_material, material, modial_material, custom_discount,prices, invoice_type,sort_num FROM (SELECT * FROM tb_vip WHERE vip_type=?) a LEFT JOIN tb_vip_detail b ON a.id = b.vip_id ORDER BY sort_num,vip_detail_id 
2020-12-03 00:27:33.584 DEBUG --- [http-nio-8762-exec-3] com.vtu.mapper.VipMapper.selectByVipType Line:143 - ==> Parameters: 1(Long)
2020-12-03 00:27:33.596 DEBUG --- [http-nio-8762-exec-4] com.vtu.mapper.VipMapper.selectByVipType Line:143 - ==>  Preparing: SELECT id, vip_type, type_name , vip_detail_id,vip_id, vip_name, time_long, time_unit, com_material, material, modial_material, custom_discount,prices, invoice_type,sort_num FROM (SELECT * FROM tb_vip WHERE vip_type=?) a LEFT JOIN tb_vip_detail b ON a.id = b.vip_id ORDER BY sort_num,vip_detail_id 
2020-12-03 00:27:33.597 DEBUG --- [http-nio-8762-exec-4] com.vtu.mapper.VipMapper.selectByVipType Line:143 - ==> Parameters: 1(Long)
2020-12-03 00:27:33.619 DEBUG --- [http-nio-8762-exec-3] com.vtu.mapper.VipMapper.selectByVipType Line:143 - <==      Total: 12
2020-12-03 00:27:33.621 DEBUG --- [http-nio-8762-exec-2] com.vtu.mapper.WorksDownloadMapper.findAllByAccountId_COUNT Line:143 - ==>  Preparing: SELECT count(0) FROM tb_works t, tb_works_download d WHERE t.works_id = d.works_id AND d.account_id = ? 
2020-12-03 00:27:33.623 DEBUG --- [http-nio-8762-exec-2] com.vtu.mapper.WorksDownloadMapper.findAllByAccountId_COUNT Line:143 - ==> Parameters: 12(Long)
2020-12-03 00:27:33.629 DEBUG --- [http-nio-8762-exec-4] com.vtu.mapper.VipMapper.selectByVipType Line:143 - <==      Total: 12
2020-12-03 00:27:33.652 DEBUG --- [http-nio-8762-exec-2] com.vtu.mapper.WorksDownloadMapper.findAllByAccountId_COUNT Line:143 - <==      Total: 1
2020-12-03 00:27:33.655 DEBUG --- [http-nio-8762-exec-2] com.vtu.mapper.WorksDownloadMapper.findAllByAccountId Line:143 - ==>  Preparing: SELECT t.*,d.down_time from tb_works t,tb_works_download d WHERE t.works_id=d.works_id AND d.account_id=? ORDER BY d.down_time DESC LIMIT ? 
2020-12-03 00:27:33.656 DEBUG --- [http-nio-8762-exec-2] com.vtu.mapper.WorksDownloadMapper.findAllByAccountId Line:143 - ==> Parameters: 12(Long), 10(Integer)
2020-12-03 00:27:33.686 DEBUG --- [http-nio-8762-exec-2] com.vtu.mapper.WorksDownloadMapper.findAllByAccountId Line:143 - <==      Total: 1
2020-12-03 00:27:36.251 DEBUG --- [http-nio-8762-exec-5] com.vtu.mapper.RechargeRecordMapper.findAllByAccountId_COUNT Line:143 - ==>  Preparing: SELECT count(0) FROM tb_recharge_record WHERE account_id = ? 
2020-12-03 00:27:36.254 DEBUG --- [http-nio-8762-exec-5] com.vtu.mapper.RechargeRecordMapper.findAllByAccountId_COUNT Line:143 - ==> Parameters: 12(Long)
2020-12-03 00:27:36.282 DEBUG --- [http-nio-8762-exec-5] com.vtu.mapper.RechargeRecordMapper.findAllByAccountId_COUNT Line:143 - <==      Total: 1
2020-12-03 00:27:36.284 DEBUG --- [http-nio-8762-exec-5] com.vtu.mapper.RechargeRecordMapper.findAllByAccountId Line:143 - ==>  Preparing: select recharge_id, account_id, recharge_time, recharge_money from tb_recharge_record where account_id = ? LIMIT ? 
2020-12-03 00:27:36.285 DEBUG --- [http-nio-8762-exec-5] com.vtu.mapper.RechargeRecordMapper.findAllByAccountId Line:143 - ==> Parameters: 12(Long), 5(Integer)
2020-12-03 00:27:36.316 DEBUG --- [http-nio-8762-exec-5] com.vtu.mapper.RechargeRecordMapper.findAllByAccountId Line:143 - <==      Total: 3
2020-12-03 00:27:53.306 DEBUG --- [http-nio-8762-exec-1] com.vtu.mapper.CustomerMapper.selectByPrimaryKey Line:143 - ==>  Preparing: select account_id, account, password, name, phone, id_card, remain, is_vip, is_shoper, email, email_send_time,wxId, qqId,authCode,isAuth, sex,header_image_url,head_portrait_url,id_card_url,passport_url,business_liscence_url,protocol_url,shoper_type,shoper_status from tb_customer where account_id = ? 
2020-12-03 00:27:53.307 DEBUG --- [http-nio-8762-exec-1] com.vtu.mapper.CustomerMapper.selectByPrimaryKey Line:143 - ==> Parameters: 12(Long)
2020-12-03 00:27:53.336 DEBUG --- [http-nio-8762-exec-1] com.vtu.mapper.CustomerMapper.selectByPrimaryKey Line:143 - <==      Total: 1
2020-12-03 00:29:16.350 DEBUG --- [http-nio-8762-exec-4] com.vtu.mapper.CustomerMapper.selectByPrimaryKey Line:143 - ==>  Preparing: select account_id, account, password, name, phone, id_card, remain, is_vip, is_shoper, email, email_send_time,wxId, qqId,authCode,isAuth, sex,header_image_url,head_portrait_url,id_card_url,passport_url,business_liscence_url,protocol_url,shoper_type,shoper_status from tb_customer where account_id = ? 
2020-12-03 00:29:16.351 DEBUG --- [http-nio-8762-exec-4] com.vtu.mapper.CustomerMapper.selectByPrimaryKey Line:143 - ==> Parameters: 12(Long)
2020-12-03 00:29:16.380 DEBUG --- [http-nio-8762-exec-4] com.vtu.mapper.CustomerMapper.selectByPrimaryKey Line:143 - <==      Total: 1
2020-12-03 00:31:00.808 DEBUG --- [restartedMain] org.apache.ibatis.logging.LogFactory Line:105 - Logging initialized using 'class org.apache.ibatis.logging.slf4j.Slf4jImpl' adapter.
2020-12-03 00:32:04.185 DEBUG --- [http-nio-8762-exec-2] com.vtu.mapper.CustomerMapper.selectByAuthCode Line:143 - ==>  Preparing: select account_id, account, password, name, phone, id_card, remain, is_vip, is_shoper, email, email_send_time,wxId, qqId,authCode,isAuth, sex,header_image_url,head_portrait_url,id_card_url,passport_url,business_liscence_url,protocol_url,shoper_type,shoper_status from tb_customer where authCode = ? 
2020-12-03 00:32:04.215 DEBUG --- [http-nio-8762-exec-2] com.vtu.mapper.CustomerMapper.selectByAuthCode Line:143 - ==> Parameters: 1234(String)
2020-12-03 00:32:04.273 DEBUG --- [http-nio-8762-exec-2] com.vtu.mapper.CustomerMapper.selectByAuthCode Line:143 - <==      Total: 1
2020-12-03 00:32:04.280 DEBUG --- [http-nio-8762-exec-2] com.vtu.mapper.CustomerVipMapper.selectByAccountId Line:143 - ==>  Preparing: select id, account_id, vip_detail_id, start_time, end_time, is_vip from tb_customer_vip where account_id = ? 
2020-12-03 00:32:04.282 DEBUG --- [http-nio-8762-exec-2] com.vtu.mapper.CustomerVipMapper.selectByAccountId Line:143 - ==> Parameters: 12(Long)
2020-12-03 00:32:04.312 DEBUG --- [http-nio-8762-exec-2] com.vtu.mapper.CustomerVipMapper.selectByAccountId Line:143 - <==      Total: 0
2020-12-03 00:32:04.313 DEBUG --- [http-nio-8762-exec-2] com.vtu.mapper.CustomerMapper.updateByPrimaryKey Line:143 - ==>  Preparing: update tb_customer set account = ?, password = ?, name = ?, sex = ?, phone = ?, id_card = ?, remain = ?, is_vip = ?, is_shoper = ?, email = ?, email_send_time = ?, wxId = ?, qqId = ?, authCode = ?, isAuth = ?, header_image_url = ?, head_portrait_url = ?, id_card_url = ?, passport_url = ?, business_liscence_url = ?, protocol_url = ?, shoper_type = ?, shoper_status = ? where account_id = ? 
2020-12-03 00:32:04.316 DEBUG --- [http-nio-8762-exec-2] com.vtu.mapper.CustomerMapper.updateByPrimaryKey Line:143 - ==> Parameters: VT20191103232122916(String), null, 小星星(String), null, null, null, 100(BigDecimal), null, null, 786107325@qq.com(String), 2019-11-03 23:21:22:915(String), null, null, 1234(String), true(String), https://vtuweb.oss-cn-beijing.aliyuncs.com/temps/tempOutput/1605435370549/headerImage/儿童.jpg(String), null, null, null, null, null, personal(String), (String), 12(Long)
2020-12-03 00:32:04.380 DEBUG --- [http-nio-8762-exec-2] com.vtu.mapper.CustomerMapper.updateByPrimaryKey Line:143 - <==    Updates: 1
2020-12-03 00:32:07.090 DEBUG --- [http-nio-8762-exec-1] com.vtu.mapper.WorksMapper.getWorksByCondition_COUNT Line:143 - ==>  Preparing: select count(0) from (SELECT w.* FROM tb_works w WHERE w.status LIKE concat('%',?,'%') and w.type LIKE concat('%',?,'%') and (w.is_del IS NULL || length(w.is_del)!=0) ORDER BY w.works_id desc) tmp_count 
2020-12-03 00:32:07.092 DEBUG --- [http-nio-8762-exec-1] com.vtu.mapper.WorksMapper.getWorksByCondition_COUNT Line:143 - ==> Parameters: pass(String), 3(String)
2020-12-03 00:32:07.121 DEBUG --- [http-nio-8762-exec-1] com.vtu.mapper.WorksMapper.getWorksByCondition_COUNT Line:143 - <==      Total: 1
2020-12-03 00:32:07.123 DEBUG --- [http-nio-8762-exec-4] com.vtu.mapper.WorksMapper.getWorksByCondition_COUNT Line:143 - ==>  Preparing: select count(0) from (SELECT w.* FROM tb_works w WHERE w.status LIKE concat('%',?,'%') and w.type LIKE concat('%',?,'%') and (w.is_del IS NULL || length(w.is_del)!=0) ORDER BY w.works_id desc) tmp_count 
2020-12-03 00:32:07.125 DEBUG --- [http-nio-8762-exec-4] com.vtu.mapper.WorksMapper.getWorksByCondition_COUNT Line:143 - ==> Parameters: pass(String), 1(String)
2020-12-03 00:32:07.153 DEBUG --- [http-nio-8762-exec-4] com.vtu.mapper.WorksMapper.getWorksByCondition_COUNT Line:143 - <==      Total: 1
2020-12-03 00:32:07.157 DEBUG --- [http-nio-8762-exec-4] com.vtu.mapper.WorksMapper.getWorksByCondition Line:143 - ==>  Preparing: SELECT w.* FROM tb_works w WHERE w.status LIKE concat('%',?,'%') and w.type LIKE concat('%',?,'%') and (w.is_del IS NULL || length(w.is_del)!=0) ORDER BY w.works_id desc LIMIT ? 
2020-12-03 00:32:07.161 DEBUG --- [http-nio-8762-exec-4] com.vtu.mapper.WorksMapper.getWorksByCondition Line:143 - ==> Parameters: pass(String), 1(String), 4(Integer)
2020-12-03 00:32:07.196 DEBUG --- [http-nio-8762-exec-4] com.vtu.mapper.WorksMapper.getWorksByCondition Line:143 - <==      Total: 1
2020-12-03 00:32:07.197 DEBUG --- [http-nio-8762-exec-3] com.vtu.mapper.WorksMapper.getWorksByCondition_COUNT Line:143 - ==>  Preparing: select count(0) from (SELECT w.* FROM tb_works w WHERE w.status LIKE concat('%',?,'%') and w.type LIKE concat('%',?,'%') and (w.is_del IS NULL || length(w.is_del)!=0) ORDER BY w.works_id desc) tmp_count 
2020-12-03 00:32:07.198 DEBUG --- [http-nio-8762-exec-3] com.vtu.mapper.WorksMapper.getWorksByCondition_COUNT Line:143 - ==> Parameters: pass(String), 2(String)
2020-12-03 00:32:07.226 DEBUG --- [http-nio-8762-exec-3] com.vtu.mapper.WorksMapper.getWorksByCondition_COUNT Line:143 - <==      Total: 1
2020-12-03 00:32:11.224 DEBUG --- [http-nio-8762-exec-5] com.vtu.mapper.VipMapper.selectByVipType Line:143 - ==>  Preparing: SELECT id, vip_type, type_name , vip_detail_id,vip_id, vip_name, time_long, time_unit, com_material, material, modial_material, custom_discount,prices, invoice_type,sort_num FROM (SELECT * FROM tb_vip WHERE vip_type=?) a LEFT JOIN tb_vip_detail b ON a.id = b.vip_id ORDER BY sort_num,vip_detail_id 
2020-12-03 00:32:11.224 DEBUG --- [http-nio-8762-exec-6] com.vtu.mapper.VipMapper.selectByVipType Line:143 - ==>  Preparing: SELECT id, vip_type, type_name , vip_detail_id,vip_id, vip_name, time_long, time_unit, com_material, material, modial_material, custom_discount,prices, invoice_type,sort_num FROM (SELECT * FROM tb_vip WHERE vip_type=?) a LEFT JOIN tb_vip_detail b ON a.id = b.vip_id ORDER BY sort_num,vip_detail_id 
2020-12-03 00:32:11.226 DEBUG --- [http-nio-8762-exec-6] com.vtu.mapper.VipMapper.selectByVipType Line:143 - ==> Parameters: 1(Long)
2020-12-03 00:32:11.226 DEBUG --- [http-nio-8762-exec-5] com.vtu.mapper.VipMapper.selectByVipType Line:143 - ==> Parameters: 1(Long)
2020-12-03 00:32:11.272 DEBUG --- [http-nio-8762-exec-5] com.vtu.mapper.VipMapper.selectByVipType Line:143 - <==      Total: 12
2020-12-03 00:32:11.273 DEBUG --- [http-nio-8762-exec-6] com.vtu.mapper.VipMapper.selectByVipType Line:143 - <==      Total: 12
2020-12-03 00:32:11.278 DEBUG --- [http-nio-8762-exec-7] com.vtu.mapper.WorksDownloadMapper.findAllByAccountId_COUNT Line:143 - ==>  Preparing: SELECT count(0) FROM tb_works t, tb_works_download d WHERE t.works_id = d.works_id AND d.account_id = ? 
2020-12-03 00:32:11.282 DEBUG --- [http-nio-8762-exec-7] com.vtu.mapper.WorksDownloadMapper.findAllByAccountId_COUNT Line:143 - ==> Parameters: 12(Long)
2020-12-03 00:32:11.310 DEBUG --- [http-nio-8762-exec-7] com.vtu.mapper.WorksDownloadMapper.findAllByAccountId_COUNT Line:143 - <==      Total: 1
2020-12-03 00:32:11.312 DEBUG --- [http-nio-8762-exec-7] com.vtu.mapper.WorksDownloadMapper.findAllByAccountId Line:143 - ==>  Preparing: SELECT t.*,d.down_time from tb_works t,tb_works_download d WHERE t.works_id=d.works_id AND d.account_id=? ORDER BY d.down_time DESC LIMIT ? 
2020-12-03 00:32:11.313 DEBUG --- [http-nio-8762-exec-7] com.vtu.mapper.WorksDownloadMapper.findAllByAccountId Line:143 - ==> Parameters: 12(Long), 10(Integer)
2020-12-03 00:32:11.345 DEBUG --- [http-nio-8762-exec-7] com.vtu.mapper.WorksDownloadMapper.findAllByAccountId Line:143 - <==      Total: 1
2020-12-03 00:32:11.377 DEBUG --- [http-nio-8762-exec-8] com.vtu.mapper.RechargeRecordMapper.findAllByAccountId_COUNT Line:143 - ==>  Preparing: SELECT count(0) FROM tb_recharge_record WHERE account_id = ? 
2020-12-03 00:32:11.378 DEBUG --- [http-nio-8762-exec-8] com.vtu.mapper.RechargeRecordMapper.findAllByAccountId_COUNT Line:143 - ==> Parameters: 12(Long)
2020-12-03 00:32:11.406 DEBUG --- [http-nio-8762-exec-8] com.vtu.mapper.RechargeRecordMapper.findAllByAccountId_COUNT Line:143 - <==      Total: 1
2020-12-03 00:32:11.408 DEBUG --- [http-nio-8762-exec-8] com.vtu.mapper.RechargeRecordMapper.findAllByAccountId Line:143 - ==>  Preparing: select recharge_id, account_id, recharge_time, recharge_money from tb_recharge_record where account_id = ? LIMIT ? 
2020-12-03 00:32:11.409 DEBUG --- [http-nio-8762-exec-8] com.vtu.mapper.RechargeRecordMapper.findAllByAccountId Line:143 - ==> Parameters: 12(Long), 5(Integer)
2020-12-03 00:32:11.438 DEBUG --- [http-nio-8762-exec-8] com.vtu.mapper.RechargeRecordMapper.findAllByAccountId Line:143 - <==      Total: 3
2020-12-03 00:32:28.999 DEBUG --- [http-nio-8762-exec-1] com.vtu.mapper.CustomerMapper.selectByPrimaryKey Line:143 - ==>  Preparing: select account_id, account, password, name, phone, id_card, remain, is_vip, is_shoper, email, email_send_time,wxId, qqId,authCode,isAuth, sex,header_image_url,head_portrait_url,id_card_url,passport_url,business_liscence_url,protocol_url,shoper_type,shoper_status from tb_customer where account_id = ? 
2020-12-03 00:32:29.001 DEBUG --- [http-nio-8762-exec-1] com.vtu.mapper.CustomerMapper.selectByPrimaryKey Line:143 - ==> Parameters: 12(Long)
2020-12-03 00:32:29.031 DEBUG --- [http-nio-8762-exec-1] com.vtu.mapper.CustomerMapper.selectByPrimaryKey Line:143 - <==      Total: 1
2020-12-03 00:33:44.450 DEBUG --- [restartedMain] org.apache.ibatis.logging.LogFactory Line:105 - Logging initialized using 'class org.apache.ibatis.logging.slf4j.Slf4jImpl' adapter.
2020-12-03 00:34:24.108 DEBUG --- [http-nio-8762-exec-2] com.vtu.mapper.CustomerMapper.selectByAuthCode Line:143 - ==>  Preparing: select account_id, account, password, name, phone, id_card, remain, is_vip, is_shoper, email, email_send_time,wxId, qqId,authCode,isAuth, sex,header_image_url,head_portrait_url,id_card_url,passport_url,business_liscence_url,protocol_url,shoper_type,shoper_status from tb_customer where authCode = ? 
2020-12-03 00:34:24.142 DEBUG --- [http-nio-8762-exec-2] com.vtu.mapper.CustomerMapper.selectByAuthCode Line:143 - ==> Parameters: 1234(String)
2020-12-03 00:34:24.212 DEBUG --- [http-nio-8762-exec-2] com.vtu.mapper.CustomerMapper.selectByAuthCode Line:143 - <==      Total: 1
2020-12-03 00:34:24.218 DEBUG --- [http-nio-8762-exec-2] com.vtu.mapper.CustomerVipMapper.selectByAccountId Line:143 - ==>  Preparing: select id, account_id, vip_detail_id, start_time, end_time, is_vip from tb_customer_vip where account_id = ? 
2020-12-03 00:34:24.220 DEBUG --- [http-nio-8762-exec-2] com.vtu.mapper.CustomerVipMapper.selectByAccountId Line:143 - ==> Parameters: 12(Long)
2020-12-03 00:34:24.253 DEBUG --- [http-nio-8762-exec-2] com.vtu.mapper.CustomerVipMapper.selectByAccountId Line:143 - <==      Total: 0
2020-12-03 00:34:24.254 DEBUG --- [http-nio-8762-exec-2] com.vtu.mapper.CustomerMapper.updateByPrimaryKey Line:143 - ==>  Preparing: update tb_customer set account = ?, password = ?, name = ?, sex = ?, phone = ?, id_card = ?, remain = ?, is_vip = ?, is_shoper = ?, email = ?, email_send_time = ?, wxId = ?, qqId = ?, authCode = ?, isAuth = ?, header_image_url = ?, head_portrait_url = ?, id_card_url = ?, passport_url = ?, business_liscence_url = ?, protocol_url = ?, shoper_type = ?, shoper_status = ? where account_id = ? 
2020-12-03 00:34:24.257 DEBUG --- [http-nio-8762-exec-2] com.vtu.mapper.CustomerMapper.updateByPrimaryKey Line:143 - ==> Parameters: VT20191103232122916(String), null, 小星星(String), null, null, null, 100(BigDecimal), null, null, 786107325@qq.com(String), 2019-11-03 23:21:22:915(String), null, null, 1234(String), true(String), https://vtuweb.oss-cn-beijing.aliyuncs.com/temps/tempOutput/1605435370549/headerImage/儿童.jpg(String), null, null, null, null, null, personal(String), (String), 12(Long)
2020-12-03 00:34:24.312 DEBUG --- [http-nio-8762-exec-2] com.vtu.mapper.CustomerMapper.updateByPrimaryKey Line:143 - <==    Updates: 1
2020-12-03 00:34:25.938 DEBUG --- [http-nio-8762-exec-1] com.vtu.mapper.WorksMapper.getWorksByCondition_COUNT Line:143 - ==>  Preparing: select count(0) from (SELECT w.* FROM tb_works w WHERE w.status LIKE concat('%',?,'%') and w.type LIKE concat('%',?,'%') and (w.is_del IS NULL || length(w.is_del)!=0) ORDER BY w.works_id desc) tmp_count 
2020-12-03 00:34:25.939 DEBUG --- [http-nio-8762-exec-1] com.vtu.mapper.WorksMapper.getWorksByCondition_COUNT Line:143 - ==> Parameters: pass(String), 1(String)
2020-12-03 00:34:25.969 DEBUG --- [http-nio-8762-exec-1] com.vtu.mapper.WorksMapper.getWorksByCondition_COUNT Line:143 - <==      Total: 1
2020-12-03 00:34:25.971 DEBUG --- [http-nio-8762-exec-1] com.vtu.mapper.WorksMapper.getWorksByCondition Line:143 - ==>  Preparing: SELECT w.* FROM tb_works w WHERE w.status LIKE concat('%',?,'%') and w.type LIKE concat('%',?,'%') and (w.is_del IS NULL || length(w.is_del)!=0) ORDER BY w.works_id desc LIMIT ? 
2020-12-03 00:34:25.977 DEBUG --- [http-nio-8762-exec-1] com.vtu.mapper.WorksMapper.getWorksByCondition Line:143 - ==> Parameters: pass(String), 1(String), 4(Integer)
2020-12-03 00:34:26.012 DEBUG --- [http-nio-8762-exec-1] com.vtu.mapper.WorksMapper.getWorksByCondition Line:143 - <==      Total: 1
2020-12-03 00:34:26.014 DEBUG --- [http-nio-8762-exec-4] com.vtu.mapper.WorksMapper.getWorksByCondition_COUNT Line:143 - ==>  Preparing: select count(0) from (SELECT w.* FROM tb_works w WHERE w.status LIKE concat('%',?,'%') and w.type LIKE concat('%',?,'%') and (w.is_del IS NULL || length(w.is_del)!=0) ORDER BY w.works_id desc) tmp_count 
2020-12-03 00:34:26.021 DEBUG --- [http-nio-8762-exec-4] com.vtu.mapper.WorksMapper.getWorksByCondition_COUNT Line:143 - ==> Parameters: pass(String), 2(String)
2020-12-03 00:34:26.269 DEBUG --- [http-nio-8762-exec-4] com.vtu.mapper.WorksMapper.getWorksByCondition_COUNT Line:143 - <==      Total: 1
2020-12-03 00:34:26.271 DEBUG --- [http-nio-8762-exec-3] com.vtu.mapper.WorksMapper.getWorksByCondition_COUNT Line:143 - ==>  Preparing: select count(0) from (SELECT w.* FROM tb_works w WHERE w.status LIKE concat('%',?,'%') and w.type LIKE concat('%',?,'%') and (w.is_del IS NULL || length(w.is_del)!=0) ORDER BY w.works_id desc) tmp_count 
2020-12-03 00:34:26.272 DEBUG --- [http-nio-8762-exec-3] com.vtu.mapper.WorksMapper.getWorksByCondition_COUNT Line:143 - ==> Parameters: pass(String), 3(String)
2020-12-03 00:34:26.304 DEBUG --- [http-nio-8762-exec-3] com.vtu.mapper.WorksMapper.getWorksByCondition_COUNT Line:143 - <==      Total: 1
2020-12-03 00:34:30.036 DEBUG --- [http-nio-8762-exec-5] com.vtu.mapper.VipMapper.selectByVipType Line:143 - ==>  Preparing: SELECT id, vip_type, type_name , vip_detail_id,vip_id, vip_name, time_long, time_unit, com_material, material, modial_material, custom_discount,prices, invoice_type,sort_num FROM (SELECT * FROM tb_vip WHERE vip_type=?) a LEFT JOIN tb_vip_detail b ON a.id = b.vip_id ORDER BY sort_num,vip_detail_id 
2020-12-03 00:34:30.038 DEBUG --- [http-nio-8762-exec-5] com.vtu.mapper.VipMapper.selectByVipType Line:143 - ==> Parameters: 1(Long)
2020-12-03 00:34:30.044 DEBUG --- [http-nio-8762-exec-6] com.vtu.mapper.VipMapper.selectByVipType Line:143 - ==>  Preparing: SELECT id, vip_type, type_name , vip_detail_id,vip_id, vip_name, time_long, time_unit, com_material, material, modial_material, custom_discount,prices, invoice_type,sort_num FROM (SELECT * FROM tb_vip WHERE vip_type=?) a LEFT JOIN tb_vip_detail b ON a.id = b.vip_id ORDER BY sort_num,vip_detail_id 
2020-12-03 00:34:30.045 DEBUG --- [http-nio-8762-exec-6] com.vtu.mapper.VipMapper.selectByVipType Line:143 - ==> Parameters: 1(Long)
2020-12-03 00:34:30.083 DEBUG --- [http-nio-8762-exec-5] com.vtu.mapper.VipMapper.selectByVipType Line:143 - <==      Total: 12
2020-12-03 00:34:30.084 DEBUG --- [http-nio-8762-exec-7] com.vtu.mapper.WorksDownloadMapper.findAllByAccountId_COUNT Line:143 - ==>  Preparing: SELECT count(0) FROM tb_works t, tb_works_download d WHERE t.works_id = d.works_id AND d.account_id = ? 
2020-12-03 00:34:30.085 DEBUG --- [http-nio-8762-exec-7] com.vtu.mapper.WorksDownloadMapper.findAllByAccountId_COUNT Line:143 - ==> Parameters: 12(Long)
2020-12-03 00:34:30.087 DEBUG --- [http-nio-8762-exec-6] com.vtu.mapper.VipMapper.selectByVipType Line:143 - <==      Total: 12
2020-12-03 00:34:30.115 DEBUG --- [http-nio-8762-exec-7] com.vtu.mapper.WorksDownloadMapper.findAllByAccountId_COUNT Line:143 - <==      Total: 1
2020-12-03 00:34:30.117 DEBUG --- [http-nio-8762-exec-7] com.vtu.mapper.WorksDownloadMapper.findAllByAccountId Line:143 - ==>  Preparing: SELECT t.*,d.down_time from tb_works t,tb_works_download d WHERE t.works_id=d.works_id AND d.account_id=? ORDER BY d.down_time DESC LIMIT ? 
2020-12-03 00:34:30.118 DEBUG --- [http-nio-8762-exec-7] com.vtu.mapper.WorksDownloadMapper.findAllByAccountId Line:143 - ==> Parameters: 12(Long), 10(Integer)
2020-12-03 00:34:30.152 DEBUG --- [http-nio-8762-exec-7] com.vtu.mapper.WorksDownloadMapper.findAllByAccountId Line:143 - <==      Total: 1
2020-12-03 00:34:30.186 DEBUG --- [http-nio-8762-exec-8] com.vtu.mapper.RechargeRecordMapper.findAllByAccountId_COUNT Line:143 - ==>  Preparing: SELECT count(0) FROM tb_recharge_record WHERE account_id = ? 
2020-12-03 00:34:30.187 DEBUG --- [http-nio-8762-exec-8] com.vtu.mapper.RechargeRecordMapper.findAllByAccountId_COUNT Line:143 - ==> Parameters: 12(Long)
2020-12-03 00:34:30.218 DEBUG --- [http-nio-8762-exec-8] com.vtu.mapper.RechargeRecordMapper.findAllByAccountId_COUNT Line:143 - <==      Total: 1
2020-12-03 00:34:30.221 DEBUG --- [http-nio-8762-exec-8] com.vtu.mapper.RechargeRecordMapper.findAllByAccountId Line:143 - ==>  Preparing: select recharge_id, account_id, recharge_time, recharge_money from tb_recharge_record where account_id = ? LIMIT ? 
2020-12-03 00:34:30.222 DEBUG --- [http-nio-8762-exec-8] com.vtu.mapper.RechargeRecordMapper.findAllByAccountId Line:143 - ==> Parameters: 12(Long), 5(Integer)
2020-12-03 00:34:30.249 DEBUG --- [http-nio-8762-exec-8] com.vtu.mapper.RechargeRecordMapper.findAllByAccountId Line:143 - <==      Total: 3
2020-12-03 00:35:17.993 DEBUG --- [restartedMain] org.apache.ibatis.logging.LogFactory Line:105 - Logging initialized using 'class org.apache.ibatis.logging.slf4j.Slf4jImpl' adapter.
2020-12-03 00:35:39.057 DEBUG --- [http-nio-8762-exec-1] com.vtu.mapper.CustomerMapper.selectByPrimaryKey Line:143 - ==>  Preparing: select account_id, account, password, name, phone, id_card, remain, is_vip, is_shoper, email, email_send_time,wxId, qqId,authCode,isAuth, sex,header_image_url,head_portrait_url,id_card_url,passport_url,business_liscence_url,protocol_url,shoper_type,shoper_status from tb_customer where account_id = ? 
2020-12-03 00:35:39.097 DEBUG --- [http-nio-8762-exec-1] com.vtu.mapper.CustomerMapper.selectByPrimaryKey Line:143 - ==> Parameters: 12(Long)
2020-12-03 00:35:39.170 DEBUG --- [http-nio-8762-exec-1] com.vtu.mapper.CustomerMapper.selectByPrimaryKey Line:143 - <==      Total: 1
2020-12-03 00:35:39.175 DEBUG --- [http-nio-8762-exec-2] com.vtu.mapper.VipMapper.selectByPrimaryKey Line:143 - ==>  Preparing: select id, vip_type, type_name from tb_vip where id = ? 
2020-12-03 00:35:39.177 DEBUG --- [http-nio-8762-exec-2] com.vtu.mapper.VipMapper.selectByPrimaryKey Line:143 - ==> Parameters: 1(Long)
2020-12-03 00:35:39.209 DEBUG --- [http-nio-8762-exec-2] com.vtu.mapper.VipMapper.selectByPrimaryKey Line:143 - <==      Total: 1
2020-12-03 00:36:06.829 DEBUG --- [http-nio-8762-exec-3] com.vtu.mapper.CustomerMapper.selectByPrimaryKey Line:143 - ==>  Preparing: select account_id, account, password, name, phone, id_card, remain, is_vip, is_shoper, email, email_send_time,wxId, qqId,authCode,isAuth, sex,header_image_url,head_portrait_url,id_card_url,passport_url,business_liscence_url,protocol_url,shoper_type,shoper_status from tb_customer where account_id = ? 
2020-12-03 00:36:06.831 DEBUG --- [http-nio-8762-exec-3] com.vtu.mapper.CustomerMapper.selectByPrimaryKey Line:143 - ==> Parameters: 12(Long)
2020-12-03 00:36:06.860 DEBUG --- [http-nio-8762-exec-3] com.vtu.mapper.CustomerMapper.selectByPrimaryKey Line:143 - <==      Total: 1
2020-12-03 00:36:12.875 DEBUG --- [http-nio-8762-exec-4] com.vtu.mapper.VipMapper.selectByPrimaryKey Line:143 - ==>  Preparing: select id, vip_type, type_name from tb_vip where id = ? 
2020-12-03 00:36:12.877 DEBUG --- [http-nio-8762-exec-4] com.vtu.mapper.VipMapper.selectByPrimaryKey Line:143 - ==> Parameters: 1(Long)
2020-12-03 00:36:12.907 DEBUG --- [http-nio-8762-exec-4] com.vtu.mapper.VipMapper.selectByPrimaryKey Line:143 - <==      Total: 1
2020-12-03 00:40:55.275 DEBUG --- [restartedMain] org.apache.ibatis.logging.LogFactory Line:105 - Logging initialized using 'class org.apache.ibatis.logging.slf4j.Slf4jImpl' adapter.
2020-12-03 00:41:10.646 DEBUG --- [http-nio-8762-exec-1] com.vtu.mapper.CustomerMapper.selectByPrimaryKey Line:143 - ==>  Preparing: select account_id, account, password, name, phone, id_card, remain, is_vip, is_shoper, email, email_send_time,wxId, qqId,authCode,isAuth, sex,header_image_url,head_portrait_url,id_card_url,passport_url,business_liscence_url,protocol_url,shoper_type,shoper_status from tb_customer where account_id = ? 
2020-12-03 00:41:10.698 DEBUG --- [http-nio-8762-exec-1] com.vtu.mapper.CustomerMapper.selectByPrimaryKey Line:143 - ==> Parameters: 12(Long)
2020-12-03 00:41:10.767 DEBUG --- [http-nio-8762-exec-1] com.vtu.mapper.CustomerMapper.selectByPrimaryKey Line:143 - <==      Total: 1
2020-12-03 00:41:16.894 DEBUG --- [http-nio-8762-exec-2] com.vtu.mapper.VipMapper.selectByPrimaryKey Line:143 - ==>  Preparing: select id, vip_type, type_name from tb_vip_detail where vip_id = ? 
2020-12-03 00:41:16.895 DEBUG --- [http-nio-8762-exec-2] com.vtu.mapper.VipMapper.selectByPrimaryKey Line:143 - ==> Parameters: 1(Long)
2020-12-03 00:43:20.324 DEBUG --- [restartedMain] org.apache.ibatis.logging.LogFactory Line:105 - Logging initialized using 'class org.apache.ibatis.logging.slf4j.Slf4jImpl' adapter.
2020-12-03 00:43:52.730 DEBUG --- [http-nio-8762-exec-2] com.vtu.mapper.CustomerMapper.selectByPrimaryKey Line:143 - ==>  Preparing: select account_id, account, password, name, phone, id_card, remain, is_vip, is_shoper, email, email_send_time,wxId, qqId,authCode,isAuth, sex,header_image_url,head_portrait_url,id_card_url,passport_url,business_liscence_url,protocol_url,shoper_type,shoper_status from tb_customer where account_id = ? 
2020-12-03 00:43:52.801 DEBUG --- [http-nio-8762-exec-2] com.vtu.mapper.CustomerMapper.selectByPrimaryKey Line:143 - ==> Parameters: 12(Long)
2020-12-03 00:43:52.868 DEBUG --- [http-nio-8762-exec-2] com.vtu.mapper.CustomerMapper.selectByPrimaryKey Line:143 - <==      Total: 1
2020-12-03 00:43:57.735 DEBUG --- [http-nio-8762-exec-1] com.vtu.mapper.VipMapper.selectByPrimaryKey Line:143 - ==>  Preparing: select id, vip_type, type_name from tb_vip_detail where vip_id = ? 
2020-12-03 00:43:57.737 DEBUG --- [http-nio-8762-exec-1] com.vtu.mapper.VipMapper.selectByPrimaryKey Line:143 - ==> Parameters: 1(Long)
2020-12-03 00:46:11.330 DEBUG --- [restartedMain] org.apache.ibatis.logging.LogFactory Line:105 - Logging initialized using 'class org.apache.ibatis.logging.slf4j.Slf4jImpl' adapter.
2020-12-03 00:46:48.158 DEBUG --- [http-nio-8762-exec-2] com.vtu.mapper.VipMapper.selectByVipType Line:143 - ==>  Preparing: SELECT id, vip_type, type_name , vip_detail_id,vip_id, vip_name, time_long, time_unit, com_material, material, modial_material, custom_discount,prices, invoice_type,sort_num FROM (SELECT * FROM tb_vip WHERE vip_type=?) a LEFT JOIN tb_vip_detail b ON a.id = b.vip_id ORDER BY sort_num,vip_detail_id 
2020-12-03 00:46:48.318 DEBUG --- [http-nio-8762-exec-2] com.vtu.mapper.VipMapper.selectByVipType Line:143 - ==> Parameters: 1(Long)
2020-12-03 00:46:48.422 DEBUG --- [http-nio-8762-exec-2] com.vtu.mapper.VipMapper.selectByVipType Line:143 - <==      Total: 12
2020-12-03 00:46:48.454 DEBUG --- [http-nio-8762-exec-1] com.vtu.mapper.VipMapper.selectByVipType Line:143 - ==>  Preparing: SELECT id, vip_type, type_name , vip_detail_id,vip_id, vip_name, time_long, time_unit, com_material, material, modial_material, custom_discount,prices, invoice_type,sort_num FROM (SELECT * FROM tb_vip WHERE vip_type=?) a LEFT JOIN tb_vip_detail b ON a.id = b.vip_id ORDER BY sort_num,vip_detail_id 
2020-12-03 00:46:48.456 DEBUG --- [http-nio-8762-exec-1] com.vtu.mapper.VipMapper.selectByVipType Line:143 - ==> Parameters: 1(Long)
2020-12-03 00:46:48.456 DEBUG --- [http-nio-8762-exec-3] com.vtu.mapper.WorksDownloadMapper.findAllByAccountId_COUNT Line:143 - ==>  Preparing: SELECT count(0) FROM tb_works t, tb_works_download d WHERE t.works_id = d.works_id AND d.account_id = ? 
2020-12-03 00:46:48.459 DEBUG --- [http-nio-8762-exec-3] com.vtu.mapper.WorksDownloadMapper.findAllByAccountId_COUNT Line:143 - ==> Parameters: 12(Long)
2020-12-03 00:46:48.486 DEBUG --- [http-nio-8762-exec-3] com.vtu.mapper.WorksDownloadMapper.findAllByAccountId_COUNT Line:143 - <==      Total: 1
2020-12-03 00:46:48.489 DEBUG --- [http-nio-8762-exec-3] com.vtu.mapper.WorksDownloadMapper.findAllByAccountId Line:143 - ==>  Preparing: SELECT t.*,d.down_time from tb_works t,tb_works_download d WHERE t.works_id=d.works_id AND d.account_id=? ORDER BY d.down_time DESC LIMIT ? 
2020-12-03 00:46:48.491 DEBUG --- [http-nio-8762-exec-3] com.vtu.mapper.WorksDownloadMapper.findAllByAccountId Line:143 - ==> Parameters: 12(Long), 10(Integer)
2020-12-03 00:46:48.500 DEBUG --- [http-nio-8762-exec-1] com.vtu.mapper.VipMapper.selectByVipType Line:143 - <==      Total: 12
2020-12-03 00:46:48.529 DEBUG --- [http-nio-8762-exec-3] com.vtu.mapper.WorksDownloadMapper.findAllByAccountId Line:143 - <==      Total: 1
2020-12-03 00:46:48.560 DEBUG --- [http-nio-8762-exec-4] com.vtu.mapper.RechargeRecordMapper.findAllByAccountId_COUNT Line:143 - ==>  Preparing: SELECT count(0) FROM tb_recharge_record WHERE account_id = ? 
2020-12-03 00:46:48.561 DEBUG --- [http-nio-8762-exec-4] com.vtu.mapper.RechargeRecordMapper.findAllByAccountId_COUNT Line:143 - ==> Parameters: 12(Long)
2020-12-03 00:46:48.587 DEBUG --- [http-nio-8762-exec-4] com.vtu.mapper.RechargeRecordMapper.findAllByAccountId_COUNT Line:143 - <==      Total: 1
2020-12-03 00:46:48.589 DEBUG --- [http-nio-8762-exec-4] com.vtu.mapper.RechargeRecordMapper.findAllByAccountId Line:143 - ==>  Preparing: select recharge_id, account_id, recharge_time, recharge_money from tb_recharge_record where account_id = ? LIMIT ? 
2020-12-03 00:46:48.590 DEBUG --- [http-nio-8762-exec-4] com.vtu.mapper.RechargeRecordMapper.findAllByAccountId Line:143 - ==> Parameters: 12(Long), 5(Integer)
2020-12-03 00:46:48.619 DEBUG --- [http-nio-8762-exec-4] com.vtu.mapper.RechargeRecordMapper.findAllByAccountId Line:143 - <==      Total: 3
2020-12-03 00:46:56.345 DEBUG --- [http-nio-8762-exec-6] com.vtu.mapper.VipMapper.selectByPrimaryKey Line:143 - ==>  Preparing: select vip_detail_id,vip_id, vip_name, time_long, time_unit, com_material, material, modial_material, custom_discount,prices, invoice_type,sort_num from tb_vip_detail where vip_id = ? 
2020-12-03 00:46:56.347 DEBUG --- [http-nio-8762-exec-6] com.vtu.mapper.VipMapper.selectByPrimaryKey Line:143 - ==> Parameters: 1(Long)
2020-12-03 00:46:56.347 DEBUG --- [http-nio-8762-exec-5] com.vtu.mapper.CustomerMapper.selectByPrimaryKey Line:143 - ==>  Preparing: select account_id, account, password, name, phone, id_card, remain, is_vip, is_shoper, email, email_send_time,wxId, qqId,authCode,isAuth, sex,header_image_url,head_portrait_url,id_card_url,passport_url,business_liscence_url,protocol_url,shoper_type,shoper_status from tb_customer where account_id = ? 
2020-12-03 00:46:56.349 DEBUG --- [http-nio-8762-exec-5] com.vtu.mapper.CustomerMapper.selectByPrimaryKey Line:143 - ==> Parameters: 12(Long)
2020-12-03 00:46:56.380 DEBUG --- [http-nio-8762-exec-6] com.vtu.mapper.VipMapper.selectByPrimaryKey Line:143 - <==      Total: 5
2020-12-03 00:46:56.379 DEBUG --- [http-nio-8762-exec-5] com.vtu.mapper.CustomerMapper.selectByPrimaryKey Line:143 - <==      Total: 1
2020-12-03 00:48:21.965 DEBUG --- [restartedMain] org.apache.ibatis.logging.LogFactory Line:105 - Logging initialized using 'class org.apache.ibatis.logging.slf4j.Slf4jImpl' adapter.
2020-12-03 00:48:52.776 DEBUG --- [http-nio-8762-exec-1] com.vtu.mapper.VipMapper.selectByVipType Line:143 - ==>  Preparing: SELECT id, vip_type, type_name , vip_detail_id,vip_id, vip_name, time_long, time_unit, com_material, material, modial_material, custom_discount,prices, invoice_type,sort_num FROM (SELECT * FROM tb_vip WHERE vip_type=?) a LEFT JOIN tb_vip_detail b ON a.id = b.vip_id ORDER BY sort_num,vip_detail_id 
2020-12-03 00:48:52.826 DEBUG --- [http-nio-8762-exec-1] com.vtu.mapper.VipMapper.selectByVipType Line:143 - ==> Parameters: 1(Long)
2020-12-03 00:48:52.926 DEBUG --- [http-nio-8762-exec-1] com.vtu.mapper.VipMapper.selectByVipType Line:143 - <==      Total: 12
2020-12-03 00:48:52.950 DEBUG --- [http-nio-8762-exec-2] com.vtu.mapper.VipMapper.selectByVipType Line:143 - ==>  Preparing: SELECT id, vip_type, type_name , vip_detail_id,vip_id, vip_name, time_long, time_unit, com_material, material, modial_material, custom_discount,prices, invoice_type,sort_num FROM (SELECT * FROM tb_vip WHERE vip_type=?) a LEFT JOIN tb_vip_detail b ON a.id = b.vip_id ORDER BY sort_num,vip_detail_id 
2020-12-03 00:48:52.951 DEBUG --- [http-nio-8762-exec-2] com.vtu.mapper.VipMapper.selectByVipType Line:143 - ==> Parameters: 1(Long)
2020-12-03 00:48:53.000 DEBUG --- [http-nio-8762-exec-2] com.vtu.mapper.VipMapper.selectByVipType Line:143 - <==      Total: 12
2020-12-03 00:48:53.010 DEBUG --- [http-nio-8762-exec-4] com.vtu.mapper.WorksDownloadMapper.findAllByAccountId_COUNT Line:143 - ==>  Preparing: SELECT count(0) FROM tb_works t, tb_works_download d WHERE t.works_id = d.works_id AND d.account_id = ? 
2020-12-03 00:48:53.012 DEBUG --- [http-nio-8762-exec-4] com.vtu.mapper.WorksDownloadMapper.findAllByAccountId_COUNT Line:143 - ==> Parameters: 12(Long)
2020-12-03 00:48:53.041 DEBUG --- [http-nio-8762-exec-4] com.vtu.mapper.WorksDownloadMapper.findAllByAccountId_COUNT Line:143 - <==      Total: 1
2020-12-03 00:48:53.041 DEBUG --- [http-nio-8762-exec-3] com.vtu.mapper.RechargeRecordMapper.findAllByAccountId_COUNT Line:143 - ==>  Preparing: SELECT count(0) FROM tb_recharge_record WHERE account_id = ? 
2020-12-03 00:48:53.045 DEBUG --- [http-nio-8762-exec-4] com.vtu.mapper.WorksDownloadMapper.findAllByAccountId Line:143 - ==>  Preparing: SELECT t.*,d.down_time from tb_works t,tb_works_download d WHERE t.works_id=d.works_id AND d.account_id=? ORDER BY d.down_time DESC LIMIT ? 
2020-12-03 00:48:53.045 DEBUG --- [http-nio-8762-exec-3] com.vtu.mapper.RechargeRecordMapper.findAllByAccountId_COUNT Line:143 - ==> Parameters: 12(Long)
2020-12-03 00:48:53.048 DEBUG --- [http-nio-8762-exec-4] com.vtu.mapper.WorksDownloadMapper.findAllByAccountId Line:143 - ==> Parameters: 12(Long), 10(Integer)
2020-12-03 00:48:53.073 DEBUG --- [http-nio-8762-exec-3] com.vtu.mapper.RechargeRecordMapper.findAllByAccountId_COUNT Line:143 - <==      Total: 1
2020-12-03 00:48:53.075 DEBUG --- [http-nio-8762-exec-3] com.vtu.mapper.RechargeRecordMapper.findAllByAccountId Line:143 - ==>  Preparing: select recharge_id, account_id, recharge_time, recharge_money from tb_recharge_record where account_id = ? LIMIT ? 
2020-12-03 00:48:53.077 DEBUG --- [http-nio-8762-exec-3] com.vtu.mapper.RechargeRecordMapper.findAllByAccountId Line:143 - ==> Parameters: 12(Long), 5(Integer)
2020-12-03 00:48:53.083 DEBUG --- [http-nio-8762-exec-4] com.vtu.mapper.WorksDownloadMapper.findAllByAccountId Line:143 - <==      Total: 1
2020-12-03 00:48:53.103 DEBUG --- [http-nio-8762-exec-3] com.vtu.mapper.RechargeRecordMapper.findAllByAccountId Line:143 - <==      Total: 3
2020-12-03 00:49:05.090 DEBUG --- [http-nio-8762-exec-7] com.vtu.mapper.VipMapper.selectByPrimaryKey Line:143 - ==>  Preparing: select vip_detail_id,vip_id, vip_name, time_long, time_unit, com_material, material, modial_material, custom_discount,prices, invoice_type,sort_num from tb_vip_detail where tb_vip_detail = ? 
2020-12-03 00:49:05.091 DEBUG --- [http-nio-8762-exec-7] com.vtu.mapper.VipMapper.selectByPrimaryKey Line:143 - ==> Parameters: 1(Long)
2020-12-03 00:49:05.096 DEBUG --- [http-nio-8762-exec-6] com.vtu.mapper.CustomerMapper.selectByPrimaryKey Line:143 - ==>  Preparing: select account_id, account, password, name, phone, id_card, remain, is_vip, is_shoper, email, email_send_time,wxId, qqId,authCode,isAuth, sex,header_image_url,head_portrait_url,id_card_url,passport_url,business_liscence_url,protocol_url,shoper_type,shoper_status from tb_customer where account_id = ? 
2020-12-03 00:49:05.097 DEBUG --- [http-nio-8762-exec-6] com.vtu.mapper.CustomerMapper.selectByPrimaryKey Line:143 - ==> Parameters: 12(Long)
2020-12-03 00:49:05.126 DEBUG --- [http-nio-8762-exec-6] com.vtu.mapper.CustomerMapper.selectByPrimaryKey Line:143 - <==      Total: 1
2020-12-03 00:50:21.297 DEBUG --- [restartedMain] org.apache.ibatis.logging.LogFactory Line:105 - Logging initialized using 'class org.apache.ibatis.logging.slf4j.Slf4jImpl' adapter.
2020-12-03 00:50:50.540 DEBUG --- [http-nio-8762-exec-2] com.vtu.mapper.VipMapper.selectByVipType Line:143 - ==>  Preparing: SELECT id, vip_type, type_name , vip_detail_id,vip_id, vip_name, time_long, time_unit, com_material, material, modial_material, custom_discount,prices, invoice_type,sort_num FROM (SELECT * FROM tb_vip WHERE vip_type=?) a LEFT JOIN tb_vip_detail b ON a.id = b.vip_id ORDER BY sort_num,vip_detail_id 
2020-12-03 00:50:50.604 DEBUG --- [http-nio-8762-exec-2] com.vtu.mapper.VipMapper.selectByVipType Line:143 - ==> Parameters: 1(Long)
2020-12-03 00:50:50.696 DEBUG --- [http-nio-8762-exec-2] com.vtu.mapper.VipMapper.selectByVipType Line:143 - <==      Total: 12
2020-12-03 00:50:50.701 DEBUG --- [http-nio-8762-exec-1] com.vtu.mapper.VipMapper.selectByVipType Line:143 - ==>  Preparing: SELECT id, vip_type, type_name , vip_detail_id,vip_id, vip_name, time_long, time_unit, com_material, material, modial_material, custom_discount,prices, invoice_type,sort_num FROM (SELECT * FROM tb_vip WHERE vip_type=?) a LEFT JOIN tb_vip_detail b ON a.id = b.vip_id ORDER BY sort_num,vip_detail_id 
2020-12-03 00:50:50.703 DEBUG --- [http-nio-8762-exec-1] com.vtu.mapper.VipMapper.selectByVipType Line:143 - ==> Parameters: 1(Long)
2020-12-03 00:50:50.743 DEBUG --- [http-nio-8762-exec-1] com.vtu.mapper.VipMapper.selectByVipType Line:143 - <==      Total: 12
2020-12-03 00:50:50.744 DEBUG --- [http-nio-8762-exec-3] com.vtu.mapper.WorksDownloadMapper.findAllByAccountId_COUNT Line:143 - ==>  Preparing: SELECT count(0) FROM tb_works t, tb_works_download d WHERE t.works_id = d.works_id AND d.account_id = ? 
2020-12-03 00:50:50.746 DEBUG --- [http-nio-8762-exec-3] com.vtu.mapper.WorksDownloadMapper.findAllByAccountId_COUNT Line:143 - ==> Parameters: 12(Long)
2020-12-03 00:50:50.779 DEBUG --- [http-nio-8762-exec-3] com.vtu.mapper.WorksDownloadMapper.findAllByAccountId_COUNT Line:143 - <==      Total: 1
2020-12-03 00:50:50.783 DEBUG --- [http-nio-8762-exec-3] com.vtu.mapper.WorksDownloadMapper.findAllByAccountId Line:143 - ==>  Preparing: SELECT t.*,d.down_time from tb_works t,tb_works_download d WHERE t.works_id=d.works_id AND d.account_id=? ORDER BY d.down_time DESC LIMIT ? 
2020-12-03 00:50:50.786 DEBUG --- [http-nio-8762-exec-3] com.vtu.mapper.WorksDownloadMapper.findAllByAccountId Line:143 - ==> Parameters: 12(Long), 10(Integer)
2020-12-03 00:50:50.813 DEBUG --- [http-nio-8762-exec-4] com.vtu.mapper.RechargeRecordMapper.findAllByAccountId_COUNT Line:143 - ==>  Preparing: SELECT count(0) FROM tb_recharge_record WHERE account_id = ? 
2020-12-03 00:50:50.815 DEBUG --- [http-nio-8762-exec-4] com.vtu.mapper.RechargeRecordMapper.findAllByAccountId_COUNT Line:143 - ==> Parameters: 12(Long)
2020-12-03 00:50:50.833 DEBUG --- [http-nio-8762-exec-3] com.vtu.mapper.WorksDownloadMapper.findAllByAccountId Line:143 - <==      Total: 1
2020-12-03 00:50:50.846 DEBUG --- [http-nio-8762-exec-4] com.vtu.mapper.RechargeRecordMapper.findAllByAccountId_COUNT Line:143 - <==      Total: 1
2020-12-03 00:50:50.848 DEBUG --- [http-nio-8762-exec-4] com.vtu.mapper.RechargeRecordMapper.findAllByAccountId Line:143 - ==>  Preparing: select recharge_id, account_id, recharge_time, recharge_money from tb_recharge_record where account_id = ? LIMIT ? 
2020-12-03 00:50:50.850 DEBUG --- [http-nio-8762-exec-4] com.vtu.mapper.RechargeRecordMapper.findAllByAccountId Line:143 - ==> Parameters: 12(Long), 5(Integer)
2020-12-03 00:50:50.882 DEBUG --- [http-nio-8762-exec-4] com.vtu.mapper.RechargeRecordMapper.findAllByAccountId Line:143 - <==      Total: 3
2020-12-03 00:51:00.430 DEBUG --- [http-nio-8762-exec-6] com.vtu.mapper.CustomerMapper.selectByPrimaryKey Line:143 - ==>  Preparing: select account_id, account, password, name, phone, id_card, remain, is_vip, is_shoper, email, email_send_time,wxId, qqId,authCode,isAuth, sex,header_image_url,head_portrait_url,id_card_url,passport_url,business_liscence_url,protocol_url,shoper_type,shoper_status from tb_customer where account_id = ? 
2020-12-03 00:51:00.433 DEBUG --- [http-nio-8762-exec-6] com.vtu.mapper.CustomerMapper.selectByPrimaryKey Line:143 - ==> Parameters: 12(Long)
2020-12-03 00:51:00.440 DEBUG --- [http-nio-8762-exec-7] com.vtu.mapper.VipMapper.selectByPrimaryKey Line:143 - ==>  Preparing: select vip_detail_id,vip_id, vip_name, time_long, time_unit, com_material, material, modial_material, custom_discount,prices, invoice_type,sort_num from tb_vip_detail where vip_detail_id = ? 
2020-12-03 00:51:00.443 DEBUG --- [http-nio-8762-exec-7] com.vtu.mapper.VipMapper.selectByPrimaryKey Line:143 - ==> Parameters: 1(Long)
2020-12-03 00:51:00.465 DEBUG --- [http-nio-8762-exec-6] com.vtu.mapper.CustomerMapper.selectByPrimaryKey Line:143 - <==      Total: 1
2020-12-03 00:51:00.478 DEBUG --- [http-nio-8762-exec-7] com.vtu.mapper.VipMapper.selectByPrimaryKey Line:143 - <==      Total: 1
2020-12-03 00:52:36.419 DEBUG --- [restartedMain] org.apache.ibatis.logging.LogFactory Line:105 - Logging initialized using 'class org.apache.ibatis.logging.slf4j.Slf4jImpl' adapter.
2020-12-03 00:53:04.404 DEBUG --- [http-nio-8762-exec-2] com.vtu.mapper.CustomerMapper.selectByPrimaryKey Line:143 - ==>  Preparing: select account_id, account, password, name, phone, id_card, remain, is_vip, is_shoper, email, email_send_time,wxId, qqId,authCode,isAuth, sex,header_image_url,head_portrait_url,id_card_url,passport_url,business_liscence_url,protocol_url,shoper_type,shoper_status from tb_customer where account_id = ? 
2020-12-03 00:53:04.461 DEBUG --- [http-nio-8762-exec-2] com.vtu.mapper.CustomerMapper.selectByPrimaryKey Line:143 - ==> Parameters: 12(Long)
2020-12-03 00:53:04.540 DEBUG --- [http-nio-8762-exec-2] com.vtu.mapper.CustomerMapper.selectByPrimaryKey Line:143 - <==      Total: 1
2020-12-03 00:53:04.546 DEBUG --- [http-nio-8762-exec-1] com.vtu.mapper.VipMapper.selectByPrimaryKey Line:143 - ==>  Preparing: select vip_detail_id,vip_id, vip_name, time_long, time_unit, com_material, material, modial_material, custom_discount,prices, invoice_type,sort_num from tb_vip_detail where vip_detail_id = ? 
2020-12-03 00:53:04.548 DEBUG --- [http-nio-8762-exec-1] com.vtu.mapper.VipMapper.selectByPrimaryKey Line:143 - ==> Parameters: 1(Long)
2020-12-03 00:53:04.576 DEBUG --- [http-nio-8762-exec-1] com.vtu.mapper.VipMapper.selectByPrimaryKey Line:143 - <==      Total: 1
2020-12-03 00:54:26.015 DEBUG --- [http-nio-8762-exec-3] com.vtu.mapper.VipMapper.selectByPrimaryKey Line:143 - ==>  Preparing: select vip_detail_id,vip_id, vip_name, time_long, time_unit, com_material, material, modial_material, custom_discount,prices, invoice_type,sort_num from tb_vip_detail where vip_detail_id = ? 
2020-12-03 00:54:26.016 DEBUG --- [http-nio-8762-exec-3] com.vtu.mapper.VipMapper.selectByPrimaryKey Line:143 - ==> Parameters: 1(Long)
2020-12-03 00:54:26.018 DEBUG --- [http-nio-8762-exec-4] com.vtu.mapper.CustomerMapper.selectByPrimaryKey Line:143 - ==>  Preparing: select account_id, account, password, name, phone, id_card, remain, is_vip, is_shoper, email, email_send_time,wxId, qqId,authCode,isAuth, sex,header_image_url,head_portrait_url,id_card_url,passport_url,business_liscence_url,protocol_url,shoper_type,shoper_status from tb_customer where account_id = ? 
2020-12-03 00:54:26.019 DEBUG --- [http-nio-8762-exec-4] com.vtu.mapper.CustomerMapper.selectByPrimaryKey Line:143 - ==> Parameters: 12(Long)
2020-12-03 00:54:26.046 DEBUG --- [http-nio-8762-exec-3] com.vtu.mapper.VipMapper.selectByPrimaryKey Line:143 - <==      Total: 1
2020-12-03 00:54:26.048 DEBUG --- [http-nio-8762-exec-4] com.vtu.mapper.CustomerMapper.selectByPrimaryKey Line:143 - <==      Total: 1
2020-12-03 00:55:22.297 DEBUG --- [http-nio-8762-exec-8] com.vtu.mapper.VipMapper.selectByPrimaryKey Line:143 - ==>  Preparing: select vip_detail_id,vip_id, vip_name, time_long, time_unit, com_material, material, modial_material, custom_discount,prices, invoice_type,sort_num from tb_vip_detail where vip_detail_id = ? 
2020-12-03 00:55:22.297 DEBUG --- [http-nio-8762-exec-7] com.vtu.mapper.CustomerMapper.selectByPrimaryKey Line:143 - ==>  Preparing: select account_id, account, password, name, phone, id_card, remain, is_vip, is_shoper, email, email_send_time,wxId, qqId,authCode,isAuth, sex,header_image_url,head_portrait_url,id_card_url,passport_url,business_liscence_url,protocol_url,shoper_type,shoper_status from tb_customer where account_id = ? 
2020-12-03 00:55:22.298 DEBUG --- [http-nio-8762-exec-8] com.vtu.mapper.VipMapper.selectByPrimaryKey Line:143 - ==> Parameters: 1(Long)
2020-12-03 00:55:22.298 DEBUG --- [http-nio-8762-exec-7] com.vtu.mapper.CustomerMapper.selectByPrimaryKey Line:143 - ==> Parameters: 12(Long)
2020-12-03 00:55:22.328 DEBUG --- [http-nio-8762-exec-8] com.vtu.mapper.VipMapper.selectByPrimaryKey Line:143 - <==      Total: 1
2020-12-03 00:55:22.329 DEBUG --- [http-nio-8762-exec-7] com.vtu.mapper.CustomerMapper.selectByPrimaryKey Line:143 - <==      Total: 1
2020-12-03 00:56:06.835 DEBUG --- [http-nio-8762-exec-1] com.vtu.mapper.CustomerMapper.selectByPrimaryKey Line:143 - ==>  Preparing: select account_id, account, password, name, phone, id_card, remain, is_vip, is_shoper, email, email_send_time,wxId, qqId,authCode,isAuth, sex,header_image_url,head_portrait_url,id_card_url,passport_url,business_liscence_url,protocol_url,shoper_type,shoper_status from tb_customer where account_id = ? 
2020-12-03 00:56:06.835 DEBUG --- [http-nio-8762-exec-2] com.vtu.mapper.VipMapper.selectByPrimaryKey Line:143 - ==>  Preparing: select vip_detail_id,vip_id, vip_name, time_long, time_unit, com_material, material, modial_material, custom_discount,prices, invoice_type,sort_num from tb_vip_detail where vip_detail_id = ? 
2020-12-03 00:56:06.836 DEBUG --- [http-nio-8762-exec-1] com.vtu.mapper.CustomerMapper.selectByPrimaryKey Line:143 - ==> Parameters: 12(Long)
2020-12-03 00:56:06.838 DEBUG --- [http-nio-8762-exec-2] com.vtu.mapper.VipMapper.selectByPrimaryKey Line:143 - ==> Parameters: 1(Long)
2020-12-03 00:56:06.864 DEBUG --- [http-nio-8762-exec-1] com.vtu.mapper.CustomerMapper.selectByPrimaryKey Line:143 - <==      Total: 1
2020-12-03 00:56:06.868 DEBUG --- [http-nio-8762-exec-2] com.vtu.mapper.VipMapper.selectByPrimaryKey Line:143 - <==      Total: 1
2020-12-03 00:56:32.062 DEBUG --- [http-nio-8762-exec-5] com.vtu.mapper.VipMapper.selectByVipType Line:143 - ==>  Preparing: SELECT id, vip_type, type_name , vip_detail_id,vip_id, vip_name, time_long, time_unit, com_material, material, modial_material, custom_discount,prices, invoice_type,sort_num FROM (SELECT * FROM tb_vip WHERE vip_type=?) a LEFT JOIN tb_vip_detail b ON a.id = b.vip_id ORDER BY sort_num,vip_detail_id 
2020-12-03 00:56:32.063 DEBUG --- [http-nio-8762-exec-5] com.vtu.mapper.VipMapper.selectByVipType Line:143 - ==> Parameters: 1(Long)
2020-12-03 00:56:32.079 DEBUG --- [http-nio-8762-exec-6] com.vtu.mapper.VipMapper.selectByVipType Line:143 - ==>  Preparing: SELECT id, vip_type, type_name , vip_detail_id,vip_id, vip_name, time_long, time_unit, com_material, material, modial_material, custom_discount,prices, invoice_type,sort_num FROM (SELECT * FROM tb_vip WHERE vip_type=?) a LEFT JOIN tb_vip_detail b ON a.id = b.vip_id ORDER BY sort_num,vip_detail_id 
2020-12-03 00:56:32.080 DEBUG --- [http-nio-8762-exec-6] com.vtu.mapper.VipMapper.selectByVipType Line:143 - ==> Parameters: 1(Long)
2020-12-03 00:56:32.106 DEBUG --- [http-nio-8762-exec-5] com.vtu.mapper.VipMapper.selectByVipType Line:143 - <==      Total: 12
2020-12-03 00:56:32.113 DEBUG --- [http-nio-8762-exec-6] com.vtu.mapper.VipMapper.selectByVipType Line:143 - <==      Total: 12
2020-12-03 00:56:32.248 DEBUG --- [http-nio-8762-exec-8] com.vtu.mapper.WorksDownloadMapper.findAllByAccountId_COUNT Line:143 - ==>  Preparing: SELECT count(0) FROM tb_works t, tb_works_download d WHERE t.works_id = d.works_id AND d.account_id = ? 
2020-12-03 00:56:32.250 DEBUG --- [http-nio-8762-exec-8] com.vtu.mapper.WorksDownloadMapper.findAllByAccountId_COUNT Line:143 - ==> Parameters: 12(Long)
2020-12-03 00:56:32.271 DEBUG --- [http-nio-8762-exec-7] com.vtu.mapper.RechargeRecordMapper.findAllByAccountId_COUNT Line:143 - ==>  Preparing: SELECT count(0) FROM tb_recharge_record WHERE account_id = ? 
2020-12-03 00:56:32.272 DEBUG --- [http-nio-8762-exec-7] com.vtu.mapper.RechargeRecordMapper.findAllByAccountId_COUNT Line:143 - ==> Parameters: 12(Long)
2020-12-03 00:56:32.279 DEBUG --- [http-nio-8762-exec-8] com.vtu.mapper.WorksDownloadMapper.findAllByAccountId_COUNT Line:143 - <==      Total: 1
2020-12-03 00:56:32.282 DEBUG --- [http-nio-8762-exec-8] com.vtu.mapper.WorksDownloadMapper.findAllByAccountId Line:143 - ==>  Preparing: SELECT t.*,d.down_time from tb_works t,tb_works_download d WHERE t.works_id=d.works_id AND d.account_id=? ORDER BY d.down_time DESC LIMIT ? 
2020-12-03 00:56:32.285 DEBUG --- [http-nio-8762-exec-8] com.vtu.mapper.WorksDownloadMapper.findAllByAccountId Line:143 - ==> Parameters: 12(Long), 10(Integer)
2020-12-03 00:56:32.301 DEBUG --- [http-nio-8762-exec-7] com.vtu.mapper.RechargeRecordMapper.findAllByAccountId_COUNT Line:143 - <==      Total: 1
2020-12-03 00:56:32.304 DEBUG --- [http-nio-8762-exec-7] com.vtu.mapper.RechargeRecordMapper.findAllByAccountId Line:143 - ==>  Preparing: select recharge_id, account_id, recharge_time, recharge_money from tb_recharge_record where account_id = ? LIMIT ? 
2020-12-03 00:56:32.305 DEBUG --- [http-nio-8762-exec-7] com.vtu.mapper.RechargeRecordMapper.findAllByAccountId Line:143 - ==> Parameters: 12(Long), 5(Integer)
2020-12-03 00:56:32.318 DEBUG --- [http-nio-8762-exec-8] com.vtu.mapper.WorksDownloadMapper.findAllByAccountId Line:143 - <==      Total: 1
2020-12-03 00:56:32.334 DEBUG --- [http-nio-8762-exec-7] com.vtu.mapper.RechargeRecordMapper.findAllByAccountId Line:143 - <==      Total: 3
2020-12-03 00:56:34.967 DEBUG --- [http-nio-8762-exec-10] com.vtu.mapper.VipMapper.selectByPrimaryKey Line:143 - ==>  Preparing: select vip_detail_id,vip_id, vip_name, time_long, time_unit, com_material, material, modial_material, custom_discount,prices, invoice_type,sort_num from tb_vip_detail where vip_detail_id = ? 
2020-12-03 00:56:34.968 DEBUG --- [http-nio-8762-exec-10] com.vtu.mapper.VipMapper.selectByPrimaryKey Line:143 - ==> Parameters: 1(Long)
2020-12-03 00:56:34.970 DEBUG --- [http-nio-8762-exec-9] com.vtu.mapper.CustomerMapper.selectByPrimaryKey Line:143 - ==>  Preparing: select account_id, account, password, name, phone, id_card, remain, is_vip, is_shoper, email, email_send_time,wxId, qqId,authCode,isAuth, sex,header_image_url,head_portrait_url,id_card_url,passport_url,business_liscence_url,protocol_url,shoper_type,shoper_status from tb_customer where account_id = ? 
2020-12-03 00:56:34.972 DEBUG --- [http-nio-8762-exec-9] com.vtu.mapper.CustomerMapper.selectByPrimaryKey Line:143 - ==> Parameters: 12(Long)
2020-12-03 00:56:34.996 DEBUG --- [http-nio-8762-exec-10] com.vtu.mapper.VipMapper.selectByPrimaryKey Line:143 - <==      Total: 1
2020-12-03 00:56:35.002 DEBUG --- [http-nio-8762-exec-9] com.vtu.mapper.CustomerMapper.selectByPrimaryKey Line:143 - <==      Total: 1
2020-12-03 00:56:40.129 DEBUG --- [http-nio-8762-exec-4] com.vtu.mapper.CustomerMapper.selectByPrimaryKey Line:143 - ==>  Preparing: select account_id, account, password, name, phone, id_card, remain, is_vip, is_shoper, email, email_send_time,wxId, qqId,authCode,isAuth, sex,header_image_url,head_portrait_url,id_card_url,passport_url,business_liscence_url,protocol_url,shoper_type,shoper_status from tb_customer where account_id = ? 
2020-12-03 00:56:40.129 DEBUG --- [http-nio-8762-exec-5] com.vtu.mapper.VipMapper.selectByPrimaryKey Line:143 - ==>  Preparing: select vip_detail_id,vip_id, vip_name, time_long, time_unit, com_material, material, modial_material, custom_discount,prices, invoice_type,sort_num from tb_vip_detail where vip_detail_id = ? 
2020-12-03 00:56:40.130 DEBUG --- [http-nio-8762-exec-4] com.vtu.mapper.CustomerMapper.selectByPrimaryKey Line:143 - ==> Parameters: 12(Long)
2020-12-03 00:56:40.130 DEBUG --- [http-nio-8762-exec-5] com.vtu.mapper.VipMapper.selectByPrimaryKey Line:143 - ==> Parameters: 1(Long)
2020-12-03 00:56:40.161 DEBUG --- [http-nio-8762-exec-4] com.vtu.mapper.CustomerMapper.selectByPrimaryKey Line:143 - <==      Total: 1
2020-12-03 00:56:40.161 DEBUG --- [http-nio-8762-exec-5] com.vtu.mapper.VipMapper.selectByPrimaryKey Line:143 - <==      Total: 1
2020-12-03 00:56:43.623 DEBUG --- [http-nio-8762-exec-6] com.vtu.mapper.VipMapper.selectByPrimaryKey Line:143 - ==>  Preparing: select vip_detail_id,vip_id, vip_name, time_long, time_unit, com_material, material, modial_material, custom_discount,prices, invoice_type,sort_num from tb_vip_detail where vip_detail_id = ? 
2020-12-03 00:56:43.623 DEBUG --- [http-nio-8762-exec-8] com.vtu.mapper.CustomerMapper.selectByPrimaryKey Line:143 - ==>  Preparing: select account_id, account, password, name, phone, id_card, remain, is_vip, is_shoper, email, email_send_time,wxId, qqId,authCode,isAuth, sex,header_image_url,head_portrait_url,id_card_url,passport_url,business_liscence_url,protocol_url,shoper_type,shoper_status from tb_customer where account_id = ? 
2020-12-03 00:56:43.624 DEBUG --- [http-nio-8762-exec-8] com.vtu.mapper.CustomerMapper.selectByPrimaryKey Line:143 - ==> Parameters: 12(Long)
2020-12-03 00:56:43.624 DEBUG --- [http-nio-8762-exec-6] com.vtu.mapper.VipMapper.selectByPrimaryKey Line:143 - ==> Parameters: 1(Long)
2020-12-03 00:56:43.650 DEBUG --- [http-nio-8762-exec-8] com.vtu.mapper.CustomerMapper.selectByPrimaryKey Line:143 - <==      Total: 1
2020-12-03 00:56:43.651 DEBUG --- [http-nio-8762-exec-6] com.vtu.mapper.VipMapper.selectByPrimaryKey Line:143 - <==      Total: 1
