2020-03-03 23:44:45.907 INFO  --- [restartedMain] com.vtu.web.WebApplication Line:652 - The following profiles are active: dev
2020-03-03 23:44:47.962 INFO  --- [restartedMain] org.apache.coyote.http11.Http11NioProtocol Line:173 - Initializing ProtocolHandler ["http-nio-8765"]
2020-03-03 23:44:47.976 INFO  --- [restartedMain] org.apache.catalina.core.StandardService Line:173 - Starting service [Tomcat]
2020-03-03 23:44:47.977 INFO  --- [restartedMain] org.apache.catalina.core.StandardEngine Line:173 - Starting Servlet engine: [Apache Tomcat/9.0.26]
2020-03-03 23:44:48.149 INFO  --- [restartedMain] org.apache.catalina.core.ContainerBase.[Tomcat].[localhost].[/] Line:173 - Initializing Spring embedded WebApplicationContext
2020-03-03 23:44:48.763 INFO  --- [restartedMain] com.netflix.config.sources.URLConfigurationSource Line:122 - To enable URLs as dynamic configuration sources, define System property archaius.configurationSource.additionalUrls or make config.properties available on classpath.
2020-03-03 23:44:48.770 INFO  --- [restartedMain] com.netflix.config.sources.URLConfigurationSource Line:122 - To enable URLs as dynamic configuration sources, define System property archaius.configurationSource.additionalUrls or make config.properties available on classpath.
2020-03-03 23:44:50.538 INFO  --- [restartedMain] com.netflix.discovery.DiscoveryClient Line:365 - Initializing Eureka in region us-east-1
2020-03-03 23:44:51.050 INFO  --- [restartedMain] com.netflix.discovery.provider.DiscoveryJerseyProvider Line:70  - Using JSON encoding codec LegacyJacksonJson
2020-03-03 23:44:51.051 INFO  --- [restartedMain] com.netflix.discovery.provider.DiscoveryJerseyProvider Line:71  - Using JSON decoding codec LegacyJacksonJson
2020-03-03 23:44:51.208 INFO  --- [restartedMain] com.netflix.discovery.provider.DiscoveryJerseyProvider Line:80  - Using XML encoding codec XStreamXml
2020-03-03 23:44:51.209 INFO  --- [restartedMain] com.netflix.discovery.provider.DiscoveryJerseyProvider Line:81  - Using XML decoding codec XStreamXml
2020-03-03 23:44:51.570 INFO  --- [restartedMain] com.netflix.discovery.shared.resolver.aws.ConfigClusterResolver Line:43  - Resolving eureka endpoints via configuration
2020-03-03 23:44:51.794 INFO  --- [restartedMain] com.netflix.discovery.DiscoveryClient Line:976 - Disable delta property : false
2020-03-03 23:44:51.795 INFO  --- [restartedMain] com.netflix.discovery.DiscoveryClient Line:977 - Single vip registry refresh property : null
2020-03-03 23:44:51.795 INFO  --- [restartedMain] com.netflix.discovery.DiscoveryClient Line:978 - Force full registry fetch : false
2020-03-03 23:44:51.795 INFO  --- [restartedMain] com.netflix.discovery.DiscoveryClient Line:979 - Application is null : false
2020-03-03 23:44:51.795 INFO  --- [restartedMain] com.netflix.discovery.DiscoveryClient Line:980 - Registered Applications size is zero : true
2020-03-03 23:44:51.795 INFO  --- [restartedMain] com.netflix.discovery.DiscoveryClient Line:982 - Application version is -1: true
2020-03-03 23:44:51.796 INFO  --- [restartedMain] com.netflix.discovery.DiscoveryClient Line:1065 - Getting all instance registry info from the eureka server
2020-03-03 23:44:51.953 INFO  --- [restartedMain] com.netflix.discovery.DiscoveryClient Line:1074 - The response status is 200
2020-03-03 23:44:51.956 INFO  --- [restartedMain] com.netflix.discovery.DiscoveryClient Line:1288 - Starting heartbeat executor: renew interval is: 30
2020-03-03 23:44:51.959 INFO  --- [restartedMain] com.netflix.discovery.InstanceInfoReplicator Line:60  - InstanceInfoReplicator onDemand update allowed rate per min is 4
2020-03-03 23:44:51.963 INFO  --- [restartedMain] com.netflix.discovery.DiscoveryClient Line:465 - Discovery Client initialized at timestamp 1583250291962 with initial instances count: 1
2020-03-03 23:44:51.965 INFO  --- [restartedMain] com.netflix.discovery.DiscoveryClient Line:1323 - Saw local status change event StatusChangeEvent [timestamp=1583250291965, current=UP, previous=STARTING]
2020-03-03 23:44:51.967 INFO  --- [DiscoveryClient-InstanceInfoReplicator-0] com.netflix.discovery.DiscoveryClient Line:844 - DiscoveryClient_WEB/DESKTOP-CTAQJKR.bbrouter:web:8765: registering service...
2020-03-03 23:44:51.981 INFO  --- [restartedMain] org.apache.coyote.http11.Http11NioProtocol Line:173 - Starting ProtocolHandler ["http-nio-8765"]
2020-03-03 23:44:52.015 INFO  --- [DiscoveryClient-InstanceInfoReplicator-0] com.netflix.discovery.DiscoveryClient Line:853 - DiscoveryClient_WEB/DESKTOP-CTAQJKR.bbrouter:web:8765 - registration status: 204
2020-03-03 23:44:52.358 INFO  --- [restartedMain] com.vtu.web.WebApplication Line:59  - Started WebApplication in 11.251 seconds (JVM running for 13.929)
2020-03-03 23:44:52.513 INFO  --- [restartedMain] com.netflix.config.ChainedDynamicProperty Line:115 - Flipping property: service.ribbon.ActiveConnectionsLimit to use NEXT property: niws.loadbalancer.availabilityFilteringRule.activeConnectionsLimit = 2147483647
2020-03-03 23:44:52.549 INFO  --- [restartedMain] com.netflix.util.concurrent.ShutdownEnabledTimer Line:58  - Shutdown hook installed for: NFLoadBalancer-PingTimer-service
2020-03-03 23:44:52.550 INFO  --- [restartedMain] com.netflix.loadbalancer.BaseLoadBalancer Line:197 - Client: service instantiated a LoadBalancer: DynamicServerListLoadBalancer:{NFLoadBalancer:name=service,current list of Servers=[],Load balancer stats=Zone stats: {},Server stats: []}ServerList:null
2020-03-03 23:44:52.556 INFO  --- [restartedMain] com.netflix.loadbalancer.DynamicServerListLoadBalancer Line:222 - Using serverListUpdater PollingServerListUpdater
2020-03-03 23:44:52.582 INFO  --- [restartedMain] com.netflix.config.ChainedDynamicProperty Line:115 - Flipping property: service.ribbon.ActiveConnectionsLimit to use NEXT property: niws.loadbalancer.availabilityFilteringRule.activeConnectionsLimit = 2147483647
2020-03-03 23:44:52.585 INFO  --- [restartedMain] com.netflix.loadbalancer.DynamicServerListLoadBalancer Line:150 - DynamicServerListLoadBalancer for client service initialized: DynamicServerListLoadBalancer:{NFLoadBalancer:name=service,current list of Servers=[DESKTOP-CTAQJKR.bbrouter:8762],Load balancer stats=Zone stats: {defaultzone=[Zone:defaultzone;	Instance count:1;	Active connections count: 0;	Circuit breaker tripped count: 0;	Active connections per server: 0.0;]
},Server stats: [[Server:DESKTOP-CTAQJKR.bbrouter:8762;	Zone:defaultZone;	Total Requests:0;	Successive connection failure:0;	Total blackout seconds:0;	Last connection made:Thu Jan 01 08:00:00 CST 1970;	First connection made: Thu Jan 01 08:00:00 CST 1970;	Active Connections:0;	total failure count in last (1000) msecs:0;	average resp time:0.0;	90 percentile resp time:0.0;	95 percentile resp time:0.0;	min resp time:0.0;	max resp time:0.0;	stddev resp time:0.0]
]}ServerList:org.springframework.cloud.netflix.ribbon.eureka.DomainExtractingServerList@7eb8b9af
2020-03-03 23:44:53.561 INFO  --- [PollingServerListUpdater-0] com.netflix.config.ChainedDynamicProperty Line:115 - Flipping property: service.ribbon.ActiveConnectionsLimit to use NEXT property: niws.loadbalancer.availabilityFilteringRule.activeConnectionsLimit = 2147483647
2020-03-03 23:45:49.234 INFO  --- [http-nio-8765-exec-1] org.apache.catalina.core.ContainerBase.[Tomcat].[localhost].[/] Line:173 - Initializing Spring DispatcherServlet 'dispatcherServlet'
