2020-03-13 22:12:23.098 INFO  --- [restartedMain] com.vtu.web.WebApplication Line:652 - The following profiles are active: dev
2020-03-13 22:12:25.427 INFO  --- [restartedMain] org.apache.coyote.http11.Http11NioProtocol Line:173 - Initializing ProtocolHandler ["http-nio-8765"]
2020-03-13 22:12:25.442 INFO  --- [restartedMain] org.apache.catalina.core.StandardService Line:173 - Starting service [Tomcat]
2020-03-13 22:12:25.442 INFO  --- [restartedMain] org.apache.catalina.core.StandardEngine Line:173 - Starting Servlet engine: [Apache Tomcat/9.0.26]
2020-03-13 22:12:25.692 INFO  --- [restartedMain] org.apache.catalina.core.ContainerBase.[Tomcat].[localhost].[/] Line:173 - Initializing Spring embedded WebApplicationContext
2020-03-13 22:12:26.317 INFO  --- [restartedMain] com.netflix.config.sources.URLConfigurationSource Line:122 - To enable URLs as dynamic configuration sources, define System property archaius.configurationSource.additionalUrls or make config.properties available on classpath.
2020-03-13 22:12:26.333 INFO  --- [restartedMain] com.netflix.config.sources.URLConfigurationSource Line:122 - To enable URLs as dynamic configuration sources, define System property archaius.configurationSource.additionalUrls or make config.properties available on classpath.
2020-03-13 22:12:28.567 INFO  --- [restartedMain] com.netflix.discovery.DiscoveryClient Line:365 - Initializing Eureka in region us-east-1
2020-03-13 22:12:29.051 INFO  --- [restartedMain] com.netflix.discovery.provider.DiscoveryJerseyProvider Line:70  - Using JSON encoding codec LegacyJacksonJson
2020-03-13 22:12:29.051 INFO  --- [restartedMain] com.netflix.discovery.provider.DiscoveryJerseyProvider Line:71  - Using JSON decoding codec LegacyJacksonJson
2020-03-13 22:12:29.208 INFO  --- [restartedMain] com.netflix.discovery.provider.DiscoveryJerseyProvider Line:80  - Using XML encoding codec XStreamXml
2020-03-13 22:12:29.208 INFO  --- [restartedMain] com.netflix.discovery.provider.DiscoveryJerseyProvider Line:81  - Using XML decoding codec XStreamXml
2020-03-13 22:12:29.629 INFO  --- [restartedMain] com.netflix.discovery.shared.resolver.aws.ConfigClusterResolver Line:43  - Resolving eureka endpoints via configuration
2020-03-13 22:12:29.911 INFO  --- [restartedMain] com.netflix.discovery.DiscoveryClient Line:976 - Disable delta property : false
2020-03-13 22:12:29.911 INFO  --- [restartedMain] com.netflix.discovery.DiscoveryClient Line:977 - Single vip registry refresh property : null
2020-03-13 22:12:29.911 INFO  --- [restartedMain] com.netflix.discovery.DiscoveryClient Line:978 - Force full registry fetch : false
2020-03-13 22:12:29.911 INFO  --- [restartedMain] com.netflix.discovery.DiscoveryClient Line:979 - Application is null : false
2020-03-13 22:12:29.911 INFO  --- [restartedMain] com.netflix.discovery.DiscoveryClient Line:980 - Registered Applications size is zero : true
2020-03-13 22:12:29.911 INFO  --- [restartedMain] com.netflix.discovery.DiscoveryClient Line:982 - Application version is -1: true
2020-03-13 22:12:29.911 INFO  --- [restartedMain] com.netflix.discovery.DiscoveryClient Line:1065 - Getting all instance registry info from the eureka server
2020-03-13 22:12:30.254 INFO  --- [restartedMain] com.netflix.discovery.DiscoveryClient Line:1074 - The response status is 200
2020-03-13 22:12:30.254 INFO  --- [restartedMain] com.netflix.discovery.DiscoveryClient Line:1288 - Starting heartbeat executor: renew interval is: 30
2020-03-13 22:12:30.254 INFO  --- [restartedMain] com.netflix.discovery.InstanceInfoReplicator Line:60  - InstanceInfoReplicator onDemand update allowed rate per min is 4
2020-03-13 22:12:30.270 INFO  --- [restartedMain] com.netflix.discovery.DiscoveryClient Line:465 - Discovery Client initialized at timestamp 1584108750254 with initial instances count: 1
2020-03-13 22:12:30.270 INFO  --- [restartedMain] com.netflix.discovery.DiscoveryClient Line:1323 - Saw local status change event StatusChangeEvent [timestamp=1584108750270, current=UP, previous=STARTING]
2020-03-13 22:12:30.270 INFO  --- [DiscoveryClient-InstanceInfoReplicator-0] com.netflix.discovery.DiscoveryClient Line:844 - DiscoveryClient_WEB/DESKTOP-CTAQJKR.bbrouter:web:8765: registering service...
2020-03-13 22:12:30.286 INFO  --- [restartedMain] org.apache.coyote.http11.Http11NioProtocol Line:173 - Starting ProtocolHandler ["http-nio-8765"]
2020-03-13 22:12:30.348 INFO  --- [DiscoveryClient-InstanceInfoReplicator-0] com.netflix.discovery.DiscoveryClient Line:853 - DiscoveryClient_WEB/DESKTOP-CTAQJKR.bbrouter:web:8765 - registration status: 204
2020-03-13 22:12:30.817 INFO  --- [restartedMain] com.vtu.web.WebApplication Line:59  - Started WebApplication in 10.437 seconds (JVM running for 12.913)
2020-03-13 22:12:31.129 INFO  --- [restartedMain] com.netflix.config.ChainedDynamicProperty Line:115 - Flipping property: service.ribbon.ActiveConnectionsLimit to use NEXT property: niws.loadbalancer.availabilityFilteringRule.activeConnectionsLimit = 2147483647
2020-03-13 22:12:31.176 INFO  --- [restartedMain] com.netflix.util.concurrent.ShutdownEnabledTimer Line:58  - Shutdown hook installed for: NFLoadBalancer-PingTimer-service
2020-03-13 22:12:31.192 INFO  --- [restartedMain] com.netflix.loadbalancer.BaseLoadBalancer Line:197 - Client: service instantiated a LoadBalancer: DynamicServerListLoadBalancer:{NFLoadBalancer:name=service,current list of Servers=[],Load balancer stats=Zone stats: {},Server stats: []}ServerList:null
2020-03-13 22:12:31.192 INFO  --- [restartedMain] com.netflix.loadbalancer.DynamicServerListLoadBalancer Line:222 - Using serverListUpdater PollingServerListUpdater
2020-03-13 22:12:31.239 INFO  --- [restartedMain] com.netflix.config.ChainedDynamicProperty Line:115 - Flipping property: service.ribbon.ActiveConnectionsLimit to use NEXT property: niws.loadbalancer.availabilityFilteringRule.activeConnectionsLimit = 2147483647
2020-03-13 22:12:31.239 INFO  --- [restartedMain] com.netflix.loadbalancer.DynamicServerListLoadBalancer Line:150 - DynamicServerListLoadBalancer for client service initialized: DynamicServerListLoadBalancer:{NFLoadBalancer:name=service,current list of Servers=[DESKTOP-CTAQJKR.bbrouter:8762],Load balancer stats=Zone stats: {defaultzone=[Zone:defaultzone;	Instance count:1;	Active connections count: 0;	Circuit breaker tripped count: 0;	Active connections per server: 0.0;]
},Server stats: [[Server:DESKTOP-CTAQJKR.bbrouter:8762;	Zone:defaultZone;	Total Requests:0;	Successive connection failure:0;	Total blackout seconds:0;	Last connection made:Thu Jan 01 08:00:00 CST 1970;	First connection made: Thu Jan 01 08:00:00 CST 1970;	Active Connections:0;	total failure count in last (1000) msecs:0;	average resp time:0.0;	90 percentile resp time:0.0;	95 percentile resp time:0.0;	min resp time:0.0;	max resp time:0.0;	stddev resp time:0.0]
]}ServerList:org.springframework.cloud.netflix.ribbon.eureka.DomainExtractingServerList@68b79fb8
2020-03-13 22:12:32.207 INFO  --- [PollingServerListUpdater-0] com.netflix.config.ChainedDynamicProperty Line:115 - Flipping property: service.ribbon.ActiveConnectionsLimit to use NEXT property: niws.loadbalancer.availabilityFilteringRule.activeConnectionsLimit = 2147483647
2020-03-13 22:12:44.103 INFO  --- [http-nio-8765-exec-1] org.apache.catalina.core.ContainerBase.[Tomcat].[localhost].[/] Line:173 - Initializing Spring DispatcherServlet 'dispatcherServlet'
2020-03-13 22:17:29.936 INFO  --- [AsyncResolver-bootstrap-executor-0] com.netflix.discovery.shared.resolver.aws.ConfigClusterResolver Line:43  - Resolving eureka endpoints via configuration
2020-03-13 22:22:29.953 INFO  --- [AsyncResolver-bootstrap-executor-0] com.netflix.discovery.shared.resolver.aws.ConfigClusterResolver Line:43  - Resolving eureka endpoints via configuration
2020-03-13 22:27:29.994 INFO  --- [AsyncResolver-bootstrap-executor-0] com.netflix.discovery.shared.resolver.aws.ConfigClusterResolver Line:43  - Resolving eureka endpoints via configuration
2020-03-13 22:32:29.997 INFO  --- [AsyncResolver-bootstrap-executor-0] com.netflix.discovery.shared.resolver.aws.ConfigClusterResolver Line:43  - Resolving eureka endpoints via configuration
2020-03-13 22:34:38.182 INFO  --- [Thread-14] com.netflix.loadbalancer.PollingServerListUpdater Line:53  - Shutting down the Executor Pool for PollingServerListUpdater
2020-03-13 22:34:38.186 INFO  --- [DiscoveryClient-InstanceInfoReplicator-0] com.netflix.discovery.DiscoveryClient Line:844 - DiscoveryClient_WEB/DESKTOP-CTAQJKR.bbrouter:web:8765: registering service...
2020-03-13 22:34:38.193 INFO  --- [DiscoveryClient-InstanceInfoReplicator-0] com.netflix.discovery.DiscoveryClient Line:853 - DiscoveryClient_WEB/DESKTOP-CTAQJKR.bbrouter:web:8765 - registration status: 204
2020-03-13 22:34:38.223 INFO  --- [Thread-10] com.netflix.util.concurrent.ShutdownEnabledTimer Line:67  - Shutdown hook removed for: NFLoadBalancer-PingTimer-service
2020-03-13 22:34:38.226 INFO  --- [Thread-10] com.netflix.util.concurrent.ShutdownEnabledTimer Line:72  - Exception caught (might be ok if at shutdown)
java.lang.IllegalStateException: Shutdown in progress
	at java.lang.ApplicationShutdownHooks.remove(ApplicationShutdownHooks.java:82)
	at java.lang.Runtime.removeShutdownHook(Runtime.java:239)
	at com.netflix.util.concurrent.ShutdownEnabledTimer.cancel(ShutdownEnabledTimer.java:70)
	at com.netflix.loadbalancer.BaseLoadBalancer.cancelPingTask(BaseLoadBalancer.java:632)
	at com.netflix.loadbalancer.BaseLoadBalancer.shutdown(BaseLoadBalancer.java:883)
	at com.netflix.loadbalancer.DynamicServerListLoadBalancer.shutdown(DynamicServerListLoadBalancer.java:285)
	at sun.reflect.NativeMethodAccessorImpl.invoke0(Native Method)
	at sun.reflect.NativeMethodAccessorImpl.invoke(NativeMethodAccessorImpl.java:62)
	at sun.reflect.DelegatingMethodAccessorImpl.invoke(DelegatingMethodAccessorImpl.java:43)
	at java.lang.reflect.Method.invoke(Method.java:498)
	at org.springframework.beans.factory.support.DisposableBeanAdapter.invokeCustomDestroyMethod(DisposableBeanAdapter.java:339)
	at org.springframework.beans.factory.support.DisposableBeanAdapter.destroy(DisposableBeanAdapter.java:273)
	at org.springframework.beans.factory.support.DefaultSingletonBeanRegistry.destroyBean(DefaultSingletonBeanRegistry.java:571)
	at org.springframework.beans.factory.support.DefaultSingletonBeanRegistry.destroySingleton(DefaultSingletonBeanRegistry.java:543)
	at org.springframework.beans.factory.support.DefaultListableBeanFactory.destroySingleton(DefaultListableBeanFactory.java:1040)
	at org.springframework.beans.factory.support.DefaultSingletonBeanRegistry.destroySingletons(DefaultSingletonBeanRegistry.java:504)
	at org.springframework.beans.factory.support.DefaultListableBeanFactory.destroySingletons(DefaultListableBeanFactory.java:1033)
	at org.springframework.context.support.AbstractApplicationContext.destroyBeans(AbstractApplicationContext.java:1057)
	at org.springframework.context.support.AbstractApplicationContext.doClose(AbstractApplicationContext.java:1026)
	at org.springframework.context.support.AbstractApplicationContext.close(AbstractApplicationContext.java:975)
	at org.springframework.cloud.context.named.NamedContextFactory.destroy(NamedContextFactory.java:92)
	at org.springframework.beans.factory.support.DisposableBeanAdapter.destroy(DisposableBeanAdapter.java:258)
	at org.springframework.beans.factory.support.DefaultSingletonBeanRegistry.destroyBean(DefaultSingletonBeanRegistry.java:571)
	at org.springframework.beans.factory.support.DefaultSingletonBeanRegistry.destroySingleton(DefaultSingletonBeanRegistry.java:543)
	at org.springframework.beans.factory.support.DefaultListableBeanFactory.destroySingleton(DefaultListableBeanFactory.java:1040)
	at org.springframework.beans.factory.support.DefaultSingletonBeanRegistry.destroySingletons(DefaultSingletonBeanRegistry.java:504)
	at org.springframework.beans.factory.support.DefaultListableBeanFactory.destroySingletons(DefaultListableBeanFactory.java:1033)
	at org.springframework.context.support.AbstractApplicationContext.destroyBeans(AbstractApplicationContext.java:1057)
	at org.springframework.context.support.AbstractApplicationContext.doClose(AbstractApplicationContext.java:1026)
	at org.springframework.context.support.AbstractApplicationContext$1.run(AbstractApplicationContext.java:945)
2020-03-13 22:34:38.231 INFO  --- [Thread-10] com.netflix.discovery.DiscoveryClient Line:906 - Shutting down DiscoveryClient ...
2020-03-13 22:34:41.235 INFO  --- [Thread-10] com.netflix.discovery.DiscoveryClient Line:940 - Unregistering ...
2020-03-13 22:34:41.253 INFO  --- [Thread-10] com.netflix.discovery.DiscoveryClient Line:942 - DiscoveryClient_WEB/DESKTOP-CTAQJKR.bbrouter:web:8765 - deregister  status: 200
2020-03-13 22:34:41.282 INFO  --- [Thread-10] com.netflix.discovery.DiscoveryClient Line:929 - Completed shut down of DiscoveryClient
2020-03-13 22:34:50.690 INFO  --- [restartedMain] com.vtu.web.WebApplication Line:652 - The following profiles are active: dev
2020-03-13 22:34:52.898 INFO  --- [restartedMain] org.apache.coyote.http11.Http11NioProtocol Line:173 - Initializing ProtocolHandler ["http-nio-8765"]
2020-03-13 22:34:52.910 INFO  --- [restartedMain] org.apache.catalina.core.StandardService Line:173 - Starting service [Tomcat]
2020-03-13 22:34:52.911 INFO  --- [restartedMain] org.apache.catalina.core.StandardEngine Line:173 - Starting Servlet engine: [Apache Tomcat/9.0.26]
2020-03-13 22:34:53.212 INFO  --- [restartedMain] org.apache.catalina.core.ContainerBase.[Tomcat].[localhost].[/] Line:173 - Initializing Spring embedded WebApplicationContext
2020-03-13 22:34:53.841 INFO  --- [restartedMain] com.netflix.config.sources.URLConfigurationSource Line:122 - To enable URLs as dynamic configuration sources, define System property archaius.configurationSource.additionalUrls or make config.properties available on classpath.
2020-03-13 22:34:53.846 INFO  --- [restartedMain] com.netflix.config.sources.URLConfigurationSource Line:122 - To enable URLs as dynamic configuration sources, define System property archaius.configurationSource.additionalUrls or make config.properties available on classpath.
2020-03-13 22:34:55.848 INFO  --- [restartedMain] com.netflix.discovery.DiscoveryClient Line:365 - Initializing Eureka in region us-east-1
2020-03-13 22:34:56.249 INFO  --- [restartedMain] com.netflix.discovery.provider.DiscoveryJerseyProvider Line:70  - Using JSON encoding codec LegacyJacksonJson
2020-03-13 22:34:56.250 INFO  --- [restartedMain] com.netflix.discovery.provider.DiscoveryJerseyProvider Line:71  - Using JSON decoding codec LegacyJacksonJson
2020-03-13 22:34:56.393 INFO  --- [restartedMain] com.netflix.discovery.provider.DiscoveryJerseyProvider Line:80  - Using XML encoding codec XStreamXml
2020-03-13 22:34:56.393 INFO  --- [restartedMain] com.netflix.discovery.provider.DiscoveryJerseyProvider Line:81  - Using XML decoding codec XStreamXml
2020-03-13 22:34:56.760 INFO  --- [restartedMain] com.netflix.discovery.shared.resolver.aws.ConfigClusterResolver Line:43  - Resolving eureka endpoints via configuration
2020-03-13 22:34:56.981 INFO  --- [restartedMain] com.netflix.discovery.DiscoveryClient Line:976 - Disable delta property : false
2020-03-13 22:34:56.981 INFO  --- [restartedMain] com.netflix.discovery.DiscoveryClient Line:977 - Single vip registry refresh property : null
2020-03-13 22:34:56.982 INFO  --- [restartedMain] com.netflix.discovery.DiscoveryClient Line:978 - Force full registry fetch : false
2020-03-13 22:34:56.982 INFO  --- [restartedMain] com.netflix.discovery.DiscoveryClient Line:979 - Application is null : false
2020-03-13 22:34:56.982 INFO  --- [restartedMain] com.netflix.discovery.DiscoveryClient Line:980 - Registered Applications size is zero : true
2020-03-13 22:34:56.982 INFO  --- [restartedMain] com.netflix.discovery.DiscoveryClient Line:982 - Application version is -1: true
2020-03-13 22:34:56.983 INFO  --- [restartedMain] com.netflix.discovery.DiscoveryClient Line:1065 - Getting all instance registry info from the eureka server
2020-03-13 22:34:57.192 INFO  --- [restartedMain] com.netflix.discovery.DiscoveryClient Line:1074 - The response status is 200
2020-03-13 22:34:57.199 INFO  --- [restartedMain] com.netflix.discovery.DiscoveryClient Line:1288 - Starting heartbeat executor: renew interval is: 30
2020-03-13 22:34:57.203 INFO  --- [restartedMain] com.netflix.discovery.InstanceInfoReplicator Line:60  - InstanceInfoReplicator onDemand update allowed rate per min is 4
2020-03-13 22:34:57.211 INFO  --- [restartedMain] com.netflix.discovery.DiscoveryClient Line:465 - Discovery Client initialized at timestamp 1584110097208 with initial instances count: 2
2020-03-13 22:34:57.213 INFO  --- [restartedMain] com.netflix.discovery.DiscoveryClient Line:1323 - Saw local status change event StatusChangeEvent [timestamp=1584110097212, current=UP, previous=STARTING]
2020-03-13 22:34:57.217 INFO  --- [DiscoveryClient-InstanceInfoReplicator-0] com.netflix.discovery.DiscoveryClient Line:844 - DiscoveryClient_WEB/DESKTOP-CTAQJKR.bbrouter:web:8765: registering service...
2020-03-13 22:34:57.239 INFO  --- [restartedMain] org.apache.coyote.http11.Http11NioProtocol Line:173 - Starting ProtocolHandler ["http-nio-8765"]
2020-03-13 22:34:57.291 INFO  --- [DiscoveryClient-InstanceInfoReplicator-0] com.netflix.discovery.DiscoveryClient Line:853 - DiscoveryClient_WEB/DESKTOP-CTAQJKR.bbrouter:web:8765 - registration status: 204
2020-03-13 22:34:57.620 INFO  --- [restartedMain] com.vtu.web.WebApplication Line:59  - Started WebApplication in 9.805 seconds (JVM running for 12.129)
2020-03-13 22:34:57.867 INFO  --- [restartedMain] com.netflix.config.ChainedDynamicProperty Line:115 - Flipping property: service.ribbon.ActiveConnectionsLimit to use NEXT property: niws.loadbalancer.availabilityFilteringRule.activeConnectionsLimit = 2147483647
2020-03-13 22:34:57.900 INFO  --- [restartedMain] com.netflix.util.concurrent.ShutdownEnabledTimer Line:58  - Shutdown hook installed for: NFLoadBalancer-PingTimer-service
2020-03-13 22:34:57.901 INFO  --- [restartedMain] com.netflix.loadbalancer.BaseLoadBalancer Line:197 - Client: service instantiated a LoadBalancer: DynamicServerListLoadBalancer:{NFLoadBalancer:name=service,current list of Servers=[],Load balancer stats=Zone stats: {},Server stats: []}ServerList:null
2020-03-13 22:34:57.908 INFO  --- [restartedMain] com.netflix.loadbalancer.DynamicServerListLoadBalancer Line:222 - Using serverListUpdater PollingServerListUpdater
2020-03-13 22:34:57.933 INFO  --- [restartedMain] com.netflix.config.ChainedDynamicProperty Line:115 - Flipping property: service.ribbon.ActiveConnectionsLimit to use NEXT property: niws.loadbalancer.availabilityFilteringRule.activeConnectionsLimit = 2147483647
2020-03-13 22:34:57.936 INFO  --- [restartedMain] com.netflix.loadbalancer.DynamicServerListLoadBalancer Line:150 - DynamicServerListLoadBalancer for client service initialized: DynamicServerListLoadBalancer:{NFLoadBalancer:name=service,current list of Servers=[DESKTOP-CTAQJKR.bbrouter:8762],Load balancer stats=Zone stats: {defaultzone=[Zone:defaultzone;	Instance count:1;	Active connections count: 0;	Circuit breaker tripped count: 0;	Active connections per server: 0.0;]
},Server stats: [[Server:DESKTOP-CTAQJKR.bbrouter:8762;	Zone:defaultZone;	Total Requests:0;	Successive connection failure:0;	Total blackout seconds:0;	Last connection made:Thu Jan 01 08:00:00 CST 1970;	First connection made: Thu Jan 01 08:00:00 CST 1970;	Active Connections:0;	total failure count in last (1000) msecs:0;	average resp time:0.0;	90 percentile resp time:0.0;	95 percentile resp time:0.0;	min resp time:0.0;	max resp time:0.0;	stddev resp time:0.0]
]}ServerList:org.springframework.cloud.netflix.ribbon.eureka.DomainExtractingServerList@3837006e
2020-03-13 22:34:58.914 INFO  --- [PollingServerListUpdater-0] com.netflix.config.ChainedDynamicProperty Line:115 - Flipping property: service.ribbon.ActiveConnectionsLimit to use NEXT property: niws.loadbalancer.availabilityFilteringRule.activeConnectionsLimit = 2147483647
2020-03-13 22:35:27.770 INFO  --- [http-nio-8765-exec-1] org.apache.catalina.core.ContainerBase.[Tomcat].[localhost].[/] Line:173 - Initializing Spring DispatcherServlet 'dispatcherServlet'
2020-03-13 22:39:56.986 INFO  --- [AsyncResolver-bootstrap-executor-0] com.netflix.discovery.shared.resolver.aws.ConfigClusterResolver Line:43  - Resolving eureka endpoints via configuration
2020-03-13 22:44:56.989 INFO  --- [AsyncResolver-bootstrap-executor-0] com.netflix.discovery.shared.resolver.aws.ConfigClusterResolver Line:43  - Resolving eureka endpoints via configuration
2020-03-13 22:49:56.993 INFO  --- [AsyncResolver-bootstrap-executor-0] com.netflix.discovery.shared.resolver.aws.ConfigClusterResolver Line:43  - Resolving eureka endpoints via configuration
2020-03-13 22:54:56.998 INFO  --- [AsyncResolver-bootstrap-executor-0] com.netflix.discovery.shared.resolver.aws.ConfigClusterResolver Line:43  - Resolving eureka endpoints via configuration
2020-03-13 22:59:57.001 INFO  --- [AsyncResolver-bootstrap-executor-0] com.netflix.discovery.shared.resolver.aws.ConfigClusterResolver Line:43  - Resolving eureka endpoints via configuration
2020-03-13 23:04:57.002 INFO  --- [AsyncResolver-bootstrap-executor-0] com.netflix.discovery.shared.resolver.aws.ConfigClusterResolver Line:43  - Resolving eureka endpoints via configuration
2020-03-13 23:09:57.006 INFO  --- [AsyncResolver-bootstrap-executor-0] com.netflix.discovery.shared.resolver.aws.ConfigClusterResolver Line:43  - Resolving eureka endpoints via configuration
2020-03-13 23:14:57.008 INFO  --- [AsyncResolver-bootstrap-executor-0] com.netflix.discovery.shared.resolver.aws.ConfigClusterResolver Line:43  - Resolving eureka endpoints via configuration
2020-03-13 23:19:57.009 INFO  --- [AsyncResolver-bootstrap-executor-0] com.netflix.discovery.shared.resolver.aws.ConfigClusterResolver Line:43  - Resolving eureka endpoints via configuration
2020-03-13 23:24:57.012 INFO  --- [AsyncResolver-bootstrap-executor-0] com.netflix.discovery.shared.resolver.aws.ConfigClusterResolver Line:43  - Resolving eureka endpoints via configuration
2020-03-13 23:29:57.014 INFO  --- [AsyncResolver-bootstrap-executor-0] com.netflix.discovery.shared.resolver.aws.ConfigClusterResolver Line:43  - Resolving eureka endpoints via configuration
2020-03-13 23:34:57.017 INFO  --- [AsyncResolver-bootstrap-executor-0] com.netflix.discovery.shared.resolver.aws.ConfigClusterResolver Line:43  - Resolving eureka endpoints via configuration
2020-03-13 23:39:57.019 INFO  --- [AsyncResolver-bootstrap-executor-0] com.netflix.discovery.shared.resolver.aws.ConfigClusterResolver Line:43  - Resolving eureka endpoints via configuration
2020-03-13 23:44:57.021 INFO  --- [AsyncResolver-bootstrap-executor-0] com.netflix.discovery.shared.resolver.aws.ConfigClusterResolver Line:43  - Resolving eureka endpoints via configuration
2020-03-13 23:49:57.023 INFO  --- [AsyncResolver-bootstrap-executor-0] com.netflix.discovery.shared.resolver.aws.ConfigClusterResolver Line:43  - Resolving eureka endpoints via configuration
2020-03-13 23:54:57.025 INFO  --- [AsyncResolver-bootstrap-executor-0] com.netflix.discovery.shared.resolver.aws.ConfigClusterResolver Line:43  - Resolving eureka endpoints via configuration
2020-03-13 23:59:57.028 INFO  --- [AsyncResolver-bootstrap-executor-0] com.netflix.discovery.shared.resolver.aws.ConfigClusterResolver Line:43  - Resolving eureka endpoints via configuration
