2020-03-07 00:03:21.446 INFO  --- [AsyncResolver-bootstrap-executor-0] com.netflix.discovery.shared.resolver.aws.ConfigClusterResolver Line:43  - Resolving eureka endpoints via configuration
2020-03-07 00:05:27.393 INFO  --- [DiscoveryClient-InstanceInfoReplicator-0] com.netflix.discovery.DiscoveryClient Line:844 - DiscoveryClient_SERVICE/DESKTOP-CTAQJKR.bbrouter:service:8762: registering service...
2020-03-07 00:05:27.424 INFO  --- [Thread-11] com.alibaba.druid.pool.DruidDataSource Line:1825 - {dataSource-1} closed
2020-03-07 00:05:27.424 INFO  --- [Thread-11] com.netflix.discovery.DiscoveryClient Line:906 - Shutting down DiscoveryClient ...
2020-03-07 00:05:30.440 INFO  --- [Thread-11] com.netflix.discovery.DiscoveryClient Line:940 - Unregistering ...
2020-03-07 00:05:38.638 INFO  --- [Thread-11] com.netflix.discovery.DiscoveryClient Line:929 - Completed shut down of DiscoveryClient
2020-03-07 15:13:28.771 INFO  --- [restartedMain] com.vtu.ServiceApplication Line:652 - The following profiles are active: dev
2020-03-07 15:13:30.856 INFO  --- [restartedMain] org.apache.coyote.http11.Http11NioProtocol Line:173 - Initializing ProtocolHandler ["http-nio-8762"]
2020-03-07 15:13:30.867 INFO  --- [restartedMain] org.apache.catalina.core.StandardService Line:173 - Starting service [Tomcat]
2020-03-07 15:13:30.868 INFO  --- [restartedMain] org.apache.catalina.core.StandardEngine Line:173 - Starting Servlet engine: [Apache Tomcat/9.0.26]
2020-03-07 15:13:31.019 INFO  --- [restartedMain] org.apache.catalina.core.ContainerBase.[Tomcat].[localhost].[/] Line:173 - Initializing Spring embedded WebApplicationContext
2020-03-07 15:13:31.352 INFO  --- [restartedMain] com.alibaba.druid.spring.boot.autoconfigure.DruidDataSourceAutoConfigure Line:56  - Init DruidDataSource
2020-03-07 15:13:32.106 INFO  --- [restartedMain] com.alibaba.druid.pool.DruidDataSource Line:930 - {dataSource-1} inited
2020-03-07 15:13:32.755 INFO  --- [restartedMain] com.netflix.config.sources.URLConfigurationSource Line:122 - To enable URLs as dynamic configuration sources, define System property archaius.configurationSource.additionalUrls or make config.properties available on classpath.
2020-03-07 15:13:32.761 INFO  --- [restartedMain] com.netflix.config.sources.URLConfigurationSource Line:122 - To enable URLs as dynamic configuration sources, define System property archaius.configurationSource.additionalUrls or make config.properties available on classpath.
2020-03-07 15:13:34.439 INFO  --- [restartedMain] com.netflix.discovery.DiscoveryClient Line:365 - Initializing Eureka in region us-east-1
2020-03-07 15:13:34.941 INFO  --- [restartedMain] com.netflix.discovery.provider.DiscoveryJerseyProvider Line:70  - Using JSON encoding codec LegacyJacksonJson
2020-03-07 15:13:34.942 INFO  --- [restartedMain] com.netflix.discovery.provider.DiscoveryJerseyProvider Line:71  - Using JSON decoding codec LegacyJacksonJson
2020-03-07 15:13:35.102 INFO  --- [restartedMain] com.netflix.discovery.provider.DiscoveryJerseyProvider Line:80  - Using XML encoding codec XStreamXml
2020-03-07 15:13:35.103 INFO  --- [restartedMain] com.netflix.discovery.provider.DiscoveryJerseyProvider Line:81  - Using XML decoding codec XStreamXml
2020-03-07 15:13:35.472 INFO  --- [restartedMain] com.netflix.discovery.shared.resolver.aws.ConfigClusterResolver Line:43  - Resolving eureka endpoints via configuration
2020-03-07 15:13:35.753 INFO  --- [restartedMain] com.netflix.discovery.DiscoveryClient Line:976 - Disable delta property : false
2020-03-07 15:13:35.754 INFO  --- [restartedMain] com.netflix.discovery.DiscoveryClient Line:977 - Single vip registry refresh property : null
2020-03-07 15:13:35.754 INFO  --- [restartedMain] com.netflix.discovery.DiscoveryClient Line:978 - Force full registry fetch : false
2020-03-07 15:13:35.755 INFO  --- [restartedMain] com.netflix.discovery.DiscoveryClient Line:979 - Application is null : false
2020-03-07 15:13:35.755 INFO  --- [restartedMain] com.netflix.discovery.DiscoveryClient Line:980 - Registered Applications size is zero : true
2020-03-07 15:13:35.756 INFO  --- [restartedMain] com.netflix.discovery.DiscoveryClient Line:982 - Application version is -1: true
2020-03-07 15:13:35.756 INFO  --- [restartedMain] com.netflix.discovery.DiscoveryClient Line:1065 - Getting all instance registry info from the eureka server
2020-03-07 15:13:36.015 INFO  --- [restartedMain] com.netflix.discovery.DiscoveryClient Line:1074 - The response status is 200
2020-03-07 15:13:36.018 INFO  --- [restartedMain] com.netflix.discovery.DiscoveryClient Line:1288 - Starting heartbeat executor: renew interval is: 30
2020-03-07 15:13:36.022 INFO  --- [restartedMain] com.netflix.discovery.InstanceInfoReplicator Line:60  - InstanceInfoReplicator onDemand update allowed rate per min is 4
2020-03-07 15:13:36.028 INFO  --- [restartedMain] com.netflix.discovery.DiscoveryClient Line:465 - Discovery Client initialized at timestamp 1583565216026 with initial instances count: 0
2020-03-07 15:13:36.031 INFO  --- [restartedMain] com.netflix.discovery.DiscoveryClient Line:1323 - Saw local status change event StatusChangeEvent [timestamp=1583565216031, current=UP, previous=STARTING]
2020-03-07 15:13:36.034 INFO  --- [DiscoveryClient-InstanceInfoReplicator-0] com.netflix.discovery.DiscoveryClient Line:844 - DiscoveryClient_SERVICE/DESKTOP-CTAQJKR.bbrouter:service:8762: registering service...
2020-03-07 15:13:36.058 INFO  --- [restartedMain] org.apache.coyote.http11.Http11NioProtocol Line:173 - Starting ProtocolHandler ["http-nio-8762"]
2020-03-07 15:13:36.174 INFO  --- [DiscoveryClient-InstanceInfoReplicator-0] com.netflix.discovery.DiscoveryClient Line:853 - DiscoveryClient_SERVICE/DESKTOP-CTAQJKR.bbrouter:service:8762 - registration status: 204
2020-03-07 15:13:36.448 INFO  --- [restartedMain] com.vtu.ServiceApplication Line:59  - Started ServiceApplication in 9.992 seconds (JVM running for 13.032)
2020-03-07 15:14:06.024 INFO  --- [DiscoveryClient-CacheRefreshExecutor-0] com.netflix.discovery.DiscoveryClient Line:976 - Disable delta property : false
2020-03-07 15:14:06.026 INFO  --- [DiscoveryClient-CacheRefreshExecutor-0] com.netflix.discovery.DiscoveryClient Line:977 - Single vip registry refresh property : null
2020-03-07 15:14:06.028 INFO  --- [DiscoveryClient-CacheRefreshExecutor-0] com.netflix.discovery.DiscoveryClient Line:978 - Force full registry fetch : false
2020-03-07 15:14:06.029 INFO  --- [DiscoveryClient-CacheRefreshExecutor-0] com.netflix.discovery.DiscoveryClient Line:979 - Application is null : false
2020-03-07 15:14:06.030 INFO  --- [DiscoveryClient-CacheRefreshExecutor-0] com.netflix.discovery.DiscoveryClient Line:980 - Registered Applications size is zero : true
2020-03-07 15:14:06.031 INFO  --- [DiscoveryClient-CacheRefreshExecutor-0] com.netflix.discovery.DiscoveryClient Line:982 - Application version is -1: false
2020-03-07 15:14:06.033 INFO  --- [DiscoveryClient-CacheRefreshExecutor-0] com.netflix.discovery.DiscoveryClient Line:1065 - Getting all instance registry info from the eureka server
2020-03-07 15:14:06.095 INFO  --- [DiscoveryClient-CacheRefreshExecutor-0] com.netflix.discovery.DiscoveryClient Line:1074 - The response status is 200
2020-03-07 15:14:28.064 INFO  --- [http-nio-8762-exec-1] org.apache.catalina.core.ContainerBase.[Tomcat].[localhost].[/] Line:173 - Initializing Spring DispatcherServlet 'dispatcherServlet'
2020-03-07 15:18:35.761 INFO  --- [AsyncResolver-bootstrap-executor-0] com.netflix.discovery.shared.resolver.aws.ConfigClusterResolver Line:43  - Resolving eureka endpoints via configuration
2020-03-07 15:23:35.765 INFO  --- [AsyncResolver-bootstrap-executor-0] com.netflix.discovery.shared.resolver.aws.ConfigClusterResolver Line:43  - Resolving eureka endpoints via configuration
2020-03-07 15:28:35.767 INFO  --- [AsyncResolver-bootstrap-executor-0] com.netflix.discovery.shared.resolver.aws.ConfigClusterResolver Line:43  - Resolving eureka endpoints via configuration
2020-03-07 15:33:35.770 INFO  --- [AsyncResolver-bootstrap-executor-0] com.netflix.discovery.shared.resolver.aws.ConfigClusterResolver Line:43  - Resolving eureka endpoints via configuration
2020-03-07 15:38:35.773 INFO  --- [AsyncResolver-bootstrap-executor-0] com.netflix.discovery.shared.resolver.aws.ConfigClusterResolver Line:43  - Resolving eureka endpoints via configuration
2020-03-07 15:43:35.778 INFO  --- [AsyncResolver-bootstrap-executor-0] com.netflix.discovery.shared.resolver.aws.ConfigClusterResolver Line:43  - Resolving eureka endpoints via configuration
2020-03-07 15:48:35.780 INFO  --- [AsyncResolver-bootstrap-executor-0] com.netflix.discovery.shared.resolver.aws.ConfigClusterResolver Line:43  - Resolving eureka endpoints via configuration
2020-03-07 15:53:35.783 INFO  --- [AsyncResolver-bootstrap-executor-0] com.netflix.discovery.shared.resolver.aws.ConfigClusterResolver Line:43  - Resolving eureka endpoints via configuration
2020-03-07 15:58:35.785 INFO  --- [AsyncResolver-bootstrap-executor-0] com.netflix.discovery.shared.resolver.aws.ConfigClusterResolver Line:43  - Resolving eureka endpoints via configuration
2020-03-07 16:03:35.786 INFO  --- [AsyncResolver-bootstrap-executor-0] com.netflix.discovery.shared.resolver.aws.ConfigClusterResolver Line:43  - Resolving eureka endpoints via configuration
2020-03-07 16:08:35.789 INFO  --- [AsyncResolver-bootstrap-executor-0] com.netflix.discovery.shared.resolver.aws.ConfigClusterResolver Line:43  - Resolving eureka endpoints via configuration
2020-03-07 16:13:35.792 INFO  --- [AsyncResolver-bootstrap-executor-0] com.netflix.discovery.shared.resolver.aws.ConfigClusterResolver Line:43  - Resolving eureka endpoints via configuration
2020-03-07 16:18:35.794 INFO  --- [AsyncResolver-bootstrap-executor-0] com.netflix.discovery.shared.resolver.aws.ConfigClusterResolver Line:43  - Resolving eureka endpoints via configuration
2020-03-07 16:23:35.797 INFO  --- [AsyncResolver-bootstrap-executor-0] com.netflix.discovery.shared.resolver.aws.ConfigClusterResolver Line:43  - Resolving eureka endpoints via configuration
2020-03-07 16:28:35.799 INFO  --- [AsyncResolver-bootstrap-executor-0] com.netflix.discovery.shared.resolver.aws.ConfigClusterResolver Line:43  - Resolving eureka endpoints via configuration
2020-03-07 16:33:35.801 INFO  --- [AsyncResolver-bootstrap-executor-0] com.netflix.discovery.shared.resolver.aws.ConfigClusterResolver Line:43  - Resolving eureka endpoints via configuration
2020-03-07 16:38:35.803 INFO  --- [AsyncResolver-bootstrap-executor-0] com.netflix.discovery.shared.resolver.aws.ConfigClusterResolver Line:43  - Resolving eureka endpoints via configuration
2020-03-07 16:43:35.805 INFO  --- [AsyncResolver-bootstrap-executor-0] com.netflix.discovery.shared.resolver.aws.ConfigClusterResolver Line:43  - Resolving eureka endpoints via configuration
2020-03-07 16:48:35.807 INFO  --- [AsyncResolver-bootstrap-executor-0] com.netflix.discovery.shared.resolver.aws.ConfigClusterResolver Line:43  - Resolving eureka endpoints via configuration
2020-03-07 16:53:35.815 INFO  --- [AsyncResolver-bootstrap-executor-0] com.netflix.discovery.shared.resolver.aws.ConfigClusterResolver Line:43  - Resolving eureka endpoints via configuration
2020-03-07 16:58:34.265 INFO  --- [AsyncResolver-bootstrap-executor-0] com.netflix.discovery.shared.resolver.aws.ConfigClusterResolver Line:43  - Resolving eureka endpoints via configuration
2020-03-07 17:03:34.268 INFO  --- [AsyncResolver-bootstrap-executor-0] com.netflix.discovery.shared.resolver.aws.ConfigClusterResolver Line:43  - Resolving eureka endpoints via configuration
2020-03-07 17:08:34.271 INFO  --- [AsyncResolver-bootstrap-executor-0] com.netflix.discovery.shared.resolver.aws.ConfigClusterResolver Line:43  - Resolving eureka endpoints via configuration
2020-03-07 17:13:34.273 INFO  --- [AsyncResolver-bootstrap-executor-0] com.netflix.discovery.shared.resolver.aws.ConfigClusterResolver Line:43  - Resolving eureka endpoints via configuration
2020-03-07 17:18:34.276 INFO  --- [AsyncResolver-bootstrap-executor-0] com.netflix.discovery.shared.resolver.aws.ConfigClusterResolver Line:43  - Resolving eureka endpoints via configuration
2020-03-07 17:23:34.278 INFO  --- [AsyncResolver-bootstrap-executor-0] com.netflix.discovery.shared.resolver.aws.ConfigClusterResolver Line:43  - Resolving eureka endpoints via configuration
2020-03-07 17:28:34.281 INFO  --- [AsyncResolver-bootstrap-executor-0] com.netflix.discovery.shared.resolver.aws.ConfigClusterResolver Line:43  - Resolving eureka endpoints via configuration
2020-03-07 17:33:34.284 INFO  --- [AsyncResolver-bootstrap-executor-0] com.netflix.discovery.shared.resolver.aws.ConfigClusterResolver Line:43  - Resolving eureka endpoints via configuration
2020-03-07 17:38:34.286 INFO  --- [AsyncResolver-bootstrap-executor-0] com.netflix.discovery.shared.resolver.aws.ConfigClusterResolver Line:43  - Resolving eureka endpoints via configuration
2020-03-07 17:43:34.288 INFO  --- [AsyncResolver-bootstrap-executor-0] com.netflix.discovery.shared.resolver.aws.ConfigClusterResolver Line:43  - Resolving eureka endpoints via configuration
2020-03-07 17:48:34.290 INFO  --- [AsyncResolver-bootstrap-executor-0] com.netflix.discovery.shared.resolver.aws.ConfigClusterResolver Line:43  - Resolving eureka endpoints via configuration
2020-03-07 17:49:18.855 INFO  --- [DiscoveryClient-InstanceInfoReplicator-0] com.netflix.discovery.DiscoveryClient Line:844 - DiscoveryClient_SERVICE/DESKTOP-CTAQJKR.bbrouter:service:8762: registering service...
2020-03-07 17:49:18.862 INFO  --- [DiscoveryClient-InstanceInfoReplicator-0] com.netflix.discovery.DiscoveryClient Line:853 - DiscoveryClient_SERVICE/DESKTOP-CTAQJKR.bbrouter:service:8762 - registration status: 204
2020-03-07 17:49:18.871 INFO  --- [Thread-2] com.alibaba.druid.pool.DruidDataSource Line:1825 - {dataSource-1} closed
2020-03-07 17:49:18.873 INFO  --- [Thread-2] com.netflix.discovery.DiscoveryClient Line:906 - Shutting down DiscoveryClient ...
2020-03-07 17:49:21.885 INFO  --- [Thread-2] com.netflix.discovery.DiscoveryClient Line:940 - Unregistering ...
2020-03-07 17:49:21.893 INFO  --- [Thread-2] com.netflix.discovery.DiscoveryClient Line:942 - DiscoveryClient_SERVICE/DESKTOP-CTAQJKR.bbrouter:service:8762 - deregister  status: 200
2020-03-07 17:49:21.912 INFO  --- [Thread-2] com.netflix.discovery.DiscoveryClient Line:929 - Completed shut down of DiscoveryClient
2020-03-07 17:49:25.678 INFO  --- [restartedMain] com.vtu.ServiceApplication Line:652 - The following profiles are active: dev
2020-03-07 17:49:26.489 INFO  --- [restartedMain] org.apache.coyote.http11.Http11NioProtocol Line:173 - Initializing ProtocolHandler ["http-nio-8762"]
2020-03-07 17:49:26.490 INFO  --- [restartedMain] org.apache.catalina.core.StandardService Line:173 - Starting service [Tomcat]
2020-03-07 17:49:26.490 INFO  --- [restartedMain] org.apache.catalina.core.StandardEngine Line:173 - Starting Servlet engine: [Apache Tomcat/9.0.26]
2020-03-07 17:49:26.518 INFO  --- [restartedMain] org.apache.catalina.core.ContainerBase.[Tomcat].[localhost].[/] Line:173 - Initializing Spring embedded WebApplicationContext
2020-03-07 17:49:26.575 INFO  --- [restartedMain] com.alibaba.druid.spring.boot.autoconfigure.DruidDataSourceAutoConfigure Line:56  - Init DruidDataSource
2020-03-07 17:49:26.904 INFO  --- [restartedMain] com.alibaba.druid.pool.DruidDataSource Line:930 - {dataSource-2} inited
2020-03-07 17:49:27.187 INFO  --- [restartedMain] com.netflix.config.sources.URLConfigurationSource Line:122 - To enable URLs as dynamic configuration sources, define System property archaius.configurationSource.additionalUrls or make config.properties available on classpath.
2020-03-07 17:49:28.195 INFO  --- [restartedMain] com.netflix.discovery.DiscoveryClient Line:365 - Initializing Eureka in region us-east-1
2020-03-07 17:49:28.198 INFO  --- [restartedMain] com.netflix.discovery.provider.DiscoveryJerseyProvider Line:70  - Using JSON encoding codec LegacyJacksonJson
2020-03-07 17:49:28.198 INFO  --- [restartedMain] com.netflix.discovery.provider.DiscoveryJerseyProvider Line:71  - Using JSON decoding codec LegacyJacksonJson
2020-03-07 17:49:28.199 INFO  --- [restartedMain] com.netflix.discovery.provider.DiscoveryJerseyProvider Line:80  - Using XML encoding codec XStreamXml
2020-03-07 17:49:28.199 INFO  --- [restartedMain] com.netflix.discovery.provider.DiscoveryJerseyProvider Line:81  - Using XML decoding codec XStreamXml
2020-03-07 17:49:28.376 INFO  --- [restartedMain] com.netflix.discovery.shared.resolver.aws.ConfigClusterResolver Line:43  - Resolving eureka endpoints via configuration
2020-03-07 17:49:28.387 INFO  --- [restartedMain] com.netflix.discovery.DiscoveryClient Line:976 - Disable delta property : false
2020-03-07 17:49:28.387 INFO  --- [restartedMain] com.netflix.discovery.DiscoveryClient Line:977 - Single vip registry refresh property : null
2020-03-07 17:49:28.387 INFO  --- [restartedMain] com.netflix.discovery.DiscoveryClient Line:978 - Force full registry fetch : false
2020-03-07 17:49:28.387 INFO  --- [restartedMain] com.netflix.discovery.DiscoveryClient Line:979 - Application is null : false
2020-03-07 17:49:28.388 INFO  --- [restartedMain] com.netflix.discovery.DiscoveryClient Line:980 - Registered Applications size is zero : true
2020-03-07 17:49:28.388 INFO  --- [restartedMain] com.netflix.discovery.DiscoveryClient Line:982 - Application version is -1: true
2020-03-07 17:49:28.388 INFO  --- [restartedMain] com.netflix.discovery.DiscoveryClient Line:1065 - Getting all instance registry info from the eureka server
2020-03-07 17:49:28.392 INFO  --- [restartedMain] com.netflix.discovery.DiscoveryClient Line:1074 - The response status is 200
2020-03-07 17:49:28.393 INFO  --- [restartedMain] com.netflix.discovery.DiscoveryClient Line:1288 - Starting heartbeat executor: renew interval is: 30
2020-03-07 17:49:28.395 INFO  --- [restartedMain] com.netflix.discovery.InstanceInfoReplicator Line:60  - InstanceInfoReplicator onDemand update allowed rate per min is 4
2020-03-07 17:49:28.398 INFO  --- [restartedMain] com.netflix.discovery.DiscoveryClient Line:465 - Discovery Client initialized at timestamp 1583574568398 with initial instances count: 2
2020-03-07 17:49:28.402 INFO  --- [restartedMain] com.netflix.discovery.DiscoveryClient Line:1323 - Saw local status change event StatusChangeEvent [timestamp=1583574568402, current=UP, previous=STARTING]
2020-03-07 17:49:28.403 INFO  --- [DiscoveryClient-InstanceInfoReplicator-0] com.netflix.discovery.DiscoveryClient Line:844 - DiscoveryClient_SERVICE/DESKTOP-CTAQJKR.bbrouter:service:8762: registering service...
2020-03-07 17:49:28.412 INFO  --- [restartedMain] org.apache.coyote.http11.Http11NioProtocol Line:173 - Starting ProtocolHandler ["http-nio-8762"]
2020-03-07 17:49:28.415 INFO  --- [DiscoveryClient-InstanceInfoReplicator-0] com.netflix.discovery.DiscoveryClient Line:853 - DiscoveryClient_SERVICE/DESKTOP-CTAQJKR.bbrouter:service:8762 - registration status: 204
2020-03-07 17:49:28.729 INFO  --- [restartedMain] com.vtu.ServiceApplication Line:59  - Started ServiceApplication in 4.775 seconds (JVM running for 9366.865)
2020-03-07 17:54:28.390 INFO  --- [AsyncResolver-bootstrap-executor-0] com.netflix.discovery.shared.resolver.aws.ConfigClusterResolver Line:43  - Resolving eureka endpoints via configuration
2020-03-07 17:59:18.114 INFO  --- [DiscoveryClient-InstanceInfoReplicator-0] com.netflix.discovery.DiscoveryClient Line:844 - DiscoveryClient_SERVICE/DESKTOP-CTAQJKR.bbrouter:service:8762: registering service...
2020-03-07 17:59:18.119 INFO  --- [DiscoveryClient-InstanceInfoReplicator-0] com.netflix.discovery.DiscoveryClient Line:853 - DiscoveryClient_SERVICE/DESKTOP-CTAQJKR.bbrouter:service:8762 - registration status: 204
2020-03-07 17:59:18.122 INFO  --- [Thread-12] com.alibaba.druid.pool.DruidDataSource Line:1825 - {dataSource-2} closed
2020-03-07 17:59:18.123 INFO  --- [Thread-12] com.netflix.discovery.DiscoveryClient Line:906 - Shutting down DiscoveryClient ...
2020-03-07 17:59:21.127 INFO  --- [Thread-12] com.netflix.discovery.DiscoveryClient Line:940 - Unregistering ...
2020-03-07 17:59:21.152 INFO  --- [Thread-12] com.netflix.discovery.DiscoveryClient Line:942 - DiscoveryClient_SERVICE/DESKTOP-CTAQJKR.bbrouter:service:8762 - deregister  status: 200
2020-03-07 17:59:21.174 INFO  --- [Thread-12] com.netflix.discovery.DiscoveryClient Line:929 - Completed shut down of DiscoveryClient
2020-03-07 17:59:22.572 INFO  --- [restartedMain] com.vtu.ServiceApplication Line:652 - The following profiles are active: dev
2020-03-07 17:59:23.298 INFO  --- [restartedMain] org.apache.coyote.http11.Http11NioProtocol Line:173 - Initializing ProtocolHandler ["http-nio-8762"]
2020-03-07 17:59:23.298 INFO  --- [restartedMain] org.apache.catalina.core.StandardService Line:173 - Starting service [Tomcat]
2020-03-07 17:59:23.298 INFO  --- [restartedMain] org.apache.catalina.core.StandardEngine Line:173 - Starting Servlet engine: [Apache Tomcat/9.0.26]
2020-03-07 17:59:23.318 INFO  --- [restartedMain] org.apache.catalina.core.ContainerBase.[Tomcat].[localhost].[/] Line:173 - Initializing Spring embedded WebApplicationContext
2020-03-07 17:59:23.378 INFO  --- [restartedMain] com.alibaba.druid.spring.boot.autoconfigure.DruidDataSourceAutoConfigure Line:56  - Init DruidDataSource
2020-03-07 17:59:23.719 INFO  --- [restartedMain] com.alibaba.druid.pool.DruidDataSource Line:930 - {dataSource-3} inited
2020-03-07 17:59:23.988 INFO  --- [restartedMain] com.netflix.config.sources.URLConfigurationSource Line:122 - To enable URLs as dynamic configuration sources, define System property archaius.configurationSource.additionalUrls or make config.properties available on classpath.
2020-03-07 17:59:24.911 INFO  --- [restartedMain] com.netflix.discovery.DiscoveryClient Line:365 - Initializing Eureka in region us-east-1
2020-03-07 17:59:24.915 INFO  --- [restartedMain] com.netflix.discovery.provider.DiscoveryJerseyProvider Line:70  - Using JSON encoding codec LegacyJacksonJson
2020-03-07 17:59:24.916 INFO  --- [restartedMain] com.netflix.discovery.provider.DiscoveryJerseyProvider Line:71  - Using JSON decoding codec LegacyJacksonJson
2020-03-07 17:59:24.916 INFO  --- [restartedMain] com.netflix.discovery.provider.DiscoveryJerseyProvider Line:80  - Using XML encoding codec XStreamXml
2020-03-07 17:59:24.916 INFO  --- [restartedMain] com.netflix.discovery.provider.DiscoveryJerseyProvider Line:81  - Using XML decoding codec XStreamXml
2020-03-07 17:59:25.093 INFO  --- [restartedMain] com.netflix.discovery.shared.resolver.aws.ConfigClusterResolver Line:43  - Resolving eureka endpoints via configuration
2020-03-07 17:59:25.094 INFO  --- [restartedMain] com.netflix.discovery.DiscoveryClient Line:976 - Disable delta property : false
2020-03-07 17:59:25.095 INFO  --- [restartedMain] com.netflix.discovery.DiscoveryClient Line:977 - Single vip registry refresh property : null
2020-03-07 17:59:25.095 INFO  --- [restartedMain] com.netflix.discovery.DiscoveryClient Line:978 - Force full registry fetch : false
2020-03-07 17:59:25.095 INFO  --- [restartedMain] com.netflix.discovery.DiscoveryClient Line:979 - Application is null : false
2020-03-07 17:59:25.095 INFO  --- [restartedMain] com.netflix.discovery.DiscoveryClient Line:980 - Registered Applications size is zero : true
2020-03-07 17:59:25.095 INFO  --- [restartedMain] com.netflix.discovery.DiscoveryClient Line:982 - Application version is -1: true
2020-03-07 17:59:25.095 INFO  --- [restartedMain] com.netflix.discovery.DiscoveryClient Line:1065 - Getting all instance registry info from the eureka server
2020-03-07 17:59:25.101 INFO  --- [restartedMain] com.netflix.discovery.DiscoveryClient Line:1074 - The response status is 200
2020-03-07 17:59:25.102 INFO  --- [restartedMain] com.netflix.discovery.DiscoveryClient Line:1288 - Starting heartbeat executor: renew interval is: 30
2020-03-07 17:59:25.103 INFO  --- [restartedMain] com.netflix.discovery.InstanceInfoReplicator Line:60  - InstanceInfoReplicator onDemand update allowed rate per min is 4
2020-03-07 17:59:25.104 INFO  --- [restartedMain] com.netflix.discovery.DiscoveryClient Line:465 - Discovery Client initialized at timestamp 1583575165104 with initial instances count: 1
2020-03-07 17:59:25.106 INFO  --- [restartedMain] com.netflix.discovery.DiscoveryClient Line:1323 - Saw local status change event StatusChangeEvent [timestamp=1583575165106, current=UP, previous=STARTING]
2020-03-07 17:59:25.107 INFO  --- [DiscoveryClient-InstanceInfoReplicator-0] com.netflix.discovery.DiscoveryClient Line:844 - DiscoveryClient_SERVICE/DESKTOP-CTAQJKR.bbrouter:service:8762: registering service...
2020-03-07 17:59:25.112 INFO  --- [DiscoveryClient-InstanceInfoReplicator-0] com.netflix.discovery.DiscoveryClient Line:853 - DiscoveryClient_SERVICE/DESKTOP-CTAQJKR.bbrouter:service:8762 - registration status: 204
2020-03-07 17:59:25.114 INFO  --- [restartedMain] org.apache.coyote.http11.Http11NioProtocol Line:173 - Starting ProtocolHandler ["http-nio-8762"]
2020-03-07 17:59:25.427 INFO  --- [restartedMain] com.vtu.ServiceApplication Line:59  - Started ServiceApplication in 3.676 seconds (JVM running for 9963.564)
2020-03-07 18:02:35.062 INFO  --- [DiscoveryClient-InstanceInfoReplicator-0] com.netflix.discovery.DiscoveryClient Line:844 - DiscoveryClient_SERVICE/DESKTOP-CTAQJKR.bbrouter:service:8762: registering service...
2020-03-07 18:02:35.068 INFO  --- [DiscoveryClient-InstanceInfoReplicator-0] com.netflix.discovery.DiscoveryClient Line:853 - DiscoveryClient_SERVICE/DESKTOP-CTAQJKR.bbrouter:service:8762 - registration status: 204
2020-03-07 18:02:35.069 INFO  --- [Thread-22] com.alibaba.druid.pool.DruidDataSource Line:1825 - {dataSource-3} closed
2020-03-07 18:02:35.070 INFO  --- [Thread-22] com.netflix.discovery.DiscoveryClient Line:906 - Shutting down DiscoveryClient ...
2020-03-07 18:02:38.073 INFO  --- [Thread-22] com.netflix.discovery.DiscoveryClient Line:940 - Unregistering ...
2020-03-07 18:02:38.083 INFO  --- [Thread-22] com.netflix.discovery.DiscoveryClient Line:942 - DiscoveryClient_SERVICE/DESKTOP-CTAQJKR.bbrouter:service:8762 - deregister  status: 200
2020-03-07 18:02:38.113 INFO  --- [Thread-22] com.netflix.discovery.DiscoveryClient Line:929 - Completed shut down of DiscoveryClient
2020-03-07 18:02:39.484 INFO  --- [restartedMain] com.vtu.ServiceApplication Line:652 - The following profiles are active: dev
2020-03-07 18:02:40.177 INFO  --- [restartedMain] org.apache.coyote.http11.Http11NioProtocol Line:173 - Initializing ProtocolHandler ["http-nio-8762"]
2020-03-07 18:02:40.178 INFO  --- [restartedMain] org.apache.catalina.core.StandardService Line:173 - Starting service [Tomcat]
2020-03-07 18:02:40.178 INFO  --- [restartedMain] org.apache.catalina.core.StandardEngine Line:173 - Starting Servlet engine: [Apache Tomcat/9.0.26]
2020-03-07 18:02:40.197 INFO  --- [restartedMain] org.apache.catalina.core.ContainerBase.[Tomcat].[localhost].[/] Line:173 - Initializing Spring embedded WebApplicationContext
2020-03-07 18:02:40.253 INFO  --- [restartedMain] com.alibaba.druid.spring.boot.autoconfigure.DruidDataSourceAutoConfigure Line:56  - Init DruidDataSource
2020-03-07 18:02:40.660 INFO  --- [restartedMain] com.alibaba.druid.pool.DruidDataSource Line:930 - {dataSource-4} inited
2020-03-07 18:02:40.912 INFO  --- [restartedMain] com.netflix.config.sources.URLConfigurationSource Line:122 - To enable URLs as dynamic configuration sources, define System property archaius.configurationSource.additionalUrls or make config.properties available on classpath.
2020-03-07 18:02:41.811 INFO  --- [restartedMain] com.netflix.discovery.DiscoveryClient Line:365 - Initializing Eureka in region us-east-1
2020-03-07 18:02:41.812 INFO  --- [restartedMain] com.netflix.discovery.provider.DiscoveryJerseyProvider Line:70  - Using JSON encoding codec LegacyJacksonJson
2020-03-07 18:02:41.813 INFO  --- [restartedMain] com.netflix.discovery.provider.DiscoveryJerseyProvider Line:71  - Using JSON decoding codec LegacyJacksonJson
2020-03-07 18:02:41.813 INFO  --- [restartedMain] com.netflix.discovery.provider.DiscoveryJerseyProvider Line:80  - Using XML encoding codec XStreamXml
2020-03-07 18:02:41.813 INFO  --- [restartedMain] com.netflix.discovery.provider.DiscoveryJerseyProvider Line:81  - Using XML decoding codec XStreamXml
2020-03-07 18:02:41.953 INFO  --- [restartedMain] com.netflix.discovery.shared.resolver.aws.ConfigClusterResolver Line:43  - Resolving eureka endpoints via configuration
2020-03-07 18:02:41.954 INFO  --- [restartedMain] com.netflix.discovery.DiscoveryClient Line:976 - Disable delta property : false
2020-03-07 18:02:41.954 INFO  --- [restartedMain] com.netflix.discovery.DiscoveryClient Line:977 - Single vip registry refresh property : null
2020-03-07 18:02:41.954 INFO  --- [restartedMain] com.netflix.discovery.DiscoveryClient Line:978 - Force full registry fetch : false
2020-03-07 18:02:41.955 INFO  --- [restartedMain] com.netflix.discovery.DiscoveryClient Line:979 - Application is null : false
2020-03-07 18:02:41.955 INFO  --- [restartedMain] com.netflix.discovery.DiscoveryClient Line:980 - Registered Applications size is zero : true
2020-03-07 18:02:41.955 INFO  --- [restartedMain] com.netflix.discovery.DiscoveryClient Line:982 - Application version is -1: true
2020-03-07 18:02:41.955 INFO  --- [restartedMain] com.netflix.discovery.DiscoveryClient Line:1065 - Getting all instance registry info from the eureka server
2020-03-07 18:02:41.959 INFO  --- [restartedMain] com.netflix.discovery.DiscoveryClient Line:1074 - The response status is 200
2020-03-07 18:02:41.960 INFO  --- [restartedMain] com.netflix.discovery.DiscoveryClient Line:1288 - Starting heartbeat executor: renew interval is: 30
2020-03-07 18:02:41.960 INFO  --- [restartedMain] com.netflix.discovery.InstanceInfoReplicator Line:60  - InstanceInfoReplicator onDemand update allowed rate per min is 4
2020-03-07 18:02:41.961 INFO  --- [restartedMain] com.netflix.discovery.DiscoveryClient Line:465 - Discovery Client initialized at timestamp 1583575361961 with initial instances count: 1
2020-03-07 18:02:41.963 INFO  --- [restartedMain] com.netflix.discovery.DiscoveryClient Line:1323 - Saw local status change event StatusChangeEvent [timestamp=1583575361963, current=UP, previous=STARTING]
2020-03-07 18:02:41.964 INFO  --- [DiscoveryClient-InstanceInfoReplicator-0] com.netflix.discovery.DiscoveryClient Line:844 - DiscoveryClient_SERVICE/DESKTOP-CTAQJKR.bbrouter:service:8762: registering service...
2020-03-07 18:02:41.968 INFO  --- [DiscoveryClient-InstanceInfoReplicator-0] com.netflix.discovery.DiscoveryClient Line:853 - DiscoveryClient_SERVICE/DESKTOP-CTAQJKR.bbrouter:service:8762 - registration status: 204
2020-03-07 18:02:41.971 INFO  --- [restartedMain] org.apache.coyote.http11.Http11NioProtocol Line:173 - Starting ProtocolHandler ["http-nio-8762"]
2020-03-07 18:02:42.297 INFO  --- [restartedMain] com.vtu.ServiceApplication Line:59  - Started ServiceApplication in 3.658 seconds (JVM running for 10160.433)
2020-03-07 18:07:41.957 INFO  --- [AsyncResolver-bootstrap-executor-0] com.netflix.discovery.shared.resolver.aws.ConfigClusterResolver Line:43  - Resolving eureka endpoints via configuration
2020-03-07 18:12:41.962 INFO  --- [AsyncResolver-bootstrap-executor-0] com.netflix.discovery.shared.resolver.aws.ConfigClusterResolver Line:43  - Resolving eureka endpoints via configuration
2020-03-07 18:17:41.964 INFO  --- [AsyncResolver-bootstrap-executor-0] com.netflix.discovery.shared.resolver.aws.ConfigClusterResolver Line:43  - Resolving eureka endpoints via configuration
2020-03-07 18:22:41.966 INFO  --- [AsyncResolver-bootstrap-executor-0] com.netflix.discovery.shared.resolver.aws.ConfigClusterResolver Line:43  - Resolving eureka endpoints via configuration
2020-03-07 18:24:17.969 INFO  --- [http-nio-8762-exec-1] org.apache.catalina.core.ContainerBase.[Tomcat].[localhost].[/] Line:173 - Initializing Spring DispatcherServlet 'dispatcherServlet'
2020-03-07 18:27:41.969 INFO  --- [AsyncResolver-bootstrap-executor-0] com.netflix.discovery.shared.resolver.aws.ConfigClusterResolver Line:43  - Resolving eureka endpoints via configuration
2020-03-07 18:28:34.872 INFO  --- [DiscoveryClient-InstanceInfoReplicator-0] com.netflix.discovery.DiscoveryClient Line:844 - DiscoveryClient_SERVICE/DESKTOP-CTAQJKR.bbrouter:service:8762: registering service...
2020-03-07 18:28:34.880 INFO  --- [DiscoveryClient-InstanceInfoReplicator-0] com.netflix.discovery.DiscoveryClient Line:853 - DiscoveryClient_SERVICE/DESKTOP-CTAQJKR.bbrouter:service:8762 - registration status: 204
2020-03-07 18:28:34.889 INFO  --- [Thread-32] com.alibaba.druid.pool.DruidDataSource Line:1825 - {dataSource-4} closed
2020-03-07 18:28:34.891 INFO  --- [Thread-32] com.netflix.discovery.DiscoveryClient Line:906 - Shutting down DiscoveryClient ...
2020-03-07 18:28:37.893 INFO  --- [Thread-32] com.netflix.discovery.DiscoveryClient Line:940 - Unregistering ...
2020-03-07 18:28:37.900 INFO  --- [Thread-32] com.netflix.discovery.DiscoveryClient Line:942 - DiscoveryClient_SERVICE/DESKTOP-CTAQJKR.bbrouter:service:8762 - deregister  status: 200
2020-03-07 18:28:37.908 INFO  --- [Thread-32] com.netflix.discovery.DiscoveryClient Line:929 - Completed shut down of DiscoveryClient
2020-03-07 18:28:39.285 INFO  --- [restartedMain] com.vtu.ServiceApplication Line:652 - The following profiles are active: dev
2020-03-07 18:28:40.001 INFO  --- [restartedMain] org.apache.coyote.http11.Http11NioProtocol Line:173 - Initializing ProtocolHandler ["http-nio-8762"]
2020-03-07 18:28:40.001 INFO  --- [restartedMain] org.apache.catalina.core.StandardService Line:173 - Starting service [Tomcat]
2020-03-07 18:28:40.001 INFO  --- [restartedMain] org.apache.catalina.core.StandardEngine Line:173 - Starting Servlet engine: [Apache Tomcat/9.0.26]
2020-03-07 18:28:40.021 INFO  --- [restartedMain] org.apache.catalina.core.ContainerBase.[Tomcat].[localhost].[/] Line:173 - Initializing Spring embedded WebApplicationContext
2020-03-07 18:28:40.075 INFO  --- [restartedMain] com.alibaba.druid.spring.boot.autoconfigure.DruidDataSourceAutoConfigure Line:56  - Init DruidDataSource
2020-03-07 18:28:40.417 INFO  --- [restartedMain] com.alibaba.druid.pool.DruidDataSource Line:930 - {dataSource-5} inited
2020-03-07 18:28:40.671 INFO  --- [restartedMain] com.netflix.config.sources.URLConfigurationSource Line:122 - To enable URLs as dynamic configuration sources, define System property archaius.configurationSource.additionalUrls or make config.properties available on classpath.
2020-03-07 18:28:41.583 INFO  --- [restartedMain] com.netflix.discovery.DiscoveryClient Line:365 - Initializing Eureka in region us-east-1
2020-03-07 18:28:41.585 INFO  --- [restartedMain] com.netflix.discovery.provider.DiscoveryJerseyProvider Line:70  - Using JSON encoding codec LegacyJacksonJson
2020-03-07 18:28:41.585 INFO  --- [restartedMain] com.netflix.discovery.provider.DiscoveryJerseyProvider Line:71  - Using JSON decoding codec LegacyJacksonJson
2020-03-07 18:28:41.585 INFO  --- [restartedMain] com.netflix.discovery.provider.DiscoveryJerseyProvider Line:80  - Using XML encoding codec XStreamXml
2020-03-07 18:28:41.585 INFO  --- [restartedMain] com.netflix.discovery.provider.DiscoveryJerseyProvider Line:81  - Using XML decoding codec XStreamXml
2020-03-07 18:28:41.720 INFO  --- [restartedMain] com.netflix.discovery.shared.resolver.aws.ConfigClusterResolver Line:43  - Resolving eureka endpoints via configuration
2020-03-07 18:28:41.721 INFO  --- [restartedMain] com.netflix.discovery.DiscoveryClient Line:976 - Disable delta property : false
2020-03-07 18:28:41.721 INFO  --- [restartedMain] com.netflix.discovery.DiscoveryClient Line:977 - Single vip registry refresh property : null
2020-03-07 18:28:41.722 INFO  --- [restartedMain] com.netflix.discovery.DiscoveryClient Line:978 - Force full registry fetch : false
2020-03-07 18:28:41.722 INFO  --- [restartedMain] com.netflix.discovery.DiscoveryClient Line:979 - Application is null : false
2020-03-07 18:28:41.722 INFO  --- [restartedMain] com.netflix.discovery.DiscoveryClient Line:980 - Registered Applications size is zero : true
2020-03-07 18:28:41.722 INFO  --- [restartedMain] com.netflix.discovery.DiscoveryClient Line:982 - Application version is -1: true
2020-03-07 18:28:41.722 INFO  --- [restartedMain] com.netflix.discovery.DiscoveryClient Line:1065 - Getting all instance registry info from the eureka server
2020-03-07 18:28:41.728 INFO  --- [restartedMain] com.netflix.discovery.DiscoveryClient Line:1074 - The response status is 200
2020-03-07 18:28:41.729 INFO  --- [restartedMain] com.netflix.discovery.DiscoveryClient Line:1288 - Starting heartbeat executor: renew interval is: 30
2020-03-07 18:28:41.730 INFO  --- [restartedMain] com.netflix.discovery.InstanceInfoReplicator Line:60  - InstanceInfoReplicator onDemand update allowed rate per min is 4
2020-03-07 18:28:41.731 INFO  --- [restartedMain] com.netflix.discovery.DiscoveryClient Line:465 - Discovery Client initialized at timestamp 1583576921730 with initial instances count: 2
2020-03-07 18:28:41.733 INFO  --- [restartedMain] com.netflix.discovery.DiscoveryClient Line:1323 - Saw local status change event StatusChangeEvent [timestamp=1583576921733, current=UP, previous=STARTING]
2020-03-07 18:28:41.734 INFO  --- [DiscoveryClient-InstanceInfoReplicator-0] com.netflix.discovery.DiscoveryClient Line:844 - DiscoveryClient_SERVICE/DESKTOP-CTAQJKR.bbrouter:service:8762: registering service...
2020-03-07 18:28:41.741 INFO  --- [DiscoveryClient-InstanceInfoReplicator-0] com.netflix.discovery.DiscoveryClient Line:853 - DiscoveryClient_SERVICE/DESKTOP-CTAQJKR.bbrouter:service:8762 - registration status: 204
2020-03-07 18:28:41.744 INFO  --- [restartedMain] org.apache.coyote.http11.Http11NioProtocol Line:173 - Starting ProtocolHandler ["http-nio-8762"]
2020-03-07 18:28:42.095 INFO  --- [restartedMain] com.vtu.ServiceApplication Line:59  - Started ServiceApplication in 3.642 seconds (JVM running for 11720.231)
2020-03-07 18:28:58.686 INFO  --- [http-nio-8762-exec-1] org.apache.catalina.core.ContainerBase.[Tomcat].[localhost].[/] Line:173 - Initializing Spring DispatcherServlet 'dispatcherServlet'
2020-03-07 18:33:41.725 INFO  --- [AsyncResolver-bootstrap-executor-0] com.netflix.discovery.shared.resolver.aws.ConfigClusterResolver Line:43  - Resolving eureka endpoints via configuration
2020-03-07 18:38:41.728 INFO  --- [AsyncResolver-bootstrap-executor-0] com.netflix.discovery.shared.resolver.aws.ConfigClusterResolver Line:43  - Resolving eureka endpoints via configuration
2020-03-07 18:43:41.731 INFO  --- [AsyncResolver-bootstrap-executor-0] com.netflix.discovery.shared.resolver.aws.ConfigClusterResolver Line:43  - Resolving eureka endpoints via configuration
2020-03-07 18:48:41.733 INFO  --- [AsyncResolver-bootstrap-executor-0] com.netflix.discovery.shared.resolver.aws.ConfigClusterResolver Line:43  - Resolving eureka endpoints via configuration
2020-03-07 18:53:41.735 INFO  --- [AsyncResolver-bootstrap-executor-0] com.netflix.discovery.shared.resolver.aws.ConfigClusterResolver Line:43  - Resolving eureka endpoints via configuration
2020-03-07 18:58:41.737 INFO  --- [AsyncResolver-bootstrap-executor-0] com.netflix.discovery.shared.resolver.aws.ConfigClusterResolver Line:43  - Resolving eureka endpoints via configuration
2020-03-07 19:03:41.738 INFO  --- [AsyncResolver-bootstrap-executor-0] com.netflix.discovery.shared.resolver.aws.ConfigClusterResolver Line:43  - Resolving eureka endpoints via configuration
2020-03-07 19:07:12.147 INFO  --- [DiscoveryClient-InstanceInfoReplicator-0] com.netflix.discovery.DiscoveryClient Line:844 - DiscoveryClient_SERVICE/DESKTOP-CTAQJKR.bbrouter:service:8762: registering service...
2020-03-07 19:07:12.151 INFO  --- [Thread-51] com.alibaba.druid.pool.DruidDataSource Line:1825 - {dataSource-5} closed
2020-03-07 19:07:12.152 INFO  --- [Thread-51] com.netflix.discovery.DiscoveryClient Line:906 - Shutting down DiscoveryClient ...
2020-03-07 19:07:15.154 INFO  --- [Thread-51] com.netflix.discovery.DiscoveryClient Line:940 - Unregistering ...
2020-03-07 23:49:21.980 INFO  --- [restartedMain] com.vtu.ServiceApplication Line:652 - The following profiles are active: dev
2020-03-07 23:49:24.340 INFO  --- [restartedMain] org.apache.coyote.http11.Http11NioProtocol Line:173 - Initializing ProtocolHandler ["http-nio-8762"]
2020-03-07 23:49:24.355 INFO  --- [restartedMain] org.apache.catalina.core.StandardService Line:173 - Starting service [Tomcat]
2020-03-07 23:49:24.355 INFO  --- [restartedMain] org.apache.catalina.core.StandardEngine Line:173 - Starting Servlet engine: [Apache Tomcat/9.0.26]
2020-03-07 23:49:24.527 INFO  --- [restartedMain] org.apache.catalina.core.ContainerBase.[Tomcat].[localhost].[/] Line:173 - Initializing Spring embedded WebApplicationContext
2020-03-07 23:49:24.918 INFO  --- [restartedMain] com.alibaba.druid.spring.boot.autoconfigure.DruidDataSourceAutoConfigure Line:56  - Init DruidDataSource
2020-03-07 23:49:25.637 INFO  --- [restartedMain] com.alibaba.druid.pool.DruidDataSource Line:930 - {dataSource-1} inited
2020-03-07 23:49:26.355 INFO  --- [restartedMain] com.netflix.config.sources.URLConfigurationSource Line:122 - To enable URLs as dynamic configuration sources, define System property archaius.configurationSource.additionalUrls or make config.properties available on classpath.
2020-03-07 23:49:26.355 INFO  --- [restartedMain] com.netflix.config.sources.URLConfigurationSource Line:122 - To enable URLs as dynamic configuration sources, define System property archaius.configurationSource.additionalUrls or make config.properties available on classpath.
2020-03-07 23:49:28.043 INFO  --- [restartedMain] com.netflix.discovery.DiscoveryClient Line:365 - Initializing Eureka in region us-east-1
2020-03-07 23:49:28.558 INFO  --- [restartedMain] com.netflix.discovery.provider.DiscoveryJerseyProvider Line:70  - Using JSON encoding codec LegacyJacksonJson
2020-03-07 23:49:28.558 INFO  --- [restartedMain] com.netflix.discovery.provider.DiscoveryJerseyProvider Line:71  - Using JSON decoding codec LegacyJacksonJson
2020-03-07 23:49:28.715 INFO  --- [restartedMain] com.netflix.discovery.provider.DiscoveryJerseyProvider Line:80  - Using XML encoding codec XStreamXml
2020-03-07 23:49:28.715 INFO  --- [restartedMain] com.netflix.discovery.provider.DiscoveryJerseyProvider Line:81  - Using XML decoding codec XStreamXml
2020-03-07 23:49:29.136 INFO  --- [restartedMain] com.netflix.discovery.shared.resolver.aws.ConfigClusterResolver Line:43  - Resolving eureka endpoints via configuration
2020-03-07 23:49:29.371 INFO  --- [restartedMain] com.netflix.discovery.DiscoveryClient Line:976 - Disable delta property : false
2020-03-07 23:49:29.371 INFO  --- [restartedMain] com.netflix.discovery.DiscoveryClient Line:977 - Single vip registry refresh property : null
2020-03-07 23:49:29.371 INFO  --- [restartedMain] com.netflix.discovery.DiscoveryClient Line:978 - Force full registry fetch : false
2020-03-07 23:49:29.371 INFO  --- [restartedMain] com.netflix.discovery.DiscoveryClient Line:979 - Application is null : false
2020-03-07 23:49:29.371 INFO  --- [restartedMain] com.netflix.discovery.DiscoveryClient Line:980 - Registered Applications size is zero : true
2020-03-07 23:49:29.371 INFO  --- [restartedMain] com.netflix.discovery.DiscoveryClient Line:982 - Application version is -1: true
2020-03-07 23:49:29.371 INFO  --- [restartedMain] com.netflix.discovery.DiscoveryClient Line:1065 - Getting all instance registry info from the eureka server
2020-03-07 23:49:29.652 INFO  --- [restartedMain] com.netflix.discovery.DiscoveryClient Line:1074 - The response status is 200
2020-03-07 23:49:29.652 INFO  --- [restartedMain] com.netflix.discovery.DiscoveryClient Line:1288 - Starting heartbeat executor: renew interval is: 30
2020-03-07 23:49:29.652 INFO  --- [restartedMain] com.netflix.discovery.InstanceInfoReplicator Line:60  - InstanceInfoReplicator onDemand update allowed rate per min is 4
2020-03-07 23:49:29.668 INFO  --- [restartedMain] com.netflix.discovery.DiscoveryClient Line:465 - Discovery Client initialized at timestamp 1583596169668 with initial instances count: 0
2020-03-07 23:49:29.668 INFO  --- [restartedMain] com.netflix.discovery.DiscoveryClient Line:1323 - Saw local status change event StatusChangeEvent [timestamp=1583596169668, current=UP, previous=STARTING]
2020-03-07 23:49:29.668 INFO  --- [DiscoveryClient-InstanceInfoReplicator-0] com.netflix.discovery.DiscoveryClient Line:844 - DiscoveryClient_SERVICE/DESKTOP-CTAQJKR.bbrouter:service:8762: registering service...
2020-03-07 23:49:29.683 INFO  --- [restartedMain] org.apache.coyote.http11.Http11NioProtocol Line:173 - Starting ProtocolHandler ["http-nio-8762"]
2020-03-07 23:49:29.824 INFO  --- [DiscoveryClient-InstanceInfoReplicator-0] com.netflix.discovery.DiscoveryClient Line:853 - DiscoveryClient_SERVICE/DESKTOP-CTAQJKR.bbrouter:service:8762 - registration status: 204
2020-03-07 23:49:30.105 INFO  --- [restartedMain] com.vtu.ServiceApplication Line:59  - Started ServiceApplication in 10.296 seconds (JVM running for 14.0)
2020-03-07 23:49:55.416 INFO  --- [http-nio-8762-exec-1] org.apache.catalina.core.ContainerBase.[Tomcat].[localhost].[/] Line:173 - Initializing Spring DispatcherServlet 'dispatcherServlet'
2020-03-07 23:49:59.665 INFO  --- [DiscoveryClient-CacheRefreshExecutor-0] com.netflix.discovery.DiscoveryClient Line:976 - Disable delta property : false
2020-03-07 23:49:59.666 INFO  --- [DiscoveryClient-CacheRefreshExecutor-0] com.netflix.discovery.DiscoveryClient Line:977 - Single vip registry refresh property : null
2020-03-07 23:49:59.666 INFO  --- [DiscoveryClient-CacheRefreshExecutor-0] com.netflix.discovery.DiscoveryClient Line:978 - Force full registry fetch : false
2020-03-07 23:49:59.669 INFO  --- [DiscoveryClient-CacheRefreshExecutor-0] com.netflix.discovery.DiscoveryClient Line:979 - Application is null : false
2020-03-07 23:49:59.671 INFO  --- [DiscoveryClient-CacheRefreshExecutor-0] com.netflix.discovery.DiscoveryClient Line:980 - Registered Applications size is zero : true
2020-03-07 23:49:59.671 INFO  --- [DiscoveryClient-CacheRefreshExecutor-0] com.netflix.discovery.DiscoveryClient Line:982 - Application version is -1: false
2020-03-07 23:49:59.672 INFO  --- [DiscoveryClient-CacheRefreshExecutor-0] com.netflix.discovery.DiscoveryClient Line:1065 - Getting all instance registry info from the eureka server
2020-03-07 23:49:59.718 INFO  --- [DiscoveryClient-CacheRefreshExecutor-0] com.netflix.discovery.DiscoveryClient Line:1074 - The response status is 200
2020-03-07 23:54:29.394 INFO  --- [AsyncResolver-bootstrap-executor-0] com.netflix.discovery.shared.resolver.aws.ConfigClusterResolver Line:43  - Resolving eureka endpoints via configuration
2020-03-07 23:59:29.403 INFO  --- [AsyncResolver-bootstrap-executor-0] com.netflix.discovery.shared.resolver.aws.ConfigClusterResolver Line:43  - Resolving eureka endpoints via configuration
