2020-10-04 00:04:11.322 INFO  --- [AsyncResolver-bootstrap-executor-0] com.netflix.discovery.shared.resolver.aws.ConfigClusterResolver Line:43  - Resolving eureka endpoints via configuration
2020-10-04 00:09:11.325 INFO  --- [AsyncResolver-bootstrap-executor-0] com.netflix.discovery.shared.resolver.aws.ConfigClusterResolver Line:43  - Resolving eureka endpoints via configuration
2020-10-04 00:14:11.328 INFO  --- [AsyncResolver-bootstrap-executor-0] com.netflix.discovery.shared.resolver.aws.ConfigClusterResolver Line:43  - Resolving eureka endpoints via configuration
2020-10-04 00:19:11.331 INFO  --- [AsyncResolver-bootstrap-executor-0] com.netflix.discovery.shared.resolver.aws.ConfigClusterResolver Line:43  - Resolving eureka endpoints via configuration
2020-10-04 00:24:11.335 INFO  --- [AsyncResolver-bootstrap-executor-0] com.netflix.discovery.shared.resolver.aws.ConfigClusterResolver Line:43  - Resolving eureka endpoints via configuration
2020-10-04 00:29:11.337 INFO  --- [AsyncResolver-bootstrap-executor-0] com.netflix.discovery.shared.resolver.aws.ConfigClusterResolver Line:43  - Resolving eureka endpoints via configuration
2020-10-04 00:34:11.340 INFO  --- [AsyncResolver-bootstrap-executor-0] com.netflix.discovery.shared.resolver.aws.ConfigClusterResolver Line:43  - Resolving eureka endpoints via configuration
2020-10-04 00:39:11.342 INFO  --- [AsyncResolver-bootstrap-executor-0] com.netflix.discovery.shared.resolver.aws.ConfigClusterResolver Line:43  - Resolving eureka endpoints via configuration
2020-10-04 00:44:11.345 INFO  --- [AsyncResolver-bootstrap-executor-0] com.netflix.discovery.shared.resolver.aws.ConfigClusterResolver Line:43  - Resolving eureka endpoints via configuration
2020-10-04 00:49:11.348 INFO  --- [AsyncResolver-bootstrap-executor-0] com.netflix.discovery.shared.resolver.aws.ConfigClusterResolver Line:43  - Resolving eureka endpoints via configuration
2020-10-04 00:54:11.352 INFO  --- [AsyncResolver-bootstrap-executor-0] com.netflix.discovery.shared.resolver.aws.ConfigClusterResolver Line:43  - Resolving eureka endpoints via configuration
2020-10-04 00:59:11.354 INFO  --- [AsyncResolver-bootstrap-executor-0] com.netflix.discovery.shared.resolver.aws.ConfigClusterResolver Line:43  - Resolving eureka endpoints via configuration
2020-10-04 01:04:11.357 INFO  --- [AsyncResolver-bootstrap-executor-0] com.netflix.discovery.shared.resolver.aws.ConfigClusterResolver Line:43  - Resolving eureka endpoints via configuration
2020-10-04 01:09:11.361 INFO  --- [AsyncResolver-bootstrap-executor-0] com.netflix.discovery.shared.resolver.aws.ConfigClusterResolver Line:43  - Resolving eureka endpoints via configuration
2020-10-04 01:14:11.374 INFO  --- [AsyncResolver-bootstrap-executor-0] com.netflix.discovery.shared.resolver.aws.ConfigClusterResolver Line:43  - Resolving eureka endpoints via configuration
2020-10-04 01:19:11.377 INFO  --- [AsyncResolver-bootstrap-executor-0] com.netflix.discovery.shared.resolver.aws.ConfigClusterResolver Line:43  - Resolving eureka endpoints via configuration
2020-10-04 01:24:11.378 INFO  --- [AsyncResolver-bootstrap-executor-0] com.netflix.discovery.shared.resolver.aws.ConfigClusterResolver Line:43  - Resolving eureka endpoints via configuration
2020-10-04 01:29:11.380 INFO  --- [AsyncResolver-bootstrap-executor-0] com.netflix.discovery.shared.resolver.aws.ConfigClusterResolver Line:43  - Resolving eureka endpoints via configuration
2020-10-04 01:34:11.382 INFO  --- [AsyncResolver-bootstrap-executor-0] com.netflix.discovery.shared.resolver.aws.ConfigClusterResolver Line:43  - Resolving eureka endpoints via configuration
2020-10-04 01:38:15.312 INFO  --- [DiscoveryClient-InstanceInfoReplicator-0] com.netflix.discovery.DiscoveryClient Line:844 - DiscoveryClient_SERVICE/DESKTOP-CTAQJKR:service:8762: registering service...
2020-10-04 01:38:15.327 INFO  --- [DiscoveryClient-InstanceInfoReplicator-0] com.netflix.discovery.DiscoveryClient Line:853 - DiscoveryClient_SERVICE/DESKTOP-CTAQJKR:service:8762 - registration status: 204
2020-10-04 01:38:15.327 INFO  --- [Thread-2] com.alibaba.druid.pool.DruidDataSource Line:1825 - {dataSource-1} closed
2020-10-04 01:38:15.328 INFO  --- [Thread-2] com.netflix.discovery.DiscoveryClient Line:906 - Shutting down DiscoveryClient ...
2020-10-04 01:38:18.330 INFO  --- [Thread-2] com.netflix.discovery.DiscoveryClient Line:940 - Unregistering ...
2020-10-04 01:38:18.340 INFO  --- [Thread-2] com.netflix.discovery.DiscoveryClient Line:942 - DiscoveryClient_SERVICE/DESKTOP-CTAQJKR:service:8762 - deregister  status: 200
2020-10-04 01:38:18.362 INFO  --- [Thread-2] com.netflix.discovery.DiscoveryClient Line:929 - Completed shut down of DiscoveryClient
2020-10-04 01:38:20.594 INFO  --- [restartedMain] com.vtu.ServiceApplication Line:652 - The following profiles are active: dev
2020-10-04 01:38:21.901 INFO  --- [restartedMain] org.apache.coyote.http11.Http11NioProtocol Line:173 - Initializing ProtocolHandler ["http-nio-8762"]
2020-10-04 01:38:21.902 INFO  --- [restartedMain] org.apache.catalina.core.StandardService Line:173 - Starting service [Tomcat]
2020-10-04 01:38:21.902 INFO  --- [restartedMain] org.apache.catalina.core.StandardEngine Line:173 - Starting Servlet engine: [Apache Tomcat/9.0.26]
2020-10-04 01:38:21.954 INFO  --- [restartedMain] org.apache.catalina.core.ContainerBase.[Tomcat].[localhost].[/] Line:173 - Initializing Spring embedded WebApplicationContext
2020-10-04 01:38:22.118 INFO  --- [restartedMain] com.alibaba.druid.spring.boot.autoconfigure.DruidDataSourceAutoConfigure Line:56  - Init DruidDataSource
2020-10-04 01:38:22.722 INFO  --- [restartedMain] com.alibaba.druid.pool.DruidDataSource Line:930 - {dataSource-2} inited
2020-10-04 01:38:23.281 INFO  --- [restartedMain] com.netflix.config.sources.URLConfigurationSource Line:126 - URLs to be used as dynamic configuration source: [file:/E:/works/shopsystem/service/target/classes/config.properties]
2020-10-04 01:38:25.159 INFO  --- [restartedMain] com.netflix.discovery.DiscoveryClient Line:365 - Initializing Eureka in region us-east-1
2020-10-04 01:38:25.164 INFO  --- [restartedMain] com.netflix.discovery.provider.DiscoveryJerseyProvider Line:70  - Using JSON encoding codec LegacyJacksonJson
2020-10-04 01:38:25.165 INFO  --- [restartedMain] com.netflix.discovery.provider.DiscoveryJerseyProvider Line:71  - Using JSON decoding codec LegacyJacksonJson
2020-10-04 01:38:25.165 INFO  --- [restartedMain] com.netflix.discovery.provider.DiscoveryJerseyProvider Line:80  - Using XML encoding codec XStreamXml
2020-10-04 01:38:25.165 INFO  --- [restartedMain] com.netflix.discovery.provider.DiscoveryJerseyProvider Line:81  - Using XML decoding codec XStreamXml
2020-10-04 01:38:25.714 INFO  --- [restartedMain] com.netflix.discovery.shared.resolver.aws.ConfigClusterResolver Line:43  - Resolving eureka endpoints via configuration
2020-10-04 01:38:25.752 INFO  --- [restartedMain] com.netflix.discovery.DiscoveryClient Line:976 - Disable delta property : false
2020-10-04 01:38:25.753 INFO  --- [restartedMain] com.netflix.discovery.DiscoveryClient Line:977 - Single vip registry refresh property : null
2020-10-04 01:38:25.753 INFO  --- [restartedMain] com.netflix.discovery.DiscoveryClient Line:978 - Force full registry fetch : false
2020-10-04 01:38:25.753 INFO  --- [restartedMain] com.netflix.discovery.DiscoveryClient Line:979 - Application is null : false
2020-10-04 01:38:25.753 INFO  --- [restartedMain] com.netflix.discovery.DiscoveryClient Line:980 - Registered Applications size is zero : true
2020-10-04 01:38:25.754 INFO  --- [restartedMain] com.netflix.discovery.DiscoveryClient Line:982 - Application version is -1: true
2020-10-04 01:38:25.754 INFO  --- [restartedMain] com.netflix.discovery.DiscoveryClient Line:1065 - Getting all instance registry info from the eureka server
2020-10-04 01:38:25.763 INFO  --- [restartedMain] com.netflix.discovery.DiscoveryClient Line:1074 - The response status is 200
2020-10-04 01:38:25.765 INFO  --- [restartedMain] com.netflix.discovery.DiscoveryClient Line:1288 - Starting heartbeat executor: renew interval is: 30
2020-10-04 01:38:25.766 INFO  --- [restartedMain] com.netflix.discovery.InstanceInfoReplicator Line:60  - InstanceInfoReplicator onDemand update allowed rate per min is 4
2020-10-04 01:38:25.770 INFO  --- [restartedMain] com.netflix.discovery.DiscoveryClient Line:465 - Discovery Client initialized at timestamp 1601746705770 with initial instances count: 2
2020-10-04 01:38:25.774 INFO  --- [restartedMain] com.netflix.discovery.DiscoveryClient Line:1323 - Saw local status change event StatusChangeEvent [timestamp=1601746705774, current=UP, previous=STARTING]
2020-10-04 01:38:25.785 INFO  --- [restartedMain] org.apache.coyote.http11.Http11NioProtocol Line:173 - Starting ProtocolHandler ["http-nio-8762"]
2020-10-04 01:38:25.854 INFO  --- [DiscoveryClient-InstanceInfoReplicator-0] com.netflix.discovery.DiscoveryClient Line:844 - DiscoveryClient_SERVICE/DESKTOP-CTAQJKR:service:8762: registering service...
2020-10-04 01:38:25.992 INFO  --- [DiscoveryClient-InstanceInfoReplicator-0] com.netflix.discovery.DiscoveryClient Line:853 - DiscoveryClient_SERVICE/DESKTOP-CTAQJKR:service:8762 - registration status: 204
2020-10-04 01:38:26.663 INFO  --- [restartedMain] com.vtu.ServiceApplication Line:59  - Started ServiceApplication in 7.132 seconds (JVM running for 6267.124)
2020-10-04 01:38:29.824 INFO  --- [http-nio-8762-exec-6] org.apache.catalina.core.ContainerBase.[Tomcat].[localhost].[/] Line:173 - Initializing Spring DispatcherServlet 'dispatcherServlet'
2020-10-04 01:43:25.759 INFO  --- [AsyncResolver-bootstrap-executor-0] com.netflix.discovery.shared.resolver.aws.ConfigClusterResolver Line:43  - Resolving eureka endpoints via configuration
2020-10-04 01:48:25.761 INFO  --- [AsyncResolver-bootstrap-executor-0] com.netflix.discovery.shared.resolver.aws.ConfigClusterResolver Line:43  - Resolving eureka endpoints via configuration
2020-10-04 01:53:25.764 INFO  --- [AsyncResolver-bootstrap-executor-0] com.netflix.discovery.shared.resolver.aws.ConfigClusterResolver Line:43  - Resolving eureka endpoints via configuration
2020-10-04 01:58:25.765 INFO  --- [AsyncResolver-bootstrap-executor-0] com.netflix.discovery.shared.resolver.aws.ConfigClusterResolver Line:43  - Resolving eureka endpoints via configuration
2020-10-04 02:03:25.767 INFO  --- [AsyncResolver-bootstrap-executor-0] com.netflix.discovery.shared.resolver.aws.ConfigClusterResolver Line:43  - Resolving eureka endpoints via configuration
2020-10-04 02:08:25.769 INFO  --- [AsyncResolver-bootstrap-executor-0] com.netflix.discovery.shared.resolver.aws.ConfigClusterResolver Line:43  - Resolving eureka endpoints via configuration
2020-10-04 02:13:25.770 INFO  --- [AsyncResolver-bootstrap-executor-0] com.netflix.discovery.shared.resolver.aws.ConfigClusterResolver Line:43  - Resolving eureka endpoints via configuration
2020-10-04 02:18:25.771 INFO  --- [AsyncResolver-bootstrap-executor-0] com.netflix.discovery.shared.resolver.aws.ConfigClusterResolver Line:43  - Resolving eureka endpoints via configuration
2020-10-04 02:23:25.773 INFO  --- [AsyncResolver-bootstrap-executor-0] com.netflix.discovery.shared.resolver.aws.ConfigClusterResolver Line:43  - Resolving eureka endpoints via configuration
2020-10-04 02:28:25.774 INFO  --- [AsyncResolver-bootstrap-executor-0] com.netflix.discovery.shared.resolver.aws.ConfigClusterResolver Line:43  - Resolving eureka endpoints via configuration
2020-10-04 02:33:25.775 INFO  --- [AsyncResolver-bootstrap-executor-0] com.netflix.discovery.shared.resolver.aws.ConfigClusterResolver Line:43  - Resolving eureka endpoints via configuration
2020-10-04 02:38:25.776 INFO  --- [AsyncResolver-bootstrap-executor-0] com.netflix.discovery.shared.resolver.aws.ConfigClusterResolver Line:43  - Resolving eureka endpoints via configuration
2020-10-04 02:43:25.778 INFO  --- [AsyncResolver-bootstrap-executor-0] com.netflix.discovery.shared.resolver.aws.ConfigClusterResolver Line:43  - Resolving eureka endpoints via configuration
2020-10-04 02:48:25.779 INFO  --- [AsyncResolver-bootstrap-executor-0] com.netflix.discovery.shared.resolver.aws.ConfigClusterResolver Line:43  - Resolving eureka endpoints via configuration
2020-10-04 02:53:25.781 INFO  --- [AsyncResolver-bootstrap-executor-0] com.netflix.discovery.shared.resolver.aws.ConfigClusterResolver Line:43  - Resolving eureka endpoints via configuration
2020-10-04 02:58:25.783 INFO  --- [AsyncResolver-bootstrap-executor-0] com.netflix.discovery.shared.resolver.aws.ConfigClusterResolver Line:43  - Resolving eureka endpoints via configuration
2020-10-04 03:03:25.785 INFO  --- [AsyncResolver-bootstrap-executor-0] com.netflix.discovery.shared.resolver.aws.ConfigClusterResolver Line:43  - Resolving eureka endpoints via configuration
2020-10-04 03:08:25.786 INFO  --- [AsyncResolver-bootstrap-executor-0] com.netflix.discovery.shared.resolver.aws.ConfigClusterResolver Line:43  - Resolving eureka endpoints via configuration
2020-10-04 03:13:25.788 INFO  --- [AsyncResolver-bootstrap-executor-0] com.netflix.discovery.shared.resolver.aws.ConfigClusterResolver Line:43  - Resolving eureka endpoints via configuration
2020-10-04 03:18:25.789 INFO  --- [AsyncResolver-bootstrap-executor-0] com.netflix.discovery.shared.resolver.aws.ConfigClusterResolver Line:43  - Resolving eureka endpoints via configuration
2020-10-04 03:21:28.755 INFO  --- [DiscoveryClient-InstanceInfoReplicator-0] com.netflix.discovery.DiscoveryClient Line:844 - DiscoveryClient_SERVICE/DESKTOP-CTAQJKR:service:8762: registering service...
2020-10-04 03:21:28.766 INFO  --- [DiscoveryClient-InstanceInfoReplicator-0] com.netflix.discovery.DiscoveryClient Line:853 - DiscoveryClient_SERVICE/DESKTOP-CTAQJKR:service:8762 - registration status: 204
2020-10-04 03:21:28.773 INFO  --- [Thread-21] com.alibaba.druid.pool.DruidDataSource Line:1825 - {dataSource-2} closed
2020-10-04 03:21:28.774 INFO  --- [Thread-21] com.netflix.discovery.DiscoveryClient Line:906 - Shutting down DiscoveryClient ...
2020-10-04 03:21:31.776 INFO  --- [Thread-21] com.netflix.discovery.DiscoveryClient Line:940 - Unregistering ...
2020-10-04 03:21:31.779 INFO  --- [Thread-21] com.netflix.discovery.DiscoveryClient Line:942 - DiscoveryClient_SERVICE/DESKTOP-CTAQJKR:service:8762 - deregister  status: 200
2020-10-04 03:21:31.788 INFO  --- [Thread-21] com.netflix.discovery.DiscoveryClient Line:929 - Completed shut down of DiscoveryClient
2020-10-04 03:21:41.630 INFO  --- [restartedMain] com.vtu.ServiceApplication Line:652 - The following profiles are active: dev
2020-10-04 03:21:43.826 INFO  --- [restartedMain] org.apache.coyote.http11.Http11NioProtocol Line:173 - Initializing ProtocolHandler ["http-nio-8762"]
2020-10-04 03:21:43.838 INFO  --- [restartedMain] org.apache.catalina.core.StandardService Line:173 - Starting service [Tomcat]
2020-10-04 03:21:43.838 INFO  --- [restartedMain] org.apache.catalina.core.StandardEngine Line:173 - Starting Servlet engine: [Apache Tomcat/9.0.26]
2020-10-04 03:21:44.021 INFO  --- [restartedMain] org.apache.catalina.core.ContainerBase.[Tomcat].[localhost].[/] Line:173 - Initializing Spring embedded WebApplicationContext
2020-10-04 03:21:44.310 INFO  --- [restartedMain] com.alibaba.druid.spring.boot.autoconfigure.DruidDataSourceAutoConfigure Line:56  - Init DruidDataSource
2020-10-04 03:21:45.101 INFO  --- [restartedMain] com.alibaba.druid.pool.DruidDataSource Line:930 - {dataSource-1} inited
2020-10-04 03:21:45.793 INFO  --- [restartedMain] com.netflix.config.sources.URLConfigurationSource Line:126 - URLs to be used as dynamic configuration source: [file:/E:/works/shopsystem/service/target/classes/config.properties]
2020-10-04 03:21:45.806 INFO  --- [restartedMain] com.netflix.config.sources.URLConfigurationSource Line:126 - URLs to be used as dynamic configuration source: [file:/E:/works/shopsystem/service/target/classes/config.properties]
2020-10-04 03:21:47.434 INFO  --- [restartedMain] com.netflix.discovery.DiscoveryClient Line:365 - Initializing Eureka in region us-east-1
2020-10-04 03:21:47.892 INFO  --- [restartedMain] com.netflix.discovery.provider.DiscoveryJerseyProvider Line:70  - Using JSON encoding codec LegacyJacksonJson
2020-10-04 03:21:47.892 INFO  --- [restartedMain] com.netflix.discovery.provider.DiscoveryJerseyProvider Line:71  - Using JSON decoding codec LegacyJacksonJson
2020-10-04 03:21:48.126 INFO  --- [restartedMain] com.netflix.discovery.provider.DiscoveryJerseyProvider Line:80  - Using XML encoding codec XStreamXml
2020-10-04 03:21:48.127 INFO  --- [restartedMain] com.netflix.discovery.provider.DiscoveryJerseyProvider Line:81  - Using XML decoding codec XStreamXml
2020-10-04 03:21:48.596 INFO  --- [restartedMain] com.netflix.discovery.shared.resolver.aws.ConfigClusterResolver Line:43  - Resolving eureka endpoints via configuration
2020-10-04 03:21:48.825 INFO  --- [restartedMain] com.netflix.discovery.DiscoveryClient Line:976 - Disable delta property : false
2020-10-04 03:21:48.825 INFO  --- [restartedMain] com.netflix.discovery.DiscoveryClient Line:977 - Single vip registry refresh property : null
2020-10-04 03:21:48.826 INFO  --- [restartedMain] com.netflix.discovery.DiscoveryClient Line:978 - Force full registry fetch : false
2020-10-04 03:21:48.826 INFO  --- [restartedMain] com.netflix.discovery.DiscoveryClient Line:979 - Application is null : false
2020-10-04 03:21:48.826 INFO  --- [restartedMain] com.netflix.discovery.DiscoveryClient Line:980 - Registered Applications size is zero : true
2020-10-04 03:21:48.826 INFO  --- [restartedMain] com.netflix.discovery.DiscoveryClient Line:982 - Application version is -1: true
2020-10-04 03:21:48.827 INFO  --- [restartedMain] com.netflix.discovery.DiscoveryClient Line:1065 - Getting all instance registry info from the eureka server
2020-10-04 03:21:49.083 INFO  --- [restartedMain] com.netflix.discovery.DiscoveryClient Line:1074 - The response status is 200
2020-10-04 03:21:49.087 INFO  --- [restartedMain] com.netflix.discovery.DiscoveryClient Line:1288 - Starting heartbeat executor: renew interval is: 30
2020-10-04 03:21:49.092 INFO  --- [restartedMain] com.netflix.discovery.InstanceInfoReplicator Line:60  - InstanceInfoReplicator onDemand update allowed rate per min is 4
2020-10-04 03:21:49.098 INFO  --- [restartedMain] com.netflix.discovery.DiscoveryClient Line:465 - Discovery Client initialized at timestamp 1601752909096 with initial instances count: 1
2020-10-04 03:21:49.103 INFO  --- [restartedMain] com.netflix.discovery.DiscoveryClient Line:1323 - Saw local status change event StatusChangeEvent [timestamp=1601752909102, current=UP, previous=STARTING]
2020-10-04 03:21:49.106 INFO  --- [DiscoveryClient-InstanceInfoReplicator-0] com.netflix.discovery.DiscoveryClient Line:844 - DiscoveryClient_SERVICE/DESKTOP-CTAQJKR:service:8762: registering service...
2020-10-04 03:21:49.152 INFO  --- [restartedMain] org.apache.coyote.http11.Http11NioProtocol Line:173 - Starting ProtocolHandler ["http-nio-8762"]
2020-10-04 03:21:49.363 INFO  --- [DiscoveryClient-InstanceInfoReplicator-0] com.netflix.discovery.DiscoveryClient Line:853 - DiscoveryClient_SERVICE/DESKTOP-CTAQJKR:service:8762 - registration status: 204
2020-10-04 03:21:50.174 INFO  --- [restartedMain] com.vtu.ServiceApplication Line:59  - Started ServiceApplication in 11.876 seconds (JVM running for 14.227)
2020-10-04 03:22:59.546 INFO  --- [http-nio-8762-exec-1] org.apache.catalina.core.ContainerBase.[Tomcat].[localhost].[/] Line:173 - Initializing Spring DispatcherServlet 'dispatcherServlet'
2020-10-04 03:26:48.831 INFO  --- [AsyncResolver-bootstrap-executor-0] com.netflix.discovery.shared.resolver.aws.ConfigClusterResolver Line:43  - Resolving eureka endpoints via configuration
2020-10-04 03:31:48.835 INFO  --- [AsyncResolver-bootstrap-executor-0] com.netflix.discovery.shared.resolver.aws.ConfigClusterResolver Line:43  - Resolving eureka endpoints via configuration
2020-10-04 03:36:48.836 INFO  --- [AsyncResolver-bootstrap-executor-0] com.netflix.discovery.shared.resolver.aws.ConfigClusterResolver Line:43  - Resolving eureka endpoints via configuration
2020-10-04 03:41:40.437 INFO  --- [DiscoveryClient-InstanceInfoReplicator-0] com.netflix.discovery.DiscoveryClient Line:844 - DiscoveryClient_SERVICE/DESKTOP-CTAQJKR:service:8762: registering service...
2020-10-04 03:41:40.444 INFO  --- [DiscoveryClient-InstanceInfoReplicator-0] com.netflix.discovery.DiscoveryClient Line:853 - DiscoveryClient_SERVICE/DESKTOP-CTAQJKR:service:8762 - registration status: 204
2020-10-04 03:41:40.453 INFO  --- [Thread-11] com.alibaba.druid.pool.DruidDataSource Line:1825 - {dataSource-1} closed
2020-10-04 03:41:40.454 INFO  --- [Thread-11] com.netflix.discovery.DiscoveryClient Line:906 - Shutting down DiscoveryClient ...
2020-10-04 03:41:43.457 INFO  --- [Thread-11] com.netflix.discovery.DiscoveryClient Line:940 - Unregistering ...
2020-10-04 03:41:43.467 INFO  --- [Thread-11] com.netflix.discovery.DiscoveryClient Line:942 - DiscoveryClient_SERVICE/DESKTOP-CTAQJKR:service:8762 - deregister  status: 200
2020-10-04 03:41:43.491 INFO  --- [Thread-11] com.netflix.discovery.DiscoveryClient Line:929 - Completed shut down of DiscoveryClient
2020-10-04 03:41:54.393 INFO  --- [restartedMain] com.vtu.ServiceApplication Line:652 - The following profiles are active: dev
2020-10-04 03:41:56.994 INFO  --- [restartedMain] org.apache.coyote.http11.Http11NioProtocol Line:173 - Initializing ProtocolHandler ["http-nio-8762"]
2020-10-04 03:41:57.009 INFO  --- [restartedMain] org.apache.catalina.core.StandardService Line:173 - Starting service [Tomcat]
2020-10-04 03:41:57.010 INFO  --- [restartedMain] org.apache.catalina.core.StandardEngine Line:173 - Starting Servlet engine: [Apache Tomcat/9.0.26]
2020-10-04 03:41:57.197 INFO  --- [restartedMain] org.apache.catalina.core.ContainerBase.[Tomcat].[localhost].[/] Line:173 - Initializing Spring embedded WebApplicationContext
2020-10-04 03:41:57.521 INFO  --- [restartedMain] com.alibaba.druid.spring.boot.autoconfigure.DruidDataSourceAutoConfigure Line:56  - Init DruidDataSource
2020-10-04 03:41:58.333 INFO  --- [restartedMain] com.alibaba.druid.pool.DruidDataSource Line:930 - {dataSource-1} inited
2020-10-04 03:41:59.082 INFO  --- [restartedMain] com.netflix.config.sources.URLConfigurationSource Line:126 - URLs to be used as dynamic configuration source: [file:/E:/works/shopsystem/service/target/classes/config.properties]
2020-10-04 03:41:59.107 INFO  --- [restartedMain] com.netflix.config.sources.URLConfigurationSource Line:126 - URLs to be used as dynamic configuration source: [file:/E:/works/shopsystem/service/target/classes/config.properties]
2020-10-04 03:42:01.456 INFO  --- [restartedMain] com.netflix.discovery.DiscoveryClient Line:365 - Initializing Eureka in region us-east-1
2020-10-04 03:42:01.896 INFO  --- [restartedMain] com.netflix.discovery.provider.DiscoveryJerseyProvider Line:70  - Using JSON encoding codec LegacyJacksonJson
2020-10-04 03:42:01.897 INFO  --- [restartedMain] com.netflix.discovery.provider.DiscoveryJerseyProvider Line:71  - Using JSON decoding codec LegacyJacksonJson
2020-10-04 03:42:02.047 INFO  --- [restartedMain] com.netflix.discovery.provider.DiscoveryJerseyProvider Line:80  - Using XML encoding codec XStreamXml
2020-10-04 03:42:02.048 INFO  --- [restartedMain] com.netflix.discovery.provider.DiscoveryJerseyProvider Line:81  - Using XML decoding codec XStreamXml
2020-10-04 03:42:02.454 INFO  --- [restartedMain] com.netflix.discovery.shared.resolver.aws.ConfigClusterResolver Line:43  - Resolving eureka endpoints via configuration
2020-10-04 03:42:02.679 INFO  --- [restartedMain] com.netflix.discovery.DiscoveryClient Line:976 - Disable delta property : false
2020-10-04 03:42:02.680 INFO  --- [restartedMain] com.netflix.discovery.DiscoveryClient Line:977 - Single vip registry refresh property : null
2020-10-04 03:42:02.681 INFO  --- [restartedMain] com.netflix.discovery.DiscoveryClient Line:978 - Force full registry fetch : false
2020-10-04 03:42:02.681 INFO  --- [restartedMain] com.netflix.discovery.DiscoveryClient Line:979 - Application is null : false
2020-10-04 03:42:02.681 INFO  --- [restartedMain] com.netflix.discovery.DiscoveryClient Line:980 - Registered Applications size is zero : true
2020-10-04 03:42:02.682 INFO  --- [restartedMain] com.netflix.discovery.DiscoveryClient Line:982 - Application version is -1: true
2020-10-04 03:42:02.682 INFO  --- [restartedMain] com.netflix.discovery.DiscoveryClient Line:1065 - Getting all instance registry info from the eureka server
2020-10-04 03:42:02.953 INFO  --- [restartedMain] com.netflix.discovery.DiscoveryClient Line:1074 - The response status is 200
2020-10-04 03:42:02.960 INFO  --- [restartedMain] com.netflix.discovery.DiscoveryClient Line:1288 - Starting heartbeat executor: renew interval is: 30
2020-10-04 03:42:02.967 INFO  --- [restartedMain] com.netflix.discovery.InstanceInfoReplicator Line:60  - InstanceInfoReplicator onDemand update allowed rate per min is 4
2020-10-04 03:42:02.976 INFO  --- [restartedMain] com.netflix.discovery.DiscoveryClient Line:465 - Discovery Client initialized at timestamp 1601754122974 with initial instances count: 1
2020-10-04 03:42:02.986 INFO  --- [restartedMain] com.netflix.discovery.DiscoveryClient Line:1323 - Saw local status change event StatusChangeEvent [timestamp=1601754122985, current=UP, previous=STARTING]
2020-10-04 03:42:02.990 INFO  --- [DiscoveryClient-InstanceInfoReplicator-0] com.netflix.discovery.DiscoveryClient Line:844 - DiscoveryClient_SERVICE/DESKTOP-CTAQJKR:service:8762: registering service...
2020-10-04 03:42:03.022 INFO  --- [restartedMain] org.apache.coyote.http11.Http11NioProtocol Line:173 - Starting ProtocolHandler ["http-nio-8762"]
2020-10-04 03:42:03.068 INFO  --- [DiscoveryClient-InstanceInfoReplicator-0] com.netflix.discovery.DiscoveryClient Line:853 - DiscoveryClient_SERVICE/DESKTOP-CTAQJKR:service:8762 - registration status: 204
2020-10-04 03:42:03.408 INFO  --- [restartedMain] com.vtu.ServiceApplication Line:59  - Started ServiceApplication in 12.94 seconds (JVM running for 15.386)
2020-10-04 03:42:32.226 INFO  --- [http-nio-8762-exec-1] org.apache.catalina.core.ContainerBase.[Tomcat].[localhost].[/] Line:173 - Initializing Spring DispatcherServlet 'dispatcherServlet'
2020-10-04 03:43:43.246 INFO  --- [DiscoveryClient-InstanceInfoReplicator-0] com.netflix.discovery.DiscoveryClient Line:844 - DiscoveryClient_SERVICE/DESKTOP-CTAQJKR:service:8762: registering service...
2020-10-04 03:43:43.254 INFO  --- [DiscoveryClient-InstanceInfoReplicator-0] com.netflix.discovery.DiscoveryClient Line:853 - DiscoveryClient_SERVICE/DESKTOP-CTAQJKR:service:8762 - registration status: 204
2020-10-04 03:43:43.264 INFO  --- [Thread-11] com.alibaba.druid.pool.DruidDataSource Line:1825 - {dataSource-1} closed
2020-10-04 03:43:43.265 INFO  --- [Thread-11] com.netflix.discovery.DiscoveryClient Line:906 - Shutting down DiscoveryClient ...
2020-10-04 03:43:46.268 INFO  --- [Thread-11] com.netflix.discovery.DiscoveryClient Line:940 - Unregistering ...
2020-10-04 03:43:46.277 INFO  --- [Thread-11] com.netflix.discovery.DiscoveryClient Line:942 - DiscoveryClient_SERVICE/DESKTOP-CTAQJKR:service:8762 - deregister  status: 200
2020-10-04 03:43:46.299 INFO  --- [Thread-11] com.netflix.discovery.DiscoveryClient Line:929 - Completed shut down of DiscoveryClient
2020-10-04 03:43:55.400 INFO  --- [restartedMain] com.vtu.ServiceApplication Line:652 - The following profiles are active: dev
2020-10-04 03:43:58.005 INFO  --- [restartedMain] org.apache.coyote.http11.Http11NioProtocol Line:173 - Initializing ProtocolHandler ["http-nio-8762"]
2020-10-04 03:43:58.018 INFO  --- [restartedMain] org.apache.catalina.core.StandardService Line:173 - Starting service [Tomcat]
2020-10-04 03:43:58.018 INFO  --- [restartedMain] org.apache.catalina.core.StandardEngine Line:173 - Starting Servlet engine: [Apache Tomcat/9.0.26]
2020-10-04 03:43:58.185 INFO  --- [restartedMain] org.apache.catalina.core.ContainerBase.[Tomcat].[localhost].[/] Line:173 - Initializing Spring embedded WebApplicationContext
2020-10-04 03:43:58.471 INFO  --- [restartedMain] com.alibaba.druid.spring.boot.autoconfigure.DruidDataSourceAutoConfigure Line:56  - Init DruidDataSource
2020-10-04 03:43:59.214 INFO  --- [restartedMain] com.alibaba.druid.pool.DruidDataSource Line:930 - {dataSource-1} inited
2020-10-04 03:43:59.907 INFO  --- [restartedMain] com.netflix.config.sources.URLConfigurationSource Line:126 - URLs to be used as dynamic configuration source: [file:/E:/works/shopsystem/service/target/classes/config.properties]
2020-10-04 03:43:59.917 INFO  --- [restartedMain] com.netflix.config.sources.URLConfigurationSource Line:126 - URLs to be used as dynamic configuration source: [file:/E:/works/shopsystem/service/target/classes/config.properties]
2020-10-04 03:44:01.672 INFO  --- [restartedMain] com.netflix.discovery.DiscoveryClient Line:365 - Initializing Eureka in region us-east-1
2020-10-04 03:44:02.194 INFO  --- [restartedMain] com.netflix.discovery.provider.DiscoveryJerseyProvider Line:70  - Using JSON encoding codec LegacyJacksonJson
2020-10-04 03:44:02.194 INFO  --- [restartedMain] com.netflix.discovery.provider.DiscoveryJerseyProvider Line:71  - Using JSON decoding codec LegacyJacksonJson
2020-10-04 03:44:02.358 INFO  --- [restartedMain] com.netflix.discovery.provider.DiscoveryJerseyProvider Line:80  - Using XML encoding codec XStreamXml
2020-10-04 03:44:02.358 INFO  --- [restartedMain] com.netflix.discovery.provider.DiscoveryJerseyProvider Line:81  - Using XML decoding codec XStreamXml
2020-10-04 03:44:02.784 INFO  --- [restartedMain] com.netflix.discovery.shared.resolver.aws.ConfigClusterResolver Line:43  - Resolving eureka endpoints via configuration
2020-10-04 03:44:03.015 INFO  --- [restartedMain] com.netflix.discovery.DiscoveryClient Line:976 - Disable delta property : false
2020-10-04 03:44:03.016 INFO  --- [restartedMain] com.netflix.discovery.DiscoveryClient Line:977 - Single vip registry refresh property : null
2020-10-04 03:44:03.016 INFO  --- [restartedMain] com.netflix.discovery.DiscoveryClient Line:978 - Force full registry fetch : false
2020-10-04 03:44:03.016 INFO  --- [restartedMain] com.netflix.discovery.DiscoveryClient Line:979 - Application is null : false
2020-10-04 03:44:03.017 INFO  --- [restartedMain] com.netflix.discovery.DiscoveryClient Line:980 - Registered Applications size is zero : true
2020-10-04 03:44:03.017 INFO  --- [restartedMain] com.netflix.discovery.DiscoveryClient Line:982 - Application version is -1: true
2020-10-04 03:44:03.017 INFO  --- [restartedMain] com.netflix.discovery.DiscoveryClient Line:1065 - Getting all instance registry info from the eureka server
2020-10-04 03:44:03.214 INFO  --- [restartedMain] com.netflix.discovery.DiscoveryClient Line:1074 - The response status is 200
2020-10-04 03:44:03.218 INFO  --- [restartedMain] com.netflix.discovery.DiscoveryClient Line:1288 - Starting heartbeat executor: renew interval is: 30
2020-10-04 03:44:03.223 INFO  --- [restartedMain] com.netflix.discovery.InstanceInfoReplicator Line:60  - InstanceInfoReplicator onDemand update allowed rate per min is 4
2020-10-04 03:44:03.230 INFO  --- [restartedMain] com.netflix.discovery.DiscoveryClient Line:465 - Discovery Client initialized at timestamp 1601754243227 with initial instances count: 1
2020-10-04 03:44:03.233 INFO  --- [restartedMain] com.netflix.discovery.DiscoveryClient Line:1323 - Saw local status change event StatusChangeEvent [timestamp=1601754243233, current=UP, previous=STARTING]
2020-10-04 03:44:03.237 INFO  --- [DiscoveryClient-InstanceInfoReplicator-0] com.netflix.discovery.DiscoveryClient Line:844 - DiscoveryClient_SERVICE/DESKTOP-CTAQJKR:service:8762: registering service...
2020-10-04 03:44:03.275 INFO  --- [restartedMain] org.apache.coyote.http11.Http11NioProtocol Line:173 - Starting ProtocolHandler ["http-nio-8762"]
2020-10-04 03:44:03.319 INFO  --- [DiscoveryClient-InstanceInfoReplicator-0] com.netflix.discovery.DiscoveryClient Line:853 - DiscoveryClient_SERVICE/DESKTOP-CTAQJKR:service:8762 - registration status: 204
2020-10-04 03:44:03.647 INFO  --- [restartedMain] com.vtu.ServiceApplication Line:59  - Started ServiceApplication in 11.642 seconds (JVM running for 13.962)
2020-10-04 03:45:27.656 INFO  --- [http-nio-8762-exec-1] org.apache.catalina.core.ContainerBase.[Tomcat].[localhost].[/] Line:173 - Initializing Spring DispatcherServlet 'dispatcherServlet'
2020-10-04 03:49:03.023 INFO  --- [AsyncResolver-bootstrap-executor-0] com.netflix.discovery.shared.resolver.aws.ConfigClusterResolver Line:43  - Resolving eureka endpoints via configuration
2020-10-04 03:54:03.025 INFO  --- [AsyncResolver-bootstrap-executor-0] com.netflix.discovery.shared.resolver.aws.ConfigClusterResolver Line:43  - Resolving eureka endpoints via configuration
2020-10-04 03:56:08.768 INFO  --- [DiscoveryClient-InstanceInfoReplicator-0] com.netflix.discovery.DiscoveryClient Line:844 - DiscoveryClient_SERVICE/DESKTOP-CTAQJKR:service:8762: registering service...
2020-10-04 03:56:08.788 INFO  --- [Thread-11] com.alibaba.druid.pool.DruidDataSource Line:1825 - {dataSource-1} closed
2020-10-04 03:56:08.790 INFO  --- [Thread-11] com.netflix.discovery.DiscoveryClient Line:906 - Shutting down DiscoveryClient ...
2020-10-04 03:56:11.793 INFO  --- [Thread-11] com.netflix.discovery.DiscoveryClient Line:940 - Unregistering ...
2020-10-04 15:59:05.592 INFO  --- [restartedMain] com.vtu.ServiceApplication Line:652 - The following profiles are active: dev
2020-10-04 15:59:07.875 INFO  --- [restartedMain] org.apache.coyote.http11.Http11NioProtocol Line:173 - Initializing ProtocolHandler ["http-nio-8762"]
2020-10-04 15:59:07.890 INFO  --- [restartedMain] org.apache.catalina.core.StandardService Line:173 - Starting service [Tomcat]
2020-10-04 15:59:07.890 INFO  --- [restartedMain] org.apache.catalina.core.StandardEngine Line:173 - Starting Servlet engine: [Apache Tomcat/9.0.26]
2020-10-04 15:59:08.062 INFO  --- [restartedMain] org.apache.catalina.core.ContainerBase.[Tomcat].[localhost].[/] Line:173 - Initializing Spring embedded WebApplicationContext
2020-10-04 15:59:08.463 INFO  --- [restartedMain] com.alibaba.druid.spring.boot.autoconfigure.DruidDataSourceAutoConfigure Line:56  - Init DruidDataSource
2020-10-04 15:59:09.275 INFO  --- [restartedMain] com.alibaba.druid.pool.DruidDataSource Line:930 - {dataSource-1} inited
2020-10-04 15:59:10.088 INFO  --- [restartedMain] com.netflix.config.sources.URLConfigurationSource Line:126 - URLs to be used as dynamic configuration source: [file:/E:/works/shopsystem/service/target/classes/config.properties]
2020-10-04 15:59:10.101 INFO  --- [restartedMain] com.netflix.config.sources.URLConfigurationSource Line:126 - URLs to be used as dynamic configuration source: [file:/E:/works/shopsystem/service/target/classes/config.properties]
2020-10-04 15:59:11.740 INFO  --- [restartedMain] com.netflix.discovery.DiscoveryClient Line:365 - Initializing Eureka in region us-east-1
2020-10-04 15:59:12.166 INFO  --- [restartedMain] com.netflix.discovery.provider.DiscoveryJerseyProvider Line:70  - Using JSON encoding codec LegacyJacksonJson
2020-10-04 15:59:12.166 INFO  --- [restartedMain] com.netflix.discovery.provider.DiscoveryJerseyProvider Line:71  - Using JSON decoding codec LegacyJacksonJson
2020-10-04 15:59:12.312 INFO  --- [restartedMain] com.netflix.discovery.provider.DiscoveryJerseyProvider Line:80  - Using XML encoding codec XStreamXml
2020-10-04 15:59:12.312 INFO  --- [restartedMain] com.netflix.discovery.provider.DiscoveryJerseyProvider Line:81  - Using XML decoding codec XStreamXml
2020-10-04 15:59:12.710 INFO  --- [restartedMain] com.netflix.discovery.shared.resolver.aws.ConfigClusterResolver Line:43  - Resolving eureka endpoints via configuration
2020-10-04 15:59:12.909 INFO  --- [restartedMain] com.netflix.discovery.DiscoveryClient Line:976 - Disable delta property : false
2020-10-04 15:59:12.910 INFO  --- [restartedMain] com.netflix.discovery.DiscoveryClient Line:977 - Single vip registry refresh property : null
2020-10-04 15:59:12.910 INFO  --- [restartedMain] com.netflix.discovery.DiscoveryClient Line:978 - Force full registry fetch : false
2020-10-04 15:59:12.911 INFO  --- [restartedMain] com.netflix.discovery.DiscoveryClient Line:979 - Application is null : false
2020-10-04 15:59:12.911 INFO  --- [restartedMain] com.netflix.discovery.DiscoveryClient Line:980 - Registered Applications size is zero : true
2020-10-04 15:59:12.911 INFO  --- [restartedMain] com.netflix.discovery.DiscoveryClient Line:982 - Application version is -1: true
2020-10-04 15:59:12.912 INFO  --- [restartedMain] com.netflix.discovery.DiscoveryClient Line:1065 - Getting all instance registry info from the eureka server
2020-10-04 15:59:13.214 INFO  --- [restartedMain] com.netflix.discovery.DiscoveryClient Line:1074 - The response status is 200
2020-10-04 15:59:13.217 INFO  --- [restartedMain] com.netflix.discovery.DiscoveryClient Line:1288 - Starting heartbeat executor: renew interval is: 30
2020-10-04 15:59:13.220 INFO  --- [restartedMain] com.netflix.discovery.InstanceInfoReplicator Line:60  - InstanceInfoReplicator onDemand update allowed rate per min is 4
2020-10-04 15:59:13.226 INFO  --- [restartedMain] com.netflix.discovery.DiscoveryClient Line:465 - Discovery Client initialized at timestamp 1601798353224 with initial instances count: 0
2020-10-04 15:59:13.229 INFO  --- [restartedMain] com.netflix.discovery.DiscoveryClient Line:1323 - Saw local status change event StatusChangeEvent [timestamp=1601798353229, current=UP, previous=STARTING]
2020-10-04 15:59:13.232 INFO  --- [DiscoveryClient-InstanceInfoReplicator-0] com.netflix.discovery.DiscoveryClient Line:844 - DiscoveryClient_SERVICE/DESKTOP-CTAQJKR:service:8762: registering service...
2020-10-04 15:59:13.254 INFO  --- [restartedMain] org.apache.coyote.http11.Http11NioProtocol Line:173 - Starting ProtocolHandler ["http-nio-8762"]
2020-10-04 15:59:13.398 INFO  --- [DiscoveryClient-InstanceInfoReplicator-0] com.netflix.discovery.DiscoveryClient Line:853 - DiscoveryClient_SERVICE/DESKTOP-CTAQJKR:service:8762 - registration status: 204
2020-10-04 15:59:13.634 INFO  --- [restartedMain] com.vtu.ServiceApplication Line:59  - Started ServiceApplication in 10.221 seconds (JVM running for 14.528)
2020-10-04 15:59:43.224 INFO  --- [DiscoveryClient-CacheRefreshExecutor-0] com.netflix.discovery.DiscoveryClient Line:976 - Disable delta property : false
2020-10-04 15:59:43.225 INFO  --- [DiscoveryClient-CacheRefreshExecutor-0] com.netflix.discovery.DiscoveryClient Line:977 - Single vip registry refresh property : null
2020-10-04 15:59:43.244 INFO  --- [DiscoveryClient-CacheRefreshExecutor-0] com.netflix.discovery.DiscoveryClient Line:978 - Force full registry fetch : false
2020-10-04 15:59:43.246 INFO  --- [DiscoveryClient-CacheRefreshExecutor-0] com.netflix.discovery.DiscoveryClient Line:979 - Application is null : false
2020-10-04 15:59:43.267 INFO  --- [DiscoveryClient-CacheRefreshExecutor-0] com.netflix.discovery.DiscoveryClient Line:980 - Registered Applications size is zero : true
2020-10-04 15:59:43.272 INFO  --- [DiscoveryClient-CacheRefreshExecutor-0] com.netflix.discovery.DiscoveryClient Line:982 - Application version is -1: false
2020-10-04 15:59:43.272 INFO  --- [DiscoveryClient-CacheRefreshExecutor-0] com.netflix.discovery.DiscoveryClient Line:1065 - Getting all instance registry info from the eureka server
2020-10-04 15:59:43.453 INFO  --- [DiscoveryClient-CacheRefreshExecutor-0] com.netflix.discovery.DiscoveryClient Line:1074 - The response status is 200
2020-10-04 16:00:56.816 INFO  --- [http-nio-8762-exec-1] org.apache.catalina.core.ContainerBase.[Tomcat].[localhost].[/] Line:173 - Initializing Spring DispatcherServlet 'dispatcherServlet'
2020-10-04 16:04:12.916 INFO  --- [AsyncResolver-bootstrap-executor-0] com.netflix.discovery.shared.resolver.aws.ConfigClusterResolver Line:43  - Resolving eureka endpoints via configuration
2020-10-04 16:09:12.919 INFO  --- [AsyncResolver-bootstrap-executor-0] com.netflix.discovery.shared.resolver.aws.ConfigClusterResolver Line:43  - Resolving eureka endpoints via configuration
2020-10-04 16:14:12.921 INFO  --- [AsyncResolver-bootstrap-executor-0] com.netflix.discovery.shared.resolver.aws.ConfigClusterResolver Line:43  - Resolving eureka endpoints via configuration
2020-10-04 16:19:12.923 INFO  --- [AsyncResolver-bootstrap-executor-0] com.netflix.discovery.shared.resolver.aws.ConfigClusterResolver Line:43  - Resolving eureka endpoints via configuration
2020-10-04 16:24:13.015 INFO  --- [AsyncResolver-bootstrap-executor-0] com.netflix.discovery.shared.resolver.aws.ConfigClusterResolver Line:43  - Resolving eureka endpoints via configuration
2020-10-04 16:29:13.018 INFO  --- [AsyncResolver-bootstrap-executor-0] com.netflix.discovery.shared.resolver.aws.ConfigClusterResolver Line:43  - Resolving eureka endpoints via configuration
2020-10-04 16:34:13.019 INFO  --- [AsyncResolver-bootstrap-executor-0] com.netflix.discovery.shared.resolver.aws.ConfigClusterResolver Line:43  - Resolving eureka endpoints via configuration
2020-10-04 16:39:13.022 INFO  --- [AsyncResolver-bootstrap-executor-0] com.netflix.discovery.shared.resolver.aws.ConfigClusterResolver Line:43  - Resolving eureka endpoints via configuration
2020-10-04 16:44:13.026 INFO  --- [AsyncResolver-bootstrap-executor-0] com.netflix.discovery.shared.resolver.aws.ConfigClusterResolver Line:43  - Resolving eureka endpoints via configuration
2020-10-04 16:49:13.028 INFO  --- [AsyncResolver-bootstrap-executor-0] com.netflix.discovery.shared.resolver.aws.ConfigClusterResolver Line:43  - Resolving eureka endpoints via configuration
2020-10-04 16:54:11.015 INFO  --- [AsyncResolver-bootstrap-executor-0] com.netflix.discovery.shared.resolver.aws.ConfigClusterResolver Line:43  - Resolving eureka endpoints via configuration
2020-10-04 16:59:11.018 INFO  --- [AsyncResolver-bootstrap-executor-0] com.netflix.discovery.shared.resolver.aws.ConfigClusterResolver Line:43  - Resolving eureka endpoints via configuration
2020-10-04 17:04:11.019 INFO  --- [AsyncResolver-bootstrap-executor-0] com.netflix.discovery.shared.resolver.aws.ConfigClusterResolver Line:43  - Resolving eureka endpoints via configuration
2020-10-04 17:17:59.750 INFO  --- [AsyncResolver-bootstrap-executor-0] com.netflix.discovery.shared.resolver.aws.ConfigClusterResolver Line:43  - Resolving eureka endpoints via configuration
2020-10-04 17:22:59.752 INFO  --- [AsyncResolver-bootstrap-executor-0] com.netflix.discovery.shared.resolver.aws.ConfigClusterResolver Line:43  - Resolving eureka endpoints via configuration
2020-10-04 17:27:59.754 INFO  --- [AsyncResolver-bootstrap-executor-0] com.netflix.discovery.shared.resolver.aws.ConfigClusterResolver Line:43  - Resolving eureka endpoints via configuration
2020-10-04 17:32:59.756 INFO  --- [AsyncResolver-bootstrap-executor-0] com.netflix.discovery.shared.resolver.aws.ConfigClusterResolver Line:43  - Resolving eureka endpoints via configuration
2020-10-04 17:37:59.775 INFO  --- [AsyncResolver-bootstrap-executor-0] com.netflix.discovery.shared.resolver.aws.ConfigClusterResolver Line:43  - Resolving eureka endpoints via configuration
2020-10-04 17:42:59.778 INFO  --- [AsyncResolver-bootstrap-executor-0] com.netflix.discovery.shared.resolver.aws.ConfigClusterResolver Line:43  - Resolving eureka endpoints via configuration
2020-10-04 17:47:59.782 INFO  --- [AsyncResolver-bootstrap-executor-0] com.netflix.discovery.shared.resolver.aws.ConfigClusterResolver Line:43  - Resolving eureka endpoints via configuration
2020-10-04 17:52:59.783 INFO  --- [AsyncResolver-bootstrap-executor-0] com.netflix.discovery.shared.resolver.aws.ConfigClusterResolver Line:43  - Resolving eureka endpoints via configuration
2020-10-04 17:57:59.785 INFO  --- [AsyncResolver-bootstrap-executor-0] com.netflix.discovery.shared.resolver.aws.ConfigClusterResolver Line:43  - Resolving eureka endpoints via configuration
2020-10-04 18:02:59.788 INFO  --- [AsyncResolver-bootstrap-executor-0] com.netflix.discovery.shared.resolver.aws.ConfigClusterResolver Line:43  - Resolving eureka endpoints via configuration
2020-10-04 18:07:59.839 INFO  --- [AsyncResolver-bootstrap-executor-0] com.netflix.discovery.shared.resolver.aws.ConfigClusterResolver Line:43  - Resolving eureka endpoints via configuration
2020-10-04 18:12:59.842 INFO  --- [AsyncResolver-bootstrap-executor-0] com.netflix.discovery.shared.resolver.aws.ConfigClusterResolver Line:43  - Resolving eureka endpoints via configuration
2020-10-04 18:17:59.844 INFO  --- [AsyncResolver-bootstrap-executor-0] com.netflix.discovery.shared.resolver.aws.ConfigClusterResolver Line:43  - Resolving eureka endpoints via configuration
2020-10-04 18:22:59.845 INFO  --- [AsyncResolver-bootstrap-executor-0] com.netflix.discovery.shared.resolver.aws.ConfigClusterResolver Line:43  - Resolving eureka endpoints via configuration
2020-10-04 18:27:59.847 INFO  --- [AsyncResolver-bootstrap-executor-0] com.netflix.discovery.shared.resolver.aws.ConfigClusterResolver Line:43  - Resolving eureka endpoints via configuration
2020-10-04 18:32:59.848 INFO  --- [AsyncResolver-bootstrap-executor-0] com.netflix.discovery.shared.resolver.aws.ConfigClusterResolver Line:43  - Resolving eureka endpoints via configuration
2020-10-04 18:37:59.851 INFO  --- [AsyncResolver-bootstrap-executor-0] com.netflix.discovery.shared.resolver.aws.ConfigClusterResolver Line:43  - Resolving eureka endpoints via configuration
2020-10-04 18:42:59.852 INFO  --- [AsyncResolver-bootstrap-executor-0] com.netflix.discovery.shared.resolver.aws.ConfigClusterResolver Line:43  - Resolving eureka endpoints via configuration
2020-10-04 18:47:59.857 INFO  --- [AsyncResolver-bootstrap-executor-0] com.netflix.discovery.shared.resolver.aws.ConfigClusterResolver Line:43  - Resolving eureka endpoints via configuration
2020-10-04 18:52:59.858 INFO  --- [AsyncResolver-bootstrap-executor-0] com.netflix.discovery.shared.resolver.aws.ConfigClusterResolver Line:43  - Resolving eureka endpoints via configuration
2020-10-04 18:57:59.860 INFO  --- [AsyncResolver-bootstrap-executor-0] com.netflix.discovery.shared.resolver.aws.ConfigClusterResolver Line:43  - Resolving eureka endpoints via configuration
2020-10-04 19:02:59.861 INFO  --- [AsyncResolver-bootstrap-executor-0] com.netflix.discovery.shared.resolver.aws.ConfigClusterResolver Line:43  - Resolving eureka endpoints via configuration
2020-10-04 19:07:59.863 INFO  --- [AsyncResolver-bootstrap-executor-0] com.netflix.discovery.shared.resolver.aws.ConfigClusterResolver Line:43  - Resolving eureka endpoints via configuration
2020-10-04 19:12:59.865 INFO  --- [AsyncResolver-bootstrap-executor-0] com.netflix.discovery.shared.resolver.aws.ConfigClusterResolver Line:43  - Resolving eureka endpoints via configuration
2020-10-04 19:17:59.868 INFO  --- [AsyncResolver-bootstrap-executor-0] com.netflix.discovery.shared.resolver.aws.ConfigClusterResolver Line:43  - Resolving eureka endpoints via configuration
2020-10-04 19:22:59.869 INFO  --- [AsyncResolver-bootstrap-executor-0] com.netflix.discovery.shared.resolver.aws.ConfigClusterResolver Line:43  - Resolving eureka endpoints via configuration
2020-10-04 19:27:59.871 INFO  --- [AsyncResolver-bootstrap-executor-0] com.netflix.discovery.shared.resolver.aws.ConfigClusterResolver Line:43  - Resolving eureka endpoints via configuration
2020-10-04 19:32:59.873 INFO  --- [AsyncResolver-bootstrap-executor-0] com.netflix.discovery.shared.resolver.aws.ConfigClusterResolver Line:43  - Resolving eureka endpoints via configuration
2020-10-04 19:37:59.875 INFO  --- [AsyncResolver-bootstrap-executor-0] com.netflix.discovery.shared.resolver.aws.ConfigClusterResolver Line:43  - Resolving eureka endpoints via configuration
2020-10-04 19:42:59.878 INFO  --- [AsyncResolver-bootstrap-executor-0] com.netflix.discovery.shared.resolver.aws.ConfigClusterResolver Line:43  - Resolving eureka endpoints via configuration
2020-10-04 19:47:59.879 INFO  --- [AsyncResolver-bootstrap-executor-0] com.netflix.discovery.shared.resolver.aws.ConfigClusterResolver Line:43  - Resolving eureka endpoints via configuration
2020-10-04 19:52:59.882 INFO  --- [AsyncResolver-bootstrap-executor-0] com.netflix.discovery.shared.resolver.aws.ConfigClusterResolver Line:43  - Resolving eureka endpoints via configuration
2020-10-04 19:57:59.884 INFO  --- [AsyncResolver-bootstrap-executor-0] com.netflix.discovery.shared.resolver.aws.ConfigClusterResolver Line:43  - Resolving eureka endpoints via configuration
2020-10-04 20:02:59.887 INFO  --- [AsyncResolver-bootstrap-executor-0] com.netflix.discovery.shared.resolver.aws.ConfigClusterResolver Line:43  - Resolving eureka endpoints via configuration
2020-10-04 20:07:59.888 INFO  --- [AsyncResolver-bootstrap-executor-0] com.netflix.discovery.shared.resolver.aws.ConfigClusterResolver Line:43  - Resolving eureka endpoints via configuration
2020-10-04 20:12:59.890 INFO  --- [AsyncResolver-bootstrap-executor-0] com.netflix.discovery.shared.resolver.aws.ConfigClusterResolver Line:43  - Resolving eureka endpoints via configuration
2020-10-04 20:17:59.893 INFO  --- [AsyncResolver-bootstrap-executor-0] com.netflix.discovery.shared.resolver.aws.ConfigClusterResolver Line:43  - Resolving eureka endpoints via configuration
2020-10-04 20:22:59.896 INFO  --- [AsyncResolver-bootstrap-executor-0] com.netflix.discovery.shared.resolver.aws.ConfigClusterResolver Line:43  - Resolving eureka endpoints via configuration
2020-10-04 20:27:59.898 INFO  --- [AsyncResolver-bootstrap-executor-0] com.netflix.discovery.shared.resolver.aws.ConfigClusterResolver Line:43  - Resolving eureka endpoints via configuration
2020-10-04 20:32:59.901 INFO  --- [AsyncResolver-bootstrap-executor-0] com.netflix.discovery.shared.resolver.aws.ConfigClusterResolver Line:43  - Resolving eureka endpoints via configuration
2020-10-04 20:37:59.903 INFO  --- [AsyncResolver-bootstrap-executor-0] com.netflix.discovery.shared.resolver.aws.ConfigClusterResolver Line:43  - Resolving eureka endpoints via configuration
2020-10-04 20:42:59.906 INFO  --- [AsyncResolver-bootstrap-executor-0] com.netflix.discovery.shared.resolver.aws.ConfigClusterResolver Line:43  - Resolving eureka endpoints via configuration
2020-10-04 20:47:59.908 INFO  --- [AsyncResolver-bootstrap-executor-0] com.netflix.discovery.shared.resolver.aws.ConfigClusterResolver Line:43  - Resolving eureka endpoints via configuration
2020-10-04 20:52:59.909 INFO  --- [AsyncResolver-bootstrap-executor-0] com.netflix.discovery.shared.resolver.aws.ConfigClusterResolver Line:43  - Resolving eureka endpoints via configuration
2020-10-04 20:57:59.910 INFO  --- [AsyncResolver-bootstrap-executor-0] com.netflix.discovery.shared.resolver.aws.ConfigClusterResolver Line:43  - Resolving eureka endpoints via configuration
2020-10-04 21:02:59.913 INFO  --- [AsyncResolver-bootstrap-executor-0] com.netflix.discovery.shared.resolver.aws.ConfigClusterResolver Line:43  - Resolving eureka endpoints via configuration
2020-10-04 21:07:59.914 INFO  --- [AsyncResolver-bootstrap-executor-0] com.netflix.discovery.shared.resolver.aws.ConfigClusterResolver Line:43  - Resolving eureka endpoints via configuration
2020-10-04 21:12:59.917 INFO  --- [AsyncResolver-bootstrap-executor-0] com.netflix.discovery.shared.resolver.aws.ConfigClusterResolver Line:43  - Resolving eureka endpoints via configuration
2020-10-04 21:17:59.918 INFO  --- [AsyncResolver-bootstrap-executor-0] com.netflix.discovery.shared.resolver.aws.ConfigClusterResolver Line:43  - Resolving eureka endpoints via configuration
2020-10-04 21:22:59.920 INFO  --- [AsyncResolver-bootstrap-executor-0] com.netflix.discovery.shared.resolver.aws.ConfigClusterResolver Line:43  - Resolving eureka endpoints via configuration
2020-10-04 21:27:59.922 INFO  --- [AsyncResolver-bootstrap-executor-0] com.netflix.discovery.shared.resolver.aws.ConfigClusterResolver Line:43  - Resolving eureka endpoints via configuration
2020-10-04 21:32:59.924 INFO  --- [AsyncResolver-bootstrap-executor-0] com.netflix.discovery.shared.resolver.aws.ConfigClusterResolver Line:43  - Resolving eureka endpoints via configuration
2020-10-04 21:37:59.925 INFO  --- [AsyncResolver-bootstrap-executor-0] com.netflix.discovery.shared.resolver.aws.ConfigClusterResolver Line:43  - Resolving eureka endpoints via configuration
2020-10-04 21:42:59.928 INFO  --- [AsyncResolver-bootstrap-executor-0] com.netflix.discovery.shared.resolver.aws.ConfigClusterResolver Line:43  - Resolving eureka endpoints via configuration
2020-10-04 21:47:59.930 INFO  --- [AsyncResolver-bootstrap-executor-0] com.netflix.discovery.shared.resolver.aws.ConfigClusterResolver Line:43  - Resolving eureka endpoints via configuration
2020-10-04 21:52:59.931 INFO  --- [AsyncResolver-bootstrap-executor-0] com.netflix.discovery.shared.resolver.aws.ConfigClusterResolver Line:43  - Resolving eureka endpoints via configuration
2020-10-04 21:57:59.932 INFO  --- [AsyncResolver-bootstrap-executor-0] com.netflix.discovery.shared.resolver.aws.ConfigClusterResolver Line:43  - Resolving eureka endpoints via configuration
2020-10-04 22:02:59.935 INFO  --- [AsyncResolver-bootstrap-executor-0] com.netflix.discovery.shared.resolver.aws.ConfigClusterResolver Line:43  - Resolving eureka endpoints via configuration
2020-10-04 22:07:59.937 INFO  --- [AsyncResolver-bootstrap-executor-0] com.netflix.discovery.shared.resolver.aws.ConfigClusterResolver Line:43  - Resolving eureka endpoints via configuration
2020-10-04 22:12:59.939 INFO  --- [AsyncResolver-bootstrap-executor-0] com.netflix.discovery.shared.resolver.aws.ConfigClusterResolver Line:43  - Resolving eureka endpoints via configuration
2020-10-04 22:17:59.941 INFO  --- [AsyncResolver-bootstrap-executor-0] com.netflix.discovery.shared.resolver.aws.ConfigClusterResolver Line:43  - Resolving eureka endpoints via configuration
2020-10-04 22:22:59.942 INFO  --- [AsyncResolver-bootstrap-executor-0] com.netflix.discovery.shared.resolver.aws.ConfigClusterResolver Line:43  - Resolving eureka endpoints via configuration
2020-10-04 22:27:59.944 INFO  --- [AsyncResolver-bootstrap-executor-0] com.netflix.discovery.shared.resolver.aws.ConfigClusterResolver Line:43  - Resolving eureka endpoints via configuration
2020-10-04 22:32:59.947 INFO  --- [AsyncResolver-bootstrap-executor-0] com.netflix.discovery.shared.resolver.aws.ConfigClusterResolver Line:43  - Resolving eureka endpoints via configuration
2020-10-04 22:37:59.950 INFO  --- [AsyncResolver-bootstrap-executor-0] com.netflix.discovery.shared.resolver.aws.ConfigClusterResolver Line:43  - Resolving eureka endpoints via configuration
2020-10-04 22:42:59.952 INFO  --- [AsyncResolver-bootstrap-executor-0] com.netflix.discovery.shared.resolver.aws.ConfigClusterResolver Line:43  - Resolving eureka endpoints via configuration
2020-10-04 22:47:59.954 INFO  --- [AsyncResolver-bootstrap-executor-0] com.netflix.discovery.shared.resolver.aws.ConfigClusterResolver Line:43  - Resolving eureka endpoints via configuration
2020-10-04 22:52:59.955 INFO  --- [AsyncResolver-bootstrap-executor-0] com.netflix.discovery.shared.resolver.aws.ConfigClusterResolver Line:43  - Resolving eureka endpoints via configuration
2020-10-04 22:57:59.956 INFO  --- [AsyncResolver-bootstrap-executor-0] com.netflix.discovery.shared.resolver.aws.ConfigClusterResolver Line:43  - Resolving eureka endpoints via configuration
2020-10-04 23:02:59.958 INFO  --- [AsyncResolver-bootstrap-executor-0] com.netflix.discovery.shared.resolver.aws.ConfigClusterResolver Line:43  - Resolving eureka endpoints via configuration
2020-10-04 23:07:59.961 INFO  --- [AsyncResolver-bootstrap-executor-0] com.netflix.discovery.shared.resolver.aws.ConfigClusterResolver Line:43  - Resolving eureka endpoints via configuration
2020-10-04 23:12:59.963 INFO  --- [AsyncResolver-bootstrap-executor-0] com.netflix.discovery.shared.resolver.aws.ConfigClusterResolver Line:43  - Resolving eureka endpoints via configuration
2020-10-04 23:17:59.966 INFO  --- [AsyncResolver-bootstrap-executor-0] com.netflix.discovery.shared.resolver.aws.ConfigClusterResolver Line:43  - Resolving eureka endpoints via configuration
2020-10-04 23:22:59.966 INFO  --- [AsyncResolver-bootstrap-executor-0] com.netflix.discovery.shared.resolver.aws.ConfigClusterResolver Line:43  - Resolving eureka endpoints via configuration
2020-10-04 23:27:59.969 INFO  --- [AsyncResolver-bootstrap-executor-0] com.netflix.discovery.shared.resolver.aws.ConfigClusterResolver Line:43  - Resolving eureka endpoints via configuration
2020-10-04 23:32:59.971 INFO  --- [AsyncResolver-bootstrap-executor-0] com.netflix.discovery.shared.resolver.aws.ConfigClusterResolver Line:43  - Resolving eureka endpoints via configuration
2020-10-04 23:37:59.972 INFO  --- [AsyncResolver-bootstrap-executor-0] com.netflix.discovery.shared.resolver.aws.ConfigClusterResolver Line:43  - Resolving eureka endpoints via configuration
2020-10-04 23:42:59.974 INFO  --- [AsyncResolver-bootstrap-executor-0] com.netflix.discovery.shared.resolver.aws.ConfigClusterResolver Line:43  - Resolving eureka endpoints via configuration
2020-10-04 23:47:59.975 INFO  --- [AsyncResolver-bootstrap-executor-0] com.netflix.discovery.shared.resolver.aws.ConfigClusterResolver Line:43  - Resolving eureka endpoints via configuration
2020-10-04 23:52:59.977 INFO  --- [AsyncResolver-bootstrap-executor-0] com.netflix.discovery.shared.resolver.aws.ConfigClusterResolver Line:43  - Resolving eureka endpoints via configuration
2020-10-04 23:57:59.979 INFO  --- [AsyncResolver-bootstrap-executor-0] com.netflix.discovery.shared.resolver.aws.ConfigClusterResolver Line:43  - Resolving eureka endpoints via configuration
