2020-10-02 16:59:07.339 INFO  --- [restartedMain] com.vtu.ServiceApplication Line:652 - The following profiles are active: dev
2020-10-02 16:59:09.636 INFO  --- [restartedMain] org.apache.coyote.http11.Http11NioProtocol Line:173 - Initializing ProtocolHandler ["http-nio-8762"]
2020-10-02 16:59:09.652 INFO  --- [restartedMain] org.apache.catalina.core.StandardService Line:173 - Starting service [Tomcat]
2020-10-02 16:59:09.652 INFO  --- [restartedMain] org.apache.catalina.core.StandardEngine Line:173 - Starting Servlet engine: [Apache Tomcat/9.0.26]
2020-10-02 16:59:09.808 INFO  --- [restartedMain] org.apache.catalina.core.ContainerBase.[Tomcat].[localhost].[/] Line:173 - Initializing Spring embedded WebApplicationContext
2020-10-02 16:59:10.152 INFO  --- [restartedMain] com.alibaba.druid.spring.boot.autoconfigure.DruidDataSourceAutoConfigure Line:56  - Init DruidDataSource
2020-10-02 16:59:12.073 INFO  --- [restartedMain] com.alibaba.druid.pool.DruidDataSource Line:930 - {dataSource-1} inited
2020-10-02 16:59:12.870 INFO  --- [restartedMain] com.netflix.config.sources.URLConfigurationSource Line:126 - URLs to be used as dynamic configuration source: [file:/E:/works/shopsystem/service/target/classes/config.properties]
2020-10-02 16:59:12.886 INFO  --- [restartedMain] com.netflix.config.sources.URLConfigurationSource Line:126 - URLs to be used as dynamic configuration source: [file:/E:/works/shopsystem/service/target/classes/config.properties]
2020-10-02 16:59:15.011 INFO  --- [restartedMain] com.netflix.discovery.DiscoveryClient Line:365 - Initializing Eureka in region us-east-1
2020-10-02 16:59:15.651 INFO  --- [restartedMain] com.netflix.discovery.provider.DiscoveryJerseyProvider Line:70  - Using JSON encoding codec LegacyJacksonJson
2020-10-02 16:59:15.651 INFO  --- [restartedMain] com.netflix.discovery.provider.DiscoveryJerseyProvider Line:71  - Using JSON decoding codec LegacyJacksonJson
2020-10-02 16:59:16.011 INFO  --- [restartedMain] com.netflix.discovery.provider.DiscoveryJerseyProvider Line:80  - Using XML encoding codec XStreamXml
2020-10-02 16:59:16.011 INFO  --- [restartedMain] com.netflix.discovery.provider.DiscoveryJerseyProvider Line:81  - Using XML decoding codec XStreamXml
2020-10-02 16:59:16.683 INFO  --- [restartedMain] com.netflix.discovery.shared.resolver.aws.ConfigClusterResolver Line:43  - Resolving eureka endpoints via configuration
2020-10-02 16:59:17.558 INFO  --- [restartedMain] com.netflix.discovery.DiscoveryClient Line:976 - Disable delta property : false
2020-10-02 16:59:17.558 INFO  --- [restartedMain] com.netflix.discovery.DiscoveryClient Line:977 - Single vip registry refresh property : null
2020-10-02 16:59:17.558 INFO  --- [restartedMain] com.netflix.discovery.DiscoveryClient Line:978 - Force full registry fetch : false
2020-10-02 16:59:17.558 INFO  --- [restartedMain] com.netflix.discovery.DiscoveryClient Line:979 - Application is null : false
2020-10-02 16:59:17.573 INFO  --- [restartedMain] com.netflix.discovery.DiscoveryClient Line:980 - Registered Applications size is zero : true
2020-10-02 16:59:17.573 INFO  --- [restartedMain] com.netflix.discovery.DiscoveryClient Line:982 - Application version is -1: true
2020-10-02 16:59:17.573 INFO  --- [restartedMain] com.netflix.discovery.DiscoveryClient Line:1065 - Getting all instance registry info from the eureka server
2020-10-02 16:59:18.229 INFO  --- [restartedMain] com.netflix.discovery.DiscoveryClient Line:1074 - The response status is 200
2020-10-02 16:59:18.229 INFO  --- [restartedMain] com.netflix.discovery.DiscoveryClient Line:1288 - Starting heartbeat executor: renew interval is: 30
2020-10-02 16:59:18.245 INFO  --- [restartedMain] com.netflix.discovery.InstanceInfoReplicator Line:60  - InstanceInfoReplicator onDemand update allowed rate per min is 4
2020-10-02 16:59:18.276 INFO  --- [restartedMain] com.netflix.discovery.DiscoveryClient Line:465 - Discovery Client initialized at timestamp 1601629158276 with initial instances count: 0
2020-10-02 16:59:18.292 INFO  --- [restartedMain] com.netflix.discovery.DiscoveryClient Line:1323 - Saw local status change event StatusChangeEvent [timestamp=1601629158292, current=UP, previous=STARTING]
2020-10-02 16:59:18.292 INFO  --- [DiscoveryClient-InstanceInfoReplicator-0] com.netflix.discovery.DiscoveryClient Line:844 - DiscoveryClient_SERVICE/DESKTOP-CTAQJKR:service:8762: registering service...
2020-10-02 16:59:18.339 INFO  --- [restartedMain] org.apache.coyote.http11.Http11NioProtocol Line:173 - Starting ProtocolHandler ["http-nio-8762"]
2020-10-02 16:59:18.683 INFO  --- [DiscoveryClient-InstanceInfoReplicator-0] com.netflix.discovery.DiscoveryClient Line:853 - DiscoveryClient_SERVICE/DESKTOP-CTAQJKR:service:8762 - registration status: 204
2020-10-02 16:59:19.198 INFO  --- [restartedMain] com.vtu.ServiceApplication Line:59  - Started ServiceApplication in 14.155 seconds (JVM running for 18.505)
2020-10-02 16:59:48.253 INFO  --- [DiscoveryClient-CacheRefreshExecutor-0] com.netflix.discovery.DiscoveryClient Line:976 - Disable delta property : false
2020-10-02 16:59:48.253 INFO  --- [DiscoveryClient-CacheRefreshExecutor-0] com.netflix.discovery.DiscoveryClient Line:977 - Single vip registry refresh property : null
2020-10-02 16:59:48.253 INFO  --- [DiscoveryClient-CacheRefreshExecutor-0] com.netflix.discovery.DiscoveryClient Line:978 - Force full registry fetch : false
2020-10-02 16:59:48.253 INFO  --- [DiscoveryClient-CacheRefreshExecutor-0] com.netflix.discovery.DiscoveryClient Line:979 - Application is null : false
2020-10-02 16:59:48.253 INFO  --- [DiscoveryClient-CacheRefreshExecutor-0] com.netflix.discovery.DiscoveryClient Line:980 - Registered Applications size is zero : true
2020-10-02 16:59:48.253 INFO  --- [DiscoveryClient-CacheRefreshExecutor-0] com.netflix.discovery.DiscoveryClient Line:982 - Application version is -1: false
2020-10-02 16:59:48.253 INFO  --- [DiscoveryClient-CacheRefreshExecutor-0] com.netflix.discovery.DiscoveryClient Line:1065 - Getting all instance registry info from the eureka server
2020-10-02 16:59:48.300 INFO  --- [DiscoveryClient-CacheRefreshExecutor-0] com.netflix.discovery.DiscoveryClient Line:1074 - The response status is 200
2020-10-02 17:02:45.723 INFO  --- [http-nio-8762-exec-1] org.apache.catalina.core.ContainerBase.[Tomcat].[localhost].[/] Line:173 - Initializing Spring DispatcherServlet 'dispatcherServlet'
2020-10-02 17:04:17.584 INFO  --- [AsyncResolver-bootstrap-executor-0] com.netflix.discovery.shared.resolver.aws.ConfigClusterResolver Line:43  - Resolving eureka endpoints via configuration
2020-10-02 17:09:17.600 INFO  --- [AsyncResolver-bootstrap-executor-0] com.netflix.discovery.shared.resolver.aws.ConfigClusterResolver Line:43  - Resolving eureka endpoints via configuration
2020-10-02 17:14:17.614 INFO  --- [AsyncResolver-bootstrap-executor-0] com.netflix.discovery.shared.resolver.aws.ConfigClusterResolver Line:43  - Resolving eureka endpoints via configuration
2020-10-02 17:19:17.625 INFO  --- [AsyncResolver-bootstrap-executor-0] com.netflix.discovery.shared.resolver.aws.ConfigClusterResolver Line:43  - Resolving eureka endpoints via configuration
2020-10-02 17:24:17.634 INFO  --- [AsyncResolver-bootstrap-executor-0] com.netflix.discovery.shared.resolver.aws.ConfigClusterResolver Line:43  - Resolving eureka endpoints via configuration
2020-10-02 17:29:17.637 INFO  --- [AsyncResolver-bootstrap-executor-0] com.netflix.discovery.shared.resolver.aws.ConfigClusterResolver Line:43  - Resolving eureka endpoints via configuration
2020-10-02 17:34:17.643 INFO  --- [AsyncResolver-bootstrap-executor-0] com.netflix.discovery.shared.resolver.aws.ConfigClusterResolver Line:43  - Resolving eureka endpoints via configuration
2020-10-02 17:43:29.712 INFO  --- [AsyncResolver-bootstrap-executor-0] com.netflix.discovery.shared.resolver.aws.ConfigClusterResolver Line:43  - Resolving eureka endpoints via configuration
2020-10-02 17:48:29.722 INFO  --- [AsyncResolver-bootstrap-executor-0] com.netflix.discovery.shared.resolver.aws.ConfigClusterResolver Line:43  - Resolving eureka endpoints via configuration
2020-10-02 17:53:29.734 INFO  --- [AsyncResolver-bootstrap-executor-0] com.netflix.discovery.shared.resolver.aws.ConfigClusterResolver Line:43  - Resolving eureka endpoints via configuration
2020-10-02 17:58:29.747 INFO  --- [AsyncResolver-bootstrap-executor-0] com.netflix.discovery.shared.resolver.aws.ConfigClusterResolver Line:43  - Resolving eureka endpoints via configuration
2020-10-02 18:03:29.752 INFO  --- [AsyncResolver-bootstrap-executor-0] com.netflix.discovery.shared.resolver.aws.ConfigClusterResolver Line:43  - Resolving eureka endpoints via configuration
2020-10-02 18:08:29.768 INFO  --- [AsyncResolver-bootstrap-executor-0] com.netflix.discovery.shared.resolver.aws.ConfigClusterResolver Line:43  - Resolving eureka endpoints via configuration
2020-10-02 18:13:29.771 INFO  --- [AsyncResolver-bootstrap-executor-0] com.netflix.discovery.shared.resolver.aws.ConfigClusterResolver Line:43  - Resolving eureka endpoints via configuration
2020-10-02 18:18:29.780 INFO  --- [AsyncResolver-bootstrap-executor-0] com.netflix.discovery.shared.resolver.aws.ConfigClusterResolver Line:43  - Resolving eureka endpoints via configuration
2020-10-02 18:23:29.793 INFO  --- [AsyncResolver-bootstrap-executor-0] com.netflix.discovery.shared.resolver.aws.ConfigClusterResolver Line:43  - Resolving eureka endpoints via configuration
2020-10-02 18:28:29.800 INFO  --- [AsyncResolver-bootstrap-executor-0] com.netflix.discovery.shared.resolver.aws.ConfigClusterResolver Line:43  - Resolving eureka endpoints via configuration
2020-10-02 18:33:29.816 INFO  --- [AsyncResolver-bootstrap-executor-0] com.netflix.discovery.shared.resolver.aws.ConfigClusterResolver Line:43  - Resolving eureka endpoints via configuration
2020-10-02 18:38:29.833 INFO  --- [AsyncResolver-bootstrap-executor-0] com.netflix.discovery.shared.resolver.aws.ConfigClusterResolver Line:43  - Resolving eureka endpoints via configuration
2020-10-02 18:43:29.840 INFO  --- [AsyncResolver-bootstrap-executor-0] com.netflix.discovery.shared.resolver.aws.ConfigClusterResolver Line:43  - Resolving eureka endpoints via configuration
2020-10-02 18:48:29.848 INFO  --- [AsyncResolver-bootstrap-executor-0] com.netflix.discovery.shared.resolver.aws.ConfigClusterResolver Line:43  - Resolving eureka endpoints via configuration
2020-10-02 19:25:05.726 INFO  --- [AsyncResolver-bootstrap-executor-0] com.netflix.discovery.shared.resolver.aws.ConfigClusterResolver Line:43  - Resolving eureka endpoints via configuration
2020-10-02 19:30:05.728 INFO  --- [AsyncResolver-bootstrap-executor-0] com.netflix.discovery.shared.resolver.aws.ConfigClusterResolver Line:43  - Resolving eureka endpoints via configuration
2020-10-02 19:35:05.730 INFO  --- [AsyncResolver-bootstrap-executor-0] com.netflix.discovery.shared.resolver.aws.ConfigClusterResolver Line:43  - Resolving eureka endpoints via configuration
2020-10-02 19:40:05.732 INFO  --- [AsyncResolver-bootstrap-executor-0] com.netflix.discovery.shared.resolver.aws.ConfigClusterResolver Line:43  - Resolving eureka endpoints via configuration
2020-10-02 19:45:05.746 INFO  --- [AsyncResolver-bootstrap-executor-0] com.netflix.discovery.shared.resolver.aws.ConfigClusterResolver Line:43  - Resolving eureka endpoints via configuration
2020-10-02 19:50:05.753 INFO  --- [AsyncResolver-bootstrap-executor-0] com.netflix.discovery.shared.resolver.aws.ConfigClusterResolver Line:43  - Resolving eureka endpoints via configuration
2020-10-02 19:55:05.769 INFO  --- [AsyncResolver-bootstrap-executor-0] com.netflix.discovery.shared.resolver.aws.ConfigClusterResolver Line:43  - Resolving eureka endpoints via configuration
2020-10-02 20:00:05.779 INFO  --- [AsyncResolver-bootstrap-executor-0] com.netflix.discovery.shared.resolver.aws.ConfigClusterResolver Line:43  - Resolving eureka endpoints via configuration
2020-10-02 20:05:05.790 INFO  --- [AsyncResolver-bootstrap-executor-0] com.netflix.discovery.shared.resolver.aws.ConfigClusterResolver Line:43  - Resolving eureka endpoints via configuration
2020-10-02 20:10:05.792 INFO  --- [AsyncResolver-bootstrap-executor-0] com.netflix.discovery.shared.resolver.aws.ConfigClusterResolver Line:43  - Resolving eureka endpoints via configuration
2020-10-02 20:15:05.794 INFO  --- [AsyncResolver-bootstrap-executor-0] com.netflix.discovery.shared.resolver.aws.ConfigClusterResolver Line:43  - Resolving eureka endpoints via configuration
2020-10-02 20:20:05.797 INFO  --- [AsyncResolver-bootstrap-executor-0] com.netflix.discovery.shared.resolver.aws.ConfigClusterResolver Line:43  - Resolving eureka endpoints via configuration
2020-10-02 20:25:05.800 INFO  --- [AsyncResolver-bootstrap-executor-0] com.netflix.discovery.shared.resolver.aws.ConfigClusterResolver Line:43  - Resolving eureka endpoints via configuration
2020-10-02 20:30:05.801 INFO  --- [AsyncResolver-bootstrap-executor-0] com.netflix.discovery.shared.resolver.aws.ConfigClusterResolver Line:43  - Resolving eureka endpoints via configuration
2020-10-02 20:35:05.802 INFO  --- [AsyncResolver-bootstrap-executor-0] com.netflix.discovery.shared.resolver.aws.ConfigClusterResolver Line:43  - Resolving eureka endpoints via configuration
2020-10-02 20:40:05.806 INFO  --- [AsyncResolver-bootstrap-executor-0] com.netflix.discovery.shared.resolver.aws.ConfigClusterResolver Line:43  - Resolving eureka endpoints via configuration
2020-10-02 20:45:05.808 INFO  --- [AsyncResolver-bootstrap-executor-0] com.netflix.discovery.shared.resolver.aws.ConfigClusterResolver Line:43  - Resolving eureka endpoints via configuration
2020-10-02 20:50:05.809 INFO  --- [AsyncResolver-bootstrap-executor-0] com.netflix.discovery.shared.resolver.aws.ConfigClusterResolver Line:43  - Resolving eureka endpoints via configuration
2020-10-02 20:55:05.811 INFO  --- [AsyncResolver-bootstrap-executor-0] com.netflix.discovery.shared.resolver.aws.ConfigClusterResolver Line:43  - Resolving eureka endpoints via configuration
2020-10-02 21:00:05.815 INFO  --- [AsyncResolver-bootstrap-executor-0] com.netflix.discovery.shared.resolver.aws.ConfigClusterResolver Line:43  - Resolving eureka endpoints via configuration
2020-10-02 21:05:05.817 INFO  --- [AsyncResolver-bootstrap-executor-0] com.netflix.discovery.shared.resolver.aws.ConfigClusterResolver Line:43  - Resolving eureka endpoints via configuration
2020-10-02 21:10:05.818 INFO  --- [AsyncResolver-bootstrap-executor-0] com.netflix.discovery.shared.resolver.aws.ConfigClusterResolver Line:43  - Resolving eureka endpoints via configuration
2020-10-02 21:15:05.821 INFO  --- [AsyncResolver-bootstrap-executor-0] com.netflix.discovery.shared.resolver.aws.ConfigClusterResolver Line:43  - Resolving eureka endpoints via configuration
2020-10-02 21:20:05.823 INFO  --- [AsyncResolver-bootstrap-executor-0] com.netflix.discovery.shared.resolver.aws.ConfigClusterResolver Line:43  - Resolving eureka endpoints via configuration
2020-10-02 21:25:05.826 INFO  --- [AsyncResolver-bootstrap-executor-0] com.netflix.discovery.shared.resolver.aws.ConfigClusterResolver Line:43  - Resolving eureka endpoints via configuration
2020-10-02 21:30:05.841 INFO  --- [AsyncResolver-bootstrap-executor-0] com.netflix.discovery.shared.resolver.aws.ConfigClusterResolver Line:43  - Resolving eureka endpoints via configuration
2020-10-02 21:35:05.842 INFO  --- [AsyncResolver-bootstrap-executor-0] com.netflix.discovery.shared.resolver.aws.ConfigClusterResolver Line:43  - Resolving eureka endpoints via configuration
2020-10-02 21:40:05.845 INFO  --- [AsyncResolver-bootstrap-executor-0] com.netflix.discovery.shared.resolver.aws.ConfigClusterResolver Line:43  - Resolving eureka endpoints via configuration
2020-10-02 21:45:05.847 INFO  --- [AsyncResolver-bootstrap-executor-0] com.netflix.discovery.shared.resolver.aws.ConfigClusterResolver Line:43  - Resolving eureka endpoints via configuration
2020-10-02 21:50:05.849 INFO  --- [AsyncResolver-bootstrap-executor-0] com.netflix.discovery.shared.resolver.aws.ConfigClusterResolver Line:43  - Resolving eureka endpoints via configuration
2020-10-02 21:55:05.850 INFO  --- [AsyncResolver-bootstrap-executor-0] com.netflix.discovery.shared.resolver.aws.ConfigClusterResolver Line:43  - Resolving eureka endpoints via configuration
2020-10-02 22:00:05.852 INFO  --- [AsyncResolver-bootstrap-executor-0] com.netflix.discovery.shared.resolver.aws.ConfigClusterResolver Line:43  - Resolving eureka endpoints via configuration
2020-10-02 22:05:05.854 INFO  --- [AsyncResolver-bootstrap-executor-0] com.netflix.discovery.shared.resolver.aws.ConfigClusterResolver Line:43  - Resolving eureka endpoints via configuration
2020-10-02 22:10:05.856 INFO  --- [AsyncResolver-bootstrap-executor-0] com.netflix.discovery.shared.resolver.aws.ConfigClusterResolver Line:43  - Resolving eureka endpoints via configuration
2020-10-02 22:15:05.858 INFO  --- [AsyncResolver-bootstrap-executor-0] com.netflix.discovery.shared.resolver.aws.ConfigClusterResolver Line:43  - Resolving eureka endpoints via configuration
2020-10-02 22:43:44.748 INFO  --- [AsyncResolver-bootstrap-executor-0] com.netflix.discovery.shared.resolver.aws.ConfigClusterResolver Line:43  - Resolving eureka endpoints via configuration
2020-10-02 23:08:50.798 INFO  --- [AsyncResolver-bootstrap-executor-0] com.netflix.discovery.shared.resolver.aws.ConfigClusterResolver Line:43  - Resolving eureka endpoints via configuration
2020-10-02 23:13:50.800 INFO  --- [AsyncResolver-bootstrap-executor-0] com.netflix.discovery.shared.resolver.aws.ConfigClusterResolver Line:43  - Resolving eureka endpoints via configuration
2020-10-02 23:18:50.803 INFO  --- [AsyncResolver-bootstrap-executor-0] com.netflix.discovery.shared.resolver.aws.ConfigClusterResolver Line:43  - Resolving eureka endpoints via configuration
2020-10-02 23:23:50.805 INFO  --- [AsyncResolver-bootstrap-executor-0] com.netflix.discovery.shared.resolver.aws.ConfigClusterResolver Line:43  - Resolving eureka endpoints via configuration
2020-10-02 23:28:50.807 INFO  --- [AsyncResolver-bootstrap-executor-0] com.netflix.discovery.shared.resolver.aws.ConfigClusterResolver Line:43  - Resolving eureka endpoints via configuration
2020-10-02 23:33:50.811 INFO  --- [AsyncResolver-bootstrap-executor-0] com.netflix.discovery.shared.resolver.aws.ConfigClusterResolver Line:43  - Resolving eureka endpoints via configuration
2020-10-02 23:38:50.814 INFO  --- [AsyncResolver-bootstrap-executor-0] com.netflix.discovery.shared.resolver.aws.ConfigClusterResolver Line:43  - Resolving eureka endpoints via configuration
2020-10-02 23:43:50.821 INFO  --- [AsyncResolver-bootstrap-executor-0] com.netflix.discovery.shared.resolver.aws.ConfigClusterResolver Line:43  - Resolving eureka endpoints via configuration
2020-10-02 23:48:50.823 INFO  --- [AsyncResolver-bootstrap-executor-0] com.netflix.discovery.shared.resolver.aws.ConfigClusterResolver Line:43  - Resolving eureka endpoints via configuration
2020-10-02 23:53:50.824 INFO  --- [AsyncResolver-bootstrap-executor-0] com.netflix.discovery.shared.resolver.aws.ConfigClusterResolver Line:43  - Resolving eureka endpoints via configuration
2020-10-02 23:58:50.827 INFO  --- [AsyncResolver-bootstrap-executor-0] com.netflix.discovery.shared.resolver.aws.ConfigClusterResolver Line:43  - Resolving eureka endpoints via configuration
