2020-03-21 00:03:50.508 INFO  --- [AsyncResolver-bootstrap-executor-0] com.netflix.discovery.shared.resolver.aws.ConfigClusterResolver Line:43  - Resolving eureka endpoints via configuration
2020-03-21 00:08:50.515 INFO  --- [AsyncResolver-bootstrap-executor-0] com.netflix.discovery.shared.resolver.aws.ConfigClusterResolver Line:43  - Resolving eureka endpoints via configuration
2020-03-21 00:13:50.518 INFO  --- [AsyncResolver-bootstrap-executor-0] com.netflix.discovery.shared.resolver.aws.ConfigClusterResolver Line:43  - Resolving eureka endpoints via configuration
2020-03-21 00:18:50.521 INFO  --- [AsyncResolver-bootstrap-executor-0] com.netflix.discovery.shared.resolver.aws.ConfigClusterResolver Line:43  - Resolving eureka endpoints via configuration
2020-03-21 00:23:50.529 INFO  --- [AsyncResolver-bootstrap-executor-0] com.netflix.discovery.shared.resolver.aws.ConfigClusterResolver Line:43  - Resolving eureka endpoints via configuration
2020-03-21 00:28:50.532 INFO  --- [AsyncResolver-bootstrap-executor-0] com.netflix.discovery.shared.resolver.aws.ConfigClusterResolver Line:43  - Resolving eureka endpoints via configuration
2020-03-21 00:33:50.583 INFO  --- [AsyncResolver-bootstrap-executor-0] com.netflix.discovery.shared.resolver.aws.ConfigClusterResolver Line:43  - Resolving eureka endpoints via configuration
2020-03-21 00:38:50.585 INFO  --- [AsyncResolver-bootstrap-executor-0] com.netflix.discovery.shared.resolver.aws.ConfigClusterResolver Line:43  - Resolving eureka endpoints via configuration
2020-03-21 00:43:50.588 INFO  --- [AsyncResolver-bootstrap-executor-0] com.netflix.discovery.shared.resolver.aws.ConfigClusterResolver Line:43  - Resolving eureka endpoints via configuration
2020-03-21 00:48:50.589 INFO  --- [AsyncResolver-bootstrap-executor-0] com.netflix.discovery.shared.resolver.aws.ConfigClusterResolver Line:43  - Resolving eureka endpoints via configuration
2020-03-21 00:53:50.591 INFO  --- [AsyncResolver-bootstrap-executor-0] com.netflix.discovery.shared.resolver.aws.ConfigClusterResolver Line:43  - Resolving eureka endpoints via configuration
2020-03-21 00:58:50.593 INFO  --- [AsyncResolver-bootstrap-executor-0] com.netflix.discovery.shared.resolver.aws.ConfigClusterResolver Line:43  - Resolving eureka endpoints via configuration
2020-03-21 01:03:50.594 INFO  --- [AsyncResolver-bootstrap-executor-0] com.netflix.discovery.shared.resolver.aws.ConfigClusterResolver Line:43  - Resolving eureka endpoints via configuration
2020-03-21 01:08:50.596 INFO  --- [AsyncResolver-bootstrap-executor-0] com.netflix.discovery.shared.resolver.aws.ConfigClusterResolver Line:43  - Resolving eureka endpoints via configuration
2020-03-21 01:13:50.597 INFO  --- [AsyncResolver-bootstrap-executor-0] com.netflix.discovery.shared.resolver.aws.ConfigClusterResolver Line:43  - Resolving eureka endpoints via configuration
2020-03-21 01:18:50.623 INFO  --- [AsyncResolver-bootstrap-executor-0] com.netflix.discovery.shared.resolver.aws.ConfigClusterResolver Line:43  - Resolving eureka endpoints via configuration
2020-03-21 01:22:53.585 INFO  --- [DiscoveryClient-InstanceInfoReplicator-0] com.netflix.discovery.DiscoveryClient Line:844 - DiscoveryClient_SERVICE/DESKTOP-CTAQJKR.bbrouter:service:8762: registering service...
2020-03-21 01:22:53.601 INFO  --- [DiscoveryClient-InstanceInfoReplicator-0] com.netflix.discovery.DiscoveryClient Line:853 - DiscoveryClient_SERVICE/DESKTOP-CTAQJKR.bbrouter:service:8762 - registration status: 204
2020-03-21 01:22:53.616 INFO  --- [Thread-11] com.alibaba.druid.pool.DruidDataSource Line:1825 - {dataSource-1} closed
2020-03-21 01:22:53.632 INFO  --- [Thread-11] com.netflix.discovery.DiscoveryClient Line:906 - Shutting down DiscoveryClient ...
2020-03-21 01:22:53.952 INFO  --- [DiscoveryClient-CacheRefreshExecutor-0] org.apache.http.impl.client.DefaultHttpClient Line:690 - I/O exception (org.apache.http.NoHttpResponseException) caught when processing request to {}->http://localhost:8761: The target server failed to respond
2020-03-21 01:22:53.952 INFO  --- [DiscoveryClient-CacheRefreshExecutor-0] org.apache.http.impl.client.DefaultHttpClient Line:700 - Retrying request to {}->http://localhost:8761
2020-03-21 01:22:53.958 INFO  --- [DiscoveryClient-CacheRefreshExecutor-0] org.apache.http.impl.client.DefaultHttpClient Line:690 - I/O exception (java.net.SocketException) caught when processing request to {}->http://localhost:8761: Software caused connection abort: recv failed
2020-03-21 01:22:53.958 INFO  --- [DiscoveryClient-CacheRefreshExecutor-0] org.apache.http.impl.client.DefaultHttpClient Line:700 - Retrying request to {}->http://localhost:8761
2020-03-21 01:22:54.270 INFO  --- [DiscoveryClient-CacheRefreshExecutor-0] org.apache.http.impl.client.DefaultHttpClient Line:690 - I/O exception (java.net.SocketException) caught when processing request to {}->http://localhost:8761: Connection reset
2020-03-21 01:22:54.271 INFO  --- [DiscoveryClient-CacheRefreshExecutor-0] org.apache.http.impl.client.DefaultHttpClient Line:700 - Retrying request to {}->http://localhost:8761
