2020-07-04 20:08:41.254 INFO  --- [restartedMain] com.vtu.ServiceApplication Line:652 - The following profiles are active: dev
2020-07-04 20:08:43.518 INFO  --- [restartedMain] org.apache.coyote.http11.Http11NioProtocol Line:173 - Initializing ProtocolHandler ["http-nio-8762"]
2020-07-04 20:08:43.532 INFO  --- [restartedMain] org.apache.catalina.core.StandardService Line:173 - Starting service [Tomcat]
2020-07-04 20:08:43.533 INFO  --- [restartedMain] org.apache.catalina.core.StandardEngine Line:173 - Starting Servlet engine: [Apache Tomcat/9.0.26]
2020-07-04 20:08:43.718 INFO  --- [restartedMain] org.apache.catalina.core.ContainerBase.[Tomcat].[localhost].[/] Line:173 - Initializing Spring embedded WebApplicationContext
2020-07-04 20:08:44.180 INFO  --- [restartedMain] com.alibaba.druid.spring.boot.autoconfigure.DruidDataSourceAutoConfigure Line:56  - Init DruidDataSource
2020-07-04 20:08:45.189 INFO  --- [restartedMain] com.alibaba.druid.pool.DruidDataSource Line:930 - {dataSource-1} inited
2020-07-04 20:08:45.919 INFO  --- [restartedMain] com.netflix.config.sources.URLConfigurationSource Line:126 - URLs to be used as dynamic configuration source: [file:/E:/works/shopsystem/service/target/classes/config.properties]
2020-07-04 20:08:45.930 INFO  --- [restartedMain] com.netflix.config.sources.URLConfigurationSource Line:126 - URLs to be used as dynamic configuration source: [file:/E:/works/shopsystem/service/target/classes/config.properties]
2020-07-04 20:08:47.554 INFO  --- [restartedMain] com.netflix.discovery.DiscoveryClient Line:365 - Initializing Eureka in region us-east-1
2020-07-04 20:08:48.011 INFO  --- [restartedMain] com.netflix.discovery.provider.DiscoveryJerseyProvider Line:70  - Using JSON encoding codec LegacyJacksonJson
2020-07-04 20:08:48.013 INFO  --- [restartedMain] com.netflix.discovery.provider.DiscoveryJerseyProvider Line:71  - Using JSON decoding codec LegacyJacksonJson
2020-07-04 20:08:48.255 INFO  --- [restartedMain] com.netflix.discovery.provider.DiscoveryJerseyProvider Line:80  - Using XML encoding codec XStreamXml
2020-07-04 20:08:48.256 INFO  --- [restartedMain] com.netflix.discovery.provider.DiscoveryJerseyProvider Line:81  - Using XML decoding codec XStreamXml
2020-07-04 20:08:48.713 INFO  --- [restartedMain] com.netflix.discovery.shared.resolver.aws.ConfigClusterResolver Line:43  - Resolving eureka endpoints via configuration
2020-07-04 20:08:48.973 INFO  --- [restartedMain] com.netflix.discovery.DiscoveryClient Line:976 - Disable delta property : false
2020-07-04 20:08:48.974 INFO  --- [restartedMain] com.netflix.discovery.DiscoveryClient Line:977 - Single vip registry refresh property : null
2020-07-04 20:08:48.974 INFO  --- [restartedMain] com.netflix.discovery.DiscoveryClient Line:978 - Force full registry fetch : false
2020-07-04 20:08:48.974 INFO  --- [restartedMain] com.netflix.discovery.DiscoveryClient Line:979 - Application is null : false
2020-07-04 20:08:48.975 INFO  --- [restartedMain] com.netflix.discovery.DiscoveryClient Line:980 - Registered Applications size is zero : true
2020-07-04 20:08:48.975 INFO  --- [restartedMain] com.netflix.discovery.DiscoveryClient Line:982 - Application version is -1: true
2020-07-04 20:08:48.975 INFO  --- [restartedMain] com.netflix.discovery.DiscoveryClient Line:1065 - Getting all instance registry info from the eureka server
2020-07-04 20:08:49.257 INFO  --- [restartedMain] com.netflix.discovery.DiscoveryClient Line:1074 - The response status is 200
2020-07-04 20:08:49.261 INFO  --- [restartedMain] com.netflix.discovery.DiscoveryClient Line:1288 - Starting heartbeat executor: renew interval is: 30
2020-07-04 20:08:49.268 INFO  --- [restartedMain] com.netflix.discovery.InstanceInfoReplicator Line:60  - InstanceInfoReplicator onDemand update allowed rate per min is 4
2020-07-04 20:08:49.278 INFO  --- [restartedMain] com.netflix.discovery.DiscoveryClient Line:465 - Discovery Client initialized at timestamp 1593864529274 with initial instances count: 0
2020-07-04 20:08:49.283 INFO  --- [restartedMain] com.netflix.discovery.DiscoveryClient Line:1323 - Saw local status change event StatusChangeEvent [timestamp=1593864529283, current=UP, previous=STARTING]
2020-07-04 20:08:49.288 INFO  --- [DiscoveryClient-InstanceInfoReplicator-0] com.netflix.discovery.DiscoveryClient Line:844 - DiscoveryClient_SERVICE/DESKTOP-CTAQJKR.bbrouter:service:8762: registering service...
2020-07-04 20:08:49.323 INFO  --- [restartedMain] org.apache.coyote.http11.Http11NioProtocol Line:173 - Starting ProtocolHandler ["http-nio-8762"]
2020-07-04 20:08:49.521 INFO  --- [DiscoveryClient-InstanceInfoReplicator-0] com.netflix.discovery.DiscoveryClient Line:853 - DiscoveryClient_SERVICE/DESKTOP-CTAQJKR.bbrouter:service:8762 - registration status: 204
2020-07-04 20:08:49.737 INFO  --- [restartedMain] com.vtu.ServiceApplication Line:59  - Started ServiceApplication in 11.111 seconds (JVM running for 15.251)
2020-07-04 20:09:19.265 INFO  --- [DiscoveryClient-CacheRefreshExecutor-0] com.netflix.discovery.DiscoveryClient Line:976 - Disable delta property : false
2020-07-04 20:09:19.265 INFO  --- [DiscoveryClient-CacheRefreshExecutor-0] com.netflix.discovery.DiscoveryClient Line:977 - Single vip registry refresh property : null
2020-07-04 20:09:19.266 INFO  --- [DiscoveryClient-CacheRefreshExecutor-0] com.netflix.discovery.DiscoveryClient Line:978 - Force full registry fetch : false
2020-07-04 20:09:19.266 INFO  --- [DiscoveryClient-CacheRefreshExecutor-0] com.netflix.discovery.DiscoveryClient Line:979 - Application is null : false
2020-07-04 20:09:19.272 INFO  --- [DiscoveryClient-CacheRefreshExecutor-0] com.netflix.discovery.DiscoveryClient Line:980 - Registered Applications size is zero : true
2020-07-04 20:09:19.274 INFO  --- [DiscoveryClient-CacheRefreshExecutor-0] com.netflix.discovery.DiscoveryClient Line:982 - Application version is -1: false
2020-07-04 20:09:19.276 INFO  --- [DiscoveryClient-CacheRefreshExecutor-0] com.netflix.discovery.DiscoveryClient Line:1065 - Getting all instance registry info from the eureka server
2020-07-04 20:09:19.335 INFO  --- [DiscoveryClient-CacheRefreshExecutor-0] com.netflix.discovery.DiscoveryClient Line:1074 - The response status is 200
2020-07-04 20:10:02.647 INFO  --- [http-nio-8762-exec-1] org.apache.catalina.core.ContainerBase.[Tomcat].[localhost].[/] Line:173 - Initializing Spring DispatcherServlet 'dispatcherServlet'
2020-07-04 20:13:48.980 INFO  --- [AsyncResolver-bootstrap-executor-0] com.netflix.discovery.shared.resolver.aws.ConfigClusterResolver Line:43  - Resolving eureka endpoints via configuration
2020-07-04 20:18:48.983 INFO  --- [AsyncResolver-bootstrap-executor-0] com.netflix.discovery.shared.resolver.aws.ConfigClusterResolver Line:43  - Resolving eureka endpoints via configuration
2020-07-04 20:23:48.986 INFO  --- [AsyncResolver-bootstrap-executor-0] com.netflix.discovery.shared.resolver.aws.ConfigClusterResolver Line:43  - Resolving eureka endpoints via configuration
2020-07-04 20:28:48.987 INFO  --- [AsyncResolver-bootstrap-executor-0] com.netflix.discovery.shared.resolver.aws.ConfigClusterResolver Line:43  - Resolving eureka endpoints via configuration
2020-07-04 20:33:48.988 INFO  --- [AsyncResolver-bootstrap-executor-0] com.netflix.discovery.shared.resolver.aws.ConfigClusterResolver Line:43  - Resolving eureka endpoints via configuration
2020-07-04 20:38:48.990 INFO  --- [AsyncResolver-bootstrap-executor-0] com.netflix.discovery.shared.resolver.aws.ConfigClusterResolver Line:43  - Resolving eureka endpoints via configuration
2020-07-04 20:43:48.993 INFO  --- [AsyncResolver-bootstrap-executor-0] com.netflix.discovery.shared.resolver.aws.ConfigClusterResolver Line:43  - Resolving eureka endpoints via configuration
2020-07-04 20:48:48.995 INFO  --- [AsyncResolver-bootstrap-executor-0] com.netflix.discovery.shared.resolver.aws.ConfigClusterResolver Line:43  - Resolving eureka endpoints via configuration
2020-07-04 20:53:48.996 INFO  --- [AsyncResolver-bootstrap-executor-0] com.netflix.discovery.shared.resolver.aws.ConfigClusterResolver Line:43  - Resolving eureka endpoints via configuration
2020-07-04 20:58:48.999 INFO  --- [AsyncResolver-bootstrap-executor-0] com.netflix.discovery.shared.resolver.aws.ConfigClusterResolver Line:43  - Resolving eureka endpoints via configuration
2020-07-04 21:03:49.004 INFO  --- [AsyncResolver-bootstrap-executor-0] com.netflix.discovery.shared.resolver.aws.ConfigClusterResolver Line:43  - Resolving eureka endpoints via configuration
2020-07-04 21:08:49.006 INFO  --- [AsyncResolver-bootstrap-executor-0] com.netflix.discovery.shared.resolver.aws.ConfigClusterResolver Line:43  - Resolving eureka endpoints via configuration
2020-07-04 21:13:49.008 INFO  --- [AsyncResolver-bootstrap-executor-0] com.netflix.discovery.shared.resolver.aws.ConfigClusterResolver Line:43  - Resolving eureka endpoints via configuration
2020-07-04 21:18:49.009 INFO  --- [AsyncResolver-bootstrap-executor-0] com.netflix.discovery.shared.resolver.aws.ConfigClusterResolver Line:43  - Resolving eureka endpoints via configuration
2020-07-04 21:23:49.012 INFO  --- [AsyncResolver-bootstrap-executor-0] com.netflix.discovery.shared.resolver.aws.ConfigClusterResolver Line:43  - Resolving eureka endpoints via configuration
2020-07-04 21:28:49.015 INFO  --- [AsyncResolver-bootstrap-executor-0] com.netflix.discovery.shared.resolver.aws.ConfigClusterResolver Line:43  - Resolving eureka endpoints via configuration
2020-07-04 21:33:49.016 INFO  --- [AsyncResolver-bootstrap-executor-0] com.netflix.discovery.shared.resolver.aws.ConfigClusterResolver Line:43  - Resolving eureka endpoints via configuration
2020-07-04 21:38:49.021 INFO  --- [AsyncResolver-bootstrap-executor-0] com.netflix.discovery.shared.resolver.aws.ConfigClusterResolver Line:43  - Resolving eureka endpoints via configuration
2020-07-04 21:43:41.003 INFO  --- [AsyncResolver-bootstrap-executor-0] com.netflix.discovery.shared.resolver.aws.ConfigClusterResolver Line:43  - Resolving eureka endpoints via configuration
