2020-05-29 00:01:19.765 INFO  --- [AsyncResolver-bootstrap-executor-0] com.netflix.discovery.shared.resolver.aws.ConfigClusterResolver Line:43  - Resolving eureka endpoints via configuration
2020-05-29 00:06:19.775 INFO  --- [AsyncResolver-bootstrap-executor-0] com.netflix.discovery.shared.resolver.aws.ConfigClusterResolver Line:43  - Resolving eureka endpoints via configuration
2020-05-29 00:11:19.794 INFO  --- [AsyncResolver-bootstrap-executor-0] com.netflix.discovery.shared.resolver.aws.ConfigClusterResolver Line:43  - Resolving eureka endpoints via configuration
2020-05-29 00:16:19.796 INFO  --- [AsyncResolver-bootstrap-executor-0] com.netflix.discovery.shared.resolver.aws.ConfigClusterResolver Line:43  - Resolving eureka endpoints via configuration
2020-05-29 00:21:19.799 INFO  --- [AsyncResolver-bootstrap-executor-0] com.netflix.discovery.shared.resolver.aws.ConfigClusterResolver Line:43  - Resolving eureka endpoints via configuration
2020-05-29 00:26:19.800 INFO  --- [AsyncResolver-bootstrap-executor-0] com.netflix.discovery.shared.resolver.aws.ConfigClusterResolver Line:43  - Resolving eureka endpoints via configuration
2020-05-29 00:27:07.082 INFO  --- [DiscoveryClient-InstanceInfoReplicator-0] com.netflix.discovery.DiscoveryClient Line:844 - DiscoveryClient_SERVICE/DESKTOP-CTAQJKR.bbrouter:service:8762: registering service...
2020-05-29 00:27:07.110 INFO  --- [Thread-11] com.alibaba.druid.pool.DruidDataSource Line:1825 - {dataSource-1} closed
2020-05-29 00:27:07.112 INFO  --- [Thread-11] com.netflix.discovery.DiscoveryClient Line:906 - Shutting down DiscoveryClient ...
2020-05-29 00:27:10.116 INFO  --- [Thread-11] com.netflix.discovery.DiscoveryClient Line:940 - Unregistering ...
2020-05-29 00:27:14.147 INFO  --- [Thread-11] com.netflix.discovery.DiscoveryClient Line:929 - Completed shut down of DiscoveryClient
2020-05-29 23:08:17.501 INFO  --- [restartedMain] com.vtu.ServiceApplication Line:652 - The following profiles are active: dev
2020-05-29 23:08:19.782 INFO  --- [restartedMain] org.apache.coyote.http11.Http11NioProtocol Line:173 - Initializing ProtocolHandler ["http-nio-8762"]
2020-05-29 23:08:19.782 INFO  --- [restartedMain] org.apache.catalina.core.StandardService Line:173 - Starting service [Tomcat]
2020-05-29 23:08:19.798 INFO  --- [restartedMain] org.apache.catalina.core.StandardEngine Line:173 - Starting Servlet engine: [Apache Tomcat/9.0.26]
2020-05-29 23:08:19.954 INFO  --- [restartedMain] org.apache.catalina.core.ContainerBase.[Tomcat].[localhost].[/] Line:173 - Initializing Spring embedded WebApplicationContext
2020-05-29 23:08:20.329 INFO  --- [restartedMain] com.alibaba.druid.spring.boot.autoconfigure.DruidDataSourceAutoConfigure Line:56  - Init DruidDataSource
2020-05-29 23:08:21.845 INFO  --- [restartedMain] com.alibaba.druid.pool.DruidDataSource Line:930 - {dataSource-1} inited
2020-05-29 23:08:22.610 INFO  --- [restartedMain] com.netflix.config.sources.URLConfigurationSource Line:126 - URLs to be used as dynamic configuration source: [file:/E:/works/shopsystem/service/target/classes/config.properties]
2020-05-29 23:08:22.626 INFO  --- [restartedMain] com.netflix.config.sources.URLConfigurationSource Line:126 - URLs to be used as dynamic configuration source: [file:/E:/works/shopsystem/service/target/classes/config.properties]
2020-05-29 23:08:24.688 INFO  --- [restartedMain] com.netflix.discovery.DiscoveryClient Line:365 - Initializing Eureka in region us-east-1
2020-05-29 23:08:24.813 INFO  --- [restartedMain] com.netflix.discovery.provider.DiscoveryJerseyProvider Line:70  - Using JSON encoding codec LegacyJacksonJson
2020-05-29 23:08:24.813 INFO  --- [restartedMain] com.netflix.discovery.provider.DiscoveryJerseyProvider Line:71  - Using JSON decoding codec LegacyJacksonJson
2020-05-29 23:08:25.001 INFO  --- [restartedMain] com.netflix.discovery.provider.DiscoveryJerseyProvider Line:80  - Using XML encoding codec XStreamXml
2020-05-29 23:08:25.001 INFO  --- [restartedMain] com.netflix.discovery.provider.DiscoveryJerseyProvider Line:81  - Using XML decoding codec XStreamXml
2020-05-29 23:08:25.501 INFO  --- [restartedMain] com.netflix.discovery.shared.resolver.aws.ConfigClusterResolver Line:43  - Resolving eureka endpoints via configuration
2020-05-29 23:08:25.766 INFO  --- [restartedMain] com.netflix.discovery.DiscoveryClient Line:976 - Disable delta property : false
2020-05-29 23:08:25.766 INFO  --- [restartedMain] com.netflix.discovery.DiscoveryClient Line:977 - Single vip registry refresh property : null
2020-05-29 23:08:25.766 INFO  --- [restartedMain] com.netflix.discovery.DiscoveryClient Line:978 - Force full registry fetch : false
2020-05-29 23:08:25.766 INFO  --- [restartedMain] com.netflix.discovery.DiscoveryClient Line:979 - Application is null : false
2020-05-29 23:08:25.766 INFO  --- [restartedMain] com.netflix.discovery.DiscoveryClient Line:980 - Registered Applications size is zero : true
2020-05-29 23:08:25.766 INFO  --- [restartedMain] com.netflix.discovery.DiscoveryClient Line:982 - Application version is -1: true
2020-05-29 23:08:25.766 INFO  --- [restartedMain] com.netflix.discovery.DiscoveryClient Line:1065 - Getting all instance registry info from the eureka server
2020-05-29 23:08:26.063 INFO  --- [restartedMain] com.netflix.discovery.DiscoveryClient Line:1074 - The response status is 200
2020-05-29 23:08:26.063 INFO  --- [restartedMain] com.netflix.discovery.DiscoveryClient Line:1288 - Starting heartbeat executor: renew interval is: 30
2020-05-29 23:08:26.063 INFO  --- [restartedMain] com.netflix.discovery.InstanceInfoReplicator Line:60  - InstanceInfoReplicator onDemand update allowed rate per min is 4
2020-05-29 23:08:26.079 INFO  --- [restartedMain] com.netflix.discovery.DiscoveryClient Line:465 - Discovery Client initialized at timestamp 1590764906079 with initial instances count: 0
2020-05-29 23:08:26.079 INFO  --- [restartedMain] com.netflix.discovery.DiscoveryClient Line:1323 - Saw local status change event StatusChangeEvent [timestamp=1590764906079, current=UP, previous=STARTING]
2020-05-29 23:08:26.079 INFO  --- [DiscoveryClient-InstanceInfoReplicator-0] com.netflix.discovery.DiscoveryClient Line:844 - DiscoveryClient_SERVICE/DESKTOP-CTAQJKR.bbrouter:service:8762: registering service...
2020-05-29 23:08:26.110 INFO  --- [restartedMain] org.apache.coyote.http11.Http11NioProtocol Line:173 - Starting ProtocolHandler ["http-nio-8762"]
2020-05-29 23:08:26.266 INFO  --- [DiscoveryClient-InstanceInfoReplicator-0] com.netflix.discovery.DiscoveryClient Line:853 - DiscoveryClient_SERVICE/DESKTOP-CTAQJKR.bbrouter:service:8762 - registration status: 204
2020-05-29 23:08:26.532 INFO  --- [restartedMain] com.vtu.ServiceApplication Line:59  - Started ServiceApplication in 12.004 seconds (JVM running for 15.269)
2020-05-29 23:08:56.072 INFO  --- [DiscoveryClient-CacheRefreshExecutor-0] com.netflix.discovery.DiscoveryClient Line:976 - Disable delta property : false
2020-05-29 23:08:56.072 INFO  --- [DiscoveryClient-CacheRefreshExecutor-0] com.netflix.discovery.DiscoveryClient Line:977 - Single vip registry refresh property : null
2020-05-29 23:08:56.072 INFO  --- [DiscoveryClient-CacheRefreshExecutor-0] com.netflix.discovery.DiscoveryClient Line:978 - Force full registry fetch : false
2020-05-29 23:08:56.072 INFO  --- [DiscoveryClient-CacheRefreshExecutor-0] com.netflix.discovery.DiscoveryClient Line:979 - Application is null : false
2020-05-29 23:08:56.072 INFO  --- [DiscoveryClient-CacheRefreshExecutor-0] com.netflix.discovery.DiscoveryClient Line:980 - Registered Applications size is zero : true
2020-05-29 23:08:56.072 INFO  --- [DiscoveryClient-CacheRefreshExecutor-0] com.netflix.discovery.DiscoveryClient Line:982 - Application version is -1: false
2020-05-29 23:08:56.072 INFO  --- [DiscoveryClient-CacheRefreshExecutor-0] com.netflix.discovery.DiscoveryClient Line:1065 - Getting all instance registry info from the eureka server
2020-05-29 23:08:56.150 INFO  --- [DiscoveryClient-CacheRefreshExecutor-0] com.netflix.discovery.DiscoveryClient Line:1074 - The response status is 200
2020-05-29 23:10:01.983 INFO  --- [http-nio-8762-exec-10] org.apache.catalina.core.ContainerBase.[Tomcat].[localhost].[/] Line:173 - Initializing Spring DispatcherServlet 'dispatcherServlet'
2020-05-29 23:13:25.790 INFO  --- [AsyncResolver-bootstrap-executor-0] com.netflix.discovery.shared.resolver.aws.ConfigClusterResolver Line:43  - Resolving eureka endpoints via configuration
2020-05-29 23:18:25.806 INFO  --- [AsyncResolver-bootstrap-executor-0] com.netflix.discovery.shared.resolver.aws.ConfigClusterResolver Line:43  - Resolving eureka endpoints via configuration
2020-05-29 23:23:25.814 INFO  --- [AsyncResolver-bootstrap-executor-0] com.netflix.discovery.shared.resolver.aws.ConfigClusterResolver Line:43  - Resolving eureka endpoints via configuration
2020-05-29 23:28:25.819 INFO  --- [AsyncResolver-bootstrap-executor-0] com.netflix.discovery.shared.resolver.aws.ConfigClusterResolver Line:43  - Resolving eureka endpoints via configuration
2020-05-29 23:33:25.832 INFO  --- [AsyncResolver-bootstrap-executor-0] com.netflix.discovery.shared.resolver.aws.ConfigClusterResolver Line:43  - Resolving eureka endpoints via configuration
2020-05-29 23:38:25.836 INFO  --- [AsyncResolver-bootstrap-executor-0] com.netflix.discovery.shared.resolver.aws.ConfigClusterResolver Line:43  - Resolving eureka endpoints via configuration
2020-05-29 23:43:25.850 INFO  --- [AsyncResolver-bootstrap-executor-0] com.netflix.discovery.shared.resolver.aws.ConfigClusterResolver Line:43  - Resolving eureka endpoints via configuration
2020-05-29 23:48:25.854 INFO  --- [AsyncResolver-bootstrap-executor-0] com.netflix.discovery.shared.resolver.aws.ConfigClusterResolver Line:43  - Resolving eureka endpoints via configuration
2020-05-29 23:53:25.855 INFO  --- [AsyncResolver-bootstrap-executor-0] com.netflix.discovery.shared.resolver.aws.ConfigClusterResolver Line:43  - Resolving eureka endpoints via configuration
2020-05-29 23:58:25.867 INFO  --- [AsyncResolver-bootstrap-executor-0] com.netflix.discovery.shared.resolver.aws.ConfigClusterResolver Line:43  - Resolving eureka endpoints via configuration
