2020-05-24 21:17:28.414 INFO  --- [main] com.vtu.web.util.AliyunTest Line:652 - The following profiles are active: dev
2020-05-24 21:17:32.133 INFO  --- [main] com.netflix.config.sources.URLConfigurationSource Line:122 - To enable URLs as dynamic configuration sources, define System property archaius.configurationSource.additionalUrls or make config.properties available on classpath.
2020-05-24 21:17:32.143 INFO  --- [main] com.netflix.config.sources.URLConfigurationSource Line:122 - To enable URLs as dynamic configuration sources, define System property archaius.configurationSource.additionalUrls or make config.properties available on classpath.
2020-05-24 21:17:35.678 INFO  --- [main] com.vtu.web.util.AliyunTest Line:59  - Started AliyunTest in 10.13 seconds (JVM running for 11.769)
2020-05-24 21:17:36.954 INFO  --- [main] com.netflix.config.ChainedDynamicProperty Line:115 - Flipping property: service.ribbon.ActiveConnectionsLimit to use NEXT property: niws.loadbalancer.availabilityFilteringRule.activeConnectionsLimit = 2147483647
2020-05-24 21:17:37.015 INFO  --- [main] com.netflix.util.concurrent.ShutdownEnabledTimer Line:58  - Shutdown hook installed for: NFLoadBalancer-PingTimer-service
2020-05-24 21:17:37.019 INFO  --- [main] com.netflix.loadbalancer.BaseLoadBalancer Line:197 - Client: service instantiated a LoadBalancer: DynamicServerListLoadBalancer:{NFLoadBalancer:name=service,current list of Servers=[],Load balancer stats=Zone stats: {},Server stats: []}ServerList:null
2020-05-24 21:17:37.032 INFO  --- [main] com.netflix.loadbalancer.DynamicServerListLoadBalancer Line:222 - Using serverListUpdater PollingServerListUpdater
2020-05-24 21:17:37.076 INFO  --- [main] com.netflix.discovery.DiscoveryClient Line:365 - Initializing Eureka in region us-east-1
2020-05-24 21:17:37.134 INFO  --- [main] com.netflix.discovery.provider.DiscoveryJerseyProvider Line:70  - Using JSON encoding codec LegacyJacksonJson
2020-05-24 21:17:37.136 INFO  --- [main] com.netflix.discovery.provider.DiscoveryJerseyProvider Line:71  - Using JSON decoding codec LegacyJacksonJson
2020-05-24 21:17:37.369 INFO  --- [main] com.netflix.discovery.provider.DiscoveryJerseyProvider Line:80  - Using XML encoding codec XStreamXml
2020-05-24 21:17:37.372 INFO  --- [main] com.netflix.discovery.provider.DiscoveryJerseyProvider Line:81  - Using XML decoding codec XStreamXml
2020-05-24 21:17:37.749 INFO  --- [main] com.netflix.discovery.shared.resolver.aws.ConfigClusterResolver Line:43  - Resolving eureka endpoints via configuration
2020-05-24 21:17:38.244 INFO  --- [main] com.netflix.discovery.DiscoveryClient Line:976 - Disable delta property : false
2020-05-24 21:17:38.247 INFO  --- [main] com.netflix.discovery.DiscoveryClient Line:977 - Single vip registry refresh property : null
2020-05-24 21:17:38.249 INFO  --- [main] com.netflix.discovery.DiscoveryClient Line:978 - Force full registry fetch : false
2020-05-24 21:17:38.250 INFO  --- [main] com.netflix.discovery.DiscoveryClient Line:979 - Application is null : false
2020-05-24 21:17:38.252 INFO  --- [main] com.netflix.discovery.DiscoveryClient Line:980 - Registered Applications size is zero : true
2020-05-24 21:17:38.253 INFO  --- [main] com.netflix.discovery.DiscoveryClient Line:982 - Application version is -1: true
2020-05-24 21:17:38.255 INFO  --- [main] com.netflix.discovery.DiscoveryClient Line:1065 - Getting all instance registry info from the eureka server
2020-05-24 21:17:38.526 INFO  --- [main] com.netflix.discovery.DiscoveryClient Line:1074 - The response status is 200
2020-05-24 21:17:38.532 INFO  --- [main] com.netflix.discovery.DiscoveryClient Line:1288 - Starting heartbeat executor: renew interval is: 30
2020-05-24 21:17:38.538 INFO  --- [main] com.netflix.discovery.InstanceInfoReplicator Line:60  - InstanceInfoReplicator onDemand update allowed rate per min is 4
2020-05-24 21:17:38.547 INFO  --- [main] com.netflix.discovery.DiscoveryClient Line:465 - Discovery Client initialized at timestamp 1590326258544 with initial instances count: 1
2020-05-24 21:17:38.586 INFO  --- [main] com.netflix.loadbalancer.DynamicServerListLoadBalancer Line:150 - DynamicServerListLoadBalancer for client service initialized: DynamicServerListLoadBalancer:{NFLoadBalancer:name=service,current list of Servers=[],Load balancer stats=Zone stats: {},Server stats: [[Server:DESKTOP-CTAQJKR.bbrouter:8762;	Zone:defaultZone;	Total Requests:0;	Successive connection failure:0;	Total blackout seconds:0;	Last connection made:Thu Jan 01 08:00:00 CST 1970;	First connection made: Thu Jan 01 08:00:00 CST 1970;	Active Connections:0;	total failure count in last (1000) msecs:0;	average resp time:0.0;	90 percentile resp time:0.0;	95 percentile resp time:0.0;	min resp time:0.0;	max resp time:0.0;	stddev resp time:0.0]
]}ServerList:org.springframework.cloud.netflix.ribbon.eureka.DomainExtractingServerList@454e9d65
2020-05-24 21:17:38.592 INFO  --- [PollingServerListUpdater-0] com.netflix.config.ChainedDynamicProperty Line:115 - Flipping property: service.ribbon.ActiveConnectionsLimit to use NEXT property: niws.loadbalancer.availabilityFilteringRule.activeConnectionsLimit = 2147483647
2020-05-24 21:17:39.853 INFO  --- [main] com.aliyun.oss Line:1072 - Illegal file path: F:\vtuweb\videoOutput\1576676664674\synthesis\惊悚骷髅.png
