2020-04-14 00:40:38.878 INFO  --- [main] com.vtu.web.util.AliyunTest Line:652 - The following profiles are active: dev
2020-04-14 00:40:42.674 INFO  --- [main] com.netflix.config.sources.URLConfigurationSource Line:122 - To enable URLs as dynamic configuration sources, define System property archaius.configurationSource.additionalUrls or make config.properties available on classpath.
2020-04-14 00:40:42.674 INFO  --- [main] com.netflix.config.sources.URLConfigurationSource Line:122 - To enable URLs as dynamic configuration sources, define System property archaius.configurationSource.additionalUrls or make config.properties available on classpath.
2020-04-14 00:40:48.221 INFO  --- [main] com.vtu.web.util.AliyunTest Line:59  - Started AliyunTest in 11.718 seconds (JVM running for 13.2)
2020-04-14 00:40:49.252 INFO  --- [main] com.netflix.config.ChainedDynamicProperty Line:115 - Flipping property: service.ribbon.ActiveConnectionsLimit to use NEXT property: niws.loadbalancer.availabilityFilteringRule.activeConnectionsLimit = 2147483647
2020-04-14 00:40:49.315 INFO  --- [main] com.netflix.util.concurrent.ShutdownEnabledTimer Line:58  - Shutdown hook installed for: NFLoadBalancer-PingTimer-service
2020-04-14 00:40:49.315 INFO  --- [main] com.netflix.loadbalancer.BaseLoadBalancer Line:197 - Client: service instantiated a LoadBalancer: DynamicServerListLoadBalancer:{NFLoadBalancer:name=service,current list of Servers=[],Load balancer stats=Zone stats: {},Server stats: []}ServerList:null
2020-04-14 00:40:49.330 INFO  --- [main] com.netflix.loadbalancer.DynamicServerListLoadBalancer Line:222 - Using serverListUpdater PollingServerListUpdater
2020-04-14 00:40:49.361 INFO  --- [main] com.netflix.discovery.DiscoveryClient Line:365 - Initializing Eureka in region us-east-1
2020-04-14 00:40:49.408 INFO  --- [main] com.netflix.discovery.provider.DiscoveryJerseyProvider Line:70  - Using JSON encoding codec LegacyJacksonJson
2020-04-14 00:40:49.408 INFO  --- [main] com.netflix.discovery.provider.DiscoveryJerseyProvider Line:71  - Using JSON decoding codec LegacyJacksonJson
2020-04-14 00:40:49.611 INFO  --- [main] com.netflix.discovery.provider.DiscoveryJerseyProvider Line:80  - Using XML encoding codec XStreamXml
2020-04-14 00:40:49.611 INFO  --- [main] com.netflix.discovery.provider.DiscoveryJerseyProvider Line:81  - Using XML decoding codec XStreamXml
2020-04-14 00:40:49.971 INFO  --- [main] com.netflix.discovery.shared.resolver.aws.ConfigClusterResolver Line:43  - Resolving eureka endpoints via configuration
2020-04-14 00:40:50.440 INFO  --- [main] com.netflix.discovery.DiscoveryClient Line:976 - Disable delta property : false
2020-04-14 00:40:50.455 INFO  --- [main] com.netflix.discovery.DiscoveryClient Line:977 - Single vip registry refresh property : null
2020-04-14 00:40:50.455 INFO  --- [main] com.netflix.discovery.DiscoveryClient Line:978 - Force full registry fetch : false
2020-04-14 00:40:50.455 INFO  --- [main] com.netflix.discovery.DiscoveryClient Line:979 - Application is null : false
2020-04-14 00:40:50.455 INFO  --- [main] com.netflix.discovery.DiscoveryClient Line:980 - Registered Applications size is zero : true
2020-04-14 00:40:50.455 INFO  --- [main] com.netflix.discovery.DiscoveryClient Line:982 - Application version is -1: true
2020-04-14 00:40:50.455 INFO  --- [main] com.netflix.discovery.DiscoveryClient Line:1065 - Getting all instance registry info from the eureka server
2020-04-14 00:40:54.679 INFO  --- [main] com.netflix.discovery.DiscoveryClient Line:1288 - Starting heartbeat executor: renew interval is: 30
2020-04-14 00:40:54.679 INFO  --- [main] com.netflix.discovery.InstanceInfoReplicator Line:60  - InstanceInfoReplicator onDemand update allowed rate per min is 4
2020-04-14 00:40:54.695 INFO  --- [main] com.netflix.discovery.DiscoveryClient Line:465 - Discovery Client initialized at timestamp 1586796054679 with initial instances count: 0
2020-04-14 00:40:54.695 INFO  --- [main] com.netflix.loadbalancer.DynamicServerListLoadBalancer Line:150 - DynamicServerListLoadBalancer for client service initialized: DynamicServerListLoadBalancer:{NFLoadBalancer:name=service,current list of Servers=[],Load balancer stats=Zone stats: {},Server stats: []}ServerList:org.springframework.cloud.netflix.ribbon.eureka.DomainExtractingServerList@61836cd9
2020-04-14 00:40:57.023 INFO  --- [main] com.aliyun.oss Line:1072 - Illegal file path: F:\vtuweb\videoOutput\1576676664674\synthesis\惊悚骷髅.png
2020-04-14 00:41:24.685 INFO  --- [DiscoveryClient-CacheRefreshExecutor-0] com.netflix.discovery.DiscoveryClient Line:976 - Disable delta property : false
2020-04-14 00:41:24.685 INFO  --- [DiscoveryClient-CacheRefreshExecutor-0] com.netflix.discovery.DiscoveryClient Line:977 - Single vip registry refresh property : null
2020-04-14 00:41:24.700 INFO  --- [DiscoveryClient-CacheRefreshExecutor-0] com.netflix.discovery.DiscoveryClient Line:978 - Force full registry fetch : false
2020-04-14 00:41:24.700 INFO  --- [DiscoveryClient-CacheRefreshExecutor-0] com.netflix.discovery.DiscoveryClient Line:979 - Application is null : false
2020-04-14 00:41:24.700 INFO  --- [DiscoveryClient-CacheRefreshExecutor-0] com.netflix.discovery.DiscoveryClient Line:980 - Registered Applications size is zero : true
2020-04-14 00:41:24.700 INFO  --- [DiscoveryClient-CacheRefreshExecutor-0] com.netflix.discovery.DiscoveryClient Line:982 - Application version is -1: true
2020-04-14 00:41:24.716 INFO  --- [DiscoveryClient-CacheRefreshExecutor-0] com.netflix.discovery.DiscoveryClient Line:1065 - Getting all instance registry info from the eureka server
2020-04-14 00:43:16.629 INFO  --- [main] com.vtu.web.util.AliyunTest Line:652 - The following profiles are active: dev
2020-04-14 00:43:21.803 INFO  --- [main] com.netflix.config.sources.URLConfigurationSource Line:122 - To enable URLs as dynamic configuration sources, define System property archaius.configurationSource.additionalUrls or make config.properties available on classpath.
2020-04-14 00:43:21.819 INFO  --- [main] com.netflix.config.sources.URLConfigurationSource Line:122 - To enable URLs as dynamic configuration sources, define System property archaius.configurationSource.additionalUrls or make config.properties available on classpath.
2020-04-14 00:43:25.160 INFO  --- [main] com.vtu.web.util.AliyunTest Line:59  - Started AliyunTest in 12.797 seconds (JVM running for 14.373)
2020-04-14 00:43:26.254 INFO  --- [main] com.netflix.config.ChainedDynamicProperty Line:115 - Flipping property: service.ribbon.ActiveConnectionsLimit to use NEXT property: niws.loadbalancer.availabilityFilteringRule.activeConnectionsLimit = 2147483647
2020-04-14 00:43:26.301 INFO  --- [main] com.netflix.util.concurrent.ShutdownEnabledTimer Line:58  - Shutdown hook installed for: NFLoadBalancer-PingTimer-service
2020-04-14 00:43:26.317 INFO  --- [main] com.netflix.loadbalancer.BaseLoadBalancer Line:197 - Client: service instantiated a LoadBalancer: DynamicServerListLoadBalancer:{NFLoadBalancer:name=service,current list of Servers=[],Load balancer stats=Zone stats: {},Server stats: []}ServerList:null
2020-04-14 00:43:26.317 INFO  --- [main] com.netflix.loadbalancer.DynamicServerListLoadBalancer Line:222 - Using serverListUpdater PollingServerListUpdater
2020-04-14 00:43:26.364 INFO  --- [main] com.netflix.discovery.DiscoveryClient Line:365 - Initializing Eureka in region us-east-1
2020-04-14 00:43:26.426 INFO  --- [main] com.netflix.discovery.provider.DiscoveryJerseyProvider Line:70  - Using JSON encoding codec LegacyJacksonJson
2020-04-14 00:43:26.426 INFO  --- [main] com.netflix.discovery.provider.DiscoveryJerseyProvider Line:71  - Using JSON decoding codec LegacyJacksonJson
2020-04-14 00:43:26.957 INFO  --- [main] com.netflix.discovery.provider.DiscoveryJerseyProvider Line:80  - Using XML encoding codec XStreamXml
2020-04-14 00:43:26.957 INFO  --- [main] com.netflix.discovery.provider.DiscoveryJerseyProvider Line:81  - Using XML decoding codec XStreamXml
2020-04-14 00:43:30.254 INFO  --- [main] com.netflix.discovery.shared.resolver.aws.ConfigClusterResolver Line:43  - Resolving eureka endpoints via configuration
2020-04-14 00:43:31.192 INFO  --- [main] com.netflix.discovery.DiscoveryClient Line:976 - Disable delta property : false
2020-04-14 00:43:31.192 INFO  --- [main] com.netflix.discovery.DiscoveryClient Line:977 - Single vip registry refresh property : null
2020-04-14 00:43:31.192 INFO  --- [main] com.netflix.discovery.DiscoveryClient Line:978 - Force full registry fetch : false
2020-04-14 00:43:31.192 INFO  --- [main] com.netflix.discovery.DiscoveryClient Line:979 - Application is null : false
2020-04-14 00:43:31.192 INFO  --- [main] com.netflix.discovery.DiscoveryClient Line:980 - Registered Applications size is zero : true
2020-04-14 00:43:31.192 INFO  --- [main] com.netflix.discovery.DiscoveryClient Line:982 - Application version is -1: true
2020-04-14 00:43:31.192 INFO  --- [main] com.netflix.discovery.DiscoveryClient Line:1065 - Getting all instance registry info from the eureka server
2020-04-14 00:43:35.609 INFO  --- [main] com.netflix.discovery.DiscoveryClient Line:1288 - Starting heartbeat executor: renew interval is: 30
2020-04-14 00:43:35.609 INFO  --- [main] com.netflix.discovery.InstanceInfoReplicator Line:60  - InstanceInfoReplicator onDemand update allowed rate per min is 4
2020-04-14 00:43:35.625 INFO  --- [main] com.netflix.discovery.DiscoveryClient Line:465 - Discovery Client initialized at timestamp 1586796215625 with initial instances count: 0
2020-04-14 00:43:35.656 INFO  --- [main] com.netflix.loadbalancer.DynamicServerListLoadBalancer Line:150 - DynamicServerListLoadBalancer for client service initialized: DynamicServerListLoadBalancer:{NFLoadBalancer:name=service,current list of Servers=[],Load balancer stats=Zone stats: {},Server stats: []}ServerList:org.springframework.cloud.netflix.ribbon.eureka.DomainExtractingServerList@35a9e665
2020-04-14 00:43:37.031 INFO  --- [main] com.aliyun.oss Line:1072 - Illegal file path: F:\vtuweb\videoOutput\1576676664674\synthesis\惊悚骷髅.png
2020-04-14 00:43:37.062 INFO  --- [main] com.vtu.web.util.MediaUtil Line:297 - --- 待执行的FFmpeg指令为：---[ffmpeg, -version]
2020-04-14 00:43:38.306 INFO  --- [Thread-10] com.netflix.loadbalancer.PollingServerListUpdater Line:53  - Shutting down the Executor Pool for PollingServerListUpdater
2020-04-14 00:43:38.306 INFO  --- [DiscoveryClient-InstanceInfoReplicator-0] com.netflix.discovery.DiscoveryClient Line:844 - DiscoveryClient_WEB/DESKTOP-CTAQJKR.bbrouter:web:-1: registering service...
2020-04-14 00:43:38.369 INFO  --- [Thread-6] com.netflix.util.concurrent.ShutdownEnabledTimer Line:67  - Shutdown hook removed for: NFLoadBalancer-PingTimer-service
2020-04-14 00:43:38.369 INFO  --- [Thread-6] com.netflix.util.concurrent.ShutdownEnabledTimer Line:72  - Exception caught (might be ok if at shutdown)
java.lang.IllegalStateException: Shutdown in progress
	at java.lang.ApplicationShutdownHooks.remove(ApplicationShutdownHooks.java:82)
	at java.lang.Runtime.removeShutdownHook(Runtime.java:239)
	at com.netflix.util.concurrent.ShutdownEnabledTimer.cancel(ShutdownEnabledTimer.java:70)
	at com.netflix.loadbalancer.BaseLoadBalancer.cancelPingTask(BaseLoadBalancer.java:632)
	at com.netflix.loadbalancer.BaseLoadBalancer.shutdown(BaseLoadBalancer.java:883)
	at com.netflix.loadbalancer.DynamicServerListLoadBalancer.shutdown(DynamicServerListLoadBalancer.java:285)
	at sun.reflect.NativeMethodAccessorImpl.invoke0(Native Method)
	at sun.reflect.NativeMethodAccessorImpl.invoke(NativeMethodAccessorImpl.java:62)
	at sun.reflect.DelegatingMethodAccessorImpl.invoke(DelegatingMethodAccessorImpl.java:43)
	at java.lang.reflect.Method.invoke(Method.java:498)
	at org.springframework.beans.factory.support.DisposableBeanAdapter.invokeCustomDestroyMethod(DisposableBeanAdapter.java:339)
	at org.springframework.beans.factory.support.DisposableBeanAdapter.destroy(DisposableBeanAdapter.java:273)
	at org.springframework.beans.factory.support.DefaultSingletonBeanRegistry.destroyBean(DefaultSingletonBeanRegistry.java:571)
	at org.springframework.beans.factory.support.DefaultSingletonBeanRegistry.destroySingleton(DefaultSingletonBeanRegistry.java:543)
	at org.springframework.beans.factory.support.DefaultListableBeanFactory.destroySingleton(DefaultListableBeanFactory.java:1040)
	at org.springframework.beans.factory.support.DefaultSingletonBeanRegistry.destroySingletons(DefaultSingletonBeanRegistry.java:504)
	at org.springframework.beans.factory.support.DefaultListableBeanFactory.destroySingletons(DefaultListableBeanFactory.java:1033)
	at org.springframework.context.support.AbstractApplicationContext.destroyBeans(AbstractApplicationContext.java:1057)
	at org.springframework.context.support.AbstractApplicationContext.doClose(AbstractApplicationContext.java:1026)
	at org.springframework.context.support.AbstractApplicationContext.close(AbstractApplicationContext.java:975)
	at org.springframework.cloud.context.named.NamedContextFactory.destroy(NamedContextFactory.java:92)
	at org.springframework.beans.factory.support.DisposableBeanAdapter.destroy(DisposableBeanAdapter.java:258)
	at org.springframework.beans.factory.support.DefaultSingletonBeanRegistry.destroyBean(DefaultSingletonBeanRegistry.java:571)
	at org.springframework.beans.factory.support.DefaultSingletonBeanRegistry.destroySingleton(DefaultSingletonBeanRegistry.java:543)
	at org.springframework.beans.factory.support.DefaultListableBeanFactory.destroySingleton(DefaultListableBeanFactory.java:1040)
	at org.springframework.beans.factory.support.DefaultSingletonBeanRegistry.destroySingletons(DefaultSingletonBeanRegistry.java:504)
	at org.springframework.beans.factory.support.DefaultListableBeanFactory.destroySingletons(DefaultListableBeanFactory.java:1033)
	at org.springframework.context.support.AbstractApplicationContext.destroyBeans(AbstractApplicationContext.java:1057)
	at org.springframework.context.support.AbstractApplicationContext.doClose(AbstractApplicationContext.java:1026)
	at org.springframework.context.support.AbstractApplicationContext$1.run(AbstractApplicationContext.java:945)
2020-04-14 00:43:38.369 INFO  --- [Thread-6] com.netflix.discovery.DiscoveryClient Line:906 - Shutting down DiscoveryClient ...
2020-04-14 00:43:41.384 INFO  --- [Thread-6] com.netflix.discovery.DiscoveryClient Line:940 - Unregistering ...
2020-04-14 00:43:45.572 INFO  --- [Thread-6] com.netflix.discovery.DiscoveryClient Line:929 - Completed shut down of DiscoveryClient
