2020-10-06 00:22:50.772 WARN  --- [Thread-31] com.netflix.discovery.DiscoveryClient Line:1321 - Saw local status change event StatusChangeEvent [timestamp=1601914970772, current=DOWN, previous=UP]
2020-10-06 00:22:54.857 WARN  --- [DiscoveryClient-InstanceInfoReplicator-0] com.netflix.discovery.shared.transport.decorator.RetryableEurekaHttpClient Line:130 - Request execution failed with message: java.net.ConnectException: Connection refused: connect
2020-10-06 00:22:58.016 WARN  --- [Thread-31] com.netflix.discovery.shared.transport.decorator.RetryableEurekaHttpClient Line:130 - Request execution failed with message: java.net.ConnectException: Connection refused: connect
2020-10-06 00:22:59.108 WARN  --- [DiscoveryClient-InstanceInfoReplicator-0] com.netflix.discovery.shared.transport.decorator.RetryableEurekaHttpClient Line:130 - Request execution failed with message: java.net.ConnectException: Connection refused: connect
2020-10-06 00:22:59.118 WARN  --- [DiscoveryClient-InstanceInfoReplicator-0] com.netflix.discovery.DiscoveryClient Line:849 - DiscoveryClient_SERVICE/DESKTOP-CTAQJKR:service:8762 - registration failed Cannot execute request on any known server
com.netflix.discovery.shared.transport.TransportException: Cannot execute request on any known server
	at com.netflix.discovery.shared.transport.decorator.RetryableEurekaHttpClient.execute(RetryableEurekaHttpClient.java:112)
	at com.netflix.discovery.shared.transport.decorator.EurekaHttpClientDecorator.register(EurekaHttpClientDecorator.java:56)
	at com.netflix.discovery.shared.transport.decorator.EurekaHttpClientDecorator$1.execute(EurekaHttpClientDecorator.java:59)
	at com.netflix.discovery.shared.transport.decorator.SessionedEurekaHttpClient.execute(SessionedEurekaHttpClient.java:77)
	at com.netflix.discovery.shared.transport.decorator.EurekaHttpClientDecorator.register(EurekaHttpClientDecorator.java:56)
	at com.netflix.discovery.DiscoveryClient.register(DiscoveryClient.java:847)
	at com.netflix.discovery.InstanceInfoReplicator.run(InstanceInfoReplicator.java:121)
	at com.netflix.discovery.InstanceInfoReplicator$1.run(InstanceInfoReplicator.java:101)
	at java.util.concurrent.Executors$RunnableAdapter.call(Executors.java:511)
	at java.util.concurrent.FutureTask.run$$$capture(FutureTask.java:266)
	at java.util.concurrent.FutureTask.run(FutureTask.java)
	at java.util.concurrent.ScheduledThreadPoolExecutor$ScheduledFutureTask.access$201(ScheduledThreadPoolExecutor.java:180)
	at java.util.concurrent.ScheduledThreadPoolExecutor$ScheduledFutureTask.run(ScheduledThreadPoolExecutor.java:293)
	at java.util.concurrent.ThreadPoolExecutor.runWorker(ThreadPoolExecutor.java:1149)
	at java.util.concurrent.ThreadPoolExecutor$Worker.run(ThreadPoolExecutor.java:624)
	at java.lang.Thread.run(Thread.java:748)
2020-10-06 00:22:59.118 WARN  --- [DiscoveryClient-InstanceInfoReplicator-0] com.netflix.discovery.InstanceInfoReplicator Line:125 - There was a problem with the instance info replicator
com.netflix.discovery.shared.transport.TransportException: Cannot execute request on any known server
	at com.netflix.discovery.shared.transport.decorator.RetryableEurekaHttpClient.execute(RetryableEurekaHttpClient.java:112)
	at com.netflix.discovery.shared.transport.decorator.EurekaHttpClientDecorator.register(EurekaHttpClientDecorator.java:56)
	at com.netflix.discovery.shared.transport.decorator.EurekaHttpClientDecorator$1.execute(EurekaHttpClientDecorator.java:59)
	at com.netflix.discovery.shared.transport.decorator.SessionedEurekaHttpClient.execute(SessionedEurekaHttpClient.java:77)
	at com.netflix.discovery.shared.transport.decorator.EurekaHttpClientDecorator.register(EurekaHttpClientDecorator.java:56)
	at com.netflix.discovery.DiscoveryClient.register(DiscoveryClient.java:847)
	at com.netflix.discovery.InstanceInfoReplicator.run(InstanceInfoReplicator.java:121)
	at com.netflix.discovery.InstanceInfoReplicator$1.run(InstanceInfoReplicator.java:101)
	at java.util.concurrent.Executors$RunnableAdapter.call(Executors.java:511)
	at java.util.concurrent.FutureTask.run$$$capture(FutureTask.java:266)
	at java.util.concurrent.FutureTask.run(FutureTask.java)
	at java.util.concurrent.ScheduledThreadPoolExecutor$ScheduledFutureTask.access$201(ScheduledThreadPoolExecutor.java:180)
	at java.util.concurrent.ScheduledThreadPoolExecutor$ScheduledFutureTask.run(ScheduledThreadPoolExecutor.java:293)
	at java.util.concurrent.ThreadPoolExecutor.runWorker(ThreadPoolExecutor.java:1149)
	at java.util.concurrent.ThreadPoolExecutor$Worker.run(ThreadPoolExecutor.java:624)
	at java.lang.Thread.run(Thread.java:748)
2020-10-06 00:23:02.246 WARN  --- [Thread-31] com.netflix.discovery.shared.transport.decorator.RetryableEurekaHttpClient Line:130 - Request execution failed with message: java.net.ConnectException: Connection refused: connect
2020-10-06 01:23:07.959 WARN  --- [restartedMain] org.springframework.boot.web.servlet.context.AnnotationConfigServletWebServerApplicationContext Line:557 - Exception encountered during context initialization - cancelling refresh attempt: org.springframework.beans.factory.BeanCreationException: Error creating bean with name 'requestMappingHandlerMapping' defined in class path resource [org/springframework/boot/autoconfigure/web/servlet/WebMvcAutoConfiguration$EnableWebMvcConfiguration.class]: Invocation of init method failed; nested exception is java.lang.IllegalStateException: Ambiguous mapping. Cannot map 'commentsController' method 
public java.util.List<com.vtu.model.CommentWithChild> com.vtu.controller.CommentsController.selectBYWorksId(com.vtu.model.Comments)
to { /addComments}: There is already 'commentsController' bean method
public com.vtu.model.BaseResult com.vtu.controller.CommentsController.addComments(com.vtu.model.Comments) mapped.
2020-10-06 01:24:24.605 WARN  --- [restartedMain] org.springframework.boot.devtools.autoconfigure.OptionalLiveReloadServer Line:60  - Unable to start LiveReload server
2020-10-06 02:36:54.527 WARN  --- [Thread-11] com.netflix.discovery.DiscoveryClient Line:1321 - Saw local status change event StatusChangeEvent [timestamp=1601923014526, current=DOWN, previous=UP]
2020-10-06 02:37:14.170 WARN  --- [restartedMain] org.springframework.boot.devtools.autoconfigure.OptionalLiveReloadServer Line:60  - Unable to start LiveReload server
2020-10-06 02:42:15.535 WARN  --- [Thread-11] com.netflix.discovery.DiscoveryClient Line:1321 - Saw local status change event StatusChangeEvent [timestamp=1601923335535, current=DOWN, previous=UP]
2020-10-06 02:42:18.569 WARN  --- [DiscoveryClient-0] com.netflix.discovery.TimedSupervisorTask Line:88  - task supervisor shutting down, can't accept the task
2020-10-06 02:42:33.040 WARN  --- [restartedMain] org.springframework.boot.devtools.autoconfigure.OptionalLiveReloadServer Line:60  - Unable to start LiveReload server
2020-10-06 02:55:43.372 WARN  --- [Thread-11] com.netflix.discovery.DiscoveryClient Line:1321 - Saw local status change event StatusChangeEvent [timestamp=1601924143372, current=DOWN, previous=UP]
2020-10-06 02:56:01.393 WARN  --- [restartedMain] org.springframework.boot.devtools.autoconfigure.OptionalLiveReloadServer Line:60  - Unable to start LiveReload server
2020-10-06 03:50:56.189 WARN  --- [Thread-2] com.netflix.discovery.DiscoveryClient Line:1321 - Saw local status change event StatusChangeEvent [timestamp=1601927456189, current=DOWN, previous=UP]
2020-10-06 03:51:08.914 WARN  --- [restartedMain] org.springframework.boot.devtools.autoconfigure.OptionalLiveReloadServer Line:60  - Unable to start LiveReload server
2020-10-06 03:52:43.355 WARN  --- [Thread-12] com.netflix.discovery.DiscoveryClient Line:1321 - Saw local status change event StatusChangeEvent [timestamp=1601927563354, current=DOWN, previous=UP]
2020-10-06 03:52:53.380 WARN  --- [restartedMain] org.springframework.boot.devtools.autoconfigure.OptionalLiveReloadServer Line:60  - Unable to start LiveReload server
2020-10-06 03:53:46.904 WARN  --- [Thread-22] com.netflix.discovery.DiscoveryClient Line:1321 - Saw local status change event StatusChangeEvent [timestamp=1601927626904, current=DOWN, previous=UP]
2020-10-06 03:53:58.352 WARN  --- [restartedMain] org.springframework.boot.devtools.autoconfigure.OptionalLiveReloadServer Line:60  - Unable to start LiveReload server
2020-10-06 04:00:04.717 WARN  --- [Thread-32] com.netflix.discovery.DiscoveryClient Line:1321 - Saw local status change event StatusChangeEvent [timestamp=1601928004717, current=DOWN, previous=UP]
2020-10-06 04:00:18.414 WARN  --- [restartedMain] org.springframework.boot.devtools.autoconfigure.OptionalLiveReloadServer Line:60  - Unable to start LiveReload server
2020-10-06 04:05:44.097 WARN  --- [Thread-42] com.netflix.discovery.DiscoveryClient Line:1321 - Saw local status change event StatusChangeEvent [timestamp=1601928344097, current=DOWN, previous=UP]
2020-10-06 04:05:55.360 WARN  --- [restartedMain] org.springframework.boot.devtools.autoconfigure.OptionalLiveReloadServer Line:60  - Unable to start LiveReload server
2020-10-06 04:06:18.518 WARN  --- [Thread-61] com.netflix.discovery.DiscoveryClient Line:1321 - Saw local status change event StatusChangeEvent [timestamp=1601928378518, current=DOWN, previous=UP]
2020-10-06 04:06:32.494 WARN  --- [restartedMain] org.springframework.boot.devtools.autoconfigure.OptionalLiveReloadServer Line:60  - Unable to start LiveReload server
2020-10-06 04:40:55.947 WARN  --- [Thread-11] com.netflix.discovery.DiscoveryClient Line:1321 - Saw local status change event StatusChangeEvent [timestamp=1601930455947, current=DOWN, previous=UP]
2020-10-06 04:41:27.111 WARN  --- [restartedMain] org.springframework.boot.devtools.autoconfigure.OptionalLiveReloadServer Line:60  - Unable to start LiveReload server
2020-10-06 04:51:03.169 WARN  --- [Thread-11] com.netflix.discovery.DiscoveryClient Line:1321 - Saw local status change event StatusChangeEvent [timestamp=1601931063169, current=DOWN, previous=UP]
