2020-11-15 15:39:29.199 WARN  --- [restartedMain] org.springframework.boot.web.servlet.context.AnnotationConfigServletWebServerApplicationContext Line:557 - Exception encountered during context initialization - cancelling refresh attempt: org.springframework.beans.factory.UnsatisfiedDependencyException: Error creating bean with name 'aliPayController': Unsatisfied dependency expressed through field 'aliPayService'; nested exception is org.springframework.beans.factory.UnsatisfiedDependencyException: Error creating bean with name 'aliPayServiceImpl': Unsatisfied dependency expressed through field 'alipayOrderMapper'; nested exception is org.springframework.beans.factory.UnsatisfiedDependencyException: Error creating bean with name 'alipayOrderMapper' defined in file [E:\works\shopsystem\service\target\classes\com\vtu\mapper\AlipayOrderMapper.class]: Unsatisfied dependency expressed through bean property 'sqlSessionFactory'; nested exception is org.springframework.beans.factory.UnsatisfiedDependencyException: Error creating bean with name 'sqlSessionFactory' defined in class path resource [org/mybatis/spring/boot/autoconfigure/MybatisAutoConfiguration.class]: Unsatisfied dependency expressed through method 'sqlSessionFactory' parameter 0; nested exception is org.springframework.beans.factory.BeanCreationException: Error creating bean with name 'dataSource' defined in class path resource [com/alibaba/druid/spring/boot/autoconfigure/DruidDataSourceAutoConfigure.class]: Invocation of init method failed; nested exception is com.mysql.cj.jdbc.exceptions.CommunicationsException: Communications link failure

The last packet sent successfully to the server was 0 milliseconds ago. The driver has not received any packets from the server.
2020-11-15 15:40:43.858 WARN  --- [restartedMain] org.springframework.boot.web.servlet.context.AnnotationConfigServletWebServerApplicationContext Line:557 - Exception encountered during context initialization - cancelling refresh attempt: org.springframework.beans.factory.BeanCreationException: Error creating bean with name 'requestMappingHandlerMapping' defined in class path resource [org/springframework/boot/autoconfigure/web/servlet/WebMvcAutoConfiguration$EnableWebMvcConfiguration.class]: Invocation of init method failed; nested exception is java.lang.IllegalStateException: Ambiguous mapping. Cannot map 'commentsController' method 
public com.vtu.model.BaseResult com.vtu.controller.CommentsController.delComments(com.vtu.model.Comments)
to { /delComments}: There is already 'commentsController' bean method
public com.vtu.model.BaseResult com.vtu.controller.CommentsController.submitApply(com.vtu.model.Comments) mapped.
2020-11-15 15:44:30.122 WARN  --- [restartedMain] org.springframework.boot.web.servlet.context.AnnotationConfigServletWebServerApplicationContext Line:557 - Exception encountered during context initialization - cancelling refresh attempt: org.springframework.beans.factory.BeanCreationException: Error creating bean with name 'requestMappingHandlerMapping' defined in class path resource [org/springframework/boot/autoconfigure/web/servlet/WebMvcAutoConfiguration$EnableWebMvcConfiguration.class]: Invocation of init method failed; nested exception is java.lang.IllegalStateException: Ambiguous mapping. Cannot map 'commentsController' method 
public com.vtu.model.BaseResult com.vtu.controller.CommentsController.delComments(com.vtu.model.Comments)
to { /delComments}: There is already 'commentsController' bean method
public com.vtu.model.BaseResult com.vtu.controller.CommentsController.submitApply(com.vtu.model.Comments) mapped.
2020-11-15 15:46:03.422 WARN  --- [restartedMain] org.springframework.boot.web.servlet.context.AnnotationConfigServletWebServerApplicationContext Line:557 - Exception encountered during context initialization - cancelling refresh attempt: org.springframework.beans.factory.BeanCreationException: Error creating bean with name 'requestMappingHandlerMapping' defined in class path resource [org/springframework/boot/autoconfigure/web/servlet/WebMvcAutoConfiguration$EnableWebMvcConfiguration.class]: Invocation of init method failed; nested exception is java.lang.IllegalStateException: Ambiguous mapping. Cannot map 'commentsController' method 
public com.vtu.model.BaseResult com.vtu.controller.CommentsController.submitApply(com.vtu.model.Comments)
to { /delComments}: There is already 'commentsController' bean method
public com.vtu.model.BaseResult com.vtu.controller.CommentsController.delComments(com.vtu.model.Comments) mapped.
2020-11-15 15:47:31.177 WARN  --- [restartedMain] org.springframework.boot.web.servlet.context.AnnotationConfigServletWebServerApplicationContext Line:557 - Exception encountered during context initialization - cancelling refresh attempt: org.springframework.beans.factory.BeanCreationException: Error creating bean with name 'requestMappingHandlerMapping' defined in class path resource [org/springframework/boot/autoconfigure/web/servlet/WebMvcAutoConfiguration$EnableWebMvcConfiguration.class]: Invocation of init method failed; nested exception is java.lang.IllegalStateException: Ambiguous mapping. Cannot map 'commentsController' method 
public com.vtu.model.BaseResult com.vtu.controller.CommentsController.submitApply(com.vtu.model.Comments)
to { /delComments}: There is already 'commentsController' bean method
public com.vtu.model.BaseResult com.vtu.controller.CommentsController.delComments(com.vtu.model.Comments) mapped.
2020-11-15 15:49:31.332 WARN  --- [restartedMain] org.springframework.boot.devtools.autoconfigure.OptionalLiveReloadServer Line:60  - Unable to start LiveReload server
2020-11-15 16:47:03.711 WARN  --- [Thread-31] com.netflix.discovery.DiscoveryClient Line:1321 - Saw local status change event StatusChangeEvent [timestamp=1605430023711, current=DOWN, previous=UP]
2020-11-15 16:47:24.126 WARN  --- [restartedMain] org.springframework.boot.devtools.autoconfigure.OptionalLiveReloadServer Line:60  - Unable to start LiveReload server
2020-11-15 18:02:43.942 WARN  --- [Thread-2] com.netflix.discovery.DiscoveryClient Line:1321 - Saw local status change event StatusChangeEvent [timestamp=1605434563942, current=DOWN, previous=UP]
2020-11-15 18:02:51.016 WARN  --- [restartedMain] org.springframework.boot.devtools.autoconfigure.OptionalLiveReloadServer Line:60  - Unable to start LiveReload server
2020-11-15 18:13:53.560 WARN  --- [Thread-48] com.netflix.discovery.DiscoveryClient Line:1321 - Saw local status change event StatusChangeEvent [timestamp=1605435233560, current=DOWN, previous=UP]
2020-11-15 18:14:11.959 WARN  --- [restartedMain] org.springframework.boot.devtools.autoconfigure.OptionalLiveReloadServer Line:60  - Unable to start LiveReload server
2020-11-15 23:25:46.177 WARN  --- [Thread-2] com.netflix.discovery.DiscoveryClient Line:1321 - Saw local status change event StatusChangeEvent [timestamp=1605453946177, current=DOWN, previous=UP]
2020-11-15 23:25:58.495 WARN  --- [restartedMain] org.springframework.boot.devtools.autoconfigure.OptionalLiveReloadServer Line:60  - Unable to start LiveReload server
