2020-11-11 22:15:11.854 INFO  --- [restartedMain] com.vtu.mange.ManageApplication Line:648 - No active profile set, falling back to default profiles: default
2020-11-11 22:15:14.541 INFO  --- [restartedMain] org.apache.coyote.http11.Http11NioProtocol Line:173 - Initializing ProtocolHandler ["http-nio-8766"]
2020-11-11 22:15:14.557 INFO  --- [restartedMain] org.apache.catalina.core.StandardService Line:173 - Starting service [Tomcat]
2020-11-11 22:15:14.557 INFO  --- [restartedMain] org.apache.catalina.core.StandardEngine Line:173 - Starting Servlet engine: [Apache Tomcat/9.0.26]
2020-11-11 22:15:14.900 INFO  --- [restartedMain] org.apache.catalina.core.ContainerBase.[Tomcat].[localhost].[/] Line:173 - Initializing Spring embedded WebApplicationContext
2020-11-11 22:15:15.557 INFO  --- [restartedMain] com.netflix.config.sources.URLConfigurationSource Line:122 - To enable URLs as dynamic configuration sources, define System property archaius.configurationSource.additionalUrls or make config.properties available on classpath.
2020-11-11 22:15:15.572 INFO  --- [restartedMain] com.netflix.config.sources.URLConfigurationSource Line:122 - To enable URLs as dynamic configuration sources, define System property archaius.configurationSource.additionalUrls or make config.properties available on classpath.
2020-11-11 22:15:18.182 INFO  --- [restartedMain] com.netflix.discovery.DiscoveryClient Line:365 - Initializing Eureka in region us-east-1
2020-11-11 22:15:18.681 INFO  --- [restartedMain] com.netflix.discovery.provider.DiscoveryJerseyProvider Line:70  - Using JSON encoding codec LegacyJacksonJson
2020-11-11 22:15:18.681 INFO  --- [restartedMain] com.netflix.discovery.provider.DiscoveryJerseyProvider Line:71  - Using JSON decoding codec LegacyJacksonJson
2020-11-11 22:15:18.838 INFO  --- [restartedMain] com.netflix.discovery.provider.DiscoveryJerseyProvider Line:80  - Using XML encoding codec XStreamXml
2020-11-11 22:15:18.838 INFO  --- [restartedMain] com.netflix.discovery.provider.DiscoveryJerseyProvider Line:81  - Using XML decoding codec XStreamXml
2020-11-11 22:15:19.228 INFO  --- [restartedMain] com.netflix.discovery.shared.resolver.aws.ConfigClusterResolver Line:43  - Resolving eureka endpoints via configuration
2020-11-11 22:15:19.416 INFO  --- [restartedMain] com.netflix.discovery.DiscoveryClient Line:976 - Disable delta property : false
2020-11-11 22:15:19.416 INFO  --- [restartedMain] com.netflix.discovery.DiscoveryClient Line:977 - Single vip registry refresh property : null
2020-11-11 22:15:19.416 INFO  --- [restartedMain] com.netflix.discovery.DiscoveryClient Line:978 - Force full registry fetch : false
2020-11-11 22:15:19.416 INFO  --- [restartedMain] com.netflix.discovery.DiscoveryClient Line:979 - Application is null : false
2020-11-11 22:15:19.416 INFO  --- [restartedMain] com.netflix.discovery.DiscoveryClient Line:980 - Registered Applications size is zero : true
2020-11-11 22:15:19.416 INFO  --- [restartedMain] com.netflix.discovery.DiscoveryClient Line:982 - Application version is -1: true
2020-11-11 22:15:19.416 INFO  --- [restartedMain] com.netflix.discovery.DiscoveryClient Line:1065 - Getting all instance registry info from the eureka server
2020-11-11 22:15:19.635 INFO  --- [restartedMain] com.netflix.discovery.DiscoveryClient Line:1074 - The response status is 200
2020-11-11 22:15:19.635 INFO  --- [restartedMain] com.netflix.discovery.DiscoveryClient Line:1288 - Starting heartbeat executor: renew interval is: 30
2020-11-11 22:15:19.635 INFO  --- [restartedMain] com.netflix.discovery.InstanceInfoReplicator Line:60  - InstanceInfoReplicator onDemand update allowed rate per min is 4
2020-11-11 22:15:19.650 INFO  --- [restartedMain] com.netflix.discovery.DiscoveryClient Line:465 - Discovery Client initialized at timestamp 1605104119650 with initial instances count: 1
2020-11-11 22:15:19.650 INFO  --- [restartedMain] com.netflix.discovery.DiscoveryClient Line:1323 - Saw local status change event StatusChangeEvent [timestamp=1605104119650, current=UP, previous=STARTING]
2020-11-11 22:15:19.650 INFO  --- [DiscoveryClient-InstanceInfoReplicator-0] com.netflix.discovery.DiscoveryClient Line:844 - DiscoveryClient_MANAGE/DESKTOP-CTAQJKR:manage:8766: registering service...
2020-11-11 22:15:19.666 INFO  --- [restartedMain] org.apache.coyote.http11.Http11NioProtocol Line:173 - Starting ProtocolHandler ["http-nio-8766"]
2020-11-11 22:15:19.713 INFO  --- [DiscoveryClient-InstanceInfoReplicator-0] com.netflix.discovery.DiscoveryClient Line:853 - DiscoveryClient_MANAGE/DESKTOP-CTAQJKR:manage:8766 - registration status: 204
2020-11-11 22:15:20.010 INFO  --- [restartedMain] com.vtu.mange.ManageApplication Line:59  - Started ManageApplication in 11.016 seconds (JVM running for 13.887)
2020-11-11 22:15:20.306 INFO  --- [restartedMain] com.netflix.config.ChainedDynamicProperty Line:115 - Flipping property: service.ribbon.ActiveConnectionsLimit to use NEXT property: niws.loadbalancer.availabilityFilteringRule.activeConnectionsLimit = 2147483647
2020-11-11 22:15:20.369 INFO  --- [restartedMain] com.netflix.util.concurrent.ShutdownEnabledTimer Line:58  - Shutdown hook installed for: NFLoadBalancer-PingTimer-service
2020-11-11 22:15:20.369 INFO  --- [restartedMain] com.netflix.loadbalancer.BaseLoadBalancer Line:197 - Client: service instantiated a LoadBalancer: DynamicServerListLoadBalancer:{NFLoadBalancer:name=service,current list of Servers=[],Load balancer stats=Zone stats: {},Server stats: []}ServerList:null
2020-11-11 22:15:20.385 INFO  --- [restartedMain] com.netflix.loadbalancer.DynamicServerListLoadBalancer Line:222 - Using serverListUpdater PollingServerListUpdater
2020-11-11 22:15:20.431 INFO  --- [restartedMain] com.netflix.config.ChainedDynamicProperty Line:115 - Flipping property: service.ribbon.ActiveConnectionsLimit to use NEXT property: niws.loadbalancer.availabilityFilteringRule.activeConnectionsLimit = 2147483647
2020-11-11 22:15:20.431 INFO  --- [restartedMain] com.netflix.loadbalancer.DynamicServerListLoadBalancer Line:150 - DynamicServerListLoadBalancer for client service initialized: DynamicServerListLoadBalancer:{NFLoadBalancer:name=service,current list of Servers=[DESKTOP-CTAQJKR:8762],Load balancer stats=Zone stats: {defaultzone=[Zone:defaultzone;	Instance count:1;	Active connections count: 0;	Circuit breaker tripped count: 0;	Active connections per server: 0.0;]
},Server stats: [[Server:DESKTOP-CTAQJKR:8762;	Zone:defaultZone;	Total Requests:0;	Successive connection failure:0;	Total blackout seconds:0;	Last connection made:Thu Jan 01 08:00:00 CST 1970;	First connection made: Thu Jan 01 08:00:00 CST 1970;	Active Connections:0;	total failure count in last (1000) msecs:0;	average resp time:0.0;	90 percentile resp time:0.0;	95 percentile resp time:0.0;	min resp time:0.0;	max resp time:0.0;	stddev resp time:0.0]
]}ServerList:org.springframework.cloud.netflix.ribbon.eureka.DomainExtractingServerList@2c9b075e
2020-11-11 22:15:21.416 INFO  --- [PollingServerListUpdater-0] com.netflix.config.ChainedDynamicProperty Line:115 - Flipping property: service.ribbon.ActiveConnectionsLimit to use NEXT property: niws.loadbalancer.availabilityFilteringRule.activeConnectionsLimit = 2147483647
2020-11-11 22:15:57.223 INFO  --- [http-nio-8766-exec-1] org.apache.catalina.core.ContainerBase.[Tomcat].[localhost].[/] Line:173 - Initializing Spring DispatcherServlet 'dispatcherServlet'
2020-11-11 22:15:57.279 INFO  --- [http-nio-8766-exec-1] com.vtu.mange.config.ManageInterceptor Line:22  - 未登录URL:/已被拦截
2020-11-11 22:15:59.655 INFO  --- [http-nio-8766-exec-2] com.vtu.mange.config.ManageInterceptor Line:22  - 未登录URL:/icon.png已被拦截
2020-11-11 22:20:19.457 INFO  --- [AsyncResolver-bootstrap-executor-0] com.netflix.discovery.shared.resolver.aws.ConfigClusterResolver Line:43  - Resolving eureka endpoints via configuration
2020-11-11 22:25:19.463 INFO  --- [AsyncResolver-bootstrap-executor-0] com.netflix.discovery.shared.resolver.aws.ConfigClusterResolver Line:43  - Resolving eureka endpoints via configuration
2020-11-11 22:30:19.469 INFO  --- [AsyncResolver-bootstrap-executor-0] com.netflix.discovery.shared.resolver.aws.ConfigClusterResolver Line:43  - Resolving eureka endpoints via configuration
2020-11-11 22:35:19.480 INFO  --- [AsyncResolver-bootstrap-executor-0] com.netflix.discovery.shared.resolver.aws.ConfigClusterResolver Line:43  - Resolving eureka endpoints via configuration
2020-11-11 22:40:19.498 INFO  --- [AsyncResolver-bootstrap-executor-0] com.netflix.discovery.shared.resolver.aws.ConfigClusterResolver Line:43  - Resolving eureka endpoints via configuration
2020-11-11 22:45:19.517 INFO  --- [AsyncResolver-bootstrap-executor-0] com.netflix.discovery.shared.resolver.aws.ConfigClusterResolver Line:43  - Resolving eureka endpoints via configuration
2020-11-11 22:50:19.524 INFO  --- [AsyncResolver-bootstrap-executor-0] com.netflix.discovery.shared.resolver.aws.ConfigClusterResolver Line:43  - Resolving eureka endpoints via configuration
2020-11-11 22:55:19.530 INFO  --- [AsyncResolver-bootstrap-executor-0] com.netflix.discovery.shared.resolver.aws.ConfigClusterResolver Line:43  - Resolving eureka endpoints via configuration
2020-11-11 23:00:19.536 INFO  --- [AsyncResolver-bootstrap-executor-0] com.netflix.discovery.shared.resolver.aws.ConfigClusterResolver Line:43  - Resolving eureka endpoints via configuration
2020-11-11 23:05:19.552 INFO  --- [AsyncResolver-bootstrap-executor-0] com.netflix.discovery.shared.resolver.aws.ConfigClusterResolver Line:43  - Resolving eureka endpoints via configuration
2020-11-11 23:10:19.558 INFO  --- [AsyncResolver-bootstrap-executor-0] com.netflix.discovery.shared.resolver.aws.ConfigClusterResolver Line:43  - Resolving eureka endpoints via configuration
2020-11-11 23:15:19.568 INFO  --- [AsyncResolver-bootstrap-executor-0] com.netflix.discovery.shared.resolver.aws.ConfigClusterResolver Line:43  - Resolving eureka endpoints via configuration
2020-11-11 23:20:19.570 INFO  --- [AsyncResolver-bootstrap-executor-0] com.netflix.discovery.shared.resolver.aws.ConfigClusterResolver Line:43  - Resolving eureka endpoints via configuration
2020-11-11 23:25:19.573 INFO  --- [AsyncResolver-bootstrap-executor-0] com.netflix.discovery.shared.resolver.aws.ConfigClusterResolver Line:43  - Resolving eureka endpoints via configuration
2020-11-11 23:30:19.577 INFO  --- [AsyncResolver-bootstrap-executor-0] com.netflix.discovery.shared.resolver.aws.ConfigClusterResolver Line:43  - Resolving eureka endpoints via configuration
2020-11-11 23:35:19.579 INFO  --- [AsyncResolver-bootstrap-executor-0] com.netflix.discovery.shared.resolver.aws.ConfigClusterResolver Line:43  - Resolving eureka endpoints via configuration
2020-11-11 23:40:19.582 INFO  --- [AsyncResolver-bootstrap-executor-0] com.netflix.discovery.shared.resolver.aws.ConfigClusterResolver Line:43  - Resolving eureka endpoints via configuration
2020-11-11 23:45:19.585 INFO  --- [AsyncResolver-bootstrap-executor-0] com.netflix.discovery.shared.resolver.aws.ConfigClusterResolver Line:43  - Resolving eureka endpoints via configuration
2020-11-11 23:50:19.587 INFO  --- [AsyncResolver-bootstrap-executor-0] com.netflix.discovery.shared.resolver.aws.ConfigClusterResolver Line:43  - Resolving eureka endpoints via configuration
2020-11-11 23:55:19.589 INFO  --- [AsyncResolver-bootstrap-executor-0] com.netflix.discovery.shared.resolver.aws.ConfigClusterResolver Line:43  - Resolving eureka endpoints via configuration
