2020-10-08 01:46:57.705 WARN  --- [Thread-23] com.netflix.discovery.DiscoveryClient Line:1321 - Saw local status change event StatusChangeEvent [timestamp=1602092817705, current=DOWN, previous=UP]
2020-10-08 15:26:38.153 WARN  --- [restartedMain] org.springframework.boot.devtools.autoconfigure.OptionalLiveReloadServer Line:60  - Unable to start LiveReload server
2020-10-08 15:26:38.496 WARN  --- [restartedMain] com.netflix.config.sources.URLConfigurationSource Line:121 - No URLs will be polled as dynamic configuration sources.
2020-10-08 15:26:38.501 WARN  --- [restartedMain] com.netflix.config.sources.URLConfigurationSource Line:121 - No URLs will be polled as dynamic configuration sources.
2020-10-08 20:09:08.178 WARN  --- [Thread-2] com.netflix.discovery.DiscoveryClient Line:1321 - Saw local status change event StatusChangeEvent [timestamp=1602158948178, current=DOWN, previous=UP]
2020-10-08 20:09:14.305 WARN  --- [restartedMain] org.springframework.boot.devtools.autoconfigure.OptionalLiveReloadServer Line:60  - Unable to start LiveReload server
2020-10-08 20:09:14.731 WARN  --- [restartedMain] com.netflix.config.sources.URLConfigurationSource Line:121 - No URLs will be polled as dynamic configuration sources.
2020-10-08 20:09:38.967 WARN  --- [Thread-15] com.netflix.discovery.DiscoveryClient Line:1321 - Saw local status change event StatusChangeEvent [timestamp=1602158978967, current=DOWN, previous=UP]
2020-10-08 20:09:42.934 WARN  --- [restartedMain] org.springframework.boot.devtools.autoconfigure.OptionalLiveReloadServer Line:60  - Unable to start LiveReload server
2020-10-08 20:09:43.259 WARN  --- [restartedMain] com.netflix.config.sources.URLConfigurationSource Line:121 - No URLs will be polled as dynamic configuration sources.
2020-10-08 20:11:14.799 WARN  --- [Thread-27] com.netflix.discovery.DiscoveryClient Line:1321 - Saw local status change event StatusChangeEvent [timestamp=1602159074799, current=DOWN, previous=UP]
2020-10-08 20:11:17.861 WARN  --- [DiscoveryClient-0] com.netflix.discovery.TimedSupervisorTask Line:88  - task supervisor shutting down, can't accept the task
2020-10-08 20:11:22.633 WARN  --- [restartedMain] org.springframework.boot.devtools.autoconfigure.OptionalLiveReloadServer Line:60  - Unable to start LiveReload server
2020-10-08 20:11:23.034 WARN  --- [restartedMain] com.netflix.config.sources.URLConfigurationSource Line:121 - No URLs will be polled as dynamic configuration sources.
2020-10-08 20:11:26.390 WARN  --- [Thread-39] com.netflix.discovery.DiscoveryClient Line:1321 - Saw local status change event StatusChangeEvent [timestamp=1602159086390, current=DOWN, previous=UP]
2020-10-08 20:11:31.637 WARN  --- [restartedMain] org.springframework.boot.devtools.autoconfigure.OptionalLiveReloadServer Line:60  - Unable to start LiveReload server
2020-10-08 20:11:31.916 WARN  --- [restartedMain] com.netflix.config.sources.URLConfigurationSource Line:121 - No URLs will be polled as dynamic configuration sources.
2020-10-08 20:11:40.315 WARN  --- [Thread-51] com.netflix.discovery.DiscoveryClient Line:1321 - Saw local status change event StatusChangeEvent [timestamp=1602159100315, current=DOWN, previous=UP]
2020-10-08 20:11:45.743 WARN  --- [restartedMain] org.springframework.boot.devtools.autoconfigure.OptionalLiveReloadServer Line:60  - Unable to start LiveReload server
2020-10-08 20:11:45.965 WARN  --- [restartedMain] com.netflix.config.sources.URLConfigurationSource Line:121 - No URLs will be polled as dynamic configuration sources.
2020-10-08 20:22:26.482 WARN  --- [Thread-63] com.netflix.discovery.DiscoveryClient Line:1321 - Saw local status change event StatusChangeEvent [timestamp=1602159746482, current=DOWN, previous=UP]
2020-10-08 20:22:31.807 WARN  --- [restartedMain] org.springframework.boot.devtools.autoconfigure.OptionalLiveReloadServer Line:60  - Unable to start LiveReload server
2020-10-08 20:22:31.989 WARN  --- [restartedMain] com.netflix.config.sources.URLConfigurationSource Line:121 - No URLs will be polled as dynamic configuration sources.
2020-10-08 20:24:20.398 WARN  --- [Thread-83] com.netflix.discovery.DiscoveryClient Line:1321 - Saw local status change event StatusChangeEvent [timestamp=1602159860398, current=DOWN, previous=UP]
2020-10-08 20:24:36.314 WARN  --- [restartedMain] org.springframework.boot.devtools.autoconfigure.OptionalLiveReloadServer Line:60  - Unable to start LiveReload server
2020-10-08 20:24:36.717 WARN  --- [restartedMain] com.netflix.config.sources.URLConfigurationSource Line:121 - No URLs will be polled as dynamic configuration sources.
2020-10-08 20:24:36.725 WARN  --- [restartedMain] com.netflix.config.sources.URLConfigurationSource Line:121 - No URLs will be polled as dynamic configuration sources.
2020-10-08 22:12:19.810 WARN  --- [Thread-2] com.netflix.discovery.DiscoveryClient Line:1321 - Saw local status change event StatusChangeEvent [timestamp=1602166339810, current=DOWN, previous=UP]
2020-10-08 22:12:27.057 WARN  --- [restartedMain] org.springframework.boot.devtools.autoconfigure.OptionalLiveReloadServer Line:60  - Unable to start LiveReload server
2020-10-08 22:12:27.282 WARN  --- [restartedMain] com.netflix.config.sources.URLConfigurationSource Line:121 - No URLs will be polled as dynamic configuration sources.
2020-10-08 22:12:34.691 WARN  --- [Thread-23] com.netflix.discovery.DiscoveryClient Line:1321 - Saw local status change event StatusChangeEvent [timestamp=1602166354691, current=DOWN, previous=UP]
2020-10-08 22:12:47.772 WARN  --- [restartedMain] org.springframework.boot.devtools.autoconfigure.OptionalLiveReloadServer Line:60  - Unable to start LiveReload server
2020-10-08 22:12:48.113 WARN  --- [restartedMain] com.netflix.config.sources.URLConfigurationSource Line:121 - No URLs will be polled as dynamic configuration sources.
2020-10-08 22:12:48.119 WARN  --- [restartedMain] com.netflix.config.sources.URLConfigurationSource Line:121 - No URLs will be polled as dynamic configuration sources.
2020-10-08 22:42:59.424 WARN  --- [Thread-2] com.netflix.discovery.DiscoveryClient Line:1321 - Saw local status change event StatusChangeEvent [timestamp=1602168179424, current=DOWN, previous=UP]
2020-10-08 22:43:06.272 WARN  --- [restartedMain] org.springframework.boot.devtools.autoconfigure.OptionalLiveReloadServer Line:60  - Unable to start LiveReload server
2020-10-08 22:43:06.970 WARN  --- [restartedMain] com.netflix.config.sources.URLConfigurationSource Line:121 - No URLs will be polled as dynamic configuration sources.
2020-10-08 23:12:05.194 WARN  --- [Thread-23] com.netflix.discovery.DiscoveryClient Line:1321 - Saw local status change event StatusChangeEvent [timestamp=1602169925194, current=DOWN, previous=UP]
2020-10-08 23:12:23.055 WARN  --- [restartedMain] org.springframework.boot.devtools.autoconfigure.OptionalLiveReloadServer Line:60  - Unable to start LiveReload server
2020-10-08 23:12:23.457 WARN  --- [restartedMain] com.netflix.config.sources.URLConfigurationSource Line:121 - No URLs will be polled as dynamic configuration sources.
2020-10-08 23:12:23.466 WARN  --- [restartedMain] com.netflix.config.sources.URLConfigurationSource Line:121 - No URLs will be polled as dynamic configuration sources.
2020-10-08 23:52:20.036 WARN  --- [Thread-10] com.netflix.discovery.DiscoveryClient Line:1321 - Saw local status change event StatusChangeEvent [timestamp=1602172340036, current=DOWN, previous=UP]
2020-10-08 23:52:24.064 WARN  --- [DiscoveryClient-InstanceInfoReplicator-0] com.netflix.discovery.shared.transport.decorator.RetryableEurekaHttpClient Line:130 - Request execution failed with message: java.net.ConnectException: Connection refused: connect
2020-10-08 23:52:27.145 WARN  --- [Thread-10] com.netflix.discovery.shared.transport.decorator.RetryableEurekaHttpClient Line:130 - Request execution failed with message: java.net.ConnectException: Connection refused: connect
2020-10-08 23:52:28.089 WARN  --- [DiscoveryClient-InstanceInfoReplicator-0] com.netflix.discovery.shared.transport.decorator.RetryableEurekaHttpClient Line:130 - Request execution failed with message: java.net.ConnectException: Connection refused: connect
2020-10-08 23:52:28.093 WARN  --- [DiscoveryClient-InstanceInfoReplicator-0] com.netflix.discovery.DiscoveryClient Line:849 - DiscoveryClient_WEB/DESKTOP-CTAQJKR:web:8765 - registration failed Cannot execute request on any known server
com.netflix.discovery.shared.transport.TransportException: Cannot execute request on any known server
	at com.netflix.discovery.shared.transport.decorator.RetryableEurekaHttpClient.execute(RetryableEurekaHttpClient.java:112)
	at com.netflix.discovery.shared.transport.decorator.EurekaHttpClientDecorator.register(EurekaHttpClientDecorator.java:56)
	at com.netflix.discovery.shared.transport.decorator.EurekaHttpClientDecorator$1.execute(EurekaHttpClientDecorator.java:59)
	at com.netflix.discovery.shared.transport.decorator.SessionedEurekaHttpClient.execute(SessionedEurekaHttpClient.java:77)
	at com.netflix.discovery.shared.transport.decorator.EurekaHttpClientDecorator.register(EurekaHttpClientDecorator.java:56)
	at com.netflix.discovery.DiscoveryClient.register(DiscoveryClient.java:847)
	at com.netflix.discovery.InstanceInfoReplicator.run(InstanceInfoReplicator.java:121)
	at com.netflix.discovery.InstanceInfoReplicator$1.run(InstanceInfoReplicator.java:101)
	at java.util.concurrent.Executors$RunnableAdapter.call(Executors.java:511)
	at java.util.concurrent.FutureTask.run$$$capture(FutureTask.java:266)
	at java.util.concurrent.FutureTask.run(FutureTask.java)
	at java.util.concurrent.ScheduledThreadPoolExecutor$ScheduledFutureTask.access$201(ScheduledThreadPoolExecutor.java:180)
	at java.util.concurrent.ScheduledThreadPoolExecutor$ScheduledFutureTask.run(ScheduledThreadPoolExecutor.java:293)
	at java.util.concurrent.ThreadPoolExecutor.runWorker(ThreadPoolExecutor.java:1149)
	at java.util.concurrent.ThreadPoolExecutor$Worker.run(ThreadPoolExecutor.java:624)
	at java.lang.Thread.run(Thread.java:748)
2020-10-08 23:52:28.095 WARN  --- [DiscoveryClient-InstanceInfoReplicator-0] com.netflix.discovery.InstanceInfoReplicator Line:125 - There was a problem with the instance info replicator
com.netflix.discovery.shared.transport.TransportException: Cannot execute request on any known server
	at com.netflix.discovery.shared.transport.decorator.RetryableEurekaHttpClient.execute(RetryableEurekaHttpClient.java:112)
	at com.netflix.discovery.shared.transport.decorator.EurekaHttpClientDecorator.register(EurekaHttpClientDecorator.java:56)
	at com.netflix.discovery.shared.transport.decorator.EurekaHttpClientDecorator$1.execute(EurekaHttpClientDecorator.java:59)
	at com.netflix.discovery.shared.transport.decorator.SessionedEurekaHttpClient.execute(SessionedEurekaHttpClient.java:77)
	at com.netflix.discovery.shared.transport.decorator.EurekaHttpClientDecorator.register(EurekaHttpClientDecorator.java:56)
	at com.netflix.discovery.DiscoveryClient.register(DiscoveryClient.java:847)
	at com.netflix.discovery.InstanceInfoReplicator.run(InstanceInfoReplicator.java:121)
	at com.netflix.discovery.InstanceInfoReplicator$1.run(InstanceInfoReplicator.java:101)
	at java.util.concurrent.Executors$RunnableAdapter.call(Executors.java:511)
	at java.util.concurrent.FutureTask.run$$$capture(FutureTask.java:266)
	at java.util.concurrent.FutureTask.run(FutureTask.java)
	at java.util.concurrent.ScheduledThreadPoolExecutor$ScheduledFutureTask.access$201(ScheduledThreadPoolExecutor.java:180)
	at java.util.concurrent.ScheduledThreadPoolExecutor$ScheduledFutureTask.run(ScheduledThreadPoolExecutor.java:293)
	at java.util.concurrent.ThreadPoolExecutor.runWorker(ThreadPoolExecutor.java:1149)
	at java.util.concurrent.ThreadPoolExecutor$Worker.run(ThreadPoolExecutor.java:624)
	at java.lang.Thread.run(Thread.java:748)
2020-10-08 23:52:31.153 WARN  --- [Thread-10] com.netflix.discovery.shared.transport.decorator.RetryableEurekaHttpClient Line:130 - Request execution failed with message: java.net.ConnectException: Connection refused: connect
