2020-12-28 22:34:33.256 WARN  --- [restartedMain] org.springframework.boot.devtools.autoconfigure.OptionalLiveReloadServer Line:60  - Unable to start LiveReload server
2020-12-28 22:34:33.756 WARN  --- [restartedMain] com.netflix.config.sources.URLConfigurationSource Line:121 - No URLs will be polled as dynamic configuration sources.
2020-12-28 22:34:33.756 WARN  --- [restartedMain] com.netflix.config.sources.URLConfigurationSource Line:121 - No URLs will be polled as dynamic configuration sources.
2020-12-28 22:52:16.521 WARN  --- [DiscoveryClient-0] com.netflix.discovery.TimedSupervisorTask Line:71  - task supervisor timed out
java.util.concurrent.TimeoutException: null
	at java.util.concurrent.FutureTask.get(FutureTask.java:205)
	at com.netflix.discovery.TimedSupervisorTask.run(TimedSupervisorTask.java:66)
	at java.util.concurrent.Executors$RunnableAdapter.call(Executors.java:511)
	at java.util.concurrent.FutureTask.run$$$capture(FutureTask.java:266)
	at java.util.concurrent.FutureTask.run(FutureTask.java)
	at java.util.concurrent.ScheduledThreadPoolExecutor$ScheduledFutureTask.access$201(ScheduledThreadPoolExecutor.java:180)
	at java.util.concurrent.ScheduledThreadPoolExecutor$ScheduledFutureTask.run(ScheduledThreadPoolExecutor.java:293)
	at java.util.concurrent.ThreadPoolExecutor.runWorker(ThreadPoolExecutor.java:1149)
	at java.util.concurrent.ThreadPoolExecutor$Worker.run(ThreadPoolExecutor.java:624)
	at java.lang.Thread.run(Thread.java:748)
2020-12-28 22:52:16.521 WARN  --- [DiscoveryClient-1] com.netflix.discovery.TimedSupervisorTask Line:71  - task supervisor timed out
java.util.concurrent.TimeoutException: null
	at java.util.concurrent.FutureTask.get(FutureTask.java:205)
	at com.netflix.discovery.TimedSupervisorTask.run(TimedSupervisorTask.java:66)
	at java.util.concurrent.Executors$RunnableAdapter.call(Executors.java:511)
	at java.util.concurrent.FutureTask.run$$$capture(FutureTask.java:266)
	at java.util.concurrent.FutureTask.run(FutureTask.java)
	at java.util.concurrent.ScheduledThreadPoolExecutor$ScheduledFutureTask.access$201(ScheduledThreadPoolExecutor.java:180)
	at java.util.concurrent.ScheduledThreadPoolExecutor$ScheduledFutureTask.run(ScheduledThreadPoolExecutor.java:293)
	at java.util.concurrent.ThreadPoolExecutor.runWorker(ThreadPoolExecutor.java:1149)
	at java.util.concurrent.ThreadPoolExecutor$Worker.run(ThreadPoolExecutor.java:624)
	at java.lang.Thread.run(Thread.java:748)
2020-12-28 22:52:16.552 WARN  --- [DiscoveryClient-HeartbeatExecutor-0] com.netflix.discovery.shared.transport.decorator.RetryableEurekaHttpClient Line:130 - Request execution failed with message: java.net.SocketException: Software caused connection abort: recv failed
2020-12-28 22:59:44.619 WARN  --- [Thread-3] com.netflix.discovery.DiscoveryClient Line:1321 - Saw local status change event StatusChangeEvent [timestamp=1609167584619, current=DOWN, previous=UP]
2020-12-28 22:59:50.440 WARN  --- [restartedMain] org.springframework.boot.devtools.autoconfigure.OptionalLiveReloadServer Line:60  - Unable to start LiveReload server
2020-12-28 22:59:50.674 WARN  --- [restartedMain] com.netflix.config.sources.URLConfigurationSource Line:121 - No URLs will be polled as dynamic configuration sources.
2020-12-28 23:09:02.373 WARN  --- [http-nio-8765-exec-3] com.aliyun.oss Line:70  - [Client]Unable to execute HTTP request: vtuweb.oss-cn-beijing.aliyuncs.com
[ErrorCode]: UnknownHost
[RequestId]: Unknown
2020-12-28 23:09:02.975 WARN  --- [http-nio-8765-exec-3] com.aliyun.oss Line:70  - [Client]Unable to execute HTTP request: vtuweb.oss-cn-beijing.aliyuncs.com
[ErrorCode]: UnknownHost
[RequestId]: Unknown
2020-12-28 23:09:04.176 WARN  --- [http-nio-8765-exec-3] com.aliyun.oss Line:70  - [Client]Unable to execute HTTP request: vtuweb.oss-cn-beijing.aliyuncs.com
[ErrorCode]: UnknownHost
[RequestId]: Unknown
2020-12-28 23:09:06.577 WARN  --- [http-nio-8765-exec-3] com.aliyun.oss Line:70  - [Client]Unable to execute HTTP request: vtuweb.oss-cn-beijing.aliyuncs.com
[ErrorCode]: UnknownHost
[RequestId]: Unknown
2020-12-28 23:09:53.778 WARN  --- [http-nio-8765-exec-1] com.aliyun.oss Line:70  - [Client]Unable to execute HTTP request: vtuweb.oss-cn-beijing.aliyuncs.com
[ErrorCode]: UnknownHost
[RequestId]: Unknown
2020-12-28 23:09:54.378 WARN  --- [http-nio-8765-exec-1] com.aliyun.oss Line:70  - [Client]Unable to execute HTTP request: vtuweb.oss-cn-beijing.aliyuncs.com
[ErrorCode]: UnknownHost
[RequestId]: Unknown
2020-12-28 23:09:55.580 WARN  --- [http-nio-8765-exec-1] com.aliyun.oss Line:70  - [Client]Unable to execute HTTP request: vtuweb.oss-cn-beijing.aliyuncs.com
[ErrorCode]: UnknownHost
[RequestId]: Unknown
2020-12-28 23:09:57.983 WARN  --- [http-nio-8765-exec-1] com.aliyun.oss Line:70  - [Client]Unable to execute HTTP request: vtuweb.oss-cn-beijing.aliyuncs.com
[ErrorCode]: UnknownHost
[RequestId]: Unknown
2020-12-28 23:11:05.152 WARN  --- [http-nio-8765-exec-5] com.aliyun.oss Line:70  - [Client]Unable to execute HTTP request: vtuweb.oss-cn-beijing.aliyuncs.com
[ErrorCode]: UnknownHost
[RequestId]: Unknown
2020-12-28 23:11:05.754 WARN  --- [http-nio-8765-exec-5] com.aliyun.oss Line:70  - [Client]Unable to execute HTTP request: vtuweb.oss-cn-beijing.aliyuncs.com
[ErrorCode]: UnknownHost
[RequestId]: Unknown
2020-12-28 23:11:06.956 WARN  --- [http-nio-8765-exec-5] com.aliyun.oss Line:70  - [Client]Unable to execute HTTP request: vtuweb.oss-cn-beijing.aliyuncs.com
[ErrorCode]: UnknownHost
[RequestId]: Unknown
2020-12-28 23:11:09.358 WARN  --- [http-nio-8765-exec-5] com.aliyun.oss Line:70  - [Client]Unable to execute HTTP request: vtuweb.oss-cn-beijing.aliyuncs.com
[ErrorCode]: UnknownHost
[RequestId]: Unknown
2020-12-28 23:12:26.450 WARN  --- [http-nio-8765-exec-7] com.aliyun.oss Line:70  - [Client]Unable to execute HTTP request: vtuweb.oss-cn-beijing.aliyuncs.com
[ErrorCode]: UnknownHost
[RequestId]: Unknown
2020-12-28 23:12:27.057 WARN  --- [http-nio-8765-exec-7] com.aliyun.oss Line:70  - [Client]Unable to execute HTTP request: vtuweb.oss-cn-beijing.aliyuncs.com
[ErrorCode]: UnknownHost
[RequestId]: Unknown
2020-12-28 23:12:28.265 WARN  --- [http-nio-8765-exec-7] com.aliyun.oss Line:70  - [Client]Unable to execute HTTP request: vtuweb.oss-cn-beijing.aliyuncs.com
[ErrorCode]: UnknownHost
[RequestId]: Unknown
2020-12-28 23:12:30.677 WARN  --- [http-nio-8765-exec-7] com.aliyun.oss Line:70  - [Client]Unable to execute HTTP request: vtuweb.oss-cn-beijing.aliyuncs.com
[ErrorCode]: UnknownHost
[RequestId]: Unknown
2020-12-28 23:14:12.403 WARN  --- [DiscoveryClient-1] com.netflix.discovery.TimedSupervisorTask Line:71  - task supervisor timed out
java.util.concurrent.TimeoutException: null
	at java.util.concurrent.FutureTask.get(FutureTask.java:205)
	at com.netflix.discovery.TimedSupervisorTask.run(TimedSupervisorTask.java:66)
	at java.util.concurrent.Executors$RunnableAdapter.call(Executors.java:511)
	at java.util.concurrent.FutureTask.run$$$capture(FutureTask.java:266)
	at java.util.concurrent.FutureTask.run(FutureTask.java)
	at java.util.concurrent.ScheduledThreadPoolExecutor$ScheduledFutureTask.access$201(ScheduledThreadPoolExecutor.java:180)
	at java.util.concurrent.ScheduledThreadPoolExecutor$ScheduledFutureTask.run(ScheduledThreadPoolExecutor.java:293)
	at java.util.concurrent.ThreadPoolExecutor.runWorker(ThreadPoolExecutor.java:1149)
	at java.util.concurrent.ThreadPoolExecutor$Worker.run(ThreadPoolExecutor.java:624)
	at java.lang.Thread.run(Thread.java:748)
2020-12-28 23:14:12.403 WARN  --- [DiscoveryClient-0] com.netflix.discovery.TimedSupervisorTask Line:71  - task supervisor timed out
java.util.concurrent.TimeoutException: null
	at java.util.concurrent.FutureTask.get(FutureTask.java:205)
	at com.netflix.discovery.TimedSupervisorTask.run(TimedSupervisorTask.java:66)
	at java.util.concurrent.Executors$RunnableAdapter.call(Executors.java:511)
	at java.util.concurrent.FutureTask.run$$$capture(FutureTask.java:266)
	at java.util.concurrent.FutureTask.run(FutureTask.java)
	at java.util.concurrent.ScheduledThreadPoolExecutor$ScheduledFutureTask.access$201(ScheduledThreadPoolExecutor.java:180)
	at java.util.concurrent.ScheduledThreadPoolExecutor$ScheduledFutureTask.run(ScheduledThreadPoolExecutor.java:293)
	at java.util.concurrent.ThreadPoolExecutor.runWorker(ThreadPoolExecutor.java:1149)
	at java.util.concurrent.ThreadPoolExecutor$Worker.run(ThreadPoolExecutor.java:624)
	at java.lang.Thread.run(Thread.java:748)
2020-12-28 23:14:12.442 WARN  --- [DiscoveryClient-CacheRefreshExecutor-0] com.netflix.discovery.shared.transport.decorator.RetryableEurekaHttpClient Line:130 - Request execution failed with message: com.fasterxml.jackson.core.JsonParseException: processing aborted
 at [Source: (GZIPInputStream); line: 1, column: 18]
2020-12-28 23:14:12.451 WARN  --- [DiscoveryClient-CacheRefreshExecutor-0] com.netflix.discovery.shared.transport.decorator.RetryableEurekaHttpClient Line:130 - Request execution failed with message: com.fasterxml.jackson.core.JsonParseException: processing aborted
 at [Source: (GZIPInputStream); line: 1, column: 18]
2020-12-28 23:16:04.807 WARN  --- [http-nio-8765-exec-4] com.aliyun.oss Line:70  - [Client]Unable to execute HTTP request: vtuweb.oss-cn-beijing.aliyuncs.com
[ErrorCode]: UnknownHost
[RequestId]: Unknown
2020-12-28 23:16:05.417 WARN  --- [http-nio-8765-exec-4] com.aliyun.oss Line:70  - [Client]Unable to execute HTTP request: vtuweb.oss-cn-beijing.aliyuncs.com
[ErrorCode]: UnknownHost
[RequestId]: Unknown
2020-12-28 23:16:06.620 WARN  --- [http-nio-8765-exec-4] com.aliyun.oss Line:70  - [Client]Unable to execute HTTP request: vtuweb.oss-cn-beijing.aliyuncs.com
[ErrorCode]: UnknownHost
[RequestId]: Unknown
2020-12-28 23:16:09.026 WARN  --- [http-nio-8765-exec-4] com.aliyun.oss Line:70  - [Client]Unable to execute HTTP request: vtuweb.oss-cn-beijing.aliyuncs.com
[ErrorCode]: UnknownHost
[RequestId]: Unknown
2020-12-28 23:17:04.188 WARN  --- [Thread-48] com.netflix.discovery.DiscoveryClient Line:1321 - Saw local status change event StatusChangeEvent [timestamp=1609168624188, current=DOWN, previous=UP]
2020-12-28 23:17:26.278 WARN  --- [restartedMain] org.springframework.boot.devtools.autoconfigure.OptionalLiveReloadServer Line:60  - Unable to start LiveReload server
2020-12-28 23:17:26.637 WARN  --- [restartedMain] com.netflix.config.sources.URLConfigurationSource Line:121 - No URLs will be polled as dynamic configuration sources.
2020-12-28 23:17:26.637 WARN  --- [restartedMain] com.netflix.config.sources.URLConfigurationSource Line:121 - No URLs will be polled as dynamic configuration sources.
2020-12-28 23:26:17.265 WARN  --- [Thread-29] com.netflix.discovery.DiscoveryClient Line:1321 - Saw local status change event StatusChangeEvent [timestamp=1609169177265, current=DOWN, previous=UP]
2020-12-28 23:26:31.229 WARN  --- [restartedMain] org.springframework.boot.devtools.autoconfigure.OptionalLiveReloadServer Line:60  - Unable to start LiveReload server
2020-12-28 23:26:31.685 WARN  --- [restartedMain] com.netflix.config.sources.URLConfigurationSource Line:121 - No URLs will be polled as dynamic configuration sources.
2020-12-28 23:26:31.691 WARN  --- [restartedMain] com.netflix.config.sources.URLConfigurationSource Line:121 - No URLs will be polled as dynamic configuration sources.
2020-12-28 23:40:29.870 WARN  --- [Thread-30] com.netflix.discovery.DiscoveryClient Line:1321 - Saw local status change event StatusChangeEvent [timestamp=1609170029870, current=DOWN, previous=UP]
