2020-08-02 00:00:21.937 WARN  --- [Thread-10] com.netflix.discovery.DiscoveryClient Line:1321 - Saw local status change event StatusChangeEvent [timestamp=1596297621937, current=DOWN, previous=UP]
2020-08-02 00:01:26.713 WARN  --- [restartedMain] org.springframework.boot.devtools.autoconfigure.OptionalLiveReloadServer Line:60  - Unable to start LiveReload server
2020-08-02 00:01:27.225 WARN  --- [restartedMain] com.netflix.config.sources.URLConfigurationSource Line:121 - No URLs will be polled as dynamic configuration sources.
2020-08-02 00:01:27.232 WARN  --- [restartedMain] com.netflix.config.sources.URLConfigurationSource Line:121 - No URLs will be polled as dynamic configuration sources.
2020-08-02 00:10:49.605 WARN  --- [Thread-2] com.netflix.discovery.DiscoveryClient Line:1321 - Saw local status change event StatusChangeEvent [timestamp=1596298249605, current=DOWN, previous=UP]
2020-08-02 00:10:50.752 WARN  --- [hystrix-service-9] org.springframework.context.annotation.AnnotationConfigApplicationContext Line:557 - Exception encountered during context initialization - cancelling refresh attempt: org.springframework.beans.factory.UnsatisfiedDependencyException: Error creating bean with name 'eurekaRibbonClientConfiguration': Unsatisfied dependency expressed through field 'eurekaConfig'; nested exception is org.springframework.beans.factory.BeanCreationNotAllowedException: Error creating bean with name 'eurekaInstanceConfigBean': Singleton bean creation not allowed while singletons of this factory are in destruction (Do not request a bean from a BeanFactory in a destroy method implementation!)
2020-08-02 00:10:51.617 WARN  --- [hystrix-service-9] org.springframework.context.annotation.AnnotationConfigApplicationContext Line:557 - Exception encountered during context initialization - cancelling refresh attempt: org.springframework.beans.factory.UnsatisfiedDependencyException: Error creating bean with name 'eurekaRibbonClientConfiguration': Unsatisfied dependency expressed through field 'eurekaConfig'; nested exception is org.springframework.beans.factory.BeanCreationNotAllowedException: Error creating bean with name 'eurekaInstanceConfigBean': Singleton bean creation not allowed while singletons of this factory are in destruction (Do not request a bean from a BeanFactory in a destroy method implementation!)
2020-08-02 00:10:51.688 WARN  --- [hystrix-service-10] org.springframework.context.annotation.AnnotationConfigApplicationContext Line:557 - Exception encountered during context initialization - cancelling refresh attempt: org.springframework.beans.factory.UnsatisfiedDependencyException: Error creating bean with name 'eurekaRibbonClientConfiguration': Unsatisfied dependency expressed through field 'eurekaConfig'; nested exception is org.springframework.beans.factory.BeanCreationNotAllowedException: Error creating bean with name 'eurekaInstanceConfigBean': Singleton bean creation not allowed while singletons of this factory are in destruction (Do not request a bean from a BeanFactory in a destroy method implementation!)
2020-08-02 00:10:51.757 WARN  --- [hystrix-service-8] org.springframework.context.annotation.AnnotationConfigApplicationContext Line:557 - Exception encountered during context initialization - cancelling refresh attempt: org.springframework.beans.factory.UnsatisfiedDependencyException: Error creating bean with name 'eurekaRibbonClientConfiguration': Unsatisfied dependency expressed through field 'eurekaConfig'; nested exception is org.springframework.beans.factory.BeanCreationNotAllowedException: Error creating bean with name 'eurekaInstanceConfigBean': Singleton bean creation not allowed while singletons of this factory are in destruction (Do not request a bean from a BeanFactory in a destroy method implementation!)
2020-08-02 00:14:48.987 WARN  --- [restartedMain] org.springframework.boot.devtools.autoconfigure.OptionalLiveReloadServer Line:60  - Unable to start LiveReload server
2020-08-02 00:14:49.333 WARN  --- [restartedMain] com.netflix.config.sources.URLConfigurationSource Line:121 - No URLs will be polled as dynamic configuration sources.
2020-08-02 00:14:49.338 WARN  --- [restartedMain] com.netflix.config.sources.URLConfigurationSource Line:121 - No URLs will be polled as dynamic configuration sources.
2020-08-02 00:16:17.579 WARN  --- [Thread-2] com.netflix.discovery.DiscoveryClient Line:1321 - Saw local status change event StatusChangeEvent [timestamp=1596298577579, current=DOWN, previous=UP]
2020-08-02 00:16:25.864 WARN  --- [restartedMain] org.springframework.boot.devtools.autoconfigure.OptionalLiveReloadServer Line:60  - Unable to start LiveReload server
2020-08-02 00:16:26.243 WARN  --- [restartedMain] com.netflix.config.sources.URLConfigurationSource Line:121 - No URLs will be polled as dynamic configuration sources.
2020-08-02 00:17:51.822 WARN  --- [Thread-25] com.netflix.discovery.DiscoveryClient Line:1321 - Saw local status change event StatusChangeEvent [timestamp=1596298671822, current=DOWN, previous=UP]
2020-08-02 00:17:55.840 WARN  --- [DiscoveryClient-InstanceInfoReplicator-0] com.netflix.discovery.shared.transport.decorator.RetryableEurekaHttpClient Line:130 - Request execution failed with message: java.net.ConnectException: Connection refused: connect
2020-08-02 00:17:58.970 WARN  --- [Thread-25] com.netflix.discovery.shared.transport.decorator.RetryableEurekaHttpClient Line:130 - Request execution failed with message: java.net.ConnectException: Connection refused: connect
2020-08-02 00:17:59.980 WARN  --- [DiscoveryClient-InstanceInfoReplicator-0] com.netflix.discovery.shared.transport.decorator.RetryableEurekaHttpClient Line:130 - Request execution failed with message: java.net.ConnectException: Connection refused: connect
2020-08-02 00:17:59.982 WARN  --- [DiscoveryClient-InstanceInfoReplicator-0] com.netflix.discovery.DiscoveryClient Line:849 - DiscoveryClient_WEB/DESKTOP-CTAQJKR.bbrouter:web:8765 - registration failed Cannot execute request on any known server
com.netflix.discovery.shared.transport.TransportException: Cannot execute request on any known server
	at com.netflix.discovery.shared.transport.decorator.RetryableEurekaHttpClient.execute(RetryableEurekaHttpClient.java:112)
	at com.netflix.discovery.shared.transport.decorator.EurekaHttpClientDecorator.register(EurekaHttpClientDecorator.java:56)
	at com.netflix.discovery.shared.transport.decorator.EurekaHttpClientDecorator$1.execute(EurekaHttpClientDecorator.java:59)
	at com.netflix.discovery.shared.transport.decorator.SessionedEurekaHttpClient.execute(SessionedEurekaHttpClient.java:77)
	at com.netflix.discovery.shared.transport.decorator.EurekaHttpClientDecorator.register(EurekaHttpClientDecorator.java:56)
	at com.netflix.discovery.DiscoveryClient.register(DiscoveryClient.java:847)
	at com.netflix.discovery.InstanceInfoReplicator.run(InstanceInfoReplicator.java:121)
	at com.netflix.discovery.InstanceInfoReplicator$1.run(InstanceInfoReplicator.java:101)
	at java.util.concurrent.Executors$RunnableAdapter.call(Executors.java:511)
	at java.util.concurrent.FutureTask.run$$$capture(FutureTask.java:266)
	at java.util.concurrent.FutureTask.run(FutureTask.java)
	at java.util.concurrent.ScheduledThreadPoolExecutor$ScheduledFutureTask.access$201(ScheduledThreadPoolExecutor.java:180)
	at java.util.concurrent.ScheduledThreadPoolExecutor$ScheduledFutureTask.run(ScheduledThreadPoolExecutor.java:293)
	at java.util.concurrent.ThreadPoolExecutor.runWorker(ThreadPoolExecutor.java:1149)
	at java.util.concurrent.ThreadPoolExecutor$Worker.run(ThreadPoolExecutor.java:624)
	at java.lang.Thread.run(Thread.java:748)
2020-08-02 00:17:59.983 WARN  --- [DiscoveryClient-InstanceInfoReplicator-0] com.netflix.discovery.InstanceInfoReplicator Line:125 - There was a problem with the instance info replicator
com.netflix.discovery.shared.transport.TransportException: Cannot execute request on any known server
	at com.netflix.discovery.shared.transport.decorator.RetryableEurekaHttpClient.execute(RetryableEurekaHttpClient.java:112)
	at com.netflix.discovery.shared.transport.decorator.EurekaHttpClientDecorator.register(EurekaHttpClientDecorator.java:56)
	at com.netflix.discovery.shared.transport.decorator.EurekaHttpClientDecorator$1.execute(EurekaHttpClientDecorator.java:59)
	at com.netflix.discovery.shared.transport.decorator.SessionedEurekaHttpClient.execute(SessionedEurekaHttpClient.java:77)
	at com.netflix.discovery.shared.transport.decorator.EurekaHttpClientDecorator.register(EurekaHttpClientDecorator.java:56)
	at com.netflix.discovery.DiscoveryClient.register(DiscoveryClient.java:847)
	at com.netflix.discovery.InstanceInfoReplicator.run(InstanceInfoReplicator.java:121)
	at com.netflix.discovery.InstanceInfoReplicator$1.run(InstanceInfoReplicator.java:101)
	at java.util.concurrent.Executors$RunnableAdapter.call(Executors.java:511)
	at java.util.concurrent.FutureTask.run$$$capture(FutureTask.java:266)
	at java.util.concurrent.FutureTask.run(FutureTask.java)
	at java.util.concurrent.ScheduledThreadPoolExecutor$ScheduledFutureTask.access$201(ScheduledThreadPoolExecutor.java:180)
	at java.util.concurrent.ScheduledThreadPoolExecutor$ScheduledFutureTask.run(ScheduledThreadPoolExecutor.java:293)
	at java.util.concurrent.ThreadPoolExecutor.runWorker(ThreadPoolExecutor.java:1149)
	at java.util.concurrent.ThreadPoolExecutor$Worker.run(ThreadPoolExecutor.java:624)
	at java.lang.Thread.run(Thread.java:748)
