2020-03-14 01:56:56.564 WARN  --- [Thread-10] com.netflix.discovery.DiscoveryClient Line:1321 - Saw local status change event StatusChangeEvent [timestamp=1584122216564, current=DOWN, previous=UP]
2020-03-14 01:57:12.070 WARN  --- [restartedMain] org.springframework.boot.devtools.autoconfigure.OptionalLiveReloadServer Line:60  - Unable to start LiveReload server
2020-03-14 01:57:12.342 WARN  --- [restartedMain] com.netflix.config.sources.URLConfigurationSource Line:121 - No URLs will be polled as dynamic configuration sources.
2020-03-14 01:57:12.348 WARN  --- [restartedMain] com.netflix.config.sources.URLConfigurationSource Line:121 - No URLs will be polled as dynamic configuration sources.
2020-03-14 02:03:42.546 WARN  --- [Thread-10] com.netflix.discovery.DiscoveryClient Line:1321 - Saw local status change event StatusChangeEvent [timestamp=1584122622546, current=DOWN, previous=UP]
2020-03-14 02:03:58.054 WARN  --- [restartedMain] org.springframework.boot.devtools.autoconfigure.OptionalLiveReloadServer Line:60  - Unable to start LiveReload server
2020-03-14 02:03:58.327 WARN  --- [restartedMain] com.netflix.config.sources.URLConfigurationSource Line:121 - No URLs will be polled as dynamic configuration sources.
2020-03-14 02:03:58.332 WARN  --- [restartedMain] com.netflix.config.sources.URLConfigurationSource Line:121 - No URLs will be polled as dynamic configuration sources.
2020-03-14 02:23:14.005 WARN  --- [Thread-10] com.netflix.discovery.DiscoveryClient Line:1321 - Saw local status change event StatusChangeEvent [timestamp=1584123794005, current=DOWN, previous=UP]
2020-03-14 02:23:28.705 WARN  --- [restartedMain] org.springframework.boot.devtools.autoconfigure.OptionalLiveReloadServer Line:60  - Unable to start LiveReload server
2020-03-14 02:23:29.031 WARN  --- [restartedMain] com.netflix.config.sources.URLConfigurationSource Line:121 - No URLs will be polled as dynamic configuration sources.
2020-03-14 02:23:29.039 WARN  --- [restartedMain] com.netflix.config.sources.URLConfigurationSource Line:121 - No URLs will be polled as dynamic configuration sources.
2020-03-14 02:33:52.058 WARN  --- [Thread-10] com.netflix.discovery.DiscoveryClient Line:1321 - Saw local status change event StatusChangeEvent [timestamp=1584124432058, current=DOWN, previous=UP]
2020-03-14 02:33:56.073 WARN  --- [DiscoveryClient-InstanceInfoReplicator-0] com.netflix.discovery.shared.transport.decorator.RetryableEurekaHttpClient Line:130 - Request execution failed with message: java.net.ConnectException: Connection refused: connect
2020-03-14 02:33:59.135 WARN  --- [Thread-10] com.netflix.discovery.shared.transport.decorator.RetryableEurekaHttpClient Line:130 - Request execution failed with message: java.net.ConnectException: Connection refused: connect
2020-03-14 22:17:52.085 WARN  --- [restartedMain] org.springframework.boot.devtools.autoconfigure.OptionalLiveReloadServer Line:60  - Unable to start LiveReload server
2020-03-14 22:17:52.393 WARN  --- [restartedMain] com.netflix.config.sources.URLConfigurationSource Line:121 - No URLs will be polled as dynamic configuration sources.
2020-03-14 22:17:52.398 WARN  --- [restartedMain] com.netflix.config.sources.URLConfigurationSource Line:121 - No URLs will be polled as dynamic configuration sources.
2020-03-14 22:44:14.940 WARN  --- [Thread-10] com.netflix.discovery.DiscoveryClient Line:1321 - Saw local status change event StatusChangeEvent [timestamp=1584197054940, current=DOWN, previous=UP]
2020-03-14 22:44:31.570 WARN  --- [restartedMain] org.springframework.boot.devtools.autoconfigure.OptionalLiveReloadServer Line:60  - Unable to start LiveReload server
2020-03-14 22:44:31.857 WARN  --- [restartedMain] com.netflix.config.sources.URLConfigurationSource Line:121 - No URLs will be polled as dynamic configuration sources.
2020-03-14 22:44:31.862 WARN  --- [restartedMain] com.netflix.config.sources.URLConfigurationSource Line:121 - No URLs will be polled as dynamic configuration sources.
